 # Optical depth (Siebenmorgen 2023, A&A 670A,115; SC 2023 doi: 10.48550/arXiv.2311.03310)
 # wel(cm) sa_aC    ss_aC    sa_Si    ss_Si    sa_vgr   ss_vgr   sa_vsi   ss_vsi   s_pahS+B sa_Dark  ss_Dark sigt 
 # ------------------------------------------------------------------------------------------------------------- 
1.000E+00 2.67E-03 2.11E-12 3.59E-03 5.96E-13 1.01E-04 8.98E-19 7.68E-04 1.22E-18 3.37E-08 4.66E-02 1.07E-08 5.370E-02
9.000E-01 3.13E-03 3.22E-12 4.23E-03 9.09E-13 1.28E-04 1.37E-18 9.13E-04 1.86E-18 4.16E-08 5.42E-02 1.63E-08 6.265E-02
8.000E-01 3.74E-03 5.15E-12 5.10E-03 1.46E-12 1.68E-04 2.19E-18 1.11E-03 2.98E-18 5.27E-08 6.44E-02 2.62E-08 7.450E-02
7.000E-01 4.58E-03 8.79E-12 6.30E-03 2.48E-12 2.25E-04 3.74E-18 1.37E-03 5.09E-18 6.88E-08 7.82E-02 4.46E-08 9.064E-02
6.000E-01 5.80E-03 1.63E-11 8.05E-03 4.60E-12 3.12E-04 6.93E-18 1.76E-03 9.42E-18 9.37E-08 9.80E-02 8.24E-08 1.139E-01
5.500E-01 6.63E-03 2.30E-11 9.25E-03 6.52E-12 3.73E-04 9.81E-18 2.03E-03 1.33E-17 1.11E-07 1.11E-01 1.17E-07 1.296E-01
5.000E-01 7.68E-03 3.37E-11 1.08E-02 9.54E-12 4.53E-04 1.44E-17 2.35E-03 1.95E-17 1.35E-07 1.28E-01 1.71E-07 1.494E-01
4.500E-01 9.05E-03 5.14E-11 1.28E-02 1.45E-11 5.57E-04 2.19E-17 2.80E-03 2.98E-17 1.66E-07 1.50E-01 2.60E-07 1.750E-01
4.000E-01 1.09E-02 8.23E-11 1.54E-02 2.33E-11 6.98E-04 3.51E-17 3.37E-03 4.77E-17 2.11E-07 1.78E-01 4.16E-07 2.088E-01
3.500E-01 1.34E-02 1.40E-10 1.91E-02 3.97E-11 8.95E-04 5.98E-17 4.21E-03 8.13E-17 2.75E-07 2.18E-01 7.08E-07 2.557E-01
3.000E-01 1.71E-02 2.60E-10 2.45E-02 7.36E-11 1.18E-03 1.11E-16 5.35E-03 1.51E-16 3.75E-07 2.75E-01 1.31E-06 3.230E-01
2.500E-01 2.30E-02 5.38E-10 3.29E-02 1.53E-10 1.61E-03 2.30E-16 7.18E-03 3.12E-16 5.39E-07 3.63E-01 2.71E-06 4.273E-01
2.098E-01 3.05E-02 1.08E-09 4.38E-02 3.08E-10 2.14E-03 4.63E-16 9.55E-03 6.29E-16 7.66E-07 4.74E-01 5.45E-06 5.603E-01
1.500E-01 5.31E-02 4.15E-09 7.58E-02 1.18E-09 4.08E-03 1.77E-15 1.64E-02 2.40E-15 1.50E-06 7.98E-01 2.08E-05 9.478E-01
1.382E-01 6.09E-02 5.75E-09 8.66E-02 1.63E-09 4.81E-03 2.46E-15 1.88E-02 3.33E-15 1.77E-06 9.09E-01 2.88E-05 1.080E+00
1.320E-01 6.58E-02 6.91E-09 9.34E-02 1.96E-09 5.26E-03 2.96E-15 2.02E-02 4.00E-15 1.94E-06 9.77E-01 3.46E-05 1.162E+00
1.150E-01 8.31E-02 1.20E-08 1.17E-01 3.41E-09 6.90E-03 5.13E-15 2.52E-02 6.95E-15 2.55E-06 1.22E+00 5.99E-05 1.449E+00
1.000E-01 1.06E-01 2.10E-08 1.47E-01 5.96E-09 9.06E-03 8.97E-15 3.15E-02 1.21E-14 3.37E-06 1.52E+00 1.05E-04 1.817E+00
9.970E-02 1.06E-01 2.12E-08 1.48E-01 6.04E-09 9.12E-03 9.08E-15 3.16E-02 1.23E-14 3.39E-06 1.53E+00 1.06E-04 1.826E+00
8.670E-02 1.34E-01 3.71E-08 1.87E-01 1.06E-08 1.21E-02 1.59E-14 3.97E-02 2.15E-14 4.49E-06 1.90E+00 1.85E-04 2.278E+00
8.500E-02 1.39E-01 4.02E-08 1.93E-01 1.14E-08 1.25E-02 1.72E-14 4.10E-02 2.33E-14 4.67E-06 1.97E+00 2.00E-04 2.356E+00
7.500E-02 1.76E-01 6.63E-08 2.38E-01 1.89E-08 1.59E-02 2.84E-14 5.00E-02 3.84E-14 6.00E-06 2.46E+00 3.29E-04 2.942E+00
6.000E-02 2.59E-01 1.62E-07 3.43E-01 4.63E-08 2.45E-02 6.92E-14 7.26E-02 9.37E-14 9.37E-06 3.50E+00 8.00E-04 4.204E+00
5.500E-02 3.00E-01 2.29E-07 3.84E-01 6.59E-08 2.89E-02 9.80E-14 8.47E-02 1.33E-13 1.12E-05 4.05E+00 1.13E-03 4.846E+00
5.000E-02 3.57E-01 3.36E-07 4.76E-01 9.72E-08 3.44E-02 1.43E-13 1.01E-01 1.94E-13 1.35E-05 4.80E+00 1.66E-03 5.769E+00
4.500E-02 4.40E-01 5.12E-07 6.30E-01 1.49E-07 4.20E-02 2.19E-13 1.23E-01 2.96E-13 1.67E-05 5.86E+00 2.52E-03 7.101E+00
4.000E-02 5.65E-01 8.22E-07 8.41E-01 2.41E-07 5.23E-02 3.50E-13 1.56E-01 4.75E-13 2.11E-05 7.38E+00 4.03E-03 8.995E+00
3.500E-02 7.08E-01 1.40E-06 1.28E+00 4.15E-07 6.71E-02 5.98E-13 2.06E-01 8.12E-13 2.76E-05 9.11E+00 6.87E-03 1.137E+01
3.000E-02 1.00E+00 2.61E-06 2.00E+00 7.72E-07 8.94E-02 1.11E-12 2.89E-01 1.51E-12 3.75E-05 1.25E+01 1.27E-02 1.589E+01
2.750E-02 1.19E+00 3.70E-06 2.51E+00 1.09E-06 1.05E-01 1.57E-12 3.53E-01 2.14E-12 4.47E-05 1.46E+01 1.79E-02 1.881E+01
2.500E-02 1.44E+00 5.43E-06 3.20E+00 1.60E-06 1.26E-01 2.30E-12 4.43E-01 3.13E-12 5.41E-05 1.75E+01 2.62E-02 2.274E+01
2.400E-02 1.58E+00 6.39E-06 3.54E+00 1.88E-06 1.36E-01 2.70E-12 4.83E-01 3.68E-12 5.87E-05 1.88E+01 3.08E-02 2.461E+01
2.000E-02 2.31E+00 1.34E-05 5.51E+00 3.84E-06 1.93E-01 5.62E-12 7.00E-01 7.64E-12 8.47E-05 2.66E+01 6.36E-02 3.534E+01
1.800E-02 2.87E+00 2.05E-05 6.84E+00 5.76E-06 2.37E-01 8.57E-12 8.70E-01 1.16E-11 1.05E-04 3.27E+01 9.69E-02 4.357E+01
1.600E-02 3.82E+00 3.31E-05 8.51E+00 9.05E-06 3.00E-01 1.38E-11 1.11E+00 1.87E-11 1.33E-04 4.12E+01 1.54E-01 5.511E+01
1.500E-02 4.55E+00 4.30E-05 9.54E+00 1.16E-05 3.42E-01 1.78E-11 1.26E+00 2.42E-11 1.51E-04 4.68E+01 1.99E-01 6.274E+01
1.400E-02 5.17E+00 5.68E-05 1.07E+01 1.50E-05 3.95E-01 2.35E-11 1.45E+00 3.19E-11 1.74E-04 5.23E+01 2.61E-01 7.026E+01
1.200E-02 7.90E+00 1.06E-04 1.36E+01 2.69E-05 5.49E-01 4.38E-11 1.99E+00 5.91E-11 2.37E-04 7.07E+01 4.77E-01 9.531E+01
1.000E-02 1.20E+01 2.23E-04 1.80E+01 5.34E-05 8.30E-01 9.14E-11 2.91E+00 1.23E-10 3.44E-04 9.76E+01 9.80E-01 1.323E+02
9.000E-03 1.59E+01 3.44E-04 2.05E+01 7.92E-05 1.07E+00 1.40E-10 3.63E+00 1.87E-10 4.26E-04 1.20E+02 1.48E+00 1.622E+02
8.000E-03 2.12E+01 5.43E-04 2.38E+01 1.25E-04 1.43E+00 2.26E-10 4.66E+00 3.00E-10 5.43E-04 1.43E+02 2.33E+00 1.966E+02
7.500E-03 2.48E+01 7.11E-04 2.64E+01 1.61E-04 1.68E+00 2.94E-10 5.34E+00 3.89E-10 6.20E-04 1.63E+02 3.01E+00 2.239E+02
7.000E-03 2.99E+01 9.31E-04 2.96E+01 2.11E-04 2.02E+00 3.90E-10 6.19E+00 5.12E-10 7.16E-04 1.84E+02 3.92E+00 2.556E+02
6.000E-03 4.29E+01 1.69E-03 3.80E+01 3.85E-04 3.11E+00 7.35E-10 8.61E+00 9.48E-10 9.89E-04 2.41E+02 7.12E+00 3.407E+02
5.000E-03 6.12E+01 3.31E-03 5.39E+01 7.85E-04 5.45E+00 1.56E-09 1.27E+01 1.96E-09 1.46E-03 3.28E+02 1.44E+01 4.753E+02
4.500E-03 7.54E+01 4.80E-03 6.59E+01 1.17E-03 7.72E+00 2.41E-09 1.59E+01 2.97E-09 1.85E-03 3.94E+02 2.15E+01 5.806E+02
4.000E-03 8.97E+01 7.13E-03 8.23E+01 1.75E-03 1.13E+01 3.83E-09 2.03E+01 4.70E-09 2.42E-03 4.79E+02 3.36E+01 7.157E+02
3.500E-03 1.08E+02 1.13E-02 1.01E+02 2.77E-03 1.57E+01 6.13E-09 2.64E+01 7.92E-09 3.36E-03 6.00E+02 5.54E+01 9.074E+02
3.000E-03 1.34E+02 1.87E-02 1.25E+02 4.45E-03 1.66E+01 9.59E-09 3.61E+01 1.45E-08 5.18E-03 7.78E+02 9.61E+01 1.185E+03
2.750E-03 1.47E+02 2.45E-02 1.37E+02 5.74E-03 1.43E+01 1.24E-08 4.34E+01 2.02E-08 7.09E-03 8.91E+02 1.28E+02 1.360E+03
2.500E-03 1.58E+02 3.26E-02 1.50E+02 7.51E-03 1.12E+01 1.70E-08 5.33E+01 2.90E-08 1.21E-02 1.02E+03 1.71E+02 1.565E+03
2.400E-03 1.64E+02 3.72E-02 1.55E+02 8.43E-03 1.01E+01 1.97E-08 5.80E+01 3.37E-08 1.72E-02 1.08E+03 1.92E+02 1.659E+03
2.350E-03 1.68E+02 3.98E-02 1.58E+02 8.94E-03 9.54E+00 2.14E-08 6.07E+01 3.64E-08 2.04E-02 1.11E+03 2.03E+02 1.710E+03
2.320E-03 1.70E+02 4.14E-02 1.60E+02 9.28E-03 9.22E+00 2.24E-08 6.24E+01 3.81E-08 2.20E-02 1.13E+03 2.10E+02 1.740E+03
2.310E-03 1.70E+02 4.20E-02 1.60E+02 9.39E-03 9.12E+00 2.28E-08 6.29E+01 3.87E-08 2.24E-02 1.13E+03 2.12E+02 1.750E+03
2.300E-03 1.71E+02 4.25E-02 1.61E+02 9.50E-03 9.02E+00 2.32E-08 6.35E+01 3.93E-08 2.28E-02 1.14E+03 2.14E+02 1.760E+03
2.250E-03 1.74E+02 4.54E-02 1.65E+02 1.01E-02 8.53E+00 2.52E-08 6.67E+01 4.28E-08 2.37E-02 1.17E+03 2.26E+02 1.813E+03
2.200E-03 1.77E+02 4.87E-02 1.69E+02 1.08E-02 8.07E+00 2.76E-08 7.04E+01 4.62E-08 2.49E-02 1.20E+03 2.38E+02 1.866E+03
2.150E-03 1.80E+02 5.23E-02 1.73E+02 1.15E-02 7.65E+00 3.02E-08 7.39E+01 5.00E-08 2.73E-02 1.24E+03 2.49E+02 1.920E+03
2.120E-03 1.83E+02 5.46E-02 1.76E+02 1.19E-02 7.42E+00 3.20E-08 7.63E+01 5.24E-08 2.84E-02 1.25E+03 2.56E+02 1.953E+03
2.110E-03 1.83E+02 5.54E-02 1.76E+02 1.20E-02 7.34E+00 3.26E-08 7.71E+01 5.33E-08 2.86E-02 1.26E+03 2.59E+02 1.963E+03
2.100E-03 1.84E+02 5.61E-02 1.77E+02 1.21E-02 7.27E+00 3.32E-08 7.79E+01 5.42E-08 2.86E-02 1.27E+03 2.61E+02 1.974E+03
2.080E-03 1.85E+02 5.75E-02 1.79E+02 1.24E-02 7.12E+00 3.45E-08 7.96E+01 5.59E-08 2.84E-02 1.28E+03 2.65E+02 1.992E+03
2.000E-03 1.87E+02 6.50E-02 1.84E+02 1.34E-02 6.60E+00 4.04E-08 8.73E+01 6.34E-08 2.69E-02 1.32E+03 2.83E+02 2.072E+03
1.950E-03 1.90E+02 7.05E-02 1.87E+02 1.38E-02 6.32E+00 4.48E-08 9.24E+01 6.72E-08 2.90E-02 1.34E+03 2.90E+02 2.111E+03
1.900E-03 1.94E+02 7.69E-02 1.88E+02 1.42E-02 6.07E+00 4.98E-08 9.63E+01 7.03E-08 3.52E-02 1.36E+03 2.96E+02 2.139E+03
1.850E-03 1.98E+02 8.41E-02 1.87E+02 1.44E-02 5.84E+00 5.55E-08 9.84E+01 7.22E-08 4.57E-02 1.36E+03 2.99E+02 2.150E+03
1.830E-03 2.00E+02 8.71E-02 1.86E+02 1.44E-02 5.76E+00 5.80E-08 9.87E+01 7.26E-08 4.94E-02 1.36E+03 3.00E+02 2.149E+03
1.820E-03 2.01E+02 8.85E-02 1.85E+02 1.44E-02 5.72E+00 5.93E-08 9.87E+01 7.27E-08 5.06E-02 1.36E+03 3.00E+02 2.147E+03
1.810E-03 2.02E+02 9.01E-02 1.84E+02 1.43E-02 5.68E+00 6.07E-08 9.85E+01 7.29E-08 5.14E-02 1.35E+03 3.01E+02 2.144E+03
1.800E-03 2.03E+02 9.18E-02 1.83E+02 1.43E-02 5.65E+00 6.20E-08 9.83E+01 7.30E-08 5.18E-02 1.35E+03 3.02E+02 2.142E+03
1.750E-03 2.07E+02 1.00E-01 1.75E+02 1.40E-02 5.48E+00 6.96E-08 9.57E+01 7.34E-08 5.29E-02 1.33E+03 3.06E+02 2.121E+03
1.700E-03 2.10E+02 1.10E-01 1.62E+02 1.34E-02 5.35E+00 7.84E-08 9.11E+01 7.39E-08 6.50E-02 1.30E+03 3.13E+02 2.085E+03
1.670E-03 2.13E+02 1.17E-01 1.52E+02 1.30E-02 5.29E+00 8.43E-08 8.77E+01 7.48E-08 7.68E-02 1.29E+03 3.20E+02 2.067E+03
1.650E-03 2.16E+02 1.22E-01 1.44E+02 1.28E-02 5.25E+00 8.85E-08 8.50E+01 7.57E-08 8.10E-02 1.28E+03 3.26E+02 2.055E+03
1.640E-03 2.17E+02 1.25E-01 1.40E+02 1.27E-02 5.24E+00 9.07E-08 8.36E+01 7.61E-08 8.08E-02 1.27E+03 3.28E+02 2.048E+03
1.630E-03 2.18E+02 1.27E-01 1.35E+02 1.26E-02 5.22E+00 9.30E-08 8.23E+01 7.67E-08 7.92E-02 1.27E+03 3.31E+02 2.041E+03
1.610E-03 2.20E+02 1.32E-01 1.26E+02 1.26E-02 5.20E+00 9.78E-08 7.94E+01 7.87E-08 7.39E-02 1.26E+03 3.39E+02 2.029E+03
1.600E-03 2.21E+02 1.35E-01 1.21E+02 1.26E-02 5.18E+00 1.00E-07 7.80E+01 7.97E-08 7.14E-02 1.25E+03 3.43E+02 2.024E+03
1.590E-03 2.23E+02 1.38E-01 1.16E+02 1.27E-02 5.17E+00 1.03E-07 7.66E+01 8.09E-08 6.95E-02 1.25E+03 3.48E+02 2.019E+03
1.580E-03 2.24E+02 1.40E-01 1.11E+02 1.29E-02 5.16E+00 1.06E-07 7.52E+01 8.23E-08 6.83E-02 1.25E+03 3.53E+02 2.015E+03
1.570E-03 2.24E+02 1.43E-01 1.06E+02 1.32E-02 5.16E+00 1.08E-07 7.39E+01 8.39E-08 6.72E-02 1.24E+03 3.58E+02 2.010E+03
1.560E-03 2.26E+02 1.46E-01 1.01E+02 1.35E-02 5.15E+00 1.11E-07 7.25E+01 8.55E-08 6.57E-02 1.24E+03 3.64E+02 2.008E+03
1.540E-03 2.29E+02 1.53E-01 9.31E+01 1.45E-02 5.14E+00 1.17E-07 6.98E+01 8.96E-08 6.41E-02 1.23E+03 3.77E+02 2.008E+03
1.520E-03 2.31E+02 1.58E-01 8.65E+01 1.59E-02 5.14E+00 1.24E-07 6.72E+01 9.45E-08 6.76E-02 1.23E+03 3.91E+02 2.009E+03
1.510E-03 2.32E+02 1.61E-01 8.41E+01 1.67E-02 5.13E+00 1.27E-07 6.60E+01 9.73E-08 6.99E-02 1.23E+03 3.98E+02 2.011E+03
1.500E-03 2.32E+02 1.64E-01 8.21E+01 1.76E-02 5.14E+00 1.31E-07 6.49E+01 1.00E-07 7.03E-02 1.22E+03 4.06E+02 2.015E+03
1.450E-03 2.36E+02 1.84E-01 7.83E+01 2.29E-02 5.17E+00 1.50E-07 5.97E+01 1.21E-07 8.98E-02 1.23E+03 4.62E+02 2.072E+03
1.440E-03 2.37E+02 1.88E-01 7.83E+01 2.40E-02 5.18E+00 1.54E-07 5.89E+01 1.27E-07 9.96E-02 1.23E+03 4.75E+02 2.089E+03
1.430E-03 2.38E+02 1.92E-01 7.82E+01 2.52E-02 5.19E+00 1.59E-07 5.86E+01 1.33E-07 1.08E-01 1.24E+03 4.90E+02 2.113E+03
1.420E-03 2.40E+02 1.97E-01 7.81E+01 2.64E-02 5.20E+00 1.63E-07 5.84E+01 1.40E-07 1.12E-01 1.25E+03 5.05E+02 2.138E+03
1.400E-03 2.42E+02 2.06E-01 7.82E+01 2.89E-02 5.23E+00 1.73E-07 5.89E+01 1.56E-07 1.23E-01 1.28E+03 5.37E+02 2.198E+03
1.380E-03 2.45E+02 2.16E-01 7.83E+01 3.17E-02 5.27E+00 1.83E-07 6.05E+01 1.75E-07 1.56E-01 1.31E+03 5.70E+02 2.267E+03
1.370E-03 2.46E+02 2.21E-01 7.84E+01 3.32E-02 5.29E+00 1.89E-07 6.22E+01 1.84E-07 1.86E-01 1.33E+03 5.85E+02 2.305E+03
1.360E-03 2.47E+02 2.27E-01 7.85E+01 3.47E-02 5.31E+00 1.94E-07 6.40E+01 1.95E-07 2.16E-01 1.35E+03 6.00E+02 2.345E+03
1.350E-03 2.49E+02 2.33E-01 7.88E+01 3.64E-02 5.33E+00 2.00E-07 6.59E+01 2.06E-07 2.32E-01 1.37E+03 6.15E+02 2.385E+03
1.340E-03 2.51E+02 2.38E-01 7.90E+01 3.82E-02 5.36E+00 2.06E-07 6.81E+01 2.16E-07 2.51E-01 1.39E+03 6.28E+02 2.423E+03
1.330E-03 2.52E+02 2.44E-01 7.95E+01 4.01E-02 5.38E+00 2.13E-07 7.05E+01 2.27E-07 2.92E-01 1.41E+03 6.40E+02 2.460E+03
1.320E-03 2.54E+02 2.50E-01 8.01E+01 4.20E-02 5.41E+00 2.19E-07 7.29E+01 2.39E-07 3.61E-01 1.43E+03 6.51E+02 2.498E+03
1.310E-03 2.55E+02 2.55E-01 8.08E+01 4.42E-02 5.44E+00 2.26E-07 7.56E+01 2.51E-07 4.74E-01 1.45E+03 6.62E+02 2.533E+03
1.290E-03 2.56E+02 2.67E-01 8.26E+01 4.89E-02 5.51E+00 2.41E-07 8.11E+01 2.77E-07 9.82E-01 1.49E+03 6.83E+02 2.603E+03
1.280E-03 2.57E+02 2.73E-01 8.37E+01 5.13E-02 5.54E+00 2.49E-07 8.45E+01 2.90E-07 1.44E+00 1.51E+03 6.93E+02 2.640E+03
1.270E-03 2.58E+02 2.81E-01 8.43E+01 5.41E-02 5.58E+00 2.57E-07 8.80E+01 3.05E-07 1.75E+00 1.54E+03 7.02E+02 2.677E+03
1.260E-03 2.59E+02 2.88E-01 8.55E+01 5.73E-02 5.62E+00 2.65E-07 9.15E+01 3.19E-07 1.51E+00 1.56E+03 7.10E+02 2.711E+03
1.250E-03 2.60E+02 2.95E-01 8.72E+01 6.08E-02 5.66E+00 2.74E-07 9.53E+01 3.34E-07 1.11E+00 1.58E+03 7.17E+02 2.744E+03
1.220E-03 2.65E+02 3.22E-01 9.91E+01 7.52E-02 5.78E+00 3.02E-07 1.07E+02 3.83E-07 8.65E-01 1.64E+03 7.37E+02 2.854E+03
1.210E-03 2.67E+02 3.30E-01 1.08E+02 8.09E-02 5.82E+00 3.12E-07 1.11E+02 4.01E-07 9.96E-01 1.66E+03 7.42E+02 2.893E+03
1.200E-03 2.67E+02 3.39E-01 1.19E+02 8.65E-02 5.86E+00 3.23E-07 1.16E+02 4.19E-07 1.10E+00 1.68E+03 7.46E+02 2.934E+03
1.190E-03 2.70E+02 3.49E-01 1.32E+02 9.15E-02 5.91E+00 3.34E-07 1.21E+02 4.39E-07 1.10E+00 1.70E+03 7.50E+02 2.979E+03
1.180E-03 2.72E+02 3.59E-01 1.44E+02 9.57E-02 5.95E+00 3.46E-07 1.26E+02 4.57E-07 1.09E+00 1.72E+03 7.51E+02 3.017E+03
1.170E-03 2.73E+02 3.68E-01 1.56E+02 9.93E-02 6.00E+00 3.59E-07 1.32E+02 4.77E-07 1.22E+00 1.73E+03 7.52E+02 3.054E+03
1.160E-03 2.75E+02 3.78E-01 1.66E+02 1.02E-01 6.08E+00 3.74E-07 1.37E+02 4.96E-07 1.57E+00 1.75E+03 7.53E+02 3.088E+03
1.150E-03 2.77E+02 3.88E-01 1.75E+02 1.05E-01 8.54E+00 3.69E-07 1.42E+02 5.17E-07 2.29E+00 1.76E+03 7.54E+02 3.121E+03
1.140E-03 2.77E+02 3.98E-01 1.83E+02 1.07E-01 6.34E+00 3.93E-07 1.48E+02 5.39E-07 3.45E+00 1.78E+03 7.55E+02 3.151E+03
1.130E-03 2.78E+02 4.08E-01 1.90E+02 1.10E-01 6.33E+00 4.09E-07 1.54E+02 5.64E-07 4.21E+00 1.79E+03 7.57E+02 3.182E+03
1.120E-03 2.79E+02 4.20E-01 1.96E+02 1.12E-01 6.37E+00 4.24E-07 1.60E+02 5.88E-07 3.39E+00 1.81E+03 7.57E+02 3.210E+03
1.110E-03 2.80E+02 4.32E-01 2.03E+02 1.15E-01 6.42E+00 4.40E-07 1.67E+02 6.14E-07 2.15E+00 1.82E+03 7.56E+02 3.236E+03
1.090E-03 2.82E+02 4.58E-01 2.15E+02 1.20E-01 6.55E+00 4.74E-07 1.81E+02 6.68E-07 8.91E-01 1.85E+03 7.54E+02 3.288E+03
1.050E-03 2.88E+02 5.22E-01 2.37E+02 1.29E-01 6.86E+00 5.51E-07 2.19E+02 7.93E-07 2.91E-01 1.90E+03 7.36E+02 3.387E+03
1.000E-03 2.99E+02 6.16E-01 2.59E+02 1.37E-01 7.31E+00 6.71E-07 2.53E+02 8.49E-07 1.43E-01 1.89E+03 6.80E+02 3.387E+03
9.800E-04 3.04E+02 6.60E-01 2.64E+02 1.36E-01 7.52E+00 7.27E-07 2.66E+02 8.73E-07 1.23E-01 1.88E+03 6.60E+02 3.382E+03
9.600E-04 3.08E+02 7.09E-01 2.63E+02 1.33E-01 7.74E+00 7.90E-07 2.78E+02 8.80E-07 1.13E-01 1.86E+03 6.30E+02 3.350E+03
9.500E-04 3.12E+02 7.33E-01 2.60E+02 1.31E-01 7.86E+00 8.24E-07 2.81E+02 8.61E-07 1.12E-01 1.84E+03 6.09E+02 3.315E+03
9.400E-04 3.14E+02 7.57E-01 2.55E+02 1.28E-01 7.98E+00 8.60E-07 2.80E+02 8.25E-07 1.12E-01 1.82E+03 5.84E+02 3.259E+03
9.200E-04 3.19E+02 8.08E-01 2.43E+02 1.23E-01 8.24E+00 9.37E-07 2.61E+02 6.86E-07 1.19E-01 1.74E+03 5.30E+02 3.096E+03
8.900E-04 3.27E+02 9.03E-01 2.15E+02 1.15E-01 8.66E+00 1.07E-06 2.06E+02 4.40E-07 1.77E-01 1.58E+03 4.65E+02 2.805E+03
8.700E-04 3.29E+02 9.65E-01 1.94E+02 1.13E-01 8.97E+00 1.17E-06 1.72E+02 3.26E-07 4.05E-01 1.49E+03 4.46E+02 2.640E+03
8.600E-04 3.32E+02 1.00E+00 1.85E+02 1.13E-01 9.14E+00 1.23E-06 1.58E+02 2.88E-07 6.15E-01 1.45E+03 4.44E+02 2.582E+03
8.500E-04 3.34E+02 1.04E+00 1.74E+02 1.12E-01 9.31E+00 1.29E-06 1.45E+02 2.57E-07 4.37E-01 1.42E+03 4.42E+02 2.524E+03
8.400E-04 3.37E+02 1.09E+00 1.62E+02 1.12E-01 9.48E+00 1.35E-06 1.33E+02 2.25E-07 3.11E-01 1.38E+03 4.40E+02 2.465E+03
8.200E-04 3.41E+02 1.16E+00 1.35E+02 1.15E-01 9.85E+00 1.48E-06 1.02E+02 1.61E-07 3.16E-01 1.29E+03 4.40E+02 2.316E+03
8.000E-04 3.45E+02 1.26E+00 1.09E+02 1.27E-01 1.02E+01 1.64E-06 6.99E+01 1.24E-07 4.66E-01 1.19E+03 4.70E+02 2.193E+03
7.900E-04 3.49E+02 1.31E+00 9.92E+01 1.37E-01 1.04E+01 1.72E-06 5.88E+01 1.34E-07 5.83E-01 1.16E+03 5.04E+02 2.183E+03
7.800E-04 3.51E+02 1.36E+00 9.10E+01 1.48E-01 1.07E+01 1.81E-06 4.78E+01 1.52E-07 6.99E-01 1.13E+03 5.42E+02 2.172E+03
7.700E-04 3.51E+02 1.41E+00 8.39E+01 1.61E-01 1.09E+01 1.91E-06 3.93E+01 1.81E-07 7.51E-01 1.11E+03 5.87E+02 2.180E+03
7.600E-04 3.52E+02 1.46E+00 7.79E+01 1.74E-01 1.11E+01 2.01E-06 3.34E+01 2.20E-07 6.97E-01 1.09E+03 6.37E+02 2.207E+03
7.500E-04 3.53E+02 1.53E+00 7.25E+01 1.89E-01 1.13E+01 2.12E-06 2.80E+01 2.68E-07 5.74E-01 1.08E+03 6.91E+02 2.241E+03
7.300E-04 3.57E+02 1.67E+00 6.42E+01 2.23E-01 1.18E+01 2.36E-06 2.35E+01 3.82E-07 3.52E-01 1.09E+03 7.98E+02 2.351E+03
7.200E-04 3.59E+02 1.74E+00 6.16E+01 2.43E-01 1.21E+01 2.49E-06 2.27E+01 4.42E-07 2.90E-01 1.10E+03 8.43E+02 2.402E+03
7.100E-04 3.59E+02 1.82E+00 5.99E+01 2.63E-01 1.24E+01 2.64E-06 2.20E+01 5.08E-07 2.84E-01 1.11E+03 8.93E+02 2.459E+03
7.000E-04 3.63E+02 1.91E+00 5.83E+01 2.83E-01 1.26E+01 2.79E-06 2.18E+01 5.76E-07 3.99E-01 1.12E+03 9.37E+02 2.518E+03
6.900E-04 3.65E+02 1.98E+00 5.60E+01 3.05E-01 1.29E+01 2.95E-06 2.17E+01 6.49E-07 2.27E-01 1.13E+03 9.77E+02 2.564E+03
6.800E-04 3.60E+02 2.06E+00 5.31E+01 3.27E-01 1.32E+01 3.13E-06 2.17E+01 7.22E-07 1.73E-01 1.13E+03 1.02E+03 2.603E+03
6.600E-04 3.62E+02 2.32E+00 4.78E+01 3.81E-01 1.39E+01 3.52E-06 2.17E+01 8.87E-07 1.63E-01 1.15E+03 1.12E+03 2.722E+03
6.400E-04 3.72E+02 2.62E+00 4.14E+01 4.44E-01 1.46E+01 3.98E-06 2.16E+01 1.08E-06 2.56E-01 1.18E+03 1.21E+03 2.843E+03
6.300E-04 3.80E+02 2.77E+00 3.87E+01 4.82E-01 1.48E+01 4.24E-06 2.16E+01 1.18E-06 4.11E-01 1.20E+03 1.24E+03 2.897E+03
6.200E-04 3.82E+02 2.90E+00 3.80E+01 5.24E-01 1.54E+01 4.52E-06 2.15E+01 1.29E-06 5.66E-01 1.21E+03 1.28E+03 2.945E+03
6.100E-04 3.86E+02 3.07E+00 3.78E+01 5.64E-01 1.58E+01 4.82E-06 2.13E+01 1.41E-06 4.03E-01 1.22E+03 1.32E+03 3.000E+03
5.900E-04 4.02E+02 3.45E+00 3.11E+01 6.57E-01 1.67E+01 5.50E-06 2.10E+01 1.69E-06 1.67E-01 1.25E+03 1.39E+03 3.109E+03
5.500E-04 3.88E+02 4.15E+00 2.30E+01 9.26E-01 1.87E+01 7.26E-06 2.07E+01 2.43E-06 1.33E-01 1.24E+03 1.58E+03 3.275E+03
5.300E-04 3.92E+02 4.78E+00 2.05E+01 1.10E+00 1.99E+01 8.41E-06 2.08E+01 2.91E-06 2.25E-01 1.26E+03 1.68E+03 3.396E+03
5.200E-04 3.93E+02 5.11E+00 1.93E+01 1.20E+00 2.05E+01 9.07E-06 2.08E+01 3.19E-06 3.72E-01 1.26E+03 1.73E+03 3.453E+03
5.100E-04 3.97E+02 5.50E+00 1.81E+01 1.31E+00 2.12E+01 9.79E-06 2.09E+01 3.50E-06 5.25E-01 1.27E+03 1.78E+03 3.515E+03
5.000E-04 4.01E+02 5.92E+00 1.67E+01 1.46E+00 2.18E+01 1.06E-05 2.10E+01 3.84E-06 3.68E-01 1.29E+03 1.82E+03 3.574E+03
4.800E-04 4.07E+02 6.84E+00 1.48E+01 1.75E+00 2.33E+01 1.24E-05 2.14E+01 4.64E-06 1.52E-01 1.31E+03 1.91E+03 3.688E+03
4.500E-04 4.22E+02 8.56E+00 1.24E+01 2.33E+00 2.58E+01 1.61E-05 2.21E+01 6.19E-06 1.04E-01 1.34E+03 2.02E+03 3.853E+03
4.000E-04 4.40E+02 1.31E+01 9.20E+00 3.88E+00 3.11E+01 2.56E-05 2.38E+01 1.04E-05 1.10E-01 1.39E+03 2.20E+03 4.114E+03
3.800E-04 4.51E+02 1.58E+01 8.12E+00 4.83E+00 3.37E+01 3.13E-05 2.46E+01 1.29E-05 1.24E-01 1.41E+03 2.26E+03 4.211E+03
3.600E-04 4.62E+02 1.93E+01 7.13E+00 6.07E+00 3.66E+01 3.87E-05 2.54E+01 1.62E-05 1.57E-01 1.43E+03 2.31E+03 4.301E+03
3.400E-04 4.86E+02 2.37E+01 6.28E+00 7.72E+00 4.01E+01 4.85E-05 2.63E+01 2.06E-05 3.77E-01 1.46E+03 2.34E+03 4.389E+03
3.300E-04 4.85E+02 2.62E+01 5.88E+00 8.75E+00 4.20E+01 5.45E-05 2.67E+01 2.33E-05 1.10E+00 1.46E+03 2.36E+03 4.423E+03
3.200E-04 4.88E+02 2.94E+01 5.47E+00 9.94E+00 4.41E+01 6.15E-05 2.72E+01 2.65E-05 3.82E-01 1.47E+03 2.39E+03 4.459E+03
3.150E-04 4.93E+02 3.13E+01 5.30E+00 1.06E+01 4.52E+01 6.55E-05 2.74E+01 2.82E-05 2.71E-01 1.47E+03 2.39E+03 4.480E+03
3.100E-04 4.99E+02 3.32E+01 5.12E+00 1.13E+01 4.63E+01 6.97E-05 2.76E+01 3.02E-05 2.27E-01 1.48E+03 2.40E+03 4.500E+03
3.080E-04 5.00E+02 3.39E+01 5.05E+00 1.17E+01 4.68E+01 7.15E-05 2.77E+01 3.10E-05 2.17E-01 1.48E+03 2.40E+03 4.507E+03
3.050E-04 5.02E+02 3.52E+01 4.94E+00 1.21E+01 4.76E+01 7.43E-05 2.79E+01 3.23E-05 2.07E-01 1.49E+03 2.40E+03 4.519E+03
3.000E-04 5.06E+02 3.74E+01 4.78E+00 1.30E+01 4.88E+01 7.93E-05 2.82E+01 3.46E-05 1.99E-01 1.49E+03 2.41E+03 4.538E+03
2.900E-04 5.17E+02 4.23E+01 4.46E+00 1.49E+01 5.15E+01 9.06E-05 2.88E+01 3.97E-05 1.97E-01 1.50E+03 2.42E+03 4.578E+03
2.800E-04 5.22E+02 4.80E+01 4.16E+00 1.73E+01 5.44E+01 1.04E-04 2.94E+01 4.59E-05 2.04E-01 1.51E+03 2.43E+03 4.614E+03
2.600E-04 5.39E+02 6.35E+01 3.61E+00 2.34E+01 6.10E+01 1.39E-04 3.09E+01 6.21E-05 2.31E-01 1.52E+03 2.46E+03 4.702E+03
2.500E-04 5.53E+02 7.38E+01 3.35E+00 2.75E+01 6.48E+01 1.62E-04 3.17E+01 7.29E-05 2.50E-01 1.53E+03 2.47E+03 4.756E+03
2.200E-04 6.09E+02 1.20E+02 2.70E+00 4.61E+01 7.88E+01 2.68E-04 3.47E+01 1.22E-04 3.33E-01 1.57E+03 2.51E+03 4.972E+03
2.159E-04 6.17E+02 1.28E+02 2.62E+00 4.98E+01 8.11E+01 2.88E-04 3.52E+01 1.32E-04 3.49E-01 1.57E+03 2.52E+03 5.005E+03
2.000E-04 6.57E+02 1.70E+02 2.36E+00 6.77E+01 9.12E+01 3.89E-04 3.73E+01 1.80E-04 4.22E-01 1.59E+03 2.54E+03 5.163E+03
1.662E-04 7.68E+02 3.25E+02 1.89E+00 1.41E+02 1.21E+02 8.03E-04 4.32E+01 3.79E-04 6.93E-01 1.63E+03 2.57E+03 5.601E+03
1.650E-04 7.72E+02 3.33E+02 1.87E+00 1.45E+02 1.23E+02 8.26E-04 4.34E+01 3.90E-04 7.08E-01 1.63E+03 2.57E+03 5.620E+03
1.250E-04 1.04E+03 7.98E+02 1.72E+00 4.09E+02 1.89E+02 2.45E-03 5.51E+01 1.19E-03 1.58E+00 1.68E+03 2.55E+03 6.725E+03
1.235E-04 1.06E+03 8.26E+02 1.71E+00 4.27E+02 1.92E+02 2.57E-03 5.57E+01 1.25E-03 1.63E+00 1.68E+03 2.55E+03 6.792E+03
1.130E-04 1.19E+03 1.06E+03 1.78E+00 5.79E+02 2.21E+02 3.63E-03 6.06E+01 1.78E-03 2.10E+00 1.70E+03 2.52E+03 7.335E+03
1.000E-04 1.41E+03 1.45E+03 2.00E+00 8.64E+02 2.69E+02 5.86E-03 6.79E+01 2.90E-03 2.96E+00 1.73E+03 2.48E+03 8.262E+03
9.500E-05 1.51E+03 1.62E+03 2.02E+00 1.02E+03 2.93E+02 7.15E-03 7.13E+01 3.56E-03 3.40E+00 1.74E+03 2.45E+03 8.706E+03
9.300E-05 1.55E+03 1.69E+03 2.07E+00 1.09E+03 3.03E+02 7.77E-03 7.27E+01 3.88E-03 3.59E+00 1.74E+03 2.44E+03 8.898E+03
9.200E-05 1.57E+03 1.73E+03 2.10E+00 1.12E+03 3.08E+02 8.10E-03 7.35E+01 4.05E-03 3.70E+00 1.75E+03 2.44E+03 8.998E+03
9.100E-05 1.60E+03 1.77E+03 2.14E+00 1.16E+03 3.14E+02 8.45E-03 7.42E+01 4.23E-03 3.81E+00 1.75E+03 2.43E+03 9.099E+03
9.000E-05 1.62E+03 1.80E+03 2.18E+00 1.20E+03 3.19E+02 8.82E-03 7.50E+01 4.42E-03 3.92E+00 1.75E+03 2.43E+03 9.204E+03
8.900E-05 1.64E+03 1.84E+03 2.23E+00 1.25E+03 3.25E+02 9.21E-03 7.58E+01 4.62E-03 4.04E+00 1.75E+03 2.42E+03 9.310E+03
8.800E-05 1.66E+03 1.88E+03 2.24E+00 1.29E+03 3.31E+02 9.63E-03 7.66E+01 4.84E-03 4.16E+00 1.75E+03 2.41E+03 9.420E+03
8.700E-05 1.68E+03 1.92E+03 2.31E+00 1.34E+03 3.37E+02 1.01E-02 7.75E+01 5.06E-03 4.28E+00 1.76E+03 2.41E+03 9.534E+03
8.600E-05 1.71E+03 1.97E+03 2.33E+00 1.39E+03 3.43E+02 1.05E-02 7.83E+01 5.30E-03 4.41E+00 1.76E+03 2.40E+03 9.651E+03
8.500E-05 1.73E+03 2.01E+03 2.39E+00 1.44E+03 3.50E+02 1.10E-02 7.92E+01 5.56E-03 4.55E+00 1.76E+03 2.40E+03 9.771E+03
8.400E-05 1.75E+03 2.05E+03 2.42E+00 1.49E+03 3.56E+02 1.15E-02 8.01E+01 5.83E-03 4.69E+00 1.76E+03 2.39E+03 9.896E+03
8.330E-05 1.77E+03 2.08E+03 2.45E+00 1.53E+03 3.61E+02 1.19E-02 8.07E+01 6.03E-03 4.79E+00 1.76E+03 2.39E+03 9.986E+03
8.200E-05 1.80E+03 2.14E+03 2.49E+00 1.61E+03 3.70E+02 1.27E-02 8.19E+01 6.42E-03 4.98E+00 1.76E+03 2.38E+03 1.016E+04
8.100E-05 1.83E+03 2.19E+03 2.55E+00 1.67E+03 3.77E+02 1.33E-02 8.29E+01 6.74E-03 5.14E+00 1.76E+03 2.37E+03 1.030E+04
8.000E-05 1.86E+03 2.24E+03 2.59E+00 1.74E+03 3.84E+02 1.39E-02 8.39E+01 7.08E-03 5.30E+00 1.77E+03 2.37E+03 1.044E+04
7.900E-05 1.89E+03 2.28E+03 2.65E+00 1.81E+03 3.92E+02 1.46E-02 8.48E+01 7.45E-03 5.47E+00 1.77E+03 2.36E+03 1.059E+04
7.800E-05 1.92E+03 2.33E+03 2.73E+00 1.88E+03 4.00E+02 1.54E-02 8.59E+01 7.84E-03 5.65E+00 1.77E+03 2.35E+03 1.074E+04
7.700E-05 1.95E+03 2.38E+03 2.79E+00 1.95E+03 4.08E+02 1.61E-02 8.69E+01 8.26E-03 5.83E+00 1.77E+03 2.34E+03 1.090E+04
7.600E-05 1.98E+03 2.42E+03 2.91E+00 2.03E+03 4.16E+02 1.70E-02 8.80E+01 8.70E-03 6.02E+00 1.78E+03 2.33E+03 1.106E+04
7.500E-05 2.02E+03 2.47E+03 2.98E+00 2.11E+03 4.25E+02 1.79E-02 8.91E+01 9.18E-03 6.22E+00 1.78E+03 2.33E+03 1.123E+04
7.400E-05 2.05E+03 2.51E+03 3.10E+00 2.20E+03 4.34E+02 1.88E-02 9.02E+01 9.69E-03 6.43E+00 1.78E+03 2.32E+03 1.140E+04
7.300E-05 2.09E+03 2.56E+03 3.25E+00 2.29E+03 4.43E+02 1.98E-02 9.13E+01 1.02E-02 6.65E+00 1.78E+03 2.31E+03 1.157E+04
7.140E-05 2.15E+03 2.63E+03 3.36E+00 2.44E+03 4.58E+02 2.16E-02 9.33E+01 1.12E-02 7.01E+00 1.79E+03 2.29E+03 1.186E+04
7.100E-05 2.17E+03 2.64E+03 3.35E+00 2.48E+03 4.62E+02 2.21E-02 9.38E+01 1.14E-02 7.11E+00 1.79E+03 2.29E+03 1.194E+04
7.000E-05 2.21E+03 2.69E+03 3.48E+00 2.58E+03 4.71E+02 2.33E-02 9.50E+01 1.21E-02 7.35E+00 1.79E+03 2.28E+03 1.213E+04
6.900E-05 2.25E+03 2.73E+03 3.61E+00 2.69E+03 4.82E+02 2.47E-02 9.63E+01 1.28E-02 7.61E+00 1.79E+03 2.27E+03 1.232E+04
6.800E-05 2.29E+03 2.77E+03 3.76E+00 2.80E+03 4.92E+02 2.61E-02 9.76E+01 1.36E-02 7.88E+00 1.80E+03 2.26E+03 1.252E+04
6.700E-05 2.33E+03 2.81E+03 3.91E+00 2.92E+03 5.03E+02 2.77E-02 9.90E+01 1.44E-02 8.17E+00 1.80E+03 2.25E+03 1.273E+04
6.600E-05 2.38E+03 2.86E+03 4.09E+00 3.04E+03 5.14E+02 2.93E-02 1.00E+02 1.53E-02 8.46E+00 1.80E+03 2.24E+03 1.294E+04
6.500E-05 2.42E+03 2.90E+03 4.18E+00 3.16E+03 5.26E+02 3.11E-02 1.02E+02 1.63E-02 8.77E+00 1.80E+03 2.23E+03 1.316E+04
6.400E-05 2.47E+03 2.94E+03 4.28E+00 3.30E+03 5.39E+02 3.31E-02 1.03E+02 1.74E-02 9.10E+00 1.80E+03 2.22E+03 1.338E+04
6.300E-05 2.52E+03 2.98E+03 4.42E+00 3.43E+03 5.52E+02 3.52E-02 1.05E+02 1.85E-02 9.44E+00 1.80E+03 2.21E+03 1.361E+04
6.250E-05 2.54E+03 3.00E+03 4.46E+00 3.50E+03 5.58E+02 3.63E-02 1.06E+02 1.91E-02 9.62E+00 1.81E+03 2.20E+03 1.372E+04
6.200E-05 2.57E+03 3.01E+03 4.58E+00 3.57E+03 5.65E+02 3.75E-02 1.07E+02 1.97E-02 9.81E+00 1.81E+03 2.19E+03 1.384E+04
6.100E-05 2.62E+03 3.05E+03 4.80E+00 3.72E+03 5.79E+02 3.99E-02 1.08E+02 2.11E-02 1.02E+01 1.81E+03 2.18E+03 1.408E+04
6.000E-05 2.67E+03 3.08E+03 5.01E+00 3.87E+03 5.93E+02 4.26E-02 1.10E+02 2.25E-02 1.06E+01 1.81E+03 2.17E+03 1.432E+04
5.900E-05 2.73E+03 3.11E+03 5.22E+00 4.03E+03 6.08E+02 4.55E-02 1.12E+02 2.41E-02 1.10E+01 1.81E+03 2.16E+03 1.457E+04
5.800E-05 2.79E+03 3.14E+03 5.46E+00 4.19E+03 6.23E+02 4.87E-02 1.14E+02 2.58E-02 1.15E+01 1.81E+03 2.14E+03 1.482E+04
5.700E-05 2.84E+03 3.16E+03 5.74E+00 4.36E+03 6.39E+02 5.21E-02 1.15E+02 2.77E-02 1.19E+01 1.82E+03 2.13E+03 1.508E+04
5.600E-05 2.90E+03 3.18E+03 6.03E+00 4.54E+03 6.55E+02 5.59E-02 1.17E+02 2.98E-02 1.24E+01 1.82E+03 2.12E+03 1.534E+04
5.500E-05 2.97E+03 3.19E+03 6.30E+00 4.72E+03 6.72E+02 6.00E-02 1.19E+02 3.20E-02 1.30E+01 1.82E+03 2.11E+03 1.561E+04
5.477E-05 2.98E+03 3.19E+03 6.34E+00 4.76E+03 6.76E+02 6.10E-02 1.20E+02 3.26E-02 1.69E+01 1.82E+03 2.10E+03 1.568E+04
5.400E-05 3.03E+03 3.20E+03 6.54E+00 4.91E+03 6.92E+02 6.46E-02 1.22E+02 3.45E-02 1.76E+01 1.82E+03 2.09E+03 1.589E+04
5.300E-05 3.09E+03 3.21E+03 6.85E+00 5.11E+03 7.13E+02 6.96E-02 1.24E+02 3.72E-02 1.85E+01 1.82E+03 2.08E+03 1.617E+04
5.200E-05 3.15E+03 3.21E+03 7.29E+00 5.32E+03 7.35E+02 7.52E-02 1.26E+02 4.02E-02 1.95E+01 1.82E+03 2.07E+03 1.646E+04
5.100E-05 3.21E+03 3.22E+03 7.71E+00 5.53E+03 7.57E+02 8.13E-02 1.28E+02 4.35E-02 2.06E+01 1.82E+03 2.06E+03 1.675E+04
5.000E-05 3.27E+03 3.22E+03 8.16E+00 5.76E+03 7.81E+02 8.81E-02 1.31E+02 4.72E-02 2.18E+01 1.82E+03 2.04E+03 1.705E+04
4.900E-05 3.33E+03 3.21E+03 8.59E+00 5.99E+03 8.05E+02 9.56E-02 1.33E+02 5.12E-02 2.31E+01 1.82E+03 2.03E+03 1.736E+04
4.880E-05 3.35E+03 3.21E+03 8.67E+00 6.04E+03 8.10E+02 9.72E-02 1.34E+02 5.20E-02 2.34E+01 1.82E+03 2.03E+03 1.743E+04
4.800E-05 3.39E+03 3.21E+03 9.07E+00 6.24E+03 8.34E+02 1.04E-01 1.36E+02 5.57E-02 2.46E+01 1.82E+03 2.02E+03 1.769E+04
4.760E-05 3.42E+03 3.21E+03 9.30E+00 6.34E+03 8.47E+02 1.08E-01 1.37E+02 5.76E-02 2.52E+01 1.82E+03 2.02E+03 1.782E+04
4.700E-05 3.45E+03 3.20E+03 9.64E+00 6.49E+03 8.67E+02 1.13E-01 1.39E+02 6.07E-02 2.62E+01 1.82E+03 2.01E+03 1.802E+04
4.650E-05 3.48E+03 3.20E+03 9.90E+00 6.62E+03 8.84E+02 1.18E-01 1.40E+02 6.34E-02 2.71E+01 1.82E+03 2.00E+03 1.819E+04
4.600E-05 3.51E+03 3.20E+03 1.03E+01 6.76E+03 9.01E+02 1.24E-01 1.41E+02 6.62E-02 2.80E+01 1.82E+03 2.00E+03 1.836E+04
4.550E-05 3.53E+03 3.19E+03 1.07E+01 6.89E+03 9.19E+02 1.29E-01 1.43E+02 6.93E-02 2.90E+01 1.82E+03 1.99E+03 1.853E+04
4.500E-05 3.56E+03 3.19E+03 1.12E+01 7.03E+03 9.37E+02 1.35E-01 1.44E+02 7.25E-02 3.00E+01 1.82E+03 1.99E+03 1.871E+04
4.440E-05 3.59E+03 3.18E+03 1.18E+01 7.19E+03 9.59E+02 1.43E-01 1.46E+02 7.65E-02 3.13E+01 1.81E+03 1.98E+03 1.892E+04
4.350E-05 3.64E+03 3.18E+03 1.29E+01 7.45E+03 9.96E+02 1.56E-01 1.49E+02 8.32E-02 3.35E+01 1.81E+03 1.98E+03 1.924E+04
4.170E-05 3.73E+03 3.16E+03 1.57E+01 7.97E+03 1.08E+03 1.85E-01 1.55E+02 9.91E-02 3.86E+01 1.81E+03 1.96E+03 1.991E+04
4.000E-05 3.81E+03 3.14E+03 2.08E+01 8.49E+03 1.17E+03 2.20E-01 1.61E+02 1.18E-01 4.47E+01 1.80E+03 1.95E+03 2.058E+04
3.850E-05 3.87E+03 3.12E+03 2.76E+01 8.96E+03 1.25E+03 2.58E-01 1.67E+02 1.38E-01 5.16E+01 1.79E+03 1.94E+03 2.118E+04
3.656E-05 3.95E+03 3.10E+03 4.05E+01 9.58E+03 1.37E+03 3.22E-01 1.74E+02 1.71E-01 6.36E+01 1.78E+03 1.93E+03 2.199E+04
3.570E-05 3.98E+03 3.09E+03 4.73E+01 9.85E+03 1.43E+03 3.56E-01 1.78E+02 1.89E-01 7.05E+01 1.78E+03 1.92E+03 2.235E+04
3.330E-05 4.06E+03 3.06E+03 7.07E+01 1.06E+04 1.62E+03 4.88E-01 1.89E+02 2.53E-01 9.79E+01 1.77E+03 1.91E+03 2.338E+04
3.130E-05 4.11E+03 3.04E+03 9.39E+01 1.12E+04 1.86E+03 6.58E-01 1.99E+02 3.29E-01 1.38E+02 1.75E+03 1.90E+03 2.429E+04
3.000E-05 4.14E+03 3.03E+03 1.12E+02 1.15E+04 2.08E+03 8.15E-01 2.06E+02 3.95E-01 1.80E+02 1.75E+03 1.90E+03 2.492E+04
2.940E-05 4.15E+03 3.02E+03 1.22E+02 1.17E+04 2.19E+03 9.04E-01 2.09E+02 4.31E-01 2.08E+02 1.74E+03 1.90E+03 2.521E+04
2.780E-05 4.17E+03 3.00E+03 1.49E+02 1.20E+04 2.57E+03 1.24E+00 2.18E+02 5.50E-01 3.26E+02 1.73E+03 1.89E+03 2.604E+04
2.630E-05 4.18E+03 2.98E+03 1.76E+02 1.22E+04 3.14E+03 1.76E+00 2.27E+02 7.03E-01 5.74E+02 1.72E+03 1.89E+03 2.708E+04
2.500E-05 4.18E+03 2.97E+03 2.09E+02 1.23E+04 3.91E+03 2.57E+00 2.34E+02 8.84E-01 1.13E+03 1.71E+03 1.89E+03 2.853E+04
2.380E-05 4.18E+03 2.96E+03 2.49E+02 1.23E+04 5.40E+03 3.93E+00 2.35E+02 1.11E+00 2.54E+03 1.70E+03 1.89E+03 3.145E+04
2.270E-05 4.18E+03 2.95E+03 3.04E+02 1.22E+04 7.79E+03 5.75E+00 2.44E+02 1.39E+00 4.24E+03 1.69E+03 1.89E+03 3.553E+04
2.170E-05 4.16E+03 2.94E+03 3.78E+02 1.22E+04 1.05E+04 7.47E+00 2.75E+02 1.74E+00 2.65E+03 1.69E+03 1.89E+03 3.670E+04
2.080E-05 4.15E+03 2.93E+03 5.15E+02 1.21E+04 1.09E+04 6.93E+00 3.43E+02 2.16E+00 1.31E+03 1.68E+03 1.89E+03 3.590E+04
2.000E-05 4.14E+03 2.92E+03 1.81E+03 1.10E+04 9.47E+03 5.42E+00 4.37E+02 2.65E+00 7.55E+02 1.67E+03 1.89E+03 3.413E+04
1.920E-05 4.12E+03 2.93E+03 3.38E+03 9.63E+03 7.35E+03 3.73E+00 6.00E+02 3.30E+00 4.81E+02 1.66E+03 1.90E+03 3.206E+04
1.850E-05 4.12E+03 2.96E+03 4.30E+03 8.83E+03 5.76E+03 2.64E+00 8.05E+02 4.04E+00 3.48E+02 1.65E+03 1.90E+03 3.067E+04
1.790E-05 4.12E+03 2.97E+03 5.32E+03 7.81E+03 4.68E+03 2.02E+00 1.03E+03 4.84E+00 2.76E+02 1.64E+03 1.90E+03 2.975E+04
1.720E-05 4.12E+03 2.99E+03 6.00E+03 7.11E+03 3.76E+03 1.60E+00 1.42E+03 6.06E+00 2.23E+02 1.62E+03 1.91E+03 2.916E+04
1.670E-05 4.12E+03 3.01E+03 6.28E+03 6.82E+03 3.22E+03 1.46E+00 1.80E+03 7.17E+00 1.97E+02 1.62E+03 1.91E+03 2.897E+04
1.610E-05 4.12E+03 3.03E+03 6.51E+03 6.56E+03 2.71E+03 1.48E+00 2.45E+03 8.85E+00 1.77E+02 1.60E+03 1.92E+03 2.909E+04
1.560E-05 4.12E+03 3.04E+03 6.64E+03 6.41E+03 2.38E+03 1.67E+00 3.20E+03 1.06E+01 1.67E+02 1.59E+03 1.93E+03 2.949E+04
1.520E-05 4.12E+03 3.05E+03 6.72E+03 6.31E+03 2.16E+03 1.94E+00 3.99E+03 1.22E+01 1.64E+02 1.58E+03 1.93E+03 3.005E+04
1.470E-05 4.12E+03 3.06E+03 6.77E+03 6.20E+03 1.92E+03 2.46E+00 5.14E+03 1.44E+01 1.63E+02 1.57E+03 1.93E+03 3.091E+04
1.430E-05 4.11E+03 3.07E+03 6.80E+03 6.12E+03 1.80E+03 3.07E+00 6.13E+03 1.61E+01 1.67E+02 1.57E+03 1.93E+03 3.173E+04
1.390E-05 4.10E+03 3.07E+03 6.81E+03 6.05E+03 1.75E+03 3.90E+00 6.90E+03 1.79E+01 1.74E+02 1.56E+03 1.93E+03 3.238E+04
1.350E-05 4.09E+03 3.07E+03 6.81E+03 5.99E+03 1.75E+03 5.00E+00 7.62E+03 2.00E+01 1.86E+02 1.56E+03 1.93E+03 3.302E+04
1.320E-05 4.08E+03 3.07E+03 6.80E+03 5.93E+03 1.78E+03 6.08E+00 8.19E+03 2.19E+01 1.98E+02 1.56E+03 1.93E+03 3.357E+04
1.280E-05 4.06E+03 3.08E+03 6.78E+03 5.87E+03 1.90E+03 7.97E+00 9.01E+03 2.49E+01 2.21E+02 1.55E+03 1.93E+03 3.444E+04
1.250E-05 4.05E+03 3.08E+03 6.76E+03 5.85E+03 2.06E+03 9.82E+00 9.68E+03 2.76E+01 2.43E+02 1.55E+03 1.93E+03 3.525E+04
1.220E-05 4.04E+03 3.08E+03 6.75E+03 5.85E+03 2.30E+03 1.22E+01 1.04E+04 3.08E+01 2.72E+02 1.54E+03 1.93E+03 3.623E+04
1.190E-05 4.02E+03 3.08E+03 6.75E+03 5.89E+03 2.62E+03 1.51E+01 1.12E+04 3.45E+01 3.09E+02 1.54E+03 1.93E+03 3.744E+04
1.160E-05 4.00E+03 3.08E+03 6.75E+03 5.93E+03 2.99E+03 1.88E+01 1.22E+04 3.89E+01 3.57E+02 1.53E+03 1.93E+03 3.879E+04
1.140E-05 3.98E+03 3.08E+03 6.74E+03 5.93E+03 3.30E+03 2.21E+01 1.28E+04 4.23E+01 3.98E+02 1.53E+03 1.93E+03 3.981E+04
1.110E-05 3.96E+03 3.07E+03 6.73E+03 5.95E+03 3.77E+03 2.89E+01 1.40E+04 4.83E+01 4.75E+02 1.53E+03 1.93E+03 4.149E+04
1.080E-05 3.93E+03 3.07E+03 6.72E+03 5.96E+03 5.09E+03 3.85E+01 1.54E+04 5.57E+01 5.79E+02 1.52E+03 1.94E+03 4.425E+04
1.050E-05 3.90E+03 3.06E+03 6.70E+03 5.98E+03 6.78E+03 5.00E+01 1.70E+04 6.52E+01 7.19E+02 1.51E+03 1.94E+03 4.775E+04
1.030E-05 3.87E+03 3.05E+03 6.69E+03 5.98E+03 8.10E+03 5.72E+01 1.86E+04 7.25E+01 8.39E+02 1.51E+03 1.94E+03 5.075E+04
1.000E-05 3.84E+03 3.04E+03 6.67E+03 6.00E+03 9.93E+03 6.99E+01 2.09E+04 8.33E+01 1.07E+03 1.50E+03 1.94E+03 5.504E+04
9.750E-06 3.80E+03 3.03E+03 6.64E+03 6.02E+03 1.21E+04 8.67E+01 2.27E+04 9.27E+01 1.29E+03 1.50E+03 1.94E+03 5.919E+04
9.500E-06 3.77E+03 3.02E+03 6.62E+03 6.04E+03 1.45E+04 1.03E+02 2.47E+04 1.03E+02 1.53E+03 1.49E+03 1.94E+03 6.379E+04
9.250E-06 3.73E+03 3.01E+03 6.58E+03 6.05E+03 1.64E+04 1.15E+02 2.67E+04 1.13E+02 1.70E+03 1.49E+03 1.94E+03 6.777E+04
9.080E-06 3.71E+03 3.00E+03 6.53E+03 6.04E+03 1.75E+04 1.23E+02 2.78E+04 1.19E+02 1.74E+03 1.49E+03 1.94E+03 7.000E+04
