 # Optical depth (Siebenmorgen 2023, A&A 670A,115; SC 2023 doi: 10.48550/arXiv.2311.03310)
 # wel(cm) sa_aC    ss_aC    sa_Si    ss_Si    sa_vgr   ss_vgr   sa_vsi   ss_vsi   s_pahS+B sa_Dark  ss_Dark sigt 
 # ------------------------------------------------------------------------------------------------------------- 
1.000E+00 2.28E-03 2.93E-12 3.89E-03 3.26E-13 8.58E-05 7.13E-19 7.45E-04 1.11E-18 5.56E-08 4.66E-02 1.35E-09 5.358E-02
9.000E-01 2.68E-03 4.46E-12 4.59E-03 4.97E-13 1.09E-04 1.09E-18 8.86E-04 1.68E-18 6.86E-08 5.42E-02 2.06E-09 6.251E-02
8.000E-01 3.20E-03 7.14E-12 5.53E-03 7.96E-13 1.43E-04 1.74E-18 1.08E-03 2.70E-18 8.68E-08 6.44E-02 3.30E-09 7.433E-02
7.000E-01 3.92E-03 1.22E-11 6.83E-03 1.36E-12 1.91E-04 2.97E-18 1.33E-03 4.60E-18 1.13E-07 7.82E-02 5.63E-09 9.043E-02
6.000E-01 4.96E-03 2.25E-11 8.73E-03 2.51E-12 2.66E-04 5.50E-18 1.71E-03 8.52E-18 1.54E-07 9.80E-02 1.04E-08 1.136E-01
5.500E-01 5.67E-03 3.19E-11 1.00E-02 3.56E-12 3.18E-04 7.79E-18 1.97E-03 1.21E-17 1.84E-07 1.11E-01 1.47E-08 1.293E-01
5.000E-01 6.56E-03 4.67E-11 1.17E-02 5.21E-12 3.86E-04 1.14E-17 2.28E-03 1.77E-17 2.22E-07 1.28E-01 2.15E-08 1.490E-01
4.500E-01 7.73E-03 7.12E-11 1.38E-02 7.95E-12 4.75E-04 1.74E-17 2.72E-03 2.69E-17 2.74E-07 1.50E-01 3.28E-08 1.746E-01
4.000E-01 9.29E-03 1.14E-10 1.67E-02 1.27E-11 5.95E-04 2.78E-17 3.27E-03 4.31E-17 3.47E-07 1.78E-01 5.25E-08 2.083E-01
3.500E-01 1.15E-02 1.94E-10 2.07E-02 2.17E-11 7.63E-04 4.75E-17 4.09E-03 7.35E-17 4.54E-07 2.18E-01 8.94E-08 2.551E-01
3.000E-01 1.46E-02 3.60E-10 2.66E-02 4.02E-11 1.00E-03 8.80E-17 5.19E-03 1.36E-16 6.18E-07 2.75E-01 1.65E-07 3.222E-01
2.500E-01 1.96E-02 7.46E-10 3.57E-02 8.34E-11 1.37E-03 1.82E-16 6.97E-03 2.82E-16 8.89E-07 3.62E-01 3.42E-07 4.261E-01
2.098E-01 2.61E-02 1.50E-09 4.75E-02 1.68E-10 1.82E-03 3.68E-16 9.27E-03 5.68E-16 1.26E-06 4.74E-01 6.88E-07 5.587E-01
1.500E-01 4.54E-02 5.75E-09 8.21E-02 6.44E-10 3.48E-03 1.41E-15 1.59E-02 2.17E-15 2.47E-06 7.98E-01 2.62E-06 9.447E-01
1.382E-01 5.20E-02 7.97E-09 9.39E-02 8.94E-10 4.10E-03 1.95E-15 1.82E-02 3.01E-15 2.91E-06 9.08E-01 3.63E-06 1.076E+00
1.320E-01 5.62E-02 9.58E-09 1.01E-01 1.07E-09 4.48E-03 2.35E-15 1.96E-02 3.62E-15 3.19E-06 9.76E-01 4.36E-06 1.157E+00
1.150E-01 7.10E-02 1.66E-08 1.27E-01 1.86E-09 5.88E-03 4.07E-15 2.45E-02 6.28E-15 4.20E-06 1.21E+00 7.56E-06 1.443E+00
1.000E-01 9.04E-02 2.91E-08 1.60E-01 3.26E-09 7.72E-03 7.13E-15 3.06E-02 1.10E-14 5.56E-06 1.52E+00 1.32E-05 1.809E+00
9.970E-02 9.08E-02 2.94E-08 1.61E-01 3.30E-09 7.77E-03 7.21E-15 3.07E-02 1.11E-14 5.59E-06 1.53E+00 1.33E-05 1.818E+00
8.670E-02 1.14E-01 5.14E-08 2.03E-01 5.77E-09 1.03E-02 1.26E-14 3.85E-02 1.94E-14 7.40E-06 1.90E+00 2.33E-05 2.266E+00
8.500E-02 1.18E-01 5.57E-08 2.09E-01 6.24E-09 1.07E-02 1.36E-14 3.98E-02 2.10E-14 7.69E-06 1.97E+00 2.52E-05 2.344E+00
7.500E-02 1.50E-01 9.18E-08 2.58E-01 1.03E-08 1.36E-02 2.25E-14 4.86E-02 3.47E-14 9.88E-06 2.45E+00 4.15E-05 2.925E+00
6.000E-02 2.21E-01 2.24E-07 3.72E-01 2.53E-08 2.09E-02 5.50E-14 7.05E-02 8.47E-14 1.54E-05 3.49E+00 1.01E-04 4.174E+00
5.500E-02 2.56E-01 3.18E-07 4.16E-01 3.60E-08 2.46E-02 7.78E-14 8.22E-02 1.20E-13 1.84E-05 4.03E+00 1.43E-04 4.806E+00
5.000E-02 3.05E-01 4.65E-07 5.16E-01 5.31E-08 2.93E-02 1.14E-13 9.79E-02 1.76E-13 2.22E-05 4.77E+00 2.09E-04 5.719E+00
4.500E-02 3.76E-01 7.10E-07 6.83E-01 8.15E-08 3.58E-02 1.74E-13 1.20E-01 2.68E-13 2.75E-05 5.82E+00 3.18E-04 7.036E+00
4.000E-02 4.83E-01 1.14E-06 9.12E-01 1.32E-07 4.46E-02 2.78E-13 1.51E-01 4.30E-13 3.48E-05 7.31E+00 5.09E-04 8.904E+00
3.500E-02 6.06E-01 1.94E-06 1.39E+00 2.27E-07 5.72E-02 4.74E-13 2.00E-01 7.34E-13 4.54E-05 9.01E+00 8.65E-04 1.126E+01
3.000E-02 8.55E-01 3.61E-06 2.16E+00 4.22E-07 7.62E-02 8.79E-13 2.81E-01 1.36E-12 6.19E-05 1.23E+01 1.60E-03 1.571E+01
2.750E-02 1.02E+00 5.12E-06 2.72E+00 5.98E-07 8.99E-02 1.25E-12 3.43E-01 1.93E-12 7.37E-05 1.44E+01 2.26E-03 1.858E+01
2.500E-02 1.23E+00 7.53E-06 3.47E+00 8.75E-07 1.07E-01 1.82E-12 4.30E-01 2.83E-12 8.92E-05 1.72E+01 3.30E-03 2.244E+01
2.400E-02 1.35E+00 8.86E-06 3.84E+00 1.03E-06 1.16E-01 2.15E-12 4.69E-01 3.33E-12 9.68E-05 1.85E+01 3.87E-03 2.427E+01
2.000E-02 1.97E+00 1.85E-05 5.98E+00 2.10E-06 1.64E-01 4.46E-12 6.80E-01 6.90E-12 1.40E-04 2.59E+01 7.99E-03 3.475E+01
1.800E-02 2.46E+00 2.84E-05 7.42E+00 3.15E-06 2.02E-01 6.80E-12 8.45E-01 1.05E-11 1.73E-04 3.18E+01 1.22E-02 4.271E+01
1.600E-02 3.26E+00 4.58E-05 9.22E+00 4.95E-06 2.56E-01 1.09E-11 1.08E+00 1.69E-11 2.19E-04 4.00E+01 1.93E-02 5.381E+01
1.500E-02 3.89E+00 5.96E-05 1.03E+01 6.32E-06 2.91E-01 1.42E-11 1.22E+00 2.18E-11 2.49E-04 4.53E+01 2.49E-02 6.111E+01
1.400E-02 4.42E+00 7.87E-05 1.16E+01 8.22E-06 3.36E-01 1.87E-11 1.41E+00 2.88E-11 2.86E-04 5.04E+01 3.27E-02 6.823E+01
1.200E-02 6.75E+00 1.47E-04 1.48E+01 1.47E-05 4.68E-01 3.48E-11 1.93E+00 5.34E-11 3.91E-04 6.79E+01 5.94E-02 9.188E+01
1.000E-02 1.02E+01 3.10E-04 1.95E+01 2.92E-05 7.08E-01 7.26E-11 2.82E+00 1.11E-10 5.66E-04 9.27E+01 1.21E-01 1.261E+02
9.000E-03 1.36E+01 4.77E-04 2.23E+01 4.33E-05 9.09E-01 1.11E-10 3.52E+00 1.69E-10 7.02E-04 1.13E+02 1.83E-01 1.534E+02
8.000E-03 1.81E+01 7.52E-04 2.59E+01 6.84E-05 1.22E+00 1.80E-10 4.52E+00 2.71E-10 8.95E-04 1.34E+02 2.85E-01 1.840E+02
7.500E-03 2.12E+01 9.85E-04 2.86E+01 8.82E-05 1.43E+00 2.34E-10 5.19E+00 3.51E-10 1.02E-03 1.52E+02 3.68E-01 2.084E+02
7.000E-03 2.56E+01 1.29E-03 3.21E+01 1.15E-04 1.72E+00 3.10E-10 6.01E+00 4.63E-10 1.18E-03 1.71E+02 4.77E-01 2.364E+02
6.000E-03 3.67E+01 2.34E-03 4.11E+01 2.11E-04 2.65E+00 5.84E-10 8.36E+00 8.57E-10 1.63E-03 2.20E+02 8.59E-01 3.099E+02
5.000E-03 5.24E+01 4.58E-03 5.85E+01 4.29E-04 4.65E+00 1.24E-09 1.23E+01 1.77E-09 2.42E-03 2.93E+02 1.72E+00 4.225E+02
4.500E-03 6.45E+01 6.66E-03 7.14E+01 6.40E-04 6.58E+00 1.91E-09 1.54E+01 2.68E-09 3.05E-03 3.48E+02 2.54E+00 5.086E+02
4.000E-03 7.68E+01 9.90E-03 8.92E+01 9.59E-04 9.63E+00 3.04E-09 1.97E+01 4.25E-09 4.00E-03 4.16E+02 3.94E+00 6.153E+02
3.500E-03 9.28E+01 1.57E-02 1.10E+02 1.51E-03 1.34E+01 4.87E-09 2.56E+01 7.16E-09 5.55E-03 5.13E+02 6.50E+00 7.609E+02
3.000E-03 1.15E+02 2.59E-02 1.35E+02 2.43E-03 1.41E+01 7.61E-09 3.50E+01 1.31E-08 8.56E-03 6.56E+02 1.14E+01 9.670E+02
2.750E-03 1.26E+02 3.39E-02 1.48E+02 3.13E-03 1.22E+01 9.81E-09 4.21E+01 1.82E-08 1.17E-02 7.52E+02 1.56E+01 1.095E+03
2.500E-03 1.36E+02 4.53E-02 1.62E+02 4.10E-03 9.59E+00 1.35E-08 5.17E+01 2.63E-08 2.00E-02 8.68E+02 2.18E+01 1.249E+03
2.400E-03 1.41E+02 5.17E-02 1.68E+02 4.61E-03 8.60E+00 1.57E-08 5.63E+01 3.05E-08 2.84E-02 9.24E+02 2.51E+01 1.322E+03
2.350E-03 1.44E+02 5.53E-02 1.71E+02 4.89E-03 8.13E+00 1.70E-08 5.89E+01 3.29E-08 3.38E-02 9.55E+02 2.69E+01 1.364E+03
2.320E-03 1.45E+02 5.75E-02 1.73E+02 5.07E-03 7.86E+00 1.78E-08 6.05E+01 3.45E-08 3.65E-02 9.73E+02 2.81E+01 1.388E+03
2.310E-03 1.46E+02 5.83E-02 1.74E+02 5.13E-03 7.77E+00 1.81E-08 6.11E+01 3.50E-08 3.71E-02 9.79E+02 2.85E+01 1.397E+03
2.300E-03 1.46E+02 5.91E-02 1.75E+02 5.19E-03 7.68E+00 1.84E-08 6.16E+01 3.56E-08 3.77E-02 9.86E+02 2.89E+01 1.405E+03
2.250E-03 1.49E+02 6.31E-02 1.78E+02 5.54E-03 7.27E+00 2.00E-08 6.48E+01 3.87E-08 3.93E-02 1.02E+03 3.11E+01 1.450E+03
2.200E-03 1.51E+02 6.76E-02 1.83E+02 5.90E-03 6.88E+00 2.19E-08 6.83E+01 4.18E-08 4.12E-02 1.06E+03 3.34E+01 1.499E+03
2.150E-03 1.54E+02 7.27E-02 1.88E+02 6.27E-03 6.52E+00 2.40E-08 7.17E+01 4.52E-08 4.51E-02 1.09E+03 3.58E+01 1.548E+03
2.120E-03 1.56E+02 7.58E-02 1.90E+02 6.48E-03 6.32E+00 2.54E-08 7.40E+01 4.74E-08 4.71E-02 1.11E+03 3.74E+01 1.579E+03
2.110E-03 1.57E+02 7.69E-02 1.91E+02 6.55E-03 6.26E+00 2.59E-08 7.48E+01 4.82E-08 4.74E-02 1.12E+03 3.79E+01 1.590E+03
2.100E-03 1.57E+02 7.79E-02 1.92E+02 6.62E-03 6.19E+00 2.64E-08 7.56E+01 4.90E-08 4.75E-02 1.13E+03 3.84E+01 1.600E+03
2.080E-03 1.58E+02 7.99E-02 1.94E+02 6.75E-03 6.07E+00 2.74E-08 7.73E+01 5.05E-08 4.70E-02 1.14E+03 3.94E+01 1.619E+03
2.000E-03 1.61E+02 9.02E-02 2.00E+02 7.30E-03 5.63E+00 3.21E-08 8.47E+01 5.74E-08 4.45E-02 1.21E+03 4.41E+01 1.701E+03
1.950E-03 1.63E+02 9.78E-02 2.03E+02 7.57E-03 5.39E+00 3.56E-08 8.96E+01 6.08E-08 4.80E-02 1.24E+03 4.67E+01 1.750E+03
1.900E-03 1.66E+02 1.07E-01 2.04E+02 7.76E-03 5.17E+00 3.95E-08 9.35E+01 6.36E-08 5.84E-02 1.27E+03 4.91E+01 1.790E+03
1.850E-03 1.70E+02 1.17E-01 2.02E+02 7.86E-03 4.98E+00 4.40E-08 9.55E+01 6.53E-08 7.57E-02 1.29E+03 5.12E+01 1.811E+03
1.830E-03 1.72E+02 1.21E-01 2.01E+02 7.86E-03 4.91E+00 4.60E-08 9.58E+01 6.56E-08 8.19E-02 1.29E+03 5.19E+01 1.815E+03
1.820E-03 1.72E+02 1.23E-01 2.00E+02 7.86E-03 4.88E+00 4.71E-08 9.58E+01 6.58E-08 8.39E-02 1.29E+03 5.22E+01 1.814E+03
1.810E-03 1.73E+02 1.25E-01 1.99E+02 7.84E-03 4.85E+00 4.82E-08 9.56E+01 6.59E-08 8.52E-02 1.29E+03 5.26E+01 1.813E+03
1.800E-03 1.73E+02 1.27E-01 1.98E+02 7.83E-03 4.81E+00 4.93E-08 9.54E+01 6.60E-08 8.58E-02 1.29E+03 5.31E+01 1.811E+03
1.750E-03 1.78E+02 1.39E-01 1.90E+02 7.63E-03 4.67E+00 5.53E-08 9.29E+01 6.64E-08 8.77E-02 1.27E+03 5.50E+01 1.793E+03
1.700E-03 1.80E+02 1.53E-01 1.76E+02 7.32E-03 4.56E+00 6.22E-08 8.84E+01 6.69E-08 1.08E-01 1.24E+03 5.75E+01 1.749E+03
1.670E-03 1.82E+02 1.63E-01 1.65E+02 7.11E-03 4.51E+00 6.69E-08 8.51E+01 6.76E-08 1.27E-01 1.23E+03 5.95E+01 1.723E+03
1.650E-03 1.85E+02 1.70E-01 1.56E+02 7.00E-03 4.48E+00 7.03E-08 8.25E+01 6.84E-08 1.34E-01 1.21E+03 6.11E+01 1.704E+03
1.640E-03 1.86E+02 1.73E-01 1.52E+02 6.95E-03 4.46E+00 7.20E-08 8.12E+01 6.88E-08 1.34E-01 1.21E+03 6.18E+01 1.693E+03
1.630E-03 1.87E+02 1.77E-01 1.47E+02 6.91E-03 4.45E+00 7.39E-08 7.98E+01 6.94E-08 1.31E-01 1.20E+03 6.26E+01 1.682E+03
1.610E-03 1.89E+02 1.84E-01 1.37E+02 6.89E-03 4.43E+00 7.77E-08 7.71E+01 7.11E-08 1.22E-01 1.19E+03 6.47E+01 1.659E+03
1.600E-03 1.90E+02 1.87E-01 1.31E+02 6.91E-03 4.42E+00 7.97E-08 7.57E+01 7.21E-08 1.18E-01 1.18E+03 6.58E+01 1.648E+03
1.590E-03 1.91E+02 1.91E-01 1.26E+02 6.97E-03 4.41E+00 8.17E-08 7.44E+01 7.31E-08 1.15E-01 1.17E+03 6.69E+01 1.637E+03
1.580E-03 1.92E+02 1.95E-01 1.20E+02 7.06E-03 4.40E+00 8.39E-08 7.30E+01 7.44E-08 1.13E-01 1.17E+03 6.81E+01 1.626E+03
1.570E-03 1.92E+02 1.99E-01 1.15E+02 7.19E-03 4.40E+00 8.61E-08 7.17E+01 7.58E-08 1.11E-01 1.16E+03 6.94E+01 1.614E+03
1.560E-03 1.93E+02 2.04E-01 1.10E+02 7.38E-03 4.39E+00 8.83E-08 7.03E+01 7.73E-08 1.09E-01 1.16E+03 7.09E+01 1.605E+03
1.540E-03 1.96E+02 2.12E-01 1.01E+02 7.93E-03 4.38E+00 9.31E-08 6.78E+01 8.10E-08 1.06E-01 1.15E+03 7.41E+01 1.590E+03
1.520E-03 1.98E+02 2.20E-01 9.37E+01 8.69E-03 4.38E+00 9.82E-08 6.53E+01 8.55E-08 1.12E-01 1.13E+03 7.75E+01 1.574E+03
1.510E-03 1.99E+02 2.24E-01 9.11E+01 9.15E-03 4.38E+00 1.01E-07 6.41E+01 8.79E-08 1.16E-01 1.13E+03 7.94E+01 1.567E+03
1.500E-03 1.99E+02 2.29E-01 8.90E+01 9.65E-03 4.38E+00 1.04E-07 6.29E+01 9.07E-08 1.17E-01 1.12E+03 8.14E+01 1.561E+03
1.450E-03 2.02E+02 2.55E-01 8.48E+01 1.25E-02 4.40E+00 1.19E-07 5.80E+01 1.10E-07 1.49E-01 1.11E+03 9.54E+01 1.553E+03
1.440E-03 2.03E+02 2.61E-01 8.48E+01 1.31E-02 4.41E+00 1.22E-07 5.72E+01 1.15E-07 1.65E-01 1.11E+03 9.88E+01 1.557E+03
1.430E-03 2.04E+02 2.67E-01 8.47E+01 1.38E-02 4.42E+00 1.26E-07 5.69E+01 1.21E-07 1.79E-01 1.11E+03 1.03E+02 1.566E+03
1.420E-03 2.05E+02 2.73E-01 8.46E+01 1.44E-02 4.43E+00 1.30E-07 5.67E+01 1.27E-07 1.86E-01 1.12E+03 1.07E+02 1.576E+03
1.400E-03 2.07E+02 2.87E-01 8.47E+01 1.58E-02 4.46E+00 1.37E-07 5.72E+01 1.41E-07 2.04E-01 1.14E+03 1.16E+02 1.608E+03
1.380E-03 2.10E+02 3.00E-01 8.48E+01 1.73E-02 4.49E+00 1.45E-07 5.87E+01 1.58E-07 2.59E-01 1.17E+03 1.27E+02 1.652E+03
1.370E-03 2.11E+02 3.08E-01 8.49E+01 1.81E-02 4.51E+00 1.50E-07 6.03E+01 1.67E-07 3.09E-01 1.19E+03 1.33E+02 1.682E+03
1.360E-03 2.12E+02 3.15E-01 8.50E+01 1.90E-02 4.53E+00 1.54E-07 6.22E+01 1.76E-07 3.59E-01 1.21E+03 1.39E+02 1.716E+03
1.350E-03 2.13E+02 3.23E-01 8.53E+01 1.99E-02 4.55E+00 1.59E-07 6.39E+01 1.86E-07 3.84E-01 1.24E+03 1.45E+02 1.752E+03
1.340E-03 2.15E+02 3.31E-01 8.56E+01 2.09E-02 4.57E+00 1.64E-07 6.61E+01 1.96E-07 4.17E-01 1.27E+03 1.51E+02 1.790E+03
1.330E-03 2.16E+02 3.39E-01 8.61E+01 2.19E-02 4.59E+00 1.69E-07 6.85E+01 2.06E-07 4.84E-01 1.30E+03 1.57E+02 1.830E+03
1.320E-03 2.18E+02 3.47E-01 8.67E+01 2.30E-02 4.61E+00 1.74E-07 7.08E+01 2.16E-07 5.99E-01 1.33E+03 1.63E+02 1.870E+03
1.310E-03 2.19E+02 3.55E-01 8.74E+01 2.41E-02 4.64E+00 1.80E-07 7.34E+01 2.27E-07 7.87E-01 1.36E+03 1.70E+02 1.912E+03
1.290E-03 2.20E+02 3.71E-01 8.95E+01 2.67E-02 4.70E+00 1.91E-07 7.87E+01 2.50E-07 1.63E+00 1.42E+03 1.83E+02 1.996E+03
1.280E-03 2.20E+02 3.80E-01 9.07E+01 2.81E-02 4.73E+00 1.97E-07 8.20E+01 2.63E-07 2.39E+00 1.45E+03 1.90E+02 2.044E+03
1.270E-03 2.21E+02 3.90E-01 9.13E+01 2.96E-02 4.76E+00 2.04E-07 8.54E+01 2.76E-07 2.90E+00 1.49E+03 1.97E+02 2.094E+03
1.260E-03 2.22E+02 4.00E-01 9.25E+01 3.13E-02 4.79E+00 2.10E-07 8.88E+01 2.89E-07 2.50E+00 1.53E+03 2.04E+02 2.144E+03
1.250E-03 2.23E+02 4.10E-01 9.44E+01 3.32E-02 4.82E+00 2.17E-07 9.25E+01 3.02E-07 1.84E+00 1.57E+03 2.11E+02 2.194E+03
1.220E-03 2.28E+02 4.48E-01 1.07E+02 4.11E-02 4.92E+00 2.40E-07 1.04E+02 3.46E-07 1.43E+00 1.69E+03 2.34E+02 2.366E+03
1.210E-03 2.29E+02 4.58E-01 1.17E+02 4.42E-02 4.96E+00 2.48E-07 1.08E+02 3.62E-07 1.65E+00 1.73E+03 2.41E+02 2.431E+03
1.200E-03 2.29E+02 4.71E-01 1.29E+02 4.73E-02 5.00E+00 2.56E-07 1.13E+02 3.79E-07 1.83E+00 1.77E+03 2.48E+02 2.499E+03
1.190E-03 2.31E+02 4.86E-01 1.43E+02 5.00E-02 5.03E+00 2.65E-07 1.18E+02 3.97E-07 1.83E+00 1.82E+03 2.56E+02 2.574E+03
1.180E-03 2.33E+02 4.99E-01 1.56E+02 5.23E-02 5.07E+00 2.75E-07 1.23E+02 4.13E-07 1.82E+00 1.86E+03 2.62E+02 2.643E+03
1.170E-03 2.35E+02 5.12E-01 1.69E+02 5.43E-02 5.11E+00 2.85E-07 1.28E+02 4.31E-07 2.02E+00 1.90E+03 2.69E+02 2.713E+03
1.160E-03 2.36E+02 5.26E-01 1.80E+02 5.59E-02 5.18E+00 2.97E-07 1.33E+02 4.49E-07 2.60E+00 1.94E+03 2.75E+02 2.777E+03
1.150E-03 2.37E+02 5.39E-01 1.89E+02 5.73E-02 7.27E+00 2.93E-07 1.38E+02 4.67E-07 3.80E+00 1.98E+03 2.81E+02 2.839E+03
1.140E-03 2.38E+02 5.53E-01 1.98E+02 5.87E-02 5.40E+00 3.12E-07 1.43E+02 4.88E-07 5.72E+00 2.02E+03 2.88E+02 2.900E+03
1.130E-03 2.39E+02 5.68E-01 2.06E+02 6.00E-02 5.39E+00 3.25E-07 1.49E+02 5.10E-07 6.98E+00 2.06E+03 2.95E+02 2.964E+03
1.120E-03 2.40E+02 5.84E-01 2.13E+02 6.13E-02 5.43E+00 3.37E-07 1.55E+02 5.32E-07 5.62E+00 2.10E+03 3.01E+02 3.024E+03
1.110E-03 2.40E+02 6.00E-01 2.19E+02 6.27E-02 5.47E+00 3.50E-07 1.62E+02 5.55E-07 3.57E+00 2.15E+03 3.07E+02 3.084E+03
1.090E-03 2.42E+02 6.37E-01 2.33E+02 6.56E-02 5.59E+00 3.76E-07 1.76E+02 6.04E-07 1.48E+00 2.23E+03 3.19E+02 3.202E+03
1.050E-03 2.47E+02 7.26E-01 2.57E+02 7.06E-02 5.85E+00 4.38E-07 2.13E+02 7.17E-07 4.83E-01 2.40E+03 3.36E+02 3.459E+03
1.000E-03 2.57E+02 8.57E-01 2.81E+02 7.49E-02 6.23E+00 5.33E-07 2.46E+02 7.68E-07 2.38E-01 2.46E+03 3.26E+02 3.579E+03
9.800E-04 2.61E+02 9.19E-01 2.86E+02 7.46E-02 6.41E+00 5.78E-07 2.58E+02 7.90E-07 2.04E-01 2.48E+03 3.22E+02 3.615E+03
9.600E-04 2.65E+02 9.86E-01 2.85E+02 7.28E-02 6.60E+00 6.27E-07 2.70E+02 7.96E-07 1.88E-01 2.48E+03 3.12E+02 3.620E+03
9.500E-04 2.68E+02 1.02E+00 2.81E+02 7.15E-02 6.70E+00 6.54E-07 2.73E+02 7.79E-07 1.85E-01 2.47E+03 3.02E+02 3.597E+03
9.400E-04 2.70E+02 1.05E+00 2.76E+02 7.00E-02 6.80E+00 6.83E-07 2.72E+02 7.46E-07 1.85E-01 2.43E+03 2.89E+02 3.544E+03
9.200E-04 2.74E+02 1.12E+00 2.63E+02 6.71E-02 7.02E+00 7.44E-07 2.53E+02 6.20E-07 1.98E-01 2.30E+03 2.57E+02 3.351E+03
8.900E-04 2.81E+02 1.26E+00 2.33E+02 6.28E-02 7.38E+00 8.50E-07 2.00E+02 3.97E-07 2.93E-01 2.02E+03 2.16E+02 2.961E+03
8.700E-04 2.83E+02 1.34E+00 2.11E+02 6.17E-02 7.65E+00 9.31E-07 1.66E+02 2.95E-07 6.72E-01 1.85E+03 2.01E+02 2.721E+03
8.600E-04 2.86E+02 1.40E+00 2.00E+02 6.17E-02 7.79E+00 9.75E-07 1.53E+02 2.60E-07 1.02E+00 1.78E+03 1.99E+02 2.632E+03
8.500E-04 2.87E+02 1.45E+00 1.89E+02 6.16E-02 7.93E+00 1.02E-06 1.41E+02 2.32E-07 7.24E-01 1.72E+03 1.96E+02 2.545E+03
8.400E-04 2.90E+02 1.51E+00 1.76E+02 6.16E-02 8.08E+00 1.07E-06 1.29E+02 2.03E-07 5.15E-01 1.66E+03 1.94E+02 2.458E+03
8.200E-04 2.93E+02 1.61E+00 1.46E+02 6.32E-02 8.40E+00 1.18E-06 9.92E+01 1.46E-07 5.23E-01 1.50E+03 1.89E+02 2.235E+03
8.000E-04 2.97E+02 1.75E+00 1.18E+02 6.98E-02 8.73E+00 1.30E-06 6.79E+01 1.13E-07 7.72E-01 1.33E+03 1.95E+02 2.015E+03
7.900E-04 3.00E+02 1.82E+00 1.07E+02 7.51E-02 8.91E+00 1.37E-06 5.70E+01 1.21E-07 9.67E-01 1.27E+03 2.09E+02 1.959E+03
7.800E-04 3.02E+02 1.89E+00 9.84E+01 8.11E-02 9.08E+00 1.44E-06 4.64E+01 1.37E-07 1.16E+00 1.22E+03 2.23E+02 1.899E+03
7.700E-04 3.03E+02 1.96E+00 9.08E+01 8.79E-02 9.27E+00 1.51E-06 3.82E+01 1.63E-07 1.25E+00 1.17E+03 2.41E+02 1.859E+03
7.600E-04 3.03E+02 2.04E+00 8.42E+01 9.53E-02 9.46E+00 1.60E-06 3.24E+01 1.99E-07 1.16E+00 1.15E+03 2.63E+02 1.841E+03
7.500E-04 3.04E+02 2.12E+00 7.84E+01 1.03E-01 9.65E+00 1.68E-06 2.72E+01 2.42E-07 9.52E-01 1.12E+03 2.86E+02 1.831E+03
7.300E-04 3.08E+02 2.33E+00 6.94E+01 1.22E-01 1.01E+01 1.87E-06 2.28E+01 3.46E-07 5.83E-01 1.12E+03 3.40E+02 1.873E+03
7.200E-04 3.09E+02 2.42E+00 6.66E+01 1.33E-01 1.03E+01 1.98E-06 2.20E+01 4.00E-07 4.81E-01 1.12E+03 3.65E+02 1.900E+03
7.100E-04 3.10E+02 2.53E+00 6.48E+01 1.44E-01 1.05E+01 2.09E-06 2.14E+01 4.60E-07 4.70E-01 1.13E+03 3.93E+02 1.932E+03
7.000E-04 3.13E+02 2.66E+00 6.30E+01 1.55E-01 1.08E+01 2.21E-06 2.12E+01 5.21E-07 6.61E-01 1.14E+03 4.21E+02 1.975E+03
6.900E-04 3.15E+02 2.76E+00 6.05E+01 1.67E-01 1.10E+01 2.34E-06 2.11E+01 5.87E-07 3.77E-01 1.15E+03 4.46E+02 2.007E+03
6.800E-04 3.10E+02 2.87E+00 5.74E+01 1.79E-01 1.13E+01 2.48E-06 2.11E+01 6.53E-07 2.86E-01 1.15E+03 4.74E+02 2.023E+03
6.600E-04 3.12E+02 3.23E+00 5.16E+01 2.09E-01 1.18E+01 2.80E-06 2.11E+01 8.02E-07 2.70E-01 1.17E+03 5.42E+02 2.115E+03
6.400E-04 3.21E+02 3.65E+00 4.47E+01 2.43E-01 1.24E+01 3.16E-06 2.10E+01 9.72E-07 4.24E-01 1.22E+03 6.12E+02 2.232E+03
6.300E-04 3.28E+02 3.85E+00 4.17E+01 2.64E-01 1.26E+01 3.37E-06 2.09E+01 1.07E-06 6.81E-01 1.24E+03 6.43E+02 2.291E+03
6.200E-04 3.30E+02 4.04E+00 4.10E+01 2.87E-01 1.31E+01 3.59E-06 2.08E+01 1.17E-06 9.38E-01 1.25E+03 6.77E+02 2.337E+03
6.100E-04 3.33E+02 4.27E+00 4.08E+01 3.09E-01 1.35E+01 3.83E-06 2.07E+01 1.28E-06 6.68E-01 1.27E+03 7.14E+02 2.394E+03
5.900E-04 3.47E+02 4.80E+00 3.35E+01 3.60E-01 1.42E+01 4.37E-06 2.04E+01 1.53E-06 2.77E-01 1.31E+03 7.91E+02 2.526E+03
5.500E-04 3.36E+02 5.77E+00 2.48E+01 5.07E-01 1.59E+01 5.77E-06 2.01E+01 2.20E-06 2.20E-01 1.31E+03 9.74E+02 2.686E+03
5.300E-04 3.40E+02 6.65E+00 2.21E+01 6.03E-01 1.69E+01 6.68E-06 2.02E+01 2.63E-06 3.72E-01 1.34E+03 1.10E+03 2.844E+03
5.200E-04 3.41E+02 7.11E+00 2.08E+01 6.58E-01 1.75E+01 7.20E-06 2.02E+01 2.88E-06 6.17E-01 1.35E+03 1.16E+03 2.922E+03
5.100E-04 3.44E+02 7.66E+00 1.95E+01 7.19E-01 1.80E+01 7.77E-06 2.03E+01 3.16E-06 8.70E-01 1.37E+03 1.23E+03 3.014E+03
5.000E-04 3.48E+02 8.24E+00 1.80E+01 7.98E-01 1.86E+01 8.41E-06 2.04E+01 3.47E-06 6.10E-01 1.39E+03 1.30E+03 3.107E+03
4.800E-04 3.54E+02 9.52E+00 1.59E+01 9.59E-01 1.98E+01 9.88E-06 2.07E+01 4.19E-06 2.51E-01 1.43E+03 1.45E+03 3.294E+03
4.500E-04 3.67E+02 1.19E+01 1.34E+01 1.28E+00 2.20E+01 1.27E-05 2.15E+01 5.60E-06 1.70E-01 1.49E+03 1.68E+03 3.608E+03
4.000E-04 3.84E+02 1.82E+01 9.86E+00 2.13E+00 2.65E+01 2.03E-05 2.31E+01 9.36E-06 1.80E-01 1.59E+03 2.19E+03 4.249E+03
3.800E-04 3.94E+02 2.20E+01 8.68E+00 2.65E+00 2.87E+01 2.48E-05 2.38E+01 1.17E-05 2.03E-01 1.65E+03 2.44E+03 4.562E+03
3.600E-04 4.05E+02 2.68E+01 7.62E+00 3.33E+00 3.12E+01 3.07E-05 2.46E+01 1.46E-05 2.57E-01 1.70E+03 2.71E+03 4.903E+03
3.400E-04 4.26E+02 3.28E+01 6.69E+00 4.23E+00 3.42E+01 3.85E-05 2.55E+01 1.86E-05 6.22E-01 1.77E+03 2.96E+03 5.262E+03
3.300E-04 4.26E+02 3.62E+01 6.25E+00 4.79E+00 3.58E+01 4.33E-05 2.60E+01 2.11E-05 1.81E+00 1.78E+03 3.12E+03 5.433E+03
3.200E-04 4.29E+02 4.07E+01 5.82E+00 5.45E+00 3.76E+01 4.89E-05 2.64E+01 2.39E-05 6.30E-01 1.80E+03 3.29E+03 5.634E+03
3.150E-04 4.34E+02 4.32E+01 5.63E+00 5.81E+00 3.85E+01 5.20E-05 2.66E+01 2.55E-05 4.46E-01 1.82E+03 3.37E+03 5.743E+03
3.100E-04 4.39E+02 4.58E+01 5.44E+00 6.21E+00 3.95E+01 5.54E-05 2.68E+01 2.73E-05 3.73E-01 1.83E+03 3.45E+03 5.851E+03
3.080E-04 4.41E+02 4.68E+01 5.36E+00 6.38E+00 3.99E+01 5.68E-05 2.69E+01 2.80E-05 3.56E-01 1.84E+03 3.49E+03 5.894E+03
3.050E-04 4.43E+02 4.85E+01 5.24E+00 6.65E+00 4.05E+01 5.90E-05 2.71E+01 2.92E-05 3.40E-01 1.85E+03 3.54E+03 5.959E+03
3.000E-04 4.46E+02 5.15E+01 5.07E+00 7.12E+00 4.16E+01 6.30E-05 2.74E+01 3.12E-05 3.26E-01 1.86E+03 3.63E+03 6.072E+03
2.900E-04 4.57E+02 5.82E+01 4.72E+00 8.19E+00 4.39E+01 7.19E-05 2.79E+01 3.59E-05 3.22E-01 1.90E+03 3.80E+03 6.302E+03
2.800E-04 4.61E+02 6.58E+01 4.40E+00 9.46E+00 4.64E+01 8.26E-05 2.86E+01 4.15E-05 3.34E-01 1.92E+03 3.99E+03 6.531E+03
2.600E-04 4.78E+02 8.65E+01 3.80E+00 1.28E+01 5.20E+01 1.10E-04 3.00E+01 5.62E-05 3.78E-01 1.98E+03 4.38E+03 7.022E+03
2.500E-04 4.90E+02 1.00E+02 3.52E+00 1.51E+01 5.53E+01 1.29E-04 3.08E+01 6.59E-05 4.09E-01 2.02E+03 4.57E+03 7.284E+03
2.200E-04 5.43E+02 1.58E+02 2.82E+00 2.54E+01 6.72E+01 2.13E-04 3.37E+01 1.11E-04 5.45E-01 2.16E+03 5.09E+03 8.082E+03
2.159E-04 5.49E+02 1.68E+02 2.73E+00 2.74E+01 6.92E+01 2.29E-04 3.42E+01 1.20E-04 5.71E-01 2.17E+03 5.16E+03 8.185E+03
2.000E-04 5.86E+02 2.19E+02 2.45E+00 3.73E+01 7.78E+01 3.09E-04 3.62E+01 1.63E-04 6.90E-01 2.26E+03 5.38E+03 8.606E+03
1.662E-04 6.88E+02 3.92E+02 1.93E+00 7.86E+01 1.03E+02 6.38E-04 4.19E+01 3.43E-04 1.14E+00 2.45E+03 5.67E+03 9.423E+03
1.650E-04 6.92E+02 4.00E+02 1.91E+00 8.09E+01 1.05E+02 6.56E-04 4.22E+01 3.53E-04 1.16E+00 2.46E+03 5.67E+03 9.451E+03
1.250E-04 9.35E+02 8.67E+02 1.72E+00 2.40E+02 1.61E+02 1.94E-03 5.35E+01 1.07E-03 2.59E+00 2.74E+03 5.64E+03 1.064E+04
1.235E-04 9.48E+02 8.93E+02 1.70E+00 2.51E+02 1.64E+02 2.04E-03 5.41E+01 1.13E-03 2.68E+00 2.75E+03 5.64E+03 1.071E+04
1.130E-04 1.05E+03 1.10E+03 1.77E+00 3.51E+02 1.88E+02 2.88E-03 5.88E+01 1.61E-03 3.46E+00 2.84E+03 5.59E+03 1.119E+04
1.000E-04 1.21E+03 1.40E+03 1.96E+00 5.46E+02 2.30E+02 4.65E-03 6.59E+01 2.62E-03 4.87E+00 2.97E+03 5.48E+03 1.191E+04
9.500E-05 1.29E+03 1.52E+03 1.97E+00 6.53E+02 2.50E+02 5.68E-03 6.92E+01 3.22E-03 5.59E+00 3.03E+03 5.40E+03 1.222E+04
9.300E-05 1.32E+03 1.57E+03 2.01E+00 7.02E+02 2.58E+02 6.17E-03 7.06E+01 3.51E-03 5.92E+00 3.05E+03 5.37E+03 1.235E+04
9.200E-05 1.34E+03 1.60E+03 2.04E+00 7.28E+02 2.63E+02 6.43E-03 7.13E+01 3.66E-03 6.09E+00 3.06E+03 5.35E+03 1.241E+04
9.100E-05 1.35E+03 1.63E+03 2.07E+00 7.55E+02 2.67E+02 6.71E-03 7.21E+01 3.82E-03 6.27E+00 3.07E+03 5.33E+03 1.248E+04
9.000E-05 1.37E+03 1.65E+03 2.10E+00 7.84E+02 2.72E+02 7.01E-03 7.28E+01 4.00E-03 6.45E+00 3.08E+03 5.31E+03 1.254E+04
8.900E-05 1.38E+03 1.68E+03 2.13E+00 8.13E+02 2.77E+02 7.32E-03 7.36E+01 4.18E-03 6.64E+00 3.09E+03 5.29E+03 1.261E+04
8.800E-05 1.40E+03 1.71E+03 2.16E+00 8.44E+02 2.82E+02 7.64E-03 7.44E+01 4.37E-03 6.84E+00 3.10E+03 5.26E+03 1.268E+04
8.700E-05 1.42E+03 1.73E+03 2.20E+00 8.77E+02 2.87E+02 7.99E-03 7.52E+01 4.58E-03 7.05E+00 3.11E+03 5.24E+03 1.275E+04
8.600E-05 1.43E+03 1.76E+03 2.23E+00 9.11E+02 2.93E+02 8.36E-03 7.60E+01 4.80E-03 7.26E+00 3.12E+03 5.22E+03 1.282E+04
8.500E-05 1.45E+03 1.79E+03 2.27E+00 9.46E+02 2.98E+02 8.74E-03 7.69E+01 5.02E-03 7.48E+00 3.13E+03 5.19E+03 1.289E+04
8.400E-05 1.47E+03 1.82E+03 2.31E+00 9.83E+02 3.04E+02 9.15E-03 7.77E+01 5.27E-03 7.72E+00 3.14E+03 5.17E+03 1.297E+04
8.330E-05 1.48E+03 1.84E+03 2.33E+00 1.01E+03 3.08E+02 9.46E-03 7.83E+01 5.45E-03 7.88E+00 3.14E+03 5.15E+03 1.302E+04
8.200E-05 1.50E+03 1.88E+03 2.38E+00 1.06E+03 3.15E+02 1.00E-02 7.95E+01 5.80E-03 8.20E+00 3.15E+03 5.11E+03 1.312E+04
8.100E-05 1.52E+03 1.91E+03 2.43E+00 1.11E+03 3.21E+02 1.05E-02 8.04E+01 6.09E-03 8.46E+00 3.16E+03 5.08E+03 1.320E+04
8.000E-05 1.55E+03 1.94E+03 2.46E+00 1.15E+03 3.28E+02 1.11E-02 8.14E+01 6.40E-03 8.73E+00 3.17E+03 5.05E+03 1.329E+04
7.900E-05 1.57E+03 1.97E+03 2.51E+00 1.20E+03 3.34E+02 1.16E-02 8.23E+01 6.74E-03 9.01E+00 3.18E+03 5.02E+03 1.337E+04
7.800E-05 1.59E+03 2.00E+03 2.56E+00 1.25E+03 3.41E+02 1.22E-02 8.33E+01 7.09E-03 9.30E+00 3.20E+03 4.98E+03 1.346E+04
7.700E-05 1.61E+03 2.03E+03 2.61E+00 1.30E+03 3.48E+02 1.28E-02 8.43E+01 7.47E-03 9.60E+00 3.21E+03 4.95E+03 1.355E+04
7.600E-05 1.64E+03 2.06E+03 2.71E+00 1.36E+03 3.55E+02 1.35E-02 8.54E+01 7.87E-03 9.92E+00 3.22E+03 4.91E+03 1.364E+04
7.500E-05 1.67E+03 2.09E+03 2.82E+00 1.41E+03 3.62E+02 1.42E-02 8.64E+01 8.30E-03 1.02E+01 3.23E+03 4.87E+03 1.373E+04
7.400E-05 1.69E+03 2.12E+03 2.92E+00 1.48E+03 3.70E+02 1.49E-02 8.75E+01 8.76E-03 1.06E+01 3.24E+03 4.83E+03 1.383E+04
7.300E-05 1.72E+03 2.14E+03 3.05E+00 1.54E+03 3.77E+02 1.58E-02 8.87E+01 9.25E-03 1.09E+01 3.26E+03 4.79E+03 1.393E+04
7.140E-05 1.76E+03 2.18E+03 3.16E+00 1.65E+03 3.90E+02 1.72E-02 9.05E+01 1.01E-02 1.15E+01 3.28E+03 4.73E+03 1.410E+04
7.100E-05 1.78E+03 2.19E+03 3.15E+00 1.68E+03 3.93E+02 1.75E-02 9.10E+01 1.03E-02 1.17E+01 3.28E+03 4.71E+03 1.415E+04
7.000E-05 1.80E+03 2.22E+03 3.26E+00 1.76E+03 4.02E+02 1.85E-02 9.22E+01 1.10E-02 1.21E+01 3.29E+03 4.67E+03 1.426E+04
6.900E-05 1.83E+03 2.24E+03 3.38E+00 1.84E+03 4.10E+02 1.96E-02 9.35E+01 1.16E-02 1.25E+01 3.31E+03 4.63E+03 1.438E+04
6.800E-05 1.86E+03 2.26E+03 3.53E+00 1.93E+03 4.19E+02 2.07E-02 9.48E+01 1.23E-02 1.30E+01 3.32E+03 4.59E+03 1.450E+04
6.700E-05 1.89E+03 2.29E+03 3.67E+00 2.02E+03 4.29E+02 2.20E-02 9.61E+01 1.31E-02 1.34E+01 3.33E+03 4.55E+03 1.463E+04
6.600E-05 1.93E+03 2.31E+03 3.85E+00 2.12E+03 4.38E+02 2.33E-02 9.75E+01 1.39E-02 1.39E+01 3.34E+03 4.51E+03 1.476E+04
6.500E-05 1.96E+03 2.33E+03 3.95E+00 2.22E+03 4.48E+02 2.47E-02 9.89E+01 1.48E-02 1.44E+01 3.36E+03 4.47E+03 1.490E+04
6.400E-05 1.99E+03 2.35E+03 4.02E+00 2.33E+03 4.59E+02 2.63E-02 1.00E+02 1.57E-02 1.50E+01 3.37E+03 4.42E+03 1.504E+04
6.300E-05 2.02E+03 2.37E+03 4.15E+00 2.45E+03 4.70E+02 2.79E-02 1.02E+02 1.67E-02 1.56E+01 3.38E+03 4.38E+03 1.519E+04
6.250E-05 2.04E+03 2.38E+03 4.20E+00 2.51E+03 4.76E+02 2.88E-02 1.03E+02 1.73E-02 1.58E+01 3.39E+03 4.36E+03 1.527E+04
6.200E-05 2.06E+03 2.38E+03 4.32E+00 2.57E+03 4.82E+02 2.97E-02 1.03E+02 1.78E-02 1.61E+01 3.39E+03 4.33E+03 1.534E+04
6.100E-05 2.10E+03 2.40E+03 4.57E+00 2.70E+03 4.93E+02 3.17E-02 1.05E+02 1.91E-02 1.68E+01 3.40E+03 4.28E+03 1.550E+04
6.000E-05 2.14E+03 2.41E+03 4.74E+00 2.84E+03 5.05E+02 3.38E-02 1.07E+02 2.04E-02 1.74E+01 3.41E+03 4.23E+03 1.567E+04
5.900E-05 2.18E+03 2.43E+03 4.94E+00 2.98E+03 5.18E+02 3.61E-02 1.08E+02 2.18E-02 1.81E+01 3.42E+03 4.18E+03 1.584E+04
5.800E-05 2.22E+03 2.43E+03 5.19E+00 3.14E+03 5.31E+02 3.86E-02 1.10E+02 2.34E-02 1.89E+01 3.44E+03 4.13E+03 1.602E+04
5.700E-05 2.26E+03 2.44E+03 5.48E+00 3.30E+03 5.44E+02 4.14E-02 1.12E+02 2.51E-02 1.97E+01 3.45E+03 4.08E+03 1.621E+04
5.600E-05 2.30E+03 2.45E+03 5.75E+00 3.47E+03 5.58E+02 4.44E-02 1.14E+02 2.69E-02 2.05E+01 3.46E+03 4.03E+03 1.640E+04
5.500E-05 2.34E+03 2.45E+03 6.04E+00 3.65E+03 5.72E+02 4.76E-02 1.16E+02 2.89E-02 2.14E+01 3.47E+03 3.98E+03 1.661E+04
5.477E-05 2.35E+03 2.45E+03 6.09E+00 3.69E+03 5.76E+02 4.84E-02 1.16E+02 2.94E-02 2.77E+01 3.47E+03 3.97E+03 1.666E+04
5.400E-05 2.39E+03 2.45E+03 6.29E+00 3.84E+03 5.90E+02 5.13E-02 1.18E+02 3.12E-02 2.88E+01 3.48E+03 3.93E+03 1.683E+04
5.300E-05 2.43E+03 2.45E+03 6.60E+00 4.04E+03 6.08E+02 5.53E-02 1.20E+02 3.36E-02 3.03E+01 3.49E+03 3.89E+03 1.706E+04
5.200E-05 2.48E+03 2.45E+03 7.03E+00 4.25E+03 6.26E+02 5.97E-02 1.22E+02 3.64E-02 3.20E+01 3.49E+03 3.85E+03 1.730E+04
5.100E-05 2.52E+03 2.44E+03 7.43E+00 4.47E+03 6.45E+02 6.46E-02 1.24E+02 3.93E-02 3.38E+01 3.50E+03 3.80E+03 1.754E+04
5.000E-05 2.56E+03 2.44E+03 7.87E+00 4.70E+03 6.65E+02 6.99E-02 1.27E+02 4.26E-02 3.58E+01 3.50E+03 3.76E+03 1.780E+04
4.900E-05 2.61E+03 2.43E+03 8.29E+00 4.94E+03 6.86E+02 7.59E-02 1.29E+02 4.63E-02 3.79E+01 3.51E+03 3.73E+03 1.807E+04
4.880E-05 2.61E+03 2.43E+03 8.38E+00 4.99E+03 6.90E+02 7.71E-02 1.30E+02 4.71E-02 3.84E+01 3.51E+03 3.72E+03 1.813E+04
4.800E-05 2.65E+03 2.43E+03 8.76E+00 5.19E+03 7.11E+02 8.25E-02 1.32E+02 5.03E-02 4.03E+01 3.51E+03 3.69E+03 1.836E+04
4.760E-05 2.67E+03 2.43E+03 8.99E+00 5.30E+03 7.22E+02 8.54E-02 1.33E+02 5.21E-02 4.13E+01 3.51E+03 3.68E+03 1.848E+04
4.700E-05 2.69E+03 2.42E+03 9.30E+00 5.46E+03 7.39E+02 9.00E-02 1.34E+02 5.49E-02 4.29E+01 3.51E+03 3.66E+03 1.866E+04
4.650E-05 2.71E+03 2.42E+03 9.55E+00 5.60E+03 7.53E+02 9.40E-02 1.36E+02 5.73E-02 4.44E+01 3.51E+03 3.64E+03 1.882E+04
4.600E-05 2.73E+03 2.42E+03 9.93E+00 5.74E+03 7.68E+02 9.82E-02 1.37E+02 5.99E-02 4.59E+01 3.51E+03 3.63E+03 1.898E+04
4.550E-05 2.75E+03 2.41E+03 1.04E+01 5.88E+03 7.83E+02 1.03E-01 1.39E+02 6.26E-02 4.75E+01 3.51E+03 3.61E+03 1.914E+04
4.500E-05 2.77E+03 2.41E+03 1.08E+01 6.03E+03 7.99E+02 1.08E-01 1.40E+02 6.55E-02 4.91E+01 3.50E+03 3.60E+03 1.931E+04
4.440E-05 2.79E+03 2.41E+03 1.14E+01 6.22E+03 8.18E+02 1.14E-01 1.42E+02 6.92E-02 5.13E+01 3.50E+03 3.58E+03 1.953E+04
4.350E-05 2.83E+03 2.40E+03 1.25E+01 6.51E+03 8.49E+02 1.24E-01 1.45E+02 7.53E-02 5.48E+01 3.50E+03 3.56E+03 1.986E+04
4.170E-05 2.90E+03 2.39E+03 1.53E+01 7.13E+03 9.21E+02 1.47E-01 1.50E+02 8.96E-02 6.32E+01 3.49E+03 3.52E+03 2.058E+04
4.000E-05 2.96E+03 2.38E+03 2.03E+01 7.77E+03 9.96E+02 1.75E-01 1.56E+02 1.06E-01 7.33E+01 3.47E+03 3.50E+03 2.133E+04
3.850E-05 3.01E+03 2.37E+03 2.70E+01 8.39E+03 1.07E+03 2.05E-01 1.62E+02 1.25E-01 8.46E+01 3.46E+03 3.48E+03 2.205E+04
3.656E-05 3.07E+03 2.36E+03 3.98E+01 9.25E+03 1.17E+03 2.55E-01 1.69E+02 1.55E-01 1.04E+02 3.44E+03 3.46E+03 2.306E+04
3.570E-05 3.10E+03 2.36E+03 4.65E+01 9.64E+03 1.22E+03 2.83E-01 1.73E+02 1.71E-01 1.15E+02 3.43E+03 3.45E+03 2.353E+04
3.330E-05 3.16E+03 2.35E+03 7.00E+01 1.08E+04 1.38E+03 3.87E-01 1.83E+02 2.29E-01 1.60E+02 3.39E+03 3.44E+03 2.496E+04
3.130E-05 3.21E+03 2.34E+03 9.32E+01 1.19E+04 1.59E+03 5.22E-01 1.93E+02 2.98E-01 2.25E+02 3.36E+03 3.44E+03 2.632E+04
3.000E-05 3.24E+03 2.33E+03 1.12E+02 1.26E+04 1.77E+03 6.47E-01 2.00E+02 3.57E-01 2.95E+02 3.34E+03 3.44E+03 2.731E+04
2.940E-05 3.25E+03 2.33E+03 1.21E+02 1.29E+04 1.87E+03 7.18E-01 2.03E+02 3.90E-01 3.40E+02 3.33E+03 3.43E+03 2.779E+04
2.780E-05 3.28E+03 2.32E+03 1.49E+02 1.38E+04 2.19E+03 9.85E-01 2.12E+02 4.97E-01 5.34E+02 3.30E+03 3.43E+03 2.919E+04
2.630E-05 3.29E+03 2.31E+03 1.78E+02 1.46E+04 2.67E+03 1.40E+00 2.20E+02 6.36E-01 9.42E+02 3.28E+03 3.43E+03 3.088E+04
2.500E-05 3.30E+03 2.30E+03 2.11E+02 1.52E+04 3.34E+03 2.04E+00 2.27E+02 7.99E-01 1.86E+03 3.25E+03 3.43E+03 3.311E+04
2.380E-05 3.31E+03 2.30E+03 2.53E+02 1.57E+04 4.60E+03 3.12E+00 2.28E+02 1.00E+00 4.23E+03 3.23E+03 3.43E+03 3.727E+04
2.270E-05 3.31E+03 2.29E+03 3.11E+02 1.60E+04 6.64E+03 4.56E+00 2.37E+02 1.26E+00 7.15E+03 3.21E+03 3.43E+03 4.262E+04
2.170E-05 3.31E+03 2.29E+03 3.89E+02 1.62E+04 8.98E+03 5.93E+00 2.67E+02 1.57E+00 4.41E+03 3.18E+03 3.43E+03 4.251E+04
2.080E-05 3.30E+03 2.28E+03 5.34E+02 1.64E+04 9.31E+03 5.50E+00 3.33E+02 1.96E+00 2.16E+03 3.16E+03 3.43E+03 4.087E+04
2.000E-05 3.29E+03 2.28E+03 1.99E+03 1.51E+04 8.07E+03 4.31E+00 4.24E+02 2.40E+00 1.24E+03 3.14E+03 3.43E+03 3.895E+04
1.920E-05 3.28E+03 2.28E+03 3.99E+03 1.33E+04 6.27E+03 2.96E+00 5.82E+02 2.98E+00 7.89E+02 3.12E+03 3.43E+03 3.710E+04
1.850E-05 3.29E+03 2.30E+03 5.29E+03 1.24E+04 4.91E+03 2.09E+00 7.81E+02 3.65E+00 5.71E+02 3.10E+03 3.44E+03 3.606E+04
1.790E-05 3.29E+03 2.32E+03 6.89E+03 1.10E+04 3.99E+03 1.60E+00 9.96E+02 4.37E+00 4.54E+02 3.08E+03 3.45E+03 3.548E+04
1.720E-05 3.30E+03 2.33E+03 8.09E+03 1.00E+04 3.20E+03 1.27E+00 1.38E+03 5.48E+00 3.66E+02 3.05E+03 3.46E+03 3.519E+04
1.670E-05 3.30E+03 2.35E+03 8.67E+03 9.53E+03 2.74E+03 1.16E+00 1.74E+03 6.48E+00 3.24E+02 3.03E+03 3.47E+03 3.515E+04
1.610E-05 3.31E+03 2.37E+03 9.20E+03 9.10E+03 2.31E+03 1.18E+00 2.37E+03 8.00E+00 2.92E+02 3.00E+03 3.48E+03 3.544E+04
1.560E-05 3.32E+03 2.38E+03 9.53E+03 8.83E+03 2.03E+03 1.33E+00 3.10E+03 9.58E+00 2.76E+02 2.98E+03 3.49E+03 3.594E+04
1.520E-05 3.32E+03 2.39E+03 9.76E+03 8.64E+03 1.84E+03 1.54E+00 3.87E+03 1.10E+01 2.69E+02 2.96E+03 3.50E+03 3.656E+04
1.470E-05 3.33E+03 2.40E+03 9.95E+03 8.44E+03 1.64E+03 1.95E+00 4.99E+03 1.30E+01 2.69E+02 2.93E+03 3.51E+03 3.747E+04
1.430E-05 3.33E+03 2.41E+03 1.01E+04 8.31E+03 1.54E+03 2.44E+00 5.94E+03 1.46E+01 2.75E+02 2.92E+03 3.51E+03 3.830E+04
1.390E-05 3.32E+03 2.41E+03 1.01E+04 8.19E+03 1.49E+03 3.10E+00 6.69E+03 1.61E+01 2.88E+02 2.91E+03 3.50E+03 3.895E+04
1.350E-05 3.32E+03 2.41E+03 1.02E+04 8.08E+03 1.49E+03 3.97E+00 7.39E+03 1.81E+01 3.07E+02 2.91E+03 3.50E+03 3.958E+04
1.320E-05 3.31E+03 2.41E+03 1.02E+04 7.99E+03 1.52E+03 4.82E+00 7.94E+03 1.98E+01 3.28E+02 2.90E+03 3.50E+03 4.009E+04
1.280E-05 3.31E+03 2.42E+03 1.02E+04 7.89E+03 1.62E+03 6.32E+00 8.73E+03 2.25E+01 3.65E+02 2.89E+03 3.50E+03 4.092E+04
1.250E-05 3.30E+03 2.42E+03 1.01E+04 7.88E+03 1.75E+03 7.80E+00 9.38E+03 2.50E+01 4.02E+02 2.88E+03 3.50E+03 4.169E+04
1.220E-05 3.29E+03 2.43E+03 1.01E+04 7.88E+03 1.96E+03 9.66E+00 1.01E+04 2.79E+01 4.50E+02 2.87E+03 3.50E+03 4.265E+04
1.190E-05 3.28E+03 2.43E+03 1.02E+04 7.96E+03 2.23E+03 1.20E+01 1.09E+04 3.12E+01 5.12E+02 2.86E+03 3.50E+03 4.389E+04
1.160E-05 3.27E+03 2.43E+03 1.02E+04 8.03E+03 2.54E+03 1.49E+01 1.18E+04 3.52E+01 5.92E+02 2.85E+03 3.50E+03 4.527E+04
1.140E-05 3.26E+03 2.43E+03 1.02E+04 8.04E+03 2.80E+03 1.76E+01 1.25E+04 3.83E+01 6.59E+02 2.84E+03 3.50E+03 4.628E+04
1.110E-05 3.24E+03 2.42E+03 1.03E+04 8.06E+03 3.21E+03 2.29E+01 1.36E+04 4.37E+01 7.87E+02 2.83E+03 3.51E+03 4.795E+04
1.080E-05 3.22E+03 2.42E+03 1.03E+04 8.09E+03 4.33E+03 3.06E+01 1.49E+04 5.04E+01 9.59E+02 2.81E+03 3.51E+03 5.059E+04
1.050E-05 3.19E+03 2.41E+03 1.03E+04 8.12E+03 5.77E+03 3.97E+01 1.65E+04 5.89E+01 1.19E+03 2.80E+03 3.52E+03 5.393E+04
1.030E-05 3.17E+03 2.41E+03 1.03E+04 8.14E+03 6.88E+03 4.54E+01 1.81E+04 6.56E+01 1.39E+03 2.79E+03 3.52E+03 5.679E+04
1.000E-05 3.15E+03 2.40E+03 1.03E+04 8.17E+03 8.44E+03 5.55E+01 2.03E+04 7.53E+01 1.77E+03 2.77E+03 3.52E+03 6.093E+04
9.750E-06 3.12E+03 2.39E+03 1.03E+04 8.19E+03 1.02E+04 6.88E+01 2.20E+04 8.38E+01 2.15E+03 2.76E+03 3.52E+03 6.489E+04
9.500E-06 3.09E+03 2.38E+03 1.03E+04 8.23E+03 1.23E+04 8.15E+01 2.39E+04 9.32E+01 2.53E+03 2.75E+03 3.52E+03 6.925E+04
9.250E-06 3.07E+03 2.37E+03 1.03E+04 8.25E+03 1.39E+04 9.10E+01 2.59E+04 1.02E+02 2.82E+03 2.75E+03 3.52E+03 7.302E+04
9.080E-06 3.04E+03 2.36E+03 1.03E+04 8.27E+03 1.49E+04 9.78E+01 2.70E+04 1.07E+02 2.88E+03 2.74E+03 3.51E+03 7.514E+04
