 # Optical depth (Siebenmorgen 2023, A&A 670A,115; SC 2023 doi: 10.48550/arXiv.2311.03310)
 # wel(cm) sa_aC    ss_aC    sa_Si    ss_Si    sa_vgr   ss_vgr   sa_vsi   ss_vsi   s_pahS+B sa_Dark  ss_Dark sigt
 # --------------------------------------------------------------------------------------------------------------
 1.000E+00 1.75E-07 1.01E-16 3.00E-07 5.64E-17 7.60E-09 6.67E-23 6.51E-08 1.02E-22 3.30E-12 6.82E-06 1.53E-12 7.363E-06
 2.159E-04 3.92E-02 6.18E-03 2.21E-04 4.69E-03 6.12E-03 2.14E-08 2.98E-03 1.10E-08 3.39E-05 2.32E-01 3.74E-01 6.660E-01
 1.662E-04 4.85E-02 1.62E-02 1.60E-04 1.32E-02 9.15E-03 5.97E-08 3.66E-03 3.16E-08 6.75E-05 2.41E-01 3.85E-01 7.171E-01
 1.235E-04 6.60E-02 4.38E-02 1.45E-04 3.93E-02 1.45E-02 1.91E-07 4.72E-03 1.04E-07 1.59E-04 2.50E-01 3.85E-01 8.040E-01
 5.477E-05 2.02E-01 2.11E-01 5.36E-04 4.10E-01 5.10E-02 4.53E-06 1.02E-02 2.72E-06 1.65E-03 2.75E-01 3.25E-01 1.487E+00
 4.440E-05 2.51E-01 2.18E-01 9.99E-04 6.07E-01 7.24E-02 1.06E-05 1.24E-02 6.38E-06 3.04E-03 2.76E-01 3.05E-01 1.745E+00
 3.656E-05 2.82E-01 2.15E-01 3.41E-03 7.92E-01 1.03E-01 2.39E-05 1.48E-02 1.43E-05 6.18E-03 2.72E-01 2.94E-01 1.982E+00
 2.780E-05 3.03E-01 2.09E-01 1.25E-02 9.63E-01 1.94E-01 9.22E-05 1.85E-02 4.59E-05 3.17E-02 2.64E-01 2.87E-01 2.282E+00
 2.630E-05 3.04E-01 2.08E-01 1.48E-02 9.76E-01 2.37E-01 1.31E-04 1.92E-02 5.87E-05 5.59E-02 2.62E-01 2.87E-01 2.364E+00
 2.500E-05 3.05E-01 2.07E-01 1.75E-02 9.81E-01 2.95E-01 1.91E-04 1.99E-02 7.37E-05 1.10E-01 2.61E-01 2.86E-01 2.484E+00
 2.380E-05 3.05E-01 2.07E-01 2.08E-02 9.81E-01 4.07E-01 2.92E-04 1.99E-02 9.25E-05 2.51E-01 2.60E-01 2.86E-01 2.738E+00
 2.270E-05 3.05E-01 2.06E-01 2.54E-02 9.79E-01 5.88E-01 4.27E-04 2.07E-02 1.16E-04 4.25E-01 2.58E-01 2.86E-01 3.094E+00
 2.170E-05 3.05E-01 2.05E-01 3.16E-02 9.78E-01 7.96E-01 5.55E-04 2.33E-02 1.45E-04 2.62E-01 2.57E-01 2.86E-01 3.145E+00
 2.080E-05 3.04E-01 2.05E-01 4.29E-02 9.83E-01 8.24E-01 5.15E-04 2.91E-02 1.81E-04 1.28E-01 2.55E-01 2.86E-01 3.059E+00
 2.000E-05 3.03E-01 2.05E-01 1.49E-01 8.94E-01 7.15E-01 4.03E-04 3.70E-02 2.21E-04 7.36E-02 2.54E-01 2.87E-01 2.918E+00
 1.920E-05 3.02E-01 2.05E-01 2.77E-01 7.81E-01 5.55E-01 2.77E-04 5.09E-02 2.75E-04 4.68E-02 2.53E-01 2.87E-01 2.757E+00
 1.850E-05 3.02E-01 2.07E-01 3.50E-01 7.16E-01 4.35E-01 1.96E-04 6.82E-02 3.37E-04 3.39E-02 2.51E-01 2.88E-01 2.652E+00
 1.790E-05 3.03E-01 2.09E-01 4.33E-01 6.33E-01 3.53E-01 1.50E-04 8.70E-02 4.04E-04 2.69E-02 2.49E-01 2.88E-01 2.583E+00
 1.720E-05 3.03E-01 2.10E-01 4.88E-01 5.79E-01 2.84E-01 1.19E-04 1.21E-01 5.06E-04 2.17E-02 2.47E-01 2.89E-01 2.543E+00
 1.670E-05 3.03E-01 2.12E-01 5.11E-01 5.55E-01 2.43E-01 1.08E-04 1.52E-01 5.98E-04 1.92E-02 2.46E-01 2.90E-01 2.532E+00
 1.610E-05 3.04E-01 2.13E-01 5.31E-01 5.35E-01 2.05E-01 1.10E-04 2.07E-01 7.38E-04 1.73E-02 2.44E-01 2.91E-01 2.548E+00
 1.560E-05 3.05E-01 2.14E-01 5.42E-01 5.23E-01 1.80E-01 1.24E-04 2.71E-01 8.83E-04 1.64E-02 2.42E-01 2.91E-01 2.585E+00
 1.520E-05 3.05E-01 2.15E-01 5.49E-01 5.15E-01 1.63E-01 1.44E-04 3.38E-01 1.02E-03 1.60E-02 2.41E-01 2.92E-01 2.635E+00
 1.470E-05 3.05E-01 2.16E-01 5.54E-01 5.06E-01 1.45E-01 1.82E-04 4.36E-01 1.20E-03 1.60E-02 2.39E-01 2.93E-01 2.711E+00
 1.430E-05 3.05E-01 2.17E-01 5.57E-01 5.00E-01 1.36E-01 2.28E-04 5.19E-01 1.35E-03 1.63E-02 2.38E-01 2.93E-01 2.782E+00
 1.390E-05 3.04E-01 2.17E-01 5.57E-01 4.94E-01 1.32E-01 2.90E-04 5.84E-01 1.49E-03 1.71E-02 2.38E-01 2.92E-01 2.838E+00
 1.350E-05 3.03E-01 2.17E-01 5.58E-01 4.89E-01 1.32E-01 3.71E-04 6.45E-01 1.67E-03 1.83E-02 2.37E-01 2.92E-01 2.894E+00
 1.320E-05 3.03E-01 2.17E-01 5.57E-01 4.84E-01 1.35E-01 4.51E-04 6.94E-01 1.83E-03 1.95E-02 2.37E-01 2.92E-01 2.940E+00
 1.280E-05 3.02E-01 2.17E-01 5.56E-01 4.79E-01 1.43E-01 5.92E-04 7.63E-01 2.08E-03 2.17E-02 2.36E-01 2.92E-01 3.014E+00
 1.250E-05 3.01E-01 2.18E-01 5.55E-01 4.78E-01 1.56E-01 7.30E-04 8.20E-01 2.31E-03 2.39E-02 2.35E-01 2.92E-01 3.082E+00
 1.190E-05 2.99E-01 2.18E-01 5.54E-01 4.81E-01 1.98E-01 1.12E-03 9.53E-01 2.88E-03 3.04E-02 2.34E-01 2.92E-01 3.263E+00
 1.160E-05 2.98E-01 2.18E-01 5.54E-01 4.84E-01 2.25E-01 1.40E-03 1.03E+00 3.25E-03 3.52E-02 2.33E-01 2.92E-01 3.375E+00
 1.140E-05 2.97E-01 2.18E-01 5.54E-01 4.85E-01 2.49E-01 1.64E-03 1.09E+00 3.53E-03 3.92E-02 2.33E-01 2.93E-01 3.460E+00
 1.110E-05 2.95E-01 2.18E-01 5.53E-01 4.86E-01 2.85E-01 2.15E-03 1.19E+00 4.03E-03 4.68E-02 2.32E-01 2.93E-01 3.599E+00
 1.080E-05 2.92E-01 2.17E-01 5.52E-01 4.87E-01 3.84E-01 2.86E-03 1.30E+00 4.65E-03 5.70E-02 2.31E-01 2.93E-01 3.822E+00
 1.050E-05 2.90E-01 2.16E-01 5.51E-01 4.89E-01 5.12E-01 3.71E-03 1.44E+00 5.44E-03 7.08E-02 2.30E-01 2.94E-01 4.105E+00
 1.030E-05 2.88E-01 2.16E-01 5.50E-01 4.89E-01 6.11E-01 4.25E-03 1.58E+00 6.05E-03 8.27E-02 2.29E-01 2.94E-01 4.349E+00
 1.000E-05 2.85E-01 2.15E-01 5.49E-01 4.91E-01 7.49E-01 5.19E-03 1.77E+00 6.95E-03 1.05E-01 2.28E-01 2.94E-01 4.699E+00
 9.750E-06 2.83E-01 2.14E-01 5.47E-01 4.92E-01 9.09E-01 6.44E-03 1.93E+00 7.73E-03 1.27E-01 2.27E-01 2.94E-01 5.034E+00
 9.500E-06 2.80E-01 2.13E-01 5.45E-01 4.94E-01 1.09E+00 7.62E-03 2.09E+00 8.60E-03 1.50E-01 2.27E-01 2.94E-01 5.405E+00
 9.250E-06 2.78E-01 2.12E-01 5.42E-01 4.95E-01 1.23E+00 8.51E-03 2.26E+00 9.45E-03 1.67E-01 2.26E-01 2.94E-01 5.727E+00
 9.080E-06 2.76E-01 2.12E-01 5.38E-01 4.93E-01 1.32E+00 9.15E-03 2.36E+00 9.89E-03 1.71E-01 2.26E-01 2.93E-01 5.905E+00
