 # Polarisation optical depth (Siebenmorgen 2023, A&A 670A,115; SC 2023 doi: 10.48550/arXiv.2311.03310)
 # wel         sigp_aC     sigp_Si      sigp_dark    sigt
 #----------------------------------------------------------------------------------------
   1.000E+00   5.439E-04   4.699E-04   0.000E+00   7.363E-06
   9.000E-01   6.370E-04   5.547E-04   0.000E+00   8.584E-06
   8.000E-01   7.609E-04   6.682E-04   0.000E+00   1.020E-05
   7.000E-01   9.319E-04   8.256E-04   0.000E+00   1.240E-05
   6.000E-01   1.179E-03   1.055E-03   0.000E+00   1.556E-05
   5.500E-01   1.348E-03   1.212E-03   0.000E+00   1.770E-05
   5.000E-01   1.562E-03   1.411E-03   0.000E+00   2.039E-05
   4.500E-01   1.840E-03   1.671E-03   0.000E+00   2.386E-05
   4.000E-01   2.211E-03   2.019E-03   0.000E+00   2.845E-05
   3.500E-01   2.728E-03   2.503E-03   0.000E+00   3.481E-05
   3.000E-01   3.483E-03   3.211E-03   0.000E+00   4.394E-05
   2.500E-01   4.665E-03   4.315E-03   0.000E+00   5.804E-05
   2.098E-01   6.198E-03   5.736E-03   0.000E+00   7.603E-05
   1.500E-01   1.078E-02   9.927E-03   0.000E+00   1.283E-04
   1.382E-01   1.236E-02   1.135E-02   0.000E+00   1.461E-04
   1.320E-01   1.335E-02   1.224E-02   0.000E+00   1.572E-04
   1.150E-01   1.686E-02   1.536E-02   0.000E+00   1.959E-04
   1.000E-01   2.145E-02   1.931E-02   0.000E+00   2.455E-04
   9.970E-02   2.156E-02   1.941E-02   0.000E+00   2.467E-04
   8.670E-02   2.715E-02   2.449E-02   0.000E+00   3.074E-04
   8.500E-02   2.812E-02   2.531E-02   0.000E+00   3.180E-04
   7.500E-02   3.568E-02   3.114E-02   0.000E+00   3.971E-04
   6.000E-02   5.247E-02   4.504E-02   0.000E+00   5.666E-04
   5.500E-02   6.080E-02   5.055E-02   0.000E+00   6.534E-04
   5.000E-02   7.238E-02   6.284E-02   0.000E+00   7.768E-04
   4.500E-02   8.920E-02   8.348E-02   0.000E+00   9.534E-04
   4.000E-02   1.146E-01   1.120E-01   0.000E+00   1.204E-03
   3.500E-02   1.437E-01   1.709E-01   0.000E+00   1.509E-03
   3.000E-02   2.030E-01   2.670E-01   0.000E+00   2.094E-03
   2.750E-02   2.424E-01   3.359E-01   0.000E+00   2.468E-03
   2.500E-02   2.920E-01   4.272E-01   0.000E+00   2.973E-03
   2.400E-02   3.207E-01   4.726E-01   0.000E+00   3.211E-03
   2.000E-02   4.701E-01   7.285E-01   0.000E+00   4.580E-03
   1.800E-02   5.866E-01   8.957E-01   0.000E+00   5.640E-03
   1.600E-02   7.812E-01   1.101E+00   0.000E+00   7.127E-03
   1.500E-02   9.325E-01   1.227E+00   0.000E+00   8.106E-03
   1.400E-02   1.061E+00   1.366E+00   0.000E+00   9.065E-03
   1.200E-02   1.626E+00   1.709E+00   0.000E+00   1.228E-02
   1.000E-02   2.474E+00   2.198E+00   0.000E+00   1.700E-02
   9.000E-03   3.304E+00   2.470E+00   0.000E+00   2.083E-02
   8.000E-03   4.358E+00   2.843E+00   0.000E+00   2.513E-02
   7.500E-03   5.108E+00   3.135E+00   0.000E+00   2.861E-02
   7.000E-03   6.148E+00   3.494E+00   0.000E+00   3.254E-02
   6.000E-03   8.730E+00   4.422E+00   0.000E+00   4.315E-02
   5.000E-03   1.213E+01   6.132E+00   0.000E+00   5.987E-02
   4.500E-03   1.459E+01   7.324E+00   0.000E+00   7.295E-02
   4.000E-03   1.679E+01   8.656E+00   0.000E+00   8.992E-02
   3.500E-03   1.957E+01   1.002E+01   0.000E+00   1.144E-01
   3.000E-03   2.279E+01   1.105E+01   0.000E+00   1.506E-01
   2.750E-03   2.405E+01   1.132E+01   0.000E+00   1.739E-01
   2.500E-03   2.484E+01   1.144E+01   0.000E+00   2.017E-01
   2.400E-03   2.537E+01   1.145E+01   0.000E+00   2.143E-01
   2.350E-03   2.568E+01   1.146E+01   0.000E+00   2.211E-01
   2.320E-03   2.582E+01   1.148E+01   0.000E+00   2.250E-01
   2.310E-03   2.587E+01   1.148E+01   0.000E+00   2.264E-01
   2.300E-03   2.592E+01   1.148E+01   0.000E+00   2.277E-01
   2.250E-03   2.607E+01   1.151E+01   0.000E+00   2.349E-01
   2.200E-03   2.623E+01   1.154E+01   0.000E+00   2.420E-01
   2.150E-03   2.648E+01   1.153E+01   0.000E+00   2.491E-01
   2.120E-03   2.663E+01   1.148E+01   0.000E+00   2.534E-01
   2.110E-03   2.666E+01   1.146E+01   0.000E+00   2.548E-01
   2.100E-03   2.666E+01   1.143E+01   0.000E+00   2.562E-01
   2.080E-03   2.663E+01   1.135E+01   0.000E+00   2.586E-01
   2.000E-03   2.662E+01   1.101E+01   0.000E+00   2.693E-01
   1.950E-03   2.679E+01   1.062E+01   0.000E+00   2.743E-01
   1.900E-03   2.713E+01   1.010E+01   0.000E+00   2.780E-01
   1.850E-03   2.745E+01   9.448E+00   0.000E+00   2.792E-01
   1.830E-03   2.760E+01   9.148E+00   0.000E+00   2.790E-01
   1.820E-03   2.761E+01   8.989E+00   0.000E+00   2.786E-01
   1.810E-03   2.766E+01   8.823E+00   0.000E+00   2.783E-01
   1.800E-03   2.773E+01   8.661E+00   0.000E+00   2.780E-01
   1.750E-03   2.803E+01   7.735E+00   0.000E+00   2.752E-01
   1.700E-03   2.808E+01   6.745E+00   0.000E+00   2.707E-01
   1.670E-03   2.838E+01   6.150E+00   0.000E+00   2.687E-01
   1.650E-03   2.866E+01   5.758E+00   0.000E+00   2.675E-01
   1.640E-03   2.874E+01   5.568E+00   0.000E+00   2.667E-01
   1.630E-03   2.883E+01   5.378E+00   0.000E+00   2.659E-01
   1.610E-03   2.895E+01   5.012E+00   0.000E+00   2.647E-01
   1.600E-03   2.904E+01   4.835E+00   0.000E+00   2.642E-01
   1.590E-03   2.912E+01   4.665E+00   0.000E+00   2.637E-01
   1.580E-03   2.919E+01   4.506E+00   0.000E+00   2.634E-01
   1.570E-03   2.918E+01   4.355E+00   0.000E+00   2.630E-01
   1.560E-03   2.931E+01   4.223E+00   0.000E+00   2.630E-01
   1.540E-03   2.956E+01   4.010E+00   0.000E+00   2.634E-01
   1.520E-03   2.957E+01   3.877E+00   0.000E+00   2.639E-01
   1.510E-03   2.957E+01   3.845E+00   0.000E+00   2.644E-01
   1.500E-03   2.953E+01   3.831E+00   0.000E+00   2.650E-01
   1.450E-03   2.971E+01   3.964E+00   0.000E+00   2.733E-01
   1.440E-03   2.978E+01   4.014E+00   0.000E+00   2.757E-01
   1.430E-03   2.984E+01   4.056E+00   0.000E+00   2.792E-01
   1.420E-03   2.989E+01   4.097E+00   0.000E+00   2.827E-01
   1.400E-03   3.007E+01   4.190E+00   0.000E+00   2.911E-01
   1.380E-03   3.021E+01   4.278E+00   0.000E+00   3.008E-01
   1.370E-03   3.027E+01   4.326E+00   0.000E+00   3.062E-01
   1.360E-03   3.039E+01   4.375E+00   0.000E+00   3.117E-01
   1.350E-03   3.052E+01   4.436E+00   0.000E+00   3.173E-01
   1.340E-03   3.064E+01   4.496E+00   0.000E+00   3.226E-01
   1.330E-03   3.071E+01   4.571E+00   0.000E+00   3.277E-01
   1.320E-03   3.082E+01   4.650E+00   0.000E+00   3.329E-01
   1.310E-03   3.081E+01   4.740E+00   0.000E+00   3.378E-01
   1.290E-03   3.072E+01   4.958E+00   0.000E+00   3.476E-01
   1.280E-03   3.070E+01   5.074E+00   0.000E+00   3.526E-01
   1.270E-03   3.077E+01   5.171E+00   0.000E+00   3.577E-01
   1.260E-03   3.082E+01   5.315E+00   0.000E+00   3.624E-01
   1.250E-03   3.083E+01   5.503E+00   0.000E+00   3.668E-01
   1.220E-03   3.130E+01   6.629E+00   0.000E+00   3.813E-01
   1.210E-03   3.131E+01   7.364E+00   0.000E+00   3.861E-01
   1.200E-03   3.131E+01   8.226E+00   0.000E+00   3.911E-01
   1.190E-03   3.153E+01   9.123E+00   0.000E+00   3.965E-01
   1.180E-03   3.163E+01   9.964E+00   0.000E+00   4.008E-01
   1.170E-03   3.171E+01   1.069E+01   0.000E+00   4.052E-01
   1.160E-03   3.181E+01   1.127E+01   0.000E+00   4.091E-01
   1.150E-03   3.178E+01   1.173E+01   0.000E+00   4.129E-01
   1.140E-03   3.173E+01   1.210E+01   0.000E+00   4.165E-01
   1.130E-03   3.172E+01   1.239E+01   0.000E+00   4.203E-01
   1.120E-03   3.172E+01   1.264E+01   0.000E+00   4.236E-01
   1.110E-03   3.169E+01   1.287E+01   0.000E+00   4.267E-01
   1.090E-03   3.176E+01   1.326E+01   0.000E+00   4.327E-01
   1.050E-03   3.220E+01   1.364E+01   0.000E+00   4.435E-01
   1.000E-03   3.293E+01   1.329E+01   0.000E+00   4.396E-01
   9.800E-04   3.327E+01   1.270E+01   0.000E+00   4.375E-01
   9.600E-04   3.356E+01   1.178E+01   0.000E+00   4.319E-01
   9.500E-04   3.381E+01   1.122E+01   0.000E+00   4.265E-01
   9.400E-04   3.381E+01   1.065E+01   0.000E+00   4.185E-01
   9.200E-04   3.397E+01   9.514E+00   0.000E+00   3.962E-01
   8.900E-04   3.445E+01   7.824E+00   0.000E+00   3.576E-01
   8.700E-04   3.431E+01   6.890E+00   0.000E+00   3.364E-01
   8.600E-04   3.454E+01   6.479E+00   0.000E+00   3.290E-01
   8.500E-04   3.453E+01   6.051E+00   0.000E+00   3.217E-01
   8.400E-04   3.479E+01   5.599E+00   0.000E+00   3.142E-01
   8.200E-04   3.460E+01   4.671E+00   0.000E+00   2.954E-01
   8.000E-04   3.477E+01   3.901E+00   0.000E+00   2.803E-01
   7.900E-04   3.498E+01   3.625E+00   0.000E+00   2.796E-01
   7.800E-04   3.486E+01   3.400E+00   0.000E+00   2.789E-01
   7.700E-04   3.474E+01   3.207E+00   0.000E+00   2.808E-01
   7.600E-04   3.465E+01   3.037E+00   0.000E+00   2.852E-01
   7.500E-04   3.455E+01   2.884E+00   0.000E+00   2.907E-01
   7.300E-04   3.477E+01   2.651E+00   0.000E+00   3.068E-01
   7.200E-04   3.466E+01   2.588E+00   0.000E+00   3.142E-01
   7.100E-04   3.461E+01   2.554E+00   0.000E+00   3.225E-01
   7.000E-04   3.484E+01   2.514E+00   0.000E+00   3.309E-01
   6.900E-04   3.464E+01   2.438E+00   0.000E+00   3.377E-01
   6.800E-04   3.397E+01   2.333E+00   0.000E+00   3.438E-01
   6.600E-04   3.437E+01   2.146E+00   0.000E+00   3.612E-01
   6.400E-04   3.540E+01   1.900E+00   0.000E+00   3.784E-01
   6.300E-04   3.591E+01   1.797E+00   0.000E+00   3.857E-01
   6.200E-04   3.584E+01   1.789E+00   0.000E+00   3.925E-01
   6.100E-04   3.608E+01   1.793E+00   0.000E+00   4.002E-01
   5.900E-04   3.717E+01   1.502E+00   0.000E+00   4.153E-01
   5.500E-04   3.474E+01   1.180E+00   0.000E+00   4.407E-01
   5.300E-04   3.519E+01   1.087E+00   0.000E+00   4.582E-01
   5.200E-04   3.524E+01   1.040E+00   0.000E+00   4.665E-01
   5.100E-04   3.562E+01   9.915E-01   0.000E+00   4.752E-01
   5.000E-04   3.598E+01   9.465E-01   0.000E+00   4.836E-01
   4.800E-04   3.637E+01   8.797E-01   0.000E+00   4.999E-01
   4.500E-04   3.732E+01   8.099E-01   0.000E+00   5.228E-01
   4.000E-04   3.885E+01   7.674E-01   0.000E+00   5.597E-01
   3.800E-04   3.987E+01   7.846E-01   0.000E+00   5.732E-01
   3.600E-04   4.107E+01   8.297E-01   0.000E+00   5.854E-01
   3.400E-04   4.307E+01   9.137E-01   0.000E+00   5.963E-01
   3.300E-04   4.302E+01   9.737E-01   0.000E+00   6.011E-01
   3.200E-04   4.360E+01   1.047E+00   0.000E+00   6.061E-01
   3.150E-04   4.421E+01   1.092E+00   0.000E+00   6.086E-01
   3.100E-04   4.479E+01   1.141E+00   0.000E+00   6.110E-01
   3.080E-04   4.497E+01   1.163E+00   0.000E+00   6.120E-01
   3.050E-04   4.523E+01   1.196E+00   0.000E+00   6.134E-01
   3.000E-04   4.573E+01   1.257E+00   0.000E+00   6.157E-01
   2.900E-04   4.703E+01   1.400E+00   0.000E+00   6.203E-01
   2.800E-04   4.782E+01   1.577E+00   0.000E+00   6.248E-01
   2.600E-04   5.082E+01   2.067E+00   0.000E+00   6.349E-01
   2.500E-04   5.300E+01   2.405E+00   0.000E+00   6.408E-01
   2.200E-04   6.240E+01   4.050E+00   0.000E+00   6.627E-01
   2.159E-04   6.379E+01   4.383E+00   0.000E+00   6.660E-01
   2.000E-04   7.162E+01   6.070E+00   0.000E+00   6.809E-01
   1.662E-04   9.640E+01   1.344E+01   0.000E+00   7.171E-01
   1.650E-04   9.758E+01   1.387E+01   0.000E+00   7.186E-01
   1.250E-04   1.566E+02   4.201E+01   0.000E+00   7.993E-01
   1.235E-04   1.595E+02   4.384E+01   0.000E+00   8.040E-01
   1.130E-04   1.798E+02   5.886E+01   0.000E+00   8.421E-01
   1.000E-04   2.054E+02   8.302E+01   0.000E+00   9.087E-01
   9.500E-05   2.136E+02   9.412E+01   0.000E+00   9.418E-01
   9.300E-05   2.166E+02   9.889E+01   0.000E+00   9.562E-01
   9.200E-05   2.179E+02   1.013E+02   0.000E+00   9.638E-01
   9.100E-05   2.193E+02   1.039E+02   0.000E+00   9.716E-01
   9.000E-05   2.205E+02   1.064E+02   0.000E+00   9.796E-01
   8.900E-05   2.218E+02   1.091E+02   0.000E+00   9.877E-01
   8.800E-05   2.231E+02   1.118E+02   0.000E+00   9.962E-01
   8.700E-05   2.243E+02   1.145E+02   0.000E+00   1.005E+00
   8.600E-05   2.255E+02   1.173E+02   0.000E+00   1.014E+00
   8.500E-05   2.268E+02   1.202E+02   0.000E+00   1.023E+00
   8.400E-05   2.280E+02   1.231E+02   0.000E+00   1.033E+00
   8.330E-05   2.289E+02   1.252E+02   0.000E+00   1.040E+00
   8.200E-05   2.305E+02   1.292E+02   0.000E+00   1.053E+00
   8.100E-05   2.317E+02   1.323E+02   0.000E+00   1.064E+00
   8.000E-05   2.328E+02   1.355E+02   0.000E+00   1.075E+00
   7.900E-05   2.339E+02   1.388E+02   0.000E+00   1.086E+00
   7.800E-05   2.348E+02   1.421E+02   0.000E+00   1.098E+00
   7.700E-05   2.355E+02   1.455E+02   0.000E+00   1.110E+00
   7.600E-05   2.361E+02   1.490E+02   0.000E+00   1.123E+00
   7.500E-05   2.365E+02   1.525E+02   0.000E+00   1.136E+00
   7.400E-05   2.366E+02   1.561E+02   0.000E+00   1.149E+00
   7.300E-05   2.366E+02   1.597E+02   0.000E+00   1.163E+00
   7.140E-05   2.360E+02   1.658E+02   0.000E+00   1.186E+00
   7.100E-05   2.358E+02   1.673E+02   0.000E+00   1.192E+00
   7.000E-05   2.351E+02   1.711E+02   0.000E+00   1.206E+00
   6.900E-05   2.342E+02   1.750E+02   0.000E+00   1.222E+00
   6.800E-05   2.331E+02   1.790E+02   0.000E+00   1.237E+00
   6.700E-05   2.318E+02   1.829E+02   0.000E+00   1.253E+00
   6.600E-05   2.304E+02   1.868E+02   0.000E+00   1.270E+00
   6.500E-05   2.287E+02   1.907E+02   0.000E+00   1.287E+00
   6.400E-05   2.269E+02   1.945E+02   0.000E+00   1.304E+00
   6.300E-05   2.249E+02   1.981E+02   0.000E+00   1.322E+00
   6.250E-05   2.237E+02   1.999E+02   0.000E+00   1.331E+00
   6.200E-05   2.225E+02   2.017E+02   0.000E+00   1.341E+00
   6.100E-05   2.200E+02   2.051E+02   0.000E+00   1.360E+00
   6.000E-05   2.172E+02   2.085E+02   0.000E+00   1.379E+00
   5.900E-05   2.140E+02   2.119E+02   0.000E+00   1.399E+00
   5.800E-05   2.106E+02   2.154E+02   0.000E+00   1.419E+00
   5.700E-05   2.068E+02   2.190E+02   0.000E+00   1.439E+00
   5.600E-05   2.025E+02   2.227E+02   0.000E+00   1.460E+00
   5.500E-05   1.980E+02   2.266E+02   0.000E+00   1.482E+00
   5.477E-05   1.969E+02   2.275E+02   0.000E+00   1.487E+00
   5.400E-05   1.931E+02   2.305E+02   0.000E+00   1.504E+00
   5.300E-05   1.879E+02   2.344E+02   0.000E+00   1.527E+00
   5.200E-05   1.824E+02   2.383E+02   0.000E+00   1.550E+00
   5.100E-05   1.766E+02   2.421E+02   0.000E+00   1.574E+00
   5.000E-05   1.708E+02   2.458E+02   0.000E+00   1.598E+00
   4.900E-05   1.647E+02   2.495E+02   0.000E+00   1.623E+00
   4.880E-05   1.635E+02   2.502E+02   0.000E+00   1.628E+00
   4.800E-05   1.586E+02   2.533E+02   0.000E+00   1.649E+00
   4.760E-05   1.561E+02   2.549E+02   0.000E+00   1.659E+00
   4.700E-05   1.523E+02   2.572E+02   0.000E+00   1.675E+00
   4.650E-05   1.491E+02   2.590E+02   0.000E+00   1.688E+00
   4.600E-05   1.459E+02   2.607E+02   0.000E+00   1.701E+00
   4.550E-05   1.426E+02   2.622E+02   0.000E+00   1.715E+00
   4.500E-05   1.394E+02   2.635E+02   0.000E+00   1.728E+00
   4.440E-05   1.354E+02   2.648E+02   0.000E+00   1.745E+00
   4.350E-05   1.293E+02   2.661E+02   0.000E+00   1.770E+00
   4.170E-05   1.170E+02   2.680E+02   0.000E+00   1.823E+00
   4.000E-05   1.052E+02   2.711E+02   0.000E+00   1.874E+00
   3.850E-05   9.477E+01   2.728E+02   0.000E+00   1.921E+00
   3.656E-05   8.138E+01   2.723E+02   0.000E+00   1.982E+00
   3.570E-05   7.553E+01   2.715E+02   0.000E+00   2.009E+00
   3.330E-05   5.974E+01   2.640E+02   0.000E+00   2.086E+00
   3.130E-05   4.731E+01   2.567E+02   0.000E+00   2.153E+00
   3.000E-05   3.965E+01   2.498E+02   0.000E+00   2.199E+00
   2.940E-05   3.625E+01   2.444E+02   0.000E+00   2.220E+00
   2.780E-05   2.720E+01   2.309E+02   0.000E+00   2.282E+00
   2.630E-05   1.976E+01   2.154E+02   0.000E+00   2.364E+00
   2.500E-05   1.452E+01   2.009E+02   0.000E+00   2.484E+00
   2.380E-05   1.078E+01   1.886E+02   0.000E+00   2.738E+00
   2.270E-05   8.371E+00   1.701E+02   0.000E+00   3.094E+00
   2.170E-05   7.220E+00   1.555E+02   0.000E+00   3.145E+00
   2.080E-05   6.719E+00   1.497E+02   0.000E+00   3.059E+00
   2.000E-05   6.618E+00   1.316E+02   0.000E+00   2.918E+00
   1.920E-05   6.524E+00   1.114E+02   0.000E+00   2.757E+00
   1.850E-05   6.614E+00   9.805E+01   0.000E+00   2.652E+00
   1.790E-05   7.119E+00   8.690E+01   0.000E+00   2.583E+00
   1.720E-05   7.898E+00   7.763E+01   0.000E+00   2.543E+00
   1.670E-05   8.689E+00   7.048E+01   0.000E+00   2.532E+00
   1.610E-05   1.017E+01   6.088E+01   0.000E+00   2.548E+00
   1.560E-05   1.158E+01   5.170E+01   0.000E+00   2.585E+00
   1.520E-05   1.277E+01   4.304E+01   0.000E+00   2.635E+00
   1.470E-05   1.438E+01   3.143E+01   0.000E+00   2.711E+00
   1.430E-05   1.576E+01   2.194E+01   0.000E+00   2.782E+00
   1.390E-05   1.706E+01   1.604E+01   0.000E+00   2.838E+00
   1.350E-05   1.813E+01   1.241E+01   0.000E+00   2.894E+00
   1.320E-05   1.882E+01   1.116E+01   0.000E+00   2.940E+00
   1.280E-05   1.972E+01   1.085E+01   0.000E+00   3.014E+00
   1.250E-05   2.047E+01   1.049E+01   0.000E+00   3.082E+00
   1.220E-05   2.127E+01   1.033E+01   0.000E+00   3.163E+00
   1.190E-05   2.206E+01   1.095E+01   0.000E+00   3.263E+00
   1.160E-05   2.276E+01   1.211E+01   0.000E+00   3.375E+00
   1.140E-05   2.316E+01   1.369E+01   0.000E+00   3.460E+00
   1.110E-05   2.366E+01   1.686E+01   0.000E+00   3.599E+00
   1.080E-05   2.404E+01   2.088E+01   0.000E+00   3.822E+00
   1.050E-05   2.428E+01   2.479E+01   0.000E+00   4.105E+00
   1.030E-05   2.437E+01   2.745E+01   0.000E+00   4.349E+00
   1.000E-05   2.438E+01   3.130E+01   0.000E+00   4.699E+00
   9.750E-06   2.430E+01   3.460E+01   0.000E+00   5.034E+00
   9.500E-06   2.413E+01   3.777E+01   0.000E+00   5.405E+00
   9.250E-06   2.386E+01   4.082E+01   0.000E+00   5.727E+00
   9.080E-06   2.363E+01   3.866E+01   0.000E+00   5.905E+00
