#  wel (mu)   tau/tauV  E(w-V)/E(B-V)  E(w-V)| Rv_mod, Ebv =    5.771    0.280
   1.000E+04  4.951E-06 -5.771E+00 -1.615E+00
   2.159E+00  4.478E-01 -3.187E+00 -8.916E-01
   1.662E+00  4.822E-01 -2.988E+00 -8.361E-01
   1.235E+00  5.406E-01 -2.651E+00 -7.417E-01
   5.477E-01  1.000E+00  0.000E+00  0.000E+00
   4.440E-01  1.173E+00  1.000E+00  2.798E-01
   3.656E-01  1.333E+00  1.920E+00  5.372E-01
   2.780E-01  1.535E+00  3.086E+00  8.634E-01
   2.630E-01  1.589E+00  3.402E+00  9.518E-01
   2.500E-01  1.670E+00  3.866E+00  1.082E+00
   2.380E-01  1.841E+00  4.856E+00  1.359E+00
   2.270E-01  2.081E+00  6.236E+00  1.745E+00
   2.170E-01  2.115E+00  6.432E+00  1.800E+00
   2.080E-01  2.057E+00  6.098E+00  1.706E+00
   2.000E-01  1.962E+00  5.551E+00  1.553E+00
   1.920E-01  1.854E+00  4.929E+00  1.379E+00
   1.850E-01  1.783E+00  4.519E+00  1.264E+00
   1.790E-01  1.737E+00  4.253E+00  1.190E+00
   1.720E-01  1.710E+00  4.096E+00  1.146E+00
   1.670E-01  1.702E+00  4.053E+00  1.134E+00
   1.610E-01  1.713E+00  4.116E+00  1.152E+00
   1.560E-01  1.738E+00  4.262E+00  1.192E+00
   1.520E-01  1.772E+00  4.455E+00  1.246E+00
   1.470E-01  1.823E+00  4.750E+00  1.329E+00
   1.430E-01  1.871E+00  5.025E+00  1.406E+00
   1.390E-01  1.909E+00  5.244E+00  1.467E+00
   1.350E-01  1.946E+00  5.459E+00  1.527E+00
   1.320E-01  1.977E+00  5.638E+00  1.577E+00
   1.280E-01  2.026E+00  5.924E+00  1.657E+00
   1.250E-01  2.072E+00  6.187E+00  1.731E+00
   1.190E-01  2.194E+00  6.893E+00  1.929E+00
   1.160E-01  2.270E+00  7.327E+00  2.050E+00
   1.140E-01  2.326E+00  7.654E+00  2.142E+00
   1.110E-01  2.420E+00  8.193E+00  2.292E+00
   1.080E-01  2.570E+00  9.060E+00  2.535E+00
   1.050E-01  2.760E+00  1.016E+01  2.842E+00
   1.030E-01  2.924E+00  1.110E+01  3.107E+00
   1.000E-01  3.160E+00  1.246E+01  3.487E+00
   9.750E-02  3.385E+00  1.376E+01  3.851E+00
   9.500E-02  3.634E+00  1.520E+01  4.253E+00
   9.250E-02  3.851E+00  1.645E+01  4.603E+00
   9.080E-02  3.970E+00  1.714E+01  4.796E+00
