 # Optical depth (Siebenmorgen 2023, A&A 670A,115; SC 2023 doi: 10.48550/arXiv.2311.03310)
 # wel(cm) sa_aC    ss_aC    sa_Si    ss_Si    sa_vgr   ss_vgr   sa_vsi   ss_vsi   s_pahS+B sa_Dark  ss_Dark sigt 
 # ------------------------------------------------------------------------------------------------------------- 
1.000E+00 3.09E-07 1.66E-16 3.41E-07 5.99E-17 4.79E-09 4.01E-23 6.87E-08 1.03E-22 7.16E-12 4.43E-06 9.38E-13 5.156E-06
9.000E-01 3.62E-07 2.53E-16 4.02E-07 9.12E-17 6.11E-09 6.11E-23 8.17E-08 1.56E-22 8.84E-12 5.16E-06 1.43E-12 6.015E-06
8.000E-01 4.32E-07 4.06E-16 4.84E-07 1.46E-16 7.97E-09 9.78E-23 9.95E-08 2.50E-22 1.12E-11 6.13E-06 2.28E-12 7.152E-06
7.000E-01 5.29E-07 6.92E-16 5.99E-07 2.49E-16 1.07E-08 1.67E-22 1.22E-07 4.27E-22 1.46E-11 7.44E-06 3.89E-12 8.701E-06
6.000E-01 6.70E-07 1.28E-15 7.65E-07 4.62E-16 1.48E-08 3.09E-22 1.57E-07 7.91E-22 1.99E-11 9.33E-06 7.20E-12 1.093E-05
5.500E-01 7.66E-07 1.81E-15 8.79E-07 6.54E-16 1.78E-08 4.38E-22 1.81E-07 1.12E-21 2.37E-11 1.06E-05 1.02E-11 1.244E-05
5.000E-01 8.87E-07 2.65E-15 1.02E-06 9.58E-16 2.15E-08 6.41E-22 2.10E-07 1.64E-21 2.87E-11 1.22E-05 1.49E-11 1.434E-05
4.500E-01 1.05E-06 4.04E-15 1.21E-06 1.46E-15 2.65E-08 9.77E-22 2.51E-07 2.50E-21 3.54E-11 1.43E-05 2.27E-11 1.679E-05
4.000E-01 1.26E-06 6.48E-15 1.46E-06 2.34E-15 3.32E-08 1.57E-21 3.01E-07 4.00E-21 4.48E-11 1.70E-05 3.63E-11 2.004E-05
3.500E-01 1.55E-06 1.10E-14 1.81E-06 3.99E-15 4.26E-08 2.67E-21 3.77E-07 6.82E-21 5.85E-11 2.08E-05 6.19E-11 2.454E-05
3.000E-01 1.98E-06 2.04E-14 2.33E-06 7.39E-15 5.60E-08 4.95E-21 4.78E-07 1.26E-20 7.96E-11 2.62E-05 1.14E-10 3.100E-05
2.500E-01 2.65E-06 4.24E-14 3.13E-06 1.53E-14 7.65E-08 1.03E-20 6.43E-07 2.62E-20 1.15E-10 3.45E-05 2.37E-10 4.101E-05
2.098E-01 3.52E-06 8.54E-14 4.16E-06 3.09E-14 1.02E-07 2.07E-20 8.55E-07 5.27E-20 1.63E-10 4.51E-05 4.76E-10 5.378E-05
1.500E-01 6.13E-06 3.26E-13 7.20E-06 1.18E-13 1.94E-07 7.91E-20 1.46E-06 2.02E-19 3.18E-10 7.60E-05 1.81E-09 9.098E-05
1.382E-01 7.03E-06 4.53E-13 8.23E-06 1.64E-13 2.29E-07 1.10E-19 1.68E-06 2.80E-19 3.75E-10 8.65E-05 2.51E-09 1.036E-04
1.320E-01 7.60E-06 5.44E-13 8.87E-06 1.97E-13 2.50E-07 1.32E-19 1.81E-06 3.36E-19 4.11E-10 9.30E-05 3.02E-09 1.115E-04
1.150E-01 9.60E-06 9.44E-13 1.11E-05 3.42E-13 3.28E-07 2.29E-19 2.25E-06 5.83E-19 5.42E-10 1.16E-04 5.23E-09 1.391E-04
1.000E-01 1.22E-05 1.65E-12 1.40E-05 5.99E-13 4.31E-07 4.01E-19 2.82E-06 1.02E-18 7.17E-10 1.45E-04 9.13E-09 1.744E-04
9.970E-02 1.23E-05 1.67E-12 1.41E-05 6.06E-13 4.34E-07 4.05E-19 2.83E-06 1.03E-18 7.21E-10 1.46E-04 9.24E-09 1.753E-04
8.670E-02 1.55E-05 2.92E-12 1.78E-05 1.06E-12 5.73E-07 7.09E-19 3.55E-06 1.80E-18 9.53E-10 1.81E-04 1.61E-08 2.186E-04
8.500E-02 1.60E-05 3.16E-12 1.84E-05 1.15E-12 5.96E-07 7.67E-19 3.67E-06 1.95E-18 9.92E-10 1.87E-04 1.75E-08 2.261E-04
7.500E-02 2.03E-05 5.22E-12 2.26E-05 1.89E-12 7.58E-07 1.27E-18 4.47E-06 3.22E-18 1.27E-09 2.34E-04 2.87E-08 2.824E-04
6.000E-02 2.99E-05 1.27E-11 3.26E-05 4.65E-12 1.16E-06 3.09E-18 6.49E-06 7.86E-18 1.99E-09 3.33E-04 6.99E-08 4.036E-04
5.500E-02 3.46E-05 1.80E-11 3.65E-05 6.61E-12 1.37E-06 4.38E-18 7.57E-06 1.11E-17 2.37E-09 3.85E-04 9.89E-08 4.652E-04
5.000E-02 4.12E-05 2.64E-11 4.52E-05 9.76E-12 1.64E-06 6.41E-18 9.02E-06 1.63E-17 2.87E-09 4.57E-04 1.45E-07 5.538E-04
4.500E-02 5.08E-05 4.03E-11 5.98E-05 1.50E-11 2.00E-06 9.76E-18 1.10E-05 2.49E-17 3.54E-09 5.58E-04 2.20E-07 6.816E-04
4.000E-02 6.52E-05 6.47E-11 7.99E-05 2.42E-11 2.49E-06 1.56E-17 1.39E-05 3.99E-17 4.48E-09 7.02E-04 3.52E-07 8.635E-04
3.500E-02 8.18E-05 1.10E-10 1.22E-04 4.17E-11 3.19E-06 2.67E-17 1.84E-05 6.82E-17 5.86E-09 8.66E-04 6.00E-07 1.091E-03
3.000E-02 1.15E-04 2.05E-10 1.90E-04 7.75E-11 4.26E-06 4.94E-17 2.59E-05 1.26E-16 7.97E-09 1.19E-03 1.11E-06 1.525E-03
2.750E-02 1.38E-04 2.91E-10 2.39E-04 1.10E-10 5.02E-06 7.00E-17 3.16E-05 1.79E-16 9.49E-09 1.39E-03 1.57E-06 1.805E-03
2.500E-02 1.66E-04 4.27E-10 3.04E-04 1.61E-10 5.99E-06 1.03E-16 3.96E-05 2.63E-16 1.15E-08 1.66E-03 2.29E-06 2.181E-03
2.400E-02 1.82E-04 5.03E-10 3.36E-04 1.89E-10 6.48E-06 1.21E-16 4.32E-05 3.09E-16 1.25E-08 1.79E-03 2.69E-06 2.361E-03
2.000E-02 2.66E-04 1.05E-09 5.24E-04 3.86E-10 9.17E-06 2.51E-16 6.26E-05 6.41E-16 1.80E-08 2.52E-03 5.56E-06 3.390E-03
1.800E-02 3.32E-04 1.61E-09 6.50E-04 5.79E-10 1.13E-05 3.83E-16 7.79E-05 9.77E-16 2.22E-08 3.10E-03 8.47E-06 4.179E-03
1.600E-02 4.40E-04 2.60E-09 8.08E-04 9.08E-10 1.43E-05 6.14E-16 9.93E-05 1.57E-15 2.82E-08 3.91E-03 1.35E-05 5.288E-03
1.500E-02 5.25E-04 3.38E-09 9.06E-04 1.16E-09 1.63E-05 7.96E-16 1.13E-04 2.03E-15 3.21E-08 4.45E-03 1.74E-05 6.023E-03
1.400E-02 5.97E-04 4.47E-09 1.02E-03 1.51E-09 1.88E-05 1.05E-15 1.30E-04 2.67E-15 3.68E-08 4.96E-03 2.28E-05 6.744E-03
1.200E-02 9.12E-04 8.38E-09 1.30E-03 2.70E-09 2.61E-05 1.95E-15 1.78E-04 4.96E-15 5.03E-08 6.71E-03 4.17E-05 9.162E-03
1.000E-02 1.38E-03 1.76E-08 1.71E-03 5.36E-09 3.95E-05 4.08E-15 2.60E-04 1.03E-14 7.28E-08 9.24E-03 8.56E-05 1.272E-02
9.000E-03 1.84E-03 2.71E-08 1.95E-03 7.96E-09 5.08E-05 6.26E-15 3.25E-04 1.57E-14 9.02E-08 1.13E-02 1.29E-04 1.562E-02
8.000E-03 2.45E-03 4.27E-08 2.27E-03 1.26E-08 6.79E-05 1.01E-14 4.17E-04 2.52E-14 1.15E-07 1.35E-02 2.03E-04 1.894E-02
7.500E-03 2.86E-03 5.59E-08 2.51E-03 1.62E-08 8.01E-05 1.31E-14 4.78E-04 3.26E-14 1.31E-07 1.54E-02 2.63E-04 2.158E-02
7.000E-03 3.45E-03 7.32E-08 2.81E-03 2.12E-08 9.61E-05 1.74E-14 5.54E-04 4.30E-14 1.51E-07 1.74E-02 3.42E-04 2.465E-02
6.000E-03 4.96E-03 1.33E-07 3.61E-03 3.87E-08 1.48E-04 3.28E-14 7.71E-04 7.96E-14 2.08E-07 2.27E-02 6.22E-04 3.285E-02
5.000E-03 7.07E-03 2.60E-07 5.12E-03 7.88E-08 2.60E-04 6.97E-14 1.14E-03 1.64E-13 3.07E-07 3.09E-02 1.26E-03 4.572E-02
4.500E-03 8.70E-03 3.78E-07 6.26E-03 1.17E-07 3.67E-04 1.07E-13 1.42E-03 2.49E-13 3.86E-07 3.71E-02 1.88E-03 5.574E-02
4.000E-03 1.04E-02 5.61E-07 7.81E-03 1.76E-07 5.37E-04 1.71E-13 1.81E-03 3.95E-13 5.03E-07 4.50E-02 2.93E-03 6.846E-02
3.500E-03 1.25E-02 8.88E-07 9.64E-03 2.78E-07 7.46E-04 2.74E-13 2.36E-03 6.64E-13 6.91E-07 5.63E-02 4.84E-03 8.644E-02
3.000E-03 1.54E-02 1.47E-06 1.19E-02 4.47E-07 7.88E-04 4.28E-13 3.23E-03 1.21E-12 1.05E-06 7.30E-02 8.39E-03 1.127E-01
2.750E-03 1.69E-02 1.92E-06 1.30E-02 5.76E-07 6.79E-04 5.51E-13 3.88E-03 1.69E-12 1.40E-06 8.36E-02 1.12E-02 1.292E-01
2.500E-03 1.83E-02 2.57E-06 1.42E-02 7.54E-07 5.35E-04 7.58E-13 4.76E-03 2.44E-12 2.31E-06 9.59E-02 1.50E-02 1.487E-01
2.400E-03 1.90E-02 2.93E-06 1.47E-02 8.46E-07 4.80E-04 8.80E-13 5.19E-03 2.83E-12 3.21E-06 1.01E-01 1.68E-02 1.576E-01
2.350E-03 1.94E-02 3.13E-06 1.50E-02 8.98E-07 4.54E-04 9.53E-13 5.43E-03 3.06E-12 3.79E-06 1.04E-01 1.78E-02 1.624E-01
2.320E-03 1.96E-02 3.26E-06 1.52E-02 9.31E-07 4.39E-04 1.00E-12 5.58E-03 3.20E-12 4.07E-06 1.06E-01 1.84E-02 1.653E-01
2.310E-03 1.97E-02 3.30E-06 1.52E-02 9.43E-07 4.34E-04 1.02E-12 5.63E-03 3.25E-12 4.15E-06 1.07E-01 1.86E-02 1.662E-01
2.300E-03 1.97E-02 3.35E-06 1.53E-02 9.54E-07 4.29E-04 1.03E-12 5.68E-03 3.30E-12 4.21E-06 1.07E-01 1.88E-02 1.672E-01
2.250E-03 2.01E-02 3.57E-06 1.56E-02 1.02E-06 4.06E-04 1.13E-12 5.97E-03 3.59E-12 4.38E-06 1.10E-01 1.98E-02 1.723E-01
2.200E-03 2.04E-02 3.83E-06 1.60E-02 1.08E-06 3.84E-04 1.23E-12 6.30E-03 3.88E-12 4.60E-06 1.13E-01 2.08E-02 1.774E-01
2.150E-03 2.08E-02 4.12E-06 1.65E-02 1.15E-06 3.64E-04 1.35E-12 6.61E-03 4.19E-12 5.02E-06 1.16E-01 2.19E-02 1.825E-01
2.120E-03 2.11E-02 4.30E-06 1.67E-02 1.19E-06 3.53E-04 1.43E-12 6.82E-03 4.40E-12 5.23E-06 1.18E-01 2.25E-02 1.857E-01
2.110E-03 2.11E-02 4.35E-06 1.68E-02 1.20E-06 3.49E-04 1.45E-12 6.90E-03 4.47E-12 5.27E-06 1.19E-01 2.27E-02 1.867E-01
2.100E-03 2.12E-02 4.41E-06 1.68E-02 1.22E-06 3.46E-04 1.48E-12 6.97E-03 4.54E-12 5.28E-06 1.19E-01 2.29E-02 1.877E-01
2.080E-03 2.13E-02 4.53E-06 1.70E-02 1.24E-06 3.39E-04 1.54E-12 7.12E-03 4.69E-12 5.24E-06 1.20E-01 2.33E-02 1.895E-01
2.000E-03 2.16E-02 5.11E-06 1.75E-02 1.34E-06 3.14E-04 1.80E-12 7.81E-03 5.32E-12 5.00E-06 1.25E-01 2.49E-02 1.971E-01
1.950E-03 2.20E-02 5.54E-06 1.78E-02 1.39E-06 3.01E-04 2.00E-12 8.26E-03 5.64E-12 5.39E-06 1.27E-01 2.55E-02 2.009E-01
1.900E-03 2.24E-02 6.05E-06 1.78E-02 1.43E-06 2.89E-04 2.22E-12 8.61E-03 5.90E-12 6.49E-06 1.29E-01 2.60E-02 2.039E-01
1.850E-03 2.29E-02 6.62E-06 1.77E-02 1.44E-06 2.78E-04 2.48E-12 8.80E-03 6.06E-12 8.33E-06 1.29E-01 2.64E-02 2.050E-01
1.830E-03 2.31E-02 6.85E-06 1.76E-02 1.44E-06 2.74E-04 2.59E-12 8.83E-03 6.09E-12 8.98E-06 1.29E-01 2.64E-02 2.050E-01
1.820E-03 2.32E-02 6.96E-06 1.76E-02 1.44E-06 2.72E-04 2.65E-12 8.83E-03 6.10E-12 9.21E-06 1.29E-01 2.65E-02 2.048E-01
1.810E-03 2.33E-02 7.09E-06 1.75E-02 1.44E-06 2.70E-04 2.71E-12 8.81E-03 6.12E-12 9.34E-06 1.28E-01 2.65E-02 2.046E-01
1.800E-03 2.34E-02 7.22E-06 1.74E-02 1.44E-06 2.69E-04 2.77E-12 8.79E-03 6.13E-12 9.41E-06 1.28E-01 2.66E-02 2.044E-01
1.750E-03 2.39E-02 7.90E-06 1.66E-02 1.40E-06 2.61E-04 3.11E-12 8.57E-03 6.16E-12 9.63E-06 1.26E-01 2.70E-02 2.026E-01
1.700E-03 2.42E-02 8.65E-06 1.54E-02 1.34E-06 2.55E-04 3.50E-12 8.15E-03 6.20E-12 1.18E-05 1.24E-01 2.76E-02 1.992E-01
1.670E-03 2.45E-02 9.21E-06 1.44E-02 1.31E-06 2.52E-04 3.76E-12 7.84E-03 6.28E-12 1.38E-05 1.22E-01 2.82E-02 1.975E-01
1.650E-03 2.49E-02 9.61E-06 1.37E-02 1.28E-06 2.50E-04 3.95E-12 7.60E-03 6.35E-12 1.46E-05 1.21E-01 2.87E-02 1.965E-01
1.640E-03 2.50E-02 9.80E-06 1.33E-02 1.28E-06 2.49E-04 4.05E-12 7.48E-03 6.39E-12 1.46E-05 1.21E-01 2.90E-02 1.958E-01
1.630E-03 2.51E-02 1.00E-05 1.29E-02 1.27E-06 2.48E-04 4.15E-12 7.36E-03 6.44E-12 1.43E-05 1.20E-01 2.92E-02 1.951E-01
1.610E-03 2.54E-02 1.04E-05 1.20E-02 1.26E-06 2.47E-04 4.37E-12 7.11E-03 6.60E-12 1.34E-05 1.19E-01 3.00E-02 1.940E-01
1.600E-03 2.55E-02 1.06E-05 1.15E-02 1.27E-06 2.47E-04 4.48E-12 6.98E-03 6.69E-12 1.29E-05 1.19E-01 3.03E-02 1.934E-01
1.590E-03 2.57E-02 1.08E-05 1.10E-02 1.28E-06 2.46E-04 4.60E-12 6.85E-03 6.79E-12 1.26E-05 1.18E-01 3.07E-02 1.929E-01
1.580E-03 2.58E-02 1.10E-05 1.06E-02 1.30E-06 2.46E-04 4.71E-12 6.73E-03 6.91E-12 1.24E-05 1.18E-01 3.12E-02 1.925E-01
1.570E-03 2.59E-02 1.13E-05 1.01E-02 1.32E-06 2.45E-04 4.84E-12 6.61E-03 7.04E-12 1.22E-05 1.18E-01 3.17E-02 1.920E-01
1.560E-03 2.60E-02 1.15E-05 9.64E-03 1.36E-06 2.45E-04 4.97E-12 6.48E-03 7.18E-12 1.20E-05 1.17E-01 3.22E-02 1.918E-01
1.540E-03 2.64E-02 1.20E-05 8.84E-03 1.45E-06 2.45E-04 5.23E-12 6.24E-03 7.52E-12 1.17E-05 1.17E-01 3.33E-02 1.918E-01
1.520E-03 2.66E-02 1.25E-05 8.22E-03 1.60E-06 2.44E-04 5.52E-12 6.01E-03 7.93E-12 1.23E-05 1.16E-01 3.45E-02 1.918E-01
1.510E-03 2.67E-02 1.27E-05 7.99E-03 1.68E-06 2.44E-04 5.67E-12 5.90E-03 8.16E-12 1.27E-05 1.16E-01 3.52E-02 1.920E-01
1.500E-03 2.68E-02 1.29E-05 7.80E-03 1.77E-06 2.44E-04 5.83E-12 5.80E-03 8.42E-12 1.28E-05 1.16E-01 3.59E-02 1.923E-01
1.450E-03 2.72E-02 1.45E-05 7.44E-03 2.30E-06 2.46E-04 6.69E-12 5.34E-03 1.02E-11 1.62E-05 1.16E-01 4.09E-02 1.972E-01
1.440E-03 2.74E-02 1.48E-05 7.44E-03 2.41E-06 2.46E-04 6.88E-12 5.27E-03 1.06E-11 1.80E-05 1.16E-01 4.20E-02 1.988E-01
1.430E-03 2.75E-02 1.51E-05 7.43E-03 2.53E-06 2.47E-04 7.08E-12 5.25E-03 1.12E-11 1.94E-05 1.17E-01 4.34E-02 2.010E-01
1.420E-03 2.76E-02 1.55E-05 7.42E-03 2.65E-06 2.47E-04 7.28E-12 5.22E-03 1.18E-11 2.02E-05 1.18E-01 4.47E-02 2.033E-01
1.400E-03 2.79E-02 1.62E-05 7.43E-03 2.90E-06 2.49E-04 7.71E-12 5.27E-03 1.31E-11 2.20E-05 1.20E-01 4.76E-02 2.088E-01
1.380E-03 2.82E-02 1.70E-05 7.43E-03 3.18E-06 2.51E-04 8.18E-12 5.41E-03 1.46E-11 2.78E-05 1.23E-01 5.06E-02 2.152E-01
1.370E-03 2.83E-02 1.74E-05 7.45E-03 3.33E-06 2.52E-04 8.42E-12 5.56E-03 1.55E-11 3.31E-05 1.25E-01 5.20E-02 2.188E-01
1.360E-03 2.85E-02 1.78E-05 7.45E-03 3.49E-06 2.53E-04 8.68E-12 5.73E-03 1.63E-11 3.84E-05 1.27E-01 5.33E-02 2.226E-01
1.350E-03 2.87E-02 1.83E-05 7.48E-03 3.65E-06 2.54E-04 8.94E-12 5.89E-03 1.73E-11 4.10E-05 1.29E-01 5.47E-02 2.264E-01
1.340E-03 2.89E-02 1.87E-05 7.51E-03 3.83E-06 2.55E-04 9.22E-12 6.10E-03 1.82E-11 4.45E-05 1.31E-01 5.58E-02 2.301E-01
1.330E-03 2.90E-02 1.92E-05 7.55E-03 4.02E-06 2.56E-04 9.50E-12 6.31E-03 1.91E-11 5.15E-05 1.34E-01 5.69E-02 2.337E-01
1.320E-03 2.92E-02 1.97E-05 7.60E-03 4.22E-06 2.58E-04 9.80E-12 6.52E-03 2.01E-11 6.36E-05 1.36E-01 5.80E-02 2.373E-01
1.310E-03 2.94E-02 2.01E-05 7.67E-03 4.43E-06 2.59E-04 1.01E-11 6.76E-03 2.11E-11 8.33E-05 1.38E-01 5.90E-02 2.407E-01
1.290E-03 2.95E-02 2.10E-05 7.85E-03 4.91E-06 2.62E-04 1.07E-11 7.26E-03 2.32E-11 1.72E-04 1.42E-01 6.10E-02 2.476E-01
1.280E-03 2.96E-02 2.15E-05 7.95E-03 5.15E-06 2.64E-04 1.11E-11 7.56E-03 2.44E-11 2.52E-04 1.44E-01 6.18E-02 2.512E-01
1.270E-03 2.97E-02 2.21E-05 8.01E-03 5.43E-06 2.66E-04 1.15E-11 7.87E-03 2.56E-11 3.05E-04 1.46E-01 6.27E-02 2.548E-01
1.260E-03 2.98E-02 2.26E-05 8.12E-03 5.75E-06 2.67E-04 1.18E-11 8.19E-03 2.68E-11 2.63E-04 1.48E-01 6.35E-02 2.582E-01
1.250E-03 2.99E-02 2.32E-05 8.29E-03 6.10E-06 2.69E-04 1.22E-11 8.52E-03 2.80E-11 1.94E-04 1.50E-01 6.41E-02 2.614E-01
1.220E-03 3.06E-02 2.53E-05 9.41E-03 7.55E-06 2.75E-04 1.35E-11 9.56E-03 3.21E-11 1.51E-04 1.56E-01 6.61E-02 2.724E-01
1.210E-03 3.07E-02 2.59E-05 1.03E-02 8.12E-06 2.77E-04 1.39E-11 9.96E-03 3.36E-11 1.74E-04 1.58E-01 6.65E-02 2.763E-01
1.200E-03 3.08E-02 2.66E-05 1.13E-02 8.68E-06 2.79E-04 1.44E-11 1.04E-02 3.52E-11 1.93E-04 1.60E-01 6.70E-02 2.804E-01
1.190E-03 3.11E-02 2.75E-05 1.25E-02 9.18E-06 2.81E-04 1.49E-11 1.08E-02 3.68E-11 1.93E-04 1.63E-01 6.74E-02 2.849E-01
1.180E-03 3.13E-02 2.82E-05 1.37E-02 9.61E-06 2.83E-04 1.55E-11 1.13E-02 3.84E-11 1.91E-04 1.64E-01 6.75E-02 2.888E-01
1.170E-03 3.15E-02 2.89E-05 1.48E-02 9.97E-06 2.85E-04 1.60E-11 1.18E-02 4.00E-11 2.13E-04 1.66E-01 6.77E-02 2.926E-01
1.160E-03 3.17E-02 2.97E-05 1.58E-02 1.03E-05 2.89E-04 1.67E-11 1.22E-02 4.16E-11 2.74E-04 1.68E-01 6.78E-02 2.960E-01
1.150E-03 3.19E-02 3.05E-05 1.66E-02 1.05E-05 4.06E-04 1.65E-11 1.27E-02 4.34E-11 4.00E-04 1.69E-01 6.79E-02 2.994E-01
1.140E-03 3.19E-02 3.12E-05 1.74E-02 1.08E-05 3.02E-04 1.76E-11 1.32E-02 4.52E-11 6.01E-04 1.71E-01 6.81E-02 3.025E-01
1.130E-03 3.20E-02 3.21E-05 1.80E-02 1.10E-05 3.01E-04 1.83E-11 1.37E-02 4.73E-11 7.33E-04 1.73E-01 6.83E-02 3.058E-01
1.120E-03 3.21E-02 3.30E-05 1.87E-02 1.13E-05 3.03E-04 1.89E-11 1.43E-02 4.94E-11 5.91E-04 1.74E-01 6.83E-02 3.086E-01
1.110E-03 3.22E-02 3.39E-05 1.93E-02 1.15E-05 3.06E-04 1.97E-11 1.49E-02 5.15E-11 3.75E-04 1.76E-01 6.83E-02 3.112E-01
1.090E-03 3.25E-02 3.60E-05 2.04E-02 1.20E-05 3.12E-04 2.12E-11 1.62E-02 5.60E-11 1.56E-04 1.79E-01 6.82E-02 3.165E-01
1.050E-03 3.32E-02 4.10E-05 2.25E-02 1.30E-05 3.26E-04 2.46E-11 1.96E-02 6.65E-11 5.18E-05 1.85E-01 6.67E-02 3.270E-01
1.000E-03 3.44E-02 4.84E-05 2.46E-02 1.37E-05 3.48E-04 2.99E-11 2.27E-02 7.12E-11 2.62E-05 1.84E-01 6.17E-02 3.280E-01
9.800E-04 3.50E-02 5.19E-05 2.51E-02 1.37E-05 3.58E-04 3.25E-11 2.38E-02 7.33E-11 2.28E-05 1.84E-01 5.99E-02 3.279E-01
9.600E-04 3.55E-02 5.57E-05 2.50E-02 1.34E-05 3.68E-04 3.53E-11 2.49E-02 7.38E-11 2.12E-05 1.82E-01 5.72E-02 3.252E-01
9.500E-04 3.59E-02 5.76E-05 2.47E-02 1.31E-05 3.74E-04 3.68E-11 2.51E-02 7.23E-11 2.08E-05 1.81E-01 5.53E-02 3.220E-01
9.400E-04 3.61E-02 5.95E-05 2.42E-02 1.28E-05 3.80E-04 3.84E-11 2.50E-02 6.92E-11 2.09E-05 1.78E-01 5.30E-02 3.168E-01
9.200E-04 3.67E-02 6.35E-05 2.30E-02 1.23E-05 3.92E-04 4.18E-11 2.33E-02 5.76E-11 2.23E-05 1.70E-01 4.80E-02 3.013E-01
8.900E-04 3.76E-02 7.10E-05 2.04E-02 1.15E-05 4.12E-04 4.78E-11 1.84E-02 3.69E-11 3.24E-05 1.54E-01 4.21E-02 2.732E-01
8.700E-04 3.78E-02 7.58E-05 1.85E-02 1.13E-05 4.27E-04 5.23E-11 1.53E-02 2.74E-11 7.22E-05 1.45E-01 4.03E-02 2.572E-01
8.600E-04 3.82E-02 7.89E-05 1.75E-02 1.13E-05 4.35E-04 5.48E-11 1.41E-02 2.42E-11 1.09E-04 1.41E-01 4.01E-02 2.515E-01
8.500E-04 3.84E-02 8.18E-05 1.65E-02 1.13E-05 4.43E-04 5.74E-11 1.30E-02 2.15E-11 7.78E-05 1.37E-01 3.99E-02 2.459E-01
8.400E-04 3.88E-02 8.53E-05 1.54E-02 1.13E-05 4.51E-04 6.02E-11 1.19E-02 1.88E-11 5.59E-05 1.34E-01 3.97E-02 2.401E-01
8.200E-04 3.92E-02 9.10E-05 1.29E-02 1.16E-05 4.69E-04 6.63E-11 9.15E-03 1.35E-11 5.69E-05 1.24E-01 3.97E-02 2.256E-01
8.000E-04 3.97E-02 9.87E-05 1.04E-02 1.28E-05 4.88E-04 7.31E-11 6.25E-03 1.04E-11 8.31E-05 1.14E-01 4.24E-02 2.133E-01
7.900E-04 4.01E-02 1.03E-04 9.42E-03 1.38E-05 4.97E-04 7.69E-11 5.26E-03 1.12E-11 1.04E-04 1.11E-01 4.54E-02 2.121E-01
7.800E-04 4.03E-02 1.07E-04 8.64E-03 1.49E-05 5.07E-04 8.09E-11 4.28E-03 1.27E-11 1.24E-04 1.08E-01 4.88E-02 2.108E-01
7.700E-04 4.04E-02 1.11E-04 7.97E-03 1.61E-05 5.17E-04 8.51E-11 3.52E-03 1.52E-11 1.33E-04 1.06E-01 5.29E-02 2.112E-01
7.600E-04 4.05E-02 1.15E-04 7.40E-03 1.75E-05 5.28E-04 8.97E-11 2.99E-03 1.85E-11 1.24E-04 1.04E-01 5.74E-02 2.134E-01
7.500E-04 4.05E-02 1.20E-04 6.89E-03 1.90E-05 5.39E-04 9.46E-11 2.51E-03 2.25E-11 1.02E-04 1.03E-01 6.23E-02 2.163E-01
7.300E-04 4.10E-02 1.31E-04 6.10E-03 2.24E-05 5.62E-04 1.05E-10 2.10E-03 3.21E-11 6.37E-05 1.04E-01 7.20E-02 2.262E-01
7.200E-04 4.12E-02 1.37E-04 5.85E-03 2.44E-05 5.75E-04 1.11E-10 2.03E-03 3.71E-11 5.31E-05 1.05E-01 7.61E-02 2.309E-01
7.100E-04 4.12E-02 1.43E-04 5.69E-03 2.64E-05 5.88E-04 1.18E-10 1.97E-03 4.27E-11 5.20E-05 1.06E-01 8.07E-02 2.361E-01
7.000E-04 4.17E-02 1.50E-04 5.54E-03 2.84E-05 6.01E-04 1.24E-10 1.95E-03 4.83E-11 7.21E-05 1.07E-01 8.47E-02 2.416E-01
6.900E-04 4.19E-02 1.56E-04 5.32E-03 3.06E-05 6.15E-04 1.32E-10 1.94E-03 5.44E-11 4.23E-05 1.08E-01 8.84E-02 2.459E-01
6.800E-04 4.13E-02 1.62E-04 5.04E-03 3.29E-05 6.30E-04 1.40E-10 1.94E-03 6.06E-11 3.28E-05 1.07E-01 9.27E-02 2.493E-01
6.600E-04 4.15E-02 1.82E-04 4.54E-03 3.82E-05 6.61E-04 1.57E-10 1.94E-03 7.45E-11 3.14E-05 1.10E-01 1.02E-01 2.604E-01
6.400E-04 4.27E-02 2.06E-04 3.94E-03 4.45E-05 6.94E-04 1.78E-10 1.94E-03 9.02E-11 4.78E-05 1.13E-01 1.10E-01 2.719E-01
6.300E-04 4.36E-02 2.17E-04 3.67E-03 4.84E-05 7.02E-04 1.89E-10 1.93E-03 9.90E-11 7.48E-05 1.14E-01 1.13E-01 2.772E-01
6.200E-04 4.38E-02 2.28E-04 3.61E-03 5.26E-05 7.33E-04 2.02E-10 1.92E-03 1.09E-10 1.02E-04 1.15E-01 1.16E-01 2.818E-01
6.100E-04 4.42E-02 2.41E-04 3.59E-03 5.66E-05 7.52E-04 2.15E-10 1.91E-03 1.19E-10 7.37E-05 1.16E-01 1.20E-01 2.870E-01
5.900E-04 4.60E-02 2.71E-04 2.95E-03 6.60E-05 7.93E-04 2.45E-10 1.88E-03 1.42E-10 3.29E-05 1.19E-01 1.27E-01 2.977E-01
5.500E-04 4.45E-02 3.26E-04 2.19E-03 9.29E-05 8.90E-04 3.24E-10 1.85E-03 2.04E-10 2.75E-05 1.18E-01 1.45E-01 3.128E-01
5.300E-04 4.49E-02 3.75E-04 1.95E-03 1.10E-04 9.46E-04 3.75E-10 1.86E-03 2.44E-10 4.38E-05 1.20E-01 1.55E-01 3.245E-01
5.200E-04 4.49E-02 4.01E-04 1.84E-03 1.21E-04 9.76E-04 4.05E-10 1.86E-03 2.68E-10 6.96E-05 1.21E-01 1.59E-01 3.300E-01
5.100E-04 4.54E-02 4.32E-04 1.72E-03 1.32E-04 1.01E-03 4.37E-10 1.87E-03 2.94E-10 9.64E-05 1.22E-01 1.64E-01 3.361E-01
5.000E-04 4.59E-02 4.65E-04 1.59E-03 1.46E-04 1.04E-03 4.73E-10 1.88E-03 3.22E-10 6.93E-05 1.23E-01 1.68E-01 3.419E-01
4.800E-04 4.65E-02 5.37E-04 1.41E-03 1.76E-04 1.11E-03 5.55E-10 1.91E-03 3.89E-10 3.21E-05 1.25E-01 1.77E-01 3.532E-01
4.500E-04 4.81E-02 6.72E-04 1.18E-03 2.34E-04 1.23E-03 7.17E-10 1.98E-03 5.20E-10 2.45E-05 1.28E-01 1.88E-01 3.700E-01
4.000E-04 5.00E-02 1.03E-03 8.75E-04 3.90E-04 1.48E-03 1.14E-09 2.13E-03 8.69E-10 2.73E-05 1.33E-01 2.08E-01 3.972E-01
3.800E-04 5.12E-02 1.24E-03 7.71E-04 4.85E-04 1.60E-03 1.40E-09 2.20E-03 1.08E-09 3.06E-05 1.36E-01 2.15E-01 4.078E-01
3.600E-04 5.24E-02 1.52E-03 6.78E-04 6.09E-04 1.74E-03 1.73E-09 2.27E-03 1.36E-09 3.73E-05 1.38E-01 2.21E-01 4.180E-01
3.400E-04 5.50E-02 1.86E-03 5.97E-04 7.75E-04 1.91E-03 2.16E-09 2.35E-03 1.73E-09 7.69E-05 1.41E-01 2.25E-01 4.284E-01
3.300E-04 5.49E-02 2.06E-03 5.59E-04 8.78E-04 2.00E-03 2.43E-09 2.39E-03 1.95E-09 2.03E-04 1.41E-01 2.28E-01 4.324E-01
3.200E-04 5.51E-02 2.31E-03 5.20E-04 9.98E-04 2.10E-03 2.75E-09 2.43E-03 2.22E-09 7.93E-05 1.42E-01 2.31E-01 4.367E-01
3.150E-04 5.57E-02 2.46E-03 5.04E-04 1.06E-03 2.15E-03 2.92E-09 2.45E-03 2.37E-09 6.04E-05 1.43E-01 2.32E-01 4.393E-01
3.100E-04 5.63E-02 2.61E-03 4.87E-04 1.14E-03 2.21E-03 3.11E-09 2.47E-03 2.53E-09 5.31E-05 1.43E-01 2.33E-01 4.417E-01
3.080E-04 5.64E-02 2.67E-03 4.80E-04 1.17E-03 2.23E-03 3.19E-09 2.48E-03 2.60E-09 5.16E-05 1.44E-01 2.34E-01 4.427E-01
3.050E-04 5.66E-02 2.77E-03 4.70E-04 1.22E-03 2.26E-03 3.32E-09 2.50E-03 2.71E-09 5.02E-05 1.44E-01 2.34E-01 4.441E-01
3.000E-04 5.70E-02 2.94E-03 4.55E-04 1.30E-03 2.32E-03 3.54E-09 2.52E-03 2.90E-09 4.92E-05 1.44E-01 2.35E-01 4.464E-01
2.900E-04 5.82E-02 3.33E-03 4.24E-04 1.50E-03 2.45E-03 4.04E-09 2.57E-03 3.33E-09 4.99E-05 1.46E-01 2.37E-01 4.514E-01
2.800E-04 5.87E-02 3.78E-03 3.96E-04 1.73E-03 2.59E-03 4.64E-09 2.63E-03 3.85E-09 5.22E-05 1.46E-01 2.40E-01 4.559E-01
2.600E-04 6.04E-02 5.01E-03 3.43E-04 2.35E-03 2.90E-03 6.21E-09 2.76E-03 5.21E-09 5.97E-05 1.48E-01 2.45E-01 4.667E-01
2.500E-04 6.18E-02 5.83E-03 3.19E-04 2.75E-03 3.09E-03 7.24E-09 2.84E-03 6.12E-09 6.46E-05 1.50E-01 2.47E-01 4.731E-01
2.200E-04 6.78E-02 9.50E-03 2.57E-04 4.62E-03 3.75E-03 1.20E-08 3.11E-03 1.03E-08 8.54E-05 1.54E-01 2.54E-01 4.975E-01
2.159E-04 6.85E-02 1.02E-02 2.49E-04 4.98E-03 3.86E-03 1.29E-08 3.15E-03 1.11E-08 8.91E-05 1.54E-01 2.56E-01 5.011E-01
2.000E-04 7.28E-02 1.36E-02 2.25E-04 6.77E-03 4.34E-03 1.74E-08 3.33E-03 1.51E-08 1.07E-04 1.57E-01 2.60E-01 5.183E-01
1.662E-04 8.45E-02 2.68E-02 1.80E-04 1.40E-02 5.77E-03 3.58E-08 3.86E-03 3.18E-08 1.69E-04 1.62E-01 2.68E-01 5.647E-01
1.650E-04 8.51E-02 2.74E-02 1.78E-04 1.44E-02 5.83E-03 3.69E-08 3.89E-03 3.28E-08 1.73E-04 1.62E-01 2.68E-01 5.668E-01
1.250E-04 1.13E-01 6.99E-02 1.63E-04 4.01E-02 8.97E-03 1.09E-07 4.93E-03 9.96E-08 3.63E-04 1.69E-01 2.73E-01 6.793E-01
1.235E-04 1.15E-01 7.25E-02 1.62E-04 4.18E-02 9.15E-03 1.15E-07 4.99E-03 1.05E-07 3.75E-04 1.70E-01 2.73E-01 6.860E-01
1.130E-04 1.29E-01 9.46E-02 1.69E-04 5.64E-02 1.05E-02 1.62E-07 5.42E-03 1.49E-07 4.76E-04 1.72E-01 2.72E-01 7.404E-01
1.000E-04 1.53E-01 1.33E-01 1.90E-04 8.36E-02 1.28E-02 2.61E-07 6.07E-03 2.43E-07 6.58E-04 1.76E-01 2.69E-01 8.359E-01
9.500E-05 1.66E-01 1.52E-01 1.93E-04 9.83E-02 1.39E-02 3.19E-07 6.38E-03 2.99E-07 7.52E-04 1.78E-01 2.68E-01 8.831E-01
9.300E-05 1.71E-01 1.60E-01 1.97E-04 1.05E-01 1.44E-02 3.47E-07 6.51E-03 3.25E-07 7.94E-04 1.78E-01 2.67E-01 9.037E-01
9.200E-05 1.74E-01 1.64E-01 2.00E-04 1.09E-01 1.47E-02 3.62E-07 6.57E-03 3.40E-07 8.17E-04 1.79E-01 2.67E-01 9.144E-01
9.100E-05 1.76E-01 1.69E-01 2.05E-04 1.13E-01 1.49E-02 3.77E-07 6.64E-03 3.55E-07 8.40E-04 1.79E-01 2.66E-01 9.254E-01
9.000E-05 1.79E-01 1.73E-01 2.07E-04 1.17E-01 1.52E-02 3.94E-07 6.71E-03 3.71E-07 8.64E-04 1.79E-01 2.66E-01 9.366E-01
8.900E-05 1.82E-01 1.77E-01 2.12E-04 1.21E-01 1.55E-02 4.11E-07 6.78E-03 3.88E-07 8.89E-04 1.80E-01 2.65E-01 9.481E-01
8.800E-05 1.85E-01 1.82E-01 2.13E-04 1.25E-01 1.58E-02 4.30E-07 6.85E-03 4.06E-07 9.15E-04 1.80E-01 2.65E-01 9.600E-01
8.700E-05 1.87E-01 1.87E-01 2.20E-04 1.30E-01 1.60E-02 4.49E-07 6.93E-03 4.25E-07 9.41E-04 1.80E-01 2.64E-01 9.722E-01
8.600E-05 1.90E-01 1.91E-01 2.22E-04 1.34E-01 1.63E-02 4.70E-07 7.01E-03 4.45E-07 9.69E-04 1.80E-01 2.64E-01 9.848E-01
8.500E-05 1.93E-01 1.96E-01 2.27E-04 1.39E-01 1.66E-02 4.92E-07 7.08E-03 4.66E-07 9.98E-04 1.81E-01 2.64E-01 9.977E-01
8.400E-05 1.96E-01 2.02E-01 2.29E-04 1.44E-01 1.70E-02 5.15E-07 7.16E-03 4.89E-07 1.03E-03 1.81E-01 2.63E-01 1.011E+00
8.330E-05 1.98E-01 2.05E-01 2.34E-04 1.48E-01 1.72E-02 5.32E-07 7.22E-03 5.06E-07 1.05E-03 1.81E-01 2.63E-01 1.021E+00
8.200E-05 2.02E-01 2.12E-01 2.37E-04 1.56E-01 1.76E-02 5.65E-07 7.33E-03 5.38E-07 1.09E-03 1.82E-01 2.62E-01 1.040E+00
8.100E-05 2.05E-01 2.18E-01 2.44E-04 1.61E-01 1.79E-02 5.92E-07 7.41E-03 5.66E-07 1.13E-03 1.82E-01 2.61E-01 1.054E+00
8.000E-05 2.09E-01 2.23E-01 2.47E-04 1.68E-01 1.83E-02 6.22E-07 7.50E-03 5.94E-07 1.16E-03 1.82E-01 2.61E-01 1.070E+00
7.900E-05 2.12E-01 2.29E-01 2.52E-04 1.74E-01 1.87E-02 6.53E-07 7.59E-03 6.25E-07 1.20E-03 1.82E-01 2.60E-01 1.086E+00
7.800E-05 2.16E-01 2.35E-01 2.59E-04 1.81E-01 1.90E-02 6.86E-07 7.68E-03 6.58E-07 1.24E-03 1.83E-01 2.59E-01 1.102E+00
7.700E-05 2.20E-01 2.41E-01 2.65E-04 1.88E-01 1.94E-02 7.21E-07 7.77E-03 6.93E-07 1.28E-03 1.83E-01 2.58E-01 1.119E+00
7.600E-05 2.25E-01 2.46E-01 2.75E-04 1.95E-01 1.98E-02 7.58E-07 7.87E-03 7.30E-07 1.32E-03 1.84E-01 2.58E-01 1.137E+00
7.500E-05 2.29E-01 2.52E-01 2.83E-04 2.03E-01 2.02E-02 7.98E-07 7.97E-03 7.70E-07 1.36E-03 1.84E-01 2.57E-01 1.155E+00
7.400E-05 2.34E-01 2.58E-01 2.95E-04 2.11E-01 2.06E-02 8.40E-07 8.07E-03 8.13E-07 1.41E-03 1.84E-01 2.56E-01 1.173E+00
7.300E-05 2.38E-01 2.64E-01 3.09E-04 2.19E-01 2.11E-02 8.86E-07 8.17E-03 8.59E-07 1.45E-03 1.85E-01 2.55E-01 1.192E+00
7.140E-05 2.46E-01 2.73E-01 3.18E-04 2.33E-01 2.18E-02 9.65E-07 8.34E-03 9.39E-07 1.53E-03 1.86E-01 2.53E-01 1.223E+00
7.100E-05 2.48E-01 2.75E-01 3.20E-04 2.37E-01 2.20E-02 9.86E-07 8.39E-03 9.60E-07 1.55E-03 1.86E-01 2.53E-01 1.231E+00
7.000E-05 2.53E-01 2.81E-01 3.30E-04 2.46E-01 2.24E-02 1.04E-06 8.50E-03 1.02E-06 1.61E-03 1.86E-01 2.52E-01 1.251E+00
6.900E-05 2.58E-01 2.87E-01 3.41E-04 2.56E-01 2.29E-02 1.10E-06 8.61E-03 1.08E-06 1.66E-03 1.86E-01 2.51E-01 1.272E+00
6.800E-05 2.64E-01 2.93E-01 3.56E-04 2.66E-01 2.34E-02 1.17E-06 8.73E-03 1.14E-06 1.72E-03 1.87E-01 2.50E-01 1.293E+00
6.700E-05 2.69E-01 2.98E-01 3.70E-04 2.77E-01 2.39E-02 1.23E-06 8.86E-03 1.21E-06 1.79E-03 1.87E-01 2.49E-01 1.315E+00
6.600E-05 2.75E-01 3.04E-01 3.87E-04 2.88E-01 2.45E-02 1.31E-06 8.98E-03 1.29E-06 1.85E-03 1.88E-01 2.48E-01 1.338E+00
6.500E-05 2.81E-01 3.10E-01 3.95E-04 2.99E-01 2.50E-02 1.39E-06 9.11E-03 1.37E-06 1.92E-03 1.88E-01 2.46E-01 1.361E+00
6.400E-05 2.87E-01 3.16E-01 4.04E-04 3.11E-01 2.56E-02 1.48E-06 9.25E-03 1.46E-06 1.99E-03 1.88E-01 2.45E-01 1.384E+00
6.300E-05 2.93E-01 3.22E-01 4.17E-04 3.23E-01 2.62E-02 1.57E-06 9.39E-03 1.55E-06 2.07E-03 1.89E-01 2.44E-01 1.409E+00
6.250E-05 2.96E-01 3.25E-01 4.20E-04 3.29E-01 2.66E-02 1.62E-06 9.46E-03 1.60E-06 2.11E-03 1.89E-01 2.43E-01 1.421E+00
6.200E-05 3.00E-01 3.27E-01 4.31E-04 3.36E-01 2.69E-02 1.67E-06 9.53E-03 1.66E-06 2.15E-03 1.89E-01 2.43E-01 1.434E+00
6.100E-05 3.07E-01 3.33E-01 4.51E-04 3.49E-01 2.75E-02 1.78E-06 9.68E-03 1.77E-06 2.24E-03 1.90E-01 2.41E-01 1.459E+00
6.000E-05 3.14E-01 3.38E-01 4.72E-04 3.63E-01 2.82E-02 1.90E-06 9.83E-03 1.89E-06 2.33E-03 1.90E-01 2.40E-01 1.485E+00
5.900E-05 3.22E-01 3.43E-01 4.91E-04 3.77E-01 2.89E-02 2.03E-06 9.99E-03 2.02E-06 2.42E-03 1.90E-01 2.38E-01 1.512E+00
5.800E-05 3.29E-01 3.48E-01 5.13E-04 3.91E-01 2.96E-02 2.17E-06 1.02E-02 2.17E-06 2.53E-03 1.91E-01 2.37E-01 1.539E+00
5.700E-05 3.38E-01 3.52E-01 5.40E-04 4.07E-01 3.04E-02 2.33E-06 1.03E-02 2.33E-06 2.63E-03 1.91E-01 2.35E-01 1.567E+00
5.600E-05 3.46E-01 3.56E-01 5.68E-04 4.23E-01 3.12E-02 2.49E-06 1.05E-02 2.50E-06 2.75E-03 1.91E-01 2.33E-01 1.595E+00
5.500E-05 3.55E-01 3.60E-01 5.93E-04 4.39E-01 3.20E-02 2.68E-06 1.07E-02 2.69E-06 2.87E-03 1.92E-01 2.32E-01 1.624E+00
5.477E-05 3.57E-01 3.61E-01 5.96E-04 4.43E-01 3.22E-02 2.72E-06 1.07E-02 2.73E-06 4.19E-03 1.92E-01 2.31E-01 1.632E+00
5.400E-05 3.64E-01 3.63E-01 6.16E-04 4.56E-01 3.29E-02 2.88E-06 1.09E-02 2.89E-06 4.35E-03 1.92E-01 2.30E-01 1.654E+00
5.300E-05 3.72E-01 3.66E-01 6.46E-04 4.74E-01 3.39E-02 3.11E-06 1.11E-02 3.12E-06 4.58E-03 1.92E-01 2.28E-01 1.684E+00
5.200E-05 3.81E-01 3.68E-01 6.87E-04 4.93E-01 3.50E-02 3.36E-06 1.13E-02 3.37E-06 4.84E-03 1.93E-01 2.27E-01 1.714E+00
5.100E-05 3.91E-01 3.70E-01 7.26E-04 5.13E-01 3.60E-02 3.63E-06 1.15E-02 3.65E-06 5.11E-03 1.93E-01 2.25E-01 1.745E+00
5.000E-05 4.00E-01 3.72E-01 7.67E-04 5.33E-01 3.71E-02 3.93E-06 1.17E-02 3.96E-06 5.41E-03 1.93E-01 2.24E-01 1.777E+00
4.900E-05 4.09E-01 3.73E-01 8.07E-04 5.54E-01 3.83E-02 4.27E-06 1.19E-02 4.30E-06 5.74E-03 1.93E-01 2.22E-01 1.809E+00
4.880E-05 4.10E-01 3.74E-01 8.15E-04 5.59E-01 3.85E-02 4.34E-06 1.20E-02 4.37E-06 5.81E-03 1.93E-01 2.22E-01 1.815E+00
4.800E-05 4.18E-01 3.75E-01 8.53E-04 5.76E-01 3.97E-02 4.64E-06 1.21E-02 4.67E-06 6.11E-03 1.93E-01 2.20E-01 1.841E+00
4.760E-05 4.21E-01 3.75E-01 8.74E-04 5.85E-01 4.03E-02 4.80E-06 1.22E-02 4.83E-06 6.26E-03 1.94E-01 2.20E-01 1.854E+00
4.700E-05 4.26E-01 3.76E-01 9.06E-04 5.99E-01 4.12E-02 5.06E-06 1.24E-02 5.09E-06 6.51E-03 1.94E-01 2.19E-01 1.874E+00
4.650E-05 4.31E-01 3.76E-01 9.30E-04 6.10E-01 4.21E-02 5.28E-06 1.25E-02 5.32E-06 6.73E-03 1.94E-01 2.18E-01 1.891E+00
4.600E-05 4.35E-01 3.76E-01 9.66E-04 6.22E-01 4.29E-02 5.52E-06 1.26E-02 5.56E-06 6.96E-03 1.94E-01 2.17E-01 1.908E+00
4.550E-05 4.40E-01 3.77E-01 1.01E-03 6.34E-01 4.37E-02 5.78E-06 1.28E-02 5.81E-06 7.20E-03 1.94E-01 2.17E-01 1.925E+00
4.500E-05 4.44E-01 3.77E-01 1.05E-03 6.46E-01 4.46E-02 6.05E-06 1.29E-02 6.08E-06 7.46E-03 1.93E-01 2.16E-01 1.942E+00
4.440E-05 4.49E-01 3.77E-01 1.11E-03 6.60E-01 4.56E-02 6.39E-06 1.31E-02 6.42E-06 7.79E-03 1.93E-01 2.15E-01 1.963E+00
4.350E-05 4.57E-01 3.77E-01 1.21E-03 6.83E-01 4.74E-02 6.95E-06 1.33E-02 6.98E-06 8.33E-03 1.93E-01 2.14E-01 1.994E+00
4.170E-05 4.72E-01 3.78E-01 1.47E-03 7.29E-01 5.14E-02 8.27E-06 1.39E-02 8.31E-06 9.62E-03 1.93E-01 2.11E-01 2.059E+00
4.000E-05 4.86E-01 3.77E-01 1.95E-03 7.75E-01 5.56E-02 9.83E-06 1.44E-02 9.87E-06 1.12E-02 1.93E-01 2.09E-01 2.123E+00
3.850E-05 4.97E-01 3.77E-01 2.58E-03 8.17E-01 5.96E-02 1.15E-05 1.49E-02 1.16E-05 1.29E-02 1.92E-01 2.08E-01 2.180E+00
3.656E-05 5.12E-01 3.76E-01 3.80E-03 8.71E-01 6.52E-02 1.44E-05 1.56E-02 1.44E-05 1.59E-02 1.91E-01 2.06E-01 2.256E+00
3.570E-05 5.18E-01 3.76E-01 4.43E-03 8.95E-01 6.79E-02 1.59E-05 1.59E-02 1.58E-05 1.76E-02 1.91E-01 2.05E-01 2.290E+00
3.330E-05 5.34E-01 3.74E-01 6.63E-03 9.60E-01 7.72E-02 2.18E-05 1.69E-02 2.12E-05 2.44E-02 1.89E-01 2.03E-01 2.386E+00
3.130E-05 5.45E-01 3.73E-01 8.80E-03 1.01E+00 8.87E-02 2.94E-05 1.78E-02 2.76E-05 3.41E-02 1.88E-01 2.02E-01 2.469E+00
3.000E-05 5.52E-01 3.72E-01 1.05E-02 1.04E+00 9.91E-02 3.64E-05 1.84E-02 3.31E-05 4.43E-02 1.87E-01 2.01E-01 2.527E+00
2.940E-05 5.55E-01 3.72E-01 1.14E-02 1.05E+00 1.04E-01 4.04E-05 1.87E-02 3.62E-05 5.07E-02 1.87E-01 2.01E-01 2.554E+00
2.780E-05 5.62E-01 3.70E-01 1.39E-02 1.08E+00 1.22E-01 5.54E-05 1.95E-02 4.62E-05 7.75E-02 1.86E-01 2.00E-01 2.635E+00
2.630E-05 5.66E-01 3.69E-01 1.65E-02 1.11E+00 1.49E-01 7.87E-05 2.03E-02 5.90E-05 1.28E-01 1.85E-01 1.99E-01 2.739E+00
2.500E-05 5.68E-01 3.68E-01 1.95E-02 1.12E+00 1.86E-01 1.15E-04 2.10E-02 7.42E-05 2.21E-01 1.84E-01 1.99E-01 2.887E+00
2.380E-05 5.71E-01 3.68E-01 2.33E-02 1.13E+00 2.57E-01 1.75E-04 2.10E-02 9.31E-05 3.78E-01 1.82E-01 1.99E-01 3.128E+00
2.270E-05 5.73E-01 3.67E-01 2.84E-02 1.13E+00 3.71E-01 2.57E-04 2.19E-02 1.17E-04 4.89E-01 1.81E-01 1.99E-01 3.363E+00
2.170E-05 5.73E-01 3.66E-01 3.54E-02 1.14E+00 5.02E-01 3.33E-04 2.46E-02 1.46E-04 3.87E-01 1.80E-01 1.99E-01 3.408E+00
2.080E-05 5.73E-01 3.66E-01 4.81E-02 1.15E+00 5.20E-01 3.09E-04 3.07E-02 1.82E-04 2.47E-01 1.79E-01 1.99E-01 3.316E+00
2.000E-05 5.71E-01 3.65E-01 1.69E-01 1.06E+00 4.51E-01 2.42E-04 3.91E-02 2.23E-04 1.61E-01 1.78E-01 1.99E-01 3.194E+00
1.920E-05 5.70E-01 3.67E-01 3.17E-01 9.34E-01 3.50E-01 1.66E-04 5.37E-02 2.77E-04 1.09E-01 1.77E-01 2.00E-01 3.078E+00
1.850E-05 5.71E-01 3.71E-01 4.06E-01 8.62E-01 2.74E-01 1.18E-04 7.19E-02 3.39E-04 8.11E-02 1.76E-01 2.00E-01 3.014E+00
1.790E-05 5.73E-01 3.74E-01 5.09E-01 7.66E-01 2.23E-01 8.99E-05 9.18E-02 4.06E-04 6.48E-02 1.75E-01 2.01E-01 2.977E+00
1.720E-05 5.74E-01 3.77E-01 5.81E-01 7.00E-01 1.79E-01 7.15E-05 1.27E-01 5.09E-04 5.18E-02 1.74E-01 2.01E-01 2.966E+00
1.670E-05 5.76E-01 3.80E-01 6.14E-01 6.71E-01 1.53E-01 6.51E-05 1.61E-01 6.01E-04 4.54E-02 1.72E-01 2.02E-01 2.975E+00
1.610E-05 5.78E-01 3.84E-01 6.44E-01 6.46E-01 1.29E-01 6.62E-05 2.19E-01 7.43E-04 3.99E-02 1.71E-01 2.02E-01 3.013E+00
1.560E-05 5.80E-01 3.86E-01 6.63E-01 6.30E-01 1.13E-01 7.47E-05 2.86E-01 8.89E-04 3.68E-02 1.70E-01 2.03E-01 3.068E+00
1.520E-05 5.81E-01 3.88E-01 6.75E-01 6.19E-01 1.03E-01 8.68E-05 3.57E-01 1.02E-03 3.52E-02 1.69E-01 2.03E-01 3.132E+00
1.470E-05 5.83E-01 3.91E-01 6.85E-01 6.07E-01 9.14E-02 1.10E-04 4.60E-01 1.21E-03 3.42E-02 1.67E-01 2.04E-01 3.224E+00
1.430E-05 5.83E-01 3.92E-01 6.91E-01 5.99E-01 8.57E-02 1.37E-04 5.48E-01 1.35E-03 3.42E-02 1.67E-01 2.04E-01 3.305E+00
1.390E-05 5.83E-01 3.92E-01 6.94E-01 5.92E-01 8.33E-02 1.74E-04 6.17E-01 1.50E-03 3.49E-02 1.67E-01 2.04E-01 3.368E+00
1.350E-05 5.83E-01 3.92E-01 6.96E-01 5.85E-01 8.32E-02 2.23E-04 6.81E-01 1.68E-03 3.64E-02 1.66E-01 2.03E-01 3.427E+00
1.320E-05 5.82E-01 3.93E-01 6.96E-01 5.79E-01 8.48E-02 2.71E-04 7.32E-01 1.84E-03 3.82E-02 1.66E-01 2.03E-01 3.476E+00
1.280E-05 5.81E-01 3.94E-01 6.96E-01 5.73E-01 9.03E-02 3.56E-04 8.05E-01 2.09E-03 4.17E-02 1.65E-01 2.03E-01 3.551E+00
1.250E-05 5.80E-01 3.95E-01 6.94E-01 5.72E-01 9.80E-02 4.38E-04 8.65E-01 2.32E-03 4.53E-02 1.65E-01 2.03E-01 3.619E+00
1.220E-05 5.79E-01 3.95E-01 6.93E-01 5.71E-01 1.09E-01 5.43E-04 9.31E-01 2.59E-03 5.01E-02 1.64E-01 2.03E-01 3.700E+00
1.190E-05 5.78E-01 3.96E-01 6.95E-01 5.76E-01 1.25E-01 6.74E-04 1.00E+00 2.90E-03 5.63E-02 1.64E-01 2.03E-01 3.801E+00
1.160E-05 5.75E-01 3.96E-01 6.96E-01 5.81E-01 1.42E-01 8.40E-04 1.09E+00 3.27E-03 6.45E-02 1.63E-01 2.04E-01 3.912E+00
1.140E-05 5.73E-01 3.96E-01 6.97E-01 5.81E-01 1.57E-01 9.88E-04 1.15E+00 3.55E-03 7.14E-02 1.63E-01 2.04E-01 3.994E+00
1.110E-05 5.70E-01 3.95E-01 6.98E-01 5.83E-01 1.79E-01 1.29E-03 1.25E+00 4.05E-03 8.47E-02 1.62E-01 2.04E-01 4.131E+00
1.080E-05 5.66E-01 3.94E-01 6.98E-01 5.85E-01 2.42E-01 1.72E-03 1.37E+00 4.67E-03 1.03E-01 1.61E-01 2.04E-01 4.331E+00
1.050E-05 5.62E-01 3.93E-01 6.99E-01 5.87E-01 3.22E-01 2.23E-03 1.52E+00 5.47E-03 1.27E-01 1.61E-01 2.04E-01 4.584E+00
1.030E-05 5.58E-01 3.92E-01 6.98E-01 5.88E-01 3.84E-01 2.55E-03 1.66E+00 6.09E-03 1.48E-01 1.60E-01 2.05E-01 4.807E+00
1.000E-05 5.53E-01 3.90E-01 6.98E-01 5.90E-01 4.71E-01 3.12E-03 1.87E+00 6.99E-03 1.87E-01 1.59E-01 2.05E-01 5.132E+00
9.750E-06 5.48E-01 3.89E-01 6.97E-01 5.92E-01 5.72E-01 3.87E-03 2.03E+00 7.78E-03 2.26E-01 1.59E-01 2.05E-01 5.431E+00
9.500E-06 5.43E-01 3.87E-01 6.95E-01 5.94E-01 6.89E-01 4.58E-03 2.21E+00 8.65E-03 2.67E-01 1.58E-01 2.05E-01 5.757E+00
9.250E-06 5.38E-01 3.86E-01 6.93E-01 5.96E-01 7.77E-01 5.12E-03 2.38E+00 9.51E-03 2.97E-01 1.58E-01 2.04E-01 6.047E+00
9.080E-06 5.34E-01 3.84E-01 6.89E-01 5.95E-01 8.32E-01 5.50E-03 2.48E+00 9.95E-03 3.03E-01 1.58E-01 2.04E-01 6.199E+00
