 # Optical depth (Siebenmorgen 2023, A&A 670A,115; SC 2023 doi: 10.48550/arXiv.2311.03310)
 # wel(cm) sa_aC    ss_aC    sa_Si    ss_Si    sa_vgr   ss_vgr   sa_vsi   ss_vsi   s_pahS+B sa_Dark  ss_Dark sigt 
 # ------------------------------------------------------------------------------------------------------------- 
1.000E+00 2.41E-07 1.30E-16 5.91E-07 1.04E-16 8.31E-09 6.95E-23 1.19E-07 1.78E-22 1.24E-11 6.62E-06 1.40E-12 7.580E-06
9.000E-01 2.82E-07 1.98E-16 6.97E-07 1.58E-16 1.06E-08 1.06E-22 1.42E-07 2.71E-22 1.53E-11 7.71E-06 2.13E-12 8.844E-06
8.000E-01 3.37E-07 3.16E-16 8.40E-07 2.53E-16 1.38E-08 1.70E-22 1.72E-07 4.34E-22 1.94E-11 9.15E-06 3.41E-12 1.052E-05
7.000E-01 4.13E-07 5.39E-16 1.04E-06 4.32E-16 1.85E-08 2.89E-22 2.12E-07 7.41E-22 2.54E-11 1.11E-05 5.82E-12 1.279E-05
6.000E-01 5.22E-07 9.99E-16 1.33E-06 8.01E-16 2.57E-08 5.36E-22 2.73E-07 1.37E-21 3.45E-11 1.39E-05 1.08E-11 1.608E-05
5.500E-01 5.97E-07 1.41E-15 1.52E-06 1.13E-15 3.08E-08 7.59E-22 3.14E-07 1.94E-21 4.11E-11 1.58E-05 1.52E-11 1.830E-05
5.000E-01 6.92E-07 2.07E-15 1.77E-06 1.66E-15 3.74E-08 1.11E-21 3.65E-07 2.84E-21 4.97E-11 1.82E-05 2.23E-11 2.109E-05
4.500E-01 8.15E-07 3.15E-15 2.10E-06 2.53E-15 4.60E-08 1.69E-21 4.35E-07 4.33E-21 6.14E-11 2.13E-05 3.39E-11 2.470E-05
4.000E-01 9.80E-07 5.05E-15 2.54E-06 4.05E-15 5.76E-08 2.71E-21 5.22E-07 6.94E-21 7.76E-11 2.54E-05 5.42E-11 2.947E-05
3.500E-01 1.21E-06 8.61E-15 3.15E-06 6.92E-15 7.38E-08 4.63E-21 6.54E-07 1.18E-20 1.01E-10 3.10E-05 9.24E-11 3.609E-05
3.000E-01 1.54E-06 1.60E-14 4.04E-06 1.28E-14 9.72E-08 8.58E-21 8.30E-07 2.19E-20 1.38E-10 3.91E-05 1.71E-10 4.558E-05
2.500E-01 2.07E-06 3.31E-14 5.42E-06 2.66E-14 1.33E-07 1.78E-20 1.11E-06 4.54E-20 1.99E-10 5.15E-05 3.54E-10 6.029E-05
2.098E-01 2.75E-06 6.66E-14 7.21E-06 5.36E-14 1.76E-07 3.59E-20 1.48E-06 9.15E-20 2.82E-10 6.74E-05 7.11E-10 7.904E-05
1.500E-01 4.78E-06 2.55E-13 1.25E-05 2.05E-13 3.37E-07 1.37E-19 2.54E-06 3.50E-19 5.52E-10 1.14E-04 2.71E-09 1.336E-04
1.382E-01 5.48E-06 3.53E-13 1.43E-05 2.85E-13 3.97E-07 1.90E-19 2.91E-06 4.85E-19 6.51E-10 1.29E-04 3.76E-09 1.522E-04
1.320E-01 5.92E-06 4.24E-13 1.54E-05 3.42E-13 4.34E-07 2.29E-19 3.13E-06 5.83E-19 7.13E-10 1.39E-04 4.51E-09 1.638E-04
1.150E-01 7.48E-06 7.36E-13 1.93E-05 5.93E-13 5.69E-07 3.97E-19 3.91E-06 1.01E-18 9.40E-10 1.73E-04 7.81E-09 2.042E-04
1.000E-01 9.52E-06 1.29E-12 2.43E-05 1.04E-12 7.48E-07 6.95E-19 4.88E-06 1.77E-18 1.24E-09 2.17E-04 1.36E-08 2.560E-04
9.970E-02 9.57E-06 1.30E-12 2.44E-05 1.05E-12 7.52E-07 7.03E-19 4.91E-06 1.79E-18 1.25E-09 2.18E-04 1.38E-08 2.573E-04
8.670E-02 1.21E-05 2.28E-12 3.08E-05 1.84E-12 9.94E-07 1.23E-18 6.16E-06 3.13E-18 1.65E-09 2.71E-04 2.41E-08 3.208E-04
8.500E-02 1.25E-05 2.47E-12 3.18E-05 1.99E-12 1.03E-06 1.33E-18 6.36E-06 3.38E-18 1.72E-09 2.80E-04 2.61E-08 3.318E-04
7.500E-02 1.58E-05 4.07E-12 3.91E-05 3.29E-12 1.31E-06 2.19E-18 7.76E-06 5.58E-18 2.21E-09 3.50E-04 4.29E-08 4.140E-04
6.000E-02 2.33E-05 9.93E-12 5.65E-05 8.06E-12 2.02E-06 5.36E-18 1.13E-05 1.36E-17 3.45E-09 4.98E-04 1.04E-07 5.913E-04
5.500E-02 2.70E-05 1.41E-11 6.32E-05 1.15E-11 2.38E-06 7.59E-18 1.31E-05 1.93E-17 4.11E-09 5.75E-04 1.48E-07 6.810E-04
5.000E-02 3.21E-05 2.06E-11 7.83E-05 1.69E-11 2.84E-06 1.11E-17 1.56E-05 2.83E-17 4.97E-09 6.82E-04 2.16E-07 8.112E-04
4.500E-02 3.96E-05 3.15E-11 1.04E-04 2.60E-11 3.47E-06 1.69E-17 1.91E-05 4.31E-17 6.14E-09 8.33E-04 3.29E-07 9.994E-04
4.000E-02 5.09E-05 5.05E-11 1.39E-04 4.20E-11 4.32E-06 2.71E-17 2.42E-05 6.92E-17 7.77E-09 1.05E-03 5.26E-07 1.266E-03
3.500E-02 6.38E-05 8.61E-11 2.11E-04 7.22E-11 5.54E-06 4.62E-17 3.20E-05 1.18E-16 1.02E-08 1.29E-03 8.96E-07 1.606E-03
3.000E-02 9.00E-05 1.60E-10 3.29E-04 1.34E-10 7.38E-06 8.57E-17 4.49E-05 2.19E-16 1.38E-08 1.77E-03 1.66E-06 2.248E-03
2.750E-02 1.07E-04 2.27E-10 4.14E-04 1.90E-10 8.70E-06 1.21E-16 5.48E-05 3.11E-16 1.65E-08 2.08E-03 2.34E-06 2.663E-03
2.500E-02 1.29E-04 3.33E-10 5.27E-04 2.79E-10 1.04E-05 1.78E-16 6.87E-05 4.55E-16 1.99E-08 2.49E-03 3.42E-06 3.224E-03
2.400E-02 1.42E-04 3.92E-10 5.83E-04 3.28E-10 1.12E-05 2.09E-16 7.50E-05 5.36E-16 2.16E-08 2.67E-03 4.02E-06 3.489E-03
2.000E-02 2.08E-04 8.20E-10 9.08E-04 6.69E-10 1.59E-05 4.35E-16 1.09E-04 1.11E-15 3.12E-08 3.77E-03 8.30E-06 5.017E-03
1.800E-02 2.59E-04 1.26E-09 1.13E-03 1.00E-09 1.96E-05 6.63E-16 1.35E-04 1.69E-15 3.85E-08 4.63E-03 1.26E-05 6.183E-03
1.600E-02 3.43E-04 2.03E-09 1.40E-03 1.57E-09 2.48E-05 1.06E-15 1.72E-04 2.71E-15 4.88E-08 5.84E-03 2.01E-05 7.806E-03
1.500E-02 4.09E-04 2.64E-09 1.57E-03 2.01E-09 2.82E-05 1.38E-15 1.95E-04 3.52E-15 5.56E-08 6.64E-03 2.59E-05 8.871E-03
1.400E-02 4.66E-04 3.48E-09 1.76E-03 2.62E-09 3.26E-05 1.82E-15 2.25E-04 4.64E-15 6.39E-08 7.41E-03 3.41E-05 9.928E-03
1.200E-02 7.11E-04 6.53E-09 2.25E-03 4.69E-09 4.53E-05 3.39E-15 3.09E-04 8.60E-15 8.72E-08 1.00E-02 6.23E-05 1.339E-02
1.000E-02 1.08E-03 1.37E-08 2.97E-03 9.29E-09 6.85E-05 7.08E-15 4.51E-04 1.79E-14 1.26E-07 1.38E-02 1.28E-04 1.850E-02
9.000E-03 1.44E-03 2.11E-08 3.38E-03 1.38E-08 8.80E-05 1.08E-14 5.63E-04 2.72E-14 1.56E-07 1.69E-02 1.93E-04 2.257E-02
8.000E-03 1.91E-03 3.33E-08 3.93E-03 2.18E-08 1.18E-04 1.75E-14 7.22E-04 4.37E-14 1.99E-07 2.02E-02 3.03E-04 2.721E-02
7.500E-03 2.23E-03 4.36E-08 4.34E-03 2.81E-08 1.39E-04 2.28E-14 8.29E-04 5.65E-14 2.27E-07 2.30E-02 3.93E-04 3.093E-02
7.000E-03 2.69E-03 5.71E-08 4.87E-03 3.68E-08 1.67E-04 3.02E-14 9.60E-04 7.45E-14 2.62E-07 2.60E-02 5.11E-04 3.518E-02
6.000E-03 3.87E-03 1.04E-07 6.25E-03 6.71E-08 2.57E-04 5.69E-14 1.34E-03 1.38E-13 3.61E-07 3.40E-02 9.29E-04 4.662E-02
5.000E-03 5.51E-03 2.03E-07 8.88E-03 1.37E-07 4.50E-04 1.21E-13 1.97E-03 2.85E-13 5.32E-07 4.61E-02 1.88E-03 6.481E-02
4.500E-03 6.79E-03 2.94E-07 1.09E-02 2.04E-07 6.37E-04 1.86E-13 2.46E-03 4.32E-13 6.69E-07 5.54E-02 2.81E-03 7.898E-02
4.000E-03 8.08E-03 4.38E-07 1.35E-02 3.05E-07 9.32E-04 2.97E-13 3.14E-03 6.84E-13 8.72E-07 6.72E-02 4.37E-03 9.730E-02
3.500E-03 9.77E-03 6.92E-07 1.67E-02 4.82E-07 1.29E-03 4.74E-13 4.10E-03 1.15E-12 1.20E-06 8.41E-02 7.22E-03 1.232E-01
3.000E-03 1.20E-02 1.14E-06 2.06E-02 7.74E-07 1.37E-03 7.42E-13 5.60E-03 2.10E-12 1.81E-06 1.09E-01 1.25E-02 1.611E-01
2.750E-03 1.32E-02 1.50E-06 2.25E-02 9.98E-07 1.18E-03 9.56E-13 6.73E-03 2.93E-12 2.44E-06 1.25E-01 1.67E-02 1.851E-01
2.500E-03 1.43E-02 2.00E-06 2.47E-02 1.31E-06 9.28E-04 1.32E-12 8.26E-03 4.23E-12 4.00E-06 1.43E-01 2.24E-02 2.137E-01
2.400E-03 1.48E-02 2.28E-06 2.55E-02 1.47E-06 8.32E-04 1.53E-12 9.00E-03 4.91E-12 5.57E-06 1.51E-01 2.51E-02 2.267E-01
2.350E-03 1.51E-02 2.44E-06 2.60E-02 1.56E-06 7.87E-04 1.65E-12 9.42E-03 5.30E-12 6.57E-06 1.56E-01 2.65E-02 2.338E-01
2.320E-03 1.53E-02 2.54E-06 2.63E-02 1.61E-06 7.61E-04 1.74E-12 9.68E-03 5.55E-12 7.06E-06 1.58E-01 2.74E-02 2.380E-01
2.310E-03 1.53E-02 2.58E-06 2.64E-02 1.63E-06 7.52E-04 1.76E-12 9.76E-03 5.64E-12 7.19E-06 1.59E-01 2.77E-02 2.394E-01
2.300E-03 1.54E-02 2.61E-06 2.65E-02 1.65E-06 7.44E-04 1.79E-12 9.85E-03 5.72E-12 7.30E-06 1.60E-01 2.80E-02 2.408E-01
2.250E-03 1.57E-02 2.79E-06 2.71E-02 1.76E-06 7.04E-04 1.95E-12 1.04E-02 6.22E-12 7.60E-06 1.65E-01 2.96E-02 2.483E-01
2.200E-03 1.59E-02 2.99E-06 2.78E-02 1.88E-06 6.66E-04 2.13E-12 1.09E-02 6.73E-12 7.98E-06 1.69E-01 3.11E-02 2.558E-01
2.150E-03 1.62E-02 3.21E-06 2.85E-02 2.00E-06 6.31E-04 2.34E-12 1.15E-02 7.27E-12 8.71E-06 1.74E-01 3.27E-02 2.634E-01
2.120E-03 1.64E-02 3.35E-06 2.89E-02 2.06E-06 6.12E-04 2.47E-12 1.18E-02 7.63E-12 9.08E-06 1.77E-01 3.36E-02 2.680E-01
2.110E-03 1.65E-02 3.40E-06 2.91E-02 2.09E-06 6.06E-04 2.52E-12 1.20E-02 7.76E-12 9.14E-06 1.77E-01 3.39E-02 2.695E-01
2.100E-03 1.65E-02 3.44E-06 2.92E-02 2.11E-06 5.99E-04 2.57E-12 1.21E-02 7.88E-12 9.16E-06 1.78E-01 3.42E-02 2.710E-01
2.080E-03 1.66E-02 3.53E-06 2.94E-02 2.15E-06 5.88E-04 2.67E-12 1.24E-02 8.13E-12 9.09E-06 1.80E-01 3.47E-02 2.736E-01
2.000E-03 1.69E-02 3.99E-06 3.04E-02 2.32E-06 5.45E-04 3.13E-12 1.35E-02 9.23E-12 8.67E-06 1.87E-01 3.72E-02 2.852E-01
1.950E-03 1.71E-02 4.32E-06 3.08E-02 2.41E-06 5.22E-04 3.47E-12 1.43E-02 9.78E-12 9.34E-06 1.90E-01 3.81E-02 2.908E-01
1.900E-03 1.75E-02 4.72E-06 3.09E-02 2.47E-06 5.01E-04 3.85E-12 1.49E-02 1.02E-11 1.13E-05 1.92E-01 3.89E-02 2.949E-01
1.850E-03 1.78E-02 5.16E-06 3.08E-02 2.50E-06 4.82E-04 4.29E-12 1.53E-02 1.05E-11 1.45E-05 1.93E-01 3.94E-02 2.963E-01
1.830E-03 1.80E-02 5.34E-06 3.06E-02 2.50E-06 4.75E-04 4.49E-12 1.53E-02 1.06E-11 1.56E-05 1.92E-01 3.95E-02 2.962E-01
1.820E-03 1.81E-02 5.43E-06 3.04E-02 2.50E-06 4.72E-04 4.59E-12 1.53E-02 1.06E-11 1.60E-05 1.92E-01 3.95E-02 2.958E-01
1.810E-03 1.81E-02 5.53E-06 3.03E-02 2.50E-06 4.69E-04 4.69E-12 1.53E-02 1.06E-11 1.62E-05 1.92E-01 3.96E-02 2.954E-01
1.800E-03 1.82E-02 5.63E-06 3.01E-02 2.49E-06 4.66E-04 4.80E-12 1.52E-02 1.06E-11 1.63E-05 1.91E-01 3.98E-02 2.951E-01
1.750E-03 1.86E-02 6.16E-06 2.88E-02 2.43E-06 4.52E-04 5.39E-12 1.49E-02 1.07E-11 1.67E-05 1.89E-01 4.03E-02 2.917E-01
1.700E-03 1.89E-02 6.75E-06 2.67E-02 2.33E-06 4.42E-04 6.06E-12 1.41E-02 1.08E-11 2.04E-05 1.85E-01 4.12E-02 2.860E-01
1.670E-03 1.91E-02 7.18E-06 2.50E-02 2.26E-06 4.36E-04 6.52E-12 1.36E-02 1.09E-11 2.40E-05 1.83E-01 4.22E-02 2.829E-01
1.650E-03 1.94E-02 7.50E-06 2.37E-02 2.23E-06 4.33E-04 6.85E-12 1.32E-02 1.10E-11 2.53E-05 1.81E-01 4.29E-02 2.809E-01
1.640E-03 1.95E-02 7.64E-06 2.30E-02 2.21E-06 4.32E-04 7.02E-12 1.30E-02 1.11E-11 2.52E-05 1.80E-01 4.33E-02 2.796E-01
1.630E-03 1.96E-02 7.80E-06 2.23E-02 2.20E-06 4.31E-04 7.20E-12 1.28E-02 1.12E-11 2.48E-05 1.80E-01 4.37E-02 2.784E-01
1.610E-03 1.98E-02 8.11E-06 2.08E-02 2.19E-06 4.29E-04 7.57E-12 1.23E-02 1.14E-11 2.32E-05 1.78E-01 4.47E-02 2.762E-01
1.600E-03 1.99E-02 8.27E-06 1.99E-02 2.20E-06 4.28E-04 7.77E-12 1.21E-02 1.16E-11 2.24E-05 1.77E-01 4.53E-02 2.752E-01
1.590E-03 2.00E-02 8.44E-06 1.91E-02 2.22E-06 4.27E-04 7.97E-12 1.19E-02 1.18E-11 2.19E-05 1.77E-01 4.59E-02 2.742E-01
1.580E-03 2.01E-02 8.61E-06 1.83E-02 2.25E-06 4.26E-04 8.17E-12 1.17E-02 1.20E-11 2.15E-05 1.76E-01 4.66E-02 2.734E-01
1.570E-03 2.02E-02 8.78E-06 1.75E-02 2.29E-06 4.25E-04 8.39E-12 1.15E-02 1.22E-11 2.12E-05 1.76E-01 4.73E-02 2.724E-01
1.560E-03 2.03E-02 8.98E-06 1.67E-02 2.35E-06 4.25E-04 8.61E-12 1.12E-02 1.24E-11 2.07E-05 1.75E-01 4.81E-02 2.719E-01
1.540E-03 2.06E-02 9.36E-06 1.53E-02 2.52E-06 4.24E-04 9.08E-12 1.08E-02 1.30E-11 2.03E-05 1.74E-01 4.97E-02 2.713E-01
1.520E-03 2.08E-02 9.72E-06 1.42E-02 2.77E-06 4.24E-04 9.57E-12 1.04E-02 1.38E-11 2.14E-05 1.74E-01 5.16E-02 2.710E-01
1.510E-03 2.08E-02 9.90E-06 1.38E-02 2.91E-06 4.24E-04 9.83E-12 1.02E-02 1.42E-11 2.21E-05 1.73E-01 5.26E-02 2.711E-01
1.500E-03 2.09E-02 1.01E-05 1.35E-02 3.07E-06 4.24E-04 1.01E-11 1.01E-02 1.46E-11 2.22E-05 1.73E-01 5.37E-02 2.714E-01
1.450E-03 2.12E-02 1.13E-05 1.29E-02 3.98E-06 4.26E-04 1.16E-11 9.26E-03 1.77E-11 2.82E-05 1.73E-01 6.11E-02 2.783E-01
1.440E-03 2.13E-02 1.15E-05 1.29E-02 4.18E-06 4.27E-04 1.19E-11 9.14E-03 1.84E-11 3.11E-05 1.74E-01 6.28E-02 2.805E-01
1.430E-03 2.14E-02 1.18E-05 1.29E-02 4.38E-06 4.28E-04 1.23E-11 9.10E-03 1.94E-11 3.37E-05 1.75E-01 6.48E-02 2.837E-01
1.420E-03 2.15E-02 1.21E-05 1.29E-02 4.59E-06 4.29E-04 1.26E-11 9.06E-03 2.04E-11 3.50E-05 1.76E-01 6.68E-02 2.870E-01
1.400E-03 2.18E-02 1.27E-05 1.29E-02 5.03E-06 4.32E-04 1.34E-11 9.14E-03 2.27E-11 3.82E-05 1.80E-01 7.11E-02 2.951E-01
1.380E-03 2.20E-02 1.32E-05 1.29E-02 5.51E-06 4.34E-04 1.42E-11 9.39E-03 2.54E-11 4.83E-05 1.84E-01 7.55E-02 3.045E-01
1.370E-03 2.21E-02 1.36E-05 1.29E-02 5.77E-06 4.36E-04 1.46E-11 9.64E-03 2.68E-11 5.74E-05 1.87E-01 7.76E-02 3.098E-01
1.360E-03 2.22E-02 1.39E-05 1.29E-02 6.05E-06 4.38E-04 1.50E-11 9.93E-03 2.83E-11 6.65E-05 1.90E-01 7.97E-02 3.154E-01
1.350E-03 2.24E-02 1.43E-05 1.30E-02 6.34E-06 4.40E-04 1.55E-11 1.02E-02 2.99E-11 7.11E-05 1.93E-01 8.17E-02 3.210E-01
1.340E-03 2.25E-02 1.46E-05 1.30E-02 6.64E-06 4.42E-04 1.60E-11 1.06E-02 3.15E-11 7.71E-05 1.96E-01 8.34E-02 3.264E-01
1.330E-03 2.26E-02 1.50E-05 1.31E-02 6.97E-06 4.44E-04 1.65E-11 1.09E-02 3.31E-11 8.94E-05 1.99E-01 8.50E-02 3.317E-01
1.320E-03 2.28E-02 1.53E-05 1.32E-02 7.32E-06 4.47E-04 1.70E-11 1.13E-02 3.48E-11 1.10E-04 2.03E-01 8.66E-02 3.371E-01
1.310E-03 2.29E-02 1.57E-05 1.33E-02 7.69E-06 4.49E-04 1.75E-11 1.17E-02 3.65E-11 1.45E-04 2.06E-01 8.81E-02 3.422E-01
1.290E-03 2.30E-02 1.64E-05 1.36E-02 8.51E-06 4.55E-04 1.86E-11 1.26E-02 4.03E-11 2.98E-04 2.11E-01 9.11E-02 3.525E-01
1.280E-03 2.31E-02 1.68E-05 1.38E-02 8.94E-06 4.57E-04 1.92E-11 1.31E-02 4.23E-11 4.37E-04 2.15E-01 9.24E-02 3.579E-01
1.270E-03 2.32E-02 1.72E-05 1.39E-02 9.42E-06 4.60E-04 1.99E-11 1.36E-02 4.44E-11 5.29E-04 2.18E-01 9.37E-02 3.634E-01
1.260E-03 2.33E-02 1.77E-05 1.41E-02 9.97E-06 4.64E-04 2.05E-11 1.42E-02 4.65E-11 4.56E-04 2.21E-01 9.48E-02 3.684E-01
1.250E-03 2.34E-02 1.81E-05 1.44E-02 1.06E-05 4.67E-04 2.12E-11 1.48E-02 4.86E-11 3.36E-04 2.24E-01 9.58E-02 3.732E-01
1.220E-03 2.38E-02 1.97E-05 1.63E-02 1.31E-05 4.77E-04 2.34E-11 1.66E-02 5.57E-11 2.63E-04 2.33E-01 9.87E-02 3.897E-01
1.210E-03 2.40E-02 2.02E-05 1.78E-02 1.41E-05 4.80E-04 2.42E-11 1.73E-02 5.83E-11 3.02E-04 2.37E-01 9.94E-02 3.957E-01
1.200E-03 2.40E-02 2.08E-05 1.97E-02 1.51E-05 4.84E-04 2.50E-11 1.80E-02 6.10E-11 3.34E-04 2.40E-01 1.00E-01 4.022E-01
1.190E-03 2.42E-02 2.14E-05 2.17E-02 1.59E-05 4.87E-04 2.59E-11 1.88E-02 6.39E-11 3.34E-04 2.43E-01 1.01E-01 4.091E-01
1.180E-03 2.44E-02 2.20E-05 2.37E-02 1.67E-05 4.91E-04 2.68E-11 1.96E-02 6.65E-11 3.32E-04 2.46E-01 1.01E-01 4.151E-01
1.170E-03 2.46E-02 2.26E-05 2.57E-02 1.73E-05 4.95E-04 2.78E-11 2.05E-02 6.94E-11 3.69E-04 2.48E-01 1.01E-01 4.210E-01
1.160E-03 2.47E-02 2.32E-05 2.74E-02 1.78E-05 5.02E-04 2.89E-11 2.12E-02 7.22E-11 4.75E-04 2.51E-01 1.01E-01 4.264E-01
1.150E-03 2.48E-02 2.38E-05 2.88E-02 1.83E-05 7.04E-04 2.86E-11 2.20E-02 7.52E-11 6.93E-04 2.53E-01 1.01E-01 4.316E-01
1.140E-03 2.49E-02 2.44E-05 3.01E-02 1.87E-05 5.23E-04 3.05E-11 2.29E-02 7.85E-11 1.04E-03 2.55E-01 1.02E-01 4.366E-01
1.130E-03 2.50E-02 2.50E-05 3.13E-02 1.91E-05 5.22E-04 3.16E-11 2.38E-02 8.20E-11 1.27E-03 2.58E-01 1.02E-01 4.418E-01
1.120E-03 2.51E-02 2.57E-05 3.24E-02 1.95E-05 5.26E-04 3.28E-11 2.48E-02 8.56E-11 1.02E-03 2.60E-01 1.02E-01 4.461E-01
1.110E-03 2.51E-02 2.65E-05 3.34E-02 2.00E-05 5.30E-04 3.41E-11 2.59E-02 8.94E-11 6.51E-04 2.63E-01 1.02E-01 4.502E-01
1.090E-03 2.53E-02 2.81E-05 3.54E-02 2.09E-05 5.41E-04 3.67E-11 2.81E-02 9.71E-11 2.71E-04 2.67E-01 1.02E-01 4.585E-01
1.050E-03 2.59E-02 3.20E-05 3.90E-02 2.25E-05 5.66E-04 4.27E-11 3.40E-02 1.15E-10 8.99E-05 2.76E-01 9.96E-02 4.750E-01
1.000E-03 2.68E-02 3.78E-05 4.27E-02 2.38E-05 6.03E-04 5.19E-11 3.93E-02 1.24E-10 4.55E-05 2.75E-01 9.22E-02 4.768E-01
9.800E-04 2.73E-02 4.05E-05 4.35E-02 2.37E-05 6.20E-04 5.63E-11 4.12E-02 1.27E-10 3.96E-05 2.74E-01 8.94E-02 4.766E-01
9.600E-04 2.77E-02 4.34E-05 4.33E-02 2.32E-05 6.39E-04 6.11E-11 4.31E-02 1.28E-10 3.67E-05 2.72E-01 8.54E-02 4.724E-01
9.500E-04 2.80E-02 4.49E-05 4.28E-02 2.27E-05 6.48E-04 6.38E-11 4.36E-02 1.25E-10 3.62E-05 2.70E-01 8.26E-02 4.674E-01
9.400E-04 2.82E-02 4.64E-05 4.20E-02 2.23E-05 6.59E-04 6.65E-11 4.34E-02 1.20E-10 3.62E-05 2.66E-01 7.92E-02 4.593E-01
9.200E-04 2.86E-02 4.95E-05 4.00E-02 2.13E-05 6.80E-04 7.25E-11 4.04E-02 9.98E-11 3.87E-05 2.54E-01 7.17E-02 4.350E-01
8.900E-04 2.93E-02 5.54E-05 3.54E-02 2.00E-05 7.15E-04 8.28E-11 3.20E-02 6.40E-11 5.63E-05 2.30E-01 6.28E-02 3.907E-01
8.700E-04 2.95E-02 5.92E-05 3.20E-02 1.96E-05 7.40E-04 9.07E-11 2.66E-02 4.75E-11 1.25E-04 2.16E-01 6.02E-02 3.653E-01
8.600E-04 2.98E-02 6.15E-05 3.04E-02 1.96E-05 7.54E-04 9.50E-11 2.44E-02 4.19E-11 1.89E-04 2.11E-01 5.99E-02 3.561E-01
8.500E-04 2.99E-02 6.38E-05 2.87E-02 1.96E-05 7.68E-04 9.95E-11 2.25E-02 3.73E-11 1.35E-04 2.05E-01 5.96E-02 3.470E-01
8.400E-04 3.02E-02 6.65E-05 2.67E-02 1.96E-05 7.82E-04 1.04E-10 2.06E-02 3.27E-11 9.69E-05 2.00E-01 5.94E-02 3.376E-01
8.200E-04 3.06E-02 7.10E-05 2.23E-02 2.01E-05 8.13E-04 1.15E-10 1.59E-02 2.35E-11 9.87E-05 1.85E-01 5.93E-02 3.144E-01
8.000E-04 3.09E-02 7.70E-05 1.80E-02 2.22E-05 8.45E-04 1.27E-10 1.08E-02 1.81E-11 1.44E-04 1.70E-01 6.33E-02 2.944E-01
7.900E-04 3.13E-02 8.03E-05 1.63E-02 2.38E-05 8.62E-04 1.33E-10 9.12E-03 1.95E-11 1.80E-04 1.66E-01 6.79E-02 2.919E-01
7.800E-04 3.14E-02 8.31E-05 1.50E-02 2.58E-05 8.79E-04 1.40E-10 7.42E-03 2.21E-11 2.15E-04 1.61E-01 7.29E-02 2.893E-01
7.700E-04 3.15E-02 8.63E-05 1.38E-02 2.79E-05 8.97E-04 1.48E-10 6.10E-03 2.63E-11 2.31E-04 1.58E-01 7.90E-02 2.895E-01
7.600E-04 3.16E-02 8.97E-05 1.28E-02 3.03E-05 9.15E-04 1.56E-10 5.18E-03 3.21E-11 2.14E-04 1.56E-01 8.57E-02 2.925E-01
7.500E-04 3.16E-02 9.35E-05 1.19E-02 3.29E-05 9.34E-04 1.64E-10 4.35E-03 3.90E-11 1.77E-04 1.54E-01 9.30E-02 2.965E-01
7.300E-04 3.20E-02 1.02E-04 1.06E-02 3.89E-05 9.75E-04 1.83E-10 3.65E-03 5.56E-11 1.10E-04 1.56E-01 1.07E-01 3.107E-01
7.200E-04 3.21E-02 1.07E-04 1.01E-02 4.22E-05 9.97E-04 1.93E-10 3.52E-03 6.43E-11 9.20E-05 1.57E-01 1.14E-01 3.174E-01
7.100E-04 3.22E-02 1.12E-04 9.87E-03 4.57E-05 1.02E-03 2.04E-10 3.42E-03 7.40E-11 9.01E-05 1.58E-01 1.21E-01 3.251E-01
7.000E-04 3.25E-02 1.17E-04 9.61E-03 4.93E-05 1.04E-03 2.16E-10 3.38E-03 8.38E-11 1.25E-04 1.60E-01 1.26E-01 3.330E-01
6.900E-04 3.26E-02 1.21E-04 9.23E-03 5.30E-05 1.07E-03 2.29E-10 3.36E-03 9.44E-11 7.34E-05 1.61E-01 1.32E-01 3.392E-01
6.800E-04 3.22E-02 1.26E-04 8.74E-03 5.70E-05 1.09E-03 2.42E-10 3.37E-03 1.05E-10 5.69E-05 1.60E-01 1.38E-01 3.446E-01
6.600E-04 3.24E-02 1.42E-04 7.87E-03 6.63E-05 1.15E-03 2.73E-10 3.37E-03 1.29E-10 5.44E-05 1.64E-01 1.52E-01 3.609E-01
6.400E-04 3.33E-02 1.61E-04 6.82E-03 7.72E-05 1.20E-03 3.08E-10 3.36E-03 1.56E-10 8.28E-05 1.68E-01 1.64E-01 3.772E-01
6.300E-04 3.40E-02 1.69E-04 6.37E-03 8.39E-05 1.22E-03 3.28E-10 3.34E-03 1.72E-10 1.30E-04 1.71E-01 1.68E-01 3.844E-01
6.200E-04 3.42E-02 1.78E-04 6.26E-03 9.12E-05 1.27E-03 3.50E-10 3.33E-03 1.88E-10 1.77E-04 1.72E-01 1.74E-01 3.910E-01
6.100E-04 3.45E-02 1.88E-04 6.23E-03 9.82E-05 1.30E-03 3.73E-10 3.31E-03 2.06E-10 1.28E-04 1.73E-01 1.80E-01 3.985E-01
5.900E-04 3.59E-02 2.11E-04 5.12E-03 1.14E-04 1.38E-03 4.26E-10 3.26E-03 2.47E-10 5.70E-05 1.78E-01 1.89E-01 4.130E-01
5.500E-04 3.47E-02 2.54E-04 3.79E-03 1.61E-04 1.54E-03 5.62E-10 3.21E-03 3.54E-10 4.77E-05 1.76E-01 2.17E-01 4.365E-01
5.300E-04 3.50E-02 2.93E-04 3.39E-03 1.92E-04 1.64E-03 6.51E-10 3.22E-03 4.23E-10 7.60E-05 1.79E-01 2.31E-01 4.536E-01
5.200E-04 3.50E-02 3.13E-04 3.18E-03 2.09E-04 1.69E-03 7.02E-10 3.23E-03 4.64E-10 1.21E-04 1.80E-01 2.38E-01 4.617E-01
5.100E-04 3.54E-02 3.37E-04 2.98E-03 2.29E-04 1.75E-03 7.58E-10 3.24E-03 5.09E-10 1.67E-04 1.82E-01 2.45E-01 4.705E-01
5.000E-04 3.58E-02 3.62E-04 2.76E-03 2.54E-04 1.80E-03 8.19E-10 3.26E-03 5.59E-10 1.20E-04 1.84E-01 2.51E-01 4.788E-01
4.800E-04 3.63E-02 4.19E-04 2.44E-03 3.05E-04 1.92E-03 9.63E-10 3.32E-03 6.75E-10 5.57E-05 1.87E-01 2.64E-01 4.952E-01
4.500E-04 3.75E-02 5.24E-04 2.05E-03 4.06E-04 2.13E-03 1.24E-09 3.43E-03 9.01E-10 4.25E-05 1.92E-01 2.81E-01 5.189E-01
4.000E-04 3.90E-02 8.01E-04 1.52E-03 6.76E-04 2.56E-03 1.98E-09 3.69E-03 1.51E-09 4.73E-05 1.99E-01 3.11E-01 5.580E-01
3.800E-04 3.99E-02 9.68E-04 1.34E-03 8.41E-04 2.78E-03 2.42E-09 3.81E-03 1.88E-09 5.31E-05 2.02E-01 3.21E-01 5.730E-01
3.600E-04 4.08E-02 1.18E-03 1.18E-03 1.06E-03 3.02E-03 3.00E-09 3.94E-03 2.36E-09 6.47E-05 2.06E-01 3.30E-01 5.872E-01
3.400E-04 4.29E-02 1.45E-03 1.03E-03 1.34E-03 3.31E-03 3.75E-09 4.08E-03 2.99E-09 1.33E-04 2.11E-01 3.36E-01 6.007E-01
3.300E-04 4.28E-02 1.60E-03 9.69E-04 1.52E-03 3.47E-03 4.22E-09 4.15E-03 3.39E-09 3.52E-04 2.11E-01 3.41E-01 6.067E-01
3.200E-04 4.30E-02 1.80E-03 9.02E-04 1.73E-03 3.64E-03 4.76E-09 4.22E-03 3.85E-09 1.37E-04 2.12E-01 3.45E-01 6.128E-01
3.150E-04 4.34E-02 1.92E-03 8.74E-04 1.85E-03 3.73E-03 5.07E-09 4.25E-03 4.11E-09 1.05E-04 2.13E-01 3.47E-01 6.161E-01
3.100E-04 4.39E-02 2.03E-03 8.44E-04 1.97E-03 3.82E-03 5.40E-09 4.29E-03 4.39E-09 9.21E-05 2.14E-01 3.48E-01 6.193E-01
3.080E-04 4.40E-02 2.08E-03 8.32E-04 2.03E-03 3.86E-03 5.53E-09 4.30E-03 4.51E-09 8.95E-05 2.15E-01 3.49E-01 6.206E-01
3.050E-04 4.42E-02 2.16E-03 8.14E-04 2.11E-03 3.92E-03 5.75E-09 4.33E-03 4.70E-09 8.70E-05 2.15E-01 3.50E-01 6.225E-01
3.000E-04 4.45E-02 2.29E-03 7.88E-04 2.26E-03 4.03E-03 6.14E-09 4.37E-03 5.03E-09 8.53E-05 2.16E-01 3.52E-01 6.256E-01
2.900E-04 4.54E-02 2.60E-03 7.35E-04 2.60E-03 4.25E-03 7.01E-09 4.46E-03 5.78E-09 8.65E-05 2.18E-01 3.54E-01 6.321E-01
2.800E-04 4.58E-02 2.95E-03 6.86E-04 3.00E-03 4.49E-03 8.05E-09 4.56E-03 6.68E-09 9.06E-05 2.18E-01 3.58E-01 6.382E-01
2.600E-04 4.71E-02 3.91E-03 5.95E-04 4.07E-03 5.04E-03 1.08E-08 4.79E-03 9.04E-09 1.04E-04 2.21E-01 3.65E-01 6.524E-01
2.500E-04 4.82E-02 4.55E-03 5.53E-04 4.77E-03 5.35E-03 1.26E-08 4.92E-03 1.06E-08 1.12E-04 2.23E-01 3.69E-01 6.606E-01
2.200E-04 5.29E-02 7.41E-03 4.46E-04 8.01E-03 6.50E-03 2.07E-08 5.39E-03 1.78E-08 1.48E-04 2.30E-01 3.80E-01 6.908E-01
2.159E-04 5.35E-02 7.94E-03 4.32E-04 8.64E-03 6.69E-03 2.23E-08 5.46E-03 1.92E-08 1.55E-04 2.31E-01 3.82E-01 6.953E-01
2.000E-04 5.68E-02 1.06E-02 3.89E-04 1.17E-02 7.53E-03 3.01E-08 5.78E-03 2.62E-08 1.85E-04 2.34E-01 3.89E-01 7.160E-01
1.662E-04 6.59E-02 2.09E-02 3.12E-04 2.43E-02 1.00E-02 6.22E-08 6.70E-03 5.52E-08 2.94E-04 2.41E-01 4.00E-01 7.699E-01
1.650E-04 6.63E-02 2.14E-02 3.08E-04 2.50E-02 1.01E-02 6.39E-08 6.74E-03 5.68E-08 2.99E-04 2.42E-01 4.00E-01 7.722E-01
1.250E-04 8.82E-02 5.45E-02 2.83E-04 6.95E-02 1.56E-02 1.89E-07 8.55E-03 1.73E-07 6.29E-04 2.53E-01 4.07E-01 8.972E-01
1.235E-04 8.95E-02 5.66E-02 2.81E-04 7.25E-02 1.59E-02 1.99E-07 8.65E-03 1.81E-07 6.50E-04 2.53E-01 4.07E-01 9.045E-01
1.130E-04 1.00E-01 7.38E-02 2.93E-04 9.78E-02 1.82E-02 2.81E-07 9.39E-03 2.59E-07 8.26E-04 2.57E-01 4.06E-01 9.642E-01
1.000E-04 1.20E-01 1.04E-01 3.30E-04 1.45E-01 2.22E-02 4.53E-07 1.05E-02 4.22E-07 1.14E-03 2.63E-01 4.02E-01 1.069E+00
9.500E-05 1.29E-01 1.19E-01 3.35E-04 1.70E-01 2.42E-02 5.53E-07 1.11E-02 5.18E-07 1.30E-03 2.66E-01 4.00E-01 1.121E+00
9.300E-05 1.33E-01 1.25E-01 3.42E-04 1.82E-01 2.50E-02 6.01E-07 1.13E-02 5.64E-07 1.38E-03 2.67E-01 3.99E-01 1.144E+00
9.200E-05 1.35E-01 1.28E-01 3.46E-04 1.89E-01 2.54E-02 6.27E-07 1.14E-02 5.89E-07 1.42E-03 2.67E-01 3.98E-01 1.156E+00
9.100E-05 1.38E-01 1.31E-01 3.55E-04 1.95E-01 2.59E-02 6.54E-07 1.15E-02 6.16E-07 1.46E-03 2.68E-01 3.98E-01 1.168E+00
9.000E-05 1.40E-01 1.35E-01 3.60E-04 2.02E-01 2.63E-02 6.83E-07 1.16E-02 6.43E-07 1.50E-03 2.68E-01 3.97E-01 1.181E+00
8.900E-05 1.42E-01 1.38E-01 3.67E-04 2.09E-01 2.68E-02 7.13E-07 1.18E-02 6.73E-07 1.54E-03 2.68E-01 3.96E-01 1.194E+00
8.800E-05 1.44E-01 1.42E-01 3.69E-04 2.17E-01 2.73E-02 7.45E-07 1.19E-02 7.04E-07 1.59E-03 2.69E-01 3.96E-01 1.208E+00
8.700E-05 1.46E-01 1.46E-01 3.81E-04 2.25E-01 2.78E-02 7.79E-07 1.20E-02 7.37E-07 1.63E-03 2.69E-01 3.95E-01 1.222E+00
8.600E-05 1.48E-01 1.49E-01 3.85E-04 2.33E-01 2.83E-02 8.15E-07 1.21E-02 7.72E-07 1.68E-03 2.70E-01 3.94E-01 1.237E+00
8.500E-05 1.50E-01 1.53E-01 3.93E-04 2.41E-01 2.89E-02 8.52E-07 1.23E-02 8.09E-07 1.73E-03 2.70E-01 3.94E-01 1.252E+00
8.400E-05 1.53E-01 1.57E-01 3.98E-04 2.50E-01 2.94E-02 8.92E-07 1.24E-02 8.48E-07 1.78E-03 2.70E-01 3.93E-01 1.268E+00
8.330E-05 1.54E-01 1.60E-01 4.05E-04 2.57E-01 2.98E-02 9.22E-07 1.25E-02 8.77E-07 1.82E-03 2.71E-01 3.92E-01 1.279E+00
8.200E-05 1.58E-01 1.66E-01 4.12E-04 2.70E-01 3.05E-02 9.80E-07 1.27E-02 9.34E-07 1.89E-03 2.71E-01 3.91E-01 1.301E+00
8.100E-05 1.60E-01 1.70E-01 4.23E-04 2.80E-01 3.11E-02 1.03E-06 1.29E-02 9.81E-07 1.95E-03 2.72E-01 3.90E-01 1.318E+00
8.000E-05 1.63E-01 1.74E-01 4.29E-04 2.91E-01 3.17E-02 1.08E-06 1.30E-02 1.03E-06 2.01E-03 2.72E-01 3.89E-01 1.336E+00
7.900E-05 1.66E-01 1.79E-01 4.37E-04 3.02E-01 3.24E-02 1.13E-06 1.32E-02 1.08E-06 2.08E-03 2.73E-01 3.88E-01 1.355E+00
7.800E-05 1.69E-01 1.83E-01 4.49E-04 3.13E-01 3.30E-02 1.19E-06 1.33E-02 1.14E-06 2.14E-03 2.73E-01 3.87E-01 1.375E+00
7.700E-05 1.72E-01 1.88E-01 4.59E-04 3.26E-01 3.37E-02 1.25E-06 1.35E-02 1.20E-06 2.21E-03 2.74E-01 3.86E-01 1.395E+00
7.600E-05 1.75E-01 1.92E-01 4.77E-04 3.38E-01 3.44E-02 1.31E-06 1.36E-02 1.27E-06 2.28E-03 2.74E-01 3.85E-01 1.416E+00
7.500E-05 1.79E-01 1.97E-01 4.91E-04 3.52E-01 3.51E-02 1.38E-06 1.38E-02 1.34E-06 2.36E-03 2.75E-01 3.84E-01 1.437E+00
7.400E-05 1.82E-01 2.01E-01 5.12E-04 3.66E-01 3.58E-02 1.46E-06 1.40E-02 1.41E-06 2.44E-03 2.75E-01 3.82E-01 1.459E+00
7.300E-05 1.86E-01 2.06E-01 5.36E-04 3.80E-01 3.65E-02 1.54E-06 1.42E-02 1.49E-06 2.52E-03 2.76E-01 3.81E-01 1.482E+00
7.140E-05 1.92E-01 2.13E-01 5.52E-04 4.04E-01 3.78E-02 1.67E-06 1.45E-02 1.63E-06 2.66E-03 2.77E-01 3.78E-01 1.520E+00
7.100E-05 1.93E-01 2.15E-01 5.54E-04 4.11E-01 3.81E-02 1.71E-06 1.45E-02 1.66E-06 2.69E-03 2.77E-01 3.78E-01 1.530E+00
7.000E-05 1.97E-01 2.19E-01 5.73E-04 4.27E-01 3.89E-02 1.81E-06 1.47E-02 1.76E-06 2.79E-03 2.78E-01 3.76E-01 1.555E+00
6.900E-05 2.01E-01 2.24E-01 5.91E-04 4.44E-01 3.97E-02 1.91E-06 1.49E-02 1.87E-06 2.89E-03 2.79E-01 3.75E-01 1.580E+00
6.800E-05 2.06E-01 2.28E-01 6.17E-04 4.62E-01 4.06E-02 2.02E-06 1.51E-02 1.98E-06 2.99E-03 2.79E-01 3.73E-01 1.607E+00
6.700E-05 2.10E-01 2.33E-01 6.41E-04 4.80E-01 4.15E-02 2.14E-06 1.54E-02 2.10E-06 3.10E-03 2.80E-01 3.71E-01 1.634E+00
6.600E-05 2.14E-01 2.37E-01 6.70E-04 4.99E-01 4.24E-02 2.27E-06 1.56E-02 2.23E-06 3.21E-03 2.80E-01 3.70E-01 1.663E+00
6.500E-05 2.19E-01 2.42E-01 6.84E-04 5.19E-01 4.34E-02 2.41E-06 1.58E-02 2.37E-06 3.33E-03 2.81E-01 3.68E-01 1.692E+00
6.400E-05 2.24E-01 2.46E-01 7.01E-04 5.39E-01 4.44E-02 2.56E-06 1.60E-02 2.53E-06 3.46E-03 2.81E-01 3.66E-01 1.722E+00
6.300E-05 2.29E-01 2.51E-01 7.22E-04 5.60E-01 4.55E-02 2.72E-06 1.63E-02 2.69E-06 3.59E-03 2.82E-01 3.64E-01 1.752E+00
6.250E-05 2.31E-01 2.53E-01 7.28E-04 5.71E-01 4.61E-02 2.81E-06 1.64E-02 2.78E-06 3.66E-03 2.82E-01 3.63E-01 1.768E+00
6.200E-05 2.34E-01 2.55E-01 7.48E-04 5.82E-01 4.66E-02 2.90E-06 1.65E-02 2.87E-06 3.73E-03 2.83E-01 3.62E-01 1.784E+00
6.100E-05 2.39E-01 2.60E-01 7.82E-04 6.05E-01 4.77E-02 3.09E-06 1.68E-02 3.07E-06 3.88E-03 2.83E-01 3.60E-01 1.817E+00
6.000E-05 2.45E-01 2.64E-01 8.18E-04 6.29E-01 4.89E-02 3.30E-06 1.71E-02 3.28E-06 4.04E-03 2.84E-01 3.58E-01 1.850E+00
5.900E-05 2.51E-01 2.68E-01 8.51E-04 6.53E-01 5.01E-02 3.52E-06 1.73E-02 3.51E-06 4.20E-03 2.84E-01 3.56E-01 1.884E+00
5.800E-05 2.57E-01 2.71E-01 8.89E-04 6.79E-01 5.14E-02 3.77E-06 1.76E-02 3.76E-06 4.38E-03 2.85E-01 3.54E-01 1.920E+00
5.700E-05 2.63E-01 2.75E-01 9.36E-04 7.05E-01 5.27E-02 4.03E-06 1.79E-02 4.03E-06 4.57E-03 2.85E-01 3.51E-01 1.956E+00
5.600E-05 2.70E-01 2.78E-01 9.84E-04 7.33E-01 5.40E-02 4.32E-06 1.82E-02 4.33E-06 4.77E-03 2.86E-01 3.49E-01 1.993E+00
5.500E-05 2.77E-01 2.81E-01 1.03E-03 7.61E-01 5.54E-02 4.64E-06 1.85E-02 4.66E-06 4.98E-03 2.87E-01 3.46E-01 2.032E+00
5.477E-05 2.78E-01 2.81E-01 1.03E-03 7.68E-01 5.58E-02 4.72E-06 1.86E-02 4.74E-06 7.26E-03 2.87E-01 3.46E-01 2.043E+00
5.400E-05 2.84E-01 2.83E-01 1.07E-03 7.91E-01 5.71E-02 5.00E-06 1.89E-02 5.02E-06 7.55E-03 2.87E-01 3.44E-01 2.073E+00
5.300E-05 2.91E-01 2.85E-01 1.12E-03 8.23E-01 5.88E-02 5.39E-06 1.92E-02 5.41E-06 7.95E-03 2.88E-01 3.41E-01 2.114E+00
5.200E-05 2.98E-01 2.87E-01 1.19E-03 8.55E-01 6.06E-02 5.82E-06 1.95E-02 5.85E-06 8.39E-03 2.88E-01 3.39E-01 2.157E+00
5.100E-05 3.05E-01 2.89E-01 1.26E-03 8.89E-01 6.25E-02 6.29E-06 1.99E-02 6.33E-06 8.86E-03 2.88E-01 3.36E-01 2.200E+00
5.000E-05 3.12E-01 2.90E-01 1.33E-03 9.25E-01 6.44E-02 6.82E-06 2.03E-02 6.86E-06 9.38E-03 2.89E-01 3.34E-01 2.244E+00
4.900E-05 3.19E-01 2.91E-01 1.40E-03 9.61E-01 6.64E-02 7.40E-06 2.07E-02 7.45E-06 9.96E-03 2.89E-01 3.32E-01 2.290E+00
4.880E-05 3.20E-01 2.91E-01 1.41E-03 9.69E-01 6.68E-02 7.52E-06 2.07E-02 7.57E-06 1.01E-02 2.89E-01 3.31E-01 2.299E+00
4.800E-05 3.26E-01 2.92E-01 1.48E-03 9.99E-01 6.88E-02 8.04E-06 2.11E-02 8.10E-06 1.06E-02 2.89E-01 3.29E-01 2.337E+00
4.760E-05 3.28E-01 2.93E-01 1.52E-03 1.01E+00 6.99E-02 8.32E-06 2.12E-02 8.38E-06 1.09E-02 2.89E-01 3.28E-01 2.357E+00
4.700E-05 3.33E-01 2.93E-01 1.57E-03 1.04E+00 7.15E-02 8.77E-06 2.15E-02 8.83E-06 1.13E-02 2.89E-01 3.27E-01 2.386E+00
4.650E-05 3.36E-01 2.93E-01 1.61E-03 1.06E+00 7.29E-02 9.16E-06 2.17E-02 9.22E-06 1.17E-02 2.89E-01 3.26E-01 2.410E+00
4.600E-05 3.40E-01 2.94E-01 1.67E-03 1.08E+00 7.44E-02 9.58E-06 2.19E-02 9.64E-06 1.21E-02 2.89E-01 3.25E-01 2.435E+00
4.550E-05 3.43E-01 2.94E-01 1.75E-03 1.10E+00 7.58E-02 1.00E-05 2.22E-02 1.01E-05 1.25E-02 2.89E-01 3.23E-01 2.460E+00
4.500E-05 3.46E-01 2.94E-01 1.82E-03 1.12E+00 7.73E-02 1.05E-05 2.24E-02 1.05E-05 1.29E-02 2.89E-01 3.22E-01 2.486E+00
4.440E-05 3.50E-01 2.94E-01 1.92E-03 1.15E+00 7.91E-02 1.11E-05 2.27E-02 1.11E-05 1.35E-02 2.89E-01 3.21E-01 2.517E+00
4.350E-05 3.56E-01 2.94E-01 2.10E-03 1.18E+00 8.21E-02 1.21E-05 2.31E-02 1.21E-05 1.44E-02 2.89E-01 3.19E-01 2.564E+00
4.170E-05 3.68E-01 2.95E-01 2.55E-03 1.26E+00 8.91E-02 1.43E-05 2.40E-02 1.44E-05 1.67E-02 2.88E-01 3.16E-01 2.663E+00
4.000E-05 3.79E-01 2.94E-01 3.38E-03 1.34E+00 9.65E-02 1.70E-05 2.50E-02 1.71E-05 1.94E-02 2.88E-01 3.12E-01 2.761E+00
3.850E-05 3.88E-01 2.94E-01 4.48E-03 1.42E+00 1.03E-01 2.00E-05 2.58E-02 2.00E-05 2.24E-02 2.87E-01 3.10E-01 2.851E+00
3.656E-05 3.99E-01 2.93E-01 6.58E-03 1.51E+00 1.13E-01 2.49E-05 2.71E-02 2.49E-05 2.75E-02 2.86E-01 3.07E-01 2.970E+00
3.570E-05 4.04E-01 2.93E-01 7.68E-03 1.55E+00 1.18E-01 2.76E-05 2.76E-02 2.75E-05 3.05E-02 2.85E-01 3.06E-01 3.023E+00
3.330E-05 4.16E-01 2.92E-01 1.15E-02 1.66E+00 1.34E-01 3.77E-05 2.93E-02 3.68E-05 4.23E-02 2.83E-01 3.03E-01 3.176E+00
3.130E-05 4.25E-01 2.91E-01 1.53E-02 1.75E+00 1.54E-01 5.09E-05 3.09E-02 4.79E-05 5.91E-02 2.81E-01 3.01E-01 3.312E+00
3.000E-05 4.30E-01 2.90E-01 1.83E-02 1.81E+00 1.72E-01 6.31E-05 3.19E-02 5.75E-05 7.68E-02 2.80E-01 3.00E-01 3.406E+00
2.940E-05 4.33E-01 2.90E-01 1.97E-02 1.83E+00 1.81E-01 7.00E-05 3.25E-02 6.27E-05 8.80E-02 2.79E-01 3.00E-01 3.451E+00
2.780E-05 4.38E-01 2.89E-01 2.42E-02 1.88E+00 2.12E-01 9.61E-05 3.39E-02 8.00E-05 1.34E-01 2.77E-01 2.99E-01 3.587E+00
2.630E-05 4.41E-01 2.88E-01 2.86E-02 1.92E+00 2.59E-01 1.37E-04 3.52E-02 1.02E-04 2.23E-01 2.76E-01 2.98E-01 3.766E+00
2.500E-05 4.43E-01 2.87E-01 3.38E-02 1.94E+00 3.23E-01 1.99E-04 3.63E-02 1.29E-04 3.83E-01 2.74E-01 2.97E-01 4.020E+00
2.380E-05 4.46E-01 2.87E-01 4.04E-02 1.95E+00 4.45E-01 3.04E-04 3.65E-02 1.61E-04 6.56E-01 2.73E-01 2.97E-01 4.435E+00
2.270E-05 4.47E-01 2.86E-01 4.93E-02 1.96E+00 6.43E-01 4.45E-04 3.79E-02 2.03E-04 8.48E-01 2.71E-01 2.97E-01 4.843E+00
2.170E-05 4.47E-01 2.86E-01 6.13E-02 1.98E+00 8.70E-01 5.78E-04 4.27E-02 2.53E-04 6.72E-01 2.69E-01 2.97E-01 4.922E+00
2.080E-05 4.47E-01 2.86E-01 8.33E-02 2.00E+00 9.01E-01 5.36E-04 5.32E-02 3.15E-04 4.29E-01 2.68E-01 2.97E-01 4.763E+00
2.000E-05 4.46E-01 2.85E-01 2.93E-01 1.84E+00 7.81E-01 4.20E-04 6.77E-02 3.86E-04 2.80E-01 2.66E-01 2.98E-01 4.553E+00
1.920E-05 4.44E-01 2.86E-01 5.50E-01 1.62E+00 6.07E-01 2.88E-04 9.31E-02 4.80E-04 1.90E-01 2.65E-01 2.98E-01 4.352E+00
1.850E-05 4.45E-01 2.90E-01 7.04E-01 1.49E+00 4.75E-01 2.04E-04 1.25E-01 5.88E-04 1.41E-01 2.63E-01 2.99E-01 4.236E+00
1.790E-05 4.47E-01 2.92E-01 8.82E-01 1.33E+00 3.86E-01 1.56E-04 1.59E-01 7.04E-04 1.12E-01 2.61E-01 2.99E-01 4.168E+00
1.720E-05 4.48E-01 2.94E-01 1.01E+00 1.21E+00 3.10E-01 1.24E-04 2.21E-01 8.82E-04 8.99E-02 2.59E-01 3.00E-01 4.145E+00
1.670E-05 4.49E-01 2.97E-01 1.07E+00 1.16E+00 2.65E-01 1.13E-04 2.78E-01 1.04E-03 7.87E-02 2.58E-01 3.01E-01 4.156E+00
1.610E-05 4.51E-01 2.99E-01 1.12E+00 1.12E+00 2.24E-01 1.15E-04 3.79E-01 1.29E-03 6.91E-02 2.55E-01 3.02E-01 4.218E+00
1.560E-05 4.52E-01 3.01E-01 1.15E+00 1.09E+00 1.97E-01 1.29E-04 4.95E-01 1.54E-03 6.38E-02 2.53E-01 3.03E-01 4.309E+00
1.520E-05 4.53E-01 3.03E-01 1.17E+00 1.07E+00 1.78E-01 1.50E-04 6.19E-01 1.77E-03 6.11E-02 2.52E-01 3.04E-01 4.416E+00
1.470E-05 4.55E-01 3.05E-01 1.19E+00 1.05E+00 1.59E-01 1.90E-04 7.97E-01 2.10E-03 5.93E-02 2.50E-01 3.04E-01 4.572E+00
1.430E-05 4.55E-01 3.06E-01 1.20E+00 1.04E+00 1.49E-01 2.38E-04 9.50E-01 2.35E-03 5.92E-02 2.49E-01 3.04E-01 4.712E+00
1.390E-05 4.55E-01 3.06E-01 1.20E+00 1.03E+00 1.44E-01 3.02E-04 1.07E+00 2.60E-03 6.04E-02 2.49E-01 3.04E-01 4.820E+00
1.350E-05 4.54E-01 3.06E-01 1.21E+00 1.01E+00 1.44E-01 3.87E-04 1.18E+00 2.91E-03 6.31E-02 2.48E-01 3.04E-01 4.924E+00
1.320E-05 4.54E-01 3.06E-01 1.21E+00 1.00E+00 1.47E-01 4.70E-04 1.27E+00 3.19E-03 6.63E-02 2.48E-01 3.04E-01 5.008E+00
1.280E-05 4.53E-01 3.07E-01 1.21E+00 9.93E-01 1.56E-01 6.17E-04 1.40E+00 3.63E-03 7.23E-02 2.47E-01 3.04E-01 5.139E+00
1.250E-05 4.53E-01 3.08E-01 1.20E+00 9.91E-01 1.70E-01 7.60E-04 1.50E+00 4.02E-03 7.86E-02 2.46E-01 3.04E-01 5.257E+00
1.220E-05 4.52E-01 3.08E-01 1.20E+00 9.91E-01 1.90E-01 9.42E-04 1.61E+00 4.48E-03 8.69E-02 2.45E-01 3.04E-01 5.398E+00
1.190E-05 4.51E-01 3.09E-01 1.20E+00 9.99E-01 2.16E-01 1.17E-03 1.74E+00 5.02E-03 9.77E-02 2.45E-01 3.04E-01 5.574E+00
1.160E-05 4.49E-01 3.09E-01 1.21E+00 1.01E+00 2.46E-01 1.46E-03 1.88E+00 5.66E-03 1.12E-01 2.44E-01 3.04E-01 5.769E+00
1.140E-05 4.47E-01 3.09E-01 1.21E+00 1.01E+00 2.71E-01 1.71E-03 1.99E+00 6.16E-03 1.24E-01 2.43E-01 3.04E-01 5.914E+00
1.110E-05 4.45E-01 3.08E-01 1.21E+00 1.01E+00 3.11E-01 2.24E-03 2.17E+00 7.03E-03 1.47E-01 2.42E-01 3.04E-01 6.155E+00
1.080E-05 4.42E-01 3.07E-01 1.21E+00 1.01E+00 4.19E-01 2.98E-03 2.38E+00 8.10E-03 1.78E-01 2.41E-01 3.05E-01 6.507E+00
1.050E-05 4.38E-01 3.06E-01 1.21E+00 1.02E+00 5.58E-01 3.87E-03 2.64E+00 9.49E-03 2.20E-01 2.40E-01 3.05E-01 6.951E+00
1.030E-05 4.36E-01 3.06E-01 1.21E+00 1.02E+00 6.67E-01 4.43E-03 2.89E+00 1.06E-02 2.56E-01 2.39E-01 3.06E-01 7.341E+00
1.000E-05 4.31E-01 3.05E-01 1.21E+00 1.02E+00 8.17E-01 5.41E-03 3.24E+00 1.21E-02 3.24E-01 2.38E-01 3.06E-01 7.910E+00
9.750E-06 4.28E-01 3.03E-01 1.21E+00 1.03E+00 9.92E-01 6.71E-03 3.52E+00 1.35E-02 3.93E-01 2.37E-01 3.06E-01 8.435E+00
9.500E-06 4.24E-01 3.02E-01 1.21E+00 1.03E+00 1.19E+00 7.94E-03 3.82E+00 1.50E-02 4.63E-01 2.37E-01 3.06E-01 9.008E+00
9.250E-06 4.19E-01 3.01E-01 1.20E+00 1.03E+00 1.35E+00 8.87E-03 4.13E+00 1.65E-02 5.14E-01 2.36E-01 3.05E-01 9.517E+00
9.080E-06 4.16E-01 3.00E-01 1.19E+00 1.03E+00 1.44E+00 9.53E-03 4.31E+00 1.73E-02 5.26E-01 2.36E-01 3.05E-01 9.786E+00
