 # Optical depth (Siebenmorgen 2023, A&A 670A,115; SC 2023 doi: 10.48550/arXiv.2311.03310)
 # wel(cm) sa_aC    ss_aC    sa_Si    ss_Si    sa_vgr   ss_vgr   sa_vsi   ss_vsi   s_pahS+B sa_Dark  ss_Dark sigt 
 # ------------------------------------------------------------------------------------------------------------- 
1.000E+00 1.26E-07 6.78E-17 3.08E-07 5.42E-17 4.33E-09 3.63E-23 6.21E-08 9.29E-23 6.48E-12 3.46E-06 7.31E-13 3.957E-06
9.000E-01 1.48E-07 1.03E-16 3.64E-07 8.25E-17 5.53E-09 5.53E-23 7.39E-08 1.42E-22 8.00E-12 4.03E-06 1.11E-12 4.617E-06
8.000E-01 1.76E-07 1.65E-16 4.38E-07 1.32E-16 7.21E-09 8.85E-23 9.00E-08 2.27E-22 1.01E-11 4.78E-06 1.78E-12 5.490E-06
7.000E-01 2.16E-07 2.82E-16 5.42E-07 2.26E-16 9.67E-09 1.51E-22 1.11E-07 3.86E-22 1.32E-11 5.80E-06 3.04E-12 6.679E-06
6.000E-01 2.73E-07 5.23E-16 6.92E-07 4.18E-16 1.34E-08 2.80E-22 1.42E-07 7.16E-22 1.80E-11 7.27E-06 5.62E-12 8.393E-06
5.500E-01 3.12E-07 7.40E-16 7.95E-07 5.92E-16 1.61E-08 3.96E-22 1.64E-07 1.01E-21 2.14E-11 8.26E-06 7.95E-12 9.553E-06
5.000E-01 3.62E-07 1.08E-15 9.26E-07 8.67E-16 1.95E-08 5.80E-22 1.90E-07 1.48E-21 2.59E-11 9.51E-06 1.16E-11 1.101E-05
4.500E-01 4.26E-07 1.65E-15 1.10E-06 1.32E-15 2.40E-08 8.84E-22 2.27E-07 2.26E-21 3.20E-11 1.11E-05 1.77E-11 1.289E-05
4.000E-01 5.13E-07 2.64E-15 1.32E-06 2.12E-15 3.01E-08 1.42E-21 2.72E-07 3.62E-21 4.05E-11 1.32E-05 2.83E-11 1.539E-05
3.500E-01 6.32E-07 4.51E-15 1.64E-06 3.61E-15 3.85E-08 2.42E-21 3.41E-07 6.17E-21 5.29E-11 1.62E-05 4.82E-11 1.884E-05
3.000E-01 8.08E-07 8.34E-15 2.11E-06 6.69E-15 5.07E-08 4.48E-21 4.33E-07 1.14E-20 7.20E-11 2.04E-05 8.92E-11 2.380E-05
2.500E-01 1.08E-06 1.73E-14 2.83E-06 1.39E-14 6.92E-08 9.28E-21 5.81E-07 2.37E-20 1.04E-10 2.69E-05 1.85E-10 3.147E-05
2.098E-01 1.44E-06 3.48E-14 3.76E-06 2.80E-14 9.20E-08 1.87E-20 7.73E-07 4.77E-20 1.47E-10 3.52E-05 3.71E-10 4.127E-05
1.500E-01 2.50E-06 1.33E-13 6.51E-06 1.07E-13 1.76E-07 7.16E-20 1.32E-06 1.82E-19 2.88E-10 5.93E-05 1.41E-09 6.977E-05
1.382E-01 2.87E-06 1.85E-13 7.45E-06 1.49E-13 2.07E-07 9.94E-20 1.52E-06 2.53E-19 3.39E-10 6.74E-05 1.96E-09 7.948E-05
1.320E-01 3.10E-06 2.22E-13 8.03E-06 1.78E-13 2.27E-07 1.19E-19 1.63E-06 3.04E-19 3.72E-10 7.25E-05 2.35E-09 8.549E-05
1.150E-01 3.92E-06 3.85E-13 1.01E-05 3.10E-13 2.97E-07 2.07E-19 2.04E-06 5.27E-19 4.90E-10 9.03E-05 4.08E-09 1.066E-04
1.000E-01 4.98E-06 6.74E-13 1.27E-05 5.42E-13 3.90E-07 3.63E-19 2.55E-06 9.22E-19 6.48E-10 1.13E-04 7.12E-09 1.336E-04
9.970E-02 5.01E-06 6.82E-13 1.27E-05 5.48E-13 3.93E-07 3.67E-19 2.56E-06 9.33E-19 6.52E-10 1.14E-04 7.20E-09 1.343E-04
8.670E-02 6.31E-06 1.19E-12 1.61E-05 9.59E-13 5.19E-07 6.42E-19 3.21E-06 1.63E-18 8.63E-10 1.41E-04 1.26E-08 1.675E-04
8.500E-02 6.53E-06 1.29E-12 1.66E-05 1.04E-12 5.39E-07 6.94E-19 3.32E-06 1.77E-18 8.98E-10 1.46E-04 1.36E-08 1.732E-04
7.500E-02 8.29E-06 2.13E-12 2.04E-05 1.71E-12 6.86E-07 1.15E-18 4.05E-06 2.91E-18 1.15E-09 1.83E-04 2.24E-08 2.161E-04
6.000E-02 1.22E-05 5.19E-12 2.95E-05 4.21E-12 1.05E-06 2.80E-18 5.88E-06 7.11E-18 1.80E-09 2.60E-04 5.45E-08 3.087E-04
5.500E-02 1.41E-05 7.36E-12 3.30E-05 5.98E-12 1.24E-06 3.96E-18 6.85E-06 1.01E-17 2.14E-09 3.00E-04 7.71E-08 3.556E-04
5.000E-02 1.68E-05 1.08E-11 4.09E-05 8.83E-12 1.48E-06 5.80E-18 8.16E-06 1.48E-17 2.59E-09 3.56E-04 1.13E-07 4.235E-04
4.500E-02 2.07E-05 1.65E-11 5.41E-05 1.35E-11 1.81E-06 8.83E-18 9.98E-06 2.25E-17 3.20E-09 4.35E-04 1.72E-07 5.217E-04
4.000E-02 2.66E-05 2.64E-11 7.23E-05 2.19E-11 2.25E-06 1.41E-17 1.26E-05 3.61E-17 4.06E-09 5.47E-04 2.75E-07 6.611E-04
3.500E-02 3.34E-05 4.50E-11 1.10E-04 3.77E-11 2.89E-06 2.41E-17 1.67E-05 6.17E-17 5.30E-09 6.75E-04 4.68E-07 8.385E-04
3.000E-02 4.71E-05 8.38E-11 1.72E-04 7.02E-11 3.85E-06 4.47E-17 2.34E-05 1.14E-16 7.22E-09 9.27E-04 8.64E-07 1.173E-03
2.750E-02 5.62E-05 1.19E-10 2.16E-04 9.94E-11 4.54E-06 6.34E-17 2.86E-05 1.62E-16 8.59E-09 1.08E-03 1.22E-06 1.390E-03
2.500E-02 6.76E-05 1.74E-10 2.75E-04 1.45E-10 5.42E-06 9.28E-17 3.58E-05 2.38E-16 1.04E-08 1.30E-03 1.79E-06 1.683E-03
2.400E-02 7.43E-05 2.05E-10 3.04E-04 1.71E-10 5.87E-06 1.09E-16 3.91E-05 2.80E-16 1.13E-08 1.40E-03 2.10E-06 1.822E-03
2.000E-02 1.09E-04 4.29E-10 4.74E-04 3.49E-10 8.30E-06 2.27E-16 5.67E-05 5.80E-16 1.63E-08 1.97E-03 4.33E-06 2.619E-03
1.800E-02 1.35E-04 6.58E-10 5.88E-04 5.24E-10 1.02E-05 3.46E-16 7.05E-05 8.84E-16 2.01E-08 2.42E-03 6.60E-06 3.228E-03
1.600E-02 1.80E-04 1.06E-09 7.31E-04 8.22E-10 1.29E-05 5.56E-16 8.99E-05 1.42E-15 2.55E-08 3.05E-03 1.05E-05 4.075E-03
1.500E-02 2.14E-04 1.38E-09 8.20E-04 1.05E-09 1.47E-05 7.20E-16 1.02E-04 1.83E-15 2.90E-08 3.47E-03 1.35E-05 4.631E-03
1.400E-02 2.44E-04 1.82E-09 9.20E-04 1.37E-09 1.70E-05 9.50E-16 1.18E-04 2.42E-15 3.33E-08 3.87E-03 1.78E-05 5.183E-03
1.200E-02 3.72E-04 3.42E-09 1.17E-03 2.45E-09 2.36E-05 1.77E-15 1.61E-04 4.49E-15 4.55E-08 5.23E-03 3.25E-05 6.993E-03
1.000E-02 5.64E-04 7.17E-09 1.55E-03 4.85E-09 3.57E-05 3.69E-15 2.36E-04 9.32E-15 6.58E-08 7.21E-03 6.68E-05 9.659E-03
9.000E-03 7.51E-04 1.11E-08 1.77E-03 7.20E-09 4.59E-05 5.66E-15 2.94E-04 1.42E-14 8.16E-08 8.83E-03 1.01E-04 1.179E-02
8.000E-03 9.98E-04 1.74E-08 2.05E-03 1.14E-08 6.14E-05 9.14E-15 3.77E-04 2.28E-14 1.04E-07 1.06E-02 1.58E-04 1.421E-02
7.500E-03 1.17E-03 2.28E-08 2.27E-03 1.47E-08 7.25E-05 1.19E-14 4.33E-04 2.95E-14 1.19E-07 1.20E-02 2.05E-04 1.615E-02
7.000E-03 1.41E-03 2.99E-08 2.54E-03 1.92E-08 8.70E-05 1.58E-14 5.01E-04 3.89E-14 1.37E-07 1.36E-02 2.67E-04 1.837E-02
6.000E-03 2.02E-03 5.42E-08 3.26E-03 3.50E-08 1.34E-04 2.97E-14 6.97E-04 7.20E-14 1.88E-07 1.77E-02 4.85E-04 2.434E-02
5.000E-03 2.88E-03 1.06E-07 4.64E-03 7.13E-08 2.35E-04 6.31E-14 1.03E-03 1.49E-13 2.78E-07 2.41E-02 9.82E-04 3.384E-02
4.500E-03 3.55E-03 1.54E-07 5.67E-03 1.06E-07 3.32E-04 9.72E-14 1.28E-03 2.25E-13 3.49E-07 2.89E-02 1.46E-03 4.123E-02
4.000E-03 4.23E-03 2.29E-07 7.07E-03 1.59E-07 4.86E-04 1.55E-13 1.64E-03 3.57E-13 4.55E-07 3.51E-02 2.28E-03 5.080E-02
3.500E-03 5.11E-03 3.62E-07 8.72E-03 2.52E-07 6.75E-04 2.48E-13 2.14E-03 6.01E-13 6.25E-07 4.39E-02 3.77E-03 6.434E-02
3.000E-03 6.30E-03 5.99E-07 1.07E-02 4.04E-07 7.13E-04 3.87E-13 2.92E-03 1.10E-12 9.47E-07 5.69E-02 6.54E-03 8.410E-02
2.750E-03 6.91E-03 7.85E-07 1.18E-02 5.21E-07 6.15E-04 4.99E-13 3.51E-03 1.53E-12 1.27E-06 6.52E-02 8.71E-03 9.666E-02
2.500E-03 7.46E-03 1.05E-06 1.29E-02 6.82E-07 4.84E-04 6.86E-13 4.31E-03 2.21E-12 2.09E-06 7.48E-02 1.17E-02 1.116E-01
2.400E-03 7.73E-03 1.20E-06 1.33E-02 7.65E-07 4.34E-04 7.97E-13 4.70E-03 2.56E-12 2.91E-06 7.91E-02 1.31E-02 1.184E-01
2.350E-03 7.90E-03 1.28E-06 1.36E-02 8.12E-07 4.11E-04 8.62E-13 4.92E-03 2.76E-12 3.43E-06 8.14E-02 1.39E-02 1.221E-01
2.320E-03 7.99E-03 1.33E-06 1.37E-02 8.43E-07 3.97E-04 9.06E-13 5.05E-03 2.90E-12 3.69E-06 8.27E-02 1.43E-02 1.242E-01
2.310E-03 8.02E-03 1.35E-06 1.38E-02 8.53E-07 3.93E-04 9.21E-13 5.09E-03 2.94E-12 3.75E-06 8.32E-02 1.45E-02 1.250E-01
2.300E-03 8.05E-03 1.37E-06 1.38E-02 8.63E-07 3.88E-04 9.36E-13 5.14E-03 2.99E-12 3.81E-06 8.36E-02 1.46E-02 1.257E-01
2.250E-03 8.19E-03 1.46E-06 1.42E-02 9.20E-07 3.67E-04 1.02E-12 5.40E-03 3.25E-12 3.96E-06 8.60E-02 1.55E-02 1.296E-01
2.200E-03 8.32E-03 1.56E-06 1.45E-02 9.80E-07 3.48E-04 1.11E-12 5.70E-03 3.51E-12 4.16E-06 8.84E-02 1.63E-02 1.336E-01
2.150E-03 8.49E-03 1.68E-06 1.49E-02 1.04E-06 3.30E-04 1.22E-12 5.98E-03 3.80E-12 4.55E-06 9.07E-02 1.71E-02 1.375E-01
2.120E-03 8.60E-03 1.75E-06 1.51E-02 1.08E-06 3.19E-04 1.29E-12 6.17E-03 3.98E-12 4.74E-06 9.22E-02 1.75E-02 1.399E-01
2.110E-03 8.63E-03 1.78E-06 1.52E-02 1.09E-06 3.16E-04 1.32E-12 6.24E-03 4.05E-12 4.77E-06 9.27E-02 1.77E-02 1.407E-01
2.100E-03 8.66E-03 1.80E-06 1.52E-02 1.10E-06 3.13E-04 1.34E-12 6.31E-03 4.11E-12 4.78E-06 9.31E-02 1.78E-02 1.415E-01
2.080E-03 8.70E-03 1.85E-06 1.54E-02 1.12E-06 3.07E-04 1.39E-12 6.45E-03 4.24E-12 4.74E-06 9.39E-02 1.81E-02 1.429E-01
2.000E-03 8.82E-03 2.08E-06 1.59E-02 1.21E-06 2.84E-04 1.63E-12 7.07E-03 4.82E-12 4.53E-06 9.74E-02 1.94E-02 1.489E-01
1.950E-03 8.96E-03 2.26E-06 1.61E-02 1.26E-06 2.72E-04 1.81E-12 7.48E-03 5.10E-12 4.87E-06 9.91E-02 1.99E-02 1.518E-01
1.900E-03 9.14E-03 2.47E-06 1.61E-02 1.29E-06 2.61E-04 2.01E-12 7.79E-03 5.34E-12 5.87E-06 1.00E-01 2.03E-02 1.540E-01
1.850E-03 9.33E-03 2.70E-06 1.60E-02 1.31E-06 2.52E-04 2.24E-12 7.97E-03 5.48E-12 7.54E-06 1.01E-01 2.06E-02 1.547E-01
1.830E-03 9.43E-03 2.79E-06 1.59E-02 1.31E-06 2.48E-04 2.34E-12 7.99E-03 5.51E-12 8.13E-06 1.00E-01 2.06E-02 1.546E-01
1.820E-03 9.46E-03 2.84E-06 1.59E-02 1.31E-06 2.46E-04 2.40E-12 7.99E-03 5.52E-12 8.33E-06 1.00E-01 2.06E-02 1.545E-01
1.810E-03 9.49E-03 2.89E-06 1.58E-02 1.30E-06 2.45E-04 2.45E-12 7.97E-03 5.54E-12 8.46E-06 1.00E-01 2.07E-02 1.542E-01
1.800E-03 9.53E-03 2.94E-06 1.57E-02 1.30E-06 2.43E-04 2.51E-12 7.95E-03 5.55E-12 8.52E-06 9.98E-02 2.08E-02 1.540E-01
1.750E-03 9.75E-03 3.22E-06 1.50E-02 1.27E-06 2.36E-04 2.81E-12 7.75E-03 5.58E-12 8.71E-06 9.85E-02 2.10E-02 1.523E-01
1.700E-03 9.87E-03 3.53E-06 1.39E-02 1.22E-06 2.31E-04 3.17E-12 7.37E-03 5.61E-12 1.06E-05 9.63E-02 2.15E-02 1.493E-01
1.670E-03 1.00E-02 3.76E-06 1.31E-02 1.18E-06 2.28E-04 3.40E-12 7.10E-03 5.68E-12 1.25E-05 9.53E-02 2.20E-02 1.477E-01
1.650E-03 1.01E-02 3.92E-06 1.24E-02 1.16E-06 2.26E-04 3.58E-12 6.88E-03 5.75E-12 1.32E-05 9.46E-02 2.24E-02 1.466E-01
1.640E-03 1.02E-02 4.00E-06 1.20E-02 1.15E-06 2.26E-04 3.67E-12 6.77E-03 5.78E-12 1.32E-05 9.41E-02 2.26E-02 1.460E-01
1.630E-03 1.03E-02 4.08E-06 1.16E-02 1.15E-06 2.25E-04 3.76E-12 6.66E-03 5.83E-12 1.29E-05 9.37E-02 2.28E-02 1.453E-01
1.610E-03 1.04E-02 4.24E-06 1.08E-02 1.14E-06 2.24E-04 3.95E-12 6.43E-03 5.97E-12 1.21E-05 9.30E-02 2.34E-02 1.442E-01
1.600E-03 1.04E-02 4.33E-06 1.04E-02 1.15E-06 2.23E-04 4.05E-12 6.32E-03 6.05E-12 1.17E-05 9.26E-02 2.37E-02 1.437E-01
1.590E-03 1.05E-02 4.42E-06 9.98E-03 1.16E-06 2.23E-04 4.16E-12 6.20E-03 6.14E-12 1.14E-05 9.23E-02 2.40E-02 1.432E-01
1.580E-03 1.05E-02 4.50E-06 9.55E-03 1.17E-06 2.22E-04 4.27E-12 6.09E-03 6.25E-12 1.12E-05 9.20E-02 2.43E-02 1.427E-01
1.570E-03 1.06E-02 4.59E-06 9.12E-03 1.19E-06 2.22E-04 4.38E-12 5.98E-03 6.37E-12 1.11E-05 9.16E-02 2.47E-02 1.422E-01
1.560E-03 1.06E-02 4.70E-06 8.72E-03 1.23E-06 2.22E-04 4.49E-12 5.87E-03 6.50E-12 1.08E-05 9.14E-02 2.51E-02 1.420E-01
1.540E-03 1.08E-02 4.90E-06 8.00E-03 1.32E-06 2.21E-04 4.74E-12 5.65E-03 6.80E-12 1.06E-05 9.10E-02 2.60E-02 1.417E-01
1.520E-03 1.09E-02 5.08E-06 7.44E-03 1.44E-06 2.21E-04 5.00E-12 5.44E-03 7.18E-12 1.12E-05 9.06E-02 2.69E-02 1.415E-01
1.510E-03 1.09E-02 5.18E-06 7.23E-03 1.52E-06 2.21E-04 5.13E-12 5.34E-03 7.38E-12 1.15E-05 9.04E-02 2.74E-02 1.415E-01
1.500E-03 1.09E-02 5.28E-06 7.06E-03 1.60E-06 2.21E-04 5.27E-12 5.25E-03 7.62E-12 1.16E-05 9.02E-02 2.80E-02 1.417E-01
1.450E-03 1.11E-02 5.90E-06 6.73E-03 2.08E-06 2.22E-04 6.05E-12 4.83E-03 9.22E-12 1.47E-05 9.05E-02 3.19E-02 1.453E-01
1.440E-03 1.12E-02 6.03E-06 6.73E-03 2.18E-06 2.23E-04 6.23E-12 4.77E-03 9.63E-12 1.62E-05 9.08E-02 3.28E-02 1.465E-01
1.430E-03 1.12E-02 6.17E-06 6.72E-03 2.29E-06 2.23E-04 6.40E-12 4.75E-03 1.01E-11 1.76E-05 9.14E-02 3.38E-02 1.481E-01
1.420E-03 1.13E-02 6.31E-06 6.71E-03 2.40E-06 2.24E-04 6.59E-12 4.73E-03 1.07E-11 1.83E-05 9.20E-02 3.49E-02 1.499E-01
1.400E-03 1.14E-02 6.62E-06 6.72E-03 2.63E-06 2.25E-04 6.98E-12 4.77E-03 1.19E-11 1.99E-05 9.38E-02 3.71E-02 1.541E-01
1.380E-03 1.15E-02 6.93E-06 6.73E-03 2.88E-06 2.27E-04 7.40E-12 4.90E-03 1.33E-11 2.52E-05 9.62E-02 3.94E-02 1.590E-01
1.370E-03 1.15E-02 7.10E-06 6.74E-03 3.01E-06 2.28E-04 7.62E-12 5.03E-03 1.40E-11 3.00E-05 9.77E-02 4.05E-02 1.618E-01
1.360E-03 1.16E-02 7.28E-06 6.75E-03 3.15E-06 2.29E-04 7.85E-12 5.18E-03 1.48E-11 3.47E-05 9.93E-02 4.16E-02 1.647E-01
1.350E-03 1.17E-02 7.46E-06 6.77E-03 3.31E-06 2.30E-04 8.09E-12 5.33E-03 1.56E-11 3.71E-05 1.01E-01 4.27E-02 1.676E-01
1.340E-03 1.18E-02 7.65E-06 6.79E-03 3.47E-06 2.31E-04 8.34E-12 5.52E-03 1.64E-11 4.03E-05 1.03E-01 4.35E-02 1.704E-01
1.330E-03 1.18E-02 7.83E-06 6.84E-03 3.64E-06 2.32E-04 8.60E-12 5.71E-03 1.73E-11 4.66E-05 1.04E-01 4.44E-02 1.732E-01
1.320E-03 1.19E-02 8.02E-06 6.88E-03 3.82E-06 2.33E-04 8.86E-12 5.90E-03 1.82E-11 5.76E-05 1.06E-01 4.52E-02 1.760E-01
1.310E-03 1.20E-02 8.19E-06 6.94E-03 4.01E-06 2.34E-04 9.14E-12 6.12E-03 1.91E-11 7.54E-05 1.07E-01 4.60E-02 1.786E-01
1.290E-03 1.20E-02 8.55E-06 7.10E-03 4.44E-06 2.37E-04 9.73E-12 6.57E-03 2.10E-11 1.55E-04 1.10E-01 4.75E-02 1.840E-01
1.280E-03 1.21E-02 8.77E-06 7.20E-03 4.66E-06 2.39E-04 1.00E-11 6.84E-03 2.21E-11 2.28E-04 1.12E-01 4.82E-02 1.869E-01
1.270E-03 1.21E-02 9.00E-06 7.25E-03 4.91E-06 2.40E-04 1.04E-11 7.12E-03 2.32E-11 2.76E-04 1.14E-01 4.89E-02 1.897E-01
1.260E-03 1.22E-02 9.23E-06 7.35E-03 5.21E-06 2.42E-04 1.07E-11 7.41E-03 2.43E-11 2.38E-04 1.15E-01 4.95E-02 1.923E-01
1.250E-03 1.22E-02 9.47E-06 7.50E-03 5.52E-06 2.44E-04 1.11E-11 7.71E-03 2.54E-11 1.75E-04 1.17E-01 5.00E-02 1.948E-01
1.220E-03 1.25E-02 1.03E-05 8.52E-03 6.83E-06 2.49E-04 1.22E-11 8.65E-03 2.91E-11 1.37E-04 1.22E-01 5.15E-02 2.035E-01
1.210E-03 1.25E-02 1.06E-05 9.30E-03 7.35E-06 2.51E-04 1.26E-11 9.01E-03 3.04E-11 1.58E-04 1.23E-01 5.19E-02 2.066E-01
1.200E-03 1.26E-02 1.09E-05 1.03E-02 7.86E-06 2.52E-04 1.30E-11 9.41E-03 3.19E-11 1.74E-04 1.25E-01 5.22E-02 2.100E-01
1.190E-03 1.27E-02 1.12E-05 1.13E-02 8.31E-06 2.54E-04 1.35E-11 9.82E-03 3.33E-11 1.74E-04 1.27E-01 5.26E-02 2.136E-01
1.180E-03 1.28E-02 1.15E-05 1.24E-02 8.70E-06 2.56E-04 1.40E-11 1.02E-02 3.47E-11 1.73E-04 1.28E-01 5.27E-02 2.167E-01
1.170E-03 1.28E-02 1.18E-05 1.34E-02 9.02E-06 2.58E-04 1.45E-11 1.07E-02 3.62E-11 1.92E-04 1.30E-01 5.28E-02 2.198E-01
1.160E-03 1.29E-02 1.21E-05 1.43E-02 9.29E-06 2.62E-04 1.51E-11 1.11E-02 3.77E-11 2.48E-04 1.31E-01 5.29E-02 2.226E-01
1.150E-03 1.30E-02 1.24E-05 1.50E-02 9.53E-06 3.68E-04 1.49E-11 1.15E-02 3.92E-11 3.62E-04 1.32E-01 5.30E-02 2.253E-01
1.140E-03 1.30E-02 1.27E-05 1.57E-02 9.75E-06 2.73E-04 1.59E-11 1.19E-02 4.09E-11 5.44E-04 1.33E-01 5.31E-02 2.280E-01
1.130E-03 1.31E-02 1.31E-05 1.63E-02 9.97E-06 2.72E-04 1.65E-11 1.24E-02 4.28E-11 6.64E-04 1.35E-01 5.32E-02 2.306E-01
1.120E-03 1.31E-02 1.35E-05 1.69E-02 1.02E-05 2.74E-04 1.71E-11 1.30E-02 4.47E-11 5.35E-04 1.36E-01 5.33E-02 2.329E-01
1.110E-03 1.32E-02 1.38E-05 1.74E-02 1.04E-05 2.77E-04 1.78E-11 1.35E-02 4.66E-11 3.40E-04 1.37E-01 5.33E-02 2.351E-01
1.090E-03 1.32E-02 1.47E-05 1.85E-02 1.09E-05 2.82E-04 1.91E-11 1.47E-02 5.07E-11 1.41E-04 1.39E-01 5.32E-02 2.394E-01
1.050E-03 1.35E-02 1.67E-05 2.04E-02 1.17E-05 2.95E-04 2.23E-11 1.77E-02 6.02E-11 4.69E-05 1.44E-01 5.20E-02 2.480E-01
1.000E-03 1.40E-02 1.98E-05 2.23E-02 1.24E-05 3.15E-04 2.71E-11 2.05E-02 6.45E-11 2.38E-05 1.44E-01 4.81E-02 2.489E-01
9.800E-04 1.43E-02 2.12E-05 2.27E-02 1.24E-05 3.24E-04 2.94E-11 2.15E-02 6.63E-11 2.07E-05 1.43E-01 4.67E-02 2.488E-01
9.600E-04 1.45E-02 2.27E-05 2.26E-02 1.21E-05 3.33E-04 3.19E-11 2.25E-02 6.68E-11 1.91E-05 1.42E-01 4.46E-02 2.466E-01
9.500E-04 1.47E-02 2.35E-05 2.23E-02 1.19E-05 3.38E-04 3.33E-11 2.27E-02 6.54E-11 1.89E-05 1.41E-01 4.31E-02 2.440E-01
9.400E-04 1.47E-02 2.43E-05 2.19E-02 1.16E-05 3.44E-04 3.47E-11 2.27E-02 6.26E-11 1.89E-05 1.39E-01 4.13E-02 2.398E-01
9.200E-04 1.50E-02 2.59E-05 2.09E-02 1.11E-05 3.55E-04 3.79E-11 2.11E-02 5.21E-11 2.02E-05 1.32E-01 3.74E-02 2.271E-01
8.900E-04 1.53E-02 2.90E-05 1.85E-02 1.04E-05 3.73E-04 4.32E-11 1.67E-02 3.34E-11 2.94E-05 1.20E-01 3.28E-02 2.040E-01
8.700E-04 1.54E-02 3.09E-05 1.67E-02 1.02E-05 3.86E-04 4.73E-11 1.39E-02 2.48E-11 6.54E-05 1.13E-01 3.14E-02 1.907E-01
8.600E-04 1.56E-02 3.22E-05 1.59E-02 1.02E-05 3.93E-04 4.96E-11 1.28E-02 2.19E-11 9.84E-05 1.10E-01 3.13E-02 1.859E-01
8.500E-04 1.57E-02 3.34E-05 1.50E-02 1.02E-05 4.01E-04 5.19E-11 1.18E-02 1.95E-11 7.04E-05 1.07E-01 3.11E-02 1.812E-01
8.400E-04 1.58E-02 3.48E-05 1.40E-02 1.02E-05 4.08E-04 5.45E-11 1.07E-02 1.71E-11 5.06E-05 1.04E-01 3.10E-02 1.763E-01
8.200E-04 1.60E-02 3.71E-05 1.16E-02 1.05E-05 4.24E-04 6.00E-11 8.28E-03 1.22E-11 5.15E-05 9.67E-02 3.10E-02 1.641E-01
8.000E-04 1.62E-02 4.03E-05 9.39E-03 1.16E-05 4.41E-04 6.62E-11 5.66E-03 9.45E-12 7.52E-05 8.89E-02 3.30E-02 1.537E-01
7.900E-04 1.64E-02 4.20E-05 8.53E-03 1.24E-05 4.50E-04 6.96E-11 4.76E-03 1.02E-11 9.37E-05 8.67E-02 3.54E-02 1.524E-01
7.800E-04 1.64E-02 4.35E-05 7.82E-03 1.35E-05 4.59E-04 7.32E-11 3.87E-03 1.15E-11 1.12E-04 8.42E-02 3.81E-02 1.510E-01
7.700E-04 1.65E-02 4.51E-05 7.22E-03 1.46E-05 4.68E-04 7.71E-11 3.18E-03 1.37E-11 1.20E-04 8.24E-02 4.12E-02 1.512E-01
7.600E-04 1.65E-02 4.69E-05 6.69E-03 1.58E-05 4.78E-04 8.12E-11 2.70E-03 1.67E-11 1.12E-04 8.14E-02 4.47E-02 1.527E-01
7.500E-04 1.65E-02 4.89E-05 6.23E-03 1.72E-05 4.88E-04 8.56E-11 2.27E-03 2.04E-11 9.25E-05 8.06E-02 4.86E-02 1.548E-01
7.300E-04 1.67E-02 5.36E-05 5.52E-03 2.03E-05 5.09E-04 9.53E-11 1.90E-03 2.90E-11 5.76E-05 8.13E-02 5.61E-02 1.622E-01
7.200E-04 1.68E-02 5.58E-05 5.30E-03 2.20E-05 5.20E-04 1.01E-10 1.84E-03 3.36E-11 4.80E-05 8.18E-02 5.93E-02 1.657E-01
7.100E-04 1.68E-02 5.84E-05 5.15E-03 2.39E-05 5.32E-04 1.06E-10 1.78E-03 3.86E-11 4.70E-05 8.24E-02 6.29E-02 1.697E-01
7.000E-04 1.70E-02 6.13E-05 5.01E-03 2.57E-05 5.44E-04 1.13E-10 1.77E-03 4.37E-11 6.52E-05 8.34E-02 6.60E-02 1.739E-01
6.900E-04 1.71E-02 6.35E-05 4.82E-03 2.77E-05 5.57E-04 1.19E-10 1.76E-03 4.93E-11 3.83E-05 8.39E-02 6.89E-02 1.771E-01
6.800E-04 1.68E-02 6.60E-05 4.56E-03 2.97E-05 5.70E-04 1.26E-10 1.76E-03 5.49E-11 2.97E-05 8.38E-02 7.23E-02 1.799E-01
6.600E-04 1.69E-02 7.44E-05 4.11E-03 3.46E-05 5.99E-04 1.42E-10 1.76E-03 6.74E-11 2.84E-05 8.55E-02 7.94E-02 1.884E-01
6.400E-04 1.74E-02 8.40E-05 3.56E-03 4.03E-05 6.28E-04 1.61E-10 1.75E-03 8.16E-11 4.32E-05 8.79E-02 8.55E-02 1.969E-01
6.300E-04 1.78E-02 8.86E-05 3.32E-03 4.38E-05 6.36E-04 1.71E-10 1.75E-03 8.96E-11 6.77E-05 8.91E-02 8.79E-02 2.007E-01
6.200E-04 1.79E-02 9.29E-05 3.27E-03 4.76E-05 6.63E-04 1.82E-10 1.74E-03 9.83E-11 9.22E-05 8.96E-02 9.08E-02 2.041E-01
6.100E-04 1.80E-02 9.83E-05 3.25E-03 5.13E-05 6.81E-04 1.95E-10 1.73E-03 1.07E-10 6.67E-05 9.04E-02 9.37E-02 2.080E-01
5.900E-04 1.88E-02 1.10E-04 2.67E-03 5.97E-05 7.18E-04 2.22E-10 1.70E-03 1.29E-10 2.97E-05 9.27E-02 9.89E-02 2.157E-01
5.500E-04 1.81E-02 1.33E-04 1.98E-03 8.41E-05 8.05E-04 2.93E-10 1.68E-03 1.84E-10 2.49E-05 9.20E-02 1.13E-01 2.279E-01
5.300E-04 1.83E-02 1.53E-04 1.77E-03 1.00E-04 8.56E-04 3.40E-10 1.68E-03 2.21E-10 3.97E-05 9.34E-02 1.20E-01 2.368E-01
5.200E-04 1.83E-02 1.64E-04 1.66E-03 1.09E-04 8.83E-04 3.66E-10 1.68E-03 2.42E-10 6.30E-05 9.40E-02 1.24E-01 2.411E-01
5.100E-04 1.85E-02 1.76E-04 1.55E-03 1.19E-04 9.11E-04 3.95E-10 1.69E-03 2.66E-10 8.72E-05 9.49E-02 1.28E-01 2.456E-01
5.000E-04 1.87E-02 1.90E-04 1.44E-03 1.32E-04 9.41E-04 4.28E-10 1.70E-03 2.92E-10 6.27E-05 9.59E-02 1.31E-01 2.500E-01
4.800E-04 1.90E-02 2.19E-04 1.27E-03 1.59E-04 1.00E-03 5.03E-10 1.73E-03 3.52E-10 2.91E-05 9.74E-02 1.38E-01 2.585E-01
4.500E-04 1.96E-02 2.74E-04 1.07E-03 2.12E-04 1.11E-03 6.48E-10 1.79E-03 4.70E-10 2.22E-05 1.00E-01 1.47E-01 2.709E-01
4.000E-04 2.04E-02 4.19E-04 7.92E-04 3.53E-04 1.34E-03 1.03E-09 1.93E-03 7.86E-10 2.47E-05 1.04E-01 1.62E-01 2.914E-01
3.800E-04 2.09E-02 5.06E-04 6.98E-04 4.39E-04 1.45E-03 1.26E-09 1.99E-03 9.78E-10 2.77E-05 1.06E-01 1.67E-01 2.992E-01
3.600E-04 2.14E-02 6.19E-04 6.14E-04 5.51E-04 1.58E-03 1.56E-09 2.05E-03 1.23E-09 3.38E-05 1.07E-01 1.72E-01 3.066E-01
3.400E-04 2.24E-02 7.60E-04 5.40E-04 7.01E-04 1.73E-03 1.96E-09 2.13E-03 1.56E-09 6.96E-05 1.10E-01 1.75E-01 3.136E-01
3.300E-04 2.24E-02 8.39E-04 5.06E-04 7.94E-04 1.81E-03 2.20E-09 2.16E-03 1.77E-09 1.83E-04 1.10E-01 1.78E-01 3.168E-01
3.200E-04 2.25E-02 9.43E-04 4.71E-04 9.03E-04 1.90E-03 2.49E-09 2.20E-03 2.01E-09 7.17E-05 1.11E-01 1.80E-01 3.200E-01
3.150E-04 2.27E-02 1.00E-03 4.56E-04 9.64E-04 1.95E-03 2.64E-09 2.22E-03 2.15E-09 5.47E-05 1.11E-01 1.81E-01 3.217E-01
3.100E-04 2.30E-02 1.06E-03 4.41E-04 1.03E-03 2.00E-03 2.82E-09 2.24E-03 2.29E-09 4.81E-05 1.12E-01 1.82E-01 3.234E-01
3.080E-04 2.30E-02 1.09E-03 4.34E-04 1.06E-03 2.02E-03 2.89E-09 2.24E-03 2.35E-09 4.67E-05 1.12E-01 1.82E-01 3.240E-01
3.050E-04 2.31E-02 1.13E-03 4.25E-04 1.10E-03 2.05E-03 3.00E-09 2.26E-03 2.45E-09 4.54E-05 1.12E-01 1.83E-01 3.250E-01
3.000E-04 2.33E-02 1.20E-03 4.11E-04 1.18E-03 2.10E-03 3.20E-09 2.28E-03 2.62E-09 4.45E-05 1.13E-01 1.84E-01 3.267E-01
2.900E-04 2.38E-02 1.36E-03 3.84E-04 1.36E-03 2.22E-03 3.66E-09 2.33E-03 3.02E-09 4.51E-05 1.14E-01 1.85E-01 3.300E-01
2.800E-04 2.39E-02 1.54E-03 3.58E-04 1.57E-03 2.34E-03 4.20E-09 2.38E-03 3.49E-09 4.73E-05 1.14E-01 1.87E-01 3.332E-01
2.600E-04 2.47E-02 2.04E-03 3.10E-04 2.12E-03 2.63E-03 5.62E-09 2.50E-03 4.72E-09 5.40E-05 1.16E-01 1.91E-01 3.406E-01
2.500E-04 2.52E-02 2.38E-03 2.89E-04 2.49E-03 2.79E-03 6.55E-09 2.57E-03 5.53E-09 5.85E-05 1.17E-01 1.93E-01 3.449E-01
2.200E-04 2.77E-02 3.88E-03 2.33E-04 4.18E-03 3.39E-03 1.08E-08 2.81E-03 9.30E-09 7.72E-05 1.20E-01 1.98E-01 3.607E-01
2.159E-04 2.80E-02 4.15E-03 2.26E-04 4.51E-03 3.49E-03 1.16E-08 2.85E-03 1.00E-08 8.06E-05 1.20E-01 1.99E-01 3.630E-01
2.000E-04 2.97E-02 5.56E-03 2.03E-04 6.13E-03 3.93E-03 1.57E-08 3.02E-03 1.37E-08 9.65E-05 1.22E-01 2.03E-01 3.738E-01
1.662E-04 3.45E-02 1.09E-02 1.63E-04 1.27E-02 5.22E-03 3.24E-08 3.50E-03 2.88E-08 1.53E-04 1.26E-01 2.09E-01 4.020E-01
1.650E-04 3.47E-02 1.12E-02 1.61E-04 1.30E-02 5.28E-03 3.34E-08 3.52E-03 2.96E-08 1.56E-04 1.26E-01 2.09E-01 4.032E-01
1.250E-04 4.61E-02 2.85E-02 1.48E-04 3.63E-02 8.12E-03 9.89E-08 4.46E-03 9.02E-08 3.28E-04 1.32E-01 2.13E-01 4.685E-01
1.235E-04 4.68E-02 2.96E-02 1.47E-04 3.78E-02 8.28E-03 1.04E-07 4.51E-03 9.47E-08 3.39E-04 1.32E-01 2.13E-01 4.723E-01
1.130E-04 5.24E-02 3.86E-02 1.53E-04 5.10E-02 9.51E-03 1.47E-07 4.90E-03 1.35E-07 4.31E-04 1.34E-01 2.12E-01 5.035E-01
1.000E-04 6.26E-02 5.45E-02 1.72E-04 7.57E-02 1.16E-02 2.37E-07 5.50E-03 2.20E-07 5.96E-04 1.37E-01 2.10E-01 5.580E-01
9.500E-05 6.77E-02 6.21E-02 1.75E-04 8.90E-02 1.26E-02 2.89E-07 5.77E-03 2.70E-07 6.81E-04 1.39E-01 2.09E-01 5.854E-01
9.300E-05 6.98E-02 6.53E-02 1.78E-04 9.51E-02 1.30E-02 3.14E-07 5.89E-03 2.94E-07 7.19E-04 1.39E-01 2.08E-01 5.974E-01
9.200E-05 7.09E-02 6.70E-02 1.81E-04 9.84E-02 1.33E-02 3.27E-07 5.95E-03 3.07E-07 7.39E-04 1.39E-01 2.08E-01 6.037E-01
9.100E-05 7.20E-02 6.88E-02 1.85E-04 1.02E-01 1.35E-02 3.41E-07 6.01E-03 3.21E-07 7.60E-04 1.40E-01 2.08E-01 6.103E-01
9.000E-05 7.31E-02 7.05E-02 1.88E-04 1.05E-01 1.37E-02 3.56E-07 6.07E-03 3.36E-07 7.82E-04 1.40E-01 2.07E-01 6.169E-01
8.900E-05 7.42E-02 7.23E-02 1.92E-04 1.09E-01 1.40E-02 3.72E-07 6.14E-03 3.51E-07 8.04E-04 1.40E-01 2.07E-01 6.238E-01
8.800E-05 7.53E-02 7.42E-02 1.93E-04 1.13E-01 1.43E-02 3.89E-07 6.20E-03 3.67E-07 8.28E-04 1.40E-01 2.07E-01 6.309E-01
8.700E-05 7.64E-02 7.61E-02 1.99E-04 1.17E-01 1.45E-02 4.06E-07 6.27E-03 3.85E-07 8.52E-04 1.41E-01 2.06E-01 6.383E-01
8.600E-05 7.75E-02 7.81E-02 2.01E-04 1.22E-01 1.48E-02 4.25E-07 6.34E-03 4.03E-07 8.77E-04 1.41E-01 2.06E-01 6.459E-01
8.500E-05 7.87E-02 8.01E-02 2.05E-04 1.26E-01 1.51E-02 4.45E-07 6.41E-03 4.22E-07 9.03E-04 1.41E-01 2.05E-01 6.538E-01
8.400E-05 7.99E-02 8.23E-02 2.08E-04 1.31E-01 1.53E-02 4.66E-07 6.48E-03 4.42E-07 9.30E-04 1.41E-01 2.05E-01 6.620E-01
8.330E-05 8.08E-02 8.38E-02 2.11E-04 1.34E-01 1.55E-02 4.81E-07 6.53E-03 4.58E-07 9.50E-04 1.41E-01 2.05E-01 6.679E-01
8.200E-05 8.24E-02 8.66E-02 2.15E-04 1.41E-01 1.59E-02 5.11E-07 6.63E-03 4.87E-07 9.88E-04 1.42E-01 2.04E-01 6.793E-01
8.100E-05 8.38E-02 8.89E-02 2.21E-04 1.46E-01 1.62E-02 5.36E-07 6.71E-03 5.12E-07 1.02E-03 1.42E-01 2.04E-01 6.884E-01
8.000E-05 8.52E-02 9.11E-02 2.24E-04 1.52E-01 1.66E-02 5.63E-07 6.79E-03 5.38E-07 1.05E-03 1.42E-01 2.03E-01 6.979E-01
7.900E-05 8.67E-02 9.35E-02 2.28E-04 1.58E-01 1.69E-02 5.91E-07 6.87E-03 5.66E-07 1.08E-03 1.42E-01 2.03E-01 7.077E-01
7.800E-05 8.83E-02 9.58E-02 2.34E-04 1.64E-01 1.72E-02 6.20E-07 6.95E-03 5.95E-07 1.12E-03 1.43E-01 2.02E-01 7.179E-01
7.700E-05 8.99E-02 9.82E-02 2.40E-04 1.70E-01 1.76E-02 6.52E-07 7.03E-03 6.27E-07 1.15E-03 1.43E-01 2.02E-01 7.284E-01
7.600E-05 9.16E-02 1.01E-01 2.49E-04 1.77E-01 1.79E-02 6.86E-07 7.12E-03 6.61E-07 1.19E-03 1.43E-01 2.01E-01 7.393E-01
7.500E-05 9.34E-02 1.03E-01 2.56E-04 1.84E-01 1.83E-02 7.22E-07 7.21E-03 6.97E-07 1.23E-03 1.43E-01 2.00E-01 7.505E-01
7.400E-05 9.53E-02 1.05E-01 2.67E-04 1.91E-01 1.87E-02 7.61E-07 7.30E-03 7.36E-07 1.27E-03 1.44E-01 2.00E-01 7.621E-01
7.300E-05 9.72E-02 1.08E-01 2.80E-04 1.98E-01 1.91E-02 8.02E-07 7.39E-03 7.77E-07 1.31E-03 1.44E-01 1.99E-01 7.740E-01
7.140E-05 1.00E-01 1.11E-01 2.88E-04 2.11E-01 1.97E-02 8.73E-07 7.55E-03 8.49E-07 1.39E-03 1.45E-01 1.98E-01 7.939E-01
7.100E-05 1.01E-01 1.12E-01 2.89E-04 2.14E-01 1.99E-02 8.93E-07 7.59E-03 8.69E-07 1.41E-03 1.45E-01 1.97E-01 7.990E-01
7.000E-05 1.03E-01 1.15E-01 2.99E-04 2.23E-01 2.03E-02 9.43E-07 7.69E-03 9.20E-07 1.45E-03 1.45E-01 1.96E-01 8.120E-01
6.900E-05 1.05E-01 1.17E-01 3.08E-04 2.32E-01 2.07E-02 9.97E-07 7.80E-03 9.74E-07 1.51E-03 1.45E-01 1.96E-01 8.254E-01
6.800E-05 1.08E-01 1.19E-01 3.22E-04 2.41E-01 2.12E-02 1.06E-06 7.90E-03 1.03E-06 1.56E-03 1.46E-01 1.95E-01 8.393E-01
6.700E-05 1.10E-01 1.22E-01 3.35E-04 2.50E-01 2.17E-02 1.12E-06 8.01E-03 1.10E-06 1.62E-03 1.46E-01 1.94E-01 8.536E-01
6.600E-05 1.12E-01 1.24E-01 3.50E-04 2.60E-01 2.21E-02 1.18E-06 8.13E-03 1.16E-06 1.68E-03 1.46E-01 1.93E-01 8.683E-01
6.500E-05 1.14E-01 1.27E-01 3.57E-04 2.71E-01 2.27E-02 1.26E-06 8.25E-03 1.24E-06 1.74E-03 1.47E-01 1.92E-01 8.835E-01
6.400E-05 1.17E-01 1.29E-01 3.66E-04 2.81E-01 2.32E-02 1.34E-06 8.37E-03 1.32E-06 1.80E-03 1.47E-01 1.91E-01 8.991E-01
6.300E-05 1.20E-01 1.31E-01 3.77E-04 2.92E-01 2.38E-02 1.42E-06 8.50E-03 1.41E-06 1.87E-03 1.47E-01 1.90E-01 9.152E-01
6.250E-05 1.21E-01 1.32E-01 3.80E-04 2.98E-01 2.40E-02 1.47E-06 8.56E-03 1.45E-06 1.91E-03 1.47E-01 1.90E-01 9.234E-01
6.200E-05 1.22E-01 1.34E-01 3.90E-04 3.04E-01 2.43E-02 1.51E-06 8.63E-03 1.50E-06 1.95E-03 1.48E-01 1.89E-01 9.317E-01
6.100E-05 1.25E-01 1.36E-01 4.08E-04 3.16E-01 2.49E-02 1.61E-06 8.76E-03 1.60E-06 2.02E-03 1.48E-01 1.88E-01 9.488E-01
6.000E-05 1.28E-01 1.38E-01 4.27E-04 3.28E-01 2.55E-02 1.72E-06 8.90E-03 1.71E-06 2.11E-03 1.48E-01 1.87E-01 9.662E-01
5.900E-05 1.31E-01 1.40E-01 4.44E-04 3.41E-01 2.62E-02 1.84E-06 9.04E-03 1.83E-06 2.19E-03 1.48E-01 1.86E-01 9.842E-01
5.800E-05 1.34E-01 1.42E-01 4.64E-04 3.54E-01 2.68E-02 1.97E-06 9.19E-03 1.96E-06 2.29E-03 1.49E-01 1.85E-01 1.003E+00
5.700E-05 1.38E-01 1.44E-01 4.88E-04 3.68E-01 2.75E-02 2.11E-06 9.35E-03 2.10E-06 2.38E-03 1.49E-01 1.83E-01 1.022E+00
5.600E-05 1.41E-01 1.45E-01 5.14E-04 3.82E-01 2.82E-02 2.26E-06 9.50E-03 2.26E-06 2.49E-03 1.49E-01 1.82E-01 1.041E+00
5.500E-05 1.45E-01 1.47E-01 5.36E-04 3.97E-01 2.89E-02 2.42E-06 9.67E-03 2.43E-06 2.60E-03 1.50E-01 1.81E-01 1.061E+00
5.477E-05 1.46E-01 1.47E-01 5.39E-04 4.01E-01 2.91E-02 2.46E-06 9.71E-03 2.47E-06 3.79E-03 1.50E-01 1.80E-01 1.067E+00
5.400E-05 1.48E-01 1.48E-01 5.58E-04 4.13E-01 2.98E-02 2.61E-06 9.84E-03 2.62E-06 3.94E-03 1.50E-01 1.79E-01 1.083E+00
5.300E-05 1.52E-01 1.49E-01 5.84E-04 4.29E-01 3.07E-02 2.81E-06 1.00E-02 2.83E-06 4.15E-03 1.50E-01 1.78E-01 1.104E+00
5.200E-05 1.56E-01 1.50E-01 6.21E-04 4.46E-01 3.16E-02 3.04E-06 1.02E-02 3.05E-06 4.38E-03 1.50E-01 1.77E-01 1.126E+00
5.100E-05 1.59E-01 1.51E-01 6.57E-04 4.64E-01 3.26E-02 3.28E-06 1.04E-02 3.30E-06 4.62E-03 1.51E-01 1.76E-01 1.149E+00
5.000E-05 1.63E-01 1.52E-01 6.94E-04 4.83E-01 3.36E-02 3.56E-06 1.06E-02 3.58E-06 4.90E-03 1.51E-01 1.74E-01 1.172E+00
4.900E-05 1.67E-01 1.52E-01 7.30E-04 5.02E-01 3.47E-02 3.86E-06 1.08E-02 3.89E-06 5.20E-03 1.51E-01 1.73E-01 1.196E+00
4.880E-05 1.67E-01 1.52E-01 7.38E-04 5.06E-01 3.49E-02 3.92E-06 1.08E-02 3.95E-06 5.26E-03 1.51E-01 1.73E-01 1.201E+00
4.800E-05 1.70E-01 1.53E-01 7.72E-04 5.22E-01 3.59E-02 4.20E-06 1.10E-02 4.23E-06 5.53E-03 1.51E-01 1.72E-01 1.221E+00
4.760E-05 1.72E-01 1.53E-01 7.91E-04 5.30E-01 3.65E-02 4.34E-06 1.11E-02 4.37E-06 5.67E-03 1.51E-01 1.71E-01 1.231E+00
4.700E-05 1.74E-01 1.53E-01 8.20E-04 5.42E-01 3.73E-02 4.58E-06 1.12E-02 4.61E-06 5.89E-03 1.51E-01 1.71E-01 1.246E+00
4.650E-05 1.76E-01 1.53E-01 8.42E-04 5.52E-01 3.81E-02 4.78E-06 1.13E-02 4.81E-06 6.09E-03 1.51E-01 1.70E-01 1.259E+00
4.600E-05 1.78E-01 1.54E-01 8.74E-04 5.63E-01 3.88E-02 5.00E-06 1.14E-02 5.03E-06 6.30E-03 1.51E-01 1.69E-01 1.272E+00
4.550E-05 1.79E-01 1.54E-01 9.12E-04 5.74E-01 3.96E-02 5.23E-06 1.16E-02 5.26E-06 6.52E-03 1.51E-01 1.69E-01 1.285E+00
4.500E-05 1.81E-01 1.54E-01 9.52E-04 5.84E-01 4.03E-02 5.47E-06 1.17E-02 5.50E-06 6.75E-03 1.51E-01 1.68E-01 1.298E+00
4.440E-05 1.83E-01 1.54E-01 1.00E-03 5.98E-01 4.13E-02 5.78E-06 1.18E-02 5.81E-06 7.05E-03 1.51E-01 1.68E-01 1.314E+00
4.350E-05 1.86E-01 1.54E-01 1.10E-03 6.18E-01 4.29E-02 6.29E-06 1.21E-02 6.32E-06 7.54E-03 1.51E-01 1.67E-01 1.339E+00
4.170E-05 1.93E-01 1.54E-01 1.33E-03 6.60E-01 4.65E-02 7.49E-06 1.25E-02 7.52E-06 8.70E-03 1.50E-01 1.65E-01 1.391E+00
4.000E-05 1.98E-01 1.54E-01 1.76E-03 7.01E-01 5.03E-02 8.89E-06 1.30E-02 8.93E-06 1.01E-02 1.50E-01 1.63E-01 1.442E+00
3.850E-05 2.03E-01 1.54E-01 2.34E-03 7.39E-01 5.39E-02 1.04E-05 1.35E-02 1.05E-05 1.17E-02 1.50E-01 1.62E-01 1.489E+00
3.656E-05 2.09E-01 1.54E-01 3.43E-03 7.88E-01 5.90E-02 1.30E-05 1.41E-02 1.30E-05 1.44E-02 1.49E-01 1.60E-01 1.551E+00
3.570E-05 2.11E-01 1.53E-01 4.01E-03 8.10E-01 6.14E-02 1.44E-05 1.44E-02 1.43E-05 1.59E-02 1.49E-01 1.60E-01 1.579E+00
3.330E-05 2.18E-01 1.53E-01 6.00E-03 8.69E-01 6.99E-02 1.97E-05 1.53E-02 1.92E-05 2.21E-02 1.48E-01 1.58E-01 1.659E+00
3.130E-05 2.22E-01 1.52E-01 7.96E-03 9.15E-01 8.03E-02 2.66E-05 1.61E-02 2.50E-05 3.09E-02 1.47E-01 1.57E-01 1.729E+00
3.000E-05 2.25E-01 1.52E-01 9.53E-03 9.43E-01 8.97E-02 3.29E-05 1.67E-02 3.00E-05 4.01E-02 1.46E-01 1.57E-01 1.779E+00
2.940E-05 2.26E-01 1.52E-01 1.03E-02 9.54E-01 9.44E-02 3.65E-05 1.69E-02 3.27E-05 4.59E-02 1.46E-01 1.56E-01 1.802E+00
2.780E-05 2.29E-01 1.51E-01 1.26E-02 9.81E-01 1.11E-01 5.01E-05 1.77E-02 4.18E-05 7.01E-02 1.45E-01 1.56E-01 1.873E+00
2.630E-05 2.31E-01 1.50E-01 1.50E-02 1.00E+00 1.35E-01 7.13E-05 1.84E-02 5.34E-05 1.16E-01 1.44E-01 1.56E-01 1.966E+00
2.500E-05 2.32E-01 1.50E-01 1.77E-02 1.01E+00 1.69E-01 1.04E-04 1.90E-02 6.71E-05 2.00E-01 1.43E-01 1.55E-01 2.099E+00
2.380E-05 2.33E-01 1.50E-01 2.11E-02 1.02E+00 2.32E-01 1.59E-04 1.90E-02 8.42E-05 3.42E-01 1.42E-01 1.55E-01 2.316E+00
2.270E-05 2.34E-01 1.50E-01 2.57E-02 1.03E+00 3.35E-01 2.32E-04 1.98E-02 1.06E-04 4.42E-01 1.41E-01 1.55E-01 2.529E+00
2.170E-05 2.34E-01 1.49E-01 3.20E-02 1.03E+00 4.54E-01 3.02E-04 2.23E-02 1.32E-04 3.51E-01 1.41E-01 1.55E-01 2.570E+00
2.080E-05 2.34E-01 1.49E-01 4.35E-02 1.04E+00 4.70E-01 2.80E-04 2.78E-02 1.64E-04 2.24E-01 1.40E-01 1.55E-01 2.487E+00
2.000E-05 2.33E-01 1.49E-01 1.53E-01 9.58E-01 4.08E-01 2.19E-04 3.54E-02 2.02E-04 1.46E-01 1.39E-01 1.55E-01 2.377E+00
1.920E-05 2.32E-01 1.50E-01 2.87E-01 8.45E-01 3.17E-01 1.51E-04 4.86E-02 2.50E-04 9.90E-02 1.38E-01 1.56E-01 2.272E+00
1.850E-05 2.33E-01 1.51E-01 3.67E-01 7.80E-01 2.48E-01 1.06E-04 6.51E-02 3.07E-04 7.34E-02 1.37E-01 1.56E-01 2.212E+00
1.790E-05 2.34E-01 1.53E-01 4.60E-01 6.93E-01 2.02E-01 8.14E-05 8.30E-02 3.67E-04 5.86E-02 1.36E-01 1.56E-01 2.176E+00
1.720E-05 2.34E-01 1.54E-01 5.26E-01 6.33E-01 1.62E-01 6.47E-05 1.15E-01 4.60E-04 4.69E-02 1.35E-01 1.57E-01 2.164E+00
1.670E-05 2.35E-01 1.55E-01 5.56E-01 6.07E-01 1.39E-01 5.89E-05 1.45E-01 5.44E-04 4.10E-02 1.34E-01 1.57E-01 2.170E+00
1.610E-05 2.36E-01 1.57E-01 5.83E-01 5.84E-01 1.17E-01 5.99E-05 1.98E-01 6.72E-04 3.61E-02 1.33E-01 1.58E-01 2.202E+00
1.560E-05 2.37E-01 1.58E-01 6.00E-01 5.70E-01 1.03E-01 6.76E-05 2.58E-01 8.04E-04 3.33E-02 1.32E-01 1.58E-01 2.250E+00
1.520E-05 2.37E-01 1.58E-01 6.11E-01 5.60E-01 9.31E-02 7.85E-05 3.23E-01 9.24E-04 3.19E-02 1.32E-01 1.59E-01 2.306E+00
1.470E-05 2.38E-01 1.59E-01 6.20E-01 5.50E-01 8.27E-02 9.92E-05 4.16E-01 1.09E-03 3.09E-02 1.31E-01 1.59E-01 2.387E+00
1.430E-05 2.38E-01 1.60E-01 6.25E-01 5.42E-01 7.76E-02 1.24E-04 4.96E-01 1.23E-03 3.09E-02 1.30E-01 1.59E-01 2.460E+00
1.390E-05 2.38E-01 1.60E-01 6.28E-01 5.35E-01 7.54E-02 1.58E-04 5.58E-01 1.36E-03 3.15E-02 1.30E-01 1.59E-01 2.516E+00
1.350E-05 2.38E-01 1.60E-01 6.30E-01 5.29E-01 7.53E-02 2.02E-04 6.16E-01 1.52E-03 3.29E-02 1.30E-01 1.59E-01 2.571E+00
1.320E-05 2.37E-01 1.60E-01 6.30E-01 5.24E-01 7.67E-02 2.45E-04 6.62E-01 1.66E-03 3.46E-02 1.29E-01 1.59E-01 2.615E+00
1.280E-05 2.37E-01 1.61E-01 6.30E-01 5.18E-01 8.17E-02 3.22E-04 7.28E-01 1.89E-03 3.77E-02 1.29E-01 1.58E-01 2.683E+00
1.250E-05 2.37E-01 1.61E-01 6.28E-01 5.17E-01 8.87E-02 3.97E-04 7.83E-01 2.10E-03 4.10E-02 1.28E-01 1.59E-01 2.745E+00
1.220E-05 2.36E-01 1.61E-01 6.27E-01 5.17E-01 9.90E-02 4.92E-04 8.43E-01 2.34E-03 4.53E-02 1.28E-01 1.59E-01 2.818E+00
1.190E-05 2.36E-01 1.62E-01 6.29E-01 5.22E-01 1.13E-01 6.10E-04 9.09E-01 2.62E-03 5.10E-02 1.28E-01 1.59E-01 2.910E+00
1.160E-05 2.35E-01 1.61E-01 6.30E-01 5.26E-01 1.28E-01 7.60E-04 9.84E-01 2.96E-03 5.84E-02 1.27E-01 1.59E-01 3.012E+00
1.140E-05 2.34E-01 1.61E-01 6.31E-01 5.26E-01 1.42E-01 8.94E-04 1.04E+00 3.21E-03 6.46E-02 1.27E-01 1.59E-01 3.087E+00
1.110E-05 2.33E-01 1.61E-01 6.32E-01 5.28E-01 1.62E-01 1.17E-03 1.13E+00 3.67E-03 7.66E-02 1.26E-01 1.59E-01 3.213E+00
1.080E-05 2.31E-01 1.61E-01 6.32E-01 5.29E-01 2.19E-01 1.56E-03 1.24E+00 4.23E-03 9.28E-02 1.26E-01 1.59E-01 3.397E+00
1.050E-05 2.29E-01 1.60E-01 6.32E-01 5.31E-01 2.91E-01 2.02E-03 1.38E+00 4.95E-03 1.15E-01 1.25E-01 1.59E-01 3.629E+00
1.030E-05 2.28E-01 1.60E-01 6.32E-01 5.32E-01 3.48E-01 2.31E-03 1.51E+00 5.51E-03 1.34E-01 1.25E-01 1.60E-01 3.832E+00
1.000E-05 2.26E-01 1.59E-01 6.31E-01 5.34E-01 4.27E-01 2.82E-03 1.69E+00 6.32E-03 1.69E-01 1.24E-01 1.60E-01 4.129E+00
9.750E-06 2.24E-01 1.59E-01 6.30E-01 5.35E-01 5.18E-01 3.50E-03 1.84E+00 7.04E-03 2.05E-01 1.24E-01 1.60E-01 4.403E+00
9.500E-06 2.22E-01 1.58E-01 6.29E-01 5.38E-01 6.23E-01 4.14E-03 2.00E+00 7.83E-03 2.41E-01 1.24E-01 1.60E-01 4.702E+00
9.250E-06 2.19E-01 1.57E-01 6.27E-01 5.39E-01 7.04E-01 4.63E-03 2.16E+00 8.60E-03 2.68E-01 1.23E-01 1.59E-01 4.968E+00
9.080E-06 2.18E-01 1.57E-01 6.23E-01 5.38E-01 7.53E-01 4.98E-03 2.25E+00 9.01E-03 2.75E-01 1.23E-01 1.59E-01 5.108E+00
