 # Polarisation optical depth (Siebenmorgen 2023, A&A 670A,115; SC 2023 doi: 10.48550/arXiv.2311.03310)
 # wel         sigp_aC     sigp_Si      sigp_dark    sigt
 #----------------------------------------------------------------------------------------
   1.000E+00   3.353E-04   2.295E-04   0.000E+00   4.867E-06
   9.000E-01   3.928E-04   2.710E-04   0.000E+00   5.678E-06
   8.000E-01   4.691E-04   3.264E-04   0.000E+00   6.751E-06
   7.000E-01   5.745E-04   4.033E-04   0.000E+00   8.214E-06
   6.000E-01   7.271E-04   5.153E-04   0.000E+00   1.032E-05
   5.500E-01   8.312E-04   5.920E-04   0.000E+00   1.175E-05
   5.000E-01   9.630E-04   6.895E-04   0.000E+00   1.354E-05
   4.500E-01   1.134E-03   8.162E-04   0.000E+00   1.585E-05
   4.000E-01   1.363E-03   9.861E-04   0.000E+00   1.892E-05
   3.500E-01   1.682E-03   1.223E-03   0.000E+00   2.317E-05
   3.000E-01   2.148E-03   1.568E-03   0.000E+00   2.927E-05
   2.500E-01   2.876E-03   2.108E-03   0.000E+00   3.871E-05
   2.098E-01   3.821E-03   2.802E-03   0.000E+00   5.076E-05
   1.500E-01   6.644E-03   4.849E-03   0.000E+00   8.586E-05
   1.382E-01   7.620E-03   5.544E-03   0.000E+00   9.781E-05
   1.320E-01   8.231E-03   5.978E-03   0.000E+00   1.052E-04
   1.150E-01   1.040E-02   7.503E-03   0.000E+00   1.313E-04
   1.000E-01   1.322E-02   9.435E-03   0.000E+00   1.646E-04
   9.970E-02   1.329E-02   9.483E-03   0.000E+00   1.654E-04
   8.670E-02   1.674E-02   1.196E-02   0.000E+00   2.063E-04
   8.500E-02   1.734E-02   1.236E-02   0.000E+00   2.133E-04
   7.500E-02   2.200E-02   1.521E-02   0.000E+00   2.664E-04
   6.000E-02   3.235E-02   2.200E-02   0.000E+00   3.806E-04
   5.500E-02   3.749E-02   2.469E-02   0.000E+00   4.386E-04
   5.000E-02   4.462E-02   3.069E-02   0.000E+00   5.222E-04
   4.500E-02   5.499E-02   4.078E-02   0.000E+00   6.429E-04
   4.000E-02   7.067E-02   5.470E-02   0.000E+00   8.145E-04
   3.500E-02   8.861E-02   8.349E-02   0.000E+00   1.030E-03
   3.000E-02   1.252E-01   1.304E-01   0.000E+00   1.440E-03
   2.750E-02   1.494E-01   1.641E-01   0.000E+00   1.705E-03
   2.500E-02   1.800E-01   2.087E-01   0.000E+00   2.062E-03
   2.400E-02   1.977E-01   2.308E-01   0.000E+00   2.232E-03
   2.000E-02   2.898E-01   3.558E-01   0.000E+00   3.206E-03
   1.800E-02   3.617E-01   4.376E-01   0.000E+00   3.952E-03
   1.600E-02   4.816E-01   5.380E-01   0.000E+00   4.997E-03
   1.500E-02   5.749E-01   5.992E-01   0.000E+00   5.688E-03
   1.400E-02   6.542E-01   6.673E-01   0.000E+00   6.368E-03
   1.200E-02   1.002E+00   8.347E-01   0.000E+00   8.635E-03
   1.000E-02   1.526E+00   1.074E+00   0.000E+00   1.197E-02
   9.000E-03   2.037E+00   1.206E+00   0.000E+00   1.467E-02
   8.000E-03   2.687E+00   1.389E+00   0.000E+00   1.777E-02
   7.500E-03   3.149E+00   1.531E+00   0.000E+00   2.023E-02
   7.000E-03   3.791E+00   1.707E+00   0.000E+00   2.308E-02
   6.000E-03   5.382E+00   2.160E+00   0.000E+00   3.071E-02
   5.000E-03   7.476E+00   2.996E+00   0.000E+00   4.273E-02
   4.500E-03   8.993E+00   3.577E+00   0.000E+00   5.209E-02
   4.000E-03   1.035E+01   4.228E+00   0.000E+00   6.403E-02
   3.500E-03   1.206E+01   4.893E+00   0.000E+00   8.091E-02
   3.000E-03   1.405E+01   5.398E+00   0.000E+00   1.055E-01
   2.750E-03   1.483E+01   5.528E+00   0.000E+00   1.211E-01
   2.500E-03   1.532E+01   5.587E+00   0.000E+00   1.395E-01
   2.400E-03   1.564E+01   5.593E+00   0.000E+00   1.479E-01
   2.350E-03   1.583E+01   5.600E+00   0.000E+00   1.524E-01
   2.320E-03   1.592E+01   5.605E+00   0.000E+00   1.551E-01
   2.310E-03   1.595E+01   5.609E+00   0.000E+00   1.560E-01
   2.300E-03   1.598E+01   5.607E+00   0.000E+00   1.569E-01
   2.250E-03   1.607E+01   5.624E+00   0.000E+00   1.617E-01
   2.200E-03   1.617E+01   5.635E+00   0.000E+00   1.665E-01
   2.150E-03   1.633E+01   5.632E+00   0.000E+00   1.714E-01
   2.120E-03   1.642E+01   5.605E+00   0.000E+00   1.744E-01
   2.110E-03   1.643E+01   5.597E+00   0.000E+00   1.754E-01
   2.100E-03   1.644E+01   5.584E+00   0.000E+00   1.763E-01
   2.080E-03   1.642E+01   5.546E+00   0.000E+00   1.780E-01
   2.000E-03   1.641E+01   5.376E+00   0.000E+00   1.853E-01
   1.950E-03   1.652E+01   5.187E+00   0.000E+00   1.889E-01
   1.900E-03   1.672E+01   4.935E+00   0.000E+00   1.916E-01
   1.850E-03   1.692E+01   4.615E+00   0.000E+00   1.926E-01
   1.830E-03   1.701E+01   4.469E+00   0.000E+00   1.926E-01
   1.820E-03   1.702E+01   4.391E+00   0.000E+00   1.924E-01
   1.810E-03   1.705E+01   4.310E+00   0.000E+00   1.922E-01
   1.800E-03   1.709E+01   4.231E+00   0.000E+00   1.920E-01
   1.750E-03   1.728E+01   3.778E+00   0.000E+00   1.902E-01
   1.700E-03   1.731E+01   3.295E+00   0.000E+00   1.868E-01
   1.670E-03   1.749E+01   3.004E+00   0.000E+00   1.851E-01
   1.650E-03   1.767E+01   2.813E+00   0.000E+00   1.840E-01
   1.640E-03   1.772E+01   2.720E+00   0.000E+00   1.833E-01
   1.630E-03   1.777E+01   2.627E+00   0.000E+00   1.827E-01
   1.610E-03   1.785E+01   2.448E+00   0.000E+00   1.815E-01
   1.600E-03   1.790E+01   2.361E+00   0.000E+00   1.810E-01
   1.590E-03   1.795E+01   2.279E+00   0.000E+00   1.804E-01
   1.580E-03   1.799E+01   2.201E+00   0.000E+00   1.800E-01
   1.570E-03   1.799E+01   2.127E+00   0.000E+00   1.795E-01
   1.560E-03   1.807E+01   2.063E+00   0.000E+00   1.793E-01
   1.540E-03   1.822E+01   1.959E+00   0.000E+00   1.792E-01
   1.520E-03   1.823E+01   1.894E+00   0.000E+00   1.791E-01
   1.510E-03   1.823E+01   1.878E+00   0.000E+00   1.792E-01
   1.500E-03   1.820E+01   1.871E+00   0.000E+00   1.795E-01
   1.450E-03   1.831E+01   1.936E+00   0.000E+00   1.841E-01
   1.440E-03   1.835E+01   1.961E+00   0.000E+00   1.856E-01
   1.430E-03   1.839E+01   1.981E+00   0.000E+00   1.877E-01
   1.420E-03   1.843E+01   2.001E+00   0.000E+00   1.898E-01
   1.400E-03   1.854E+01   2.046E+00   0.000E+00   1.950E-01
   1.380E-03   1.862E+01   2.089E+00   0.000E+00   2.011E-01
   1.370E-03   1.866E+01   2.113E+00   0.000E+00   2.045E-01
   1.360E-03   1.873E+01   2.137E+00   0.000E+00   2.080E-01
   1.350E-03   1.881E+01   2.167E+00   0.000E+00   2.116E-01
   1.340E-03   1.889E+01   2.196E+00   0.000E+00   2.151E-01
   1.330E-03   1.893E+01   2.233E+00   0.000E+00   2.185E-01
   1.320E-03   1.899E+01   2.271E+00   0.000E+00   2.219E-01
   1.310E-03   1.899E+01   2.315E+00   0.000E+00   2.252E-01
   1.290E-03   1.893E+01   2.422E+00   0.000E+00   2.317E-01
   1.280E-03   1.892E+01   2.478E+00   0.000E+00   2.351E-01
   1.270E-03   1.897E+01   2.525E+00   0.000E+00   2.385E-01
   1.260E-03   1.900E+01   2.596E+00   0.000E+00   2.418E-01
   1.250E-03   1.900E+01   2.688E+00   0.000E+00   2.448E-01
   1.220E-03   1.929E+01   3.237E+00   0.000E+00   2.552E-01
   1.210E-03   1.930E+01   3.596E+00   0.000E+00   2.590E-01
   1.200E-03   1.930E+01   4.017E+00   0.000E+00   2.629E-01
   1.190E-03   1.943E+01   4.455E+00   0.000E+00   2.672E-01
   1.180E-03   1.950E+01   4.866E+00   0.000E+00   2.709E-01
   1.170E-03   1.954E+01   5.219E+00   0.000E+00   2.745E-01
   1.160E-03   1.961E+01   5.506E+00   0.000E+00   2.779E-01
   1.150E-03   1.959E+01   5.730E+00   0.000E+00   2.811E-01
   1.140E-03   1.956E+01   5.909E+00   0.000E+00   2.841E-01
   1.130E-03   1.955E+01   6.050E+00   0.000E+00   2.873E-01
   1.120E-03   1.955E+01   6.172E+00   0.000E+00   2.900E-01
   1.110E-03   1.953E+01   6.283E+00   0.000E+00   2.925E-01
   1.090E-03   1.957E+01   6.475E+00   0.000E+00   2.975E-01
   1.050E-03   1.985E+01   6.662E+00   0.000E+00   3.077E-01
   1.000E-03   2.030E+01   6.491E+00   0.000E+00   3.087E-01
   9.800E-04   2.051E+01   6.200E+00   0.000E+00   3.085E-01
   9.600E-04   2.068E+01   5.751E+00   0.000E+00   3.059E-01
   9.500E-04   2.084E+01   5.482E+00   0.000E+00   3.029E-01
   9.400E-04   2.084E+01   5.201E+00   0.000E+00   2.979E-01
   9.200E-04   2.093E+01   4.647E+00   0.000E+00   2.830E-01
   8.900E-04   2.123E+01   3.821E+00   0.000E+00   2.560E-01
   8.700E-04   2.114E+01   3.365E+00   0.000E+00   2.405E-01
   8.600E-04   2.128E+01   3.164E+00   0.000E+00   2.350E-01
   8.500E-04   2.128E+01   2.955E+00   0.000E+00   2.295E-01
   8.400E-04   2.144E+01   2.734E+00   0.000E+00   2.240E-01
   8.200E-04   2.132E+01   2.281E+00   0.000E+00   2.099E-01
   8.000E-04   2.143E+01   1.905E+00   0.000E+00   1.980E-01
   7.900E-04   2.155E+01   1.770E+00   0.000E+00   1.967E-01
   7.800E-04   2.148E+01   1.660E+00   0.000E+00   1.953E-01
   7.700E-04   2.141E+01   1.566E+00   0.000E+00   1.957E-01
   7.600E-04   2.135E+01   1.483E+00   0.000E+00   1.977E-01
   7.500E-04   2.129E+01   1.408E+00   0.000E+00   2.004E-01
   7.300E-04   2.143E+01   1.294E+00   0.000E+00   2.097E-01
   7.200E-04   2.136E+01   1.263E+00   0.000E+00   2.140E-01
   7.100E-04   2.133E+01   1.247E+00   0.000E+00   2.189E-01
   7.000E-04   2.147E+01   1.227E+00   0.000E+00   2.241E-01
   6.900E-04   2.134E+01   1.190E+00   0.000E+00   2.282E-01
   6.800E-04   2.093E+01   1.139E+00   0.000E+00   2.314E-01
   6.600E-04   2.118E+01   1.047E+00   0.000E+00   2.419E-01
   6.400E-04   2.181E+01   9.270E-01   0.000E+00   2.527E-01
   6.300E-04   2.212E+01   8.768E-01   0.000E+00   2.576E-01
   6.200E-04   2.208E+01   8.730E-01   0.000E+00   2.619E-01
   6.100E-04   2.223E+01   8.746E-01   0.000E+00   2.667E-01
   5.900E-04   2.290E+01   7.325E-01   0.000E+00   2.767E-01
   5.500E-04   2.140E+01   5.750E-01   0.000E+00   2.911E-01
   5.300E-04   2.168E+01   5.292E-01   0.000E+00   3.021E-01
   5.200E-04   2.170E+01   5.061E-01   0.000E+00   3.074E-01
   5.100E-04   2.193E+01   4.825E-01   0.000E+00   3.131E-01
   5.000E-04   2.216E+01   4.603E-01   0.000E+00   3.185E-01
   4.800E-04   2.239E+01   4.273E-01   0.000E+00   3.292E-01
   4.500E-04   2.298E+01   3.926E-01   0.000E+00   3.448E-01
   4.000E-04   2.391E+01   3.698E-01   0.000E+00   3.704E-01
   3.800E-04   2.453E+01   3.770E-01   0.000E+00   3.803E-01
   3.600E-04   2.527E+01   3.974E-01   0.000E+00   3.897E-01
   3.400E-04   2.649E+01   4.363E-01   0.000E+00   3.992E-01
   3.300E-04   2.645E+01   4.642E-01   0.000E+00   4.030E-01
   3.200E-04   2.680E+01   4.985E-01   0.000E+00   4.071E-01
   3.150E-04   2.718E+01   5.195E-01   0.000E+00   4.094E-01
   3.100E-04   2.753E+01   5.425E-01   0.000E+00   4.117E-01
   3.080E-04   2.764E+01   5.524E-01   0.000E+00   4.125E-01
   3.050E-04   2.780E+01   5.679E-01   0.000E+00   4.138E-01
   3.000E-04   2.810E+01   5.967E-01   0.000E+00   4.160E-01
   2.900E-04   2.889E+01   6.637E-01   0.000E+00   4.205E-01
   2.800E-04   2.938E+01   7.467E-01   0.000E+00   4.247E-01
   2.600E-04   3.120E+01   9.768E-01   0.000E+00   4.346E-01
   2.500E-04   3.252E+01   1.136E+00   0.000E+00   4.404E-01
   2.200E-04   3.825E+01   1.910E+00   0.000E+00   4.624E-01
   2.159E-04   3.909E+01   2.066E+00   0.000E+00   4.657E-01
   2.000E-04   4.385E+01   2.860E+00   0.000E+00   4.811E-01
   1.662E-04   5.895E+01   6.331E+00   0.000E+00   5.224E-01
   1.650E-04   5.967E+01   6.530E+00   0.000E+00   5.242E-01
   1.250E-04   9.593E+01   1.983E+01   0.000E+00   6.232E-01
   1.235E-04   9.770E+01   2.070E+01   0.000E+00   6.291E-01
   1.130E-04   1.104E+02   2.784E+01   0.000E+00   6.769E-01
   1.000E-04   1.265E+02   3.943E+01   0.000E+00   7.607E-01
   9.500E-05   1.318E+02   4.479E+01   0.000E+00   8.022E-01
   9.300E-05   1.337E+02   4.710E+01   0.000E+00   8.204E-01
   9.200E-05   1.346E+02   4.830E+01   0.000E+00   8.298E-01
   9.100E-05   1.355E+02   4.952E+01   0.000E+00   8.395E-01
   9.000E-05   1.363E+02   5.077E+01   0.000E+00   8.495E-01
   8.900E-05   1.372E+02   5.205E+01   0.000E+00   8.597E-01
   8.800E-05   1.380E+02   5.336E+01   0.000E+00   8.702E-01
   8.700E-05   1.388E+02   5.470E+01   0.000E+00   8.811E-01
   8.600E-05   1.396E+02   5.607E+01   0.000E+00   8.922E-01
   8.500E-05   1.404E+02   5.747E+01   0.000E+00   9.038E-01
   8.400E-05   1.413E+02   5.891E+01   0.000E+00   9.157E-01
   8.330E-05   1.418E+02   5.993E+01   0.000E+00   9.244E-01
   8.200E-05   1.429E+02   6.188E+01   0.000E+00   9.410E-01
   8.100E-05   1.437E+02   6.341E+01   0.000E+00   9.542E-01
   8.000E-05   1.444E+02   6.498E+01   0.000E+00   9.680E-01
   7.900E-05   1.451E+02   6.658E+01   0.000E+00   9.823E-01
   7.800E-05   1.457E+02   6.822E+01   0.000E+00   9.970E-01
   7.700E-05   1.463E+02   6.988E+01   0.000E+00   1.012E+00
   7.600E-05   1.467E+02   7.158E+01   0.000E+00   1.028E+00
   7.500E-05   1.470E+02   7.332E+01   0.000E+00   1.044E+00
   7.400E-05   1.471E+02   7.509E+01   0.000E+00   1.060E+00
   7.300E-05   1.471E+02   7.689E+01   0.000E+00   1.077E+00
   7.140E-05   1.469E+02   7.987E+01   0.000E+00   1.105E+00
   7.100E-05   1.468E+02   8.062E+01   0.000E+00   1.112E+00
   7.000E-05   1.464E+02   8.253E+01   0.000E+00   1.131E+00
   6.900E-05   1.459E+02   8.447E+01   0.000E+00   1.149E+00
   6.800E-05   1.453E+02   8.643E+01   0.000E+00   1.169E+00
   6.700E-05   1.445E+02   8.840E+01   0.000E+00   1.189E+00
   6.600E-05   1.437E+02   9.035E+01   0.000E+00   1.209E+00
   6.500E-05   1.427E+02   9.230E+01   0.000E+00   1.230E+00
   6.400E-05   1.416E+02   9.420E+01   0.000E+00   1.251E+00
   6.300E-05   1.404E+02   9.605E+01   0.000E+00   1.273E+00
   6.250E-05   1.397E+02   9.697E+01   0.000E+00   1.285E+00
   6.200E-05   1.390E+02   9.787E+01   0.000E+00   1.296E+00
   6.100E-05   1.375E+02   9.965E+01   0.000E+00   1.319E+00
   6.000E-05   1.358E+02   1.014E+02   0.000E+00   1.343E+00
   5.900E-05   1.339E+02   1.032E+02   0.000E+00   1.367E+00
   5.800E-05   1.317E+02   1.050E+02   0.000E+00   1.392E+00
   5.700E-05   1.294E+02   1.068E+02   0.000E+00   1.418E+00
   5.600E-05   1.268E+02   1.087E+02   0.000E+00   1.443E+00
   5.500E-05   1.240E+02   1.107E+02   0.000E+00   1.470E+00
   5.477E-05   1.233E+02   1.112E+02   0.000E+00   1.477E+00
   5.400E-05   1.210E+02   1.127E+02   0.000E+00   1.498E+00
   5.300E-05   1.178E+02   1.148E+02   0.000E+00   1.526E+00
   5.200E-05   1.144E+02   1.168E+02   0.000E+00   1.554E+00
   5.100E-05   1.108E+02   1.187E+02   0.000E+00   1.583E+00
   5.000E-05   1.072E+02   1.207E+02   0.000E+00   1.612E+00
   4.900E-05   1.035E+02   1.226E+02   0.000E+00   1.642E+00
   4.880E-05   1.027E+02   1.230E+02   0.000E+00   1.648E+00
   4.800E-05   9.966E+01   1.246E+02   0.000E+00   1.673E+00
   4.760E-05   9.811E+01   1.254E+02   0.000E+00   1.685E+00
   4.700E-05   9.576E+01   1.266E+02   0.000E+00   1.704E+00
   4.650E-05   9.378E+01   1.276E+02   0.000E+00   1.720E+00
   4.600E-05   9.179E+01   1.285E+02   0.000E+00   1.736E+00
   4.550E-05   8.976E+01   1.293E+02   0.000E+00   1.752E+00
   4.500E-05   8.772E+01   1.300E+02   0.000E+00   1.768E+00
   4.440E-05   8.524E+01   1.307E+02   0.000E+00   1.787E+00
   4.350E-05   8.147E+01   1.316E+02   0.000E+00   1.817E+00
   4.170E-05   7.379E+01   1.329E+02   0.000E+00   1.880E+00
   4.000E-05   6.640E+01   1.346E+02   0.000E+00   1.940E+00
   3.850E-05   5.984E+01   1.357E+02   0.000E+00   1.995E+00
   3.656E-05   5.143E+01   1.358E+02   0.000E+00   2.068E+00
   3.570E-05   4.775E+01   1.357E+02   0.000E+00   2.101E+00
   3.330E-05   3.782E+01   1.326E+02   0.000E+00   2.193E+00
   3.130E-05   3.000E+01   1.294E+02   0.000E+00   2.275E+00
   3.000E-05   2.518E+01   1.262E+02   0.000E+00   2.331E+00
   2.940E-05   2.304E+01   1.238E+02   0.000E+00   2.357E+00
   2.780E-05   1.734E+01   1.174E+02   0.000E+00   2.436E+00
   2.630E-05   1.265E+01   1.100E+02   0.000E+00   2.539E+00
   2.500E-05   9.334E+00   1.030E+02   0.000E+00   2.685E+00
   2.380E-05   6.924E+00   9.683E+01   0.000E+00   2.924E+00
   2.270E-05   5.338E+00   8.767E+01   0.000E+00   3.157E+00
   2.170E-05   4.556E+00   8.039E+01   0.000E+00   3.201E+00
   2.080E-05   4.186E+00   7.714E+01   0.000E+00   3.110E+00
   2.000E-05   4.085E+00   6.761E+01   0.000E+00   2.989E+00
   1.920E-05   4.011E+00   5.713E+01   0.000E+00   2.875E+00
   1.850E-05   4.053E+00   5.006E+01   0.000E+00   2.810E+00
   1.790E-05   4.350E+00   4.425E+01   0.000E+00   2.773E+00
   1.720E-05   4.825E+00   3.953E+01   0.000E+00   2.761E+00
   1.670E-05   5.319E+00   3.590E+01   0.000E+00   2.770E+00
   1.610E-05   6.255E+00   3.105E+01   0.000E+00   2.807E+00
   1.560E-05   7.142E+00   2.644E+01   0.000E+00   2.861E+00
   1.520E-05   7.892E+00   2.208E+01   0.000E+00   2.923E+00
   1.470E-05   8.911E+00   1.624E+01   0.000E+00   3.013E+00
   1.430E-05   9.777E+00   1.144E+01   0.000E+00   3.094E+00
   1.390E-05   1.060E+01   8.376E+00   0.000E+00   3.156E+00
   1.350E-05   1.127E+01   6.401E+00   0.000E+00   3.215E+00
   1.320E-05   1.171E+01   5.659E+00   0.000E+00   3.263E+00
   1.280E-05   1.228E+01   5.390E+00   0.000E+00   3.338E+00
   1.250E-05   1.276E+01   5.197E+00   0.000E+00   3.405E+00
   1.220E-05   1.326E+01   5.092E+00   0.000E+00   3.485E+00
   1.190E-05   1.376E+01   5.353E+00   0.000E+00   3.585E+00
   1.160E-05   1.420E+01   5.891E+00   0.000E+00   3.696E+00
   1.140E-05   1.445E+01   6.655E+00   0.000E+00   3.778E+00
   1.110E-05   1.477E+01   8.229E+00   0.000E+00   3.914E+00
   1.080E-05   1.501E+01   1.027E+01   0.000E+00   4.113E+00
   1.050E-05   1.517E+01   1.225E+01   0.000E+00   4.365E+00
   1.030E-05   1.523E+01   1.360E+01   0.000E+00   4.586E+00
   1.000E-05   1.524E+01   1.555E+01   0.000E+00   4.909E+00
   9.750E-06   1.519E+01   1.723E+01   0.000E+00   5.206E+00
   9.500E-06   1.508E+01   1.884E+01   0.000E+00   5.531E+00
   9.250E-06   1.492E+01   2.039E+01   0.000E+00   5.819E+00
   9.080E-06   1.477E+01   1.949E+01   0.000E+00   5.971E+00
