 # Optical depth (Siebenmorgen 2023, A&A 670A,115; SC 2023 doi: 10.48550/arXiv.2311.03310)
 # wel(cm) sa_aC    ss_aC    sa_Si    ss_Si    sa_vgr   ss_vgr   sa_vsi   ss_vsi   s_pahS+B sa_Dark  ss_Dark sigt 
 # ------------------------------------------------------------------------------------------------------------- 
1.000E+00 3.45E-07 1.86E-16 3.20E-07 5.62E-17 4.50E-09 3.76E-23 6.45E-08 9.64E-23 6.73E-12 4.36E-06 9.23E-13 5.097E-06
9.000E-01 4.04E-07 2.83E-16 3.78E-07 8.57E-17 5.74E-09 5.74E-23 7.67E-08 1.47E-22 8.31E-12 5.08E-06 1.41E-12 5.946E-06
8.000E-01 4.83E-07 4.53E-16 4.55E-07 1.37E-16 7.49E-09 9.19E-23 9.34E-08 2.35E-22 1.05E-11 6.03E-06 2.25E-12 7.069E-06
7.000E-01 5.91E-07 7.73E-16 5.62E-07 2.34E-16 1.00E-08 1.57E-22 1.15E-07 4.01E-22 1.37E-11 7.32E-06 3.83E-12 8.601E-06
6.000E-01 7.48E-07 1.43E-15 7.18E-07 4.34E-16 1.39E-08 2.90E-22 1.48E-07 7.43E-22 1.87E-11 9.18E-06 7.09E-12 1.081E-05
5.500E-01 8.56E-07 2.03E-15 8.25E-07 6.14E-16 1.67E-08 4.11E-22 1.70E-07 1.05E-21 2.22E-11 1.04E-05 1.00E-11 1.230E-05
5.000E-01 9.91E-07 2.97E-15 9.61E-07 9.00E-16 2.02E-08 6.02E-22 1.97E-07 1.54E-21 2.69E-11 1.20E-05 1.47E-11 1.417E-05
4.500E-01 1.17E-06 4.52E-15 1.14E-06 1.37E-15 2.49E-08 9.18E-22 2.35E-07 2.35E-21 3.32E-11 1.40E-05 2.23E-11 1.660E-05
4.000E-01 1.40E-06 7.24E-15 1.37E-06 2.20E-15 3.12E-08 1.47E-21 2.83E-07 3.76E-21 4.21E-11 1.67E-05 3.57E-11 1.981E-05
3.500E-01 1.73E-06 1.23E-14 1.70E-06 3.75E-15 4.00E-08 2.51E-21 3.54E-07 6.41E-21 5.49E-11 2.04E-05 6.09E-11 2.426E-05
3.000E-01 2.21E-06 2.28E-14 2.19E-06 6.94E-15 5.26E-08 4.65E-21 4.49E-07 1.19E-20 7.48E-11 2.57E-05 1.13E-10 3.065E-05
2.500E-01 2.96E-06 4.73E-14 2.94E-06 1.44E-14 7.18E-08 9.64E-21 6.04E-07 2.46E-20 1.08E-10 3.40E-05 2.33E-10 4.054E-05
2.098E-01 3.94E-06 9.54E-14 3.91E-06 2.90E-14 9.55E-08 1.94E-20 8.03E-07 4.96E-20 1.53E-10 4.44E-05 4.69E-10 5.317E-05
1.500E-01 6.85E-06 3.65E-13 6.76E-06 1.11E-13 1.82E-07 7.43E-20 1.37E-06 1.89E-19 2.99E-10 7.48E-05 1.79E-09 8.996E-05
1.382E-01 7.86E-06 5.06E-13 7.73E-06 1.54E-13 2.15E-07 1.03E-19 1.58E-06 2.63E-19 3.52E-10 8.51E-05 2.48E-09 1.025E-04
1.320E-01 8.49E-06 6.08E-13 8.33E-06 1.85E-13 2.35E-07 1.24E-19 1.70E-06 3.16E-19 3.86E-10 9.15E-05 2.97E-09 1.103E-04
1.150E-01 1.07E-05 1.05E-12 1.05E-05 3.21E-13 3.08E-07 2.15E-19 2.12E-06 5.48E-19 5.09E-10 1.14E-04 5.15E-09 1.376E-04
1.000E-01 1.36E-05 1.84E-12 1.32E-05 5.62E-13 4.05E-07 3.76E-19 2.65E-06 9.57E-19 6.73E-10 1.43E-04 8.99E-09 1.725E-04
9.970E-02 1.37E-05 1.87E-12 1.32E-05 5.69E-13 4.08E-07 3.81E-19 2.66E-06 9.69E-19 6.77E-10 1.43E-04 9.09E-09 1.734E-04
8.670E-02 1.73E-05 3.26E-12 1.67E-05 9.95E-13 5.39E-07 6.66E-19 3.34E-06 1.69E-18 8.96E-10 1.78E-04 1.59E-08 2.162E-04
8.500E-02 1.79E-05 3.53E-12 1.72E-05 1.08E-12 5.60E-07 7.21E-19 3.44E-06 1.83E-18 9.32E-10 1.85E-04 1.72E-08 2.237E-04
7.500E-02 2.27E-05 5.83E-12 2.12E-05 1.78E-12 7.12E-07 1.19E-18 4.20E-06 3.02E-18 1.20E-09 2.31E-04 2.83E-08 2.794E-04
6.000E-02 3.34E-05 1.42E-11 3.06E-05 4.37E-12 1.09E-06 2.90E-18 6.10E-06 7.38E-18 1.87E-09 3.28E-04 6.88E-08 3.994E-04
5.500E-02 3.87E-05 2.02E-11 3.43E-05 6.21E-12 1.29E-06 4.11E-18 7.12E-06 1.05E-17 2.23E-09 3.79E-04 9.73E-08 4.604E-04
5.000E-02 4.60E-05 2.95E-11 4.24E-05 9.16E-12 1.54E-06 6.02E-18 8.47E-06 1.53E-17 2.69E-09 4.49E-04 1.42E-07 5.480E-04
4.500E-02 5.67E-05 4.51E-11 5.62E-05 1.41E-11 1.88E-06 9.17E-18 1.04E-05 2.34E-17 3.33E-09 5.49E-04 2.17E-07 6.743E-04
4.000E-02 7.29E-05 7.23E-11 7.51E-05 2.27E-11 2.34E-06 1.47E-17 1.31E-05 3.75E-17 4.21E-09 6.90E-04 3.47E-07 8.541E-04
3.500E-02 9.14E-05 1.23E-10 1.14E-04 3.91E-11 3.00E-06 2.51E-17 1.73E-05 6.40E-17 5.50E-09 8.52E-04 5.90E-07 1.079E-03
3.000E-02 1.29E-04 2.29E-10 1.78E-04 7.28E-11 4.00E-06 4.64E-17 2.43E-05 1.19E-16 7.49E-09 1.17E-03 1.09E-06 1.506E-03
2.750E-02 1.54E-04 3.25E-10 2.24E-04 1.03E-10 4.71E-06 6.58E-17 2.97E-05 1.68E-16 8.92E-09 1.37E-03 1.54E-06 1.782E-03
2.500E-02 1.85E-04 4.78E-10 2.85E-04 1.51E-10 5.63E-06 9.63E-17 3.72E-05 2.47E-16 1.08E-08 1.64E-03 2.25E-06 2.153E-03
2.400E-02 2.03E-04 5.62E-10 3.16E-04 1.78E-10 6.09E-06 1.13E-16 4.06E-05 2.90E-16 1.17E-08 1.76E-03 2.65E-06 2.331E-03
2.000E-02 2.97E-04 1.17E-09 4.92E-04 3.62E-10 8.61E-06 2.35E-16 5.88E-05 6.02E-16 1.69E-08 2.48E-03 5.47E-06 3.346E-03
1.800E-02 3.70E-04 1.80E-09 6.10E-04 5.44E-10 1.06E-05 3.59E-16 7.31E-05 9.18E-16 2.09E-08 3.05E-03 8.33E-06 4.124E-03
1.600E-02 4.92E-04 2.91E-09 7.59E-04 8.53E-10 1.34E-05 5.77E-16 9.33E-05 1.47E-15 2.64E-08 3.85E-03 1.33E-05 5.222E-03
1.500E-02 5.87E-04 3.78E-09 8.51E-04 1.09E-09 1.53E-05 7.47E-16 1.06E-04 1.90E-15 3.01E-08 4.38E-03 1.71E-05 5.951E-03
1.400E-02 6.67E-04 4.99E-09 9.55E-04 1.42E-09 1.76E-05 9.86E-16 1.22E-04 2.51E-15 3.46E-08 4.88E-03 2.25E-05 6.665E-03
1.200E-02 1.02E-03 9.36E-09 1.22E-03 2.54E-09 2.45E-05 1.84E-15 1.68E-04 4.66E-15 4.72E-08 6.60E-03 4.10E-05 9.071E-03
1.000E-02 1.55E-03 1.96E-08 1.61E-03 5.03E-09 3.71E-05 3.83E-15 2.45E-04 9.67E-15 6.83E-08 9.10E-03 8.42E-05 1.262E-02
9.000E-03 2.06E-03 3.03E-08 1.83E-03 7.47E-09 4.77E-05 5.88E-15 3.05E-04 1.48E-14 8.47E-08 1.11E-02 1.27E-04 1.551E-02
8.000E-03 2.73E-03 4.77E-08 2.13E-03 1.18E-08 6.37E-05 9.48E-15 3.91E-04 2.37E-14 1.08E-07 1.33E-02 2.00E-04 1.885E-02
7.500E-03 3.19E-03 6.25E-08 2.35E-03 1.52E-08 7.52E-05 1.23E-14 4.49E-04 3.06E-14 1.23E-07 1.51E-02 2.59E-04 2.148E-02
7.000E-03 3.86E-03 8.18E-08 2.64E-03 1.99E-08 9.03E-05 1.64E-14 5.20E-04 4.04E-14 1.42E-07 1.71E-02 3.37E-04 2.456E-02
6.000E-03 5.54E-03 1.49E-07 3.39E-03 3.64E-08 1.39E-04 3.08E-14 7.24E-04 7.48E-14 1.96E-07 2.24E-02 6.12E-04 3.279E-02
5.000E-03 7.90E-03 2.91E-07 4.81E-03 7.40E-08 2.44E-04 6.54E-14 1.07E-03 1.54E-13 2.88E-07 3.04E-02 1.24E-03 4.564E-02
4.500E-03 9.73E-03 4.22E-07 5.88E-03 1.10E-07 3.45E-04 1.01E-13 1.33E-03 2.34E-13 3.63E-07 3.65E-02 1.85E-03 5.566E-02
4.000E-03 1.16E-02 6.27E-07 7.34E-03 1.65E-07 5.05E-04 1.61E-13 1.70E-03 3.71E-13 4.73E-07 4.43E-02 2.88E-03 6.830E-02
3.500E-03 1.40E-02 9.92E-07 9.05E-03 2.61E-07 7.01E-04 2.57E-13 2.22E-03 6.24E-13 6.49E-07 5.54E-02 4.76E-03 8.616E-02
3.000E-03 1.73E-02 1.64E-06 1.11E-02 4.19E-07 7.40E-04 4.02E-13 3.03E-03 1.14E-12 9.83E-07 7.18E-02 8.26E-03 1.122E-01
2.750E-03 1.89E-02 2.15E-06 1.22E-02 5.41E-07 6.38E-04 5.18E-13 3.64E-03 1.59E-12 1.32E-06 8.22E-02 1.10E-02 1.286E-01
2.500E-03 2.04E-02 2.87E-06 1.34E-02 7.08E-07 5.03E-04 7.12E-13 4.48E-03 2.29E-12 2.17E-06 9.44E-02 1.47E-02 1.479E-01
2.400E-03 2.12E-02 3.27E-06 1.38E-02 7.95E-07 4.51E-04 8.27E-13 4.88E-03 2.66E-12 3.02E-06 9.98E-02 1.65E-02 1.567E-01
2.350E-03 2.16E-02 3.50E-06 1.41E-02 8.43E-07 4.26E-04 8.95E-13 5.10E-03 2.87E-12 3.56E-06 1.03E-01 1.75E-02 1.615E-01
2.320E-03 2.19E-02 3.64E-06 1.43E-02 8.75E-07 4.12E-04 9.40E-13 5.24E-03 3.01E-12 3.83E-06 1.04E-01 1.81E-02 1.643E-01
2.310E-03 2.20E-02 3.69E-06 1.43E-02 8.86E-07 4.08E-04 9.56E-13 5.29E-03 3.05E-12 3.90E-06 1.05E-01 1.83E-02 1.652E-01
2.300E-03 2.21E-02 3.74E-06 1.44E-02 8.96E-07 4.03E-04 9.72E-13 5.33E-03 3.10E-12 3.95E-06 1.06E-01 1.85E-02 1.662E-01
2.250E-03 2.24E-02 3.99E-06 1.47E-02 9.55E-07 3.81E-04 1.06E-12 5.61E-03 3.37E-12 4.12E-06 1.09E-01 1.95E-02 1.712E-01
2.200E-03 2.28E-02 4.28E-06 1.50E-02 1.02E-06 3.61E-04 1.16E-12 5.92E-03 3.65E-12 4.32E-06 1.12E-01 2.05E-02 1.763E-01
2.150E-03 2.32E-02 4.60E-06 1.55E-02 1.08E-06 3.42E-04 1.27E-12 6.21E-03 3.94E-12 4.72E-06 1.15E-01 2.15E-02 1.813E-01
2.120E-03 2.35E-02 4.80E-06 1.57E-02 1.12E-06 3.31E-04 1.34E-12 6.41E-03 4.13E-12 4.92E-06 1.16E-01 2.21E-02 1.845E-01
2.110E-03 2.36E-02 4.86E-06 1.57E-02 1.13E-06 3.28E-04 1.37E-12 6.48E-03 4.20E-12 4.95E-06 1.17E-01 2.23E-02 1.855E-01
2.100E-03 2.37E-02 4.93E-06 1.58E-02 1.14E-06 3.25E-04 1.39E-12 6.55E-03 4.27E-12 4.96E-06 1.18E-01 2.25E-02 1.865E-01
2.080E-03 2.38E-02 5.06E-06 1.59E-02 1.16E-06 3.18E-04 1.45E-12 6.69E-03 4.40E-12 4.92E-06 1.19E-01 2.29E-02 1.882E-01
2.000E-03 2.42E-02 5.71E-06 1.65E-02 1.26E-06 2.95E-04 1.69E-12 7.34E-03 5.00E-12 4.70E-06 1.23E-01 2.45E-02 1.957E-01
1.950E-03 2.45E-02 6.19E-06 1.67E-02 1.31E-06 2.83E-04 1.88E-12 7.76E-03 5.30E-12 5.06E-06 1.25E-01 2.51E-02 1.995E-01
1.900E-03 2.50E-02 6.76E-06 1.68E-02 1.34E-06 2.71E-04 2.09E-12 8.09E-03 5.54E-12 6.10E-06 1.27E-01 2.56E-02 2.024E-01
1.850E-03 2.55E-02 7.39E-06 1.67E-02 1.36E-06 2.61E-04 2.33E-12 8.27E-03 5.69E-12 7.83E-06 1.27E-01 2.60E-02 2.036E-01
1.830E-03 2.58E-02 7.65E-06 1.66E-02 1.36E-06 2.57E-04 2.43E-12 8.30E-03 5.72E-12 8.44E-06 1.27E-01 2.60E-02 2.037E-01
1.820E-03 2.59E-02 7.78E-06 1.65E-02 1.35E-06 2.56E-04 2.49E-12 8.30E-03 5.73E-12 8.65E-06 1.26E-01 2.60E-02 2.035E-01
1.810E-03 2.60E-02 7.92E-06 1.64E-02 1.35E-06 2.54E-04 2.54E-12 8.28E-03 5.75E-12 8.78E-06 1.26E-01 2.61E-02 2.033E-01
1.800E-03 2.61E-02 8.06E-06 1.63E-02 1.35E-06 2.52E-04 2.60E-12 8.26E-03 5.76E-12 8.84E-06 1.26E-01 2.62E-02 2.031E-01
1.750E-03 2.67E-02 8.82E-06 1.56E-02 1.32E-06 2.45E-04 2.92E-12 8.05E-03 5.79E-12 9.05E-06 1.24E-01 2.65E-02 2.014E-01
1.700E-03 2.70E-02 9.66E-06 1.45E-02 1.26E-06 2.39E-04 3.29E-12 7.66E-03 5.83E-12 1.10E-05 1.22E-01 2.72E-02 1.982E-01
1.670E-03 2.74E-02 1.03E-05 1.36E-02 1.23E-06 2.36E-04 3.53E-12 7.37E-03 5.90E-12 1.30E-05 1.20E-01 2.78E-02 1.966E-01
1.650E-03 2.78E-02 1.07E-05 1.29E-02 1.21E-06 2.35E-04 3.71E-12 7.14E-03 5.97E-12 1.37E-05 1.19E-01 2.83E-02 1.957E-01
1.640E-03 2.79E-02 1.10E-05 1.25E-02 1.20E-06 2.34E-04 3.80E-12 7.03E-03 6.00E-12 1.37E-05 1.19E-01 2.85E-02 1.951E-01
1.630E-03 2.81E-02 1.12E-05 1.21E-02 1.19E-06 2.33E-04 3.90E-12 6.91E-03 6.05E-12 1.34E-05 1.18E-01 2.88E-02 1.945E-01
1.610E-03 2.84E-02 1.16E-05 1.12E-02 1.19E-06 2.32E-04 4.10E-12 6.68E-03 6.20E-12 1.25E-05 1.17E-01 2.95E-02 1.934E-01
1.600E-03 2.85E-02 1.19E-05 1.08E-02 1.19E-06 2.32E-04 4.21E-12 6.56E-03 6.29E-12 1.21E-05 1.17E-01 2.99E-02 1.929E-01
1.590E-03 2.87E-02 1.21E-05 1.04E-02 1.20E-06 2.31E-04 4.32E-12 6.44E-03 6.37E-12 1.19E-05 1.16E-01 3.03E-02 1.925E-01
1.580E-03 2.88E-02 1.23E-05 9.91E-03 1.22E-06 2.31E-04 4.43E-12 6.32E-03 6.49E-12 1.17E-05 1.16E-01 3.07E-02 1.921E-01
1.570E-03 2.89E-02 1.26E-05 9.47E-03 1.24E-06 2.30E-04 4.54E-12 6.21E-03 6.61E-12 1.15E-05 1.16E-01 3.12E-02 1.917E-01
1.560E-03 2.91E-02 1.29E-05 9.05E-03 1.27E-06 2.30E-04 4.66E-12 6.09E-03 6.74E-12 1.12E-05 1.15E-01 3.17E-02 1.915E-01
1.540E-03 2.95E-02 1.34E-05 8.30E-03 1.37E-06 2.30E-04 4.92E-12 5.87E-03 7.06E-12 1.10E-05 1.15E-01 3.28E-02 1.916E-01
1.520E-03 2.97E-02 1.39E-05 7.72E-03 1.50E-06 2.30E-04 5.19E-12 5.65E-03 7.45E-12 1.16E-05 1.14E-01 3.40E-02 1.917E-01
1.510E-03 2.99E-02 1.42E-05 7.50E-03 1.58E-06 2.29E-04 5.33E-12 5.55E-03 7.67E-12 1.20E-05 1.14E-01 3.46E-02 1.919E-01
1.500E-03 2.99E-02 1.44E-05 7.33E-03 1.66E-06 2.30E-04 5.47E-12 5.45E-03 7.91E-12 1.20E-05 1.14E-01 3.54E-02 1.922E-01
1.450E-03 3.04E-02 1.62E-05 6.99E-03 2.16E-06 2.31E-04 6.28E-12 5.02E-03 9.57E-12 1.53E-05 1.14E-01 4.03E-02 1.972E-01
1.440E-03 3.06E-02 1.65E-05 6.99E-03 2.27E-06 2.31E-04 6.46E-12 4.95E-03 9.99E-12 1.69E-05 1.15E-01 4.14E-02 1.987E-01
1.430E-03 3.07E-02 1.69E-05 6.98E-03 2.37E-06 2.32E-04 6.65E-12 4.93E-03 1.05E-11 1.83E-05 1.15E-01 4.27E-02 2.009E-01
1.420E-03 3.08E-02 1.73E-05 6.97E-03 2.49E-06 2.32E-04 6.84E-12 4.91E-03 1.11E-11 1.90E-05 1.16E-01 4.40E-02 2.032E-01
1.400E-03 3.12E-02 1.81E-05 6.98E-03 2.73E-06 2.34E-04 7.25E-12 4.95E-03 1.23E-11 2.07E-05 1.18E-01 4.69E-02 2.087E-01
1.380E-03 3.15E-02 1.90E-05 6.98E-03 2.99E-06 2.35E-04 7.68E-12 5.09E-03 1.38E-11 2.62E-05 1.21E-01 4.98E-02 2.150E-01
1.370E-03 3.16E-02 1.94E-05 6.99E-03 3.13E-06 2.36E-04 7.91E-12 5.22E-03 1.45E-11 3.11E-05 1.23E-01 5.11E-02 2.185E-01
1.360E-03 3.18E-02 1.99E-05 7.00E-03 3.27E-06 2.37E-04 8.15E-12 5.38E-03 1.54E-11 3.60E-05 1.25E-01 5.25E-02 2.223E-01
1.350E-03 3.20E-02 2.04E-05 7.03E-03 3.43E-06 2.38E-04 8.40E-12 5.54E-03 1.62E-11 3.85E-05 1.27E-01 5.38E-02 2.260E-01
1.340E-03 3.23E-02 2.09E-05 7.05E-03 3.60E-06 2.39E-04 8.66E-12 5.73E-03 1.71E-11 4.18E-05 1.29E-01 5.50E-02 2.297E-01
1.330E-03 3.24E-02 2.14E-05 7.09E-03 3.78E-06 2.41E-04 8.92E-12 5.93E-03 1.79E-11 4.84E-05 1.31E-01 5.60E-02 2.332E-01
1.320E-03 3.27E-02 2.20E-05 7.14E-03 3.96E-06 2.42E-04 9.20E-12 6.13E-03 1.88E-11 5.98E-05 1.33E-01 5.71E-02 2.368E-01
1.310E-03 3.28E-02 2.24E-05 7.20E-03 4.16E-06 2.43E-04 9.49E-12 6.35E-03 1.98E-11 7.83E-05 1.35E-01 5.80E-02 2.402E-01
1.290E-03 3.30E-02 2.34E-05 7.37E-03 4.61E-06 2.46E-04 1.01E-11 6.82E-03 2.18E-11 1.61E-04 1.39E-01 6.00E-02 2.469E-01
1.280E-03 3.31E-02 2.40E-05 7.47E-03 4.84E-06 2.48E-04 1.04E-11 7.10E-03 2.29E-11 2.37E-04 1.41E-01 6.09E-02 2.504E-01
1.270E-03 3.32E-02 2.47E-05 7.53E-03 5.10E-06 2.49E-04 1.08E-11 7.39E-03 2.40E-11 2.86E-04 1.44E-01 6.17E-02 2.540E-01
1.260E-03 3.34E-02 2.53E-05 7.63E-03 5.40E-06 2.51E-04 1.11E-11 7.69E-03 2.52E-11 2.47E-04 1.46E-01 6.25E-02 2.573E-01
1.250E-03 3.35E-02 2.59E-05 7.78E-03 5.73E-06 2.53E-04 1.15E-11 8.00E-03 2.63E-11 1.82E-04 1.48E-01 6.31E-02 2.605E-01
1.220E-03 3.41E-02 2.83E-05 8.84E-03 7.09E-06 2.58E-04 1.27E-11 8.98E-03 3.02E-11 1.42E-04 1.54E-01 6.50E-02 2.713E-01
1.210E-03 3.43E-02 2.90E-05 9.65E-03 7.63E-06 2.60E-04 1.31E-11 9.36E-03 3.16E-11 1.64E-04 1.56E-01 6.55E-02 2.751E-01
1.200E-03 3.44E-02 2.97E-05 1.07E-02 8.16E-06 2.62E-04 1.35E-11 9.77E-03 3.31E-11 1.81E-04 1.58E-01 6.59E-02 2.791E-01
1.190E-03 3.47E-02 3.07E-05 1.18E-02 8.63E-06 2.64E-04 1.40E-11 1.02E-02 3.46E-11 1.81E-04 1.60E-01 6.63E-02 2.835E-01
1.180E-03 3.50E-02 3.15E-05 1.29E-02 9.03E-06 2.66E-04 1.45E-11 1.06E-02 3.60E-11 1.80E-04 1.62E-01 6.65E-02 2.872E-01
1.170E-03 3.52E-02 3.23E-05 1.39E-02 9.36E-06 2.68E-04 1.50E-11 1.11E-02 3.76E-11 2.00E-04 1.64E-01 6.66E-02 2.909E-01
1.160E-03 3.54E-02 3.32E-05 1.48E-02 9.64E-06 2.72E-04 1.57E-11 1.15E-02 3.91E-11 2.57E-04 1.65E-01 6.68E-02 2.943E-01
1.150E-03 3.56E-02 3.40E-05 1.56E-02 9.89E-06 3.81E-04 1.55E-11 1.19E-02 4.07E-11 3.75E-04 1.67E-01 6.69E-02 2.975E-01
1.140E-03 3.57E-02 3.49E-05 1.63E-02 1.01E-05 2.83E-04 1.65E-11 1.24E-02 4.25E-11 5.65E-04 1.68E-01 6.70E-02 3.006E-01
1.130E-03 3.58E-02 3.59E-05 1.70E-02 1.03E-05 2.83E-04 1.71E-11 1.29E-02 4.44E-11 6.89E-04 1.70E-01 6.72E-02 3.038E-01
1.120E-03 3.59E-02 3.69E-05 1.75E-02 1.06E-05 2.85E-04 1.78E-11 1.34E-02 4.64E-11 5.55E-04 1.71E-01 6.72E-02 3.065E-01
1.110E-03 3.60E-02 3.79E-05 1.81E-02 1.08E-05 2.87E-04 1.85E-11 1.40E-02 4.84E-11 3.53E-04 1.73E-01 6.72E-02 3.090E-01
1.090E-03 3.63E-02 4.02E-05 1.92E-02 1.13E-05 2.93E-04 1.99E-11 1.52E-02 5.26E-11 1.47E-04 1.76E-01 6.71E-02 3.142E-01
1.050E-03 3.70E-02 4.58E-05 2.11E-02 1.22E-05 3.07E-04 2.31E-11 1.84E-02 6.25E-11 4.87E-05 1.82E-01 6.56E-02 3.243E-01
1.000E-03 3.84E-02 5.41E-05 2.31E-02 1.29E-05 3.27E-04 2.81E-11 2.13E-02 6.69E-11 2.47E-05 1.81E-01 6.07E-02 3.253E-01
9.800E-04 3.91E-02 5.80E-05 2.36E-02 1.29E-05 3.36E-04 3.05E-11 2.23E-02 6.89E-11 2.14E-05 1.81E-01 5.89E-02 3.251E-01
9.600E-04 3.96E-02 6.22E-05 2.35E-02 1.26E-05 3.46E-04 3.31E-11 2.34E-02 6.94E-11 1.99E-05 1.79E-01 5.63E-02 3.225E-01
9.500E-04 4.01E-02 6.44E-05 2.32E-02 1.23E-05 3.51E-04 3.45E-11 2.36E-02 6.79E-11 1.96E-05 1.78E-01 5.44E-02 3.194E-01
9.400E-04 4.03E-02 6.64E-05 2.28E-02 1.21E-05 3.57E-04 3.60E-11 2.35E-02 6.50E-11 1.96E-05 1.75E-01 5.22E-02 3.143E-01
9.200E-04 4.10E-02 7.09E-05 2.16E-02 1.16E-05 3.68E-04 3.93E-11 2.19E-02 5.41E-11 2.10E-05 1.67E-01 4.73E-02 2.993E-01
8.900E-04 4.20E-02 7.93E-05 1.92E-02 1.08E-05 3.87E-04 4.49E-11 1.73E-02 3.47E-11 3.05E-05 1.52E-01 4.14E-02 2.721E-01
8.700E-04 4.23E-02 8.47E-05 1.74E-02 1.06E-05 4.01E-04 4.91E-11 1.44E-02 2.57E-11 6.78E-05 1.42E-01 3.97E-02 2.566E-01
8.600E-04 4.27E-02 8.82E-05 1.65E-02 1.06E-05 4.08E-04 5.15E-11 1.32E-02 2.27E-11 1.02E-04 1.39E-01 3.95E-02 2.512E-01
8.500E-04 4.29E-02 9.13E-05 1.55E-02 1.06E-05 4.16E-04 5.39E-11 1.22E-02 2.02E-11 7.31E-05 1.35E-01 3.93E-02 2.457E-01
8.400E-04 4.33E-02 9.53E-05 1.45E-02 1.06E-05 4.24E-04 5.65E-11 1.11E-02 1.77E-11 5.25E-05 1.32E-01 3.91E-02 2.403E-01
8.200E-04 4.38E-02 1.02E-04 1.21E-02 1.09E-05 4.40E-04 6.22E-11 8.59E-03 1.27E-11 5.34E-05 1.22E-01 3.91E-02 2.263E-01
8.000E-04 4.43E-02 1.10E-04 9.75E-03 1.20E-05 4.58E-04 6.87E-11 5.87E-03 9.81E-12 7.80E-05 1.12E-01 4.17E-02 2.145E-01
7.900E-04 4.48E-02 1.15E-04 8.85E-03 1.29E-05 4.67E-04 7.22E-11 4.94E-03 1.06E-11 9.73E-05 1.09E-01 4.47E-02 2.134E-01
7.800E-04 4.50E-02 1.19E-04 8.12E-03 1.40E-05 4.76E-04 7.60E-11 4.02E-03 1.20E-11 1.16E-04 1.06E-01 4.81E-02 2.122E-01
7.700E-04 4.51E-02 1.24E-04 7.49E-03 1.51E-05 4.86E-04 8.00E-11 3.30E-03 1.42E-11 1.25E-04 1.04E-01 5.21E-02 2.127E-01
7.600E-04 4.52E-02 1.29E-04 6.95E-03 1.64E-05 4.96E-04 8.42E-11 2.81E-03 1.74E-11 1.16E-04 1.03E-01 5.65E-02 2.150E-01
7.500E-04 4.53E-02 1.34E-04 6.47E-03 1.78E-05 5.06E-04 8.88E-11 2.35E-03 2.11E-11 9.61E-05 1.02E-01 6.13E-02 2.179E-01
7.300E-04 4.58E-02 1.47E-04 5.73E-03 2.11E-05 5.28E-04 9.89E-11 1.97E-03 3.01E-11 5.98E-05 1.03E-01 7.08E-02 2.277E-01
7.200E-04 4.60E-02 1.53E-04 5.50E-03 2.29E-05 5.40E-04 1.04E-10 1.91E-03 3.49E-11 4.98E-05 1.03E-01 7.49E-02 2.323E-01
7.100E-04 4.61E-02 1.60E-04 5.35E-03 2.48E-05 5.52E-04 1.10E-10 1.85E-03 4.01E-11 4.88E-05 1.04E-01 7.94E-02 2.375E-01
7.000E-04 4.66E-02 1.68E-04 5.21E-03 2.67E-05 5.65E-04 1.17E-10 1.83E-03 4.54E-11 6.77E-05 1.05E-01 8.33E-02 2.430E-01
6.900E-04 4.68E-02 1.74E-04 5.00E-03 2.87E-05 5.78E-04 1.24E-10 1.82E-03 5.11E-11 3.97E-05 1.06E-01 8.70E-02 2.473E-01
6.800E-04 4.61E-02 1.81E-04 4.74E-03 3.09E-05 5.92E-04 1.31E-10 1.82E-03 5.69E-11 3.08E-05 1.06E-01 9.13E-02 2.505E-01
6.600E-04 4.63E-02 2.04E-04 4.27E-03 3.59E-05 6.21E-04 1.48E-10 1.82E-03 6.99E-11 2.95E-05 1.08E-01 1.00E-01 2.615E-01
6.400E-04 4.77E-02 2.30E-04 3.70E-03 4.18E-05 6.52E-04 1.67E-10 1.82E-03 8.48E-11 4.49E-05 1.11E-01 1.08E-01 2.730E-01
6.300E-04 4.87E-02 2.43E-04 3.45E-03 4.54E-05 6.60E-04 1.78E-10 1.81E-03 9.30E-11 7.03E-05 1.12E-01 1.11E-01 2.784E-01
6.200E-04 4.89E-02 2.54E-04 3.39E-03 4.94E-05 6.88E-04 1.89E-10 1.80E-03 1.02E-10 9.57E-05 1.13E-01 1.15E-01 2.829E-01
6.100E-04 4.94E-02 2.69E-04 3.38E-03 5.32E-05 7.06E-04 2.02E-10 1.79E-03 1.12E-10 6.92E-05 1.14E-01 1.18E-01 2.881E-01
5.900E-04 5.14E-02 3.03E-04 2.77E-03 6.20E-05 7.45E-04 2.31E-10 1.77E-03 1.34E-10 3.09E-05 1.17E-01 1.25E-01 2.989E-01
5.500E-04 4.97E-02 3.64E-04 2.05E-03 8.73E-05 8.36E-04 3.05E-10 1.74E-03 1.92E-10 2.58E-05 1.16E-01 1.43E-01 3.136E-01
5.300E-04 5.01E-02 4.19E-04 1.83E-03 1.04E-04 8.88E-04 3.53E-10 1.75E-03 2.29E-10 4.12E-05 1.18E-01 1.52E-01 3.251E-01
5.200E-04 5.02E-02 4.48E-04 1.72E-03 1.13E-04 9.16E-04 3.80E-10 1.75E-03 2.52E-10 6.54E-05 1.19E-01 1.57E-01 3.306E-01
5.100E-04 5.07E-02 4.83E-04 1.61E-03 1.24E-04 9.46E-04 4.10E-10 1.76E-03 2.76E-10 9.06E-05 1.20E-01 1.61E-01 3.366E-01
5.000E-04 5.12E-02 5.19E-04 1.49E-03 1.37E-04 9.76E-04 4.44E-10 1.77E-03 3.03E-10 6.51E-05 1.21E-01 1.65E-01 3.425E-01
4.800E-04 5.19E-02 6.00E-04 1.32E-03 1.65E-04 1.04E-03 5.22E-10 1.80E-03 3.65E-10 3.02E-05 1.23E-01 1.74E-01 3.537E-01
4.500E-04 5.37E-02 7.51E-04 1.11E-03 2.20E-04 1.15E-03 6.73E-10 1.86E-03 4.88E-10 2.30E-05 1.26E-01 1.85E-01 3.704E-01
4.000E-04 5.59E-02 1.15E-03 8.22E-04 3.66E-04 1.39E-03 1.07E-09 2.00E-03 8.16E-10 2.56E-05 1.31E-01 2.05E-01 3.975E-01
3.800E-04 5.72E-02 1.39E-03 7.25E-04 4.55E-04 1.50E-03 1.31E-09 2.06E-03 1.02E-09 2.88E-05 1.33E-01 2.11E-01 4.081E-01
3.600E-04 5.85E-02 1.70E-03 6.37E-04 5.72E-04 1.64E-03 1.62E-09 2.13E-03 1.28E-09 3.51E-05 1.36E-01 2.17E-01 4.183E-01
3.400E-04 6.14E-02 2.08E-03 5.60E-04 7.28E-04 1.79E-03 2.03E-09 2.21E-03 1.62E-09 7.23E-05 1.39E-01 2.21E-01 4.289E-01
3.300E-04 6.13E-02 2.30E-03 5.25E-04 8.24E-04 1.88E-03 2.29E-09 2.25E-03 1.84E-09 1.90E-04 1.39E-01 2.25E-01 4.329E-01
3.200E-04 6.16E-02 2.58E-03 4.89E-04 9.37E-04 1.97E-03 2.58E-09 2.28E-03 2.09E-09 7.45E-05 1.40E-01 2.28E-01 4.372E-01
3.150E-04 6.22E-02 2.75E-03 4.73E-04 1.00E-03 2.02E-03 2.74E-09 2.30E-03 2.23E-09 5.67E-05 1.40E-01 2.29E-01 4.398E-01
3.100E-04 6.29E-02 2.91E-03 4.57E-04 1.07E-03 2.07E-03 2.92E-09 2.32E-03 2.38E-09 4.99E-05 1.41E-01 2.29E-01 4.423E-01
3.080E-04 6.31E-02 2.98E-03 4.51E-04 1.10E-03 2.09E-03 3.00E-09 2.33E-03 2.44E-09 4.85E-05 1.41E-01 2.30E-01 4.433E-01
3.050E-04 6.33E-02 3.09E-03 4.41E-04 1.14E-03 2.13E-03 3.12E-09 2.34E-03 2.54E-09 4.71E-05 1.42E-01 2.31E-01 4.447E-01
3.000E-04 6.37E-02 3.29E-03 4.27E-04 1.22E-03 2.18E-03 3.33E-09 2.37E-03 2.72E-09 4.62E-05 1.42E-01 2.32E-01 4.471E-01
2.900E-04 6.51E-02 3.72E-03 3.98E-04 1.41E-03 2.30E-03 3.80E-09 2.42E-03 3.13E-09 4.69E-05 1.43E-01 2.33E-01 4.522E-01
2.800E-04 6.56E-02 4.22E-03 3.72E-04 1.63E-03 2.43E-03 4.36E-09 2.47E-03 3.62E-09 4.91E-05 1.44E-01 2.36E-01 4.567E-01
2.600E-04 6.75E-02 5.60E-03 3.22E-04 2.20E-03 2.73E-03 5.83E-09 2.60E-03 4.90E-09 5.61E-05 1.46E-01 2.41E-01 4.676E-01
2.500E-04 6.91E-02 6.51E-03 3.00E-04 2.59E-03 2.90E-03 6.80E-09 2.66E-03 5.75E-09 6.07E-05 1.47E-01 2.43E-01 4.742E-01
2.200E-04 7.57E-02 1.06E-02 2.41E-04 4.34E-03 3.52E-03 1.12E-08 2.92E-03 9.65E-09 8.02E-05 1.52E-01 2.50E-01 4.994E-01
2.159E-04 7.66E-02 1.14E-02 2.34E-04 4.68E-03 3.63E-03 1.21E-08 2.96E-03 1.04E-08 8.37E-05 1.52E-01 2.52E-01 5.031E-01
2.000E-04 8.14E-02 1.52E-02 2.11E-04 6.36E-03 4.08E-03 1.63E-08 3.13E-03 1.42E-08 1.00E-04 1.54E-01 2.56E-01 5.209E-01
1.662E-04 9.45E-02 2.99E-02 1.69E-04 1.32E-02 5.42E-03 3.37E-08 3.63E-03 2.99E-08 1.59E-04 1.59E-01 2.64E-01 5.695E-01
1.650E-04 9.50E-02 3.07E-02 1.67E-04 1.35E-02 5.48E-03 3.46E-08 3.65E-03 3.08E-08 1.62E-04 1.59E-01 2.64E-01 5.717E-01
1.250E-04 1.26E-01 7.81E-02 1.53E-04 3.77E-02 8.43E-03 1.03E-07 4.63E-03 9.36E-08 3.41E-04 1.66E-01 2.68E-01 6.904E-01
1.235E-04 1.28E-01 8.10E-02 1.52E-04 3.93E-02 8.59E-03 1.08E-07 4.68E-03 9.83E-08 3.52E-04 1.67E-01 2.68E-01 6.975E-01
1.130E-04 1.44E-01 1.06E-01 1.59E-04 5.30E-02 9.87E-03 1.52E-07 5.09E-03 1.40E-07 4.47E-04 1.69E-01 2.68E-01 7.551E-01
1.000E-04 1.71E-01 1.49E-01 1.79E-04 7.85E-02 1.20E-02 2.46E-07 5.71E-03 2.29E-07 6.18E-04 1.73E-01 2.65E-01 8.562E-01
9.500E-05 1.85E-01 1.70E-01 1.81E-04 9.24E-02 1.31E-02 3.00E-07 5.99E-03 2.81E-07 7.07E-04 1.75E-01 2.64E-01 9.061E-01
9.300E-05 1.91E-01 1.79E-01 1.85E-04 9.87E-02 1.35E-02 3.26E-07 6.11E-03 3.06E-07 7.46E-04 1.76E-01 2.63E-01 9.278E-01
9.200E-05 1.94E-01 1.84E-01 1.87E-04 1.02E-01 1.38E-02 3.40E-07 6.17E-03 3.19E-07 7.67E-04 1.76E-01 2.62E-01 9.390E-01
9.100E-05 1.97E-01 1.88E-01 1.92E-04 1.06E-01 1.40E-02 3.54E-07 6.24E-03 3.33E-07 7.89E-04 1.76E-01 2.62E-01 9.506E-01
9.000E-05 2.00E-01 1.93E-01 1.95E-04 1.09E-01 1.43E-02 3.70E-07 6.31E-03 3.49E-07 8.12E-04 1.77E-01 2.62E-01 9.624E-01
8.900E-05 2.03E-01 1.98E-01 1.99E-04 1.13E-01 1.45E-02 3.86E-07 6.37E-03 3.64E-07 8.35E-04 1.77E-01 2.61E-01 9.744E-01
8.800E-05 2.06E-01 2.03E-01 2.00E-04 1.17E-01 1.48E-02 4.04E-07 6.44E-03 3.81E-07 8.59E-04 1.77E-01 2.61E-01 9.869E-01
8.700E-05 2.09E-01 2.08E-01 2.06E-04 1.22E-01 1.51E-02 4.22E-07 6.51E-03 3.99E-07 8.84E-04 1.77E-01 2.60E-01 9.997E-01
8.600E-05 2.12E-01 2.14E-01 2.09E-04 1.26E-01 1.53E-02 4.41E-07 6.58E-03 4.18E-07 9.11E-04 1.78E-01 2.60E-01 1.013E+00
8.500E-05 2.15E-01 2.19E-01 2.13E-04 1.31E-01 1.56E-02 4.62E-07 6.65E-03 4.38E-07 9.38E-04 1.78E-01 2.59E-01 1.026E+00
8.400E-05 2.19E-01 2.25E-01 2.16E-04 1.36E-01 1.59E-02 4.83E-07 6.73E-03 4.59E-07 9.66E-04 1.78E-01 2.59E-01 1.040E+00
8.330E-05 2.21E-01 2.29E-01 2.20E-04 1.39E-01 1.61E-02 4.99E-07 6.78E-03 4.75E-07 9.86E-04 1.78E-01 2.59E-01 1.051E+00
8.200E-05 2.26E-01 2.37E-01 2.23E-04 1.46E-01 1.65E-02 5.31E-07 6.88E-03 5.06E-07 1.03E-03 1.79E-01 2.58E-01 1.070E+00
8.100E-05 2.29E-01 2.43E-01 2.29E-04 1.52E-01 1.69E-02 5.56E-07 6.96E-03 5.31E-07 1.06E-03 1.79E-01 2.57E-01 1.086E+00
8.000E-05 2.33E-01 2.50E-01 2.32E-04 1.57E-01 1.72E-02 5.84E-07 7.05E-03 5.58E-07 1.09E-03 1.79E-01 2.57E-01 1.102E+00
7.900E-05 2.37E-01 2.56E-01 2.37E-04 1.63E-01 1.75E-02 6.13E-07 7.13E-03 5.87E-07 1.13E-03 1.80E-01 2.56E-01 1.118E+00
7.800E-05 2.42E-01 2.62E-01 2.43E-04 1.70E-01 1.79E-02 6.44E-07 7.22E-03 6.18E-07 1.16E-03 1.80E-01 2.55E-01 1.135E+00
7.700E-05 2.46E-01 2.69E-01 2.49E-04 1.76E-01 1.82E-02 6.77E-07 7.30E-03 6.51E-07 1.20E-03 1.80E-01 2.54E-01 1.153E+00
7.600E-05 2.51E-01 2.75E-01 2.58E-04 1.83E-01 1.86E-02 7.12E-07 7.39E-03 6.86E-07 1.24E-03 1.81E-01 2.54E-01 1.171E+00
7.500E-05 2.56E-01 2.82E-01 2.66E-04 1.91E-01 1.90E-02 7.49E-07 7.48E-03 7.24E-07 1.28E-03 1.81E-01 2.53E-01 1.190E+00
7.400E-05 2.61E-01 2.88E-01 2.77E-04 1.98E-01 1.94E-02 7.89E-07 7.58E-03 7.64E-07 1.32E-03 1.81E-01 2.52E-01 1.209E+00
7.300E-05 2.66E-01 2.95E-01 2.90E-04 2.06E-01 1.98E-02 8.32E-07 7.68E-03 8.07E-07 1.36E-03 1.82E-01 2.51E-01 1.229E+00
7.140E-05 2.75E-01 3.05E-01 2.99E-04 2.19E-01 2.05E-02 9.07E-07 7.84E-03 8.82E-07 1.44E-03 1.83E-01 2.49E-01 1.261E+00
7.100E-05 2.77E-01 3.08E-01 3.00E-04 2.22E-01 2.06E-02 9.26E-07 7.88E-03 9.02E-07 1.46E-03 1.83E-01 2.49E-01 1.269E+00
7.000E-05 2.83E-01 3.14E-01 3.10E-04 2.31E-01 2.11E-02 9.79E-07 7.98E-03 9.55E-07 1.51E-03 1.83E-01 2.48E-01 1.290E+00
6.900E-05 2.88E-01 3.20E-01 3.20E-04 2.41E-01 2.15E-02 1.03E-06 8.09E-03 1.01E-06 1.56E-03 1.84E-01 2.47E-01 1.311E+00
6.800E-05 2.94E-01 3.27E-01 3.34E-04 2.50E-01 2.20E-02 1.10E-06 8.21E-03 1.07E-06 1.62E-03 1.84E-01 2.46E-01 1.333E+00
6.700E-05 3.01E-01 3.33E-01 3.47E-04 2.60E-01 2.25E-02 1.16E-06 8.32E-03 1.14E-06 1.68E-03 1.84E-01 2.45E-01 1.356E+00
6.600E-05 3.07E-01 3.40E-01 3.63E-04 2.70E-01 2.30E-02 1.23E-06 8.44E-03 1.21E-06 1.74E-03 1.85E-01 2.44E-01 1.379E+00
6.500E-05 3.13E-01 3.46E-01 3.71E-04 2.81E-01 2.35E-02 1.30E-06 8.56E-03 1.29E-06 1.80E-03 1.85E-01 2.43E-01 1.403E+00
6.400E-05 3.20E-01 3.53E-01 3.80E-04 2.92E-01 2.41E-02 1.39E-06 8.69E-03 1.37E-06 1.87E-03 1.85E-01 2.41E-01 1.427E+00
6.300E-05 3.27E-01 3.59E-01 3.91E-04 3.04E-01 2.47E-02 1.48E-06 8.82E-03 1.46E-06 1.95E-03 1.86E-01 2.40E-01 1.452E+00
6.250E-05 3.31E-01 3.63E-01 3.94E-04 3.09E-01 2.50E-02 1.52E-06 8.89E-03 1.51E-06 1.98E-03 1.86E-01 2.39E-01 1.465E+00
6.200E-05 3.35E-01 3.66E-01 4.05E-04 3.15E-01 2.53E-02 1.57E-06 8.96E-03 1.56E-06 2.02E-03 1.86E-01 2.39E-01 1.478E+00
6.100E-05 3.43E-01 3.72E-01 4.23E-04 3.28E-01 2.59E-02 1.67E-06 9.09E-03 1.66E-06 2.10E-03 1.87E-01 2.37E-01 1.504E+00
6.000E-05 3.51E-01 3.78E-01 4.43E-04 3.41E-01 2.65E-02 1.79E-06 9.24E-03 1.78E-06 2.19E-03 1.87E-01 2.36E-01 1.530E+00
5.900E-05 3.59E-01 3.84E-01 4.61E-04 3.54E-01 2.72E-02 1.91E-06 9.39E-03 1.90E-06 2.28E-03 1.87E-01 2.35E-01 1.558E+00
5.800E-05 3.68E-01 3.89E-01 4.82E-04 3.68E-01 2.78E-02 2.04E-06 9.54E-03 2.04E-06 2.37E-03 1.88E-01 2.33E-01 1.586E+00
5.700E-05 3.77E-01 3.94E-01 5.07E-04 3.82E-01 2.85E-02 2.19E-06 9.70E-03 2.18E-06 2.47E-03 1.88E-01 2.31E-01 1.614E+00
5.600E-05 3.87E-01 3.98E-01 5.33E-04 3.97E-01 2.93E-02 2.34E-06 9.87E-03 2.35E-06 2.58E-03 1.88E-01 2.30E-01 1.642E+00
5.500E-05 3.96E-01 4.02E-01 5.57E-04 4.13E-01 3.00E-02 2.51E-06 1.00E-02 2.52E-06 2.70E-03 1.89E-01 2.28E-01 1.671E+00
5.477E-05 3.99E-01 4.03E-01 5.60E-04 4.16E-01 3.02E-02 2.56E-06 1.01E-02 2.57E-06 3.93E-03 1.89E-01 2.28E-01 1.679E+00
5.400E-05 4.06E-01 4.06E-01 5.79E-04 4.29E-01 3.09E-02 2.71E-06 1.02E-02 2.72E-06 4.09E-03 1.89E-01 2.26E-01 1.702E+00
5.300E-05 4.16E-01 4.09E-01 6.06E-04 4.46E-01 3.19E-02 2.92E-06 1.04E-02 2.93E-06 4.31E-03 1.89E-01 2.25E-01 1.732E+00
5.200E-05 4.26E-01 4.11E-01 6.45E-04 4.63E-01 3.28E-02 3.15E-06 1.06E-02 3.17E-06 4.54E-03 1.90E-01 2.23E-01 1.763E+00
5.100E-05 4.36E-01 4.14E-01 6.82E-04 4.82E-01 3.38E-02 3.41E-06 1.08E-02 3.43E-06 4.80E-03 1.90E-01 2.22E-01 1.793E+00
5.000E-05 4.46E-01 4.16E-01 7.20E-04 5.01E-01 3.49E-02 3.69E-06 1.10E-02 3.72E-06 5.08E-03 1.90E-01 2.20E-01 1.825E+00
4.900E-05 4.57E-01 4.17E-01 7.58E-04 5.21E-01 3.60E-02 4.01E-06 1.12E-02 4.04E-06 5.39E-03 1.90E-01 2.18E-01 1.857E+00
4.880E-05 4.59E-01 4.18E-01 7.66E-04 5.25E-01 3.62E-02 4.07E-06 1.12E-02 4.10E-06 5.46E-03 1.90E-01 2.18E-01 1.863E+00
4.800E-05 4.67E-01 4.19E-01 8.01E-04 5.41E-01 3.73E-02 4.36E-06 1.14E-02 4.39E-06 5.74E-03 1.90E-01 2.17E-01 1.889E+00
4.760E-05 4.71E-01 4.19E-01 8.21E-04 5.50E-01 3.79E-02 4.51E-06 1.15E-02 4.54E-06 5.88E-03 1.90E-01 2.16E-01 1.902E+00
4.700E-05 4.76E-01 4.20E-01 8.51E-04 5.63E-01 3.87E-02 4.75E-06 1.16E-02 4.78E-06 6.11E-03 1.90E-01 2.15E-01 1.922E+00
4.650E-05 4.81E-01 4.20E-01 8.73E-04 5.73E-01 3.95E-02 4.96E-06 1.18E-02 5.00E-06 6.32E-03 1.90E-01 2.15E-01 1.938E+00
4.600E-05 4.86E-01 4.21E-01 9.07E-04 5.84E-01 4.03E-02 5.19E-06 1.19E-02 5.22E-06 6.54E-03 1.90E-01 2.14E-01 1.955E+00
4.550E-05 4.91E-01 4.21E-01 9.46E-04 5.95E-01 4.11E-02 5.43E-06 1.20E-02 5.46E-06 6.76E-03 1.90E-01 2.13E-01 1.972E+00
4.500E-05 4.96E-01 4.21E-01 9.88E-04 6.07E-01 4.19E-02 5.68E-06 1.21E-02 5.71E-06 7.01E-03 1.90E-01 2.12E-01 1.989E+00
4.440E-05 5.02E-01 4.21E-01 1.04E-03 6.20E-01 4.29E-02 6.00E-06 1.23E-02 6.03E-06 7.32E-03 1.90E-01 2.12E-01 2.009E+00
4.350E-05 5.11E-01 4.22E-01 1.14E-03 6.41E-01 4.45E-02 6.53E-06 1.25E-02 6.56E-06 7.83E-03 1.90E-01 2.10E-01 2.040E+00
4.170E-05 5.27E-01 4.22E-01 1.38E-03 6.85E-01 4.83E-02 7.77E-06 1.30E-02 7.81E-06 9.03E-03 1.90E-01 2.08E-01 2.104E+00
4.000E-05 5.43E-01 4.22E-01 1.83E-03 7.28E-01 5.23E-02 9.23E-06 1.35E-02 9.27E-06 1.05E-02 1.89E-01 2.06E-01 2.166E+00
3.850E-05 5.56E-01 4.21E-01 2.43E-03 7.67E-01 5.59E-02 1.08E-05 1.40E-02 1.09E-05 1.21E-02 1.89E-01 2.04E-01 2.222E+00
3.656E-05 5.72E-01 4.20E-01 3.56E-03 8.18E-01 6.12E-02 1.35E-05 1.47E-02 1.35E-05 1.49E-02 1.88E-01 2.02E-01 2.295E+00
3.570E-05 5.79E-01 4.20E-01 4.16E-03 8.41E-01 6.38E-02 1.49E-05 1.50E-02 1.49E-05 1.65E-02 1.88E-01 2.02E-01 2.328E+00
3.330E-05 5.96E-01 4.18E-01 6.23E-03 9.02E-01 7.25E-02 2.04E-05 1.59E-02 1.99E-05 2.29E-02 1.86E-01 2.00E-01 2.420E+00
3.130E-05 6.09E-01 4.17E-01 8.26E-03 9.50E-01 8.33E-02 2.76E-05 1.67E-02 2.59E-05 3.20E-02 1.85E-01 1.98E-01 2.500E+00
3.000E-05 6.17E-01 4.16E-01 9.89E-03 9.79E-01 9.31E-02 3.42E-05 1.73E-02 3.11E-05 4.16E-02 1.84E-01 1.98E-01 2.555E+00
2.940E-05 6.20E-01 4.16E-01 1.07E-02 9.90E-01 9.79E-02 3.79E-05 1.76E-02 3.40E-05 4.77E-02 1.84E-01 1.97E-01 2.581E+00
2.780E-05 6.27E-01 4.14E-01 1.31E-02 1.02E+00 1.15E-01 5.20E-05 1.83E-02 4.34E-05 7.28E-02 1.83E-01 1.97E-01 2.658E+00
2.630E-05 6.32E-01 4.12E-01 1.55E-02 1.04E+00 1.40E-01 7.40E-05 1.91E-02 5.55E-05 1.21E-01 1.82E-01 1.96E-01 2.757E+00
2.500E-05 6.35E-01 4.11E-01 1.83E-02 1.05E+00 1.75E-01 1.08E-04 1.97E-02 6.97E-05 2.08E-01 1.81E-01 1.96E-01 2.896E+00
2.380E-05 6.38E-01 4.11E-01 2.19E-02 1.06E+00 2.41E-01 1.65E-04 1.98E-02 8.74E-05 3.55E-01 1.80E-01 1.96E-01 3.122E+00
2.270E-05 6.40E-01 4.10E-01 2.67E-02 1.06E+00 3.48E-01 2.41E-04 2.05E-02 1.10E-04 4.59E-01 1.79E-01 1.96E-01 3.343E+00
2.170E-05 6.40E-01 4.09E-01 3.32E-02 1.07E+00 4.71E-01 3.13E-04 2.31E-02 1.37E-04 3.64E-01 1.78E-01 1.96E-01 3.385E+00
2.080E-05 6.40E-01 4.09E-01 4.52E-02 1.08E+00 4.88E-01 2.91E-04 2.88E-02 1.71E-04 2.32E-01 1.77E-01 1.96E-01 3.299E+00
2.000E-05 6.38E-01 4.08E-01 1.59E-01 9.95E-01 4.23E-01 2.27E-04 3.67E-02 2.09E-04 1.52E-01 1.76E-01 1.96E-01 3.183E+00
1.920E-05 6.36E-01 4.10E-01 2.98E-01 8.77E-01 3.29E-01 1.56E-04 5.04E-02 2.60E-04 1.03E-01 1.74E-01 1.97E-01 3.074E+00
1.850E-05 6.38E-01 4.15E-01 3.81E-01 8.10E-01 2.57E-01 1.10E-04 6.76E-02 3.18E-04 7.62E-02 1.73E-01 1.97E-01 3.015E+00
1.790E-05 6.40E-01 4.18E-01 4.78E-01 7.19E-01 2.09E-01 8.45E-05 8.62E-02 3.81E-04 6.09E-02 1.72E-01 1.97E-01 2.981E+00
1.720E-05 6.41E-01 4.21E-01 5.46E-01 6.57E-01 1.68E-01 6.71E-05 1.20E-01 4.78E-04 4.87E-02 1.71E-01 1.98E-01 2.972E+00
1.670E-05 6.43E-01 4.25E-01 5.77E-01 6.30E-01 1.44E-01 6.11E-05 1.51E-01 5.65E-04 4.26E-02 1.70E-01 1.98E-01 2.981E+00
1.610E-05 6.46E-01 4.29E-01 6.05E-01 6.06E-01 1.21E-01 6.21E-05 2.05E-01 6.98E-04 3.75E-02 1.68E-01 1.99E-01 3.018E+00
1.560E-05 6.48E-01 4.32E-01 6.23E-01 5.92E-01 1.07E-01 7.01E-05 2.68E-01 8.35E-04 3.46E-02 1.67E-01 2.00E-01 3.071E+00
1.520E-05 6.49E-01 4.34E-01 6.34E-01 5.82E-01 9.66E-02 8.15E-05 3.35E-01 9.59E-04 3.31E-02 1.66E-01 2.00E-01 3.131E+00
1.470E-05 6.51E-01 4.36E-01 6.43E-01 5.70E-01 8.59E-02 1.03E-04 4.32E-01 1.14E-03 3.21E-02 1.65E-01 2.01E-01 3.218E+00
1.430E-05 6.52E-01 4.38E-01 6.49E-01 5.63E-01 8.05E-02 1.29E-04 5.15E-01 1.27E-03 3.21E-02 1.64E-01 2.01E-01 3.295E+00
1.390E-05 6.52E-01 4.38E-01 6.52E-01 5.56E-01 7.83E-02 1.63E-04 5.79E-01 1.41E-03 3.27E-02 1.64E-01 2.00E-01 3.353E+00
1.350E-05 6.51E-01 4.38E-01 6.54E-01 5.49E-01 7.82E-02 2.10E-04 6.40E-01 1.58E-03 3.42E-02 1.63E-01 2.00E-01 3.410E+00
1.320E-05 6.50E-01 4.39E-01 6.54E-01 5.44E-01 7.96E-02 2.55E-04 6.87E-01 1.73E-03 3.59E-02 1.63E-01 2.00E-01 3.455E+00
1.280E-05 6.49E-01 4.40E-01 6.53E-01 5.38E-01 8.48E-02 3.34E-04 7.56E-01 1.97E-03 3.92E-02 1.63E-01 2.00E-01 3.526E+00
1.250E-05 6.48E-01 4.41E-01 6.52E-01 5.37E-01 9.20E-02 4.12E-04 8.13E-01 2.18E-03 4.26E-02 1.62E-01 2.00E-01 3.590E+00
1.220E-05 6.47E-01 4.42E-01 6.51E-01 5.37E-01 1.03E-01 5.10E-04 8.75E-01 2.43E-03 4.71E-02 1.62E-01 2.00E-01 3.666E+00
1.190E-05 6.45E-01 4.42E-01 6.53E-01 5.41E-01 1.17E-01 6.33E-04 9.44E-01 2.72E-03 5.29E-02 1.61E-01 2.00E-01 3.760E+00
1.160E-05 6.43E-01 4.42E-01 6.54E-01 5.45E-01 1.33E-01 7.89E-04 1.02E+00 3.07E-03 6.06E-02 1.61E-01 2.00E-01 3.864E+00
1.140E-05 6.41E-01 4.42E-01 6.55E-01 5.46E-01 1.47E-01 9.28E-04 1.08E+00 3.34E-03 6.71E-02 1.60E-01 2.00E-01 3.941E+00
1.110E-05 6.37E-01 4.41E-01 6.56E-01 5.48E-01 1.68E-01 1.21E-03 1.17E+00 3.81E-03 7.95E-02 1.60E-01 2.01E-01 4.069E+00
1.080E-05 6.33E-01 4.40E-01 6.56E-01 5.49E-01 2.27E-01 1.62E-03 1.29E+00 4.39E-03 9.63E-02 1.59E-01 2.01E-01 4.256E+00
1.050E-05 6.28E-01 4.39E-01 6.56E-01 5.51E-01 3.03E-01 2.10E-03 1.43E+00 5.14E-03 1.19E-01 1.58E-01 2.01E-01 4.493E+00
1.030E-05 6.24E-01 4.38E-01 6.56E-01 5.52E-01 3.61E-01 2.40E-03 1.56E+00 5.72E-03 1.39E-01 1.57E-01 2.02E-01 4.701E+00
1.000E-05 6.18E-01 4.36E-01 6.55E-01 5.54E-01 4.43E-01 2.93E-03 1.75E+00 6.57E-03 1.76E-01 1.57E-01 2.02E-01 5.005E+00
9.750E-06 6.13E-01 4.35E-01 6.54E-01 5.56E-01 5.38E-01 3.63E-03 1.91E+00 7.31E-03 2.13E-01 1.56E-01 2.01E-01 5.285E+00
9.500E-06 6.07E-01 4.33E-01 6.53E-01 5.58E-01 6.47E-01 4.30E-03 2.07E+00 8.12E-03 2.51E-01 1.56E-01 2.01E-01 5.590E+00
9.250E-06 6.01E-01 4.31E-01 6.51E-01 5.59E-01 7.30E-01 4.80E-03 2.24E+00 8.93E-03 2.79E-01 1.56E-01 2.01E-01 5.861E+00
9.080E-06 5.97E-01 4.29E-01 6.47E-01 5.58E-01 7.81E-01 5.16E-03 2.33E+00 9.35E-03 2.85E-01 1.56E-01 2.01E-01 6.003E+00
