 # Optical depth (Siebenmorgen 2023, A&A 670A,115; SC 2023 doi: 10.48550/arXiv.2311.03310)
 # wel(cm) sa_aC    ss_aC    sa_Si    ss_Si    sa_vgr   ss_vgr   sa_vsi   ss_vsi   s_pahS+B sa_Dark  ss_Dark sigt 
 # ------------------------------------------------------------------------------------------------------------- 
1.000E+00 3.25E-07 3.12E-16 3.91E-07 7.89E-17 8.30E-09 7.65E-23 9.55E-08 1.57E-22 1.46E-11 7.32E-06 1.76E-12 8.137E-06
9.000E-01 3.81E-07 4.76E-16 4.62E-07 1.20E-16 1.06E-08 1.17E-22 1.13E-07 2.40E-22 1.80E-11 8.52E-06 2.69E-12 9.489E-06
8.000E-01 4.56E-07 7.62E-16 5.56E-07 1.93E-16 1.38E-08 1.87E-22 1.38E-07 3.84E-22 2.28E-11 1.01E-05 4.30E-12 1.128E-05
7.000E-01 5.58E-07 1.30E-15 6.87E-07 3.29E-16 1.85E-08 3.19E-22 1.70E-07 6.54E-22 2.97E-11 1.23E-05 7.33E-12 1.371E-05
6.000E-01 7.06E-07 2.41E-15 8.78E-07 6.09E-16 2.57E-08 5.90E-22 2.19E-07 1.21E-21 4.05E-11 1.54E-05 1.36E-11 1.722E-05
5.500E-01 8.07E-07 3.41E-15 1.01E-06 8.63E-16 3.08E-08 8.36E-22 2.52E-07 1.72E-21 4.82E-11 1.75E-05 1.92E-11 1.959E-05
5.000E-01 9.35E-07 4.99E-15 1.17E-06 1.26E-15 3.73E-08 1.22E-21 2.92E-07 2.51E-21 5.83E-11 2.01E-05 2.81E-11 2.257E-05
4.500E-01 1.10E-06 7.60E-15 1.39E-06 1.92E-15 4.59E-08 1.87E-21 3.48E-07 3.83E-21 7.19E-11 2.35E-05 4.27E-11 2.643E-05
4.000E-01 1.32E-06 1.22E-14 1.68E-06 3.08E-15 5.76E-08 2.99E-21 4.18E-07 6.13E-21 9.11E-11 2.80E-05 6.83E-11 3.152E-05
3.500E-01 1.63E-06 2.07E-14 2.08E-06 5.26E-15 7.37E-08 5.10E-21 5.24E-07 1.05E-20 1.19E-10 3.43E-05 1.16E-10 3.858E-05
3.000E-01 2.09E-06 3.84E-14 2.67E-06 9.75E-15 9.71E-08 9.45E-21 6.65E-07 1.94E-20 1.62E-10 4.32E-05 2.15E-10 4.870E-05
2.500E-01 2.80E-06 7.96E-14 3.59E-06 2.02E-14 1.32E-07 1.96E-20 8.93E-07 4.01E-20 2.33E-10 5.70E-05 4.45E-10 6.438E-05
2.098E-01 3.72E-06 1.60E-13 4.77E-06 4.08E-14 1.76E-07 3.95E-20 1.19E-06 8.08E-20 3.31E-10 7.45E-05 8.96E-10 8.437E-05
1.500E-01 6.46E-06 6.13E-13 8.26E-06 1.56E-13 3.36E-07 1.51E-19 2.03E-06 3.09E-19 6.48E-10 1.25E-04 3.41E-09 1.425E-04
1.382E-01 7.41E-06 8.51E-13 9.45E-06 2.16E-13 3.96E-07 2.10E-19 2.33E-06 4.29E-19 7.63E-10 1.43E-04 4.73E-09 1.624E-04
1.320E-01 8.01E-06 1.02E-12 1.02E-05 2.60E-13 4.34E-07 2.52E-19 2.51E-06 5.15E-19 8.36E-10 1.53E-04 5.68E-09 1.746E-04
1.150E-01 1.01E-05 1.77E-12 1.28E-05 4.51E-13 5.69E-07 4.37E-19 3.13E-06 8.93E-19 1.10E-09 1.91E-04 9.84E-09 2.178E-04
1.000E-01 1.29E-05 3.10E-12 1.61E-05 7.89E-13 7.47E-07 7.65E-19 3.91E-06 1.56E-18 1.46E-09 2.39E-04 1.72E-08 2.730E-04
9.970E-02 1.29E-05 3.14E-12 1.62E-05 7.99E-13 7.51E-07 7.74E-19 3.93E-06 1.58E-18 1.47E-09 2.41E-04 1.74E-08 2.743E-04
8.670E-02 1.63E-05 5.49E-12 2.04E-05 1.40E-12 9.93E-07 1.35E-18 4.94E-06 2.76E-18 1.94E-09 2.99E-04 3.03E-08 3.419E-04
8.500E-02 1.69E-05 5.94E-12 2.11E-05 1.51E-12 1.03E-06 1.47E-18 5.10E-06 2.99E-18 2.02E-09 3.10E-04 3.28E-08 3.537E-04
7.500E-02 2.14E-05 9.80E-12 2.59E-05 2.50E-12 1.31E-06 2.42E-18 6.22E-06 4.93E-18 2.59E-09 3.87E-04 5.41E-08 4.418E-04
6.000E-02 3.15E-05 2.39E-11 3.74E-05 6.13E-12 2.02E-06 5.90E-18 9.03E-06 1.20E-17 4.05E-09 5.51E-04 1.31E-07 6.308E-04
5.500E-02 3.65E-05 3.39E-11 4.19E-05 8.72E-12 2.38E-06 8.35E-18 1.05E-05 1.71E-17 4.82E-09 6.36E-04 1.86E-07 7.275E-04
5.000E-02 4.35E-05 4.97E-11 5.19E-05 1.29E-11 2.84E-06 1.22E-17 1.25E-05 2.50E-17 5.83E-09 7.54E-04 2.72E-07 8.653E-04
4.500E-02 5.36E-05 7.58E-11 6.87E-05 1.97E-11 3.46E-06 1.86E-17 1.53E-05 3.81E-17 7.20E-09 9.22E-04 4.15E-07 1.063E-03
4.000E-02 6.88E-05 1.22E-10 9.17E-05 3.19E-11 4.31E-06 2.99E-17 1.94E-05 6.11E-17 9.11E-09 1.16E-03 6.63E-07 1.344E-03
3.500E-02 8.63E-05 2.07E-10 1.40E-04 5.49E-11 5.53E-06 5.09E-17 2.56E-05 1.04E-16 1.19E-08 1.43E-03 1.13E-06 1.689E-03
3.000E-02 1.22E-04 3.86E-10 2.18E-04 1.02E-10 7.37E-06 9.44E-17 3.60E-05 1.94E-16 1.62E-08 1.97E-03 2.09E-06 2.350E-03
2.750E-02 1.45E-04 5.47E-10 2.74E-04 1.45E-10 8.69E-06 1.34E-16 4.39E-05 2.75E-16 1.93E-08 2.30E-03 2.95E-06 2.774E-03
2.500E-02 1.75E-04 8.03E-10 3.49E-04 2.12E-10 1.04E-05 1.96E-16 5.51E-05 4.02E-16 2.34E-08 2.75E-03 4.31E-06 3.347E-03
2.400E-02 1.92E-04 9.45E-10 3.86E-04 2.49E-10 1.12E-05 2.31E-16 6.01E-05 4.74E-16 2.53E-08 2.96E-03 5.06E-06 3.617E-03
2.000E-02 2.81E-04 1.97E-09 6.01E-04 5.09E-10 1.59E-05 4.79E-16 8.71E-05 9.82E-16 3.65E-08 4.18E-03 1.05E-05 5.174E-03
1.800E-02 3.50E-04 3.03E-09 7.46E-04 7.63E-10 1.95E-05 7.30E-16 1.08E-04 1.50E-15 4.51E-08 5.14E-03 1.59E-05 6.376E-03
1.600E-02 4.65E-04 4.89E-09 9.28E-04 1.20E-09 2.47E-05 1.17E-15 1.38E-04 2.40E-15 5.72E-08 6.49E-03 2.54E-05 8.067E-03
1.500E-02 5.54E-04 6.36E-09 1.04E-03 1.53E-09 2.82E-05 1.52E-15 1.56E-04 3.11E-15 6.51E-08 7.37E-03 3.27E-05 9.184E-03
1.400E-02 6.30E-04 8.39E-09 1.17E-03 1.99E-09 3.25E-05 2.00E-15 1.81E-04 4.10E-15 7.48E-08 8.23E-03 4.30E-05 1.028E-02
1.200E-02 9.62E-04 1.57E-08 1.49E-03 3.57E-09 4.52E-05 3.73E-15 2.48E-04 7.59E-15 1.02E-07 1.11E-02 7.85E-05 1.396E-02
1.000E-02 1.46E-03 3.30E-08 1.96E-03 7.07E-09 6.84E-05 7.79E-15 3.62E-04 1.58E-14 1.47E-07 1.54E-02 1.61E-04 1.938E-02
9.000E-03 1.94E-03 5.09E-08 2.24E-03 1.05E-08 8.79E-05 1.19E-14 4.51E-04 2.41E-14 1.82E-07 1.88E-02 2.43E-04 2.380E-02
8.000E-03 2.58E-03 8.03E-08 2.60E-03 1.66E-08 1.18E-04 1.93E-14 5.79E-04 3.86E-14 2.32E-07 2.26E-02 3.82E-04 2.882E-02
7.500E-03 3.02E-03 1.05E-07 2.88E-03 2.14E-08 1.39E-04 2.51E-14 6.64E-04 5.00E-14 2.65E-07 2.57E-02 4.95E-04 3.285E-02
7.000E-03 3.64E-03 1.38E-07 3.23E-03 2.80E-08 1.66E-04 3.33E-14 7.70E-04 6.59E-14 3.05E-07 2.90E-02 6.44E-04 3.746E-02
6.000E-03 5.23E-03 2.50E-07 4.14E-03 5.10E-08 2.56E-04 6.26E-14 1.07E-03 1.22E-13 4.19E-07 3.80E-02 1.17E-03 4.989E-02
5.000E-03 7.46E-03 4.89E-07 5.88E-03 1.04E-07 4.49E-04 1.33E-13 1.58E-03 2.52E-13 6.14E-07 5.17E-02 2.37E-03 6.949E-02
4.500E-03 9.19E-03 7.10E-07 7.19E-03 1.55E-07 6.36E-04 2.05E-13 1.97E-03 3.81E-13 7.69E-07 6.23E-02 3.54E-03 8.482E-02
4.000E-03 1.09E-02 1.06E-06 8.97E-03 2.32E-07 9.31E-04 3.27E-13 2.52E-03 6.05E-13 9.95E-07 7.57E-02 5.52E-03 1.046E-01
3.500E-03 1.32E-02 1.67E-06 1.11E-02 3.67E-07 1.29E-03 5.22E-13 3.28E-03 1.02E-12 1.35E-06 9.50E-02 9.12E-03 1.329E-01
3.000E-03 1.63E-02 2.76E-06 1.36E-02 5.89E-07 1.37E-03 8.17E-13 4.49E-03 1.86E-12 2.00E-06 1.23E-01 1.58E-02 1.747E-01
2.750E-03 1.79E-02 3.62E-06 1.49E-02 7.59E-07 1.18E-03 1.05E-12 5.39E-03 2.59E-12 2.63E-06 1.41E-01 2.10E-02 2.014E-01
2.500E-03 1.93E-02 4.83E-06 1.63E-02 9.94E-07 9.27E-04 1.45E-12 6.62E-03 3.73E-12 4.11E-06 1.62E-01 2.81E-02 2.330E-01
2.400E-03 2.00E-02 5.51E-06 1.69E-02 1.12E-06 8.31E-04 1.68E-12 7.21E-03 4.33E-12 5.54E-06 1.71E-01 3.15E-02 2.473E-01
2.350E-03 2.04E-02 5.89E-06 1.72E-02 1.18E-06 7.86E-04 1.82E-12 7.55E-03 4.68E-12 6.45E-06 1.76E-01 3.33E-02 2.550E-01
2.320E-03 2.07E-02 6.13E-06 1.74E-02 1.23E-06 7.60E-04 1.91E-12 7.76E-03 4.90E-12 6.90E-06 1.79E-01 3.44E-02 2.596E-01
2.310E-03 2.08E-02 6.21E-06 1.75E-02 1.24E-06 7.51E-04 1.94E-12 7.82E-03 4.98E-12 7.02E-06 1.79E-01 3.48E-02 2.611E-01
2.300E-03 2.09E-02 6.30E-06 1.76E-02 1.26E-06 7.43E-04 1.98E-12 7.89E-03 5.06E-12 7.12E-06 1.80E-01 3.52E-02 2.626E-01
2.250E-03 2.12E-02 6.72E-06 1.80E-02 1.34E-06 7.03E-04 2.15E-12 8.30E-03 5.50E-12 7.42E-06 1.85E-01 3.71E-02 2.707E-01
2.200E-03 2.15E-02 7.20E-06 1.84E-02 1.43E-06 6.65E-04 2.35E-12 8.75E-03 5.95E-12 7.78E-06 1.90E-01 3.90E-02 2.787E-01
2.150E-03 2.20E-02 7.74E-06 1.89E-02 1.52E-06 6.31E-04 2.58E-12 9.19E-03 6.43E-12 8.47E-06 1.95E-01 4.09E-02 2.867E-01
2.120E-03 2.23E-02 8.08E-06 1.92E-02 1.57E-06 6.11E-04 2.72E-12 9.48E-03 6.74E-12 8.81E-06 1.98E-01 4.21E-02 2.916E-01
2.110E-03 2.23E-02 8.19E-06 1.92E-02 1.59E-06 6.05E-04 2.78E-12 9.58E-03 6.85E-12 8.87E-06 1.99E-01 4.24E-02 2.932E-01
2.100E-03 2.24E-02 8.30E-06 1.93E-02 1.60E-06 5.99E-04 2.83E-12 9.69E-03 6.96E-12 8.90E-06 2.00E-01 4.28E-02 2.948E-01
2.080E-03 2.25E-02 8.51E-06 1.95E-02 1.64E-06 5.87E-04 2.94E-12 9.90E-03 7.18E-12 8.85E-06 2.02E-01 4.34E-02 2.975E-01
2.000E-03 2.28E-02 9.61E-06 2.01E-02 1.77E-06 5.44E-04 3.44E-12 1.09E-02 8.16E-12 8.55E-06 2.09E-01 4.64E-02 3.094E-01
1.950E-03 2.32E-02 1.04E-05 2.04E-02 1.83E-06 5.21E-04 3.82E-12 1.15E-02 8.64E-12 9.19E-06 2.12E-01 4.75E-02 3.150E-01
1.900E-03 2.37E-02 1.14E-05 2.05E-02 1.88E-06 5.00E-04 4.24E-12 1.20E-02 9.04E-12 1.09E-05 2.14E-01 4.84E-02 3.191E-01
1.850E-03 2.42E-02 1.24E-05 2.04E-02 1.90E-06 4.82E-04 4.73E-12 1.22E-02 9.28E-12 1.38E-05 2.14E-01 4.90E-02 3.205E-01
1.830E-03 2.44E-02 1.29E-05 2.02E-02 1.90E-06 4.75E-04 4.94E-12 1.23E-02 9.33E-12 1.48E-05 2.14E-01 4.91E-02 3.203E-01
1.820E-03 2.45E-02 1.31E-05 2.02E-02 1.90E-06 4.72E-04 5.05E-12 1.23E-02 9.35E-12 1.52E-05 2.13E-01 4.91E-02 3.200E-01
1.810E-03 2.46E-02 1.33E-05 2.00E-02 1.90E-06 4.68E-04 5.17E-12 1.22E-02 9.37E-12 1.54E-05 2.13E-01 4.92E-02 3.196E-01
1.800E-03 2.47E-02 1.36E-05 1.99E-02 1.90E-06 4.65E-04 5.29E-12 1.22E-02 9.39E-12 1.55E-05 2.13E-01 4.94E-02 3.193E-01
1.750E-03 2.53E-02 1.49E-05 1.91E-02 1.85E-06 4.52E-04 5.93E-12 1.19E-02 9.44E-12 1.59E-05 2.10E-01 5.00E-02 3.163E-01
1.700E-03 2.56E-02 1.63E-05 1.77E-02 1.77E-06 4.41E-04 6.68E-12 1.13E-02 9.51E-12 1.92E-05 2.05E-01 5.11E-02 3.113E-01
1.670E-03 2.60E-02 1.73E-05 1.66E-02 1.72E-06 4.36E-04 7.18E-12 1.09E-02 9.62E-12 2.25E-05 2.03E-01 5.23E-02 3.091E-01
1.650E-03 2.63E-02 1.81E-05 1.57E-02 1.69E-06 4.33E-04 7.54E-12 1.06E-02 9.73E-12 2.36E-05 2.01E-01 5.32E-02 3.077E-01
1.640E-03 2.64E-02 1.84E-05 1.52E-02 1.68E-06 4.32E-04 7.73E-12 1.04E-02 9.79E-12 2.36E-05 2.01E-01 5.36E-02 3.068E-01
1.630E-03 2.66E-02 1.88E-05 1.48E-02 1.67E-06 4.30E-04 7.93E-12 1.02E-02 9.86E-12 2.32E-05 2.00E-01 5.41E-02 3.059E-01
1.610E-03 2.69E-02 1.96E-05 1.37E-02 1.67E-06 4.28E-04 8.34E-12 9.88E-03 1.01E-11 2.18E-05 1.98E-01 5.54E-02 3.046E-01
1.600E-03 2.70E-02 2.00E-05 1.32E-02 1.67E-06 4.27E-04 8.55E-12 9.70E-03 1.03E-11 2.12E-05 1.98E-01 5.61E-02 3.041E-01
1.590E-03 2.71E-02 2.04E-05 1.27E-02 1.69E-06 4.26E-04 8.77E-12 9.52E-03 1.04E-11 2.07E-05 1.97E-01 5.68E-02 3.035E-01
1.580E-03 2.73E-02 2.08E-05 1.21E-02 1.71E-06 4.26E-04 9.00E-12 9.35E-03 1.06E-11 2.04E-05 1.96E-01 5.76E-02 3.032E-01
1.570E-03 2.74E-02 2.12E-05 1.16E-02 1.74E-06 4.25E-04 9.24E-12 9.18E-03 1.08E-11 2.02E-05 1.96E-01 5.85E-02 3.027E-01
1.560E-03 2.75E-02 2.17E-05 1.11E-02 1.79E-06 4.24E-04 9.48E-12 9.01E-03 1.10E-11 1.98E-05 1.95E-01 5.95E-02 3.027E-01
1.540E-03 2.79E-02 2.26E-05 1.01E-02 1.92E-06 4.24E-04 9.99E-12 8.68E-03 1.15E-11 1.94E-05 1.95E-01 6.15E-02 3.032E-01
1.520E-03 2.82E-02 2.34E-05 9.43E-03 2.10E-06 4.23E-04 1.05E-11 8.36E-03 1.22E-11 2.04E-05 1.94E-01 6.37E-02 3.038E-01
1.510E-03 2.83E-02 2.39E-05 9.17E-03 2.21E-06 4.23E-04 1.08E-11 8.20E-03 1.25E-11 2.11E-05 1.93E-01 6.50E-02 3.044E-01
1.500E-03 2.83E-02 2.43E-05 8.96E-03 2.33E-06 4.23E-04 1.11E-11 8.06E-03 1.29E-11 2.12E-05 1.93E-01 6.63E-02 3.051E-01
1.450E-03 2.88E-02 2.72E-05 8.54E-03 3.03E-06 4.26E-04 1.28E-11 7.42E-03 1.56E-11 2.66E-05 1.94E-01 7.53E-02 3.147E-01
1.440E-03 2.89E-02 2.78E-05 8.54E-03 3.18E-06 4.27E-04 1.31E-11 7.32E-03 1.63E-11 2.92E-05 1.95E-01 7.74E-02 3.175E-01
1.430E-03 2.91E-02 2.85E-05 8.53E-03 3.33E-06 4.28E-04 1.35E-11 7.29E-03 1.72E-11 3.15E-05 1.96E-01 7.98E-02 3.214E-01
1.420E-03 2.92E-02 2.91E-05 8.52E-03 3.49E-06 4.29E-04 1.39E-11 7.26E-03 1.81E-11 3.27E-05 1.98E-01 8.23E-02 3.253E-01
1.400E-03 2.95E-02 3.05E-05 8.53E-03 3.83E-06 4.31E-04 1.47E-11 7.32E-03 2.01E-11 3.56E-05 2.01E-01 8.75E-02 3.349E-01
1.380E-03 2.98E-02 3.20E-05 8.54E-03 4.19E-06 4.34E-04 1.56E-11 7.52E-03 2.24E-11 4.45E-05 2.06E-01 9.28E-02 3.457E-01
1.370E-03 3.00E-02 3.27E-05 8.55E-03 4.39E-06 4.36E-04 1.61E-11 7.73E-03 2.37E-11 5.26E-05 2.10E-01 9.53E-02 3.516E-01
1.360E-03 3.01E-02 3.36E-05 8.56E-03 4.60E-06 4.38E-04 1.66E-11 7.96E-03 2.50E-11 6.06E-05 2.13E-01 9.77E-02 3.578E-01
1.350E-03 3.03E-02 3.44E-05 8.59E-03 4.82E-06 4.39E-04 1.71E-11 8.19E-03 2.64E-11 6.47E-05 2.16E-01 1.00E-01 3.639E-01
1.340E-03 3.06E-02 3.53E-05 8.62E-03 5.05E-06 4.42E-04 1.76E-11 8.47E-03 2.78E-11 7.01E-05 2.19E-01 1.02E-01 3.698E-01
1.330E-03 3.07E-02 3.61E-05 8.67E-03 5.30E-06 4.44E-04 1.81E-11 8.77E-03 2.92E-11 8.09E-05 2.23E-01 1.04E-01 3.754E-01
1.320E-03 3.10E-02 3.70E-05 8.73E-03 5.56E-06 4.46E-04 1.87E-11 9.07E-03 3.07E-11 9.94E-05 2.26E-01 1.06E-01 3.811E-01
1.310E-03 3.11E-02 3.78E-05 8.81E-03 5.85E-06 4.49E-04 1.93E-11 9.40E-03 3.23E-11 1.30E-04 2.29E-01 1.08E-01 3.864E-01
1.290E-03 3.13E-02 3.95E-05 9.02E-03 6.47E-06 4.54E-04 2.05E-11 1.01E-02 3.56E-11 2.65E-04 2.35E-01 1.11E-01 3.971E-01
1.280E-03 3.13E-02 4.05E-05 9.13E-03 6.80E-06 4.57E-04 2.12E-11 1.05E-02 3.73E-11 3.88E-04 2.38E-01 1.12E-01 4.025E-01
1.270E-03 3.15E-02 4.15E-05 9.20E-03 7.16E-06 4.60E-04 2.19E-11 1.09E-02 3.92E-11 4.69E-04 2.42E-01 1.14E-01 4.081E-01
1.260E-03 3.16E-02 4.26E-05 9.32E-03 7.59E-06 4.63E-04 2.26E-11 1.14E-02 4.11E-11 4.04E-04 2.45E-01 1.15E-01 4.131E-01
1.250E-03 3.17E-02 4.37E-05 9.52E-03 8.05E-06 4.66E-04 2.33E-11 1.18E-02 4.29E-11 2.99E-04 2.48E-01 1.16E-01 4.178E-01
1.220E-03 3.24E-02 4.76E-05 1.08E-02 9.96E-06 4.76E-04 2.57E-11 1.33E-02 4.92E-11 2.34E-04 2.57E-01 1.19E-01 4.335E-01
1.210E-03 3.25E-02 4.88E-05 1.18E-02 1.07E-05 4.80E-04 2.66E-11 1.38E-02 5.15E-11 2.69E-04 2.60E-01 1.20E-01 4.388E-01
1.200E-03 3.26E-02 5.01E-05 1.30E-02 1.15E-05 4.83E-04 2.75E-11 1.45E-02 5.39E-11 2.97E-04 2.63E-01 1.21E-01 4.444E-01
1.190E-03 3.29E-02 5.17E-05 1.44E-02 1.21E-05 4.87E-04 2.85E-11 1.51E-02 5.64E-11 2.97E-04 2.66E-01 1.21E-01 4.503E-01
1.180E-03 3.31E-02 5.31E-05 1.57E-02 1.27E-05 4.90E-04 2.95E-11 1.57E-02 5.88E-11 2.95E-04 2.68E-01 1.21E-01 4.552E-01
1.170E-03 3.33E-02 5.45E-05 1.70E-02 1.31E-05 4.94E-04 3.06E-11 1.64E-02 6.13E-11 3.28E-04 2.71E-01 1.22E-01 4.601E-01
1.160E-03 3.36E-02 5.60E-05 1.81E-02 1.35E-05 5.01E-04 3.18E-11 1.70E-02 6.38E-11 4.22E-04 2.73E-01 1.22E-01 4.645E-01
1.150E-03 3.38E-02 5.74E-05 1.91E-02 1.39E-05 7.03E-04 3.15E-11 1.76E-02 6.64E-11 6.14E-04 2.75E-01 1.22E-01 4.688E-01
1.140E-03 3.38E-02 5.88E-05 2.00E-02 1.42E-05 5.22E-04 3.35E-11 1.84E-02 6.93E-11 9.22E-04 2.77E-01 1.22E-01 4.729E-01
1.130E-03 3.39E-02 6.05E-05 2.07E-02 1.45E-05 5.22E-04 3.49E-11 1.91E-02 7.25E-11 1.12E-03 2.80E-01 1.22E-01 4.772E-01
1.120E-03 3.41E-02 6.22E-05 2.14E-02 1.49E-05 5.25E-04 3.62E-11 1.99E-02 7.56E-11 9.07E-04 2.82E-01 1.22E-01 4.807E-01
1.110E-03 3.42E-02 6.39E-05 2.21E-02 1.52E-05 5.29E-04 3.75E-11 2.07E-02 7.90E-11 5.77E-04 2.84E-01 1.22E-01 4.839E-01
1.090E-03 3.44E-02 6.78E-05 2.35E-02 1.59E-05 5.40E-04 4.04E-11 2.25E-02 8.58E-11 2.42E-04 2.87E-01 1.22E-01 4.902E-01
1.050E-03 3.52E-02 7.73E-05 2.59E-02 1.71E-05 5.65E-04 4.70E-11 2.72E-02 1.02E-10 8.26E-05 2.95E-01 1.19E-01 5.022E-01
1.000E-03 3.65E-02 9.12E-05 2.83E-02 1.81E-05 6.03E-04 5.72E-11 3.15E-02 1.09E-10 4.38E-05 2.92E-01 1.09E-01 4.988E-01
9.800E-04 3.71E-02 9.78E-05 2.88E-02 1.80E-05 6.20E-04 6.20E-11 3.30E-02 1.12E-10 3.87E-05 2.91E-01 1.06E-01 4.969E-01
9.600E-04 3.76E-02 1.05E-04 2.87E-02 1.76E-05 6.38E-04 6.73E-11 3.46E-02 1.13E-10 3.63E-05 2.88E-01 1.01E-01 4.910E-01
9.500E-04 3.81E-02 1.09E-04 2.83E-02 1.73E-05 6.48E-04 7.02E-11 3.49E-02 1.11E-10 3.59E-05 2.85E-01 9.79E-02 4.853E-01
9.400E-04 3.83E-02 1.12E-04 2.78E-02 1.69E-05 6.58E-04 7.33E-11 3.48E-02 1.06E-10 3.61E-05 2.81E-01 9.39E-02 4.767E-01
9.200E-04 3.89E-02 1.20E-04 2.65E-02 1.62E-05 6.79E-04 7.99E-11 3.24E-02 8.82E-11 3.84E-05 2.68E-01 8.52E-02 4.523E-01
8.900E-04 3.99E-02 1.34E-04 2.35E-02 1.52E-05 7.14E-04 9.12E-11 2.56E-02 5.65E-11 5.42E-05 2.45E-01 7.49E-02 4.101E-01
8.700E-04 4.02E-02 1.43E-04 2.12E-02 1.49E-05 7.40E-04 9.99E-11 2.13E-02 4.20E-11 1.15E-04 2.31E-01 7.19E-02 3.868E-01
8.600E-04 4.06E-02 1.49E-04 2.01E-02 1.49E-05 7.53E-04 1.05E-10 1.96E-02 3.70E-11 1.71E-04 2.26E-01 7.15E-02 3.787E-01
8.500E-04 4.08E-02 1.54E-04 1.90E-02 1.49E-05 7.67E-04 1.10E-10 1.81E-02 3.30E-11 1.24E-04 2.20E-01 7.13E-02 3.706E-01
8.400E-04 4.12E-02 1.61E-04 1.77E-02 1.49E-05 7.81E-04 1.15E-10 1.65E-02 2.89E-11 9.06E-05 2.15E-01 7.10E-02 3.624E-01
8.200E-04 4.16E-02 1.72E-04 1.48E-02 1.53E-05 8.12E-04 1.27E-10 1.27E-02 2.07E-11 9.24E-05 2.00E-01 7.11E-02 3.417E-01
8.000E-04 4.22E-02 1.86E-04 1.19E-02 1.69E-05 8.44E-04 1.40E-10 8.69E-03 1.60E-11 1.33E-04 1.85E-01 7.60E-02 3.252E-01
7.900E-04 4.26E-02 1.94E-04 1.08E-02 1.81E-05 8.61E-04 1.47E-10 7.31E-03 1.72E-11 1.64E-04 1.81E-01 8.15E-02 3.247E-01
7.800E-04 4.28E-02 2.01E-04 9.92E-03 1.96E-05 8.78E-04 1.54E-10 5.94E-03 1.95E-11 1.95E-04 1.76E-01 8.76E-02 3.241E-01
7.700E-04 4.29E-02 2.08E-04 9.16E-03 2.12E-05 8.96E-04 1.63E-10 4.89E-03 2.32E-11 2.10E-04 1.73E-01 9.49E-02 3.263E-01
7.600E-04 4.30E-02 2.17E-04 8.50E-03 2.30E-05 9.14E-04 1.71E-10 4.15E-03 2.83E-11 1.95E-04 1.71E-01 1.03E-01 3.313E-01
7.500E-04 4.31E-02 2.26E-04 7.91E-03 2.50E-05 9.33E-04 1.81E-10 3.48E-03 3.45E-11 1.63E-04 1.70E-01 1.12E-01 3.374E-01
7.300E-04 4.37E-02 2.48E-04 7.01E-03 2.96E-05 9.74E-04 2.01E-10 2.92E-03 4.92E-11 1.04E-04 1.72E-01 1.29E-01 3.554E-01
7.200E-04 4.38E-02 2.58E-04 6.72E-03 3.21E-05 9.96E-04 2.12E-10 2.82E-03 5.68E-11 8.81E-05 1.73E-01 1.36E-01 3.636E-01
7.100E-04 4.39E-02 2.70E-04 6.54E-03 3.48E-05 1.02E-03 2.25E-10 2.74E-03 6.54E-11 8.67E-05 1.74E-01 1.44E-01 3.728E-01
7.000E-04 4.44E-02 2.83E-04 6.37E-03 3.75E-05 1.04E-03 2.38E-10 2.71E-03 7.40E-11 1.18E-04 1.76E-01 1.51E-01 3.822E-01
6.900E-04 4.46E-02 2.94E-04 6.12E-03 4.03E-05 1.07E-03 2.52E-10 2.70E-03 8.34E-11 7.23E-05 1.77E-01 1.57E-01 3.896E-01
6.800E-04 4.40E-02 3.05E-04 5.79E-03 4.33E-05 1.09E-03 2.67E-10 2.70E-03 9.29E-11 5.81E-05 1.77E-01 1.65E-01 3.961E-01
6.600E-04 4.42E-02 3.44E-04 5.22E-03 5.04E-05 1.15E-03 3.00E-10 2.70E-03 1.14E-10 5.63E-05 1.81E-01 1.81E-01 4.152E-01
6.400E-04 4.55E-02 3.88E-04 4.52E-03 5.87E-05 1.20E-03 3.39E-10 2.69E-03 1.38E-10 8.19E-05 1.86E-01 1.94E-01 4.342E-01
6.300E-04 4.65E-02 4.10E-04 4.22E-03 6.38E-05 1.22E-03 3.62E-10 2.68E-03 1.52E-10 1.24E-04 1.88E-01 1.99E-01 4.424E-01
6.200E-04 4.67E-02 4.29E-04 4.15E-03 6.94E-05 1.27E-03 3.85E-10 2.67E-03 1.66E-10 1.65E-04 1.89E-01 2.05E-01 4.500E-01
6.100E-04 4.72E-02 4.54E-04 4.13E-03 7.47E-05 1.30E-03 4.11E-10 2.65E-03 1.82E-10 1.22E-04 1.91E-01 2.12E-01 4.584E-01
5.900E-04 4.92E-02 5.11E-04 3.39E-03 8.70E-05 1.37E-03 4.69E-10 2.61E-03 2.18E-10 6.07E-05 1.95E-01 2.23E-01 4.751E-01
5.500E-04 4.76E-02 6.14E-04 2.52E-03 1.22E-04 1.54E-03 6.19E-10 2.57E-03 3.12E-10 5.40E-05 1.94E-01 2.53E-01 5.019E-01
5.300E-04 4.80E-02 7.07E-04 2.25E-03 1.46E-04 1.64E-03 7.17E-10 2.58E-03 3.74E-10 7.99E-05 1.97E-01 2.68E-01 5.206E-01
5.200E-04 4.82E-02 7.57E-04 2.11E-03 1.59E-04 1.69E-03 7.73E-10 2.59E-03 4.10E-10 1.20E-04 1.98E-01 2.76E-01 5.295E-01
5.100E-04 4.86E-02 8.15E-04 1.98E-03 1.74E-04 1.74E-03 8.34E-10 2.60E-03 4.50E-10 1.61E-04 2.00E-01 2.83E-01 5.389E-01
5.000E-04 4.92E-02 8.77E-04 1.83E-03 1.93E-04 1.80E-03 9.02E-10 2.61E-03 4.94E-10 1.21E-04 2.02E-01 2.90E-01 5.478E-01
4.800E-04 4.99E-02 1.01E-03 1.62E-03 2.32E-04 1.92E-03 1.06E-09 2.66E-03 5.96E-10 6.49E-05 2.05E-01 3.03E-01 5.650E-01
4.500E-04 5.18E-02 1.27E-03 1.36E-03 3.09E-04 2.13E-03 1.37E-09 2.75E-03 7.96E-10 5.54E-05 2.09E-01 3.20E-01 5.892E-01
4.000E-04 5.41E-02 1.94E-03 1.01E-03 5.14E-04 2.56E-03 2.18E-09 2.96E-03 1.33E-09 6.44E-05 2.17E-01 3.47E-01 6.269E-01
3.800E-04 5.54E-02 2.34E-03 8.90E-04 6.39E-04 2.77E-03 2.67E-09 3.05E-03 1.66E-09 7.20E-05 2.20E-01 3.55E-01 6.403E-01
3.600E-04 5.69E-02 2.86E-03 7.82E-04 8.04E-04 3.02E-03 3.30E-09 3.16E-03 2.08E-09 8.52E-05 2.23E-01 3.62E-01 6.522E-01
3.400E-04 5.98E-02 3.51E-03 6.89E-04 1.02E-03 3.30E-03 4.13E-09 3.27E-03 2.65E-09 1.49E-04 2.28E-01 3.64E-01 6.632E-01
3.300E-04 5.99E-02 3.87E-03 6.45E-04 1.16E-03 3.46E-03 4.65E-09 3.32E-03 3.00E-09 3.44E-04 2.28E-01 3.67E-01 6.676E-01
3.200E-04 6.02E-02 4.35E-03 6.01E-04 1.32E-03 3.64E-03 5.24E-09 3.38E-03 3.40E-09 1.57E-04 2.28E-01 3.70E-01 6.719E-01
3.150E-04 6.09E-02 4.62E-03 5.82E-04 1.40E-03 3.73E-03 5.58E-09 3.41E-03 3.63E-09 1.29E-04 2.29E-01 3.70E-01 6.743E-01
3.100E-04 6.16E-02 4.91E-03 5.63E-04 1.50E-03 3.82E-03 5.94E-09 3.43E-03 3.88E-09 1.19E-04 2.30E-01 3.70E-01 6.766E-01
3.080E-04 6.18E-02 5.02E-03 5.55E-04 1.54E-03 3.86E-03 6.09E-09 3.45E-03 3.99E-09 1.17E-04 2.31E-01 3.71E-01 6.775E-01
3.050E-04 6.20E-02 5.20E-03 5.43E-04 1.61E-03 3.92E-03 6.33E-09 3.47E-03 4.15E-09 1.16E-04 2.31E-01 3.71E-01 6.788E-01
3.000E-04 6.25E-02 5.53E-03 5.26E-04 1.72E-03 4.02E-03 6.76E-09 3.50E-03 4.44E-09 1.16E-04 2.32E-01 3.71E-01 6.810E-01
2.900E-04 6.40E-02 6.26E-03 4.90E-04 1.98E-03 4.24E-03 7.72E-09 3.58E-03 5.11E-09 1.20E-04 2.33E-01 3.72E-01 6.855E-01
2.800E-04 6.46E-02 7.09E-03 4.58E-04 2.28E-03 4.48E-03 8.87E-09 3.66E-03 5.90E-09 1.26E-04 2.34E-01 3.73E-01 6.895E-01
2.600E-04 6.68E-02 9.37E-03 3.97E-04 3.09E-03 5.03E-03 1.19E-08 3.84E-03 7.99E-09 1.45E-04 2.36E-01 3.75E-01 6.997E-01
2.500E-04 6.85E-02 1.09E-02 3.70E-04 3.63E-03 5.34E-03 1.38E-08 3.94E-03 9.37E-09 1.58E-04 2.38E-01 3.76E-01 7.061E-01
2.200E-04 7.58E-02 1.75E-02 2.99E-04 6.09E-03 6.49E-03 2.28E-08 4.32E-03 1.57E-08 2.07E-04 2.43E-01 3.79E-01 7.325E-01
2.159E-04 7.67E-02 1.88E-02 2.90E-04 6.57E-03 6.69E-03 2.46E-08 4.38E-03 1.70E-08 2.15E-04 2.43E-01 3.80E-01 7.367E-01
2.000E-04 8.19E-02 2.48E-02 2.62E-04 8.92E-03 7.52E-03 3.32E-08 4.63E-03 2.31E-08 2.55E-04 2.46E-01 3.82E-01 7.564E-01
1.662E-04 9.59E-02 4.67E-02 2.11E-04 1.85E-02 9.99E-03 6.84E-08 5.37E-03 4.88E-08 3.94E-04 2.50E-01 3.83E-01 8.100E-01
1.650E-04 9.65E-02 4.78E-02 2.08E-04 1.90E-02 1.01E-02 7.04E-08 5.40E-03 5.02E-08 4.01E-04 2.50E-01 3.83E-01 8.124E-01
1.250E-04 1.31E-01 1.11E-01 1.93E-04 5.26E-02 1.55E-02 2.09E-07 6.86E-03 1.53E-07 8.01E-04 2.56E-01 3.75E-01 9.490E-01
1.235E-04 1.33E-01 1.15E-01 1.91E-04 5.48E-02 1.58E-02 2.19E-07 6.93E-03 1.60E-07 8.26E-04 2.56E-01 3.75E-01 9.572E-01
1.130E-04 1.49E-01 1.45E-01 2.00E-04 7.38E-02 1.82E-02 3.10E-07 7.53E-03 2.29E-07 1.03E-03 2.58E-01 3.70E-01 1.024E+00
1.000E-04 1.75E-01 1.94E-01 2.26E-04 1.09E-01 2.22E-02 4.99E-07 8.44E-03 3.73E-07 1.40E-03 2.62E-01 3.62E-01 1.134E+00
9.500E-05 1.88E-01 2.16E-01 2.30E-04 1.28E-01 2.41E-02 6.09E-07 8.86E-03 4.58E-07 1.60E-03 2.63E-01 3.58E-01 1.187E+00
9.300E-05 1.93E-01 2.24E-01 2.34E-04 1.37E-01 2.50E-02 6.62E-07 9.04E-03 4.99E-07 1.68E-03 2.63E-01 3.56E-01 1.209E+00
9.200E-05 1.95E-01 2.29E-01 2.37E-04 1.41E-01 2.54E-02 6.90E-07 9.14E-03 5.21E-07 1.73E-03 2.64E-01 3.55E-01 1.221E+00
9.100E-05 1.98E-01 2.33E-01 2.44E-04 1.46E-01 2.59E-02 7.20E-07 9.23E-03 5.44E-07 1.77E-03 2.64E-01 3.54E-01 1.233E+00
9.000E-05 2.00E-01 2.38E-01 2.47E-04 1.51E-01 2.63E-02 7.52E-07 9.33E-03 5.68E-07 1.82E-03 2.64E-01 3.53E-01 1.245E+00
8.900E-05 2.03E-01 2.43E-01 2.53E-04 1.57E-01 2.68E-02 7.85E-07 9.43E-03 5.94E-07 1.87E-03 2.64E-01 3.52E-01 1.257E+00
8.800E-05 2.05E-01 2.47E-01 2.54E-04 1.62E-01 2.73E-02 8.20E-07 9.53E-03 6.22E-07 1.93E-03 2.65E-01 3.52E-01 1.270E+00
8.700E-05 2.08E-01 2.52E-01 2.63E-04 1.68E-01 2.78E-02 8.58E-07 9.63E-03 6.51E-07 1.98E-03 2.65E-01 3.51E-01 1.284E+00
8.600E-05 2.11E-01 2.57E-01 2.65E-04 1.74E-01 2.83E-02 8.97E-07 9.74E-03 6.82E-07 2.04E-03 2.65E-01 3.50E-01 1.297E+00
8.500E-05 2.13E-01 2.62E-01 2.71E-04 1.81E-01 2.88E-02 9.38E-07 9.84E-03 7.15E-07 2.10E-03 2.65E-01 3.49E-01 1.311E+00
8.400E-05 2.16E-01 2.68E-01 2.74E-04 1.87E-01 2.94E-02 9.83E-07 9.96E-03 7.49E-07 2.16E-03 2.65E-01 3.48E-01 1.326E+00
8.330E-05 2.18E-01 2.71E-01 2.80E-04 1.92E-01 2.98E-02 1.01E-06 1.00E-02 7.75E-07 2.20E-03 2.65E-01 3.47E-01 1.336E+00
8.200E-05 2.22E-01 2.78E-01 2.84E-04 2.02E-01 3.05E-02 1.08E-06 1.02E-02 8.25E-07 2.29E-03 2.66E-01 3.46E-01 1.356E+00
8.100E-05 2.25E-01 2.84E-01 2.92E-04 2.09E-01 3.11E-02 1.13E-06 1.03E-02 8.67E-07 2.36E-03 2.66E-01 3.45E-01 1.372E+00
8.000E-05 2.28E-01 2.89E-01 2.96E-04 2.17E-01 3.17E-02 1.19E-06 1.04E-02 9.11E-07 2.43E-03 2.66E-01 3.44E-01 1.389E+00
7.900E-05 2.31E-01 2.94E-01 3.02E-04 2.26E-01 3.23E-02 1.25E-06 1.05E-02 9.58E-07 2.51E-03 2.66E-01 3.43E-01 1.406E+00
7.800E-05 2.35E-01 3.00E-01 3.11E-04 2.34E-01 3.30E-02 1.31E-06 1.07E-02 1.01E-06 2.59E-03 2.66E-01 3.42E-01 1.424E+00
7.700E-05 2.39E-01 3.05E-01 3.18E-04 2.43E-01 3.36E-02 1.38E-06 1.08E-02 1.06E-06 2.67E-03 2.67E-01 3.41E-01 1.442E+00
7.600E-05 2.42E-01 3.10E-01 3.30E-04 2.53E-01 3.43E-02 1.45E-06 1.09E-02 1.12E-06 2.75E-03 2.67E-01 3.39E-01 1.460E+00
7.500E-05 2.47E-01 3.15E-01 3.40E-04 2.63E-01 3.50E-02 1.52E-06 1.11E-02 1.18E-06 2.84E-03 2.67E-01 3.38E-01 1.479E+00
7.400E-05 2.51E-01 3.20E-01 3.54E-04 2.73E-01 3.57E-02 1.60E-06 1.12E-02 1.25E-06 2.94E-03 2.67E-01 3.37E-01 1.498E+00
7.300E-05 2.55E-01 3.25E-01 3.71E-04 2.83E-01 3.65E-02 1.69E-06 1.14E-02 1.32E-06 3.04E-03 2.68E-01 3.36E-01 1.518E+00
7.140E-05 2.62E-01 3.33E-01 3.82E-04 3.01E-01 3.77E-02 1.84E-06 1.16E-02 1.44E-06 3.20E-03 2.68E-01 3.33E-01 1.551E+00
7.100E-05 2.64E-01 3.35E-01 3.84E-04 3.06E-01 3.80E-02 1.88E-06 1.17E-02 1.47E-06 3.25E-03 2.68E-01 3.33E-01 1.559E+00
7.000E-05 2.69E-01 3.39E-01 3.97E-04 3.18E-01 3.88E-02 1.99E-06 1.18E-02 1.56E-06 3.36E-03 2.68E-01 3.32E-01 1.580E+00
6.900E-05 2.73E-01 3.44E-01 4.10E-04 3.30E-01 3.97E-02 2.10E-06 1.20E-02 1.65E-06 3.48E-03 2.69E-01 3.30E-01 1.602E+00
6.800E-05 2.78E-01 3.49E-01 4.28E-04 3.43E-01 4.06E-02 2.23E-06 1.21E-02 1.75E-06 3.60E-03 2.69E-01 3.29E-01 1.624E+00
6.700E-05 2.83E-01 3.53E-01 4.45E-04 3.57E-01 4.15E-02 2.36E-06 1.23E-02 1.86E-06 3.73E-03 2.69E-01 3.27E-01 1.647E+00
6.600E-05 2.88E-01 3.57E-01 4.65E-04 3.71E-01 4.24E-02 2.50E-06 1.25E-02 1.97E-06 3.87E-03 2.69E-01 3.26E-01 1.670E+00
6.500E-05 2.93E-01 3.62E-01 4.74E-04 3.85E-01 4.34E-02 2.65E-06 1.27E-02 2.10E-06 4.02E-03 2.69E-01 3.24E-01 1.693E+00
6.400E-05 2.98E-01 3.66E-01 4.86E-04 4.00E-01 4.44E-02 2.82E-06 1.29E-02 2.23E-06 4.17E-03 2.70E-01 3.23E-01 1.717E+00
6.300E-05 3.03E-01 3.70E-01 5.01E-04 4.15E-01 4.55E-02 3.00E-06 1.30E-02 2.38E-06 4.34E-03 2.70E-01 3.21E-01 1.742E+00
6.250E-05 3.06E-01 3.71E-01 5.04E-04 4.23E-01 4.60E-02 3.09E-06 1.31E-02 2.46E-06 4.42E-03 2.70E-01 3.20E-01 1.754E+00
6.200E-05 3.09E-01 3.73E-01 5.19E-04 4.31E-01 4.66E-02 3.19E-06 1.32E-02 2.54E-06 4.51E-03 2.70E-01 3.20E-01 1.767E+00
6.100E-05 3.14E-01 3.76E-01 5.42E-04 4.47E-01 4.77E-02 3.40E-06 1.35E-02 2.71E-06 4.69E-03 2.70E-01 3.18E-01 1.792E+00
6.000E-05 3.20E-01 3.79E-01 5.67E-04 4.64E-01 4.89E-02 3.63E-06 1.37E-02 2.90E-06 4.88E-03 2.70E-01 3.16E-01 1.818E+00
5.900E-05 3.26E-01 3.82E-01 5.90E-04 4.82E-01 5.01E-02 3.88E-06 1.39E-02 3.10E-06 5.09E-03 2.70E-01 3.15E-01 1.845E+00
5.800E-05 3.33E-01 3.84E-01 6.16E-04 5.00E-01 5.13E-02 4.15E-06 1.41E-02 3.32E-06 5.31E-03 2.70E-01 3.13E-01 1.871E+00
5.700E-05 3.39E-01 3.85E-01 6.49E-04 5.19E-01 5.26E-02 4.44E-06 1.44E-02 3.56E-06 5.54E-03 2.71E-01 3.11E-01 1.899E+00
5.600E-05 3.46E-01 3.87E-01 6.83E-04 5.39E-01 5.40E-02 4.76E-06 1.46E-02 3.83E-06 5.79E-03 2.71E-01 3.10E-01 1.926E+00
5.500E-05 3.52E-01 3.87E-01 7.13E-04 5.59E-01 5.54E-02 5.11E-06 1.49E-02 4.11E-06 6.06E-03 2.71E-01 3.08E-01 1.954E+00
5.477E-05 3.54E-01 3.88E-01 7.16E-04 5.64E-01 5.57E-02 5.20E-06 1.49E-02 4.19E-06 9.78E-03 2.71E-01 3.08E-01 1.965E+00
5.400E-05 3.59E-01 3.88E-01 7.41E-04 5.80E-01 5.70E-02 5.50E-06 1.51E-02 4.43E-06 1.02E-02 2.71E-01 3.06E-01 1.987E+00
5.300E-05 3.65E-01 3.88E-01 7.76E-04 6.02E-01 5.88E-02 5.93E-06 1.54E-02 4.78E-06 1.07E-02 2.71E-01 3.05E-01 2.017E+00
5.200E-05 3.72E-01 3.87E-01 8.25E-04 6.25E-01 6.05E-02 6.41E-06 1.57E-02 5.17E-06 1.13E-02 2.71E-01 3.03E-01 2.047E+00
5.100E-05 3.78E-01 3.87E-01 8.72E-04 6.49E-01 6.24E-02 6.93E-06 1.59E-02 5.59E-06 1.19E-02 2.70E-01 3.02E-01 2.078E+00
5.000E-05 3.85E-01 3.86E-01 9.22E-04 6.74E-01 6.43E-02 7.51E-06 1.62E-02 6.06E-06 1.26E-02 2.70E-01 3.00E-01 2.109E+00
4.900E-05 3.91E-01 3.85E-01 9.69E-04 7.00E-01 6.64E-02 8.14E-06 1.66E-02 6.58E-06 1.34E-02 2.70E-01 2.99E-01 2.141E+00
4.880E-05 3.92E-01 3.84E-01 9.79E-04 7.05E-01 6.68E-02 8.28E-06 1.66E-02 6.69E-06 1.36E-02 2.70E-01 2.98E-01 2.148E+00
4.800E-05 3.97E-01 3.83E-01 1.02E-03 7.26E-01 6.88E-02 8.86E-06 1.69E-02 7.16E-06 1.42E-02 2.70E-01 2.97E-01 2.174E+00
4.760E-05 3.99E-01 3.83E-01 1.05E-03 7.37E-01 6.98E-02 9.17E-06 1.70E-02 7.41E-06 1.46E-02 2.70E-01 2.97E-01 2.188E+00
4.700E-05 4.02E-01 3.82E-01 1.09E-03 7.53E-01 7.15E-02 9.66E-06 1.72E-02 7.80E-06 1.52E-02 2.70E-01 2.96E-01 2.208E+00
4.650E-05 4.05E-01 3.81E-01 1.12E-03 7.67E-01 7.29E-02 1.01E-05 1.74E-02 8.15E-06 1.57E-02 2.69E-01 2.95E-01 2.225E+00
4.600E-05 4.08E-01 3.80E-01 1.16E-03 7.81E-01 7.43E-02 1.05E-05 1.76E-02 8.52E-06 1.62E-02 2.69E-01 2.95E-01 2.242E+00
4.550E-05 4.11E-01 3.79E-01 1.21E-03 7.95E-01 7.57E-02 1.10E-05 1.78E-02 8.91E-06 1.68E-02 2.69E-01 2.94E-01 2.260E+00
4.500E-05 4.13E-01 3.79E-01 1.26E-03 8.09E-01 7.72E-02 1.15E-05 1.79E-02 9.32E-06 1.74E-02 2.69E-01 2.94E-01 2.277E+00
4.440E-05 4.17E-01 3.78E-01 1.33E-03 8.26E-01 7.91E-02 1.22E-05 1.82E-02 9.84E-06 1.81E-02 2.69E-01 2.93E-01 2.299E+00
4.350E-05 4.21E-01 3.76E-01 1.46E-03 8.52E-01 8.21E-02 1.33E-05 1.85E-02 1.07E-05 1.94E-02 2.68E-01 2.92E-01 2.331E+00
4.170E-05 4.30E-01 3.73E-01 1.77E-03 9.07E-01 8.91E-02 1.58E-05 1.93E-02 1.27E-05 2.23E-02 2.67E-01 2.90E-01 2.399E+00
4.000E-05 4.37E-01 3.70E-01 2.34E-03 9.59E-01 9.64E-02 1.88E-05 2.00E-02 1.51E-05 2.59E-02 2.66E-01 2.89E-01 2.465E+00
3.850E-05 4.43E-01 3.67E-01 3.09E-03 1.01E+00 1.03E-01 2.20E-05 2.07E-02 1.77E-05 2.98E-02 2.65E-01 2.87E-01 2.525E+00
3.656E-05 4.50E-01 3.64E-01 4.54E-03 1.07E+00 1.13E-01 2.74E-05 2.17E-02 2.20E-05 3.65E-02 2.64E-01 2.86E-01 2.605E+00
3.570E-05 4.52E-01 3.62E-01 5.30E-03 1.09E+00 1.18E-01 3.03E-05 2.21E-02 2.43E-05 4.03E-02 2.63E-01 2.86E-01 2.641E+00
3.330E-05 4.59E-01 3.58E-01 7.92E-03 1.16E+00 1.34E-01 4.16E-05 2.35E-02 3.25E-05 5.49E-02 2.61E-01 2.84E-01 2.742E+00
3.130E-05 4.63E-01 3.55E-01 1.05E-02 1.21E+00 1.54E-01 5.60E-05 2.48E-02 4.23E-05 7.50E-02 2.59E-01 2.84E-01 2.833E+00
3.000E-05 4.64E-01 3.53E-01 1.26E-02 1.23E+00 1.72E-01 6.95E-05 2.56E-02 5.08E-05 9.48E-02 2.58E-01 2.83E-01 2.898E+00
2.940E-05 4.65E-01 3.52E-01 1.36E-02 1.24E+00 1.81E-01 7.71E-05 2.60E-02 5.54E-05 1.07E-01 2.58E-01 2.83E-01 2.929E+00
2.780E-05 4.66E-01 3.50E-01 1.66E-02 1.26E+00 2.12E-01 1.06E-04 2.72E-02 7.07E-05 1.52E-01 2.56E-01 2.83E-01 3.024E+00
2.630E-05 4.66E-01 3.47E-01 1.96E-02 1.27E+00 2.59E-01 1.50E-04 2.82E-02 9.04E-05 2.23E-01 2.55E-01 2.82E-01 3.149E+00
2.500E-05 4.65E-01 3.46E-01 2.32E-02 1.27E+00 3.23E-01 2.19E-04 2.91E-02 1.14E-04 3.17E-01 2.53E-01 2.82E-01 3.305E+00
2.380E-05 4.64E-01 3.45E-01 2.76E-02 1.26E+00 4.45E-01 3.35E-04 2.92E-02 1.43E-04 4.18E-01 2.52E-01 2.82E-01 3.518E+00
2.270E-05 4.62E-01 3.42E-01 3.36E-02 1.24E+00 6.43E-01 4.90E-04 3.04E-02 1.79E-04 4.65E-01 2.51E-01 2.82E-01 3.753E+00
2.170E-05 4.60E-01 3.41E-01 4.18E-02 1.23E+00 8.69E-01 6.36E-04 3.42E-02 2.24E-04 4.23E-01 2.50E-01 2.82E-01 3.936E+00
2.080E-05 4.59E-01 3.40E-01 5.66E-02 1.23E+00 9.00E-01 5.91E-04 4.27E-02 2.78E-04 3.39E-01 2.48E-01 2.82E-01 3.900E+00
2.000E-05 4.56E-01 3.39E-01 1.95E-01 1.11E+00 7.80E-01 4.62E-04 5.43E-02 3.41E-04 2.62E-01 2.47E-01 2.82E-01 3.727E+00
1.920E-05 4.54E-01 3.39E-01 3.57E-01 9.58E-01 6.06E-01 3.18E-04 7.46E-02 4.24E-04 2.00E-01 2.46E-01 2.83E-01 3.518E+00
1.850E-05 4.54E-01 3.42E-01 4.47E-01 8.72E-01 4.75E-01 2.25E-04 1.00E-01 5.19E-04 1.58E-01 2.44E-01 2.83E-01 3.376E+00
1.790E-05 4.53E-01 3.44E-01 5.44E-01 7.69E-01 3.86E-01 1.72E-04 1.28E-01 6.22E-04 1.30E-01 2.43E-01 2.84E-01 3.281E+00
1.720E-05 4.52E-01 3.45E-01 6.03E-01 7.03E-01 3.10E-01 1.36E-04 1.77E-01 7.79E-04 1.06E-01 2.41E-01 2.85E-01 3.224E+00
1.670E-05 4.52E-01 3.47E-01 6.27E-01 6.76E-01 2.65E-01 1.24E-04 2.23E-01 9.21E-04 9.36E-02 2.39E-01 2.85E-01 3.210E+00
1.610E-05 4.52E-01 3.49E-01 6.44E-01 6.54E-01 2.24E-01 1.26E-04 3.04E-01 1.14E-03 8.18E-02 2.38E-01 2.86E-01 3.233E+00
1.560E-05 4.51E-01 3.50E-01 6.53E-01 6.40E-01 1.96E-01 1.43E-04 3.97E-01 1.36E-03 7.45E-02 2.36E-01 2.87E-01 3.288E+00
1.520E-05 4.51E-01 3.51E-01 6.58E-01 6.31E-01 1.78E-01 1.66E-04 4.97E-01 1.56E-03 7.02E-02 2.35E-01 2.88E-01 3.360E+00
1.470E-05 4.50E-01 3.52E-01 6.61E-01 6.22E-01 1.58E-01 2.09E-04 6.40E-01 1.85E-03 6.66E-02 2.33E-01 2.89E-01 3.473E+00
1.430E-05 4.48E-01 3.52E-01 6.61E-01 6.15E-01 1.49E-01 2.62E-04 7.62E-01 2.07E-03 6.51E-02 2.32E-01 2.89E-01 3.577E+00
1.390E-05 4.47E-01 3.52E-01 6.61E-01 6.09E-01 1.44E-01 3.32E-04 8.58E-01 2.30E-03 6.49E-02 2.32E-01 2.88E-01 3.659E+00
1.350E-05 4.45E-01 3.52E-01 6.60E-01 6.03E-01 1.44E-01 4.26E-04 9.48E-01 2.57E-03 6.61E-02 2.32E-01 2.88E-01 3.740E+00
1.320E-05 4.43E-01 3.52E-01 6.59E-01 5.98E-01 1.47E-01 5.18E-04 1.02E+00 2.82E-03 6.80E-02 2.31E-01 2.88E-01 3.808E+00
1.280E-05 4.41E-01 3.53E-01 6.57E-01 5.92E-01 1.57E-01 6.79E-04 1.12E+00 3.21E-03 7.24E-02 2.30E-01 2.88E-01 3.915E+00
1.250E-05 4.40E-01 3.53E-01 6.55E-01 5.90E-01 1.70E-01 8.37E-04 1.20E+00 3.56E-03 7.73E-02 2.30E-01 2.88E-01 4.011E+00
1.220E-05 4.38E-01 3.53E-01 6.53E-01 5.89E-01 1.90E-01 1.04E-03 1.30E+00 3.96E-03 8.39E-02 2.29E-01 2.88E-01 4.126E+00
1.190E-05 4.36E-01 3.53E-01 6.52E-01 5.93E-01 2.16E-01 1.29E-03 1.40E+00 4.44E-03 9.29E-02 2.29E-01 2.88E-01 4.265E+00
1.160E-05 4.33E-01 3.53E-01 6.51E-01 5.96E-01 2.46E-01 1.60E-03 1.51E+00 5.01E-03 1.05E-01 2.28E-01 2.88E-01 4.421E+00
1.140E-05 4.31E-01 3.53E-01 6.50E-01 5.97E-01 2.72E-01 1.89E-03 1.60E+00 5.44E-03 1.15E-01 2.27E-01 2.88E-01 4.539E+00
1.110E-05 4.28E-01 3.52E-01 6.48E-01 5.98E-01 3.11E-01 2.46E-03 1.74E+00 6.21E-03 1.35E-01 2.27E-01 2.89E-01 4.737E+00
1.080E-05 4.25E-01 3.51E-01 6.45E-01 5.99E-01 4.20E-01 3.28E-03 1.91E+00 7.16E-03 1.62E-01 2.26E-01 2.89E-01 5.038E+00
1.050E-05 4.21E-01 3.50E-01 6.43E-01 6.01E-01 5.60E-01 4.26E-03 2.12E+00 8.38E-03 1.99E-01 2.25E-01 2.90E-01 5.421E+00
1.030E-05 4.19E-01 3.50E-01 6.41E-01 6.01E-01 6.68E-01 4.88E-03 2.32E+00 9.33E-03 2.30E-01 2.24E-01 2.90E-01 5.756E+00
1.000E-05 4.15E-01 3.48E-01 6.38E-01 6.03E-01 8.19E-01 5.96E-03 2.60E+00 1.07E-02 2.90E-01 2.23E-01 2.90E-01 6.244E+00
9.750E-06 4.12E-01 3.47E-01 6.35E-01 6.04E-01 9.94E-01 7.39E-03 2.83E+00 1.19E-02 3.50E-01 2.22E-01 2.90E-01 6.703E+00
9.500E-06 4.08E-01 3.46E-01 6.31E-01 6.06E-01 1.20E+00 8.75E-03 3.07E+00 1.33E-02 4.12E-01 2.22E-01 2.90E-01 7.204E+00
9.250E-06 4.05E-01 3.44E-01 6.28E-01 6.07E-01 1.35E+00 9.77E-03 3.32E+00 1.46E-02 4.57E-01 2.22E-01 2.90E-01 7.644E+00
9.080E-06 4.02E-01 3.43E-01 6.21E-01 6.05E-01 1.44E+00 1.05E-02 3.46E+00 1.53E-02 4.67E-01 2.22E-01 2.89E-01 7.878E+00
