  ++++++++++++++++++++++++++++++++++++++++++++++++++++++++++++++++++++++++
   --> crossec_dd              START                            ++++++++++
  
 ** Reading 8 input parameters from file jsm12fit.inp
 ** Reading 2 input parameters from file jsmTaufit.inp
               ** Rv(Av), tauV, ebv_obs=      5.88    1.96    0.36
               ** abuc                 =       61.25
               ** abusi                =       15.00
               ** abuvsi               =        6.36
               ** abucvgr              =       13.58
               ** abucpah              =        7.00
               ** fDark                =        0.33
               ** qmrn                 =        2.13
               ** alec                 =    2.83E-05
               ** alesi                =    2.45E-05
               ** arad_polmin_aC       =    1.20E-05
               ** arad_polmin_Si       =    8.00E-06
               ** arad_Darkmax         =    3.10E-04
     *** 5% vaccum and Demyk+22 mix := X50A (92.2%) and E20R 2.8% per volumne
     ***     porosity of aC and SI Mix     0.05
  *** rhc, rhgr, rhsi, wmol  1.52E+00  2.24E+00  2.58E+00  1.00E+02
  Relative volume in Dark dust  :
       aC        Si        Eis       Vac       total
       0.30      0.50      0.00      0.20      1.00
     Density of porous Dark dust =    1.75
     ***     open:   d.QSi_X922E028V005_idg60 
     ***     open:   d.QellipaC
     ***     open:   d.QellipDark
 0  2.0  X92E3V5   2  1.0                                                       
 0  2.0  ACH2_zub  2 10.000                                                     
 0  1.0  Si50C30V  0    0                                                       
# graphiteDraine2003 nw =          283 nr =            5                        
# asil_D03 nw =          283 nr =            5                                  
       Radii aC  :    6.00E-07  2.83E-05    1   80
       Radii Si  :    6.00E-07  2.45E-05    1   77
       Radii Dark :   2.83E-05  3.09E-04   80  129
       small PAH: zcpah, zhpah
                   30.0   12.0
   Change 2175AA PAH bump using ./Input/PAH2170.wq
   wel(ir_res(18)), x2170, gam2170,  gam_res(18) 
    0.2270     4.41     1.91  1.800E+15     old : as in data statement    
    0.2174     4.60     1.25  2.347E+15     used: as in ./Input/PAH2170.wq
   --- iter=  1  : Mmrn, Mdark, fdark, del     0.20     0.80     0.57     0.71
       small PAH: zcpah, zhpah
                   30.0   12.0
   Change 2175AA PAH bump using ./Input/PAH2170.wq
   wel(ir_res(18)), x2170, gam2170,  gam_res(18) 
    0.2270     4.41     2.49  2.347E+15     old : as in data statement    
    0.2174     4.60     1.25  2.347E+15     used: as in ./Input/PAH2170.wq
   --- iter=  2  : Mmrn, Mdark, fdark, del     0.39     0.61     0.59     0.04
     abusi    abuc_tot abucaC     abugr   abuvsi  abucpahs  abucpahb 
     15.0     81.8     61.2     13.6      6.4      7.0      0.0
  acmass,   Simass,   vgrmass,  vsimass,  pahmass,  tmassDark 
  9.51E-02  1.94E-01  2.11E-02  1.11E-01  1.09E-02  5.68E-01
 Mass of MRN, Dark, Mtot, fDar   0.43   0.57   1.00   0.59
          Tab2: tauV_tot, tauV_dark   =     1.96    0.58
          N_large+vsg,   N_dark       =    1.068E-04   1.658E-04
          Mass_mrn, Mass_dark, fdark  =    3.917E-01   6.083E-01   5.884E-01
                                        
  ++++++++++++++++++++++++++++++++++++++++++++++++++++++++++++++++++++++++++++++
  +++ Dark dust model (Siebennmorgen 2023 A&A, 670A, 115                     +++
  +++ Amount of dark dust: Eq.2,3 in SC 2023 doi: 10.48550/arXiv.2311.03310) +++
  +++                crossec_dd              DONE                     ++++++++++
         
