 # Optical depth (Siebenmorgen 2023, A&A 670A,115; SC 2023 doi: 10.48550/arXiv.2311.03310)
 # wel(cm) sa_aC    ss_aC    sa_Si    ss_Si    sa_vgr   ss_vgr   sa_vsi   ss_vsi   s_pahS+B sa_Dark  ss_Dark sigt 
 # ------------------------------------------------------------------------------------------------------------- 
1.000E+00 1.84E-07 2.60E-16 6.75E-07 1.12E-16 8.72E-09 7.75E-23 2.11E-07 3.35E-22 1.92E-11 8.71E-06 2.01E-12 9.789E-06
9.000E-01 2.16E-07 3.96E-16 7.97E-07 1.70E-16 1.11E-08 1.18E-22 2.51E-07 5.11E-22 2.38E-11 1.01E-05 3.06E-12 1.142E-05
8.000E-01 2.58E-07 6.35E-16 9.59E-07 2.73E-16 1.45E-08 1.89E-22 3.05E-07 8.17E-22 3.01E-11 1.20E-05 4.90E-12 1.358E-05
7.000E-01 3.16E-07 1.08E-15 1.19E-06 4.65E-16 1.95E-08 3.23E-22 3.76E-07 1.39E-21 3.93E-11 1.46E-05 8.35E-12 1.651E-05
6.000E-01 3.99E-07 2.00E-15 1.51E-06 8.62E-16 2.70E-08 5.98E-22 4.83E-07 2.58E-21 5.35E-11 1.83E-05 1.54E-11 2.075E-05
5.500E-01 4.57E-07 2.84E-15 1.74E-06 1.22E-15 3.23E-08 8.47E-22 5.57E-07 3.66E-21 6.36E-11 2.08E-05 2.19E-11 2.361E-05
5.000E-01 5.29E-07 4.15E-15 2.03E-06 1.79E-15 3.92E-08 1.24E-21 6.46E-07 5.35E-21 7.70E-11 2.40E-05 3.20E-11 2.720E-05
4.500E-01 6.23E-07 6.33E-15 2.40E-06 2.72E-15 4.83E-08 1.89E-21 7.70E-07 8.15E-21 9.50E-11 2.80E-05 4.87E-11 3.186E-05
4.000E-01 7.49E-07 1.01E-14 2.90E-06 4.36E-15 6.05E-08 3.03E-21 9.25E-07 1.31E-20 1.20E-10 3.34E-05 7.79E-11 3.801E-05
3.500E-01 9.24E-07 1.73E-14 3.59E-06 7.44E-15 7.75E-08 5.17E-21 1.16E-06 2.23E-20 1.57E-10 4.08E-05 1.33E-10 4.654E-05
3.000E-01 1.18E-06 3.20E-14 4.61E-06 1.38E-14 1.02E-07 9.57E-21 1.47E-06 4.12E-20 2.14E-10 5.14E-05 2.45E-10 5.877E-05
2.500E-01 1.58E-06 6.63E-14 6.19E-06 2.86E-14 1.39E-07 1.98E-20 1.97E-06 8.54E-20 3.08E-10 6.78E-05 5.08E-10 7.770E-05
2.098E-01 2.10E-06 1.34E-13 8.23E-06 5.77E-14 1.85E-07 4.00E-20 2.62E-06 1.72E-19 4.37E-10 8.87E-05 1.02E-09 1.018E-04
1.500E-01 3.66E-06 5.11E-13 1.43E-05 2.21E-13 3.53E-07 1.53E-19 4.49E-06 6.58E-19 8.55E-10 1.49E-04 3.89E-09 1.721E-04
1.382E-01 4.19E-06 7.09E-13 1.63E-05 3.06E-13 4.16E-07 2.12E-19 5.15E-06 9.13E-19 1.01E-09 1.70E-04 5.39E-09 1.960E-04
1.320E-01 4.53E-06 8.51E-13 1.76E-05 3.68E-13 4.56E-07 2.55E-19 5.55E-06 1.10E-18 1.10E-09 1.83E-04 6.48E-09 2.108E-04
1.150E-01 5.73E-06 1.48E-12 2.21E-05 6.39E-13 5.97E-07 4.43E-19 6.92E-06 1.90E-18 1.46E-09 2.28E-04 1.12E-08 2.628E-04
1.000E-01 7.28E-06 2.58E-12 2.77E-05 1.12E-12 7.85E-07 7.75E-19 8.65E-06 3.33E-18 1.92E-09 2.85E-04 1.96E-08 3.294E-04
9.970E-02 7.32E-06 2.61E-12 2.79E-05 1.13E-12 7.90E-07 7.84E-19 8.69E-06 3.37E-18 1.94E-09 2.86E-04 1.98E-08 3.310E-04
8.670E-02 9.22E-06 4.57E-12 3.52E-05 1.98E-12 1.04E-06 1.37E-18 1.09E-05 5.88E-18 2.56E-09 3.56E-04 3.46E-08 4.126E-04
8.500E-02 9.55E-06 4.95E-12 3.63E-05 2.14E-12 1.08E-06 1.48E-18 1.13E-05 6.37E-18 2.66E-09 3.68E-04 3.74E-08 4.268E-04
7.500E-02 1.21E-05 8.16E-12 4.47E-05 3.54E-12 1.38E-06 2.45E-18 1.37E-05 1.05E-17 3.42E-09 4.60E-04 6.16E-08 5.324E-04
6.000E-02 1.78E-05 1.99E-11 6.45E-05 8.68E-12 2.12E-06 5.98E-18 1.99E-05 2.57E-17 5.35E-09 6.55E-04 1.50E-07 7.600E-04
5.500E-02 2.07E-05 2.82E-11 7.22E-05 1.23E-11 2.50E-06 8.46E-18 2.33E-05 3.64E-17 6.36E-09 7.57E-04 2.12E-07 8.758E-04
5.000E-02 2.46E-05 4.14E-11 8.95E-05 1.82E-11 2.98E-06 1.24E-17 2.77E-05 5.32E-17 7.70E-09 8.98E-04 3.11E-07 1.043E-03
4.500E-02 3.03E-05 6.31E-11 1.18E-04 2.79E-11 3.64E-06 1.89E-17 3.39E-05 8.12E-17 9.51E-09 1.10E-03 4.73E-07 1.283E-03
4.000E-02 3.90E-05 1.01E-10 1.58E-04 4.52E-11 4.53E-06 3.02E-17 4.28E-05 1.30E-16 1.20E-08 1.38E-03 7.56E-07 1.625E-03
3.500E-02 4.89E-05 1.73E-10 2.41E-04 7.77E-11 5.81E-06 5.16E-17 5.66E-05 2.23E-16 1.57E-08 1.70E-03 1.29E-06 2.056E-03
3.000E-02 6.89E-05 3.21E-10 3.75E-04 1.45E-10 7.75E-06 9.56E-17 7.95E-05 4.13E-16 2.14E-08 2.34E-03 2.38E-06 2.872E-03
2.750E-02 8.23E-05 4.55E-10 4.72E-04 2.05E-10 9.13E-06 1.35E-16 9.71E-05 5.85E-16 2.55E-08 2.74E-03 3.36E-06 3.400E-03
2.500E-02 9.90E-05 6.69E-10 6.02E-04 3.00E-10 1.09E-05 1.98E-16 1.22E-04 8.57E-16 3.09E-08 3.27E-03 4.91E-06 4.113E-03
2.400E-02 1.09E-04 7.87E-10 6.66E-04 3.53E-10 1.18E-05 2.34E-16 1.33E-04 1.01E-15 3.35E-08 3.52E-03 5.77E-06 4.449E-03
2.000E-02 1.59E-04 1.64E-09 1.04E-03 7.20E-10 1.67E-05 4.85E-16 1.92E-04 2.09E-15 4.83E-08 4.97E-03 1.19E-05 6.386E-03
1.800E-02 1.98E-04 2.52E-09 1.29E-03 1.08E-09 2.05E-05 7.40E-16 2.39E-04 3.19E-15 5.97E-08 6.11E-03 1.82E-05 7.870E-03
1.600E-02 2.63E-04 4.07E-09 1.60E-03 1.70E-09 2.60E-05 1.19E-15 3.05E-04 5.11E-15 7.56E-08 7.71E-03 2.89E-05 9.933E-03
1.500E-02 3.14E-04 5.30E-09 1.79E-03 2.17E-09 2.96E-05 1.54E-15 3.46E-04 6.62E-15 8.61E-08 8.76E-03 3.72E-05 1.128E-02
1.400E-02 3.57E-04 6.99E-09 2.01E-03 2.82E-09 3.42E-05 2.03E-15 3.99E-04 8.73E-15 9.89E-08 9.78E-03 4.90E-05 1.263E-02
1.200E-02 5.44E-04 1.31E-08 2.57E-03 5.05E-09 4.75E-05 3.78E-15 5.48E-04 1.62E-14 1.35E-07 1.32E-02 8.94E-05 1.703E-02
1.000E-02 8.26E-04 2.75E-08 3.39E-03 1.00E-08 7.19E-05 7.90E-15 7.99E-04 3.36E-14 1.95E-07 1.82E-02 1.84E-04 2.352E-02
9.000E-03 1.10E-03 4.24E-08 3.86E-03 1.48E-08 9.24E-05 1.21E-14 9.98E-04 5.13E-14 2.42E-07 2.24E-02 2.77E-04 2.869E-02
8.000E-03 1.46E-03 6.69E-08 4.49E-03 2.34E-08 1.24E-04 1.95E-14 1.28E-03 8.22E-14 3.08E-07 2.68E-02 4.36E-04 3.456E-02
7.500E-03 1.71E-03 8.76E-08 4.96E-03 3.03E-08 1.46E-04 2.54E-14 1.47E-03 1.06E-13 3.51E-07 3.04E-02 5.64E-04 3.929E-02
7.000E-03 2.06E-03 1.15E-07 5.57E-03 3.96E-08 1.75E-04 3.37E-14 1.70E-03 1.40E-13 4.05E-07 3.44E-02 7.34E-04 4.465E-02
6.000E-03 2.96E-03 2.08E-07 7.14E-03 7.22E-08 2.69E-04 6.35E-14 2.37E-03 2.60E-13 5.58E-07 4.51E-02 1.33E-03 5.914E-02
5.000E-03 4.22E-03 4.08E-07 1.01E-02 1.47E-07 4.72E-04 1.35E-13 3.49E-03 5.36E-13 8.21E-07 6.13E-02 2.70E-03 8.231E-02
4.500E-03 5.20E-03 5.92E-07 1.24E-02 2.19E-07 6.68E-04 2.08E-13 4.36E-03 8.13E-13 1.03E-06 7.37E-02 4.03E-03 1.004E-01
4.000E-03 6.19E-03 8.80E-07 1.55E-02 3.29E-07 9.78E-04 3.31E-13 5.56E-03 1.29E-12 1.34E-06 8.95E-02 6.29E-03 1.240E-01
3.500E-03 7.48E-03 1.39E-06 1.91E-02 5.19E-07 1.36E-03 5.29E-13 7.25E-03 2.17E-12 1.84E-06 1.12E-01 1.04E-02 1.578E-01
3.000E-03 9.23E-03 2.30E-06 2.35E-02 8.33E-07 1.43E-03 8.28E-13 9.92E-03 3.96E-12 2.77E-06 1.46E-01 1.80E-02 2.076E-01
2.750E-03 1.01E-02 3.02E-06 2.57E-02 1.07E-06 1.24E-03 1.07E-12 1.19E-02 5.52E-12 3.70E-06 1.67E-01 2.40E-02 2.396E-01
2.500E-03 1.09E-02 4.03E-06 2.82E-02 1.41E-06 9.74E-04 1.47E-12 1.46E-02 7.96E-12 6.02E-06 1.91E-01 3.21E-02 2.780E-01
2.400E-03 1.13E-02 4.59E-06 2.91E-02 1.58E-06 8.73E-04 1.70E-12 1.59E-02 9.24E-12 8.31E-06 2.02E-01 3.60E-02 2.953E-01
2.350E-03 1.16E-02 4.91E-06 2.97E-02 1.68E-06 8.26E-04 1.84E-12 1.67E-02 9.97E-12 9.78E-06 2.08E-01 3.80E-02 3.047E-01
2.320E-03 1.17E-02 5.11E-06 3.01E-02 1.74E-06 7.98E-04 1.94E-12 1.71E-02 1.04E-11 1.05E-05 2.11E-01 3.93E-02 3.102E-01
2.310E-03 1.18E-02 5.18E-06 3.02E-02 1.76E-06 7.90E-04 1.97E-12 1.73E-02 1.06E-11 1.07E-05 2.12E-01 3.97E-02 3.121E-01
2.300E-03 1.18E-02 5.25E-06 3.03E-02 1.78E-06 7.81E-04 2.00E-12 1.74E-02 1.08E-11 1.08E-05 2.13E-01 4.01E-02 3.140E-01
2.250E-03 1.20E-02 5.61E-06 3.10E-02 1.90E-06 7.38E-04 2.18E-12 1.83E-02 1.17E-11 1.13E-05 2.20E-01 4.24E-02 3.240E-01
2.200E-03 1.22E-02 6.01E-06 3.17E-02 2.02E-06 6.99E-04 2.38E-12 1.93E-02 1.27E-11 1.19E-05 2.25E-01 4.46E-02 3.340E-01
2.150E-03 1.24E-02 6.46E-06 3.26E-02 2.15E-06 6.63E-04 2.61E-12 2.03E-02 1.37E-11 1.29E-05 2.31E-01 4.68E-02 3.439E-01
2.120E-03 1.26E-02 6.74E-06 3.30E-02 2.22E-06 6.42E-04 2.76E-12 2.09E-02 1.44E-11 1.35E-05 2.35E-01 4.81E-02 3.501E-01
2.110E-03 1.27E-02 6.83E-06 3.32E-02 2.25E-06 6.36E-04 2.81E-12 2.12E-02 1.46E-11 1.36E-05 2.36E-01 4.85E-02 3.521E-01
2.100E-03 1.27E-02 6.92E-06 3.34E-02 2.27E-06 6.29E-04 2.87E-12 2.14E-02 1.48E-11 1.36E-05 2.37E-01 4.89E-02 3.540E-01
2.080E-03 1.28E-02 7.10E-06 3.36E-02 2.31E-06 6.17E-04 2.98E-12 2.19E-02 1.53E-11 1.35E-05 2.39E-01 4.96E-02 3.575E-01
2.000E-03 1.29E-02 8.02E-06 3.47E-02 2.50E-06 5.72E-04 3.49E-12 2.40E-02 1.74E-11 1.29E-05 2.48E-01 5.31E-02 3.729E-01
1.950E-03 1.31E-02 8.70E-06 3.52E-02 2.59E-06 5.48E-04 3.87E-12 2.54E-02 1.84E-11 1.39E-05 2.52E-01 5.44E-02 3.802E-01
1.900E-03 1.34E-02 9.50E-06 3.53E-02 2.66E-06 5.26E-04 4.30E-12 2.65E-02 1.93E-11 1.67E-05 2.54E-01 5.54E-02 3.855E-01
1.850E-03 1.37E-02 1.04E-05 3.51E-02 2.69E-06 5.06E-04 4.79E-12 2.70E-02 1.98E-11 2.14E-05 2.55E-01 5.61E-02 3.872E-01
1.830E-03 1.38E-02 1.07E-05 3.49E-02 2.69E-06 4.99E-04 5.01E-12 2.71E-02 1.99E-11 2.31E-05 2.54E-01 5.62E-02 3.868E-01
1.820E-03 1.39E-02 1.09E-05 3.48E-02 2.69E-06 4.95E-04 5.12E-12 2.71E-02 1.99E-11 2.36E-05 2.54E-01 5.63E-02 3.863E-01
1.810E-03 1.39E-02 1.11E-05 3.46E-02 2.69E-06 4.92E-04 5.24E-12 2.71E-02 2.00E-11 2.40E-05 2.53E-01 5.64E-02 3.858E-01
1.800E-03 1.40E-02 1.13E-05 3.44E-02 2.68E-06 4.89E-04 5.36E-12 2.70E-02 2.00E-11 2.41E-05 2.53E-01 5.66E-02 3.852E-01
1.750E-03 1.43E-02 1.24E-05 3.29E-02 2.61E-06 4.75E-04 6.01E-12 2.63E-02 2.01E-11 2.47E-05 2.49E-01 5.73E-02 3.805E-01
1.700E-03 1.45E-02 1.36E-05 3.05E-02 2.51E-06 4.64E-04 6.77E-12 2.50E-02 2.03E-11 3.01E-05 2.44E-01 5.86E-02 3.730E-01
1.670E-03 1.47E-02 1.45E-05 2.86E-02 2.44E-06 4.58E-04 7.28E-12 2.41E-02 2.05E-11 3.54E-05 2.41E-01 6.00E-02 3.691E-01
1.650E-03 1.49E-02 1.51E-05 2.71E-02 2.40E-06 4.55E-04 7.64E-12 2.34E-02 2.07E-11 3.73E-05 2.39E-01 6.10E-02 3.664E-01
1.640E-03 1.50E-02 1.54E-05 2.63E-02 2.38E-06 4.53E-04 7.83E-12 2.30E-02 2.09E-11 3.72E-05 2.38E-01 6.15E-02 3.648E-01
1.630E-03 1.51E-02 1.57E-05 2.55E-02 2.37E-06 4.52E-04 8.03E-12 2.26E-02 2.10E-11 3.65E-05 2.37E-01 6.21E-02 3.632E-01
1.610E-03 1.52E-02 1.63E-05 2.37E-02 2.36E-06 4.50E-04 8.45E-12 2.18E-02 2.16E-11 3.42E-05 2.36E-01 6.36E-02 3.605E-01
1.600E-03 1.53E-02 1.67E-05 2.28E-02 2.37E-06 4.49E-04 8.66E-12 2.14E-02 2.18E-11 3.31E-05 2.35E-01 6.44E-02 3.592E-01
1.590E-03 1.54E-02 1.70E-05 2.18E-02 2.39E-06 4.48E-04 8.89E-12 2.10E-02 2.22E-11 3.23E-05 2.34E-01 6.52E-02 3.579E-01
1.580E-03 1.55E-02 1.73E-05 2.09E-02 2.42E-06 4.47E-04 9.12E-12 2.07E-02 2.26E-11 3.18E-05 2.33E-01 6.62E-02 3.569E-01
1.570E-03 1.55E-02 1.77E-05 2.00E-02 2.46E-06 4.46E-04 9.36E-12 2.03E-02 2.30E-11 3.13E-05 2.32E-01 6.72E-02 3.558E-01
1.560E-03 1.56E-02 1.81E-05 1.91E-02 2.53E-06 4.46E-04 9.61E-12 1.99E-02 2.34E-11 3.07E-05 2.32E-01 6.83E-02 3.553E-01
1.540E-03 1.58E-02 1.89E-05 1.75E-02 2.72E-06 4.45E-04 1.01E-11 1.92E-02 2.45E-11 3.01E-05 2.31E-01 7.06E-02 3.546E-01
1.520E-03 1.60E-02 1.96E-05 1.63E-02 2.98E-06 4.45E-04 1.07E-11 1.85E-02 2.59E-11 3.17E-05 2.30E-01 7.32E-02 3.544E-01
1.510E-03 1.60E-02 1.99E-05 1.58E-02 3.13E-06 4.45E-04 1.10E-11 1.81E-02 2.66E-11 3.27E-05 2.29E-01 7.46E-02 3.546E-01
1.500E-03 1.61E-02 2.03E-05 1.55E-02 3.30E-06 4.45E-04 1.13E-11 1.78E-02 2.75E-11 3.29E-05 2.29E-01 7.62E-02 3.551E-01
1.450E-03 1.63E-02 2.27E-05 1.47E-02 4.29E-06 4.47E-04 1.29E-11 1.64E-02 3.33E-11 4.16E-05 2.30E-01 8.66E-02 3.648E-01
1.440E-03 1.64E-02 2.32E-05 1.47E-02 4.50E-06 4.48E-04 1.33E-11 1.62E-02 3.47E-11 4.59E-05 2.31E-01 8.90E-02 3.678E-01
1.430E-03 1.65E-02 2.37E-05 1.47E-02 4.72E-06 4.49E-04 1.37E-11 1.61E-02 3.66E-11 4.97E-05 2.33E-01 9.18E-02 3.723E-01
1.420E-03 1.66E-02 2.43E-05 1.47E-02 4.94E-06 4.50E-04 1.41E-11 1.60E-02 3.85E-11 5.16E-05 2.34E-01 9.47E-02 3.768E-01
1.400E-03 1.67E-02 2.55E-05 1.47E-02 5.42E-06 4.53E-04 1.49E-11 1.62E-02 4.28E-11 5.63E-05 2.39E-01 1.01E-01 3.878E-01
1.380E-03 1.69E-02 2.67E-05 1.47E-02 5.94E-06 4.56E-04 1.58E-11 1.66E-02 4.78E-11 7.10E-05 2.45E-01 1.07E-01 4.005E-01
1.370E-03 1.70E-02 2.73E-05 1.47E-02 6.21E-06 4.58E-04 1.63E-11 1.71E-02 5.05E-11 8.43E-05 2.49E-01 1.10E-01 4.077E-01
1.360E-03 1.71E-02 2.80E-05 1.48E-02 6.51E-06 4.60E-04 1.68E-11 1.76E-02 5.34E-11 9.76E-05 2.53E-01 1.13E-01 4.152E-01
1.350E-03 1.72E-02 2.88E-05 1.48E-02 6.82E-06 4.62E-04 1.73E-11 1.81E-02 5.63E-11 1.04E-04 2.57E-01 1.15E-01 4.227E-01
1.340E-03 1.73E-02 2.95E-05 1.49E-02 7.15E-06 4.64E-04 1.78E-11 1.87E-02 5.93E-11 1.13E-04 2.61E-01 1.18E-01 4.298E-01
1.330E-03 1.74E-02 3.01E-05 1.50E-02 7.50E-06 4.66E-04 1.84E-11 1.94E-02 6.23E-11 1.31E-04 2.64E-01 1.20E-01 4.368E-01
1.320E-03 1.76E-02 3.09E-05 1.51E-02 7.88E-06 4.69E-04 1.89E-11 2.00E-02 6.55E-11 1.61E-04 2.68E-01 1.22E-01 4.439E-01
1.310E-03 1.77E-02 3.15E-05 1.52E-02 8.27E-06 4.71E-04 1.95E-11 2.08E-02 6.88E-11 2.11E-04 2.72E-01 1.24E-01 4.506E-01
1.290E-03 1.77E-02 3.30E-05 1.55E-02 9.15E-06 4.77E-04 2.08E-11 2.23E-02 7.59E-11 4.35E-04 2.80E-01 1.28E-01 4.642E-01
1.280E-03 1.78E-02 3.38E-05 1.58E-02 9.62E-06 4.80E-04 2.15E-11 2.32E-02 7.96E-11 6.38E-04 2.84E-01 1.30E-01 4.714E-01
1.270E-03 1.79E-02 3.47E-05 1.59E-02 1.01E-05 4.83E-04 2.22E-11 2.42E-02 8.35E-11 7.71E-04 2.88E-01 1.32E-01 4.786E-01
1.260E-03 1.79E-02 3.56E-05 1.61E-02 1.07E-05 4.87E-04 2.29E-11 2.51E-02 8.75E-11 6.65E-04 2.92E-01 1.33E-01 4.851E-01
1.250E-03 1.80E-02 3.65E-05 1.64E-02 1.14E-05 4.90E-04 2.36E-11 2.62E-02 9.15E-11 4.91E-04 2.95E-01 1.34E-01 4.913E-01
1.220E-03 1.84E-02 3.98E-05 1.86E-02 1.41E-05 5.00E-04 2.61E-11 2.94E-02 1.05E-10 3.83E-04 3.07E-01 1.38E-01 5.123E-01
1.210E-03 1.85E-02 4.08E-05 2.03E-02 1.52E-05 5.04E-04 2.70E-11 3.06E-02 1.10E-10 4.41E-04 3.10E-01 1.39E-01 5.199E-01
1.200E-03 1.85E-02 4.18E-05 2.25E-02 1.62E-05 5.08E-04 2.79E-11 3.19E-02 1.15E-10 4.88E-04 3.14E-01 1.40E-01 5.279E-01
1.190E-03 1.87E-02 4.32E-05 2.48E-02 1.71E-05 5.11E-04 2.89E-11 3.33E-02 1.20E-10 4.88E-04 3.18E-01 1.41E-01 5.365E-01
1.180E-03 1.88E-02 4.43E-05 2.71E-02 1.79E-05 5.15E-04 2.99E-11 3.47E-02 1.25E-10 4.85E-04 3.21E-01 1.41E-01 5.438E-01
1.170E-03 1.89E-02 4.55E-05 2.93E-02 1.86E-05 5.19E-04 3.10E-11 3.62E-02 1.31E-10 5.38E-04 3.24E-01 1.41E-01 5.511E-01
1.160E-03 1.91E-02 4.68E-05 3.12E-02 1.92E-05 5.27E-04 3.23E-11 3.76E-02 1.36E-10 6.93E-04 3.27E-01 1.41E-01 5.577E-01
1.150E-03 1.92E-02 4.79E-05 3.29E-02 1.97E-05 7.39E-04 3.19E-11 3.90E-02 1.42E-10 1.01E-03 3.30E-01 1.42E-01 5.642E-01
1.140E-03 1.92E-02 4.91E-05 3.44E-02 2.01E-05 5.49E-04 3.40E-11 4.05E-02 1.48E-10 1.52E-03 3.33E-01 1.42E-01 5.706E-01
1.130E-03 1.93E-02 5.05E-05 3.57E-02 2.06E-05 5.48E-04 3.53E-11 4.22E-02 1.54E-10 1.85E-03 3.35E-01 1.42E-01 5.771E-01
1.120E-03 1.94E-02 5.19E-05 3.69E-02 2.10E-05 5.52E-04 3.66E-11 4.40E-02 1.61E-10 1.49E-03 3.38E-01 1.42E-01 5.825E-01
1.110E-03 1.94E-02 5.34E-05 3.81E-02 2.15E-05 5.56E-04 3.80E-11 4.58E-02 1.68E-10 9.50E-04 3.41E-01 1.42E-01 5.876E-01
1.090E-03 1.95E-02 5.67E-05 4.04E-02 2.25E-05 5.67E-04 4.09E-11 4.97E-02 1.83E-10 3.96E-04 3.46E-01 1.42E-01 5.979E-01
1.050E-03 2.00E-02 6.46E-05 4.46E-02 2.42E-05 5.94E-04 4.76E-11 6.02E-02 2.17E-10 1.32E-04 3.55E-01 1.38E-01 6.189E-01
1.000E-03 2.07E-02 7.62E-05 4.88E-02 2.56E-05 6.33E-04 5.79E-11 6.96E-02 2.33E-10 6.75E-05 3.53E-01 1.28E-01 6.205E-01
9.800E-04 2.11E-02 8.17E-05 4.97E-02 2.55E-05 6.51E-04 6.28E-11 7.30E-02 2.39E-10 5.89E-05 3.51E-01 1.24E-01 6.199E-01
9.600E-04 2.14E-02 8.77E-05 4.95E-02 2.49E-05 6.70E-04 6.82E-11 7.64E-02 2.41E-10 5.47E-05 3.48E-01 1.18E-01 6.144E-01
9.500E-04 2.17E-02 9.07E-05 4.89E-02 2.45E-05 6.81E-04 7.12E-11 7.71E-02 2.36E-10 5.40E-05 3.45E-01 1.14E-01 6.075E-01
9.400E-04 2.18E-02 9.36E-05 4.80E-02 2.40E-05 6.91E-04 7.42E-11 7.69E-02 2.26E-10 5.41E-05 3.40E-01 1.10E-01 5.968E-01
9.200E-04 2.21E-02 9.99E-05 4.56E-02 2.30E-05 7.13E-04 8.09E-11 7.16E-02 1.88E-10 5.78E-05 3.24E-01 9.94E-02 5.639E-01
8.900E-04 2.27E-02 1.12E-04 4.05E-02 2.15E-05 7.50E-04 9.24E-11 5.66E-02 1.20E-10 8.34E-05 2.96E-01 8.72E-02 5.037E-01
8.700E-04 2.29E-02 1.19E-04 3.66E-02 2.11E-05 7.77E-04 1.01E-10 4.71E-02 8.94E-11 1.84E-04 2.78E-01 8.36E-02 4.696E-01
8.600E-04 2.31E-02 1.24E-04 3.47E-02 2.11E-05 7.91E-04 1.06E-10 4.33E-02 7.89E-11 2.76E-04 2.72E-01 8.32E-02 4.572E-01
8.500E-04 2.32E-02 1.29E-04 3.28E-02 2.11E-05 8.06E-04 1.11E-10 3.99E-02 7.03E-11 1.98E-04 2.65E-01 8.29E-02 4.450E-01
8.400E-04 2.35E-02 1.34E-04 3.05E-02 2.11E-05 8.21E-04 1.16E-10 3.64E-02 6.15E-11 1.43E-04 2.58E-01 8.26E-02 4.324E-01
8.200E-04 2.37E-02 1.43E-04 2.54E-02 2.16E-05 8.53E-04 1.28E-10 2.81E-02 4.42E-11 1.46E-04 2.40E-01 8.26E-02 4.015E-01
8.000E-04 2.40E-02 1.55E-04 2.05E-02 2.39E-05 8.87E-04 1.41E-10 1.92E-02 3.41E-11 2.12E-04 2.22E-01 8.82E-02 3.752E-01
7.900E-04 2.43E-02 1.62E-04 1.87E-02 2.57E-05 9.05E-04 1.49E-10 1.61E-02 3.67E-11 2.64E-04 2.17E-01 9.46E-02 3.719E-01
7.800E-04 2.44E-02 1.68E-04 1.71E-02 2.78E-05 9.23E-04 1.56E-10 1.31E-02 4.15E-11 3.15E-04 2.11E-01 1.02E-01 3.688E-01
7.700E-04 2.45E-02 1.74E-04 1.58E-02 3.01E-05 9.41E-04 1.65E-10 1.08E-02 4.95E-11 3.38E-04 2.07E-01 1.10E-01 3.695E-01
7.600E-04 2.45E-02 1.81E-04 1.46E-02 3.26E-05 9.61E-04 1.74E-10 9.17E-03 6.04E-11 3.14E-04 2.05E-01 1.20E-01 3.739E-01
7.500E-04 2.46E-02 1.89E-04 1.36E-02 3.54E-05 9.81E-04 1.83E-10 7.70E-03 7.34E-11 2.60E-04 2.03E-01 1.30E-01 3.798E-01
7.300E-04 2.49E-02 2.07E-04 1.21E-02 4.19E-05 1.02E-03 2.04E-10 6.46E-03 1.05E-10 1.63E-04 2.05E-01 1.50E-01 3.993E-01
7.200E-04 2.50E-02 2.15E-04 1.16E-02 4.55E-05 1.05E-03 2.15E-10 6.24E-03 1.21E-10 1.36E-04 2.06E-01 1.58E-01 4.086E-01
7.100E-04 2.50E-02 2.25E-04 1.13E-02 4.93E-05 1.07E-03 2.28E-10 6.05E-03 1.39E-10 1.34E-04 2.08E-01 1.68E-01 4.191E-01
7.000E-04 2.53E-02 2.37E-04 1.10E-02 5.31E-05 1.09E-03 2.41E-10 5.99E-03 1.58E-10 1.85E-04 2.10E-01 1.76E-01 4.298E-01
6.900E-04 2.54E-02 2.45E-04 1.05E-02 5.70E-05 1.12E-03 2.55E-10 5.96E-03 1.78E-10 1.09E-04 2.11E-01 1.83E-01 4.382E-01
6.800E-04 2.51E-02 2.55E-04 9.98E-03 6.14E-05 1.15E-03 2.70E-10 5.96E-03 1.98E-10 8.55E-05 2.11E-01 1.92E-01 4.461E-01
6.600E-04 2.52E-02 2.87E-04 8.99E-03 7.14E-05 1.20E-03 3.04E-10 5.96E-03 2.43E-10 8.19E-05 2.16E-01 2.11E-01 4.682E-01
6.400E-04 2.60E-02 3.25E-04 7.79E-03 8.31E-05 1.26E-03 3.44E-10 5.94E-03 2.95E-10 1.24E-04 2.22E-01 2.27E-01 4.896E-01
6.300E-04 2.65E-02 3.42E-04 7.27E-03 9.03E-05 1.28E-03 3.66E-10 5.92E-03 3.23E-10 1.92E-04 2.24E-01 2.33E-01 4.988E-01
6.200E-04 2.67E-02 3.59E-04 7.15E-03 9.82E-05 1.33E-03 3.90E-10 5.90E-03 3.54E-10 2.60E-04 2.26E-01 2.40E-01 5.076E-01
6.100E-04 2.70E-02 3.80E-04 7.11E-03 1.06E-04 1.37E-03 4.16E-10 5.86E-03 3.88E-10 1.89E-04 2.28E-01 2.48E-01 5.173E-01
5.900E-04 2.81E-02 4.27E-04 5.84E-03 1.23E-04 1.44E-03 4.75E-10 5.77E-03 4.64E-10 8.63E-05 2.33E-01 2.61E-01 5.358E-01
5.500E-04 2.72E-02 5.13E-04 4.33E-03 1.73E-04 1.62E-03 6.27E-10 5.69E-03 6.66E-10 7.32E-05 2.32E-01 2.97E-01 5.682E-01
5.300E-04 2.75E-02 5.91E-04 3.87E-03 2.06E-04 1.72E-03 7.26E-10 5.71E-03 7.97E-10 1.15E-04 2.35E-01 3.16E-01 5.905E-01
5.200E-04 2.76E-02 6.32E-04 3.63E-03 2.25E-04 1.78E-03 7.83E-10 5.72E-03 8.74E-10 1.80E-04 2.36E-01 3.25E-01 6.011E-01
5.100E-04 2.79E-02 6.81E-04 3.40E-03 2.46E-04 1.83E-03 8.45E-10 5.74E-03 9.58E-10 2.48E-04 2.39E-01 3.34E-01 6.123E-01
5.000E-04 2.82E-02 7.33E-04 3.15E-03 2.73E-04 1.89E-03 9.14E-10 5.78E-03 1.05E-09 1.80E-04 2.41E-01 3.41E-01 6.227E-01
4.800E-04 2.87E-02 8.46E-04 2.79E-03 3.28E-04 2.02E-03 1.07E-09 5.87E-03 1.27E-09 8.61E-05 2.45E-01 3.58E-01 6.434E-01
4.500E-04 2.98E-02 1.06E-03 2.34E-03 4.37E-04 2.23E-03 1.39E-09 6.08E-03 1.70E-09 6.75E-05 2.51E-01 3.80E-01 6.724E-01
4.000E-04 3.12E-02 1.62E-03 1.73E-03 7.27E-04 2.69E-03 2.21E-09 6.54E-03 2.84E-09 7.61E-05 2.60E-01 4.14E-01 7.190E-01
3.800E-04 3.20E-02 1.95E-03 1.53E-03 9.05E-04 2.91E-03 2.70E-09 6.75E-03 3.53E-09 8.52E-05 2.64E-01 4.26E-01 7.358E-01
3.600E-04 3.29E-02 2.39E-03 1.34E-03 1.14E-03 3.17E-03 3.34E-09 6.97E-03 4.44E-09 1.03E-04 2.68E-01 4.35E-01 7.512E-01
3.400E-04 3.47E-02 2.92E-03 1.18E-03 1.45E-03 3.47E-03 4.19E-09 7.22E-03 5.64E-09 2.04E-04 2.74E-01 4.40E-01 7.646E-01
3.300E-04 3.47E-02 3.22E-03 1.11E-03 1.64E-03 3.64E-03 4.71E-09 7.35E-03 6.38E-09 5.23E-04 2.74E-01 4.45E-01 7.709E-01
3.200E-04 3.50E-02 3.61E-03 1.03E-03 1.86E-03 3.82E-03 5.31E-09 7.47E-03 7.25E-09 2.11E-04 2.75E-01 4.49E-01 7.769E-01
3.150E-04 3.54E-02 3.84E-03 9.97E-04 1.99E-03 3.91E-03 5.65E-09 7.53E-03 7.74E-09 1.64E-04 2.76E-01 4.50E-01 7.800E-01
3.100E-04 3.58E-02 4.07E-03 9.63E-04 2.13E-03 4.01E-03 6.02E-09 7.59E-03 8.27E-09 1.46E-04 2.77E-01 4.51E-01 7.830E-01
3.080E-04 3.59E-02 4.16E-03 9.50E-04 2.18E-03 4.05E-03 6.18E-09 7.62E-03 8.49E-09 1.42E-04 2.78E-01 4.51E-01 7.841E-01
3.050E-04 3.61E-02 4.31E-03 9.29E-04 2.27E-03 4.12E-03 6.42E-09 7.66E-03 8.84E-09 1.39E-04 2.78E-01 4.52E-01 7.859E-01
3.000E-04 3.64E-02 4.58E-03 8.99E-04 2.43E-03 4.23E-03 6.85E-09 7.74E-03 9.47E-09 1.37E-04 2.79E-01 4.53E-01 7.888E-01
2.900E-04 3.72E-02 5.17E-03 8.38E-04 2.80E-03 4.46E-03 7.82E-09 7.91E-03 1.09E-08 1.40E-04 2.81E-01 4.55E-01 7.946E-01
2.800E-04 3.76E-02 5.85E-03 7.82E-04 3.24E-03 4.71E-03 8.98E-09 8.08E-03 1.26E-08 1.47E-04 2.82E-01 4.58E-01 8.002E-01
2.600E-04 3.91E-02 7.68E-03 6.78E-04 4.38E-03 5.29E-03 1.20E-08 8.48E-03 1.70E-08 1.68E-04 2.85E-01 4.63E-01 8.134E-01
2.500E-04 4.01E-02 8.88E-03 6.30E-04 5.14E-03 5.61E-03 1.40E-08 8.71E-03 2.00E-08 1.82E-04 2.87E-01 4.65E-01 8.211E-01
2.200E-04 4.45E-02 1.40E-02 5.08E-04 8.64E-03 6.82E-03 2.31E-08 9.54E-03 3.35E-08 2.39E-04 2.94E-01 4.72E-01 8.504E-01
2.159E-04 4.50E-02 1.49E-02 4.93E-04 9.32E-03 7.03E-03 2.49E-08 9.67E-03 3.62E-08 2.50E-04 2.95E-01 4.74E-01 8.549E-01
2.000E-04 4.81E-02 1.94E-02 4.44E-04 1.27E-02 7.90E-03 3.36E-08 1.02E-02 4.93E-08 2.98E-04 2.98E-01 4.78E-01 8.755E-01
1.662E-04 5.66E-02 3.46E-02 3.55E-04 2.64E-02 1.05E-02 6.93E-08 1.19E-02 1.04E-07 4.69E-04 3.04E-01 4.82E-01 9.273E-01
1.650E-04 5.70E-02 3.53E-02 3.51E-04 2.71E-02 1.06E-02 7.13E-08 1.19E-02 1.07E-07 4.78E-04 3.05E-01 4.82E-01 9.296E-01
1.250E-04 7.72E-02 7.59E-02 3.23E-04 7.66E-02 1.63E-02 2.11E-07 1.51E-02 3.25E-07 9.90E-04 3.13E-01 4.74E-01 1.050E+00
1.235E-04 7.83E-02 7.82E-02 3.21E-04 8.00E-02 1.66E-02 2.22E-07 1.53E-02 3.42E-07 1.02E-03 3.14E-01 4.74E-01 1.057E+00
1.130E-04 8.67E-02 9.57E-02 3.34E-04 1.09E-01 1.91E-02 3.14E-07 1.66E-02 4.88E-07 1.29E-03 3.17E-01 4.67E-01 1.112E+00
1.000E-04 9.99E-02 1.21E-01 3.75E-04 1.62E-01 2.33E-02 5.06E-07 1.87E-02 7.95E-07 1.78E-03 3.21E-01 4.54E-01 1.203E+00
9.500E-05 1.06E-01 1.32E-01 3.80E-04 1.90E-01 2.54E-02 6.17E-07 1.96E-02 9.76E-07 2.03E-03 3.23E-01 4.49E-01 1.247E+00
9.300E-05 1.08E-01 1.36E-01 3.89E-04 2.04E-01 2.62E-02 6.71E-07 2.00E-02 1.06E-06 2.14E-03 3.24E-01 4.46E-01 1.267E+00
9.200E-05 1.10E-01 1.38E-01 3.95E-04 2.11E-01 2.67E-02 7.00E-07 2.02E-02 1.11E-06 2.20E-03 3.24E-01 4.45E-01 1.277E+00
9.100E-05 1.11E-01 1.40E-01 4.03E-04 2.18E-01 2.72E-02 7.30E-07 2.04E-02 1.16E-06 2.26E-03 3.25E-01 4.44E-01 1.288E+00
9.000E-05 1.12E-01 1.42E-01 4.09E-04 2.26E-01 2.76E-02 7.62E-07 2.06E-02 1.21E-06 2.32E-03 3.25E-01 4.42E-01 1.299E+00
8.900E-05 1.13E-01 1.44E-01 4.19E-04 2.34E-01 2.81E-02 7.96E-07 2.08E-02 1.27E-06 2.39E-03 3.25E-01 4.41E-01 1.310E+00
8.800E-05 1.15E-01 1.47E-01 4.21E-04 2.42E-01 2.87E-02 8.31E-07 2.11E-02 1.33E-06 2.46E-03 3.26E-01 4.40E-01 1.322E+00
8.700E-05 1.16E-01 1.49E-01 4.33E-04 2.51E-01 2.92E-02 8.69E-07 2.13E-02 1.39E-06 2.53E-03 3.26E-01 4.38E-01 1.334E+00
8.600E-05 1.17E-01 1.51E-01 4.38E-04 2.60E-01 2.97E-02 9.09E-07 2.15E-02 1.45E-06 2.60E-03 3.26E-01 4.37E-01 1.346E+00
8.500E-05 1.19E-01 1.54E-01 4.49E-04 2.70E-01 3.03E-02 9.51E-07 2.18E-02 1.52E-06 2.68E-03 3.26E-01 4.36E-01 1.360E+00
8.400E-05 1.20E-01 1.56E-01 4.55E-04 2.80E-01 3.09E-02 9.95E-07 2.20E-02 1.60E-06 2.76E-03 3.26E-01 4.34E-01 1.373E+00
8.330E-05 1.21E-01 1.58E-01 4.61E-04 2.87E-01 3.13E-02 1.03E-06 2.22E-02 1.65E-06 2.82E-03 3.27E-01 4.33E-01 1.383E+00
8.200E-05 1.23E-01 1.61E-01 4.69E-04 3.02E-01 3.20E-02 1.09E-06 2.25E-02 1.76E-06 2.93E-03 3.27E-01 4.31E-01 1.402E+00
8.100E-05 1.25E-01 1.63E-01 4.79E-04 3.14E-01 3.27E-02 1.15E-06 2.28E-02 1.85E-06 3.02E-03 3.27E-01 4.30E-01 1.418E+00
8.000E-05 1.26E-01 1.66E-01 4.87E-04 3.26E-01 3.33E-02 1.20E-06 2.30E-02 1.94E-06 3.11E-03 3.27E-01 4.28E-01 1.433E+00
7.900E-05 1.28E-01 1.68E-01 4.97E-04 3.39E-01 3.40E-02 1.26E-06 2.33E-02 2.04E-06 3.21E-03 3.28E-01 4.26E-01 1.450E+00
7.800E-05 1.30E-01 1.71E-01 5.14E-04 3.52E-01 3.46E-02 1.33E-06 2.36E-02 2.15E-06 3.31E-03 3.28E-01 4.25E-01 1.467E+00
7.700E-05 1.32E-01 1.73E-01 5.24E-04 3.66E-01 3.53E-02 1.39E-06 2.39E-02 2.26E-06 3.42E-03 3.28E-01 4.23E-01 1.485E+00
7.600E-05 1.34E-01 1.75E-01 5.46E-04 3.81E-01 3.61E-02 1.47E-06 2.42E-02 2.38E-06 3.53E-03 3.29E-01 4.21E-01 1.503E+00
7.500E-05 1.36E-01 1.77E-01 5.60E-04 3.96E-01 3.68E-02 1.54E-06 2.45E-02 2.51E-06 3.64E-03 3.29E-01 4.19E-01 1.523E+00
7.400E-05 1.38E-01 1.79E-01 5.83E-04 4.12E-01 3.76E-02 1.63E-06 2.48E-02 2.65E-06 3.76E-03 3.30E-01 4.17E-01 1.542E+00
7.300E-05 1.40E-01 1.81E-01 6.10E-04 4.29E-01 3.83E-02 1.71E-06 2.51E-02 2.80E-06 3.89E-03 3.30E-01 4.15E-01 1.563E+00
7.140E-05 1.43E-01 1.84E-01 6.31E-04 4.58E-01 3.96E-02 1.87E-06 2.56E-02 3.06E-06 4.10E-03 3.30E-01 4.11E-01 1.597E+00
7.100E-05 1.44E-01 1.85E-01 6.30E-04 4.65E-01 4.00E-02 1.91E-06 2.58E-02 3.13E-06 4.15E-03 3.31E-01 4.10E-01 1.606E+00
7.000E-05 1.46E-01 1.87E-01 6.54E-04 4.84E-01 4.08E-02 2.02E-06 2.61E-02 3.32E-06 4.30E-03 3.31E-01 4.08E-01 1.629E+00
6.900E-05 1.49E-01 1.89E-01 6.77E-04 5.04E-01 4.17E-02 2.13E-06 2.65E-02 3.52E-06 4.44E-03 3.31E-01 4.06E-01 1.652E+00
6.800E-05 1.51E-01 1.90E-01 7.07E-04 5.25E-01 4.26E-02 2.26E-06 2.68E-02 3.73E-06 4.60E-03 3.32E-01 4.04E-01 1.677E+00
6.700E-05 1.53E-01 1.92E-01 7.34E-04 5.47E-01 4.36E-02 2.39E-06 2.72E-02 3.96E-06 4.77E-03 3.32E-01 4.02E-01 1.702E+00
6.600E-05 1.56E-01 1.93E-01 7.68E-04 5.70E-01 4.45E-02 2.53E-06 2.76E-02 4.20E-06 4.94E-03 3.32E-01 4.00E-01 1.728E+00
6.500E-05 1.58E-01 1.95E-01 7.85E-04 5.93E-01 4.56E-02 2.69E-06 2.80E-02 4.47E-06 5.12E-03 3.32E-01 3.98E-01 1.756E+00
6.400E-05 1.60E-01 1.96E-01 8.04E-04 6.18E-01 4.67E-02 2.86E-06 2.84E-02 4.76E-06 5.31E-03 3.33E-01 3.95E-01 1.784E+00
6.300E-05 1.63E-01 1.98E-01 8.31E-04 6.43E-01 4.78E-02 3.04E-06 2.88E-02 5.07E-06 5.52E-03 3.33E-01 3.93E-01 1.813E+00
6.250E-05 1.64E-01 1.98E-01 8.37E-04 6.56E-01 4.83E-02 3.13E-06 2.91E-02 5.24E-06 5.62E-03 3.33E-01 3.92E-01 1.828E+00
6.200E-05 1.66E-01 1.99E-01 8.59E-04 6.70E-01 4.89E-02 3.24E-06 2.93E-02 5.41E-06 5.73E-03 3.33E-01 3.91E-01 1.843E+00
6.100E-05 1.68E-01 2.00E-01 9.02E-04 6.97E-01 5.01E-02 3.45E-06 2.97E-02 5.78E-06 5.95E-03 3.33E-01 3.88E-01 1.874E+00
6.000E-05 1.71E-01 2.00E-01 9.41E-04 7.26E-01 5.14E-02 3.68E-06 3.02E-02 6.17E-06 6.19E-03 3.33E-01 3.86E-01 1.905E+00
5.900E-05 1.74E-01 2.01E-01 9.80E-04 7.55E-01 5.26E-02 3.93E-06 3.07E-02 6.61E-06 6.44E-03 3.34E-01 3.84E-01 1.938E+00
5.800E-05 1.77E-01 2.01E-01 1.03E-03 7.86E-01 5.39E-02 4.20E-06 3.12E-02 7.08E-06 6.71E-03 3.34E-01 3.81E-01 1.972E+00
5.700E-05 1.80E-01 2.01E-01 1.08E-03 8.18E-01 5.53E-02 4.50E-06 3.17E-02 7.59E-06 6.99E-03 3.34E-01 3.79E-01 2.007E+00
5.600E-05 1.83E-01 2.01E-01 1.13E-03 8.51E-01 5.67E-02 4.82E-06 3.23E-02 8.15E-06 7.30E-03 3.34E-01 3.76E-01 2.043E+00
5.500E-05 1.86E-01 2.01E-01 1.18E-03 8.85E-01 5.82E-02 5.18E-06 3.28E-02 8.77E-06 7.62E-03 3.34E-01 3.74E-01 2.081E+00
5.477E-05 1.87E-01 2.01E-01 1.19E-03 8.93E-01 5.86E-02 5.27E-06 3.29E-02 8.92E-06 1.13E-02 3.34E-01 3.74E-01 2.093E+00
5.400E-05 1.89E-01 2.01E-01 1.23E-03 9.21E-01 5.99E-02 5.58E-06 3.34E-02 9.45E-06 1.17E-02 3.34E-01 3.72E-01 2.123E+00
5.300E-05 1.92E-01 2.00E-01 1.29E-03 9.58E-01 6.17E-02 6.01E-06 3.40E-02 1.02E-05 1.23E-02 3.34E-01 3.70E-01 2.164E+00
5.200E-05 1.96E-01 2.00E-01 1.37E-03 9.97E-01 6.36E-02 6.49E-06 3.46E-02 1.10E-05 1.30E-02 3.34E-01 3.68E-01 2.207E+00
5.100E-05 1.99E-01 1.99E-01 1.45E-03 1.04E+00 6.56E-02 7.02E-06 3.52E-02 1.19E-05 1.37E-02 3.34E-01 3.66E-01 2.251E+00
5.000E-05 2.01E-01 1.98E-01 1.53E-03 1.08E+00 6.76E-02 7.61E-06 3.59E-02 1.29E-05 1.45E-02 3.34E-01 3.64E-01 2.297E+00
4.900E-05 2.04E-01 1.97E-01 1.61E-03 1.12E+00 6.97E-02 8.25E-06 3.66E-02 1.40E-05 1.53E-02 3.33E-01 3.62E-01 2.345E+00
4.880E-05 2.05E-01 1.97E-01 1.63E-03 1.13E+00 7.01E-02 8.39E-06 3.67E-02 1.43E-05 1.55E-02 3.33E-01 3.62E-01 2.355E+00
4.800E-05 2.07E-01 1.97E-01 1.70E-03 1.17E+00 7.22E-02 8.97E-06 3.73E-02 1.53E-05 1.63E-02 3.33E-01 3.61E-01 2.395E+00
4.760E-05 2.08E-01 1.96E-01 1.75E-03 1.19E+00 7.34E-02 9.29E-06 3.76E-02 1.58E-05 1.67E-02 3.33E-01 3.60E-01 2.416E+00
4.700E-05 2.10E-01 1.96E-01 1.81E-03 1.22E+00 7.51E-02 9.78E-06 3.81E-02 1.66E-05 1.73E-02 3.33E-01 3.59E-01 2.448E+00
4.650E-05 2.11E-01 1.95E-01 1.86E-03 1.24E+00 7.65E-02 1.02E-05 3.84E-02 1.74E-05 1.79E-02 3.32E-01 3.58E-01 2.474E+00
4.600E-05 2.12E-01 1.95E-01 1.93E-03 1.27E+00 7.80E-02 1.07E-05 3.88E-02 1.81E-05 1.85E-02 3.32E-01 3.58E-01 2.502E+00
4.550E-05 2.14E-01 1.94E-01 2.02E-03 1.29E+00 7.96E-02 1.12E-05 3.92E-02 1.90E-05 1.91E-02 3.32E-01 3.57E-01 2.530E+00
4.500E-05 2.15E-01 1.94E-01 2.10E-03 1.32E+00 8.12E-02 1.17E-05 3.97E-02 1.99E-05 1.97E-02 3.32E-01 3.56E-01 2.558E+00
4.440E-05 2.16E-01 1.93E-01 2.22E-03 1.35E+00 8.31E-02 1.24E-05 4.02E-02 2.10E-05 2.06E-02 3.31E-01 3.56E-01 2.592E+00
4.350E-05 2.19E-01 1.93E-01 2.43E-03 1.40E+00 8.62E-02 1.34E-05 4.09E-02 2.28E-05 2.19E-02 3.31E-01 3.54E-01 2.645E+00
4.170E-05 2.23E-01 1.91E-01 2.95E-03 1.50E+00 9.36E-02 1.60E-05 4.26E-02 2.71E-05 2.51E-02 3.29E-01 3.53E-01 2.756E+00
4.000E-05 2.26E-01 1.90E-01 3.91E-03 1.59E+00 1.01E-01 1.90E-05 4.42E-02 3.22E-05 2.89E-02 3.28E-01 3.51E-01 2.867E+00
3.850E-05 2.29E-01 1.89E-01 5.18E-03 1.68E+00 1.08E-01 2.23E-05 4.58E-02 3.77E-05 3.31E-02 3.27E-01 3.50E-01 2.969E+00
3.656E-05 2.32E-01 1.87E-01 7.61E-03 1.80E+00 1.19E-01 2.78E-05 4.79E-02 4.69E-05 4.02E-02 3.25E-01 3.49E-01 3.107E+00
3.570E-05 2.34E-01 1.87E-01 8.88E-03 1.85E+00 1.24E-01 3.07E-05 4.89E-02 5.17E-05 4.42E-02 3.24E-01 3.49E-01 3.169E+00
3.330E-05 2.37E-01 1.85E-01 1.33E-02 1.99E+00 1.41E-01 4.21E-05 5.19E-02 6.93E-05 5.96E-02 3.21E-01 3.48E-01 3.349E+00
3.130E-05 2.39E-01 1.84E-01 1.77E-02 2.10E+00 1.61E-01 5.68E-05 5.47E-02 9.02E-05 8.04E-02 3.19E-01 3.48E-01 3.505E+00
3.000E-05 2.40E-01 1.83E-01 2.11E-02 2.17E+00 1.80E-01 7.04E-05 5.66E-02 1.08E-04 1.01E-01 3.17E-01 3.47E-01 3.612E+00
2.940E-05 2.40E-01 1.83E-01 2.29E-02 2.19E+00 1.90E-01 7.81E-05 5.75E-02 1.18E-04 1.14E-01 3.17E-01 3.47E-01 3.663E+00
2.780E-05 2.41E-01 1.82E-01 2.79E-02 2.25E+00 2.22E-01 1.07E-04 6.00E-02 1.51E-04 1.63E-01 3.15E-01 3.47E-01 3.810E+00
2.630E-05 2.41E-01 1.80E-01 3.32E-02 2.29E+00 2.72E-01 1.52E-04 6.23E-02 1.93E-04 2.46E-01 3.13E-01 3.47E-01 3.987E+00
2.500E-05 2.41E-01 1.80E-01 3.92E-02 2.31E+00 3.39E-01 2.22E-04 6.44E-02 2.42E-04 3.82E-01 3.11E-01 3.46E-01 4.215E+00
2.380E-05 2.41E-01 1.79E-01 4.67E-02 2.31E+00 4.67E-01 3.39E-04 6.46E-02 3.04E-04 6.11E-01 3.10E-01 3.46E-01 4.579E+00
2.270E-05 2.40E-01 1.78E-01 5.71E-02 2.30E+00 6.75E-01 4.96E-04 6.71E-02 3.81E-04 9.28E-01 3.08E-01 3.46E-01 5.104E+00
2.170E-05 2.39E-01 1.78E-01 7.10E-02 2.29E+00 9.13E-01 6.45E-04 7.56E-02 4.77E-04 1.11E+00 3.06E-01 3.46E-01 5.531E+00
2.080E-05 2.38E-01 1.77E-01 9.67E-02 2.29E+00 9.46E-01 5.98E-04 9.43E-02 5.93E-04 9.49E-01 3.05E-01 3.46E-01 5.443E+00
2.000E-05 2.37E-01 1.77E-01 3.40E-01 2.08E+00 8.20E-01 4.68E-04 1.20E-01 7.27E-04 6.83E-01 3.03E-01 3.46E-01 5.109E+00
1.920E-05 2.36E-01 1.77E-01 6.37E-01 1.82E+00 6.37E-01 3.22E-04 1.65E-01 9.04E-04 4.65E-01 3.02E-01 3.47E-01 4.784E+00
1.850E-05 2.36E-01 1.78E-01 8.09E-01 1.67E+00 4.99E-01 2.28E-04 2.21E-01 1.11E-03 3.35E-01 3.00E-01 3.47E-01 4.595E+00
1.790E-05 2.36E-01 1.79E-01 1.00E+00 1.47E+00 4.05E-01 1.74E-04 2.82E-01 1.33E-03 2.59E-01 2.98E-01 3.48E-01 4.486E+00
1.720E-05 2.36E-01 1.80E-01 1.13E+00 1.34E+00 3.25E-01 1.38E-04 3.91E-01 1.66E-03 1.98E-01 2.96E-01 3.49E-01 4.451E+00
1.670E-05 2.35E-01 1.81E-01 1.18E+00 1.29E+00 2.79E-01 1.26E-04 4.93E-01 1.96E-03 1.67E-01 2.94E-01 3.50E-01 4.473E+00
1.610E-05 2.35E-01 1.82E-01 1.23E+00 1.24E+00 2.35E-01 1.28E-04 6.72E-01 2.42E-03 1.41E-01 2.92E-01 3.51E-01 4.579E+00
1.560E-05 2.35E-01 1.83E-01 1.25E+00 1.21E+00 2.06E-01 1.44E-04 8.78E-01 2.90E-03 1.25E-01 2.90E-01 3.52E-01 4.737E+00
1.520E-05 2.35E-01 1.83E-01 1.27E+00 1.19E+00 1.87E-01 1.68E-04 1.10E+00 3.33E-03 1.16E-01 2.88E-01 3.53E-01 4.924E+00
1.470E-05 2.35E-01 1.84E-01 1.28E+00 1.17E+00 1.66E-01 2.12E-04 1.41E+00 3.95E-03 1.09E-01 2.86E-01 3.54E-01 5.202E+00
1.430E-05 2.34E-01 1.84E-01 1.29E+00 1.16E+00 1.56E-01 2.65E-04 1.68E+00 4.42E-03 1.06E-01 2.85E-01 3.54E-01 5.449E+00
1.390E-05 2.34E-01 1.84E-01 1.29E+00 1.14E+00 1.52E-01 3.37E-04 1.90E+00 4.89E-03 1.05E-01 2.85E-01 3.54E-01 5.642E+00
1.350E-05 2.33E-01 1.84E-01 1.29E+00 1.13E+00 1.52E-01 4.32E-04 2.09E+00 5.48E-03 1.06E-01 2.84E-01 3.53E-01 5.828E+00
1.320E-05 2.32E-01 1.84E-01 1.29E+00 1.12E+00 1.54E-01 5.25E-04 2.25E+00 6.00E-03 1.09E-01 2.84E-01 3.53E-01 5.978E+00
1.280E-05 2.31E-01 1.84E-01 1.28E+00 1.11E+00 1.64E-01 6.88E-04 2.47E+00 6.83E-03 1.17E-01 2.83E-01 3.53E-01 6.206E+00
1.250E-05 2.30E-01 1.85E-01 1.28E+00 1.10E+00 1.78E-01 8.48E-04 2.66E+00 7.57E-03 1.25E-01 2.82E-01 3.53E-01 6.405E+00
1.220E-05 2.30E-01 1.85E-01 1.28E+00 1.10E+00 1.99E-01 1.05E-03 2.86E+00 8.44E-03 1.36E-01 2.81E-01 3.53E-01 6.637E+00
1.190E-05 2.29E-01 1.85E-01 1.28E+00 1.11E+00 2.27E-01 1.30E-03 3.09E+00 9.46E-03 1.51E-01 2.81E-01 3.53E-01 6.913E+00
1.160E-05 2.27E-01 1.85E-01 1.28E+00 1.12E+00 2.59E-01 1.62E-03 3.34E+00 1.07E-02 1.71E-01 2.80E-01 3.54E-01 7.224E+00
1.140E-05 2.26E-01 1.85E-01 1.28E+00 1.12E+00 2.85E-01 1.91E-03 3.53E+00 1.16E-02 1.88E-01 2.79E-01 3.54E-01 7.456E+00
1.110E-05 2.25E-01 1.84E-01 1.27E+00 1.12E+00 3.27E-01 2.50E-03 3.84E+00 1.32E-02 2.20E-01 2.78E-01 3.54E-01 7.844E+00
1.080E-05 2.23E-01 1.84E-01 1.27E+00 1.12E+00 4.41E-01 3.33E-03 4.22E+00 1.53E-02 2.65E-01 2.77E-01 3.55E-01 8.377E+00
1.050E-05 2.22E-01 1.83E-01 1.27E+00 1.13E+00 5.87E-01 4.32E-03 4.68E+00 1.79E-02 3.26E-01 2.76E-01 3.55E-01 9.050E+00
1.030E-05 2.20E-01 1.83E-01 1.27E+00 1.13E+00 7.01E-01 4.94E-03 5.12E+00 1.99E-02 3.78E-01 2.75E-01 3.56E-01 9.652E+00
1.000E-05 2.18E-01 1.82E-01 1.26E+00 1.13E+00 8.59E-01 6.03E-03 5.74E+00 2.28E-02 4.77E-01 2.74E-01 3.56E-01 1.053E+01
9.750E-06 2.17E-01 1.82E-01 1.26E+00 1.14E+00 1.04E+00 7.49E-03 6.25E+00 2.54E-02 5.76E-01 2.73E-01 3.56E-01 1.132E+01
9.500E-06 2.15E-01 1.81E-01 1.25E+00 1.14E+00 1.26E+00 8.86E-03 6.78E+00 2.82E-02 6.78E-01 2.72E-01 3.56E-01 1.217E+01
9.250E-06 2.13E-01 1.80E-01 1.25E+00 1.14E+00 1.42E+00 9.90E-03 7.33E+00 3.10E-02 7.53E-01 2.72E-01 3.55E-01 1.295E+01
9.080E-06 2.12E-01 1.80E-01 1.24E+00 1.14E+00 1.52E+00 1.06E-02 7.64E+00 3.25E-02 7.70E-01 2.72E-01 3.54E-01 1.336E+01
