  ++++++++++++++++++++++++++++++++++++++++++++++++++++++++++++++++++++++++
   --> crossec_dd              START                            ++++++++++
  
 ** Reading 8 input parameters from file jsm12fit.inp
 ** Reading 2 input parameters from file jsmTaufit.inp
               ** Rv(Av), tauV, ebv_obs=      2.83    1.77    0.68
               ** abuc                 =       20.36
               ** abusi                =       15.00
               ** abuvsi               =        3.61
               ** abucvgr              =       10.01
               ** abucpah              =        6.04
               ** fDark                =        0.33
               ** qmrn                 =        2.50
               ** alec                 =    3.28E-05
               ** alesi                =    2.45E-05
               ** arad_polmin_aC       =    1.20E-05
               ** arad_polmin_Si       =    8.00E-06
               ** arad_Darkmax         =    3.10E-04
     *** 5% vaccum and Demyk+22 mix := X50A (92.2%) and E20R 2.8% per volumne
     ***     porosity of aC and SI Mix     0.05
  *** rhc, rhgr, rhsi, wmol  1.52E+00  2.24E+00  2.58E+00  1.00E+02
  Relative volume in Dark dust  :
       aC        Si        Eis       Vac       total
       0.30      0.50      0.00      0.20      1.00
     Density of porous Dark dust =    1.75
     ***     open:   d.QSi_X922E028V005_idg60 
     ***     open:   d.QellipaC
     ***     open:   d.QellipDark
 0  2.0  X92E3V5   2  1.0                                                       
 0  2.0  ACH2_zub  2 10.000                                                     
 0  1.0  Si50C30V  0    0                                                       
# graphiteDraine2003 nw =          283 nr =            5                        
# asil_D03 nw =          283 nr =            5                                  
       Radii aC  :    6.00E-07  3.28E-05    1   83
       Radii Si  :    6.00E-07  2.45E-05    1   77
       Radii Dark :   3.28E-05  3.09E-04   83  129
       small PAH: zcpah, zhpah
                   30.0   12.0
   Change 2175AA PAH bump using ./Input/PAH2170.wq
   wel(ir_res(18)), x2170, gam2170,  gam_res(18) 
    0.2270     4.41     1.91  1.800E+15     old : as in data statement    
    0.2187     4.57     0.71  1.346E+15     used: as in ./Input/PAH2170.wq
   --- iter=  1  : Mmrn, Mdark, fdark, del     0.79     0.21     0.27     0.19
       small PAH: zcpah, zhpah
                   30.0   12.0
   Change 2175AA PAH bump using ./Input/PAH2170.wq
   wel(ir_res(18)), x2170, gam2170,  gam_res(18) 
    0.2270     4.41     1.43  1.346E+15     old : as in data statement    
    0.2187     4.57     0.71  1.346E+15     used: as in ./Input/PAH2170.wq
   --- iter=  2  : Mmrn, Mdark, fdark, del     0.74     0.26     0.27     0.02
     abusi    abuc_tot abucaC     abugr   abuvsi  abucpahs  abucpahb 
     15.0     36.4     20.4     10.0      3.6      6.0      0.0
  acmass,   Simass,   vgrmass,  vsimass,  pahmass,  tmassDark 
  7.36E-02  4.52E-01  3.62E-02  1.46E-01  2.18E-02  2.70E-01
 Mass of MRN, Dark, Mtot, fDar   0.73   0.27   1.00   0.27
          Tab2: tauV_tot, tauV_dark   =     1.77    0.06
          N_large+vsg,   N_dark       =    9.904E-05   3.496E-05
          Mass_mrn, Mass_dark, fdark  =    7.391E-01   2.609E-01   2.656E-01
                                        
  ++++++++++++++++++++++++++++++++++++++++++++++++++++++++++++++++++++++++++++++
  +++ Dark dust model (Siebennmorgen 2023 A&A, 670A, 115                     +++
  +++ Amount of dark dust: Eq.2,3 in SC 2023 doi: 10.48550/arXiv.2311.03310) +++
  +++                crossec_dd              DONE                     ++++++++++
         
