 # Optical depth (Siebenmorgen 2023, A&A 670A,115; SC 2023 doi: 10.48550/arXiv.2311.03310)
 # wel(cm) sa_aC    ss_aC    sa_Si    ss_Si    sa_vgr   ss_vgr   sa_vsi   ss_vsi   s_pahS+B sa_Dark  ss_Dark sigt 
 # ------------------------------------------------------------------------------------------------------------- 
1.000E+00 1.68E-07 1.55E-16 3.09E-07 4.48E-17 2.64E-09 2.37E-23 6.22E-08 9.97E-23 3.18E-12 9.87E-06 2.30E-12 1.041E-05
9.000E-01 1.97E-07 2.37E-16 3.64E-07 6.82E-17 3.37E-09 3.61E-23 7.39E-08 1.52E-22 3.92E-12 1.15E-05 3.50E-12 1.214E-05
8.000E-01 2.35E-07 3.79E-16 4.39E-07 1.09E-16 4.39E-09 5.79E-23 9.00E-08 2.43E-22 4.96E-12 1.36E-05 5.60E-12 1.441E-05
7.000E-01 2.88E-07 6.47E-16 5.42E-07 1.86E-16 5.89E-09 9.87E-23 1.11E-07 4.15E-22 6.48E-12 1.66E-05 9.54E-12 1.751E-05
6.000E-01 3.65E-07 1.20E-15 6.93E-07 3.45E-16 8.18E-09 1.83E-22 1.42E-07 7.69E-22 8.83E-12 2.08E-05 1.77E-11 2.197E-05
5.500E-01 4.17E-07 1.70E-15 7.96E-07 4.89E-16 9.79E-09 2.59E-22 1.64E-07 1.09E-21 1.05E-11 2.36E-05 2.50E-11 2.499E-05
5.000E-01 4.84E-07 2.48E-15 9.27E-07 7.16E-16 1.19E-08 3.79E-22 1.90E-07 1.59E-21 1.27E-11 2.72E-05 3.65E-11 2.877E-05
4.500E-01 5.70E-07 3.78E-15 1.10E-06 1.09E-15 1.46E-08 5.78E-22 2.27E-07 2.43E-21 1.57E-11 3.18E-05 5.56E-11 3.367E-05
4.000E-01 6.85E-07 6.06E-15 1.33E-06 1.75E-15 1.83E-08 9.26E-22 2.73E-07 3.89E-21 1.99E-11 3.78E-05 8.90E-11 4.013E-05
3.500E-01 8.45E-07 1.03E-14 1.64E-06 2.98E-15 2.35E-08 1.58E-21 3.41E-07 6.63E-21 2.59E-11 4.62E-05 1.52E-10 4.907E-05
3.000E-01 1.08E-06 1.91E-14 2.11E-06 5.53E-15 3.09E-08 2.93E-21 4.33E-07 1.23E-20 3.53E-11 5.83E-05 2.80E-10 6.191E-05
2.500E-01 1.45E-06 3.96E-14 2.83E-06 1.15E-14 4.21E-08 6.07E-21 5.82E-07 2.54E-20 5.08E-11 7.68E-05 5.80E-10 8.175E-05
2.098E-01 1.92E-06 7.98E-14 3.77E-06 2.31E-14 5.60E-08 1.22E-20 7.74E-07 5.13E-20 7.22E-11 1.01E-04 1.17E-09 1.070E-04
1.500E-01 3.34E-06 3.05E-13 6.52E-06 8.85E-14 1.07E-07 4.68E-20 1.32E-06 1.96E-19 1.41E-10 1.69E-04 4.45E-09 1.805E-04
1.382E-01 3.83E-06 4.23E-13 7.46E-06 1.23E-13 1.26E-07 6.50E-20 1.52E-06 2.72E-19 1.66E-10 1.93E-04 6.16E-09 2.055E-04
1.320E-01 4.14E-06 5.09E-13 8.04E-06 1.48E-13 1.38E-07 7.81E-20 1.63E-06 3.27E-19 1.82E-10 2.07E-04 7.40E-09 2.210E-04
1.150E-01 5.23E-06 8.83E-13 1.01E-05 2.56E-13 1.81E-07 1.36E-19 2.04E-06 5.66E-19 2.40E-10 2.58E-04 1.28E-08 2.754E-04
1.000E-01 6.65E-06 1.54E-12 1.27E-05 4.48E-13 2.38E-07 2.37E-19 2.55E-06 9.90E-19 3.18E-10 3.23E-04 2.24E-08 3.450E-04
9.970E-02 6.69E-06 1.56E-12 1.28E-05 4.53E-13 2.39E-07 2.40E-19 2.56E-06 1.00E-18 3.20E-10 3.24E-04 2.26E-08 3.468E-04
8.670E-02 8.42E-06 2.73E-12 1.61E-05 7.93E-13 3.16E-07 4.19E-19 3.21E-06 1.75E-18 4.23E-10 4.04E-04 3.95E-08 4.318E-04
8.500E-02 8.73E-06 2.96E-12 1.66E-05 8.58E-13 3.29E-07 4.54E-19 3.32E-06 1.90E-18 4.40E-10 4.18E-04 4.28E-08 4.467E-04
7.500E-02 1.11E-05 4.88E-12 2.04E-05 1.42E-12 4.18E-07 7.49E-19 4.05E-06 3.13E-18 5.65E-10 5.22E-04 7.05E-08 5.579E-04
6.000E-02 1.63E-05 1.19E-11 2.95E-05 3.48E-12 6.42E-07 1.83E-18 5.88E-06 7.64E-18 8.83E-10 7.43E-04 1.71E-07 7.954E-04
5.500E-02 1.89E-05 1.69E-11 3.30E-05 4.95E-12 7.57E-07 2.59E-18 6.86E-06 1.08E-17 1.05E-09 8.58E-04 2.42E-07 9.177E-04
5.000E-02 2.25E-05 2.47E-11 4.09E-05 7.30E-12 9.02E-07 3.79E-18 8.16E-06 1.59E-17 1.27E-09 1.02E-03 3.55E-07 1.090E-03
4.500E-02 2.77E-05 3.77E-11 5.42E-05 1.12E-11 1.10E-06 5.77E-18 9.98E-06 2.42E-17 1.57E-09 1.24E-03 5.41E-07 1.336E-03
4.000E-02 3.56E-05 6.05E-11 7.24E-05 1.81E-11 1.37E-06 9.25E-18 1.26E-05 3.88E-17 1.99E-09 1.56E-03 8.64E-07 1.686E-03
3.500E-02 4.46E-05 1.03E-10 1.10E-04 3.12E-11 1.76E-06 1.58E-17 1.67E-05 6.62E-17 2.60E-09 1.93E-03 1.47E-06 2.105E-03
3.000E-02 6.29E-05 1.92E-10 1.72E-04 5.80E-11 2.35E-06 2.92E-17 2.34E-05 1.23E-16 3.54E-09 2.65E-03 2.72E-06 2.913E-03
2.750E-02 7.51E-05 2.72E-10 2.16E-04 8.22E-11 2.76E-06 4.14E-17 2.86E-05 1.74E-16 4.21E-09 3.10E-03 3.84E-06 3.427E-03
2.500E-02 9.04E-05 4.00E-10 2.75E-04 1.20E-10 3.30E-06 6.07E-17 3.59E-05 2.55E-16 5.10E-09 3.71E-03 5.62E-06 4.123E-03
2.400E-02 9.93E-05 4.70E-10 3.05E-04 1.41E-10 3.57E-06 7.14E-17 3.91E-05 3.00E-16 5.53E-09 3.99E-03 6.59E-06 4.448E-03
2.000E-02 1.45E-04 9.83E-10 4.74E-04 2.89E-10 5.05E-06 1.48E-16 5.67E-05 6.23E-16 7.98E-09 5.63E-03 1.36E-05 6.328E-03
1.800E-02 1.81E-04 1.51E-09 5.89E-04 4.33E-10 6.21E-06 2.26E-16 7.05E-05 9.49E-16 9.86E-09 6.92E-03 2.08E-05 7.790E-03
1.600E-02 2.40E-04 2.43E-09 7.32E-04 6.79E-10 7.87E-06 3.63E-16 8.99E-05 1.52E-15 1.25E-08 8.74E-03 3.31E-05 9.843E-03
1.500E-02 2.86E-04 3.16E-09 8.21E-04 8.69E-10 8.96E-06 4.71E-16 1.02E-04 1.97E-15 1.42E-08 9.93E-03 4.26E-05 1.119E-02
1.400E-02 3.26E-04 4.18E-09 9.22E-04 1.13E-09 1.03E-05 6.21E-16 1.18E-04 2.60E-15 1.64E-08 1.11E-02 5.60E-05 1.251E-02
1.200E-02 4.97E-04 7.83E-09 1.17E-03 2.02E-09 1.44E-05 1.16E-15 1.61E-04 4.82E-15 2.24E-08 1.50E-02 1.02E-04 1.695E-02
1.000E-02 7.54E-04 1.64E-08 1.55E-03 4.01E-09 2.18E-05 2.41E-15 2.36E-04 1.00E-14 3.24E-08 2.07E-02 2.10E-04 2.346E-02
9.000E-03 1.00E-03 2.53E-08 1.77E-03 5.95E-09 2.80E-05 3.70E-15 2.94E-04 1.53E-14 4.02E-08 2.54E-02 3.17E-04 2.877E-02
8.000E-03 1.33E-03 3.99E-08 2.05E-03 9.40E-09 3.74E-05 5.97E-15 3.77E-04 2.45E-14 5.12E-08 3.04E-02 4.98E-04 3.466E-02
7.500E-03 1.56E-03 5.23E-08 2.27E-03 1.21E-08 4.41E-05 7.77E-15 4.33E-04 3.17E-14 5.85E-08 3.45E-02 6.45E-04 3.947E-02
7.000E-03 1.88E-03 6.85E-08 2.55E-03 1.59E-08 5.30E-05 1.03E-14 5.01E-04 4.18E-14 6.75E-08 3.90E-02 8.39E-04 4.485E-02
6.000E-03 2.70E-03 1.24E-07 3.27E-03 2.89E-08 8.16E-05 1.94E-14 6.98E-04 7.73E-14 9.34E-08 5.11E-02 1.53E-03 5.940E-02
5.000E-03 3.86E-03 2.43E-07 4.64E-03 5.89E-08 1.43E-04 4.12E-14 1.03E-03 1.60E-13 1.38E-07 6.95E-02 3.09E-03 8.228E-02
4.500E-03 4.75E-03 3.53E-07 5.67E-03 8.79E-08 2.02E-04 6.35E-14 1.28E-03 2.42E-13 1.75E-07 8.37E-02 4.61E-03 1.002E-01
4.000E-03 5.65E-03 5.25E-07 7.08E-03 1.32E-07 2.96E-04 1.01E-13 1.64E-03 3.83E-13 2.29E-07 1.02E-01 7.19E-03 1.235E-01
3.500E-03 6.83E-03 8.31E-07 8.73E-03 2.08E-07 4.11E-04 1.62E-13 2.14E-03 6.46E-13 3.18E-07 1.27E-01 1.19E-02 1.574E-01
3.000E-03 8.43E-03 1.37E-06 1.07E-02 3.34E-07 4.34E-04 2.53E-13 2.92E-03 1.18E-12 4.92E-07 1.65E-01 2.06E-02 2.082E-01
2.750E-03 9.24E-03 1.80E-06 1.18E-02 4.31E-07 3.74E-04 3.26E-13 3.51E-03 1.64E-12 6.74E-07 1.89E-01 2.74E-02 2.414E-01
2.500E-03 9.98E-03 2.40E-06 1.29E-02 5.64E-07 2.95E-04 4.49E-13 4.31E-03 2.37E-12 1.15E-06 2.17E-01 3.67E-02 2.810E-01
2.400E-03 1.03E-02 2.74E-06 1.33E-02 6.33E-07 2.64E-04 5.21E-13 4.70E-03 2.75E-12 1.64E-06 2.29E-01 4.11E-02 2.990E-01
2.350E-03 1.06E-02 2.93E-06 1.36E-02 6.72E-07 2.50E-04 5.64E-13 4.92E-03 2.97E-12 1.95E-06 2.36E-01 4.35E-02 3.086E-01
2.320E-03 1.07E-02 3.05E-06 1.37E-02 6.97E-07 2.42E-04 5.92E-13 5.05E-03 3.11E-12 2.11E-06 2.40E-01 4.49E-02 3.142E-01
2.310E-03 1.07E-02 3.09E-06 1.38E-02 7.05E-07 2.39E-04 6.02E-13 5.10E-03 3.16E-12 2.15E-06 2.41E-01 4.54E-02 3.161E-01
2.300E-03 1.08E-02 3.13E-06 1.39E-02 7.14E-07 2.36E-04 6.12E-13 5.14E-03 3.21E-12 2.18E-06 2.42E-01 4.59E-02 3.180E-01
2.250E-03 1.10E-02 3.34E-06 1.42E-02 7.61E-07 2.24E-04 6.67E-13 5.40E-03 3.49E-12 2.27E-06 2.49E-01 4.84E-02 3.282E-01
2.200E-03 1.11E-02 3.58E-06 1.45E-02 8.10E-07 2.12E-04 7.28E-13 5.70E-03 3.77E-12 2.38E-06 2.56E-01 5.09E-02 3.382E-01
2.150E-03 1.14E-02 3.85E-06 1.49E-02 8.61E-07 2.01E-04 7.98E-13 5.99E-03 4.08E-12 2.61E-06 2.62E-01 5.34E-02 3.480E-01
2.120E-03 1.15E-02 4.02E-06 1.51E-02 8.90E-07 1.94E-04 8.44E-13 6.18E-03 4.28E-12 2.72E-06 2.66E-01 5.49E-02 3.541E-01
2.110E-03 1.15E-02 4.08E-06 1.52E-02 9.00E-07 1.93E-04 8.60E-13 6.24E-03 4.35E-12 2.74E-06 2.67E-01 5.54E-02 3.560E-01
2.100E-03 1.16E-02 4.13E-06 1.53E-02 9.10E-07 1.91E-04 8.77E-13 6.31E-03 4.42E-12 2.74E-06 2.69E-01 5.58E-02 3.579E-01
2.080E-03 1.16E-02 4.24E-06 1.54E-02 9.28E-07 1.87E-04 9.11E-13 6.45E-03 4.55E-12 2.72E-06 2.71E-01 5.67E-02 3.613E-01
2.000E-03 1.18E-02 4.78E-06 1.59E-02 1.00E-06 1.73E-04 1.07E-12 7.07E-03 5.17E-12 2.57E-06 2.81E-01 6.06E-02 3.762E-01
1.950E-03 1.20E-02 5.19E-06 1.61E-02 1.04E-06 1.66E-04 1.18E-12 7.48E-03 5.48E-12 2.78E-06 2.85E-01 6.21E-02 3.830E-01
1.900E-03 1.22E-02 5.66E-06 1.62E-02 1.07E-06 1.59E-04 1.31E-12 7.80E-03 5.73E-12 3.38E-06 2.88E-01 6.33E-02 3.879E-01
1.850E-03 1.25E-02 6.19E-06 1.61E-02 1.08E-06 1.53E-04 1.47E-12 7.97E-03 5.89E-12 4.39E-06 2.89E-01 6.41E-02 3.894E-01
1.830E-03 1.26E-02 6.41E-06 1.60E-02 1.08E-06 1.51E-04 1.53E-12 8.00E-03 5.92E-12 4.74E-06 2.88E-01 6.42E-02 3.890E-01
1.820E-03 1.27E-02 6.52E-06 1.59E-02 1.08E-06 1.50E-04 1.57E-12 8.00E-03 5.93E-12 4.86E-06 2.88E-01 6.42E-02 3.885E-01
1.810E-03 1.27E-02 6.63E-06 1.58E-02 1.08E-06 1.49E-04 1.60E-12 7.98E-03 5.94E-12 4.93E-06 2.87E-01 6.44E-02 3.880E-01
1.800E-03 1.28E-02 6.76E-06 1.57E-02 1.08E-06 1.48E-04 1.64E-12 7.96E-03 5.96E-12 4.97E-06 2.86E-01 6.46E-02 3.876E-01
1.750E-03 1.31E-02 7.39E-06 1.51E-02 1.05E-06 1.44E-04 1.84E-12 7.75E-03 5.99E-12 5.08E-06 2.82E-01 6.54E-02 3.838E-01
1.700E-03 1.32E-02 8.10E-06 1.40E-02 1.00E-06 1.40E-04 2.07E-12 7.38E-03 6.03E-12 6.24E-06 2.76E-01 6.69E-02 3.780E-01
1.670E-03 1.34E-02 8.62E-06 1.31E-02 9.77E-07 1.39E-04 2.23E-12 7.10E-03 6.10E-12 7.38E-06 2.73E-01 6.84E-02 3.755E-01
1.650E-03 1.36E-02 9.00E-06 1.24E-02 9.61E-07 1.38E-04 2.34E-12 6.88E-03 6.17E-12 7.79E-06 2.71E-01 6.96E-02 3.740E-01
1.640E-03 1.37E-02 9.18E-06 1.20E-02 9.55E-07 1.37E-04 2.40E-12 6.77E-03 6.21E-12 7.77E-06 2.70E-01 7.02E-02 3.731E-01
1.630E-03 1.37E-02 9.36E-06 1.17E-02 9.49E-07 1.37E-04 2.46E-12 6.66E-03 6.26E-12 7.61E-06 2.69E-01 7.08E-02 3.721E-01
1.610E-03 1.39E-02 9.73E-06 1.08E-02 9.46E-07 1.36E-04 2.58E-12 6.43E-03 6.41E-12 7.09E-06 2.67E-01 7.25E-02 3.709E-01
1.600E-03 1.39E-02 9.93E-06 1.04E-02 9.50E-07 1.36E-04 2.65E-12 6.32E-03 6.50E-12 6.85E-06 2.66E-01 7.35E-02 3.704E-01
1.590E-03 1.40E-02 1.01E-05 9.99E-03 9.57E-07 1.36E-04 2.72E-12 6.20E-03 6.59E-12 6.67E-06 2.65E-01 7.44E-02 3.699E-01
1.580E-03 1.41E-02 1.03E-05 9.56E-03 9.70E-07 1.35E-04 2.79E-12 6.09E-03 6.71E-12 6.56E-06 2.64E-01 7.55E-02 3.697E-01
1.570E-03 1.41E-02 1.05E-05 9.13E-03 9.88E-07 1.35E-04 2.86E-12 5.98E-03 6.84E-12 6.44E-06 2.63E-01 7.66E-02 3.694E-01
1.560E-03 1.42E-02 1.08E-05 8.73E-03 1.01E-06 1.35E-04 2.94E-12 5.87E-03 6.97E-12 6.30E-06 2.63E-01 7.79E-02 3.697E-01
1.540E-03 1.44E-02 1.12E-05 8.01E-03 1.09E-06 1.35E-04 3.10E-12 5.65E-03 7.30E-12 6.15E-06 2.62E-01 8.05E-02 3.706E-01
1.520E-03 1.45E-02 1.17E-05 7.44E-03 1.19E-06 1.35E-04 3.27E-12 5.44E-03 7.71E-12 6.49E-06 2.61E-01 8.35E-02 3.717E-01
1.510E-03 1.46E-02 1.19E-05 7.24E-03 1.26E-06 1.35E-04 3.35E-12 5.34E-03 7.93E-12 6.70E-06 2.60E-01 8.51E-02 3.726E-01
1.500E-03 1.46E-02 1.21E-05 7.07E-03 1.32E-06 1.35E-04 3.45E-12 5.25E-03 8.18E-12 6.75E-06 2.60E-01 8.69E-02 3.737E-01
1.450E-03 1.49E-02 1.35E-05 6.74E-03 1.72E-06 1.35E-04 3.96E-12 4.84E-03 9.90E-12 8.62E-06 2.61E-01 9.88E-02 3.864E-01
1.440E-03 1.50E-02 1.38E-05 6.74E-03 1.81E-06 1.36E-04 4.07E-12 4.77E-03 1.03E-11 9.56E-06 2.62E-01 1.01E-01 3.900E-01
1.430E-03 1.50E-02 1.42E-05 6.73E-03 1.89E-06 1.36E-04 4.19E-12 4.75E-03 1.09E-11 1.04E-05 2.64E-01 1.05E-01 3.951E-01
1.420E-03 1.51E-02 1.45E-05 6.72E-03 1.98E-06 1.36E-04 4.31E-12 4.73E-03 1.15E-11 1.08E-05 2.66E-01 1.08E-01 4.002E-01
1.400E-03 1.52E-02 1.52E-05 6.73E-03 2.17E-06 1.37E-04 4.56E-12 4.77E-03 1.27E-11 1.18E-05 2.71E-01 1.15E-01 4.126E-01
1.380E-03 1.54E-02 1.59E-05 6.73E-03 2.38E-06 1.38E-04 4.84E-12 4.90E-03 1.42E-11 1.50E-05 2.78E-01 1.22E-01 4.266E-01
1.370E-03 1.55E-02 1.63E-05 6.75E-03 2.49E-06 1.39E-04 4.98E-12 5.03E-03 1.50E-11 1.79E-05 2.82E-01 1.25E-01 4.343E-01
1.360E-03 1.56E-02 1.67E-05 6.75E-03 2.61E-06 1.39E-04 5.13E-12 5.19E-03 1.59E-11 2.08E-05 2.86E-01 1.28E-01 4.423E-01
1.350E-03 1.57E-02 1.71E-05 6.78E-03 2.73E-06 1.40E-04 5.29E-12 5.33E-03 1.68E-11 2.23E-05 2.91E-01 1.32E-01 4.502E-01
1.340E-03 1.58E-02 1.76E-05 6.80E-03 2.87E-06 1.41E-04 5.45E-12 5.52E-03 1.76E-11 2.42E-05 2.95E-01 1.34E-01 4.577E-01
1.330E-03 1.59E-02 1.80E-05 6.84E-03 3.01E-06 1.41E-04 5.62E-12 5.71E-03 1.85E-11 2.81E-05 3.00E-01 1.37E-01 4.650E-01
1.320E-03 1.60E-02 1.84E-05 6.89E-03 3.16E-06 1.42E-04 5.79E-12 5.91E-03 1.95E-11 3.48E-05 3.04E-01 1.39E-01 4.723E-01
1.310E-03 1.61E-02 1.88E-05 6.95E-03 3.32E-06 1.43E-04 5.98E-12 6.12E-03 2.05E-11 4.57E-05 3.08E-01 1.41E-01 4.791E-01
1.290E-03 1.62E-02 1.96E-05 7.11E-03 3.67E-06 1.44E-04 6.36E-12 6.57E-03 2.26E-11 9.46E-05 3.17E-01 1.46E-01 4.927E-01
1.280E-03 1.62E-02 2.01E-05 7.20E-03 3.86E-06 1.45E-04 6.56E-12 6.85E-03 2.37E-11 1.39E-04 3.21E-01 1.48E-01 4.997E-01
1.270E-03 1.63E-02 2.07E-05 7.26E-03 4.06E-06 1.46E-04 6.77E-12 7.12E-03 2.49E-11 1.68E-04 3.26E-01 1.50E-01 5.068E-01
1.260E-03 1.63E-02 2.12E-05 7.35E-03 4.30E-06 1.47E-04 7.00E-12 7.41E-03 2.60E-11 1.45E-04 3.30E-01 1.52E-01 5.132E-01
1.250E-03 1.64E-02 2.17E-05 7.50E-03 4.56E-06 1.48E-04 7.22E-12 7.71E-03 2.72E-11 1.07E-04 3.34E-01 1.53E-01 5.193E-01
1.220E-03 1.67E-02 2.37E-05 8.52E-03 5.65E-06 1.51E-04 7.97E-12 8.65E-03 3.12E-11 8.33E-05 3.47E-01 1.57E-01 5.388E-01
1.210E-03 1.68E-02 2.43E-05 9.31E-03 6.08E-06 1.53E-04 8.24E-12 9.02E-03 3.27E-11 9.60E-05 3.51E-01 1.58E-01 5.450E-01
1.200E-03 1.69E-02 2.49E-05 1.03E-02 6.50E-06 1.54E-04 8.53E-12 9.41E-03 3.42E-11 1.06E-04 3.55E-01 1.59E-01 5.515E-01
1.190E-03 1.70E-02 2.57E-05 1.13E-02 6.87E-06 1.55E-04 8.82E-12 9.82E-03 3.58E-11 1.06E-04 3.60E-01 1.60E-01 5.583E-01
1.180E-03 1.71E-02 2.64E-05 1.24E-02 7.19E-06 1.56E-04 9.14E-12 1.02E-02 3.73E-11 1.05E-04 3.63E-01 1.60E-01 5.638E-01
1.170E-03 1.72E-02 2.71E-05 1.34E-02 7.46E-06 1.57E-04 9.47E-12 1.07E-02 3.89E-11 1.17E-04 3.67E-01 1.61E-01 5.692E-01
1.160E-03 1.74E-02 2.79E-05 1.43E-02 7.68E-06 1.59E-04 9.86E-12 1.11E-02 4.05E-11 1.51E-04 3.70E-01 1.61E-01 5.740E-01
1.150E-03 1.74E-02 2.85E-05 1.51E-02 7.88E-06 2.24E-04 9.75E-12 1.15E-02 4.21E-11 2.21E-04 3.73E-01 1.61E-01 5.785E-01
1.140E-03 1.75E-02 2.93E-05 1.57E-02 8.06E-06 1.66E-04 1.04E-11 1.20E-02 4.40E-11 3.32E-04 3.76E-01 1.61E-01 5.830E-01
1.130E-03 1.75E-02 3.01E-05 1.63E-02 8.24E-06 1.66E-04 1.08E-11 1.24E-02 4.60E-11 4.06E-04 3.79E-01 1.61E-01 5.878E-01
1.120E-03 1.76E-02 3.09E-05 1.69E-02 8.42E-06 1.67E-04 1.12E-11 1.30E-02 4.80E-11 3.27E-04 3.82E-01 1.61E-01 5.918E-01
1.110E-03 1.76E-02 3.18E-05 1.74E-02 8.62E-06 1.68E-04 1.16E-11 1.35E-02 5.01E-11 2.07E-04 3.85E-01 1.61E-01 5.957E-01
1.090E-03 1.78E-02 3.38E-05 1.85E-02 9.01E-06 1.72E-04 1.25E-11 1.47E-02 5.44E-11 8.58E-05 3.91E-01 1.61E-01 6.029E-01
1.050E-03 1.82E-02 3.85E-05 2.04E-02 9.70E-06 1.80E-04 1.46E-11 1.77E-02 6.46E-11 2.80E-05 4.01E-01 1.57E-01 6.150E-01
1.000E-03 1.89E-02 4.54E-05 2.23E-02 1.03E-05 1.92E-04 1.77E-11 2.05E-02 6.92E-11 1.37E-05 3.99E-01 1.45E-01 6.058E-01
9.800E-04 1.92E-02 4.87E-05 2.27E-02 1.02E-05 1.97E-04 1.92E-11 2.15E-02 7.12E-11 1.18E-05 3.97E-01 1.41E-01 6.016E-01
9.600E-04 1.94E-02 5.22E-05 2.26E-02 1.00E-05 2.03E-04 2.09E-11 2.25E-02 7.18E-11 1.09E-05 3.93E-01 1.34E-01 5.925E-01
9.500E-04 1.97E-02 5.40E-05 2.24E-02 9.82E-06 2.06E-04 2.18E-11 2.27E-02 7.02E-11 1.07E-05 3.90E-01 1.30E-01 5.844E-01
9.400E-04 1.98E-02 5.57E-05 2.20E-02 9.61E-06 2.09E-04 2.27E-11 2.27E-02 6.73E-11 1.07E-05 3.84E-01 1.25E-01 5.730E-01
9.200E-04 2.01E-02 5.95E-05 2.09E-02 9.21E-06 2.16E-04 2.47E-11 2.11E-02 5.60E-11 1.14E-05 3.67E-01 1.13E-01 5.418E-01
8.900E-04 2.06E-02 6.66E-05 1.85E-02 8.62E-06 2.27E-04 2.83E-11 1.67E-02 3.58E-11 1.70E-05 3.34E-01 9.91E-02 4.896E-01
8.700E-04 2.08E-02 7.11E-05 1.67E-02 8.47E-06 2.35E-04 3.09E-11 1.39E-02 2.66E-11 3.90E-05 3.15E-01 9.51E-02 4.615E-01
8.600E-04 2.10E-02 7.40E-05 1.59E-02 8.47E-06 2.40E-04 3.24E-11 1.28E-02 2.35E-11 5.92E-05 3.07E-01 9.46E-02 4.518E-01
8.500E-04 2.11E-02 7.67E-05 1.50E-02 8.45E-06 2.44E-04 3.40E-11 1.18E-02 2.09E-11 4.20E-05 3.00E-01 9.42E-02 4.422E-01
8.400E-04 2.13E-02 8.00E-05 1.40E-02 8.45E-06 2.49E-04 3.56E-11 1.07E-02 1.83E-11 2.98E-05 2.92E-01 9.39E-02 4.324E-01
8.200E-04 2.15E-02 8.53E-05 1.16E-02 8.67E-06 2.58E-04 3.92E-11 8.28E-03 1.32E-11 3.03E-05 2.72E-01 9.40E-02 4.079E-01
8.000E-04 2.18E-02 9.25E-05 9.40E-03 9.58E-06 2.69E-04 4.33E-11 5.66E-03 1.01E-11 4.48E-05 2.51E-01 1.00E-01 3.887E-01
7.900E-04 2.20E-02 9.65E-05 8.53E-03 1.03E-05 2.74E-04 4.55E-11 4.76E-03 1.09E-11 5.61E-05 2.45E-01 1.08E-01 3.888E-01
7.800E-04 2.21E-02 9.99E-05 7.82E-03 1.11E-05 2.79E-04 4.78E-11 3.87E-03 1.24E-11 6.73E-05 2.39E-01 1.16E-01 3.888E-01
7.700E-04 2.22E-02 1.04E-04 7.22E-03 1.21E-05 2.85E-04 5.04E-11 3.18E-03 1.47E-11 7.23E-05 2.34E-01 1.25E-01 3.925E-01
7.600E-04 2.22E-02 1.08E-04 6.70E-03 1.31E-05 2.91E-04 5.31E-11 2.70E-03 1.80E-11 6.71E-05 2.32E-01 1.36E-01 3.997E-01
7.500E-04 2.23E-02 1.12E-04 6.24E-03 1.42E-05 2.97E-04 5.59E-11 2.27E-03 2.19E-11 5.52E-05 2.30E-01 1.47E-01 4.083E-01
7.300E-04 2.26E-02 1.23E-04 5.52E-03 1.68E-05 3.10E-04 6.23E-11 1.90E-03 3.12E-11 3.38E-05 2.32E-01 1.70E-01 4.325E-01
7.200E-04 2.26E-02 1.28E-04 5.30E-03 1.82E-05 3.17E-04 6.58E-11 1.84E-03 3.61E-11 2.79E-05 2.33E-01 1.80E-01 4.435E-01
7.100E-04 2.27E-02 1.34E-04 5.15E-03 1.98E-05 3.24E-04 6.96E-11 1.78E-03 4.15E-11 2.72E-05 2.35E-01 1.91E-01 4.558E-01
7.000E-04 2.29E-02 1.41E-04 5.02E-03 2.13E-05 3.31E-04 7.36E-11 1.77E-03 4.70E-11 3.83E-05 2.38E-01 2.00E-01 4.680E-01
6.900E-04 2.30E-02 1.46E-04 4.82E-03 2.29E-05 3.39E-04 7.80E-11 1.76E-03 5.29E-11 2.18E-05 2.39E-01 2.08E-01 4.779E-01
6.800E-04 2.27E-02 1.52E-04 4.56E-03 2.46E-05 3.47E-04 8.26E-11 1.76E-03 5.89E-11 1.65E-05 2.39E-01 2.18E-01 4.872E-01
6.600E-04 2.28E-02 1.71E-04 4.11E-03 2.86E-05 3.65E-04 9.30E-11 1.76E-03 7.24E-11 1.56E-05 2.44E-01 2.39E-01 5.128E-01
6.400E-04 2.35E-02 1.93E-04 3.56E-03 3.33E-05 3.83E-04 1.05E-10 1.75E-03 8.77E-11 2.45E-05 2.51E-01 2.57E-01 5.376E-01
6.300E-04 2.40E-02 2.04E-04 3.32E-03 3.62E-05 3.87E-04 1.12E-10 1.75E-03 9.62E-11 3.95E-05 2.54E-01 2.64E-01 5.480E-01
6.200E-04 2.41E-02 2.14E-04 3.27E-03 3.94E-05 4.04E-04 1.19E-10 1.74E-03 1.06E-10 5.43E-05 2.55E-01 2.73E-01 5.579E-01
6.100E-04 2.44E-02 2.26E-04 3.25E-03 4.24E-05 4.14E-04 1.27E-10 1.73E-03 1.15E-10 3.87E-05 2.58E-01 2.81E-01 5.689E-01
5.900E-04 2.54E-02 2.54E-04 2.67E-03 4.94E-05 4.37E-04 1.45E-10 1.70E-03 1.38E-10 1.59E-05 2.64E-01 2.96E-01 5.904E-01
5.500E-04 2.46E-02 3.06E-04 1.98E-03 6.95E-05 4.90E-04 1.92E-10 1.68E-03 1.98E-10 1.26E-05 2.62E-01 3.37E-01 6.281E-01
5.300E-04 2.48E-02 3.52E-04 1.77E-03 8.27E-05 5.21E-04 2.22E-10 1.68E-03 2.37E-10 2.14E-05 2.66E-01 3.58E-01 6.531E-01
5.200E-04 2.49E-02 3.77E-04 1.66E-03 9.03E-05 5.38E-04 2.39E-10 1.68E-03 2.60E-10 3.56E-05 2.68E-01 3.68E-01 6.650E-01
5.100E-04 2.51E-02 4.06E-04 1.55E-03 9.87E-05 5.55E-04 2.59E-10 1.69E-03 2.85E-10 5.03E-05 2.70E-01 3.78E-01 6.774E-01
5.000E-04 2.54E-02 4.36E-04 1.44E-03 1.10E-04 5.73E-04 2.80E-10 1.70E-03 3.13E-10 3.52E-05 2.73E-01 3.87E-01 6.892E-01
4.800E-04 2.58E-02 5.04E-04 1.27E-03 1.32E-04 6.10E-04 3.29E-10 1.73E-03 3.78E-10 1.43E-05 2.77E-01 4.05E-01 7.122E-01
4.500E-04 2.67E-02 6.31E-04 1.07E-03 1.75E-04 6.76E-04 4.24E-10 1.79E-03 5.05E-10 9.64E-06 2.84E-01 4.29E-01 7.441E-01
4.000E-04 2.79E-02 9.64E-04 7.90E-04 2.92E-04 8.15E-04 6.75E-10 1.93E-03 8.44E-10 1.01E-05 2.94E-01 4.68E-01 7.946E-01
3.800E-04 2.86E-02 1.16E-03 6.96E-04 3.63E-04 8.83E-04 8.26E-10 1.99E-03 1.05E-09 1.14E-05 2.98E-01 4.80E-01 8.123E-01
3.600E-04 2.93E-02 1.42E-03 6.12E-04 4.56E-04 9.61E-04 1.02E-09 2.06E-03 1.32E-09 1.45E-05 3.03E-01 4.90E-01 8.281E-01
3.400E-04 3.08E-02 1.75E-03 5.38E-04 5.80E-04 1.05E-03 1.28E-09 2.13E-03 1.68E-09 3.57E-05 3.09E-01 4.95E-01 8.412E-01
3.300E-04 3.08E-02 1.93E-03 5.04E-04 6.57E-04 1.10E-03 1.44E-09 2.17E-03 1.90E-09 1.05E-04 3.09E-01 5.01E-01 8.473E-01
3.200E-04 3.10E-02 2.17E-03 4.69E-04 7.47E-04 1.16E-03 1.63E-09 2.20E-03 2.16E-09 3.61E-05 3.11E-01 5.05E-01 8.533E-01
3.150E-04 3.14E-02 2.30E-03 4.54E-04 7.98E-04 1.19E-03 1.73E-09 2.22E-03 2.30E-09 2.54E-05 3.12E-01 5.06E-01 8.562E-01
3.100E-04 3.17E-02 2.44E-03 4.39E-04 8.53E-04 1.22E-03 1.84E-09 2.24E-03 2.46E-09 2.11E-05 3.13E-01 5.07E-01 8.590E-01
3.080E-04 3.18E-02 2.50E-03 4.33E-04 8.76E-04 1.23E-03 1.89E-09 2.25E-03 2.53E-09 2.01E-05 3.14E-01 5.07E-01 8.600E-01
3.050E-04 3.20E-02 2.59E-03 4.23E-04 9.12E-04 1.25E-03 1.96E-09 2.26E-03 2.63E-09 1.92E-05 3.14E-01 5.08E-01 8.616E-01
3.000E-04 3.22E-02 2.75E-03 4.09E-04 9.77E-04 1.28E-03 2.09E-09 2.28E-03 2.82E-09 1.84E-05 3.15E-01 5.09E-01 8.643E-01
2.900E-04 3.29E-02 3.11E-03 3.82E-04 1.12E-03 1.35E-03 2.39E-09 2.33E-03 3.24E-09 1.81E-05 3.18E-01 5.10E-01 8.693E-01
2.800E-04 3.32E-02 3.53E-03 3.56E-04 1.30E-03 1.43E-03 2.75E-09 2.38E-03 3.74E-09 1.87E-05 3.19E-01 5.13E-01 8.742E-01
2.600E-04 3.44E-02 4.66E-03 3.08E-04 1.76E-03 1.60E-03 3.67E-09 2.50E-03 5.07E-09 2.12E-05 3.22E-01 5.18E-01 8.854E-01
2.500E-04 3.53E-02 5.42E-03 2.87E-04 2.06E-03 1.70E-03 4.28E-09 2.57E-03 5.94E-09 2.29E-05 3.24E-01 5.20E-01 8.918E-01
2.200E-04 3.90E-02 8.73E-03 2.31E-04 3.47E-03 2.07E-03 7.07E-09 2.81E-03 9.99E-09 3.05E-05 3.32E-01 5.28E-01 9.162E-01
2.159E-04 3.94E-02 9.33E-03 2.24E-04 3.75E-03 2.13E-03 7.61E-09 2.85E-03 1.08E-08 3.20E-05 3.33E-01 5.30E-01 9.198E-01
2.000E-04 4.21E-02 1.24E-02 2.01E-04 5.10E-03 2.39E-03 1.03E-08 3.02E-03 1.47E-08 3.87E-05 3.37E-01 5.35E-01 9.362E-01
1.662E-04 4.92E-02 2.33E-02 1.61E-04 1.06E-02 3.18E-03 2.12E-08 3.50E-03 3.09E-08 6.39E-05 3.43E-01 5.39E-01 9.725E-01
1.650E-04 4.95E-02 2.38E-02 1.59E-04 1.09E-02 3.22E-03 2.18E-08 3.52E-03 3.18E-08 6.53E-05 3.44E-01 5.39E-01 9.740E-01
1.250E-04 6.70E-02 5.54E-02 1.46E-04 3.14E-02 4.95E-03 6.46E-08 4.46E-03 9.68E-08 1.46E-04 3.54E-01 5.33E-01 1.050E+00
1.235E-04 6.80E-02 5.73E-02 1.45E-04 3.28E-02 5.04E-03 6.78E-08 4.51E-03 1.02E-07 1.52E-04 3.54E-01 5.32E-01 1.054E+00
1.130E-04 7.63E-02 7.27E-02 1.50E-04 4.49E-02 5.79E-03 9.59E-08 4.90E-03 1.45E-07 1.96E-04 3.58E-01 5.26E-01 1.089E+00
1.000E-04 8.98E-02 9.75E-02 1.69E-04 6.75E-02 7.06E-03 1.55E-07 5.50E-03 2.37E-07 2.76E-04 3.63E-01 5.15E-01 1.146E+00
9.500E-05 9.61E-02 1.08E-01 1.70E-04 7.96E-02 7.68E-03 1.89E-07 5.77E-03 2.90E-07 3.17E-04 3.65E-01 5.10E-01 1.173E+00
9.300E-05 9.87E-02 1.13E-01 1.74E-04 8.52E-02 7.95E-03 2.05E-07 5.89E-03 3.16E-07 3.35E-04 3.66E-01 5.07E-01 1.184E+00
9.200E-05 1.00E-01 1.15E-01 1.77E-04 8.82E-02 8.08E-03 2.14E-07 5.95E-03 3.30E-07 3.45E-04 3.66E-01 5.06E-01 1.190E+00
9.100E-05 1.01E-01 1.17E-01 1.80E-04 9.13E-02 8.23E-03 2.23E-07 6.01E-03 3.45E-07 3.55E-04 3.67E-01 5.05E-01 1.197E+00
9.000E-05 1.03E-01 1.20E-01 1.83E-04 9.45E-02 8.37E-03 2.33E-07 6.08E-03 3.61E-07 3.65E-04 3.67E-01 5.04E-01 1.203E+00
8.900E-05 1.04E-01 1.22E-01 1.86E-04 9.79E-02 8.52E-03 2.43E-07 6.14E-03 3.77E-07 3.76E-04 3.68E-01 5.02E-01 1.209E+00
8.800E-05 1.05E-01 1.24E-01 1.89E-04 1.01E-01 8.68E-03 2.54E-07 6.21E-03 3.94E-07 3.88E-04 3.68E-01 5.01E-01 1.216E+00
8.700E-05 1.07E-01 1.27E-01 1.93E-04 1.05E-01 8.84E-03 2.66E-07 6.27E-03 4.13E-07 3.99E-04 3.68E-01 5.00E-01 1.223E+00
8.600E-05 1.08E-01 1.29E-01 1.96E-04 1.09E-01 9.00E-03 2.78E-07 6.34E-03 4.32E-07 4.11E-04 3.69E-01 4.99E-01 1.230E+00
8.500E-05 1.09E-01 1.32E-01 1.99E-04 1.13E-01 9.17E-03 2.91E-07 6.41E-03 4.53E-07 4.24E-04 3.69E-01 4.97E-01 1.237E+00
8.400E-05 1.11E-01 1.35E-01 2.02E-04 1.17E-01 9.35E-03 3.04E-07 6.48E-03 4.75E-07 4.37E-04 3.69E-01 4.96E-01 1.245E+00
8.330E-05 1.12E-01 1.37E-01 2.05E-04 1.21E-01 9.47E-03 3.14E-07 6.54E-03 4.91E-07 4.46E-04 3.69E-01 4.95E-01 1.250E+00
8.200E-05 1.14E-01 1.40E-01 2.09E-04 1.27E-01 9.70E-03 3.34E-07 6.63E-03 5.23E-07 4.64E-04 3.70E-01 4.93E-01 1.261E+00
8.100E-05 1.15E-01 1.43E-01 2.14E-04 1.32E-01 9.89E-03 3.50E-07 6.71E-03 5.50E-07 4.79E-04 3.70E-01 4.92E-01 1.269E+00
8.000E-05 1.17E-01 1.46E-01 2.16E-04 1.37E-01 1.01E-02 3.68E-07 6.79E-03 5.78E-07 4.94E-04 3.70E-01 4.90E-01 1.278E+00
7.900E-05 1.19E-01 1.48E-01 2.22E-04 1.42E-01 1.03E-02 3.86E-07 6.87E-03 6.08E-07 5.10E-04 3.71E-01 4.89E-01 1.287E+00
7.800E-05 1.21E-01 1.51E-01 2.28E-04 1.48E-01 1.05E-02 4.06E-07 6.95E-03 6.39E-07 5.26E-04 3.71E-01 4.87E-01 1.297E+00
7.700E-05 1.23E-01 1.54E-01 2.33E-04 1.54E-01 1.07E-02 4.26E-07 7.04E-03 6.74E-07 5.43E-04 3.72E-01 4.85E-01 1.306E+00
7.600E-05 1.25E-01 1.57E-01 2.42E-04 1.60E-01 1.09E-02 4.48E-07 7.12E-03 7.10E-07 5.61E-04 3.72E-01 4.84E-01 1.316E+00
7.500E-05 1.27E-01 1.59E-01 2.49E-04 1.67E-01 1.11E-02 4.72E-07 7.21E-03 7.49E-07 5.79E-04 3.73E-01 4.82E-01 1.327E+00
7.400E-05 1.29E-01 1.62E-01 2.61E-04 1.74E-01 1.14E-02 4.97E-07 7.30E-03 7.90E-07 5.98E-04 3.73E-01 4.80E-01 1.337E+00
7.300E-05 1.31E-01 1.64E-01 2.73E-04 1.81E-01 1.16E-02 5.24E-07 7.40E-03 8.34E-07 6.18E-04 3.74E-01 4.78E-01 1.348E+00
7.140E-05 1.35E-01 1.68E-01 2.81E-04 1.94E-01 1.20E-02 5.71E-07 7.55E-03 9.12E-07 6.52E-04 3.74E-01 4.75E-01 1.367E+00
7.100E-05 1.36E-01 1.69E-01 2.81E-04 1.97E-01 1.21E-02 5.84E-07 7.59E-03 9.33E-07 6.61E-04 3.75E-01 4.74E-01 1.371E+00
7.000E-05 1.38E-01 1.72E-01 2.91E-04 2.06E-01 1.24E-02 6.16E-07 7.69E-03 9.88E-07 6.84E-04 3.75E-01 4.72E-01 1.383E+00
6.900E-05 1.41E-01 1.74E-01 3.05E-04 2.14E-01 1.26E-02 6.52E-07 7.80E-03 1.05E-06 7.08E-04 3.75E-01 4.70E-01 1.396E+00
6.800E-05 1.43E-01 1.77E-01 3.16E-04 2.24E-01 1.29E-02 6.90E-07 7.91E-03 1.11E-06 7.32E-04 3.76E-01 4.67E-01 1.409E+00
6.700E-05 1.46E-01 1.79E-01 3.28E-04 2.33E-01 1.32E-02 7.30E-07 8.02E-03 1.18E-06 7.58E-04 3.76E-01 4.65E-01 1.422E+00
6.600E-05 1.48E-01 1.81E-01 3.44E-04 2.44E-01 1.35E-02 7.74E-07 8.13E-03 1.25E-06 7.86E-04 3.76E-01 4.63E-01 1.435E+00
6.500E-05 1.51E-01 1.84E-01 3.51E-04 2.54E-01 1.38E-02 8.22E-07 8.25E-03 1.33E-06 8.14E-04 3.77E-01 4.61E-01 1.449E+00
6.400E-05 1.54E-01 1.86E-01 3.59E-04 2.65E-01 1.41E-02 8.73E-07 8.37E-03 1.42E-06 8.44E-04 3.77E-01 4.58E-01 1.464E+00
6.300E-05 1.57E-01 1.88E-01 3.72E-04 2.77E-01 1.45E-02 9.29E-07 8.50E-03 1.51E-06 8.75E-04 3.77E-01 4.56E-01 1.479E+00
6.250E-05 1.58E-01 1.89E-01 3.75E-04 2.83E-01 1.46E-02 9.59E-07 8.56E-03 1.56E-06 8.92E-04 3.78E-01 4.55E-01 1.486E+00
6.200E-05 1.59E-01 1.90E-01 3.87E-04 2.89E-01 1.48E-02 9.89E-07 8.63E-03 1.61E-06 9.08E-04 3.78E-01 4.53E-01 1.494E+00
6.100E-05 1.62E-01 1.92E-01 4.06E-04 3.02E-01 1.52E-02 1.05E-06 8.76E-03 1.72E-06 9.43E-04 3.78E-01 4.51E-01 1.510E+00
6.000E-05 1.66E-01 1.93E-01 4.24E-04 3.15E-01 1.56E-02 1.13E-06 8.90E-03 1.84E-06 9.79E-04 3.78E-01 4.48E-01 1.526E+00
5.900E-05 1.69E-01 1.95E-01 4.42E-04 3.28E-01 1.59E-02 1.20E-06 9.05E-03 1.97E-06 1.02E-03 3.79E-01 4.46E-01 1.543E+00
5.800E-05 1.72E-01 1.96E-01 4.61E-04 3.42E-01 1.63E-02 1.29E-06 9.20E-03 2.11E-06 1.06E-03 3.79E-01 4.43E-01 1.560E+00
5.700E-05 1.76E-01 1.97E-01 4.85E-04 3.57E-01 1.67E-02 1.38E-06 9.35E-03 2.26E-06 1.10E-03 3.79E-01 4.41E-01 1.577E+00
5.600E-05 1.79E-01 1.98E-01 5.09E-04 3.72E-01 1.72E-02 1.48E-06 9.51E-03 2.43E-06 1.15E-03 3.80E-01 4.38E-01 1.595E+00
5.500E-05 1.83E-01 1.98E-01 5.33E-04 3.88E-01 1.76E-02 1.58E-06 9.67E-03 2.61E-06 1.20E-03 3.80E-01 4.36E-01 1.613E+00
5.477E-05 1.84E-01 1.98E-01 5.36E-04 3.92E-01 1.77E-02 1.61E-06 9.71E-03 2.65E-06 1.52E-03 3.80E-01 4.35E-01 1.618E+00
5.400E-05 1.86E-01 1.99E-01 5.55E-04 4.05E-01 1.81E-02 1.71E-06 9.84E-03 2.81E-06 1.58E-03 3.80E-01 4.33E-01 1.632E+00
5.300E-05 1.90E-01 1.99E-01 5.80E-04 4.22E-01 1.87E-02 1.84E-06 1.00E-02 3.03E-06 1.66E-03 3.80E-01 4.30E-01 1.652E+00
5.200E-05 1.93E-01 1.99E-01 6.17E-04 4.40E-01 1.93E-02 1.99E-06 1.02E-02 3.28E-06 1.74E-03 3.80E-01 4.28E-01 1.672E+00
5.100E-05 1.97E-01 1.98E-01 6.52E-04 4.58E-01 1.99E-02 2.15E-06 1.04E-02 3.55E-06 1.84E-03 3.80E-01 4.25E-01 1.692E+00
5.000E-05 2.00E-01 1.98E-01 6.89E-04 4.78E-01 2.05E-02 2.33E-06 1.06E-02 3.85E-06 1.94E-03 3.80E-01 4.23E-01 1.713E+00
4.900E-05 2.04E-01 1.98E-01 7.26E-04 4.99E-01 2.11E-02 2.52E-06 1.08E-02 4.17E-06 2.05E-03 3.80E-01 4.21E-01 1.735E+00
4.880E-05 2.04E-01 1.98E-01 7.33E-04 5.03E-01 2.12E-02 2.57E-06 1.08E-02 4.24E-06 2.08E-03 3.80E-01 4.20E-01 1.739E+00
4.800E-05 2.07E-01 1.97E-01 7.67E-04 5.20E-01 2.19E-02 2.74E-06 1.10E-02 4.54E-06 2.18E-03 3.79E-01 4.18E-01 1.758E+00
4.760E-05 2.08E-01 1.97E-01 7.87E-04 5.29E-01 2.22E-02 2.84E-06 1.11E-02 4.70E-06 2.23E-03 3.79E-01 4.17E-01 1.767E+00
4.700E-05 2.10E-01 1.97E-01 8.16E-04 5.42E-01 2.27E-02 2.99E-06 1.12E-02 4.95E-06 2.31E-03 3.79E-01 4.16E-01 1.782E+00
4.650E-05 2.12E-01 1.96E-01 8.38E-04 5.54E-01 2.32E-02 3.13E-06 1.13E-02 5.17E-06 2.39E-03 3.79E-01 4.15E-01 1.794E+00
4.600E-05 2.13E-01 1.96E-01 8.71E-04 5.66E-01 2.36E-02 3.27E-06 1.14E-02 5.40E-06 2.47E-03 3.79E-01 4.14E-01 1.807E+00
4.550E-05 2.15E-01 1.96E-01 9.10E-04 5.78E-01 2.41E-02 3.42E-06 1.16E-02 5.65E-06 2.55E-03 3.78E-01 4.13E-01 1.819E+00
4.500E-05 2.16E-01 1.95E-01 9.47E-04 5.90E-01 2.46E-02 3.58E-06 1.17E-02 5.91E-06 2.63E-03 3.78E-01 4.12E-01 1.832E+00
4.440E-05 2.18E-01 1.95E-01 1.00E-03 6.05E-01 2.52E-02 3.78E-06 1.18E-02 6.24E-06 2.74E-03 3.78E-01 4.11E-01 1.848E+00
4.350E-05 2.21E-01 1.94E-01 1.10E-03 6.28E-01 2.61E-02 4.11E-06 1.21E-02 6.79E-06 2.92E-03 3.77E-01 4.10E-01 1.873E+00
4.170E-05 2.26E-01 1.93E-01 1.33E-03 6.76E-01 2.83E-02 4.89E-06 1.25E-02 8.08E-06 3.35E-03 3.76E-01 4.07E-01 1.923E+00
4.000E-05 2.30E-01 1.92E-01 1.77E-03 7.23E-01 3.07E-02 5.81E-06 1.30E-02 9.59E-06 3.85E-03 3.75E-01 4.04E-01 1.973E+00
3.850E-05 2.34E-01 1.90E-01 2.34E-03 7.67E-01 3.28E-02 6.81E-06 1.35E-02 1.12E-05 4.40E-03 3.73E-01 4.03E-01 2.020E+00
3.656E-05 2.38E-01 1.89E-01 3.44E-03 8.25E-01 3.59E-02 8.49E-06 1.41E-02 1.40E-05 5.34E-03 3.71E-01 4.01E-01 2.082E+00
3.570E-05 2.39E-01 1.88E-01 4.02E-03 8.50E-01 3.74E-02 9.40E-06 1.44E-02 1.54E-05 5.87E-03 3.70E-01 4.00E-01 2.110E+00
3.330E-05 2.44E-01 1.87E-01 6.03E-03 9.24E-01 4.26E-02 1.29E-05 1.53E-02 2.06E-05 7.92E-03 3.68E-01 3.98E-01 2.191E+00
3.130E-05 2.46E-01 1.85E-01 8.00E-03 9.82E-01 4.89E-02 1.74E-05 1.61E-02 2.68E-05 1.07E-02 3.65E-01 3.97E-01 2.259E+00
3.000E-05 2.47E-01 1.84E-01 9.58E-03 1.02E+00 5.46E-02 2.15E-05 1.67E-02 3.22E-05 1.36E-02 3.63E-01 3.96E-01 2.303E+00
2.940E-05 2.48E-01 1.84E-01 1.04E-02 1.03E+00 5.75E-02 2.39E-05 1.69E-02 3.51E-05 1.54E-02 3.62E-01 3.96E-01 2.322E+00
2.780E-05 2.49E-01 1.83E-01 1.27E-02 1.07E+00 6.73E-02 3.28E-05 1.77E-02 4.49E-05 2.26E-02 3.60E-01 3.95E-01 2.375E+00
2.630E-05 2.49E-01 1.81E-01 1.50E-02 1.09E+00 8.23E-02 4.66E-05 1.84E-02 5.74E-05 3.60E-02 3.58E-01 3.95E-01 2.428E+00
2.500E-05 2.49E-01 1.81E-01 1.78E-02 1.11E+00 1.03E-01 6.79E-05 1.90E-02 7.21E-05 6.16E-02 3.56E-01 3.95E-01 2.488E+00
2.380E-05 2.49E-01 1.80E-01 2.13E-02 1.11E+00 1.41E-01 1.04E-04 1.90E-02 9.05E-05 1.21E-01 3.54E-01 3.95E-01 2.591E+00
2.270E-05 2.49E-01 1.79E-01 2.60E-02 1.11E+00 2.04E-01 1.52E-04 1.98E-02 1.14E-04 2.67E-01 3.53E-01 3.94E-01 2.799E+00
2.170E-05 2.48E-01 1.79E-01 3.25E-02 1.10E+00 2.77E-01 1.97E-04 2.23E-02 1.42E-04 4.32E-01 3.51E-01 3.95E-01 3.034E+00
2.080E-05 2.47E-01 1.78E-01 4.44E-02 1.09E+00 2.86E-01 1.83E-04 2.78E-02 1.77E-04 2.80E-01 3.49E-01 3.95E-01 2.899E+00
2.000E-05 2.46E-01 1.78E-01 1.58E-01 9.88E-01 2.48E-01 1.43E-04 3.54E-02 2.16E-04 1.44E-01 3.47E-01 3.95E-01 2.740E+00
1.920E-05 2.45E-01 1.78E-01 2.98E-01 8.63E-01 1.93E-01 9.84E-05 4.86E-02 2.69E-04 8.02E-02 3.45E-01 3.96E-01 2.646E+00
1.850E-05 2.45E-01 1.79E-01 3.81E-01 7.92E-01 1.51E-01 6.96E-05 6.52E-02 3.29E-04 5.25E-02 3.43E-01 3.96E-01 2.605E+00
1.790E-05 2.45E-01 1.80E-01 4.74E-01 7.00E-01 1.23E-01 5.32E-05 8.31E-02 3.95E-04 3.88E-02 3.41E-01 3.97E-01 2.582E+00
1.720E-05 2.44E-01 1.81E-01 5.35E-01 6.36E-01 9.86E-02 4.23E-05 1.15E-01 4.94E-04 2.91E-02 3.38E-01 3.98E-01 2.577E+00
1.670E-05 2.44E-01 1.82E-01 5.61E-01 6.09E-01 8.44E-02 3.85E-05 1.45E-01 5.84E-04 2.47E-02 3.36E-01 3.99E-01 2.587E+00
1.610E-05 2.44E-01 1.83E-01 5.82E-01 5.85E-01 7.11E-02 3.91E-05 1.98E-01 7.22E-04 2.11E-02 3.34E-01 4.01E-01 2.621E+00
1.560E-05 2.44E-01 1.84E-01 5.94E-01 5.71E-01 6.25E-02 4.42E-05 2.59E-01 8.64E-04 1.92E-02 3.31E-01 4.02E-01 2.668E+00
1.520E-05 2.44E-01 1.85E-01 6.01E-01 5.62E-01 5.67E-02 5.13E-05 3.23E-01 9.93E-04 1.83E-02 3.29E-01 4.03E-01 2.723E+00
1.470E-05 2.44E-01 1.85E-01 6.06E-01 5.52E-01 5.04E-02 6.48E-05 4.17E-01 1.18E-03 1.77E-02 3.27E-01 4.04E-01 2.804E+00
1.430E-05 2.44E-01 1.86E-01 6.08E-01 5.45E-01 4.73E-02 8.11E-05 4.96E-01 1.32E-03 1.77E-02 3.26E-01 4.04E-01 2.875E+00
1.390E-05 2.43E-01 1.86E-01 6.08E-01 5.39E-01 4.60E-02 1.03E-04 5.59E-01 1.46E-03 1.82E-02 3.26E-01 4.03E-01 2.929E+00
1.350E-05 2.42E-01 1.86E-01 6.08E-01 5.33E-01 4.59E-02 1.32E-04 6.17E-01 1.63E-03 1.91E-02 3.25E-01 4.03E-01 2.980E+00
1.320E-05 2.41E-01 1.86E-01 6.08E-01 5.28E-01 4.68E-02 1.60E-04 6.63E-01 1.79E-03 2.02E-02 3.24E-01 4.03E-01 3.021E+00
1.280E-05 2.40E-01 1.86E-01 6.06E-01 5.22E-01 4.98E-02 2.10E-04 7.30E-01 2.03E-03 2.22E-02 3.23E-01 4.03E-01 3.084E+00
1.250E-05 2.40E-01 1.86E-01 6.04E-01 5.21E-01 5.41E-02 2.59E-04 7.84E-01 2.25E-03 2.42E-02 3.22E-01 4.03E-01 3.141E+00
1.220E-05 2.39E-01 1.87E-01 6.03E-01 5.20E-01 6.03E-02 3.21E-04 8.44E-01 2.51E-03 2.69E-02 3.22E-01 4.03E-01 3.207E+00
1.190E-05 2.38E-01 1.87E-01 6.03E-01 5.24E-01 6.88E-02 3.99E-04 9.11E-01 2.82E-03 3.04E-02 3.21E-01 4.03E-01 3.288E+00
1.160E-05 2.36E-01 1.86E-01 6.03E-01 5.27E-01 7.83E-02 4.97E-04 9.85E-01 3.17E-03 3.50E-02 3.20E-01 4.03E-01 3.378E+00
1.140E-05 2.35E-01 1.86E-01 6.02E-01 5.28E-01 8.64E-02 5.84E-04 1.04E+00 3.45E-03 3.89E-02 3.19E-01 4.03E-01 3.444E+00
1.110E-05 2.34E-01 1.86E-01 6.01E-01 5.29E-01 9.90E-02 7.63E-04 1.13E+00 3.94E-03 4.62E-02 3.18E-01 4.04E-01 3.554E+00
1.080E-05 2.32E-01 1.86E-01 6.00E-01 5.30E-01 1.33E-01 1.02E-03 1.24E+00 4.54E-03 5.62E-02 3.17E-01 4.04E-01 3.707E+00
1.050E-05 2.30E-01 1.85E-01 5.99E-01 5.31E-01 1.78E-01 1.32E-03 1.38E+00 5.32E-03 6.97E-02 3.15E-01 4.05E-01 3.900E+00
1.030E-05 2.29E-01 1.85E-01 5.97E-01 5.32E-01 2.12E-01 1.51E-03 1.51E+00 5.92E-03 8.12E-02 3.14E-01 4.06E-01 4.072E+00
1.000E-05 2.27E-01 1.84E-01 5.95E-01 5.34E-01 2.60E-01 1.85E-03 1.69E+00 6.79E-03 1.03E-01 3.13E-01 4.06E-01 4.323E+00
9.750E-06 2.25E-01 1.83E-01 5.93E-01 5.35E-01 3.16E-01 2.29E-03 1.84E+00 7.56E-03 1.25E-01 3.12E-01 4.06E-01 4.545E+00
9.500E-06 2.23E-01 1.83E-01 5.90E-01 5.37E-01 3.80E-01 2.71E-03 2.00E+00 8.40E-03 1.47E-01 3.11E-01 4.05E-01 4.787E+00
9.250E-06 2.21E-01 1.82E-01 5.87E-01 5.38E-01 4.29E-01 3.03E-03 2.16E+00 9.24E-03 1.64E-01 3.11E-01 4.05E-01 5.009E+00
9.080E-06 2.19E-01 1.81E-01 5.84E-01 5.37E-01 4.59E-01 3.25E-03 2.25E+00 9.67E-03 1.68E-01 3.11E-01 4.04E-01 5.128E+00
