  ++++++++++++++++++++++++++++++++++++++++++++++++++++++++++++++++++++++++
   --> crossec_dd              START                            ++++++++++
  
 ** Reading 8 input parameters from file jsm12fit.inp
 ** Reading 2 input parameters from file jsmTaufit.inp
               ** Rv(Av), tauV, ebv_obs=      7.03    1.62    0.25
               ** abuc                 =       40.10
               ** abusi                =       15.00
               ** abuvsi               =        5.24
               ** abucvgr              =        5.47
               ** abucpah              =        3.21
               ** fDark                =        0.33
               ** qmrn                 =        2.24
               ** alec                 =    2.83E-05
               ** alesi                =    2.22E-05
               ** arad_polmin_aC       =    1.20E-05
               ** arad_polmin_Si       =    8.00E-06
               ** arad_Darkmax         =    3.10E-04
     *** 5% vaccum and Demyk+22 mix := X50A (92.2%) and E20R 2.8% per volumne
     ***     porosity of aC and SI Mix     0.05
  *** rhc, rhgr, rhsi, wmol  1.52E+00  2.24E+00  2.58E+00  1.00E+02
  Relative volume in Dark dust  :
       aC        Si        Eis       Vac       total
       0.30      0.50      0.00      0.20      1.00
     Density of porous Dark dust =    1.75
     ***     open:   d.QSi_X922E028V005_idg60 
     ***     open:   d.QellipaC
     ***     open:   d.QellipDark
 0  2.0  X92E3V5   2  1.0                                                       
 0  2.0  ACH2_zub  2 10.000                                                     
 0  1.0  Si50C30V  0    0                                                       
# graphiteDraine2003 nw =          283 nr =            5                        
# asil_D03 nw =          283 nr =            5                                  
       Radii aC  :    6.00E-07  2.83E-05    1   80
       Radii Si  :    6.00E-07  2.22E-05    1   75
       Radii Dark :   2.83E-05  3.09E-04   80  129
       small PAH: zcpah, zhpah
                   30.0   12.0
   Change 2175AA PAH bump using ./Input/PAH2170.wq
   wel(ir_res(18)), x2170, gam2170,  gam_res(18) 
    0.2170     4.61     1.91  1.800E+15     old : as in data statement    
    0.2152     4.65     0.53  9.933E+14     used: as in ./Input/PAH2170.wq
   --- iter=  1  : Mmrn, Mdark, fdark, del     0.11     0.89     0.61     0.84
       small PAH: zcpah, zhpah
                   30.0   12.0
   Change 2175AA PAH bump using ./Input/PAH2170.wq
   wel(ir_res(18)), x2170, gam2170,  gam_res(18) 
    0.2170     4.61     1.05  9.933E+14     old : as in data statement    
    0.2152     4.65     0.53  9.933E+14     used: as in ./Input/PAH2170.wq
   --- iter=  2  : Mmrn, Mdark, fdark, del     0.28     0.72     0.67     0.09
       small PAH: zcpah, zhpah
                   30.0   12.0
   Change 2175AA PAH bump using ./Input/PAH2170.wq
   wel(ir_res(18)), x2170, gam2170,  gam_res(18) 
    0.2170     4.61     1.05  9.933E+14     old : as in data statement    
    0.2152     4.65     0.53  9.933E+14     used: as in ./Input/PAH2170.wq
   --- iter=  3  : Mmrn, Mdark, fdark, del     0.33     0.67     0.67     0.00
     abusi    abuc_tot abucaC     abugr   abuvsi  abucpahs  abucpahb 
     15.0     48.8     40.1      5.5      5.2      3.2      0.0
  acmass,   Simass,   vgrmass,  vsimass,  pahmass,  tmassDark 
  5.71E-02  1.78E-01  7.79E-03  8.36E-02  4.57E-03  6.69E-01
 Mass of MRN, Dark, Mtot, fDar   0.33   0.67   1.00   0.67
          Tab2: tauV_tot, tauV_dark   =     1.62    0.81
          N_large+vsg,   N_dark       =    9.194E-05   1.900E-04
          Mass_mrn, Mass_dark, fdark  =    3.261E-01   6.739E-01   6.715E-01
                                        
  ++++++++++++++++++++++++++++++++++++++++++++++++++++++++++++++++++++++++++++++
  +++ Dark dust model (Siebennmorgen 2023 A&A, 670A, 115                     +++
  +++ Amount of dark dust: Eq.2,3 in SC 2023 doi: 10.48550/arXiv.2311.03310) +++
  +++                crossec_dd              DONE                     ++++++++++
         
