 # Polarisation optical depth (Siebenmorgen 2023, A&A 670A,115; SC 2023 doi: 10.48550/arXiv.2311.03310)
 # wel         sigp_aC     sigp_Si      sigp_dark    sigt
 #----------------------------------------------------------------------------------------
   1.000E+00   6.582E-04   8.782E-04   0.000E+00   1.505E-05
   9.000E-01   7.710E-04   1.037E-03   0.000E+00   1.754E-05
   8.000E-01   9.209E-04   1.249E-03   0.000E+00   2.083E-05
   7.000E-01   1.128E-03   1.543E-03   0.000E+00   2.530E-05
   6.000E-01   1.427E-03   1.972E-03   0.000E+00   3.174E-05
   5.500E-01   1.632E-03   2.265E-03   0.000E+00   3.609E-05
   5.000E-01   1.890E-03   2.638E-03   0.000E+00   4.155E-05
   4.500E-01   2.226E-03   3.123E-03   0.000E+00   4.861E-05
   4.000E-01   2.676E-03   3.773E-03   0.000E+00   5.794E-05
   3.500E-01   3.301E-03   4.678E-03   0.000E+00   7.085E-05
   3.000E-01   4.216E-03   6.001E-03   0.000E+00   8.936E-05
   2.500E-01   5.646E-03   8.064E-03   0.000E+00   1.180E-04
   2.098E-01   7.501E-03   1.072E-02   0.000E+00   1.544E-04
   1.500E-01   1.304E-02   1.855E-02   0.000E+00   2.604E-04
   1.382E-01   1.496E-02   2.121E-02   0.000E+00   2.964E-04
   1.320E-01   1.616E-02   2.287E-02   0.000E+00   3.188E-04
   1.150E-01   2.041E-02   2.870E-02   0.000E+00   3.971E-04
   1.000E-01   2.596E-02   3.610E-02   0.000E+00   4.975E-04
   9.970E-02   2.609E-02   3.628E-02   0.000E+00   4.999E-04
   8.670E-02   3.286E-02   4.577E-02   0.000E+00   6.225E-04
   8.500E-02   3.403E-02   4.731E-02   0.000E+00   6.439E-04
   7.500E-02   4.319E-02   5.820E-02   0.000E+00   8.043E-04
   6.000E-02   6.352E-02   8.419E-02   0.000E+00   1.146E-03
   5.500E-02   7.360E-02   9.447E-02   0.000E+00   1.323E-03
   5.000E-02   8.761E-02   1.174E-01   0.000E+00   1.571E-03
   4.500E-02   1.080E-01   1.560E-01   0.000E+00   1.925E-03
   4.000E-02   1.388E-01   2.093E-01   0.000E+00   2.428E-03
   3.500E-02   1.740E-01   3.194E-01   0.000E+00   3.027E-03
   3.000E-02   2.458E-01   4.990E-01   0.000E+00   4.185E-03
   2.750E-02   2.934E-01   6.277E-01   0.000E+00   4.920E-03
   2.500E-02   3.536E-01   7.985E-01   0.000E+00   5.916E-03
   2.400E-02   3.883E-01   8.832E-01   0.000E+00   6.380E-03
   2.000E-02   5.691E-01   1.361E+00   0.000E+00   9.067E-03
   1.800E-02   7.102E-01   1.674E+00   0.000E+00   1.116E-02
   1.600E-02   9.459E-01   2.058E+00   0.000E+00   1.410E-02
   1.500E-02   1.129E+00   2.293E+00   0.000E+00   1.603E-02
   1.400E-02   1.285E+00   2.553E+00   0.000E+00   1.791E-02
   1.200E-02   1.968E+00   3.193E+00   0.000E+00   2.424E-02
   1.000E-02   2.996E+00   4.108E+00   0.000E+00   3.352E-02
   9.000E-03   4.001E+00   4.616E+00   0.000E+00   4.108E-02
   8.000E-03   5.278E+00   5.314E+00   0.000E+00   4.942E-02
   7.500E-03   6.187E+00   5.859E+00   0.000E+00   5.627E-02
   7.000E-03   7.447E+00   6.531E+00   0.000E+00   6.387E-02
   6.000E-03   1.058E+01   8.265E+00   0.000E+00   8.449E-02
   5.000E-03   1.470E+01   1.146E+01   0.000E+00   1.170E-01
   4.500E-03   1.768E+01   1.369E+01   0.000E+00   1.425E-01
   4.000E-03   2.036E+01   1.618E+01   0.000E+00   1.758E-01
   3.500E-03   2.374E+01   1.873E+01   0.000E+00   2.245E-01
   3.000E-03   2.765E+01   2.066E+01   0.000E+00   2.975E-01
   2.750E-03   2.920E+01   2.116E+01   0.000E+00   3.452E-01
   2.500E-03   3.017E+01   2.138E+01   0.000E+00   4.024E-01
   2.400E-03   3.082E+01   2.141E+01   0.000E+00   4.281E-01
   2.350E-03   3.120E+01   2.144E+01   0.000E+00   4.420E-01
   2.320E-03   3.137E+01   2.146E+01   0.000E+00   4.501E-01
   2.310E-03   3.143E+01   2.147E+01   0.000E+00   4.528E-01
   2.300E-03   3.150E+01   2.146E+01   0.000E+00   4.555E-01
   2.250E-03   3.168E+01   2.153E+01   0.000E+00   4.701E-01
   2.200E-03   3.187E+01   2.157E+01   0.000E+00   4.844E-01
   2.150E-03   3.219E+01   2.156E+01   0.000E+00   4.985E-01
   2.120E-03   3.237E+01   2.146E+01   0.000E+00   5.071E-01
   2.110E-03   3.241E+01   2.142E+01   0.000E+00   5.099E-01
   2.100E-03   3.241E+01   2.137E+01   0.000E+00   5.126E-01
   2.080E-03   3.238E+01   2.123E+01   0.000E+00   5.174E-01
   2.000E-03   3.238E+01   2.058E+01   0.000E+00   5.387E-01
   1.950E-03   3.259E+01   1.985E+01   0.000E+00   5.483E-01
   1.900E-03   3.300E+01   1.889E+01   0.000E+00   5.550E-01
   1.850E-03   3.341E+01   1.767E+01   0.000E+00   5.569E-01
   1.830E-03   3.359E+01   1.710E+01   0.000E+00   5.562E-01
   1.820E-03   3.361E+01   1.681E+01   0.000E+00   5.555E-01
   1.810E-03   3.366E+01   1.650E+01   0.000E+00   5.548E-01
   1.800E-03   3.375E+01   1.619E+01   0.000E+00   5.541E-01
   1.750E-03   3.413E+01   1.446E+01   0.000E+00   5.485E-01
   1.700E-03   3.419E+01   1.261E+01   0.000E+00   5.403E-01
   1.670E-03   3.456E+01   1.150E+01   0.000E+00   5.369E-01
   1.650E-03   3.491E+01   1.077E+01   0.000E+00   5.349E-01
   1.640E-03   3.502E+01   1.041E+01   0.000E+00   5.335E-01
   1.630E-03   3.513E+01   1.006E+01   0.000E+00   5.322E-01
   1.610E-03   3.528E+01   9.372E+00   0.000E+00   5.306E-01
   1.600E-03   3.538E+01   9.041E+00   0.000E+00   5.300E-01
   1.590E-03   3.549E+01   8.724E+00   0.000E+00   5.294E-01
   1.580E-03   3.557E+01   8.427E+00   0.000E+00   5.292E-01
   1.570E-03   3.557E+01   8.144E+00   0.000E+00   5.288E-01
   1.560E-03   3.573E+01   7.898E+00   0.000E+00   5.293E-01
   1.540E-03   3.603E+01   7.500E+00   0.000E+00   5.308E-01
   1.520E-03   3.605E+01   7.252E+00   0.000E+00   5.327E-01
   1.510E-03   3.606E+01   7.193E+00   0.000E+00   5.340E-01
   1.500E-03   3.600E+01   7.167E+00   0.000E+00   5.357E-01
   1.450E-03   3.624E+01   7.415E+00   0.000E+00   5.547E-01
   1.440E-03   3.633E+01   7.510E+00   0.000E+00   5.600E-01
   1.430E-03   3.641E+01   7.589E+00   0.000E+00   5.675E-01
   1.420E-03   3.648E+01   7.665E+00   0.000E+00   5.751E-01
   1.400E-03   3.671E+01   7.840E+00   0.000E+00   5.932E-01
   1.380E-03   3.688E+01   8.005E+00   0.000E+00   6.136E-01
   1.370E-03   3.696E+01   8.096E+00   0.000E+00   6.248E-01
   1.360E-03   3.710E+01   8.188E+00   0.000E+00   6.364E-01
   1.350E-03   3.727E+01   8.303E+00   0.000E+00   6.479E-01
   1.340E-03   3.742E+01   8.415E+00   0.000E+00   6.587E-01
   1.330E-03   3.750E+01   8.556E+00   0.000E+00   6.692E-01
   1.320E-03   3.764E+01   8.702E+00   0.000E+00   6.797E-01
   1.310E-03   3.764E+01   8.873E+00   0.000E+00   6.895E-01
   1.290E-03   3.753E+01   9.281E+00   0.000E+00   7.091E-01
   1.280E-03   3.752E+01   9.498E+00   0.000E+00   7.190E-01
   1.270E-03   3.761E+01   9.680E+00   0.000E+00   7.291E-01
   1.260E-03   3.767E+01   9.950E+00   0.000E+00   7.384E-01
   1.250E-03   3.768E+01   1.030E+01   0.000E+00   7.469E-01
   1.220E-03   3.828E+01   1.241E+01   0.000E+00   7.744E-01
   1.210E-03   3.830E+01   1.379E+01   0.000E+00   7.831E-01
   1.200E-03   3.830E+01   1.541E+01   0.000E+00   7.921E-01
   1.190E-03   3.858E+01   1.708E+01   0.000E+00   8.016E-01
   1.180E-03   3.871E+01   1.866E+01   0.000E+00   8.089E-01
   1.170E-03   3.881E+01   2.001E+01   0.000E+00   8.163E-01
   1.160E-03   3.894E+01   2.111E+01   0.000E+00   8.228E-01
   1.150E-03   3.891E+01   2.197E+01   0.000E+00   8.289E-01
   1.140E-03   3.885E+01   2.266E+01   0.000E+00   8.349E-01
   1.130E-03   3.884E+01   2.320E+01   0.000E+00   8.414E-01
   1.120E-03   3.885E+01   2.366E+01   0.000E+00   8.469E-01
   1.110E-03   3.883E+01   2.409E+01   0.000E+00   8.520E-01
   1.090E-03   3.892E+01   2.483E+01   0.000E+00   8.616E-01
   1.050E-03   3.950E+01   2.554E+01   0.000E+00   8.766E-01
   1.000E-03   4.045E+01   2.488E+01   0.000E+00   8.605E-01
   9.800E-04   4.089E+01   2.376E+01   0.000E+00   8.533E-01
   9.600E-04   4.126E+01   2.204E+01   0.000E+00   8.392E-01
   9.500E-04   4.158E+01   2.101E+01   0.000E+00   8.271E-01
   9.400E-04   4.159E+01   1.993E+01   0.000E+00   8.103E-01
   9.200E-04   4.180E+01   1.781E+01   0.000E+00   7.655E-01
   8.900E-04   4.243E+01   1.465E+01   0.000E+00   6.916E-01
   8.700E-04   4.229E+01   1.290E+01   0.000E+00   6.524E-01
   8.600E-04   4.258E+01   1.213E+01   0.000E+00   6.388E-01
   8.500E-04   4.258E+01   1.133E+01   0.000E+00   6.255E-01
   8.400E-04   4.293E+01   1.048E+01   0.000E+00   6.118E-01
   8.200E-04   4.272E+01   8.749E+00   0.000E+00   5.776E-01
   8.000E-04   4.297E+01   7.310E+00   0.000E+00   5.514E-01
   7.900E-04   4.324E+01   6.794E+00   0.000E+00   5.523E-01
   7.800E-04   4.311E+01   6.374E+00   0.000E+00   5.530E-01
   7.700E-04   4.298E+01   6.012E+00   0.000E+00   5.590E-01
   7.600E-04   4.289E+01   5.696E+00   0.000E+00   5.700E-01
   7.500E-04   4.280E+01   5.410E+00   0.000E+00   5.831E-01
   7.300E-04   4.312E+01   4.976E+00   0.000E+00   6.191E-01
   7.200E-04   4.301E+01   4.859E+00   0.000E+00   6.353E-01
   7.100E-04   4.298E+01   4.798E+00   0.000E+00   6.535E-01
   7.000E-04   4.330E+01   4.724E+00   0.000E+00   6.713E-01
   6.900E-04   4.307E+01   4.584E+00   0.000E+00   6.858E-01
   6.800E-04   4.227E+01   4.387E+00   0.000E+00   6.999E-01
   6.600E-04   4.287E+01   4.039E+00   0.000E+00   7.376E-01
   6.400E-04   4.424E+01   3.581E+00   0.000E+00   7.736E-01
   6.300E-04   4.490E+01   3.391E+00   0.000E+00   7.887E-01
   6.200E-04   4.486E+01   3.379E+00   0.000E+00   8.031E-01
   6.100E-04   4.521E+01   3.387E+00   0.000E+00   8.191E-01
   5.900E-04   4.665E+01   2.846E+00   0.000E+00   8.500E-01
   5.500E-04   4.384E+01   2.255E+00   0.000E+00   9.063E-01
   5.300E-04   4.459E+01   2.088E+00   0.000E+00   9.429E-01
   5.200E-04   4.473E+01   2.004E+00   0.000E+00   9.603E-01
   5.100E-04   4.531E+01   1.919E+00   0.000E+00   9.783E-01
   5.000E-04   4.587E+01   1.842E+00   0.000E+00   9.953E-01
   4.800E-04   4.658E+01   1.730E+00   0.000E+00   1.029E+00
   4.500E-04   4.815E+01   1.627E+00   0.000E+00   1.075E+00
   4.000E-04   5.106E+01   1.622E+00   0.000E+00   1.147E+00
   3.800E-04   5.289E+01   1.701E+00   0.000E+00   1.172E+00
   3.600E-04   5.509E+01   1.849E+00   0.000E+00   1.194E+00
   3.400E-04   5.833E+01   2.092E+00   0.000E+00   1.212E+00
   3.300E-04   5.869E+01   2.259E+00   0.000E+00   1.220E+00
   3.200E-04   6.001E+01   2.461E+00   0.000E+00   1.229E+00
   3.150E-04   6.109E+01   2.582E+00   0.000E+00   1.232E+00
   3.100E-04   6.213E+01   2.714E+00   0.000E+00   1.236E+00
   3.080E-04   6.248E+01   2.770E+00   0.000E+00   1.237E+00
   3.050E-04   6.299E+01   2.859E+00   0.000E+00   1.239E+00
   3.000E-04   6.398E+01   3.022E+00   0.000E+00   1.243E+00
   2.900E-04   6.635E+01   3.399E+00   0.000E+00   1.249E+00
   2.800E-04   6.819E+01   3.863E+00   0.000E+00   1.256E+00
   2.600E-04   7.415E+01   5.141E+00   0.000E+00   1.271E+00
   2.500E-04   7.820E+01   6.019E+00   0.000E+00   1.279E+00
   2.200E-04   9.452E+01   1.027E+01   0.000E+00   1.311E+00
   2.159E-04   9.688E+01   1.113E+01   0.000E+00   1.315E+00
   2.000E-04   1.091E+02   1.545E+01   0.000E+00   1.336E+00
   1.662E-04   1.402E+02   3.387E+01   0.000E+00   1.381E+00
   1.650E-04   1.415E+02   3.490E+01   0.000E+00   1.383E+00
   1.250E-04   1.874E+02   9.707E+01   0.000E+00   1.471E+00
   1.235E-04   1.890E+02   1.007E+02   0.000E+00   1.476E+00
   1.130E-04   2.004E+02   1.296E+02   0.000E+00   1.513E+00
   1.000E-04   2.133E+02   1.736E+02   0.000E+00   1.574E+00
   9.500E-05   2.159E+02   1.936E+02   0.000E+00   1.604E+00
   9.300E-05   2.165E+02   2.022E+02   0.000E+00   1.618E+00
   9.200E-05   2.167E+02   2.067E+02   0.000E+00   1.625E+00
   9.100E-05   2.168E+02   2.112E+02   0.000E+00   1.632E+00
   9.000E-05   2.169E+02   2.158E+02   0.000E+00   1.640E+00
   8.900E-05   2.169E+02   2.205E+02   0.000E+00   1.647E+00
   8.800E-05   2.169E+02   2.252E+02   0.000E+00   1.655E+00
   8.700E-05   2.169E+02   2.301E+02   0.000E+00   1.663E+00
   8.600E-05   2.169E+02   2.350E+02   0.000E+00   1.672E+00
   8.500E-05   2.168E+02   2.400E+02   0.000E+00   1.681E+00
   8.400E-05   2.167E+02   2.451E+02   0.000E+00   1.690E+00
   8.330E-05   2.166E+02   2.488E+02   0.000E+00   1.696E+00
   8.200E-05   2.164E+02   2.556E+02   0.000E+00   1.709E+00
   8.100E-05   2.161E+02   2.610E+02   0.000E+00   1.718E+00
   8.000E-05   2.158E+02   2.665E+02   0.000E+00   1.729E+00
   7.900E-05   2.154E+02   2.721E+02   0.000E+00   1.739E+00
   7.800E-05   2.148E+02   2.777E+02   0.000E+00   1.750E+00
   7.700E-05   2.142E+02   2.834E+02   0.000E+00   1.761E+00
   7.600E-05   2.133E+02   2.892E+02   0.000E+00   1.773E+00
   7.500E-05   2.123E+02   2.951E+02   0.000E+00   1.784E+00
   7.400E-05   2.112E+02   3.009E+02   0.000E+00   1.796E+00
   7.300E-05   2.098E+02   3.067E+02   0.000E+00   1.809E+00
   7.140E-05   2.072E+02   3.158E+02   0.000E+00   1.829E+00
   7.100E-05   2.065E+02   3.181E+02   0.000E+00   1.834E+00
   7.000E-05   2.046E+02   3.235E+02   0.000E+00   1.847E+00
   6.900E-05   2.025E+02   3.289E+02   0.000E+00   1.861E+00
   6.800E-05   2.003E+02   3.341E+02   0.000E+00   1.875E+00
   6.700E-05   1.979E+02   3.391E+02   0.000E+00   1.889E+00
   6.600E-05   1.954E+02   3.441E+02   0.000E+00   1.904E+00
   6.500E-05   1.928E+02   3.491E+02   0.000E+00   1.919E+00
   6.400E-05   1.901E+02   3.542E+02   0.000E+00   1.935E+00
   6.300E-05   1.872E+02   3.595E+02   0.000E+00   1.951E+00
   6.250E-05   1.857E+02   3.622E+02   0.000E+00   1.959E+00
   6.200E-05   1.841E+02   3.650E+02   0.000E+00   1.967E+00
   6.100E-05   1.809E+02   3.707E+02   0.000E+00   1.984E+00
   6.000E-05   1.774E+02   3.765E+02   0.000E+00   2.001E+00
   5.900E-05   1.737E+02   3.824E+02   0.000E+00   2.019E+00
   5.800E-05   1.697E+02   3.883E+02   0.000E+00   2.038E+00
   5.700E-05   1.655E+02   3.941E+02   0.000E+00   2.057E+00
   5.600E-05   1.611E+02   3.998E+02   0.000E+00   2.077E+00
   5.500E-05   1.565E+02   4.054E+02   0.000E+00   2.097E+00
   5.477E-05   1.554E+02   4.067E+02   0.000E+00   2.102E+00
   5.400E-05   1.518E+02   4.111E+02   0.000E+00   2.119E+00
   5.300E-05   1.469E+02   4.170E+02   0.000E+00   2.141E+00
   5.200E-05   1.419E+02   4.229E+02   0.000E+00   2.163E+00
   5.100E-05   1.368E+02   4.286E+02   0.000E+00   2.186E+00
   5.000E-05   1.317E+02   4.337E+02   0.000E+00   2.209E+00
   4.900E-05   1.264E+02   4.376E+02   0.000E+00   2.233E+00
   4.880E-05   1.254E+02   4.382E+02   0.000E+00   2.237E+00
   4.800E-05   1.212E+02   4.403E+02   0.000E+00   2.257E+00
   4.760E-05   1.191E+02   4.412E+02   0.000E+00   2.267E+00
   4.700E-05   1.159E+02   4.423E+02   0.000E+00   2.283E+00
   4.650E-05   1.132E+02   4.433E+02   0.000E+00   2.296E+00
   4.600E-05   1.105E+02   4.444E+02   0.000E+00   2.309E+00
   4.550E-05   1.078E+02   4.458E+02   0.000E+00   2.322E+00
   4.500E-05   1.052E+02   4.473E+02   0.000E+00   2.336E+00
   4.440E-05   1.019E+02   4.493E+02   0.000E+00   2.352E+00
   4.350E-05   9.705E+01   4.521E+02   0.000E+00   2.377E+00
   4.170E-05   8.729E+01   4.551E+02   0.000E+00   2.429E+00
   4.000E-05   7.802E+01   4.554E+02   0.000E+00   2.479E+00
   3.850E-05   6.985E+01   4.535E+02   0.000E+00   2.522E+00
   3.656E-05   5.942E+01   4.447E+02   0.000E+00   2.577E+00
   3.570E-05   5.487E+01   4.408E+02   0.000E+00   2.601E+00
   3.330E-05   4.258E+01   4.286E+02   0.000E+00   2.665E+00
   3.130E-05   3.287E+01   4.055E+02   0.000E+00   2.716E+00
   3.000E-05   2.687E+01   3.924E+02   0.000E+00   2.750E+00
   2.940E-05   2.421E+01   3.830E+02   0.000E+00   2.765E+00
   2.780E-05   1.764E+01   3.600E+02   0.000E+00   2.809E+00
   2.630E-05   1.335E+01   3.342E+02   0.000E+00   2.873E+00
   2.500E-05   1.083E+01   3.168E+02   0.000E+00   2.979E+00
   2.380E-05   9.193E+00   2.929E+02   0.000E+00   3.221E+00
   2.270E-05   8.327E+00   2.669E+02   0.000E+00   3.568E+00
   2.170E-05   7.988E+00   2.466E+02   0.000E+00   3.616E+00
   2.080E-05   8.022E+00   2.444E+02   0.000E+00   3.534E+00
   2.000E-05   8.162E+00   2.120E+02   0.000E+00   3.393E+00
   1.920E-05   8.061E+00   1.764E+02   0.000E+00   3.228E+00
   1.850E-05   8.141E+00   1.555E+02   0.000E+00   3.116E+00
   1.790E-05   8.616E+00   1.389E+02   0.000E+00   3.044E+00
   1.720E-05   9.247E+00   1.241E+02   0.000E+00   3.000E+00
   1.670E-05   9.848E+00   1.124E+02   0.000E+00   2.985E+00
   1.610E-05   1.097E+01   9.653E+01   0.000E+00   2.994E+00
   1.560E-05   1.203E+01   8.136E+01   0.000E+00   3.026E+00
   1.520E-05   1.295E+01   6.707E+01   0.000E+00   3.070E+00
   1.470E-05   1.419E+01   4.799E+01   0.000E+00   3.139E+00
   1.430E-05   1.526E+01   3.342E+01   0.000E+00   3.203E+00
   1.390E-05   1.626E+01   2.526E+01   0.000E+00   3.255E+00
   1.350E-05   1.706E+01   2.067E+01   0.000E+00   3.306E+00
   1.320E-05   1.757E+01   1.941E+01   0.000E+00   3.349E+00
   1.280E-05   1.823E+01   1.956E+01   0.000E+00   3.417E+00
   1.250E-05   1.880E+01   1.897E+01   0.000E+00   3.481E+00
   1.220E-05   1.940E+01   1.877E+01   0.000E+00   3.558E+00
   1.190E-05   1.999E+01   2.006E+01   0.000E+00   3.652E+00
   1.160E-05   2.050E+01   2.218E+01   0.000E+00   3.759E+00
   1.140E-05   2.079E+01   2.492E+01   0.000E+00   3.839E+00
   1.110E-05   2.113E+01   3.016E+01   0.000E+00   3.972E+00
   1.080E-05   2.137E+01   3.666E+01   0.000E+00   4.186E+00
   1.050E-05   2.150E+01   4.298E+01   0.000E+00   4.457E+00
   1.030E-05   2.152E+01   4.726E+01   0.000E+00   4.691E+00
   1.000E-05   2.146E+01   5.346E+01   0.000E+00   5.027E+00
   9.750E-06   2.133E+01   5.876E+01   0.000E+00   5.349E+00
   9.500E-06   2.112E+01   6.386E+01   0.000E+00   5.704E+00
   9.250E-06   2.083E+01   6.875E+01   0.000E+00   6.013E+00
   9.080E-06   2.060E+01   6.171E+01   0.000E+00   6.179E+00
