 # Polarisation optical depth (Siebenmorgen 2023, A&A 670A,115; SC 2023 doi: 10.48550/arXiv.2311.03310)
 # wel         sigp_aC     sigp_Si      sigp_dark    sigt
 #----------------------------------------------------------------------------------------
   1.000E+00   1.366E-04   9.528E-04   0.000E+00   7.672E-06
   9.000E-01   1.600E-04   1.125E-03   0.000E+00   8.944E-06
   8.000E-01   1.911E-04   1.355E-03   0.000E+00   1.063E-05
   7.000E-01   2.341E-04   1.674E-03   0.000E+00   1.292E-05
   6.000E-01   2.962E-04   2.139E-03   0.000E+00   1.621E-05
   5.500E-01   3.386E-04   2.457E-03   0.000E+00   1.844E-05
   5.000E-01   3.923E-04   2.862E-03   0.000E+00   2.123E-05
   4.500E-01   4.621E-04   3.388E-03   0.000E+00   2.485E-05
   4.000E-01   5.554E-04   4.093E-03   0.000E+00   2.963E-05
   3.500E-01   6.852E-04   5.076E-03   0.000E+00   3.624E-05
   3.000E-01   8.750E-04   6.511E-03   0.000E+00   4.573E-05
   2.500E-01   1.172E-03   8.749E-03   0.000E+00   6.041E-05
   2.098E-01   1.557E-03   1.163E-02   0.000E+00   7.911E-05
   1.500E-01   2.707E-03   2.013E-02   0.000E+00   1.335E-04
   1.382E-01   3.104E-03   2.302E-02   0.000E+00   1.520E-04
   1.320E-01   3.353E-03   2.482E-02   0.000E+00   1.634E-04
   1.150E-01   4.236E-03   3.114E-02   0.000E+00   2.036E-04
   1.000E-01   5.387E-03   3.917E-02   0.000E+00   2.551E-04
   9.970E-02   5.415E-03   3.936E-02   0.000E+00   2.564E-04
   8.670E-02   6.819E-03   4.966E-02   0.000E+00   3.194E-04
   8.500E-02   7.063E-03   5.133E-02   0.000E+00   3.304E-04
   7.500E-02   8.962E-03   6.315E-02   0.000E+00   4.124E-04
   6.000E-02   1.318E-02   9.134E-02   0.000E+00   5.880E-04
   5.500E-02   1.527E-02   1.025E-01   0.000E+00   6.781E-04
   5.000E-02   1.818E-02   1.274E-01   0.000E+00   8.063E-04
   4.500E-02   2.240E-02   1.693E-01   0.000E+00   9.900E-04
   4.000E-02   2.879E-02   2.271E-01   0.000E+00   1.251E-03
   3.500E-02   3.610E-02   3.466E-01   0.000E+00   1.569E-03
   3.000E-02   5.099E-02   5.414E-01   0.000E+00   2.179E-03
   2.750E-02   6.088E-02   6.811E-01   0.000E+00   2.569E-03
   2.500E-02   7.334E-02   8.664E-01   0.000E+00   3.098E-03
   2.400E-02   8.056E-02   9.583E-01   0.000E+00   3.344E-03
   2.000E-02   1.181E-01   1.477E+00   0.000E+00   4.774E-03
   1.800E-02   1.473E-01   1.816E+00   0.000E+00   5.880E-03
   1.600E-02   1.962E-01   2.233E+00   0.000E+00   7.421E-03
   1.500E-02   2.342E-01   2.488E+00   0.000E+00   8.429E-03
   1.400E-02   2.665E-01   2.770E+00   0.000E+00   9.426E-03
   1.200E-02   4.083E-01   3.465E+00   0.000E+00   1.271E-02
   1.000E-02   6.215E-01   4.457E+00   0.000E+00   1.756E-02
   9.000E-03   8.298E-01   5.009E+00   0.000E+00   2.144E-02
   8.000E-03   1.095E+00   5.766E+00   0.000E+00   2.577E-02
   7.500E-03   1.283E+00   6.357E+00   0.000E+00   2.932E-02
   7.000E-03   1.544E+00   7.086E+00   0.000E+00   3.326E-02
   6.000E-03   2.192E+00   8.968E+00   0.000E+00   4.399E-02
   5.000E-03   3.045E+00   1.244E+01   0.000E+00   6.114E-02
   4.500E-03   3.663E+00   1.486E+01   0.000E+00   7.459E-02
   4.000E-03   4.217E+00   1.756E+01   0.000E+00   9.237E-02
   3.500E-03   4.913E+00   2.032E+01   0.000E+00   1.182E-01
   3.000E-03   5.721E+00   2.242E+01   0.000E+00   1.565E-01
   2.750E-03   6.038E+00   2.296E+01   0.000E+00   1.814E-01
   2.500E-03   6.236E+00   2.321E+01   0.000E+00   2.112E-01
   2.400E-03   6.369E+00   2.324E+01   0.000E+00   2.245E-01
   2.350E-03   6.447E+00   2.326E+01   0.000E+00   2.317E-01
   2.320E-03   6.481E+00   2.329E+01   0.000E+00   2.359E-01
   2.310E-03   6.493E+00   2.330E+01   0.000E+00   2.373E-01
   2.300E-03   6.507E+00   2.330E+01   0.000E+00   2.387E-01
   2.250E-03   6.543E+00   2.337E+01   0.000E+00   2.463E-01
   2.200E-03   6.582E+00   2.341E+01   0.000E+00   2.538E-01
   2.150E-03   6.647E+00   2.340E+01   0.000E+00   2.612E-01
   2.120E-03   6.685E+00   2.329E+01   0.000E+00   2.656E-01
   2.110E-03   6.691E+00   2.325E+01   0.000E+00   2.671E-01
   2.100E-03   6.692E+00   2.320E+01   0.000E+00   2.685E-01
   2.080E-03   6.684E+00   2.304E+01   0.000E+00   2.710E-01
   2.000E-03   6.681E+00   2.233E+01   0.000E+00   2.822E-01
   1.950E-03   6.723E+00   2.155E+01   0.000E+00   2.871E-01
   1.900E-03   6.807E+00   2.050E+01   0.000E+00   2.905E-01
   1.850E-03   6.889E+00   1.917E+01   0.000E+00   2.913E-01
   1.830E-03   6.926E+00   1.856E+01   0.000E+00   2.908E-01
   1.820E-03   6.929E+00   1.824E+01   0.000E+00   2.904E-01
   1.810E-03   6.940E+00   1.790E+01   0.000E+00   2.900E-01
   1.800E-03   6.957E+00   1.758E+01   0.000E+00   2.896E-01
   1.750E-03   7.034E+00   1.570E+01   0.000E+00   2.862E-01
   1.700E-03   7.044E+00   1.369E+01   0.000E+00   2.813E-01
   1.670E-03   7.119E+00   1.248E+01   0.000E+00   2.790E-01
   1.650E-03   7.189E+00   1.169E+01   0.000E+00   2.776E-01
   1.640E-03   7.211E+00   1.130E+01   0.000E+00   2.766E-01
   1.630E-03   7.233E+00   1.092E+01   0.000E+00   2.758E-01
   1.610E-03   7.263E+00   1.017E+01   0.000E+00   2.745E-01
   1.600E-03   7.284E+00   9.813E+00   0.000E+00   2.739E-01
   1.590E-03   7.305E+00   9.470E+00   0.000E+00   2.734E-01
   1.580E-03   7.321E+00   9.147E+00   0.000E+00   2.730E-01
   1.570E-03   7.321E+00   8.840E+00   0.000E+00   2.726E-01
   1.560E-03   7.353E+00   8.574E+00   0.000E+00   2.727E-01
   1.540E-03   7.414E+00   8.141E+00   0.000E+00   2.730E-01
   1.520E-03   7.418E+00   7.874E+00   0.000E+00   2.737E-01
   1.510E-03   7.418E+00   7.809E+00   0.000E+00   2.742E-01
   1.500E-03   7.406E+00   7.781E+00   0.000E+00   2.750E-01
   1.450E-03   7.451E+00   8.052E+00   0.000E+00   2.846E-01
   1.440E-03   7.468E+00   8.155E+00   0.000E+00   2.873E-01
   1.430E-03   7.483E+00   8.241E+00   0.000E+00   2.911E-01
   1.420E-03   7.497E+00   8.324E+00   0.000E+00   2.950E-01
   1.400E-03   7.542E+00   8.514E+00   0.000E+00   3.042E-01
   1.380E-03   7.577E+00   8.693E+00   0.000E+00   3.147E-01
   1.370E-03   7.592E+00   8.793E+00   0.000E+00   3.204E-01
   1.360E-03   7.620E+00   8.893E+00   0.000E+00   3.262E-01
   1.350E-03   7.654E+00   9.017E+00   0.000E+00   3.321E-01
   1.340E-03   7.683E+00   9.140E+00   0.000E+00   3.375E-01
   1.330E-03   7.700E+00   9.293E+00   0.000E+00   3.428E-01
   1.320E-03   7.727E+00   9.453E+00   0.000E+00   3.481E-01
   1.310E-03   7.727E+00   9.638E+00   0.000E+00   3.530E-01
   1.290E-03   7.702E+00   1.008E+01   0.000E+00   3.630E-01
   1.280E-03   7.698E+00   1.032E+01   0.000E+00   3.680E-01
   1.270E-03   7.715E+00   1.052E+01   0.000E+00   3.731E-01
   1.260E-03   7.727E+00   1.081E+01   0.000E+00   3.778E-01
   1.250E-03   7.728E+00   1.119E+01   0.000E+00   3.821E-01
   1.220E-03   7.846E+00   1.349E+01   0.000E+00   3.961E-01
   1.210E-03   7.849E+00   1.498E+01   0.000E+00   4.008E-01
   1.200E-03   7.849E+00   1.674E+01   0.000E+00   4.058E-01
   1.190E-03   7.903E+00   1.856E+01   0.000E+00   4.109E-01
   1.180E-03   7.929E+00   2.028E+01   0.000E+00   4.151E-01
   1.170E-03   7.948E+00   2.175E+01   0.000E+00   4.192E-01
   1.160E-03   7.974E+00   2.294E+01   0.000E+00   4.229E-01
   1.150E-03   7.967E+00   2.388E+01   0.000E+00   4.264E-01
   1.140E-03   7.952E+00   2.462E+01   0.000E+00   4.297E-01
   1.130E-03   7.950E+00   2.521E+01   0.000E+00   4.333E-01
   1.120E-03   7.949E+00   2.571E+01   0.000E+00   4.363E-01
   1.110E-03   7.942E+00   2.618E+01   0.000E+00   4.391E-01
   1.090E-03   7.958E+00   2.698E+01   0.000E+00   4.445E-01
   1.050E-03   8.067E+00   2.775E+01   0.000E+00   4.534E-01
   1.000E-03   8.249E+00   2.703E+01   0.000E+00   4.470E-01
   9.800E-04   8.334E+00   2.582E+01   0.000E+00   4.439E-01
   9.600E-04   8.405E+00   2.394E+01   0.000E+00   4.371E-01
   9.500E-04   8.468E+00   2.282E+01   0.000E+00   4.309E-01
   9.400E-04   8.467E+00   2.165E+01   0.000E+00   4.222E-01
   9.200E-04   8.506E+00   1.934E+01   0.000E+00   3.985E-01
   8.900E-04   8.625E+00   1.591E+01   0.000E+00   3.584E-01
   8.700E-04   8.589E+00   1.401E+01   0.000E+00   3.369E-01
   8.600E-04   8.645E+00   1.318E+01   0.000E+00   3.292E-01
   8.500E-04   8.642E+00   1.231E+01   0.000E+00   3.217E-01
   8.400E-04   8.707E+00   1.139E+01   0.000E+00   3.139E-01
   8.200E-04   8.658E+00   9.509E+00   0.000E+00   2.948E-01
   8.000E-04   8.699E+00   7.947E+00   0.000E+00   2.798E-01
   7.900E-04   8.751E+00   7.387E+00   0.000E+00   2.796E-01
   7.800E-04   8.720E+00   6.932E+00   0.000E+00   2.794E-01
   7.700E-04   8.689E+00   6.540E+00   0.000E+00   2.821E-01
   7.600E-04   8.665E+00   6.196E+00   0.000E+00   2.875E-01
   7.500E-04   8.642E+00   5.887E+00   0.000E+00   2.939E-01
   7.300E-04   8.694E+00   5.418E+00   0.000E+00   3.118E-01
   7.200E-04   8.665E+00   5.292E+00   0.000E+00   3.199E-01
   7.100E-04   8.652E+00   5.226E+00   0.000E+00   3.291E-01
   7.000E-04   8.709E+00   5.146E+00   0.000E+00   3.379E-01
   6.900E-04   8.657E+00   4.995E+00   0.000E+00   3.452E-01
   6.800E-04   8.487E+00   4.783E+00   0.000E+00   3.524E-01
   6.600E-04   8.584E+00   4.407E+00   0.000E+00   3.711E-01
   6.400E-04   8.838E+00   3.912E+00   0.000E+00   3.886E-01
   6.300E-04   8.964E+00   3.706E+00   0.000E+00   3.958E-01
   6.200E-04   8.946E+00   3.695E+00   0.000E+00   4.030E-01
   6.100E-04   9.004E+00   3.706E+00   0.000E+00   4.108E-01
   5.900E-04   9.274E+00   3.121E+00   0.000E+00   4.255E-01
   5.500E-04   8.658E+00   2.488E+00   0.000E+00   4.534E-01
   5.300E-04   8.764E+00   2.314E+00   0.000E+00   4.711E-01
   5.200E-04   8.771E+00   2.227E+00   0.000E+00   4.796E-01
   5.100E-04   8.862E+00   2.139E+00   0.000E+00   4.881E-01
   5.000E-04   8.949E+00   2.061E+00   0.000E+00   4.961E-01
   4.800E-04   9.037E+00   1.951E+00   0.000E+00   5.119E-01
   4.500E-04   9.261E+00   1.862E+00   0.000E+00   5.330E-01
   4.000E-04   9.607E+00   1.921E+00   0.000E+00   5.652E-01
   3.800E-04   9.840E+00   2.048E+00   0.000E+00   5.756E-01
   3.600E-04   1.011E+01   2.263E+00   0.000E+00   5.842E-01
   3.400E-04   1.058E+01   2.602E+00   0.000E+00   5.902E-01
   3.300E-04   1.055E+01   2.830E+00   0.000E+00   5.933E-01
   3.200E-04   1.068E+01   3.106E+00   0.000E+00   5.961E-01
   3.150E-04   1.082E+01   3.268E+00   0.000E+00   5.972E-01
   3.100E-04   1.095E+01   3.446E+00   0.000E+00   5.982E-01
   3.080E-04   1.099E+01   3.522E+00   0.000E+00   5.986E-01
   3.050E-04   1.105E+01   3.642E+00   0.000E+00   5.992E-01
   3.000E-04   1.116E+01   3.860E+00   0.000E+00   6.002E-01
   2.900E-04   1.145E+01   4.365E+00   0.000E+00   6.017E-01
   2.800E-04   1.161E+01   4.985E+00   0.000E+00   6.035E-01
   2.600E-04   1.227E+01   6.685E+00   0.000E+00   6.076E-01
   2.500E-04   1.275E+01   7.852E+00   0.000E+00   6.101E-01
   2.200E-04   1.486E+01   1.347E+01   0.000E+00   6.212E-01
   2.159E-04   1.516E+01   1.460E+01   0.000E+00   6.231E-01
   2.000E-04   1.692E+01   2.028E+01   0.000E+00   6.314E-01
   1.662E-04   2.263E+01   4.397E+01   0.000E+00   6.504E-01
   1.650E-04   2.290E+01   4.526E+01   0.000E+00   6.512E-01
   1.250E-04   3.822E+01   1.188E+02   0.000E+00   6.991E-01
   1.235E-04   3.904E+01   1.229E+02   0.000E+00   7.021E-01
   1.130E-04   4.501E+01   1.544E+02   0.000E+00   7.270E-01
   1.000E-04   5.292E+01   2.017E+02   0.000E+00   7.737E-01
   9.500E-05   5.564E+01   2.231E+02   0.000E+00   7.987E-01
   9.300E-05   5.662E+01   2.322E+02   0.000E+00   8.100E-01
   9.200E-05   5.708E+01   2.369E+02   0.000E+00   8.160E-01
   9.100E-05   5.751E+01   2.416E+02   0.000E+00   8.222E-01
   9.000E-05   5.794E+01   2.464E+02   0.000E+00   8.287E-01
   8.900E-05   5.835E+01   2.512E+02   0.000E+00   8.353E-01
   8.800E-05   5.875E+01   2.562E+02   0.000E+00   8.421E-01
   8.700E-05   5.914E+01   2.612E+02   0.000E+00   8.493E-01
   8.600E-05   5.952E+01   2.663E+02   0.000E+00   8.566E-01
   8.500E-05   5.989E+01   2.715E+02   0.000E+00   8.642E-01
   8.400E-05   6.027E+01   2.767E+02   0.000E+00   8.721E-01
   8.330E-05   6.053E+01   2.805E+02   0.000E+00   8.778E-01
   8.200E-05   6.100E+01   2.875E+02   0.000E+00   8.888E-01
   8.100E-05   6.136E+01   2.929E+02   0.000E+00   8.975E-01
   8.000E-05   6.170E+01   2.985E+02   0.000E+00   9.065E-01
   7.900E-05   6.203E+01   3.040E+02   0.000E+00   9.159E-01
   7.800E-05   6.234E+01   3.096E+02   0.000E+00   9.256E-01
   7.700E-05   6.262E+01   3.151E+02   0.000E+00   9.355E-01
   7.600E-05   6.288E+01   3.205E+02   0.000E+00   9.457E-01
   7.500E-05   6.308E+01   3.259E+02   0.000E+00   9.562E-01
   7.400E-05   6.326E+01   3.311E+02   0.000E+00   9.670E-01
   7.300E-05   6.338E+01   3.361E+02   0.000E+00   9.780E-01
   7.140E-05   6.346E+01   3.438E+02   0.000E+00   9.963E-01
   7.100E-05   6.346E+01   3.457E+02   0.000E+00   1.001E+00
   7.000E-05   6.341E+01   3.503E+02   0.000E+00   1.013E+00
   6.900E-05   6.331E+01   3.548E+02   0.000E+00   1.025E+00
   6.800E-05   6.315E+01   3.594E+02   0.000E+00   1.038E+00
   6.700E-05   6.292E+01   3.640E+02   0.000E+00   1.051E+00
   6.600E-05   6.264E+01   3.688E+02   0.000E+00   1.064E+00
   6.500E-05   6.229E+01   3.738E+02   0.000E+00   1.078E+00
   6.400E-05   6.187E+01   3.790E+02   0.000E+00   1.092E+00
   6.300E-05   6.140E+01   3.844E+02   0.000E+00   1.107E+00
   6.250E-05   6.114E+01   3.871E+02   0.000E+00   1.115E+00
   6.200E-05   6.085E+01   3.898E+02   0.000E+00   1.123E+00
   6.100E-05   6.024E+01   3.952E+02   0.000E+00   1.138E+00
   6.000E-05   5.954E+01   4.005E+02   0.000E+00   1.155E+00
   5.900E-05   5.876E+01   4.057E+02   0.000E+00   1.172E+00
   5.800E-05   5.789E+01   4.108E+02   0.000E+00   1.189E+00
   5.700E-05   5.692E+01   4.159E+02   0.000E+00   1.207E+00
   5.600E-05   5.585E+01   4.212E+02   0.000E+00   1.225E+00
   5.500E-05   5.469E+01   4.267E+02   0.000E+00   1.244E+00
   5.477E-05   5.441E+01   4.279E+02   0.000E+00   1.249E+00
   5.400E-05   5.345E+01   4.320E+02   0.000E+00   1.264E+00
   5.300E-05   5.211E+01   4.369E+02   0.000E+00   1.283E+00
   5.200E-05   5.070E+01   4.410E+02   0.000E+00   1.303E+00
   5.100E-05   4.921E+01   4.438E+02   0.000E+00   1.323E+00
   5.000E-05   4.765E+01   4.457E+02   0.000E+00   1.344E+00
   4.900E-05   4.602E+01   4.470E+02   0.000E+00   1.365E+00
   4.880E-05   4.569E+01   4.473E+02   0.000E+00   1.370E+00
   4.800E-05   4.434E+01   4.488E+02   0.000E+00   1.387E+00
   4.760E-05   4.366E+01   4.497E+02   0.000E+00   1.396E+00
   4.700E-05   4.262E+01   4.513E+02   0.000E+00   1.410E+00
   4.650E-05   4.175E+01   4.527E+02   0.000E+00   1.421E+00
   4.600E-05   4.087E+01   4.541E+02   0.000E+00   1.432E+00
   4.550E-05   3.997E+01   4.555E+02   0.000E+00   1.444E+00
   4.500E-05   3.908E+01   4.565E+02   0.000E+00   1.455E+00
   4.440E-05   3.799E+01   4.573E+02   0.000E+00   1.469E+00
   4.350E-05   3.633E+01   4.576E+02   0.000E+00   1.490E+00
   4.170E-05   3.295E+01   4.572E+02   0.000E+00   1.533E+00
   4.000E-05   2.967E+01   4.537E+02   0.000E+00   1.572E+00
   3.850E-05   2.674E+01   4.464E+02   0.000E+00   1.606E+00
   3.656E-05   2.300E+01   4.372E+02   0.000E+00   1.648E+00
   3.570E-05   2.137E+01   4.325E+02   0.000E+00   1.666E+00
   3.330E-05   1.697E+01   4.104E+02   0.000E+00   1.712E+00
   3.130E-05   1.350E+01   3.891E+02   0.000E+00   1.748E+00
   3.000E-05   1.136E+01   3.713E+02   0.000E+00   1.773E+00
   2.940E-05   1.041E+01   3.646E+02   0.000E+00   1.784E+00
   2.780E-05   7.891E+00   3.350E+02   0.000E+00   1.820E+00
   2.630E-05   5.817E+00   3.099E+02   0.000E+00   1.880E+00
   2.500E-05   4.244E+00   2.942E+02   0.000E+00   1.980E+00
   2.380E-05   2.991E+00   2.722E+02   0.000E+00   2.189E+00
   2.270E-05   2.186E+00   2.449E+02   0.000E+00   2.467E+00
   2.170E-05   1.804E+00   2.289E+02   0.000E+00   2.617E+00
   2.080E-05   1.630E+00   2.324E+02   0.000E+00   2.577E+00
   2.000E-05   1.589E+00   2.014E+02   0.000E+00   2.426E+00
   1.920E-05   1.569E+00   1.665E+02   0.000E+00   2.241E+00
   1.850E-05   1.599E+00   1.478E+02   0.000E+00   2.115E+00
   1.790E-05   1.740E+00   1.329E+02   0.000E+00   2.037E+00
   1.720E-05   1.962E+00   1.185E+02   0.000E+00   1.989E+00
   1.670E-05   2.187E+00   1.070E+02   0.000E+00   1.973E+00
   1.610E-05   2.604E+00   9.149E+01   0.000E+00   1.985E+00
   1.560E-05   2.997E+00   7.656E+01   0.000E+00   2.023E+00
   1.520E-05   3.329E+00   6.249E+01   0.000E+00   2.075E+00
   1.470E-05   3.780E+00   4.379E+01   0.000E+00   2.157E+00
   1.430E-05   4.163E+00   3.045E+01   0.000E+00   2.234E+00
   1.390E-05   4.527E+00   2.361E+01   0.000E+00   2.297E+00
   1.350E-05   4.827E+00   2.028E+01   0.000E+00   2.359E+00
   1.320E-05   5.020E+00   1.977E+01   0.000E+00   2.410E+00
   1.280E-05   5.274E+00   2.054E+01   0.000E+00   2.492E+00
   1.250E-05   5.486E+00   1.999E+01   0.000E+00   2.566E+00
   1.220E-05   5.710E+00   1.987E+01   0.000E+00   2.655E+00
   1.190E-05   5.931E+00   2.140E+01   0.000E+00   2.761E+00
   1.160E-05   6.128E+00   2.371E+01   0.000E+00   2.880E+00
   1.140E-05   6.242E+00   2.653E+01   0.000E+00   2.971E+00
   1.110E-05   6.386E+00   3.173E+01   0.000E+00   3.121E+00
   1.080E-05   6.494E+00   3.800E+01   0.000E+00   3.361E+00
   1.050E-05   6.566E+00   4.409E+01   0.000E+00   3.664E+00
   1.030E-05   6.595E+00   4.821E+01   0.000E+00   3.927E+00
   1.000E-05   6.604E+00   5.417E+01   0.000E+00   4.302E+00
   9.750E-06   6.586E+00   5.927E+01   0.000E+00   4.661E+00
   9.500E-06   6.543E+00   6.416E+01   0.000E+00   5.057E+00
   9.250E-06   6.474E+00   6.884E+01   0.000E+00   5.403E+00
   9.080E-06   6.413E+00   5.931E+01   0.000E+00   5.592E+00
