 # Optical depth (Siebenmorgen 2023, A&A 670A,115; SC 2023 doi: 10.48550/arXiv.2311.03310)
 # wel(cm) sa_aC    ss_aC    sa_Si    ss_Si    sa_vgr   ss_vgr   sa_vsi   ss_vsi   s_pahS+B sa_Dark  ss_Dark sigt 
 # ------------------------------------------------------------------------------------------------------------- 
1.000E+00 2.96E-07 3.65E-16 5.53E-07 6.91E-17 1.40E-08 1.13E-22 2.91E-07 4.21E-22 1.78E-11 0.00E+00 0.00E+00 1.154E-06
9.000E-01 3.47E-07 5.56E-16 6.53E-07 1.05E-16 1.78E-08 1.72E-22 3.46E-07 6.41E-22 2.20E-11 0.00E+00 0.00E+00 1.364E-06
8.000E-01 4.15E-07 8.90E-16 7.86E-07 1.69E-16 2.33E-08 2.76E-22 4.22E-07 1.03E-21 2.79E-11 0.00E+00 0.00E+00 1.646E-06
7.000E-01 5.08E-07 1.52E-15 9.71E-07 2.88E-16 3.12E-08 4.71E-22 5.19E-07 1.75E-21 3.64E-11 0.00E+00 0.00E+00 2.029E-06
6.000E-01 6.43E-07 2.81E-15 1.24E-06 5.33E-16 4.33E-08 8.72E-22 6.67E-07 3.24E-21 4.95E-11 0.00E+00 0.00E+00 2.594E-06
5.500E-01 7.35E-07 3.98E-15 1.43E-06 7.55E-16 5.18E-08 1.23E-21 7.69E-07 4.59E-21 5.89E-11 0.00E+00 0.00E+00 2.981E-06
5.000E-01 8.51E-07 5.83E-15 1.66E-06 1.10E-15 6.29E-08 1.81E-21 8.92E-07 6.72E-21 7.13E-11 0.00E+00 0.00E+00 3.466E-06
4.500E-01 1.00E-06 8.88E-15 1.97E-06 1.68E-15 7.74E-08 2.76E-21 1.06E-06 1.02E-20 8.80E-11 0.00E+00 0.00E+00 4.109E-06
4.000E-01 1.21E-06 1.42E-14 2.37E-06 2.70E-15 9.70E-08 4.41E-21 1.28E-06 1.64E-20 1.11E-10 0.00E+00 0.00E+00 4.954E-06
3.500E-01 1.49E-06 2.42E-14 2.94E-06 4.60E-15 1.24E-07 7.53E-21 1.60E-06 2.80E-20 1.46E-10 0.00E+00 0.00E+00 6.156E-06
3.000E-01 1.90E-06 4.49E-14 3.78E-06 8.53E-15 1.64E-07 1.40E-20 2.03E-06 5.18E-20 1.98E-10 0.00E+00 0.00E+00 7.870E-06
2.500E-01 2.54E-06 9.30E-14 5.08E-06 1.77E-14 2.23E-07 2.89E-20 2.73E-06 1.07E-19 2.85E-10 0.00E+00 0.00E+00 1.057E-05
2.098E-01 3.38E-06 1.87E-13 6.75E-06 3.57E-14 2.97E-07 5.83E-20 3.63E-06 2.16E-19 4.05E-10 0.00E+00 0.00E+00 1.405E-05
1.500E-01 5.88E-06 7.16E-13 1.17E-05 1.36E-13 5.66E-07 2.23E-19 6.21E-06 8.26E-19 7.92E-10 0.00E+00 0.00E+00 2.433E-05
1.382E-01 6.75E-06 9.94E-13 1.34E-05 1.89E-13 6.67E-07 3.10E-19 7.12E-06 1.15E-18 9.34E-10 0.00E+00 0.00E+00 2.788E-05
1.320E-01 7.29E-06 1.19E-12 1.44E-05 2.28E-13 7.31E-07 3.72E-19 7.66E-06 1.38E-18 1.02E-09 0.00E+00 0.00E+00 3.008E-05
1.150E-01 9.21E-06 2.07E-12 1.81E-05 3.95E-13 9.58E-07 6.46E-19 9.57E-06 2.39E-18 1.35E-09 0.00E+00 0.00E+00 3.780E-05
1.000E-01 1.17E-05 3.62E-12 2.27E-05 6.91E-13 1.26E-06 1.13E-18 1.19E-05 4.18E-18 1.78E-09 0.00E+00 0.00E+00 4.764E-05
9.970E-02 1.18E-05 3.67E-12 2.28E-05 6.99E-13 1.27E-06 1.14E-18 1.20E-05 4.23E-18 1.79E-09 0.00E+00 0.00E+00 4.789E-05
8.670E-02 1.48E-05 6.41E-12 2.88E-05 1.22E-12 1.67E-06 2.00E-18 1.51E-05 7.39E-18 2.37E-09 0.00E+00 0.00E+00 6.038E-05
8.500E-02 1.54E-05 6.94E-12 2.98E-05 1.32E-12 1.74E-06 2.16E-18 1.56E-05 8.00E-18 2.47E-09 0.00E+00 0.00E+00 6.244E-05
7.500E-02 1.95E-05 1.15E-11 3.66E-05 2.19E-12 2.21E-06 3.57E-18 1.90E-05 1.32E-17 3.17E-09 0.00E+00 0.00E+00 7.731E-05
6.000E-02 2.87E-05 2.79E-11 5.28E-05 5.36E-12 3.40E-06 8.71E-18 2.76E-05 3.22E-17 4.95E-09 0.00E+00 0.00E+00 1.125E-04
5.500E-02 3.32E-05 3.96E-11 5.92E-05 7.63E-12 4.01E-06 1.23E-17 3.21E-05 4.56E-17 5.90E-09 0.00E+00 0.00E+00 1.286E-04
5.000E-02 3.96E-05 5.80E-11 7.33E-05 1.13E-11 4.78E-06 1.81E-17 3.83E-05 6.69E-17 7.13E-09 0.00E+00 0.00E+00 1.559E-04
4.500E-02 4.88E-05 8.85E-11 9.71E-05 1.73E-11 5.84E-06 2.75E-17 4.68E-05 1.02E-16 8.81E-09 0.00E+00 0.00E+00 1.985E-04
4.000E-02 6.26E-05 1.42E-10 1.30E-04 2.79E-11 7.27E-06 4.41E-17 5.91E-05 1.64E-16 1.12E-08 0.00E+00 0.00E+00 2.587E-04
3.500E-02 7.86E-05 2.42E-10 1.97E-04 4.81E-11 9.32E-06 7.52E-17 7.82E-05 2.79E-16 1.46E-08 0.00E+00 0.00E+00 3.633E-04
3.000E-02 1.11E-04 4.51E-10 3.08E-04 8.95E-11 1.24E-05 1.39E-16 1.10E-04 5.18E-16 1.98E-08 0.00E+00 0.00E+00 5.407E-04
2.750E-02 1.32E-04 6.39E-10 3.87E-04 1.27E-10 1.46E-05 1.97E-16 1.34E-04 7.35E-16 2.36E-08 0.00E+00 0.00E+00 6.682E-04
2.500E-02 1.59E-04 9.38E-10 4.93E-04 1.85E-10 1.75E-05 2.89E-16 1.68E-04 1.08E-15 2.86E-08 0.00E+00 0.00E+00 8.377E-04
2.400E-02 1.75E-04 1.10E-09 5.46E-04 2.18E-10 1.89E-05 3.40E-16 1.83E-04 1.27E-15 3.10E-08 0.00E+00 0.00E+00 9.229E-04
2.000E-02 2.56E-04 2.31E-09 8.49E-04 4.45E-10 2.68E-05 7.07E-16 2.66E-04 2.63E-15 4.47E-08 0.00E+00 0.00E+00 1.398E-03
1.800E-02 3.19E-04 3.54E-09 1.05E-03 6.68E-10 3.29E-05 1.08E-15 3.30E-04 4.00E-15 5.52E-08 0.00E+00 0.00E+00 1.736E-03
1.600E-02 4.23E-04 5.71E-09 1.31E-03 1.05E-09 4.17E-05 1.73E-15 4.21E-04 6.42E-15 7.00E-08 0.00E+00 0.00E+00 2.197E-03
1.500E-02 5.04E-04 7.43E-09 1.47E-03 1.34E-09 4.74E-05 2.24E-15 4.78E-04 8.31E-15 7.97E-08 0.00E+00 0.00E+00 2.500E-03
1.400E-02 5.74E-04 9.81E-09 1.65E-03 1.74E-09 5.48E-05 2.96E-15 5.52E-04 1.10E-14 9.15E-08 0.00E+00 0.00E+00 2.830E-03
1.200E-02 8.76E-04 1.84E-08 2.10E-03 3.12E-09 7.62E-05 5.51E-15 7.56E-04 2.03E-14 1.25E-07 0.00E+00 0.00E+00 3.812E-03
1.000E-02 1.33E-03 3.86E-08 2.78E-03 6.18E-09 1.15E-04 1.15E-14 1.10E-03 4.22E-14 1.80E-07 0.00E+00 0.00E+00 5.325E-03
9.000E-03 1.77E-03 5.95E-08 3.17E-03 9.18E-09 1.48E-04 1.76E-14 1.38E-03 6.44E-14 2.23E-07 0.00E+00 0.00E+00 6.460E-03
8.000E-03 2.35E-03 9.38E-08 3.68E-03 1.45E-08 1.98E-04 2.85E-14 1.77E-03 1.03E-13 2.84E-07 0.00E+00 0.00E+00 7.989E-03
7.500E-03 2.74E-03 1.23E-07 4.07E-03 1.87E-08 2.34E-04 3.70E-14 2.03E-03 1.34E-13 3.24E-07 0.00E+00 0.00E+00 9.072E-03
7.000E-03 3.32E-03 1.61E-07 4.56E-03 2.45E-08 2.80E-04 4.91E-14 2.35E-03 1.76E-13 3.73E-07 0.00E+00 0.00E+00 1.051E-02
6.000E-03 4.76E-03 2.92E-07 5.85E-03 4.46E-08 4.32E-04 9.25E-14 3.27E-03 3.26E-13 5.13E-07 0.00E+00 0.00E+00 1.431E-02
5.000E-03 6.79E-03 5.72E-07 8.31E-03 9.09E-08 7.57E-04 1.96E-13 4.82E-03 6.73E-13 7.53E-07 0.00E+00 0.00E+00 2.068E-02
4.500E-03 8.36E-03 8.30E-07 1.02E-02 1.36E-07 1.07E-03 3.03E-13 6.02E-03 1.02E-12 9.44E-07 0.00E+00 0.00E+00 2.561E-02
4.000E-03 9.95E-03 1.23E-06 1.27E-02 2.03E-07 1.57E-03 4.82E-13 7.69E-03 1.62E-12 1.22E-06 0.00E+00 0.00E+00 3.189E-02
3.500E-03 1.20E-02 1.95E-06 1.56E-02 3.21E-07 2.18E-03 7.72E-13 1.00E-02 2.72E-12 1.66E-06 0.00E+00 0.00E+00 3.987E-02
3.000E-03 1.48E-02 3.23E-06 1.92E-02 5.15E-07 2.30E-03 1.21E-12 1.37E-02 4.97E-12 2.47E-06 0.00E+00 0.00E+00 5.009E-02
2.750E-03 1.63E-02 4.23E-06 2.11E-02 6.64E-07 1.98E-03 1.55E-12 1.65E-02 6.93E-12 3.26E-06 0.00E+00 0.00E+00 5.580E-02
2.500E-03 1.76E-02 5.65E-06 2.31E-02 8.70E-07 1.56E-03 2.14E-12 2.02E-02 9.99E-12 5.15E-06 0.00E+00 0.00E+00 6.242E-02
2.400E-03 1.82E-02 6.44E-06 2.39E-02 9.76E-07 1.40E-03 2.48E-12 2.20E-02 1.16E-11 6.98E-06 0.00E+00 0.00E+00 6.553E-02
2.350E-03 1.86E-02 6.89E-06 2.43E-02 1.04E-06 1.32E-03 2.69E-12 2.30E-02 1.25E-11 8.14E-06 0.00E+00 0.00E+00 6.733E-02
2.320E-03 1.88E-02 7.17E-06 2.46E-02 1.07E-06 1.28E-03 2.82E-12 2.37E-02 1.31E-11 8.72E-06 0.00E+00 0.00E+00 6.842E-02
2.310E-03 1.89E-02 7.26E-06 2.47E-02 1.09E-06 1.27E-03 2.87E-12 2.39E-02 1.33E-11 8.87E-06 0.00E+00 0.00E+00 6.880E-02
2.300E-03 1.90E-02 7.36E-06 2.48E-02 1.10E-06 1.25E-03 2.92E-12 2.41E-02 1.35E-11 9.00E-06 0.00E+00 0.00E+00 6.917E-02
2.250E-03 1.93E-02 7.86E-06 2.54E-02 1.17E-06 1.18E-03 3.18E-12 2.53E-02 1.47E-11 9.38E-06 0.00E+00 0.00E+00 7.120E-02
2.200E-03 1.96E-02 8.42E-06 2.60E-02 1.25E-06 1.12E-03 3.47E-12 2.67E-02 1.59E-11 9.84E-06 0.00E+00 0.00E+00 7.346E-02
2.150E-03 2.00E-02 9.06E-06 2.67E-02 1.33E-06 1.06E-03 3.80E-12 2.80E-02 1.72E-11 1.07E-05 0.00E+00 0.00E+00 7.583E-02
2.120E-03 2.03E-02 9.45E-06 2.71E-02 1.37E-06 1.03E-03 4.02E-12 2.89E-02 1.80E-11 1.12E-05 0.00E+00 0.00E+00 7.733E-02
2.110E-03 2.03E-02 9.58E-06 2.72E-02 1.39E-06 1.02E-03 4.10E-12 2.93E-02 1.83E-11 1.12E-05 0.00E+00 0.00E+00 7.784E-02
2.100E-03 2.04E-02 9.71E-06 2.73E-02 1.40E-06 1.01E-03 4.18E-12 2.96E-02 1.86E-11 1.13E-05 0.00E+00 0.00E+00 7.836E-02
2.080E-03 2.05E-02 9.96E-06 2.75E-02 1.43E-06 9.89E-04 4.34E-12 3.02E-02 1.92E-11 1.12E-05 0.00E+00 0.00E+00 7.927E-02
2.000E-03 2.08E-02 1.12E-05 2.84E-02 1.55E-06 9.17E-04 5.09E-12 3.31E-02 2.18E-11 1.08E-05 0.00E+00 0.00E+00 8.330E-02
1.950E-03 2.11E-02 1.22E-05 2.88E-02 1.60E-06 8.78E-04 5.64E-12 3.50E-02 2.31E-11 1.16E-05 0.00E+00 0.00E+00 8.589E-02
1.900E-03 2.16E-02 1.33E-05 2.89E-02 1.65E-06 8.43E-04 6.26E-12 3.65E-02 2.42E-11 1.38E-05 0.00E+00 0.00E+00 8.792E-02
1.850E-03 2.20E-02 1.46E-05 2.88E-02 1.67E-06 8.12E-04 6.98E-12 3.73E-02 2.48E-11 1.75E-05 0.00E+00 0.00E+00 8.897E-02
1.830E-03 2.22E-02 1.51E-05 2.86E-02 1.67E-06 8.00E-04 7.30E-12 3.75E-02 2.50E-11 1.88E-05 0.00E+00 0.00E+00 8.914E-02
1.820E-03 2.23E-02 1.53E-05 2.85E-02 1.66E-06 7.94E-04 7.46E-12 3.75E-02 2.50E-11 1.93E-05 0.00E+00 0.00E+00 8.910E-02
1.810E-03 2.24E-02 1.56E-05 2.83E-02 1.66E-06 7.89E-04 7.63E-12 3.74E-02 2.51E-11 1.96E-05 0.00E+00 0.00E+00 8.894E-02
1.800E-03 2.25E-02 1.59E-05 2.82E-02 1.66E-06 7.84E-04 7.81E-12 3.73E-02 2.51E-11 1.97E-05 0.00E+00 0.00E+00 8.878E-02
1.750E-03 2.30E-02 1.74E-05 2.70E-02 1.62E-06 7.61E-04 8.76E-12 3.63E-02 2.53E-11 2.02E-05 0.00E+00 0.00E+00 8.711E-02
1.700E-03 2.33E-02 1.90E-05 2.50E-02 1.55E-06 7.43E-04 9.86E-12 3.46E-02 2.54E-11 2.45E-05 0.00E+00 0.00E+00 8.364E-02
1.670E-03 2.36E-02 2.03E-05 2.34E-02 1.51E-06 7.34E-04 1.06E-11 3.33E-02 2.57E-11 2.86E-05 0.00E+00 0.00E+00 8.111E-02
1.650E-03 2.40E-02 2.12E-05 2.22E-02 1.48E-06 7.30E-04 1.11E-11 3.23E-02 2.60E-11 3.01E-05 0.00E+00 0.00E+00 7.919E-02
1.640E-03 2.41E-02 2.16E-05 2.15E-02 1.47E-06 7.27E-04 1.14E-11 3.17E-02 2.62E-11 3.01E-05 0.00E+00 0.00E+00 7.816E-02
1.630E-03 2.42E-02 2.20E-05 2.09E-02 1.46E-06 7.25E-04 1.17E-11 3.12E-02 2.64E-11 2.96E-05 0.00E+00 0.00E+00 7.709E-02
1.610E-03 2.45E-02 2.29E-05 1.94E-02 1.46E-06 7.21E-04 1.23E-11 3.02E-02 2.71E-11 2.78E-05 0.00E+00 0.00E+00 7.481E-02
1.600E-03 2.46E-02 2.34E-05 1.87E-02 1.46E-06 7.20E-04 1.26E-11 2.96E-02 2.74E-11 2.70E-05 0.00E+00 0.00E+00 7.363E-02
1.590E-03 2.47E-02 2.38E-05 1.79E-02 1.48E-06 7.18E-04 1.30E-11 2.91E-02 2.78E-11 2.64E-05 0.00E+00 0.00E+00 7.247E-02
1.580E-03 2.49E-02 2.43E-05 1.71E-02 1.50E-06 7.17E-04 1.33E-11 2.85E-02 2.83E-11 2.60E-05 0.00E+00 0.00E+00 7.130E-02
1.570E-03 2.49E-02 2.48E-05 1.64E-02 1.52E-06 7.16E-04 1.36E-11 2.80E-02 2.89E-11 2.56E-05 0.00E+00 0.00E+00 7.008E-02
1.560E-03 2.51E-02 2.54E-05 1.56E-02 1.56E-06 7.15E-04 1.40E-11 2.75E-02 2.94E-11 2.51E-05 0.00E+00 0.00E+00 6.898E-02
1.540E-03 2.54E-02 2.64E-05 1.43E-02 1.68E-06 7.14E-04 1.48E-11 2.65E-02 3.08E-11 2.46E-05 0.00E+00 0.00E+00 6.704E-02
1.520E-03 2.57E-02 2.74E-05 1.33E-02 1.84E-06 7.13E-04 1.56E-11 2.55E-02 3.25E-11 2.59E-05 0.00E+00 0.00E+00 6.527E-02
1.510E-03 2.58E-02 2.80E-05 1.30E-02 1.94E-06 7.13E-04 1.60E-11 2.50E-02 3.35E-11 2.67E-05 0.00E+00 0.00E+00 6.452E-02
1.500E-03 2.58E-02 2.85E-05 1.27E-02 2.04E-06 7.13E-04 1.64E-11 2.46E-02 3.45E-11 2.69E-05 0.00E+00 0.00E+00 6.385E-02
1.450E-03 2.62E-02 3.18E-05 1.21E-02 2.65E-06 7.17E-04 1.89E-11 2.27E-02 4.18E-11 3.38E-05 0.00E+00 0.00E+00 6.175E-02
1.440E-03 2.64E-02 3.26E-05 1.21E-02 2.78E-06 7.19E-04 1.94E-11 2.23E-02 4.36E-11 3.72E-05 0.00E+00 0.00E+00 6.158E-02
1.430E-03 2.65E-02 3.33E-05 1.20E-02 2.92E-06 7.20E-04 2.00E-11 2.23E-02 4.59E-11 4.01E-05 0.00E+00 0.00E+00 6.160E-02
1.420E-03 2.66E-02 3.41E-05 1.20E-02 3.06E-06 7.22E-04 2.05E-11 2.22E-02 4.83E-11 4.17E-05 0.00E+00 0.00E+00 6.162E-02
1.400E-03 2.69E-02 3.57E-05 1.21E-02 3.35E-06 7.26E-04 2.18E-11 2.23E-02 5.37E-11 4.54E-05 0.00E+00 0.00E+00 6.211E-02
1.380E-03 2.72E-02 3.74E-05 1.21E-02 3.67E-06 7.31E-04 2.31E-11 2.30E-02 6.00E-11 5.69E-05 0.00E+00 0.00E+00 6.304E-02
1.370E-03 2.73E-02 3.83E-05 1.21E-02 3.84E-06 7.34E-04 2.38E-11 2.36E-02 6.34E-11 6.73E-05 0.00E+00 0.00E+00 6.381E-02
1.360E-03 2.75E-02 3.93E-05 1.21E-02 4.02E-06 7.37E-04 2.45E-11 2.43E-02 6.70E-11 7.77E-05 0.00E+00 0.00E+00 6.471E-02
1.350E-03 2.77E-02 4.03E-05 1.21E-02 4.22E-06 7.40E-04 2.52E-11 2.50E-02 7.07E-11 8.30E-05 0.00E+00 0.00E+00 6.566E-02
1.340E-03 2.79E-02 4.13E-05 1.22E-02 4.42E-06 7.44E-04 2.60E-11 2.59E-02 7.44E-11 8.98E-05 0.00E+00 0.00E+00 6.677E-02
1.330E-03 2.80E-02 4.23E-05 1.22E-02 4.64E-06 7.48E-04 2.68E-11 2.68E-02 7.82E-11 1.04E-04 0.00E+00 0.00E+00 6.793E-02
1.320E-03 2.82E-02 4.33E-05 1.23E-02 4.87E-06 7.52E-04 2.76E-11 2.77E-02 8.22E-11 1.28E-04 0.00E+00 0.00E+00 6.915E-02
1.310E-03 2.84E-02 4.42E-05 1.24E-02 5.12E-06 7.56E-04 2.85E-11 2.87E-02 8.63E-11 1.67E-04 0.00E+00 0.00E+00 7.046E-02
1.290E-03 2.85E-02 4.62E-05 1.27E-02 5.66E-06 7.65E-04 3.03E-11 3.08E-02 9.52E-11 3.41E-04 0.00E+00 0.00E+00 7.317E-02
1.280E-03 2.86E-02 4.74E-05 1.29E-02 5.95E-06 7.70E-04 3.13E-11 3.21E-02 9.99E-11 5.00E-04 0.00E+00 0.00E+00 7.485E-02
1.270E-03 2.87E-02 4.86E-05 1.30E-02 6.27E-06 7.75E-04 3.23E-11 3.34E-02 1.05E-10 6.04E-04 0.00E+00 0.00E+00 7.649E-02
1.260E-03 2.88E-02 4.99E-05 1.32E-02 6.64E-06 7.80E-04 3.33E-11 3.47E-02 1.10E-10 5.21E-04 0.00E+00 0.00E+00 7.807E-02
1.250E-03 2.89E-02 5.12E-05 1.34E-02 7.04E-06 7.86E-04 3.44E-11 3.61E-02 1.15E-10 3.85E-04 0.00E+00 0.00E+00 7.972E-02
1.220E-03 2.95E-02 5.58E-05 1.53E-02 8.71E-06 8.02E-04 3.80E-11 4.06E-02 1.32E-10 3.01E-04 0.00E+00 0.00E+00 8.649E-02
1.210E-03 2.97E-02 5.72E-05 1.67E-02 9.37E-06 8.08E-04 3.93E-11 4.23E-02 1.38E-10 3.46E-04 0.00E+00 0.00E+00 8.979E-02
1.200E-03 2.97E-02 5.87E-05 1.84E-02 1.00E-05 8.14E-04 4.06E-11 4.41E-02 1.44E-10 3.83E-04 0.00E+00 0.00E+00 9.351E-02
1.190E-03 3.00E-02 6.05E-05 2.03E-02 1.06E-05 8.20E-04 4.21E-11 4.60E-02 1.51E-10 3.83E-04 0.00E+00 0.00E+00 9.758E-02
1.180E-03 3.02E-02 6.21E-05 2.22E-02 1.11E-05 8.26E-04 4.36E-11 4.80E-02 1.57E-10 3.80E-04 0.00E+00 0.00E+00 1.017E-01
1.170E-03 3.04E-02 6.38E-05 2.40E-02 1.15E-05 8.33E-04 4.51E-11 5.00E-02 1.64E-10 4.22E-04 0.00E+00 0.00E+00 1.058E-01
1.160E-03 3.06E-02 6.56E-05 2.56E-02 1.18E-05 8.44E-04 4.70E-11 5.19E-02 1.71E-10 5.43E-04 0.00E+00 0.00E+00 1.096E-01
1.150E-03 3.08E-02 6.72E-05 2.70E-02 1.21E-05 1.19E-03 4.65E-11 5.39E-02 1.78E-10 7.91E-04 0.00E+00 0.00E+00 1.137E-01
1.140E-03 3.09E-02 6.89E-05 2.82E-02 1.24E-05 8.80E-04 4.95E-11 5.60E-02 1.85E-10 1.19E-03 0.00E+00 0.00E+00 1.172E-01
1.130E-03 3.10E-02 7.08E-05 2.93E-02 1.27E-05 8.79E-04 5.15E-11 5.83E-02 1.94E-10 1.45E-03 0.00E+00 0.00E+00 1.209E-01
1.120E-03 3.11E-02 7.28E-05 3.02E-02 1.30E-05 8.85E-04 5.34E-11 6.07E-02 2.02E-10 1.17E-03 0.00E+00 0.00E+00 1.242E-01
1.110E-03 3.11E-02 7.48E-05 3.12E-02 1.33E-05 8.92E-04 5.54E-11 6.33E-02 2.11E-10 7.44E-04 0.00E+00 0.00E+00 1.274E-01
1.090E-03 3.14E-02 7.94E-05 3.31E-02 1.39E-05 9.10E-04 5.97E-11 6.87E-02 2.30E-10 3.11E-04 0.00E+00 0.00E+00 1.345E-01
1.050E-03 3.21E-02 9.05E-05 3.65E-02 1.50E-05 9.53E-04 6.94E-11 8.31E-02 2.73E-10 1.06E-04 0.00E+00 0.00E+00 1.528E-01
1.000E-03 3.33E-02 1.07E-04 3.99E-02 1.59E-05 1.02E-03 8.44E-11 9.61E-02 2.92E-10 5.55E-05 0.00E+00 0.00E+00 1.705E-01
9.800E-04 3.38E-02 1.15E-04 4.07E-02 1.58E-05 1.04E-03 9.15E-11 1.01E-01 3.00E-10 4.89E-05 0.00E+00 0.00E+00 1.766E-01
9.600E-04 3.43E-02 1.23E-04 4.05E-02 1.54E-05 1.08E-03 9.94E-11 1.05E-01 3.03E-10 4.57E-05 0.00E+00 0.00E+00 1.816E-01
9.500E-04 3.48E-02 1.27E-04 4.00E-02 1.51E-05 1.09E-03 1.04E-10 1.07E-01 2.96E-10 4.52E-05 0.00E+00 0.00E+00 1.826E-01
9.400E-04 3.50E-02 1.31E-04 3.93E-02 1.48E-05 1.11E-03 1.08E-10 1.06E-01 2.84E-10 4.54E-05 0.00E+00 0.00E+00 1.818E-01
9.200E-04 3.55E-02 1.40E-04 3.74E-02 1.42E-05 1.14E-03 1.18E-10 9.89E-02 2.36E-10 4.84E-05 0.00E+00 0.00E+00 1.731E-01
8.900E-04 3.64E-02 1.57E-04 3.31E-02 1.33E-05 1.20E-03 1.35E-10 7.82E-02 1.51E-10 6.87E-05 0.00E+00 0.00E+00 1.491E-01
8.700E-04 3.67E-02 1.67E-04 3.00E-02 1.31E-05 1.25E-03 1.48E-10 6.51E-02 1.12E-10 1.47E-04 0.00E+00 0.00E+00 1.333E-01
8.600E-04 3.71E-02 1.74E-04 2.84E-02 1.31E-05 1.27E-03 1.54E-10 5.98E-02 9.91E-11 2.20E-04 0.00E+00 0.00E+00 1.269E-01
8.500E-04 3.72E-02 1.81E-04 2.68E-02 1.30E-05 1.29E-03 1.62E-10 5.51E-02 8.83E-11 1.59E-04 0.00E+00 0.00E+00 1.208E-01
8.400E-04 3.76E-02 1.88E-04 2.50E-02 1.30E-05 1.32E-03 1.70E-10 5.03E-02 7.73E-11 1.16E-04 0.00E+00 0.00E+00 1.146E-01
8.200E-04 3.80E-02 2.01E-04 2.08E-02 1.34E-05 1.37E-03 1.87E-10 3.88E-02 5.55E-11 1.18E-04 0.00E+00 0.00E+00 9.935E-02
8.000E-04 3.85E-02 2.18E-04 1.68E-02 1.48E-05 1.42E-03 2.06E-10 2.65E-02 4.28E-11 1.70E-04 0.00E+00 0.00E+00 8.369E-02
7.900E-04 3.89E-02 2.27E-04 1.53E-02 1.59E-05 1.45E-03 2.17E-10 2.23E-02 4.61E-11 2.10E-04 0.00E+00 0.00E+00 7.840E-02
7.800E-04 3.91E-02 2.35E-04 1.40E-02 1.72E-05 1.48E-03 2.28E-10 1.81E-02 5.22E-11 2.50E-04 0.00E+00 0.00E+00 7.323E-02
7.700E-04 3.92E-02 2.44E-04 1.29E-02 1.86E-05 1.51E-03 2.40E-10 1.49E-02 6.21E-11 2.69E-04 0.00E+00 0.00E+00 6.909E-02
7.600E-04 3.93E-02 2.54E-04 1.20E-02 2.02E-05 1.54E-03 2.53E-10 1.27E-02 7.58E-11 2.50E-04 0.00E+00 0.00E+00 6.603E-02
7.500E-04 3.94E-02 2.65E-04 1.12E-02 2.19E-05 1.57E-03 2.67E-10 1.06E-02 9.22E-11 2.08E-04 0.00E+00 0.00E+00 6.326E-02
7.300E-04 3.99E-02 2.90E-04 9.88E-03 2.59E-05 1.64E-03 2.97E-10 8.92E-03 1.32E-10 1.33E-04 0.00E+00 0.00E+00 6.077E-02
7.200E-04 4.00E-02 3.02E-04 9.48E-03 2.81E-05 1.68E-03 3.14E-10 8.62E-03 1.52E-10 1.12E-04 0.00E+00 0.00E+00 6.026E-02
7.100E-04 4.01E-02 3.16E-04 9.22E-03 3.05E-05 1.72E-03 3.32E-10 8.36E-03 1.75E-10 1.10E-04 0.00E+00 0.00E+00 5.988E-02
7.000E-04 4.06E-02 3.32E-04 8.98E-03 3.28E-05 1.76E-03 3.51E-10 8.28E-03 1.98E-10 1.50E-04 0.00E+00 0.00E+00 6.008E-02
6.900E-04 4.07E-02 3.44E-04 8.62E-03 3.53E-05 1.80E-03 3.72E-10 8.23E-03 2.23E-10 9.13E-05 0.00E+00 0.00E+00 5.986E-02
6.800E-04 4.02E-02 3.58E-04 8.17E-03 3.80E-05 1.84E-03 3.94E-10 8.23E-03 2.48E-10 7.28E-05 0.00E+00 0.00E+00 5.887E-02
6.600E-04 4.04E-02 4.03E-04 7.35E-03 4.41E-05 1.93E-03 4.43E-10 8.23E-03 3.05E-10 7.04E-05 0.00E+00 0.00E+00 5.846E-02
6.400E-04 4.16E-02 4.55E-04 6.37E-03 5.14E-05 2.03E-03 5.01E-10 8.21E-03 3.70E-10 1.03E-04 0.00E+00 0.00E+00 5.883E-02
6.300E-04 4.25E-02 4.80E-04 5.95E-03 5.59E-05 2.05E-03 5.34E-10 8.18E-03 4.06E-10 1.57E-04 0.00E+00 0.00E+00 5.937E-02
6.200E-04 4.27E-02 5.03E-04 5.84E-03 6.07E-05 2.14E-03 5.69E-10 8.15E-03 4.45E-10 2.11E-04 0.00E+00 0.00E+00 5.964E-02
6.100E-04 4.32E-02 5.33E-04 5.82E-03 6.54E-05 2.19E-03 6.06E-10 8.09E-03 4.87E-10 1.55E-04 0.00E+00 0.00E+00 6.003E-02
5.900E-04 4.50E-02 5.98E-04 4.78E-03 7.62E-05 2.32E-03 6.92E-10 7.98E-03 5.83E-10 7.55E-05 0.00E+00 0.00E+00 6.079E-02
5.500E-04 4.35E-02 7.19E-04 3.54E-03 1.07E-04 2.60E-03 9.14E-10 7.86E-03 8.36E-10 6.65E-05 0.00E+00 0.00E+00 5.841E-02
5.300E-04 4.40E-02 8.29E-04 3.16E-03 1.28E-04 2.76E-03 1.06E-09 7.88E-03 1.00E-09 9.97E-05 0.00E+00 0.00E+00 5.884E-02
5.200E-04 4.41E-02 8.87E-04 2.97E-03 1.39E-04 2.85E-03 1.14E-09 7.89E-03 1.10E-09 1.51E-04 0.00E+00 0.00E+00 5.898E-02
5.100E-04 4.45E-02 9.55E-04 2.78E-03 1.52E-04 2.94E-03 1.23E-09 7.93E-03 1.20E-09 2.04E-04 0.00E+00 0.00E+00 5.950E-02
5.000E-04 4.51E-02 1.03E-03 2.57E-03 1.69E-04 3.03E-03 1.33E-09 7.98E-03 1.32E-09 1.52E-04 0.00E+00 0.00E+00 5.999E-02
4.800E-04 4.58E-02 1.19E-03 2.27E-03 2.03E-04 3.23E-03 1.57E-09 8.11E-03 1.59E-09 7.95E-05 0.00E+00 0.00E+00 6.085E-02
4.500E-04 4.75E-02 1.48E-03 1.91E-03 2.70E-04 3.58E-03 2.02E-09 8.40E-03 2.13E-09 6.66E-05 0.00E+00 0.00E+00 6.319E-02
4.000E-04 4.97E-02 2.27E-03 1.41E-03 4.50E-04 4.31E-03 3.22E-09 9.04E-03 3.56E-09 7.71E-05 0.00E+00 0.00E+00 6.723E-02
3.800E-04 5.09E-02 2.74E-03 1.24E-03 5.60E-04 4.67E-03 3.94E-09 9.32E-03 4.43E-09 8.61E-05 0.00E+00 0.00E+00 6.955E-02
3.600E-04 5.23E-02 3.35E-03 1.09E-03 7.04E-04 5.09E-03 4.87E-09 9.63E-03 5.57E-09 1.02E-04 0.00E+00 0.00E+00 7.227E-02
3.400E-04 5.51E-02 4.09E-03 9.59E-04 8.95E-04 5.57E-03 6.10E-09 9.98E-03 7.08E-09 1.84E-04 0.00E+00 0.00E+00 7.673E-02
3.300E-04 5.51E-02 4.51E-03 8.97E-04 1.01E-03 5.84E-03 6.86E-09 1.01E-02 8.01E-09 4.34E-04 0.00E+00 0.00E+00 7.793E-02
3.200E-04 5.55E-02 5.07E-03 8.35E-04 1.15E-03 6.13E-03 7.75E-09 1.03E-02 9.10E-09 1.93E-04 0.00E+00 0.00E+00 7.915E-02
3.150E-04 5.61E-02 5.38E-03 8.08E-04 1.23E-03 6.28E-03 8.24E-09 1.04E-02 9.72E-09 1.57E-04 0.00E+00 0.00E+00 8.031E-02
3.100E-04 5.67E-02 5.71E-03 7.81E-04 1.31E-03 6.43E-03 8.77E-09 1.05E-02 1.04E-08 1.44E-04 0.00E+00 0.00E+00 8.157E-02
3.080E-04 5.69E-02 5.84E-03 7.70E-04 1.35E-03 6.50E-03 9.00E-09 1.05E-02 1.07E-08 1.41E-04 0.00E+00 0.00E+00 8.203E-02
3.050E-04 5.72E-02 6.05E-03 7.53E-04 1.41E-03 6.60E-03 9.35E-09 1.06E-02 1.11E-08 1.39E-04 0.00E+00 0.00E+00 8.269E-02
3.000E-04 5.76E-02 6.42E-03 7.29E-04 1.51E-03 6.78E-03 9.98E-09 1.07E-02 1.19E-08 1.39E-04 0.00E+00 0.00E+00 8.388E-02
2.900E-04 5.90E-02 7.25E-03 6.79E-04 1.73E-03 7.15E-03 1.14E-08 1.09E-02 1.37E-08 1.43E-04 0.00E+00 0.00E+00 8.684E-02
2.800E-04 5.95E-02 8.20E-03 6.33E-04 2.00E-03 7.55E-03 1.31E-08 1.12E-02 1.58E-08 1.51E-04 0.00E+00 0.00E+00 8.926E-02
2.600E-04 6.17E-02 1.08E-02 5.47E-04 2.71E-03 8.48E-03 1.75E-08 1.17E-02 2.14E-08 1.73E-04 0.00E+00 0.00E+00 9.609E-02
2.500E-04 6.33E-02 1.25E-02 5.09E-04 3.19E-03 9.00E-03 2.04E-08 1.20E-02 2.51E-08 1.88E-04 0.00E+00 0.00E+00 1.006E-01
2.200E-04 6.99E-02 1.97E-02 4.08E-04 5.36E-03 1.09E-02 3.37E-08 1.32E-02 4.21E-08 2.46E-04 0.00E+00 0.00E+00 1.198E-01
2.159E-04 7.08E-02 2.10E-02 3.96E-04 5.78E-03 1.13E-02 3.63E-08 1.34E-02 4.55E-08 2.57E-04 0.00E+00 0.00E+00 1.228E-01
2.000E-04 7.55E-02 2.74E-02 3.56E-04 7.86E-03 1.27E-02 4.90E-08 1.41E-02 6.19E-08 3.05E-04 0.00E+00 0.00E+00 1.382E-01
1.662E-04 8.85E-02 4.90E-02 2.83E-04 1.64E-02 1.68E-02 1.01E-07 1.64E-02 1.30E-07 4.73E-04 0.00E+00 0.00E+00 1.878E-01
1.650E-04 8.90E-02 5.00E-02 2.79E-04 1.69E-02 1.70E-02 1.04E-07 1.65E-02 1.34E-07 4.81E-04 0.00E+00 0.00E+00 1.902E-01
1.250E-04 1.20E-01 1.09E-01 2.54E-04 4.86E-02 2.62E-02 3.08E-07 2.09E-02 4.08E-07 9.67E-04 0.00E+00 0.00E+00 3.256E-01
1.235E-04 1.22E-01 1.12E-01 2.52E-04 5.08E-02 2.67E-02 3.23E-07 2.11E-02 4.29E-07 9.98E-04 0.00E+00 0.00E+00 3.336E-01
1.130E-04 1.35E-01 1.38E-01 2.62E-04 6.97E-02 3.07E-02 4.57E-07 2.30E-02 6.12E-07 1.25E-03 0.00E+00 0.00E+00 3.974E-01
1.000E-04 1.56E-01 1.76E-01 2.92E-04 1.05E-01 3.74E-02 7.37E-07 2.58E-02 9.98E-07 1.71E-03 0.00E+00 0.00E+00 5.022E-01
9.500E-05 1.66E-01 1.92E-01 2.95E-04 1.24E-01 4.07E-02 9.00E-07 2.70E-02 1.23E-06 1.94E-03 0.00E+00 0.00E+00 5.516E-01
9.300E-05 1.70E-01 1.98E-01 3.01E-04 1.33E-01 4.21E-02 9.78E-07 2.76E-02 1.33E-06 2.05E-03 0.00E+00 0.00E+00 5.731E-01
9.200E-05 1.72E-01 2.02E-01 3.06E-04 1.38E-01 4.28E-02 1.02E-06 2.79E-02 1.39E-06 2.10E-03 0.00E+00 0.00E+00 5.842E-01
9.100E-05 1.74E-01 2.05E-01 3.10E-04 1.42E-01 4.36E-02 1.06E-06 2.82E-02 1.46E-06 2.16E-03 0.00E+00 0.00E+00 5.956E-01
9.000E-05 1.76E-01 2.08E-01 3.16E-04 1.48E-01 4.43E-02 1.11E-06 2.85E-02 1.52E-06 2.22E-03 0.00E+00 0.00E+00 6.073E-01
8.900E-05 1.78E-01 2.12E-01 3.21E-04 1.53E-01 4.51E-02 1.16E-06 2.88E-02 1.59E-06 2.28E-03 0.00E+00 0.00E+00 6.194E-01
8.800E-05 1.80E-01 2.15E-01 3.26E-04 1.59E-01 4.60E-02 1.21E-06 2.91E-02 1.66E-06 2.35E-03 0.00E+00 0.00E+00 6.318E-01
8.700E-05 1.82E-01 2.19E-01 3.33E-04 1.64E-01 4.68E-02 1.27E-06 2.94E-02 1.74E-06 2.41E-03 0.00E+00 0.00E+00 6.446E-01
8.600E-05 1.84E-01 2.23E-01 3.37E-04 1.70E-01 4.77E-02 1.32E-06 2.97E-02 1.82E-06 2.48E-03 0.00E+00 0.00E+00 6.579E-01
8.500E-05 1.87E-01 2.26E-01 3.43E-04 1.77E-01 4.86E-02 1.39E-06 3.00E-02 1.91E-06 2.56E-03 0.00E+00 0.00E+00 6.715E-01
8.400E-05 1.89E-01 2.30E-01 3.48E-04 1.84E-01 4.95E-02 1.45E-06 3.04E-02 2.00E-06 2.63E-03 0.00E+00 0.00E+00 6.858E-01
8.330E-05 1.91E-01 2.33E-01 3.53E-04 1.89E-01 5.01E-02 1.50E-06 3.06E-02 2.07E-06 2.68E-03 0.00E+00 0.00E+00 6.960E-01
8.200E-05 1.94E-01 2.38E-01 3.60E-04 1.98E-01 5.14E-02 1.59E-06 3.11E-02 2.21E-06 2.79E-03 0.00E+00 0.00E+00 7.157E-01
8.100E-05 1.96E-01 2.42E-01 3.69E-04 2.06E-01 5.24E-02 1.67E-06 3.14E-02 2.32E-06 2.88E-03 0.00E+00 0.00E+00 7.315E-01
8.000E-05 1.99E-01 2.46E-01 3.72E-04 2.14E-01 5.34E-02 1.75E-06 3.18E-02 2.44E-06 2.96E-03 0.00E+00 0.00E+00 7.479E-01
7.900E-05 2.02E-01 2.50E-01 3.81E-04 2.23E-01 5.44E-02 1.84E-06 3.22E-02 2.56E-06 3.06E-03 0.00E+00 0.00E+00 7.649E-01
7.800E-05 2.05E-01 2.54E-01 3.91E-04 2.32E-01 5.55E-02 1.93E-06 3.26E-02 2.70E-06 3.15E-03 0.00E+00 0.00E+00 7.825E-01
7.700E-05 2.08E-01 2.58E-01 3.99E-04 2.41E-01 5.67E-02 2.03E-06 3.30E-02 2.84E-06 3.25E-03 0.00E+00 0.00E+00 8.006E-01
7.600E-05 2.12E-01 2.61E-01 4.15E-04 2.51E-01 5.78E-02 2.14E-06 3.34E-02 2.99E-06 3.36E-03 0.00E+00 0.00E+00 8.193E-01
7.500E-05 2.15E-01 2.65E-01 4.28E-04 2.62E-01 5.90E-02 2.25E-06 3.38E-02 3.16E-06 3.47E-03 0.00E+00 0.00E+00 8.386E-01
7.400E-05 2.18E-01 2.69E-01 4.47E-04 2.73E-01 6.02E-02 2.37E-06 3.42E-02 3.33E-06 3.58E-03 0.00E+00 0.00E+00 8.584E-01
7.300E-05 2.22E-01 2.72E-01 4.66E-04 2.85E-01 6.15E-02 2.50E-06 3.47E-02 3.52E-06 3.70E-03 0.00E+00 0.00E+00 8.789E-01
7.140E-05 2.28E-01 2.77E-01 4.81E-04 3.04E-01 6.35E-02 2.72E-06 3.54E-02 3.85E-06 3.90E-03 0.00E+00 0.00E+00 9.129E-01
7.100E-05 2.29E-01 2.79E-01 4.81E-04 3.10E-01 6.41E-02 2.78E-06 3.56E-02 3.94E-06 3.96E-03 0.00E+00 0.00E+00 9.217E-01
7.000E-05 2.33E-01 2.82E-01 4.98E-04 3.23E-01 6.54E-02 2.94E-06 3.61E-02 4.17E-06 4.10E-03 0.00E+00 0.00E+00 9.440E-01
6.900E-05 2.37E-01 2.85E-01 5.20E-04 3.37E-01 6.69E-02 3.11E-06 3.65E-02 4.41E-06 4.24E-03 0.00E+00 0.00E+00 9.671E-01
6.800E-05 2.41E-01 2.88E-01 5.39E-04 3.52E-01 6.83E-02 3.29E-06 3.71E-02 4.68E-06 4.39E-03 0.00E+00 0.00E+00 9.910E-01
6.700E-05 2.45E-01 2.91E-01 5.59E-04 3.67E-01 6.98E-02 3.48E-06 3.76E-02 4.97E-06 4.55E-03 0.00E+00 0.00E+00 1.016E+00
6.600E-05 2.49E-01 2.94E-01 5.87E-04 3.83E-01 7.14E-02 3.69E-06 3.81E-02 5.28E-06 4.72E-03 0.00E+00 0.00E+00 1.041E+00
6.500E-05 2.54E-01 2.97E-01 5.99E-04 4.00E-01 7.31E-02 3.92E-06 3.87E-02 5.61E-06 4.90E-03 0.00E+00 0.00E+00 1.068E+00
6.400E-05 2.58E-01 2.99E-01 6.12E-04 4.18E-01 7.48E-02 4.16E-06 3.92E-02 5.97E-06 5.09E-03 0.00E+00 0.00E+00 1.095E+00
6.300E-05 2.62E-01 3.02E-01 6.35E-04 4.37E-01 7.66E-02 4.43E-06 3.98E-02 6.37E-06 5.28E-03 0.00E+00 0.00E+00 1.123E+00
6.250E-05 2.65E-01 3.03E-01 6.40E-04 4.46E-01 7.75E-02 4.57E-06 4.01E-02 6.57E-06 5.39E-03 0.00E+00 0.00E+00 1.138E+00
6.200E-05 2.67E-01 3.04E-01 6.59E-04 4.56E-01 7.84E-02 4.72E-06 4.04E-02 6.79E-06 5.49E-03 0.00E+00 0.00E+00 1.153E+00
6.100E-05 2.72E-01 3.07E-01 6.92E-04 4.76E-01 8.04E-02 5.03E-06 4.11E-02 7.25E-06 5.72E-03 0.00E+00 0.00E+00 1.183E+00
6.000E-05 2.77E-01 3.09E-01 7.22E-04 4.97E-01 8.23E-02 5.36E-06 4.17E-02 7.75E-06 5.95E-03 0.00E+00 0.00E+00 1.214E+00
5.900E-05 2.83E-01 3.10E-01 7.52E-04 5.19E-01 8.44E-02 5.73E-06 4.24E-02 8.29E-06 6.20E-03 0.00E+00 0.00E+00 1.246E+00
5.800E-05 2.88E-01 3.12E-01 7.85E-04 5.42E-01 8.65E-02 6.13E-06 4.31E-02 8.89E-06 6.47E-03 0.00E+00 0.00E+00 1.279E+00
5.700E-05 2.94E-01 3.13E-01 8.26E-04 5.66E-01 8.87E-02 6.56E-06 4.38E-02 9.53E-06 6.75E-03 0.00E+00 0.00E+00 1.313E+00
5.600E-05 2.99E-01 3.14E-01 8.66E-04 5.91E-01 9.09E-02 7.03E-06 4.46E-02 1.02E-05 7.06E-03 0.00E+00 0.00E+00 1.347E+00
5.500E-05 3.05E-01 3.14E-01 9.07E-04 6.17E-01 9.32E-02 7.55E-06 4.53E-02 1.10E-05 7.38E-03 0.00E+00 0.00E+00 1.383E+00
5.477E-05 3.07E-01 3.14E-01 9.13E-04 6.23E-01 9.39E-02 7.68E-06 4.55E-02 1.12E-05 1.17E-02 0.00E+00 0.00E+00 1.396E+00
5.400E-05 3.11E-01 3.15E-01 9.45E-04 6.44E-01 9.61E-02 8.13E-06 4.61E-02 1.19E-05 1.22E-02 0.00E+00 0.00E+00 1.425E+00
5.300E-05 3.17E-01 3.15E-01 9.88E-04 6.72E-01 9.90E-02 8.76E-06 4.69E-02 1.28E-05 1.28E-02 0.00E+00 0.00E+00 1.464E+00
5.200E-05 3.23E-01 3.15E-01 1.05E-03 7.01E-01 1.02E-01 9.46E-06 4.78E-02 1.38E-05 1.35E-02 0.00E+00 0.00E+00 1.504E+00
5.100E-05 3.29E-01 3.15E-01 1.11E-03 7.32E-01 1.05E-01 1.02E-05 4.87E-02 1.50E-05 1.43E-02 0.00E+00 0.00E+00 1.545E+00
5.000E-05 3.35E-01 3.14E-01 1.17E-03 7.65E-01 1.08E-01 1.11E-05 4.96E-02 1.62E-05 1.51E-02 0.00E+00 0.00E+00 1.589E+00
4.900E-05 3.41E-01 3.14E-01 1.24E-03 7.98E-01 1.12E-01 1.20E-05 5.05E-02 1.76E-05 1.61E-02 0.00E+00 0.00E+00 1.633E+00
4.880E-05 3.42E-01 3.14E-01 1.25E-03 8.05E-01 1.12E-01 1.22E-05 5.07E-02 1.79E-05 1.63E-02 0.00E+00 0.00E+00 1.642E+00
4.800E-05 3.47E-01 3.13E-01 1.31E-03 8.34E-01 1.16E-01 1.31E-05 5.15E-02 1.92E-05 1.71E-02 0.00E+00 0.00E+00 1.680E+00
4.760E-05 3.49E-01 3.13E-01 1.34E-03 8.49E-01 1.18E-01 1.35E-05 5.19E-02 1.98E-05 1.75E-02 0.00E+00 0.00E+00 1.700E+00
4.700E-05 3.53E-01 3.13E-01 1.39E-03 8.71E-01 1.20E-01 1.43E-05 5.26E-02 2.09E-05 1.82E-02 0.00E+00 0.00E+00 1.730E+00
4.650E-05 3.56E-01 3.13E-01 1.43E-03 8.91E-01 1.23E-01 1.49E-05 5.31E-02 2.18E-05 1.88E-02 0.00E+00 0.00E+00 1.755E+00
4.600E-05 3.59E-01 3.12E-01 1.48E-03 9.11E-01 1.25E-01 1.56E-05 5.36E-02 2.28E-05 1.95E-02 0.00E+00 0.00E+00 1.781E+00
4.550E-05 3.62E-01 3.12E-01 1.55E-03 9.31E-01 1.28E-01 1.63E-05 5.42E-02 2.38E-05 2.01E-02 0.00E+00 0.00E+00 1.808E+00
4.500E-05 3.64E-01 3.12E-01 1.61E-03 9.52E-01 1.30E-01 1.70E-05 5.48E-02 2.49E-05 2.09E-02 0.00E+00 0.00E+00 1.835E+00
4.440E-05 3.68E-01 3.11E-01 1.71E-03 9.77E-01 1.33E-01 1.80E-05 5.55E-02 2.63E-05 2.18E-02 0.00E+00 0.00E+00 1.868E+00
4.350E-05 3.73E-01 3.11E-01 1.87E-03 1.02E+00 1.38E-01 1.96E-05 5.65E-02 2.86E-05 2.33E-02 0.00E+00 0.00E+00 1.919E+00
4.170E-05 3.82E-01 3.10E-01 2.27E-03 1.10E+00 1.50E-01 2.33E-05 5.88E-02 3.41E-05 2.68E-02 0.00E+00 0.00E+00 2.028E+00
4.000E-05 3.91E-01 3.09E-01 3.01E-03 1.18E+00 1.62E-01 2.77E-05 6.11E-02 4.05E-05 3.11E-02 0.00E+00 0.00E+00 2.137E+00
3.850E-05 3.99E-01 3.08E-01 3.99E-03 1.26E+00 1.74E-01 3.25E-05 6.32E-02 4.74E-05 3.59E-02 0.00E+00 0.00E+00 2.239E+00
3.656E-05 4.08E-01 3.07E-01 5.88E-03 1.36E+00 1.90E-01 4.05E-05 6.62E-02 5.89E-05 4.40E-02 0.00E+00 0.00E+00 2.380E+00
3.570E-05 4.12E-01 3.07E-01 6.86E-03 1.40E+00 1.98E-01 4.48E-05 6.76E-02 6.49E-05 4.86E-02 0.00E+00 0.00E+00 2.445E+00
3.330E-05 4.22E-01 3.06E-01 1.03E-02 1.54E+00 2.25E-01 6.14E-05 7.17E-02 8.70E-05 6.66E-02 0.00E+00 0.00E+00 2.643E+00
3.130E-05 4.30E-01 3.05E-01 1.37E-02 1.65E+00 2.59E-01 8.28E-05 7.56E-02 1.13E-04 9.14E-02 0.00E+00 0.00E+00 2.827E+00
3.000E-05 4.34E-01 3.04E-01 1.64E-02 1.72E+00 2.89E-01 1.03E-04 7.82E-02 1.36E-04 1.16E-01 0.00E+00 0.00E+00 2.963E+00
2.940E-05 4.36E-01 3.04E-01 1.78E-02 1.76E+00 3.04E-01 1.14E-04 7.94E-02 1.48E-04 1.32E-01 0.00E+00 0.00E+00 3.030E+00
2.780E-05 4.40E-01 3.03E-01 2.18E-02 1.84E+00 3.56E-01 1.56E-04 8.28E-02 1.89E-04 1.90E-01 0.00E+00 0.00E+00 3.234E+00
2.630E-05 4.43E-01 3.02E-01 2.58E-02 1.91E+00 4.35E-01 2.22E-04 8.61E-02 2.42E-04 2.86E-01 0.00E+00 0.00E+00 3.485E+00
2.500E-05 4.45E-01 3.02E-01 3.07E-02 1.96E+00 5.43E-01 3.23E-04 8.89E-02 3.04E-04 4.20E-01 0.00E+00 0.00E+00 3.786E+00
2.380E-05 4.47E-01 3.02E-01 3.67E-02 1.99E+00 7.49E-01 4.94E-04 8.92E-02 3.82E-04 5.74E-01 0.00E+00 0.00E+00 4.191E+00
2.270E-05 4.48E-01 3.00E-01 4.49E-02 2.02E+00 1.08E+00 7.23E-04 9.27E-02 4.79E-04 6.50E-01 0.00E+00 0.00E+00 4.636E+00
2.170E-05 4.47E-01 3.00E-01 5.61E-02 2.04E+00 1.46E+00 9.40E-04 1.04E-01 5.99E-04 5.82E-01 0.00E+00 0.00E+00 4.992E+00
2.080E-05 4.48E-01 3.00E-01 7.68E-02 2.06E+00 1.52E+00 8.72E-04 1.30E-01 7.45E-04 4.52E-01 0.00E+00 0.00E+00 4.982E+00
2.000E-05 4.47E-01 2.99E-01 2.78E-01 1.90E+00 1.32E+00 6.83E-04 1.66E-01 9.13E-04 3.40E-01 0.00E+00 0.00E+00 4.750E+00
1.920E-05 4.45E-01 3.00E-01 5.39E-01 1.70E+00 1.02E+00 4.69E-04 2.28E-01 1.13E-03 2.53E-01 0.00E+00 0.00E+00 4.485E+00
1.850E-05 4.46E-01 3.03E-01 7.03E-01 1.58E+00 8.00E-01 3.32E-04 3.05E-01 1.39E-03 1.97E-01 0.00E+00 0.00E+00 4.338E+00
1.790E-05 4.47E-01 3.05E-01 9.02E-01 1.41E+00 6.50E-01 2.54E-04 3.89E-01 1.66E-03 1.62E-01 0.00E+00 0.00E+00 4.267E+00
1.720E-05 4.48E-01 3.07E-01 1.05E+00 1.29E+00 5.22E-01 2.02E-04 5.40E-01 2.09E-03 1.31E-01 0.00E+00 0.00E+00 4.287E+00
1.670E-05 4.49E-01 3.09E-01 1.12E+00 1.23E+00 4.47E-01 1.83E-04 6.81E-01 2.47E-03 1.15E-01 0.00E+00 0.00E+00 4.354E+00
1.610E-05 4.51E-01 3.12E-01 1.19E+00 1.18E+00 3.77E-01 1.87E-04 9.27E-01 3.04E-03 1.01E-01 0.00E+00 0.00E+00 4.538E+00
1.560E-05 4.52E-01 3.14E-01 1.23E+00 1.15E+00 3.31E-01 2.10E-04 1.21E+00 3.64E-03 9.18E-02 0.00E+00 0.00E+00 4.783E+00
1.520E-05 4.54E-01 3.15E-01 1.26E+00 1.12E+00 3.00E-01 2.45E-04 1.51E+00 4.19E-03 8.66E-02 0.00E+00 0.00E+00 5.061E+00
1.470E-05 4.55E-01 3.17E-01 1.29E+00 1.10E+00 2.67E-01 3.09E-04 1.95E+00 4.96E-03 8.24E-02 0.00E+00 0.00E+00 5.464E+00
1.430E-05 4.55E-01 3.18E-01 1.30E+00 1.08E+00 2.50E-01 3.86E-04 2.32E+00 5.55E-03 8.08E-02 0.00E+00 0.00E+00 5.821E+00
1.390E-05 4.55E-01 3.18E-01 1.31E+00 1.07E+00 2.43E-01 4.91E-04 2.61E+00 6.14E-03 8.08E-02 0.00E+00 0.00E+00 6.100E+00
1.350E-05 4.55E-01 3.19E-01 1.32E+00 1.06E+00 2.43E-01 6.29E-04 2.89E+00 6.88E-03 8.26E-02 0.00E+00 0.00E+00 6.368E+00
1.320E-05 4.54E-01 3.19E-01 1.32E+00 1.04E+00 2.47E-01 7.65E-04 3.10E+00 7.54E-03 8.53E-02 0.00E+00 0.00E+00 6.582E+00
1.280E-05 4.54E-01 3.20E-01 1.32E+00 1.03E+00 2.63E-01 1.00E-03 3.41E+00 8.58E-03 9.12E-02 0.00E+00 0.00E+00 6.905E+00
1.250E-05 4.53E-01 3.21E-01 1.32E+00 1.03E+00 2.86E-01 1.24E-03 3.67E+00 9.51E-03 9.76E-02 0.00E+00 0.00E+00 7.184E+00
1.220E-05 4.52E-01 3.21E-01 1.32E+00 1.03E+00 3.19E-01 1.53E-03 3.95E+00 1.06E-02 1.06E-01 0.00E+00 0.00E+00 7.507E+00
1.190E-05 4.51E-01 3.21E-01 1.32E+00 1.04E+00 3.63E-01 1.90E-03 4.26E+00 1.19E-02 1.18E-01 0.00E+00 0.00E+00 7.892E+00
1.160E-05 4.50E-01 3.21E-01 1.33E+00 1.05E+00 4.14E-01 2.37E-03 4.61E+00 1.34E-02 1.34E-01 0.00E+00 0.00E+00 8.323E+00
1.140E-05 4.48E-01 3.21E-01 1.33E+00 1.05E+00 4.56E-01 2.78E-03 4.87E+00 1.46E-02 1.47E-01 0.00E+00 0.00E+00 8.643E+00
1.110E-05 4.46E-01 3.21E-01 1.34E+00 1.06E+00 5.22E-01 3.64E-03 5.30E+00 1.66E-02 1.73E-01 0.00E+00 0.00E+00 9.174E+00
1.080E-05 4.43E-01 3.20E-01 1.34E+00 1.06E+00 7.04E-01 4.85E-03 5.82E+00 1.92E-02 2.08E-01 0.00E+00 0.00E+00 9.915E+00
1.050E-05 4.40E-01 3.19E-01 1.34E+00 1.06E+00 9.39E-01 6.29E-03 6.45E+00 2.24E-02 2.55E-01 0.00E+00 0.00E+00 1.084E+01
1.030E-05 4.37E-01 3.19E-01 1.35E+00 1.07E+00 1.12E+00 7.20E-03 7.06E+00 2.50E-02 2.96E-01 0.00E+00 0.00E+00 1.167E+01
1.000E-05 4.33E-01 3.18E-01 1.35E+00 1.07E+00 1.37E+00 8.79E-03 7.92E+00 2.86E-02 3.73E-01 0.00E+00 0.00E+00 1.287E+01
9.750E-06 4.30E-01 3.17E-01 1.35E+00 1.07E+00 1.67E+00 1.09E-02 8.61E+00 3.19E-02 4.51E-01 0.00E+00 0.00E+00 1.394E+01
9.500E-06 4.26E-01 3.15E-01 1.35E+00 1.08E+00 2.01E+00 1.29E-02 9.35E+00 3.54E-02 5.30E-01 0.00E+00 0.00E+00 1.510E+01
9.250E-06 4.22E-01 3.14E-01 1.35E+00 1.08E+00 2.27E+00 1.44E-02 1.01E+01 3.90E-02 5.89E-01 0.00E+00 0.00E+00 1.618E+01
9.080E-06 4.19E-01 3.13E-01 1.34E+00 1.08E+00 2.43E+00 1.55E-02 1.05E+01 4.08E-02 6.02E-01 0.00E+00 0.00E+00 1.677E+01
