 # Optical depth (Siebenmorgen 2023, A&A 670A,115; SC 2023 doi: 10.48550/arXiv.2311.03310)
 # wel(cm) sa_aC    ss_aC    sa_Si    ss_Si    sa_vgr   ss_vgr   sa_vsi   ss_vsi   s_pahS+B sa_Dark  ss_Dark sigt 
 # ------------------------------------------------------------------------------------------------------------- 
1.000E+00 1.76E-07 2.73E-16 5.12E-07 8.03E-17 1.37E-08 1.30E-22 1.87E-07 3.17E-22 2.45E-12 4.98E-06 1.25E-12 5.873E-06
9.000E-01 2.06E-07 4.15E-16 6.04E-07 1.22E-16 1.75E-08 1.99E-22 2.23E-07 4.83E-22 3.03E-12 5.81E-06 1.91E-12 6.856E-06
8.000E-01 2.46E-07 6.65E-16 7.28E-07 1.96E-16 2.29E-08 3.18E-22 2.71E-07 7.74E-22 3.83E-12 6.89E-06 3.05E-12 8.158E-06
7.000E-01 3.02E-07 1.13E-15 9.00E-07 3.34E-16 3.07E-08 5.43E-22 3.34E-07 1.32E-21 5.01E-12 8.37E-06 5.20E-12 9.931E-06
6.000E-01 3.82E-07 2.10E-15 1.15E-06 6.19E-16 4.26E-08 1.01E-21 4.29E-07 2.45E-21 6.82E-12 1.05E-05 9.61E-12 1.249E-05
5.500E-01 4.37E-07 2.97E-15 1.32E-06 8.77E-16 5.09E-08 1.42E-21 4.95E-07 3.46E-21 8.11E-12 1.19E-05 1.36E-11 1.422E-05
5.000E-01 5.06E-07 4.35E-15 1.54E-06 1.28E-15 6.18E-08 2.08E-21 5.73E-07 5.07E-21 9.82E-12 1.37E-05 1.99E-11 1.639E-05
4.500E-01 5.96E-07 6.63E-15 1.82E-06 1.96E-15 7.60E-08 3.18E-21 6.83E-07 7.72E-21 1.21E-11 1.60E-05 3.03E-11 1.921E-05
4.000E-01 7.16E-07 1.06E-14 2.20E-06 3.14E-15 9.53E-08 5.09E-21 8.21E-07 1.24E-20 1.53E-11 1.91E-05 4.85E-11 2.293E-05
3.500E-01 8.84E-07 1.81E-14 2.73E-06 5.35E-15 1.22E-07 8.68E-21 1.03E-06 2.11E-20 2.00E-11 2.33E-05 8.26E-11 2.810E-05
3.000E-01 1.13E-06 3.35E-14 3.50E-06 9.91E-15 1.61E-07 1.61E-20 1.30E-06 3.91E-20 2.73E-11 2.94E-05 1.53E-10 3.551E-05
2.500E-01 1.51E-06 6.95E-14 4.70E-06 2.06E-14 2.19E-07 3.33E-20 1.75E-06 8.09E-20 3.93E-11 3.88E-05 3.16E-10 4.699E-05
2.098E-01 2.01E-06 1.40E-13 6.25E-06 4.15E-14 2.92E-07 6.72E-20 2.33E-06 1.63E-19 5.58E-11 5.08E-05 6.36E-10 6.164E-05
1.500E-01 3.50E-06 5.36E-13 1.08E-05 1.59E-13 5.57E-07 2.57E-19 3.99E-06 6.23E-19 1.09E-10 8.55E-05 2.42E-09 1.043E-04
1.382E-01 4.01E-06 7.43E-13 1.24E-05 2.20E-13 6.56E-07 3.57E-19 4.58E-06 8.65E-19 1.28E-10 9.73E-05 3.36E-09 1.189E-04
1.320E-01 4.33E-06 8.93E-13 1.33E-05 2.64E-13 7.18E-07 4.29E-19 4.92E-06 1.04E-18 1.41E-10 1.05E-04 4.03E-09 1.279E-04
1.150E-01 5.47E-06 1.55E-12 1.67E-05 4.59E-13 9.41E-07 7.45E-19 6.15E-06 1.80E-18 1.86E-10 1.30E-04 6.98E-09 1.595E-04
1.000E-01 6.96E-06 2.71E-12 2.10E-05 8.03E-13 1.24E-06 1.30E-18 7.68E-06 3.15E-18 2.45E-10 1.63E-04 1.22E-08 2.000E-04
9.970E-02 7.00E-06 2.74E-12 2.12E-05 8.13E-13 1.24E-06 1.32E-18 7.72E-06 3.19E-18 2.47E-10 1.64E-04 1.23E-08 2.010E-04
8.670E-02 8.82E-06 4.79E-12 2.67E-05 1.42E-12 1.64E-06 2.30E-18 9.69E-06 5.57E-18 3.27E-10 2.04E-04 2.15E-08 2.507E-04
8.500E-02 9.13E-06 5.19E-12 2.76E-05 1.54E-12 1.71E-06 2.49E-18 1.00E-05 6.03E-18 3.40E-10 2.11E-04 2.33E-08 2.594E-04
7.500E-02 1.16E-05 8.56E-12 3.39E-05 2.54E-12 2.17E-06 4.11E-18 1.22E-05 9.95E-18 4.36E-10 2.64E-04 3.84E-08 3.235E-04
6.000E-02 1.71E-05 2.09E-11 4.89E-05 6.23E-12 3.34E-06 1.00E-17 1.77E-05 2.43E-17 6.82E-10 3.75E-04 9.32E-08 4.624E-04
5.500E-02 1.98E-05 2.96E-11 5.48E-05 8.87E-12 3.94E-06 1.42E-17 2.07E-05 3.44E-17 8.12E-10 4.33E-04 1.32E-07 5.327E-04
5.000E-02 2.35E-05 4.34E-11 6.79E-05 1.31E-11 4.69E-06 2.08E-17 2.46E-05 5.04E-17 9.82E-10 5.14E-04 1.93E-07 6.349E-04
4.500E-02 2.90E-05 6.62E-11 8.99E-05 2.01E-11 5.73E-06 3.17E-17 3.01E-05 7.69E-17 1.21E-09 6.28E-04 2.94E-07 7.830E-04
4.000E-02 3.72E-05 1.06E-10 1.20E-04 3.25E-11 7.14E-06 5.08E-17 3.80E-05 1.23E-16 1.54E-09 7.90E-04 4.70E-07 9.931E-04
3.500E-02 4.67E-05 1.81E-10 1.83E-04 5.59E-11 9.16E-06 8.67E-17 5.03E-05 2.11E-16 2.01E-09 9.75E-04 8.01E-07 1.265E-03
3.000E-02 6.59E-05 3.37E-10 2.85E-04 1.04E-10 1.22E-05 1.61E-16 7.06E-05 3.91E-16 2.73E-09 1.34E-03 1.48E-06 1.775E-03
2.750E-02 7.87E-05 4.77E-10 3.59E-04 1.47E-10 1.44E-05 2.28E-16 8.62E-05 5.54E-16 3.25E-09 1.57E-03 2.09E-06 2.107E-03
2.500E-02 9.47E-05 7.01E-10 4.56E-04 2.16E-10 1.72E-05 3.33E-16 1.08E-04 8.12E-16 3.94E-09 1.88E-03 3.06E-06 2.557E-03
2.400E-02 1.04E-04 8.26E-10 5.05E-04 2.54E-10 1.86E-05 3.92E-16 1.18E-04 9.56E-16 4.27E-09 2.02E-03 3.59E-06 2.770E-03
2.000E-02 1.52E-04 1.72E-09 7.87E-04 5.17E-10 2.63E-05 8.15E-16 1.71E-04 1.98E-15 6.16E-09 2.85E-03 7.42E-06 3.993E-03
1.800E-02 1.89E-04 2.65E-09 9.76E-04 7.76E-10 3.23E-05 1.24E-15 2.12E-04 3.02E-15 7.62E-09 3.50E-03 1.13E-05 4.925E-03
1.600E-02 2.52E-04 4.27E-09 1.21E-03 1.22E-09 4.09E-05 2.00E-15 2.71E-04 4.84E-15 9.65E-09 4.42E-03 1.80E-05 6.220E-03
1.500E-02 3.00E-04 5.55E-09 1.36E-03 1.56E-09 4.66E-05 2.59E-15 3.07E-04 6.27E-15 1.10E-08 5.03E-03 2.32E-05 7.068E-03
1.400E-02 3.41E-04 7.33E-09 1.53E-03 2.03E-09 5.38E-05 3.41E-15 3.55E-04 8.26E-15 1.26E-08 5.61E-03 3.05E-05 7.922E-03
1.200E-02 5.21E-04 1.37E-08 1.95E-03 3.63E-09 7.49E-05 6.35E-15 4.86E-04 1.53E-14 1.73E-08 7.60E-03 5.57E-05 1.069E-02
1.000E-02 7.90E-04 2.88E-08 2.57E-03 7.18E-09 1.13E-04 1.33E-14 7.10E-04 3.18E-14 2.50E-08 1.05E-02 1.14E-04 1.479E-02
9.000E-03 1.05E-03 4.45E-08 2.93E-03 1.07E-08 1.46E-04 2.03E-14 8.86E-04 4.86E-14 3.10E-08 1.29E-02 1.73E-04 1.805E-02
8.000E-03 1.40E-03 7.01E-08 3.40E-03 1.68E-08 1.95E-04 3.28E-14 1.14E-03 7.78E-14 3.95E-08 1.54E-02 2.71E-04 2.182E-02
7.500E-03 1.63E-03 9.18E-08 3.77E-03 2.17E-08 2.30E-04 4.27E-14 1.30E-03 1.01E-13 4.51E-08 1.75E-02 3.51E-04 2.482E-02
7.000E-03 1.97E-03 1.20E-07 4.22E-03 2.84E-08 2.76E-04 5.66E-14 1.51E-03 1.33E-13 5.21E-08 1.98E-02 4.57E-04 2.827E-02
6.000E-03 2.83E-03 2.18E-07 5.42E-03 5.19E-08 4.25E-04 1.07E-13 2.10E-03 2.46E-13 7.20E-08 2.60E-02 8.31E-04 3.761E-02
5.000E-03 4.04E-03 4.27E-07 7.70E-03 1.06E-07 7.44E-04 2.26E-13 3.10E-03 5.08E-13 1.07E-07 3.54E-02 1.68E-03 5.269E-02
4.500E-03 4.97E-03 6.20E-07 9.41E-03 1.58E-07 1.05E-03 3.49E-13 3.87E-03 7.70E-13 1.35E-07 4.27E-02 2.51E-03 6.448E-02
4.000E-03 5.92E-03 9.22E-07 1.17E-02 2.36E-07 1.54E-03 5.56E-13 4.94E-03 1.22E-12 1.76E-07 5.19E-02 3.92E-03 7.994E-02
3.500E-03 7.15E-03 1.46E-06 1.45E-02 3.73E-07 2.14E-03 8.89E-13 6.44E-03 2.05E-12 2.44E-07 6.51E-02 6.47E-03 1.018E-01
3.000E-03 8.83E-03 2.41E-06 1.78E-02 5.99E-07 2.26E-03 1.39E-12 8.81E-03 3.75E-12 3.77E-07 8.45E-02 1.12E-02 1.334E-01
2.750E-03 9.69E-03 3.16E-06 1.95E-02 7.72E-07 1.95E-03 1.79E-12 1.06E-02 5.23E-12 5.15E-07 9.67E-02 1.49E-02 1.534E-01
2.500E-03 1.05E-02 4.22E-06 2.14E-02 1.01E-06 1.53E-03 2.47E-12 1.30E-02 7.54E-12 8.76E-07 1.11E-01 2.00E-02 1.772E-01
2.400E-03 1.08E-02 4.82E-06 2.21E-02 1.13E-06 1.38E-03 2.86E-12 1.42E-02 8.75E-12 1.24E-06 1.17E-01 2.23E-02 1.879E-01
2.350E-03 1.11E-02 5.15E-06 2.25E-02 1.20E-06 1.30E-03 3.10E-12 1.48E-02 9.45E-12 1.48E-06 1.20E-01 2.36E-02 1.938E-01
2.320E-03 1.12E-02 5.36E-06 2.28E-02 1.25E-06 1.26E-03 3.25E-12 1.52E-02 9.89E-12 1.60E-06 1.22E-01 2.44E-02 1.972E-01
2.310E-03 1.13E-02 5.43E-06 2.29E-02 1.26E-06 1.24E-03 3.31E-12 1.54E-02 1.00E-11 1.63E-06 1.23E-01 2.46E-02 1.984E-01
2.300E-03 1.13E-02 5.50E-06 2.30E-02 1.28E-06 1.23E-03 3.36E-12 1.55E-02 1.02E-11 1.65E-06 1.24E-01 2.49E-02 1.995E-01
2.250E-03 1.15E-02 5.88E-06 2.35E-02 1.36E-06 1.16E-03 3.66E-12 1.63E-02 1.11E-11 1.72E-06 1.27E-01 2.63E-02 2.057E-01
2.200E-03 1.17E-02 6.30E-06 2.41E-02 1.45E-06 1.10E-03 4.00E-12 1.72E-02 1.20E-11 1.80E-06 1.30E-01 2.76E-02 2.120E-01
2.150E-03 1.19E-02 6.77E-06 2.47E-02 1.54E-06 1.04E-03 4.38E-12 1.80E-02 1.30E-11 1.98E-06 1.34E-01 2.90E-02 2.182E-01
2.120E-03 1.21E-02 7.07E-06 2.51E-02 1.60E-06 1.01E-03 4.64E-12 1.86E-02 1.36E-11 2.06E-06 1.36E-01 2.98E-02 2.221E-01
2.110E-03 1.21E-02 7.16E-06 2.52E-02 1.61E-06 1.00E-03 4.73E-12 1.88E-02 1.38E-11 2.07E-06 1.36E-01 3.00E-02 2.233E-01
2.100E-03 1.21E-02 7.26E-06 2.53E-02 1.63E-06 9.91E-04 4.82E-12 1.90E-02 1.41E-11 2.08E-06 1.37E-01 3.02E-02 2.245E-01
2.080E-03 1.22E-02 7.45E-06 2.55E-02 1.66E-06 9.72E-04 5.01E-12 1.94E-02 1.45E-11 2.06E-06 1.38E-01 3.07E-02 2.267E-01
2.000E-03 1.24E-02 8.41E-06 2.63E-02 1.80E-06 9.01E-04 5.86E-12 2.13E-02 1.65E-11 1.95E-06 1.43E-01 3.28E-02 2.364E-01
1.950E-03 1.26E-02 9.12E-06 2.67E-02 1.86E-06 8.63E-04 6.50E-12 2.25E-02 1.74E-11 2.10E-06 1.45E-01 3.36E-02 2.410E-01
1.900E-03 1.28E-02 9.96E-06 2.68E-02 1.91E-06 8.28E-04 7.22E-12 2.35E-02 1.82E-11 2.55E-06 1.46E-01 3.42E-02 2.444E-01
1.850E-03 1.31E-02 1.09E-05 2.66E-02 1.94E-06 7.97E-04 8.05E-12 2.40E-02 1.87E-11 3.31E-06 1.46E-01 3.46E-02 2.454E-01
1.830E-03 1.32E-02 1.13E-05 2.65E-02 1.94E-06 7.86E-04 8.41E-12 2.41E-02 1.88E-11 3.58E-06 1.46E-01 3.46E-02 2.452E-01
1.820E-03 1.33E-02 1.15E-05 2.64E-02 1.93E-06 7.81E-04 8.60E-12 2.41E-02 1.89E-11 3.67E-06 1.46E-01 3.47E-02 2.449E-01
1.810E-03 1.33E-02 1.17E-05 2.62E-02 1.93E-06 7.76E-04 8.80E-12 2.40E-02 1.89E-11 3.73E-06 1.45E-01 3.48E-02 2.445E-01
1.800E-03 1.34E-02 1.19E-05 2.61E-02 1.93E-06 7.71E-04 9.00E-12 2.40E-02 1.90E-11 3.75E-06 1.45E-01 3.49E-02 2.441E-01
1.750E-03 1.37E-02 1.30E-05 2.50E-02 1.88E-06 7.48E-04 1.01E-11 2.34E-02 1.90E-11 3.83E-06 1.43E-01 3.53E-02 2.410E-01
1.700E-03 1.39E-02 1.42E-05 2.31E-02 1.80E-06 7.30E-04 1.14E-11 2.22E-02 1.92E-11 4.71E-06 1.40E-01 3.61E-02 2.360E-01
1.670E-03 1.41E-02 1.52E-05 2.17E-02 1.75E-06 7.22E-04 1.22E-11 2.14E-02 1.94E-11 5.56E-06 1.38E-01 3.69E-02 2.332E-01
1.650E-03 1.43E-02 1.58E-05 2.06E-02 1.72E-06 7.17E-04 1.28E-11 2.07E-02 1.96E-11 5.87E-06 1.37E-01 3.75E-02 2.313E-01
1.640E-03 1.43E-02 1.61E-05 2.00E-02 1.71E-06 7.15E-04 1.32E-11 2.04E-02 1.98E-11 5.86E-06 1.37E-01 3.78E-02 2.302E-01
1.630E-03 1.44E-02 1.65E-05 1.93E-02 1.70E-06 7.12E-04 1.35E-11 2.01E-02 1.99E-11 5.74E-06 1.36E-01 3.82E-02 2.290E-01
1.610E-03 1.46E-02 1.71E-05 1.80E-02 1.70E-06 7.09E-04 1.42E-11 1.94E-02 2.04E-11 5.35E-06 1.35E-01 3.91E-02 2.271E-01
1.600E-03 1.46E-02 1.75E-05 1.73E-02 1.70E-06 7.07E-04 1.46E-11 1.90E-02 2.07E-11 5.17E-06 1.35E-01 3.96E-02 2.261E-01
1.590E-03 1.47E-02 1.78E-05 1.66E-02 1.72E-06 7.06E-04 1.49E-11 1.87E-02 2.10E-11 5.04E-06 1.34E-01 4.01E-02 2.252E-01
1.580E-03 1.48E-02 1.82E-05 1.59E-02 1.74E-06 7.05E-04 1.53E-11 1.84E-02 2.14E-11 4.95E-06 1.34E-01 4.06E-02 2.244E-01
1.570E-03 1.48E-02 1.85E-05 1.51E-02 1.77E-06 7.04E-04 1.57E-11 1.80E-02 2.18E-11 4.87E-06 1.34E-01 4.12E-02 2.236E-01
1.560E-03 1.49E-02 1.90E-05 1.45E-02 1.82E-06 7.03E-04 1.61E-11 1.77E-02 2.22E-11 4.76E-06 1.33E-01 4.19E-02 2.231E-01
1.540E-03 1.52E-02 1.98E-05 1.33E-02 1.95E-06 7.01E-04 1.70E-11 1.70E-02 2.32E-11 4.64E-06 1.33E-01 4.33E-02 2.224E-01
1.520E-03 1.53E-02 2.05E-05 1.23E-02 2.14E-06 7.01E-04 1.79E-11 1.64E-02 2.45E-11 4.90E-06 1.32E-01 4.49E-02 2.220E-01
1.510E-03 1.53E-02 2.09E-05 1.20E-02 2.25E-06 7.01E-04 1.84E-11 1.61E-02 2.52E-11 5.06E-06 1.32E-01 4.58E-02 2.220E-01
1.500E-03 1.54E-02 2.13E-05 1.17E-02 2.37E-06 7.01E-04 1.89E-11 1.58E-02 2.60E-11 5.10E-06 1.32E-01 4.67E-02 2.223E-01
1.450E-03 1.56E-02 2.38E-05 1.12E-02 3.08E-06 7.05E-04 2.17E-11 1.46E-02 3.15E-11 6.50E-06 1.33E-01 5.31E-02 2.279E-01
1.440E-03 1.57E-02 2.43E-05 1.12E-02 3.24E-06 7.06E-04 2.24E-11 1.44E-02 3.29E-11 7.21E-06 1.33E-01 5.45E-02 2.297E-01
1.430E-03 1.58E-02 2.49E-05 1.12E-02 3.39E-06 7.08E-04 2.30E-11 1.43E-02 3.46E-11 7.82E-06 1.34E-01 5.62E-02 2.324E-01
1.420E-03 1.59E-02 2.55E-05 1.11E-02 3.55E-06 7.10E-04 2.37E-11 1.42E-02 3.64E-11 8.13E-06 1.35E-01 5.79E-02 2.351E-01
1.400E-03 1.60E-02 2.67E-05 1.12E-02 3.89E-06 7.14E-04 2.51E-11 1.44E-02 4.05E-11 8.90E-06 1.38E-01 6.16E-02 2.417E-01
1.380E-03 1.62E-02 2.80E-05 1.12E-02 4.27E-06 7.18E-04 2.66E-11 1.48E-02 4.53E-11 1.13E-05 1.41E-01 6.53E-02 2.494E-01
1.370E-03 1.63E-02 2.87E-05 1.12E-02 4.46E-06 7.21E-04 2.74E-11 1.52E-02 4.78E-11 1.35E-05 1.43E-01 6.70E-02 2.537E-01
1.360E-03 1.64E-02 2.94E-05 1.12E-02 4.68E-06 7.24E-04 2.82E-11 1.56E-02 5.05E-11 1.57E-05 1.46E-01 6.87E-02 2.582E-01
1.350E-03 1.65E-02 3.01E-05 1.12E-02 4.90E-06 7.28E-04 2.91E-11 1.61E-02 5.34E-11 1.68E-05 1.48E-01 7.04E-02 2.627E-01
1.340E-03 1.66E-02 3.09E-05 1.13E-02 5.14E-06 7.31E-04 3.00E-11 1.66E-02 5.61E-11 1.82E-05 1.50E-01 7.17E-02 2.670E-01
1.330E-03 1.67E-02 3.16E-05 1.13E-02 5.39E-06 7.35E-04 3.09E-11 1.72E-02 5.90E-11 2.11E-05 1.52E-01 7.30E-02 2.712E-01
1.320E-03 1.68E-02 3.24E-05 1.14E-02 5.66E-06 7.39E-04 3.18E-11 1.78E-02 6.20E-11 2.62E-05 1.54E-01 7.43E-02 2.754E-01
1.310E-03 1.69E-02 3.31E-05 1.15E-02 5.95E-06 7.43E-04 3.28E-11 1.84E-02 6.51E-11 3.44E-05 1.56E-01 7.55E-02 2.795E-01
1.290E-03 1.70E-02 3.46E-05 1.18E-02 6.58E-06 7.52E-04 3.49E-11 1.98E-02 7.18E-11 7.11E-05 1.60E-01 7.78E-02 2.876E-01
1.280E-03 1.70E-02 3.54E-05 1.20E-02 6.91E-06 7.57E-04 3.61E-11 2.06E-02 7.54E-11 1.04E-04 1.62E-01 7.88E-02 2.918E-01
1.270E-03 1.71E-02 3.64E-05 1.20E-02 7.28E-06 7.61E-04 3.72E-11 2.15E-02 7.91E-11 1.26E-04 1.65E-01 7.98E-02 2.960E-01
1.260E-03 1.72E-02 3.73E-05 1.22E-02 7.71E-06 7.67E-04 3.84E-11 2.23E-02 8.29E-11 1.09E-04 1.67E-01 8.07E-02 3.000E-01
1.250E-03 1.72E-02 3.82E-05 1.24E-02 8.18E-06 7.72E-04 3.97E-11 2.32E-02 8.67E-11 8.03E-05 1.69E-01 8.14E-02 3.039E-01
1.220E-03 1.76E-02 4.17E-05 1.41E-02 1.01E-05 7.88E-04 4.38E-11 2.61E-02 9.93E-11 6.26E-05 1.75E-01 8.35E-02 3.169E-01
1.210E-03 1.77E-02 4.27E-05 1.54E-02 1.09E-05 7.94E-04 4.53E-11 2.72E-02 1.04E-10 7.21E-05 1.77E-01 8.40E-02 3.217E-01
1.200E-03 1.77E-02 4.39E-05 1.70E-02 1.16E-05 8.00E-04 4.68E-11 2.84E-02 1.09E-10 7.97E-05 1.78E-01 8.44E-02 3.269E-01
1.190E-03 1.79E-02 4.53E-05 1.88E-02 1.23E-05 8.06E-04 4.85E-11 2.96E-02 1.14E-10 7.97E-05 1.80E-01 8.48E-02 3.324E-01
1.180E-03 1.80E-02 4.65E-05 2.06E-02 1.29E-05 8.12E-04 5.02E-11 3.09E-02 1.19E-10 7.92E-05 1.82E-01 8.48E-02 3.373E-01
1.170E-03 1.81E-02 4.77E-05 2.22E-02 1.34E-05 8.18E-04 5.20E-11 3.22E-02 1.24E-10 8.80E-05 1.84E-01 8.49E-02 3.421E-01
1.160E-03 1.83E-02 4.90E-05 2.37E-02 1.38E-05 8.30E-04 5.42E-11 3.34E-02 1.29E-10 1.14E-04 1.85E-01 8.50E-02 3.464E-01
1.150E-03 1.84E-02 5.02E-05 2.50E-02 1.41E-05 1.16E-03 5.35E-11 3.46E-02 1.34E-10 1.66E-04 1.86E-01 8.50E-02 3.507E-01
1.140E-03 1.84E-02 5.15E-05 2.61E-02 1.44E-05 8.65E-04 5.71E-11 3.60E-02 1.40E-10 2.50E-04 1.88E-01 8.51E-02 3.545E-01
1.130E-03 1.85E-02 5.29E-05 2.71E-02 1.48E-05 8.63E-04 5.93E-11 3.75E-02 1.46E-10 3.05E-04 1.89E-01 8.52E-02 3.586E-01
1.120E-03 1.85E-02 5.44E-05 2.80E-02 1.51E-05 8.69E-04 6.16E-11 3.90E-02 1.53E-10 2.45E-04 1.90E-01 8.52E-02 3.624E-01
1.110E-03 1.86E-02 5.60E-05 2.89E-02 1.55E-05 8.76E-04 6.39E-11 4.07E-02 1.59E-10 1.56E-04 1.92E-01 8.50E-02 3.661E-01
1.090E-03 1.87E-02 5.94E-05 3.07E-02 1.62E-05 8.94E-04 6.88E-11 4.42E-02 1.73E-10 6.45E-05 1.94E-01 8.47E-02 3.734E-01
1.050E-03 1.91E-02 6.77E-05 3.38E-02 1.74E-05 9.36E-04 8.00E-11 5.34E-02 2.06E-10 2.11E-05 1.98E-01 8.25E-02 3.884E-01
1.000E-03 1.99E-02 7.99E-05 3.70E-02 1.84E-05 9.98E-04 9.73E-11 6.18E-02 2.20E-10 1.04E-05 1.97E-01 7.61E-02 3.924E-01
9.800E-04 2.02E-02 8.57E-05 3.77E-02 1.84E-05 1.03E-03 1.06E-10 6.48E-02 2.27E-10 8.95E-06 1.96E-01 7.38E-02 3.932E-01
9.600E-04 2.05E-02 9.19E-05 3.75E-02 1.79E-05 1.06E-03 1.15E-10 6.78E-02 2.28E-10 8.23E-06 1.93E-01 7.05E-02 3.908E-01
9.500E-04 2.08E-02 9.51E-05 3.71E-02 1.76E-05 1.07E-03 1.20E-10 6.85E-02 2.23E-10 8.09E-06 1.91E-01 6.81E-02 3.871E-01
9.400E-04 2.09E-02 9.81E-05 3.64E-02 1.72E-05 1.09E-03 1.25E-10 6.83E-02 2.14E-10 8.10E-06 1.89E-01 6.54E-02 3.807E-01
9.200E-04 2.12E-02 1.05E-04 3.46E-02 1.65E-05 1.12E-03 1.36E-10 6.36E-02 1.78E-10 8.66E-06 1.80E-01 5.93E-02 3.603E-01
8.900E-04 2.17E-02 1.17E-04 3.07E-02 1.55E-05 1.18E-03 1.55E-10 5.03E-02 1.14E-10 1.28E-05 1.65E-01 5.22E-02 3.212E-01
8.700E-04 2.19E-02 1.25E-04 2.78E-02 1.52E-05 1.22E-03 1.70E-10 4.19E-02 8.47E-11 2.93E-05 1.56E-01 5.01E-02 2.988E-01
8.600E-04 2.21E-02 1.30E-04 2.63E-02 1.52E-05 1.25E-03 1.78E-10 3.84E-02 7.47E-11 4.45E-05 1.52E-01 4.99E-02 2.905E-01
8.500E-04 2.22E-02 1.35E-04 2.49E-02 1.51E-05 1.27E-03 1.87E-10 3.54E-02 6.66E-11 3.16E-05 1.49E-01 4.97E-02 2.824E-01
8.400E-04 2.25E-02 1.41E-04 2.32E-02 1.51E-05 1.29E-03 1.96E-10 3.23E-02 5.83E-11 2.25E-05 1.45E-01 4.95E-02 2.741E-01
8.200E-04 2.27E-02 1.50E-04 1.93E-02 1.55E-05 1.34E-03 2.15E-10 2.49E-02 4.18E-11 2.29E-05 1.36E-01 4.96E-02 2.537E-01
8.000E-04 2.30E-02 1.63E-04 1.56E-02 1.72E-05 1.40E-03 2.38E-10 1.71E-02 3.23E-11 3.37E-05 1.26E-01 5.30E-02 2.359E-01
7.900E-04 2.33E-02 1.70E-04 1.42E-02 1.85E-05 1.43E-03 2.50E-10 1.43E-02 3.48E-11 4.22E-05 1.23E-01 5.69E-02 2.332E-01
7.800E-04 2.34E-02 1.76E-04 1.30E-02 2.00E-05 1.45E-03 2.63E-10 1.17E-02 3.93E-11 5.06E-05 1.20E-01 6.12E-02 2.307E-01
7.700E-04 2.34E-02 1.83E-04 1.20E-02 2.16E-05 1.48E-03 2.77E-10 9.59E-03 4.69E-11 5.44E-05 1.18E-01 6.63E-02 2.306E-01
7.600E-04 2.35E-02 1.90E-04 1.11E-02 2.34E-05 1.51E-03 2.92E-10 8.15E-03 5.72E-11 5.05E-05 1.16E-01 7.19E-02 2.329E-01
7.500E-04 2.36E-02 1.98E-04 1.03E-02 2.54E-05 1.55E-03 3.07E-10 6.84E-03 6.95E-11 4.16E-05 1.16E-01 7.79E-02 2.360E-01
7.300E-04 2.39E-02 2.17E-04 9.16E-03 3.01E-05 1.61E-03 3.42E-10 5.73E-03 9.92E-11 2.55E-05 1.17E-01 8.98E-02 2.473E-01
7.200E-04 2.40E-02 2.26E-04 8.79E-03 3.27E-05 1.65E-03 3.62E-10 5.54E-03 1.15E-10 2.10E-05 1.18E-01 9.49E-02 2.527E-01
7.100E-04 2.40E-02 2.36E-04 8.55E-03 3.54E-05 1.69E-03 3.82E-10 5.38E-03 1.32E-10 2.06E-05 1.18E-01 1.00E-01 2.589E-01
7.000E-04 2.43E-02 2.48E-04 8.32E-03 3.81E-05 1.72E-03 4.05E-10 5.32E-03 1.49E-10 2.89E-05 1.20E-01 1.05E-01 2.651E-01
6.900E-04 2.44E-02 2.57E-04 8.00E-03 4.10E-05 1.76E-03 4.28E-10 5.29E-03 1.68E-10 1.65E-05 1.21E-01 1.10E-01 2.701E-01
6.800E-04 2.40E-02 2.67E-04 7.57E-03 4.41E-05 1.81E-03 4.54E-10 5.29E-03 1.87E-10 1.25E-05 1.21E-01 1.15E-01 2.746E-01
6.600E-04 2.42E-02 3.01E-04 6.82E-03 5.13E-05 1.90E-03 5.11E-10 5.29E-03 2.30E-10 1.18E-05 1.23E-01 1.26E-01 2.874E-01
6.400E-04 2.49E-02 3.41E-04 5.91E-03 5.98E-05 1.99E-03 5.78E-10 5.28E-03 2.79E-10 1.86E-05 1.26E-01 1.35E-01 2.998E-01
6.300E-04 2.55E-02 3.59E-04 5.52E-03 6.49E-05 2.01E-03 6.16E-10 5.26E-03 3.06E-10 2.98E-05 1.28E-01 1.38E-01 3.050E-01
6.200E-04 2.56E-02 3.76E-04 5.42E-03 7.06E-05 2.10E-03 6.55E-10 5.24E-03 3.36E-10 4.10E-05 1.29E-01 1.43E-01 3.101E-01
6.100E-04 2.59E-02 3.98E-04 5.40E-03 7.60E-05 2.16E-03 6.99E-10 5.20E-03 3.67E-10 2.92E-05 1.30E-01 1.47E-01 3.158E-01
5.900E-04 2.70E-02 4.48E-04 4.43E-03 8.85E-05 2.28E-03 7.98E-10 5.13E-03 4.40E-10 1.22E-05 1.33E-01 1.54E-01 3.265E-01
5.500E-04 2.61E-02 5.38E-04 3.28E-03 1.25E-04 2.55E-03 1.05E-09 5.05E-03 6.30E-10 9.69E-06 1.32E-01 1.75E-01 3.447E-01
5.300E-04 2.64E-02 6.20E-04 2.93E-03 1.48E-04 2.71E-03 1.22E-09 5.07E-03 7.55E-10 1.63E-05 1.34E-01 1.86E-01 3.572E-01
5.200E-04 2.65E-02 6.63E-04 2.76E-03 1.62E-04 2.80E-03 1.32E-09 5.08E-03 8.28E-10 2.70E-05 1.34E-01 1.91E-01 3.631E-01
5.100E-04 2.68E-02 7.15E-04 2.58E-03 1.77E-04 2.89E-03 1.42E-09 5.10E-03 9.08E-10 3.81E-05 1.36E-01 1.95E-01 3.693E-01
5.000E-04 2.71E-02 7.68E-04 2.39E-03 1.96E-04 2.98E-03 1.54E-09 5.13E-03 9.96E-10 2.67E-05 1.37E-01 2.00E-01 3.752E-01
4.800E-04 2.76E-02 8.87E-04 2.11E-03 2.36E-04 3.18E-03 1.81E-09 5.21E-03 1.20E-09 1.11E-05 1.39E-01 2.09E-01 3.867E-01
4.500E-04 2.86E-02 1.11E-03 1.77E-03 3.14E-04 3.52E-03 2.33E-09 5.40E-03 1.61E-09 7.58E-06 1.42E-01 2.20E-01 4.026E-01
4.000E-04 3.00E-02 1.70E-03 1.31E-03 5.23E-04 4.24E-03 3.71E-09 5.81E-03 2.69E-09 8.04E-06 1.47E-01 2.37E-01 4.272E-01
3.800E-04 3.08E-02 2.05E-03 1.16E-03 6.51E-04 4.59E-03 4.54E-09 5.99E-03 3.34E-09 9.07E-06 1.49E-01 2.42E-01 4.357E-01
3.600E-04 3.17E-02 2.50E-03 1.02E-03 8.18E-04 5.00E-03 5.62E-09 6.19E-03 4.20E-09 1.14E-05 1.51E-01 2.45E-01 4.433E-01
3.400E-04 3.34E-02 3.06E-03 8.95E-04 1.04E-03 5.47E-03 7.03E-09 6.41E-03 5.34E-09 2.74E-05 1.54E-01 2.46E-01 4.499E-01
3.300E-04 3.35E-02 3.37E-03 8.38E-04 1.18E-03 5.74E-03 7.91E-09 6.52E-03 6.04E-09 7.94E-05 1.54E-01 2.48E-01 4.526E-01
3.200E-04 3.38E-02 3.79E-03 7.80E-04 1.34E-03 6.02E-03 8.93E-09 6.63E-03 6.87E-09 2.78E-05 1.54E-01 2.49E-01 4.554E-01
3.150E-04 3.41E-02 4.02E-03 7.55E-04 1.43E-03 6.17E-03 9.50E-09 6.68E-03 7.33E-09 1.98E-05 1.55E-01 2.49E-01 4.568E-01
3.100E-04 3.46E-02 4.26E-03 7.30E-04 1.53E-03 6.32E-03 1.01E-08 6.74E-03 7.83E-09 1.66E-05 1.55E-01 2.49E-01 4.582E-01
3.080E-04 3.47E-02 4.36E-03 7.20E-04 1.57E-03 6.39E-03 1.04E-08 6.77E-03 8.04E-09 1.59E-05 1.56E-01 2.49E-01 4.588E-01
3.050E-04 3.49E-02 4.52E-03 7.04E-04 1.63E-03 6.49E-03 1.08E-08 6.81E-03 8.37E-09 1.52E-05 1.56E-01 2.49E-01 4.596E-01
3.000E-04 3.51E-02 4.80E-03 6.82E-04 1.75E-03 6.66E-03 1.15E-08 6.88E-03 8.96E-09 1.46E-05 1.56E-01 2.49E-01 4.610E-01
2.900E-04 3.60E-02 5.42E-03 6.35E-04 2.01E-03 7.03E-03 1.31E-08 7.02E-03 1.03E-08 1.44E-05 1.57E-01 2.48E-01 4.637E-01
2.800E-04 3.64E-02 6.13E-03 5.93E-04 2.33E-03 7.42E-03 1.51E-08 7.18E-03 1.19E-08 1.49E-05 1.58E-01 2.49E-01 4.663E-01
2.600E-04 3.78E-02 8.04E-03 5.14E-04 3.15E-03 8.33E-03 2.02E-08 7.53E-03 1.61E-08 1.69E-05 1.59E-01 2.49E-01 4.730E-01
2.500E-04 3.89E-02 9.30E-03 4.78E-04 3.70E-03 8.85E-03 2.35E-08 7.74E-03 1.89E-08 1.83E-05 1.60E-01 2.49E-01 4.774E-01
2.200E-04 4.32E-02 1.47E-02 3.85E-04 6.22E-03 1.08E-02 3.89E-08 8.47E-03 3.18E-08 2.44E-05 1.63E-01 2.49E-01 4.958E-01
2.159E-04 4.37E-02 1.56E-02 3.73E-04 6.71E-03 1.11E-02 4.18E-08 8.59E-03 3.43E-08 2.55E-05 1.63E-01 2.50E-01 4.988E-01
2.000E-04 4.68E-02 2.03E-02 3.36E-04 9.13E-03 1.24E-02 5.64E-08 9.09E-03 4.67E-08 3.09E-05 1.64E-01 2.50E-01 5.130E-01
1.662E-04 5.52E-02 3.60E-02 2.69E-04 1.91E-02 1.65E-02 1.17E-07 1.05E-02 9.84E-08 5.07E-05 1.66E-01 2.49E-01 5.528E-01
1.650E-04 5.56E-02 3.67E-02 2.66E-04 1.96E-02 1.67E-02 1.20E-07 1.06E-02 1.01E-07 5.17E-05 1.67E-01 2.49E-01 5.546E-01
1.250E-04 7.56E-02 7.83E-02 2.45E-04 5.62E-02 2.57E-02 3.55E-07 1.35E-02 3.08E-07 1.15E-04 1.69E-01 2.40E-01 6.593E-01
1.235E-04 7.67E-02 8.06E-02 2.43E-04 5.87E-02 2.62E-02 3.72E-07 1.36E-02 3.23E-07 1.19E-04 1.70E-01 2.40E-01 6.655E-01
1.130E-04 8.47E-02 9.83E-02 2.53E-04 8.02E-02 3.01E-02 5.27E-07 1.48E-02 4.62E-07 1.54E-04 1.70E-01 2.36E-01 7.148E-01
1.000E-04 9.73E-02 1.24E-01 2.84E-04 1.20E-01 3.67E-02 8.50E-07 1.66E-02 7.53E-07 2.16E-04 1.72E-01 2.29E-01 7.962E-01
9.500E-05 1.03E-01 1.34E-01 2.88E-04 1.42E-01 4.00E-02 1.04E-06 1.74E-02 9.24E-07 2.48E-04 1.73E-01 2.26E-01 8.353E-01
9.300E-05 1.05E-01 1.38E-01 2.94E-04 1.52E-01 4.13E-02 1.13E-06 1.77E-02 1.01E-06 2.62E-04 1.73E-01 2.25E-01 8.524E-01
9.200E-05 1.07E-01 1.40E-01 2.99E-04 1.57E-01 4.21E-02 1.18E-06 1.79E-02 1.05E-06 2.70E-04 1.73E-01 2.24E-01 8.613E-01
9.100E-05 1.08E-01 1.42E-01 3.04E-04 1.62E-01 4.28E-02 1.23E-06 1.81E-02 1.10E-06 2.77E-04 1.73E-01 2.24E-01 8.705E-01
9.000E-05 1.09E-01 1.44E-01 3.09E-04 1.68E-01 4.36E-02 1.28E-06 1.83E-02 1.15E-06 2.86E-04 1.73E-01 2.23E-01 8.799E-01
8.900E-05 1.10E-01 1.46E-01 3.14E-04 1.74E-01 4.44E-02 1.34E-06 1.85E-02 1.20E-06 2.94E-04 1.73E-01 2.22E-01 8.897E-01
8.800E-05 1.11E-01 1.48E-01 3.19E-04 1.80E-01 4.52E-02 1.40E-06 1.87E-02 1.25E-06 3.03E-04 1.73E-01 2.22E-01 8.997E-01
8.700E-05 1.13E-01 1.50E-01 3.27E-04 1.87E-01 4.60E-02 1.46E-06 1.89E-02 1.31E-06 3.12E-04 1.73E-01 2.21E-01 9.102E-01
8.600E-05 1.14E-01 1.53E-01 3.31E-04 1.94E-01 4.69E-02 1.53E-06 1.91E-02 1.38E-06 3.21E-04 1.74E-01 2.21E-01 9.210E-01
8.500E-05 1.15E-01 1.55E-01 3.37E-04 2.01E-01 4.77E-02 1.60E-06 1.93E-02 1.44E-06 3.31E-04 1.74E-01 2.20E-01 9.323E-01
8.400E-05 1.16E-01 1.57E-01 3.42E-04 2.09E-01 4.86E-02 1.67E-06 1.95E-02 1.51E-06 3.41E-04 1.74E-01 2.19E-01 9.439E-01
8.330E-05 1.17E-01 1.59E-01 3.47E-04 2.14E-01 4.93E-02 1.73E-06 1.97E-02 1.56E-06 3.49E-04 1.74E-01 2.19E-01 9.524E-01
8.200E-05 1.19E-01 1.62E-01 3.54E-04 2.25E-01 5.05E-02 1.84E-06 2.00E-02 1.66E-06 3.63E-04 1.74E-01 2.18E-01 9.687E-01
8.100E-05 1.20E-01 1.64E-01 3.63E-04 2.34E-01 5.15E-02 1.93E-06 2.02E-02 1.75E-06 3.74E-04 1.74E-01 2.17E-01 9.818E-01
8.000E-05 1.22E-01 1.66E-01 3.67E-04 2.43E-01 5.25E-02 2.02E-06 2.05E-02 1.84E-06 3.86E-04 1.74E-01 2.16E-01 9.954E-01
7.900E-05 1.24E-01 1.69E-01 3.76E-04 2.53E-01 5.35E-02 2.12E-06 2.07E-02 1.93E-06 3.99E-04 1.74E-01 2.16E-01 1.010E+00
7.800E-05 1.25E-01 1.71E-01 3.87E-04 2.63E-01 5.46E-02 2.23E-06 2.09E-02 2.03E-06 4.11E-04 1.74E-01 2.15E-01 1.024E+00
7.700E-05 1.27E-01 1.73E-01 3.95E-04 2.74E-01 5.57E-02 2.34E-06 2.12E-02 2.14E-06 4.25E-04 1.74E-01 2.14E-01 1.039E+00
7.600E-05 1.29E-01 1.75E-01 4.12E-04 2.85E-01 5.68E-02 2.46E-06 2.15E-02 2.26E-06 4.39E-04 1.74E-01 2.13E-01 1.055E+00
7.500E-05 1.31E-01 1.77E-01 4.23E-04 2.97E-01 5.80E-02 2.59E-06 2.17E-02 2.38E-06 4.53E-04 1.74E-01 2.12E-01 1.071E+00
7.400E-05 1.32E-01 1.79E-01 4.43E-04 3.09E-01 5.92E-02 2.73E-06 2.20E-02 2.51E-06 4.68E-04 1.74E-01 2.11E-01 1.088E+00
7.300E-05 1.34E-01 1.81E-01 4.63E-04 3.22E-01 6.04E-02 2.88E-06 2.23E-02 2.65E-06 4.84E-04 1.74E-01 2.11E-01 1.105E+00
7.140E-05 1.38E-01 1.83E-01 4.78E-04 3.44E-01 6.25E-02 3.14E-06 2.28E-02 2.90E-06 5.11E-04 1.75E-01 2.09E-01 1.135E+00
7.100E-05 1.38E-01 1.84E-01 4.77E-04 3.50E-01 6.30E-02 3.21E-06 2.29E-02 2.97E-06 5.18E-04 1.75E-01 2.09E-01 1.142E+00
7.000E-05 1.40E-01 1.85E-01 4.95E-04 3.65E-01 6.43E-02 3.39E-06 2.32E-02 3.14E-06 5.36E-04 1.75E-01 2.08E-01 1.161E+00
6.900E-05 1.42E-01 1.87E-01 5.18E-04 3.80E-01 6.57E-02 3.58E-06 2.35E-02 3.33E-06 5.55E-04 1.75E-01 2.07E-01 1.181E+00
6.800E-05 1.44E-01 1.88E-01 5.37E-04 3.96E-01 6.72E-02 3.79E-06 2.38E-02 3.53E-06 5.74E-04 1.75E-01 2.06E-01 1.202E+00
6.700E-05 1.46E-01 1.89E-01 5.57E-04 4.14E-01 6.86E-02 4.01E-06 2.42E-02 3.75E-06 5.95E-04 1.75E-01 2.05E-01 1.223E+00
6.600E-05 1.48E-01 1.91E-01 5.86E-04 4.31E-01 7.02E-02 4.25E-06 2.45E-02 3.98E-06 6.17E-04 1.75E-01 2.04E-01 1.245E+00
6.500E-05 1.51E-01 1.92E-01 5.97E-04 4.50E-01 7.18E-02 4.52E-06 2.49E-02 4.23E-06 6.39E-04 1.75E-01 2.03E-01 1.269E+00
6.400E-05 1.53E-01 1.93E-01 6.10E-04 4.70E-01 7.35E-02 4.80E-06 2.52E-02 4.51E-06 6.63E-04 1.75E-01 2.02E-01 1.292E+00
6.300E-05 1.55E-01 1.94E-01 6.34E-04 4.90E-01 7.53E-02 5.11E-06 2.56E-02 4.80E-06 6.88E-04 1.75E-01 2.02E-01 1.317E+00
6.250E-05 1.56E-01 1.94E-01 6.39E-04 5.00E-01 7.62E-02 5.27E-06 2.58E-02 4.96E-06 7.01E-04 1.75E-01 2.01E-01 1.330E+00
6.200E-05 1.57E-01 1.94E-01 6.58E-04 5.11E-01 7.71E-02 5.44E-06 2.60E-02 5.12E-06 7.15E-04 1.75E-01 2.01E-01 1.343E+00
6.100E-05 1.60E-01 1.95E-01 6.92E-04 5.33E-01 7.90E-02 5.79E-06 2.64E-02 5.47E-06 7.42E-04 1.75E-01 2.00E-01 1.369E+00
6.000E-05 1.62E-01 1.95E-01 7.22E-04 5.56E-01 8.09E-02 6.18E-06 2.68E-02 5.85E-06 7.72E-04 1.75E-01 1.99E-01 1.396E+00
5.900E-05 1.65E-01 1.95E-01 7.52E-04 5.80E-01 8.29E-02 6.60E-06 2.73E-02 6.26E-06 8.03E-04 1.75E-01 1.98E-01 1.424E+00
5.800E-05 1.67E-01 1.95E-01 7.84E-04 6.04E-01 8.50E-02 7.06E-06 2.77E-02 6.70E-06 8.36E-04 1.75E-01 1.97E-01 1.453E+00
5.700E-05 1.70E-01 1.95E-01 8.25E-04 6.30E-01 8.71E-02 7.56E-06 2.82E-02 7.19E-06 8.70E-04 1.75E-01 1.96E-01 1.482E+00
5.600E-05 1.72E-01 1.95E-01 8.66E-04 6.56E-01 8.94E-02 8.11E-06 2.86E-02 7.72E-06 9.07E-04 1.75E-01 1.95E-01 1.513E+00
5.500E-05 1.75E-01 1.94E-01 9.07E-04 6.84E-01 9.17E-02 8.70E-06 2.91E-02 8.30E-06 9.47E-04 1.75E-01 1.94E-01 1.544E+00
5.477E-05 1.75E-01 1.94E-01 9.13E-04 6.90E-01 9.23E-02 8.85E-06 2.93E-02 8.45E-06 1.24E-03 1.75E-01 1.94E-01 1.552E+00
5.400E-05 1.77E-01 1.93E-01 9.45E-04 7.12E-01 9.44E-02 9.37E-06 2.97E-02 8.95E-06 1.29E-03 1.75E-01 1.93E-01 1.577E+00
5.300E-05 1.80E-01 1.92E-01 9.87E-04 7.42E-01 9.73E-02 1.01E-05 3.02E-02 9.65E-06 1.36E-03 1.75E-01 1.92E-01 1.611E+00
5.200E-05 1.82E-01 1.91E-01 1.05E-03 7.73E-01 1.00E-01 1.09E-05 3.07E-02 1.04E-05 1.43E-03 1.74E-01 1.92E-01 1.646E+00
5.100E-05 1.85E-01 1.90E-01 1.11E-03 8.05E-01 1.03E-01 1.18E-05 3.13E-02 1.13E-05 1.51E-03 1.74E-01 1.91E-01 1.682E+00
5.000E-05 1.87E-01 1.89E-01 1.17E-03 8.39E-01 1.07E-01 1.28E-05 3.19E-02 1.22E-05 1.60E-03 1.74E-01 1.90E-01 1.720E+00
4.900E-05 1.89E-01 1.88E-01 1.23E-03 8.74E-01 1.10E-01 1.39E-05 3.25E-02 1.33E-05 1.69E-03 1.74E-01 1.89E-01 1.759E+00
4.880E-05 1.90E-01 1.88E-01 1.25E-03 8.81E-01 1.11E-01 1.41E-05 3.26E-02 1.35E-05 1.71E-03 1.74E-01 1.89E-01 1.768E+00
4.800E-05 1.91E-01 1.87E-01 1.31E-03 9.10E-01 1.14E-01 1.51E-05 3.31E-02 1.44E-05 1.80E-03 1.74E-01 1.89E-01 1.801E+00
4.760E-05 1.92E-01 1.86E-01 1.34E-03 9.26E-01 1.16E-01 1.56E-05 3.34E-02 1.49E-05 1.85E-03 1.73E-01 1.88E-01 1.818E+00
4.700E-05 1.93E-01 1.86E-01 1.39E-03 9.49E-01 1.18E-01 1.64E-05 3.38E-02 1.57E-05 1.92E-03 1.73E-01 1.88E-01 1.845E+00
4.650E-05 1.94E-01 1.85E-01 1.43E-03 9.69E-01 1.21E-01 1.72E-05 3.41E-02 1.64E-05 1.98E-03 1.73E-01 1.88E-01 1.867E+00
4.600E-05 1.95E-01 1.84E-01 1.48E-03 9.89E-01 1.23E-01 1.80E-05 3.45E-02 1.72E-05 2.05E-03 1.73E-01 1.88E-01 1.890E+00
4.550E-05 1.96E-01 1.84E-01 1.55E-03 1.01E+00 1.25E-01 1.88E-05 3.48E-02 1.80E-05 2.12E-03 1.73E-01 1.87E-01 1.913E+00
4.500E-05 1.97E-01 1.83E-01 1.61E-03 1.03E+00 1.28E-01 1.97E-05 3.52E-02 1.88E-05 2.20E-03 1.73E-01 1.87E-01 1.937E+00
4.440E-05 1.98E-01 1.82E-01 1.71E-03 1.06E+00 1.31E-01 2.08E-05 3.57E-02 1.99E-05 2.29E-03 1.72E-01 1.87E-01 1.966E+00
4.350E-05 2.00E-01 1.81E-01 1.86E-03 1.09E+00 1.36E-01 2.26E-05 3.64E-02 2.16E-05 2.45E-03 1.72E-01 1.86E-01 2.011E+00
4.170E-05 2.02E-01 1.79E-01 2.27E-03 1.18E+00 1.47E-01 2.69E-05 3.78E-02 2.57E-05 2.82E-03 1.71E-01 1.86E-01 2.105E+00
4.000E-05 2.05E-01 1.78E-01 3.00E-03 1.25E+00 1.60E-01 3.19E-05 3.93E-02 3.05E-05 3.27E-03 1.71E-01 1.85E-01 2.198E+00
3.850E-05 2.06E-01 1.76E-01 3.98E-03 1.33E+00 1.71E-01 3.74E-05 4.07E-02 3.57E-05 3.78E-03 1.70E-01 1.85E-01 2.283E+00
3.656E-05 2.08E-01 1.74E-01 5.84E-03 1.42E+00 1.87E-01 4.67E-05 4.26E-02 4.44E-05 4.66E-03 1.69E-01 1.84E-01 2.397E+00
3.570E-05 2.09E-01 1.74E-01 6.82E-03 1.46E+00 1.95E-01 5.17E-05 4.34E-02 4.90E-05 5.16E-03 1.69E-01 1.84E-01 2.449E+00
3.330E-05 2.10E-01 1.72E-01 1.02E-02 1.58E+00 2.22E-01 7.08E-05 4.61E-02 6.56E-05 7.17E-03 1.67E-01 1.84E-01 2.599E+00
3.130E-05 2.11E-01 1.70E-01 1.35E-02 1.67E+00 2.55E-01 9.54E-05 4.86E-02 8.54E-05 1.01E-02 1.66E-01 1.83E-01 2.727E+00
3.000E-05 2.11E-01 1.69E-01 1.62E-02 1.72E+00 2.84E-01 1.18E-04 5.03E-02 1.02E-04 1.32E-02 1.65E-01 1.83E-01 2.815E+00
2.940E-05 2.11E-01 1.69E-01 1.76E-02 1.74E+00 2.99E-01 1.31E-04 5.11E-02 1.12E-04 1.52E-02 1.65E-01 1.83E-01 2.855E+00
2.780E-05 2.10E-01 1.67E-01 2.15E-02 1.79E+00 3.51E-01 1.80E-04 5.33E-02 1.43E-04 2.38E-02 1.64E-01 1.83E-01 2.966E+00
2.630E-05 2.09E-01 1.66E-01 2.54E-02 1.82E+00 4.28E-01 2.56E-04 5.54E-02 1.83E-04 4.19E-02 1.63E-01 1.83E-01 3.092E+00
2.500E-05 2.09E-01 1.65E-01 3.01E-02 1.83E+00 5.34E-01 3.73E-04 5.72E-02 2.29E-04 8.20E-02 1.62E-01 1.83E-01 3.250E+00
2.380E-05 2.08E-01 1.65E-01 3.60E-02 1.82E+00 7.37E-01 5.70E-04 5.74E-02 2.88E-04 1.84E-01 1.62E-01 1.83E-01 3.548E+00
2.270E-05 2.07E-01 1.64E-01 4.39E-02 1.79E+00 1.06E+00 8.34E-04 5.96E-02 3.61E-04 3.03E-01 1.61E-01 1.82E-01 3.979E+00
2.170E-05 2.06E-01 1.63E-01 5.48E-02 1.76E+00 1.44E+00 1.08E-03 6.71E-02 4.52E-04 1.91E-01 1.60E-01 1.82E-01 4.229E+00
2.080E-05 2.05E-01 1.63E-01 7.47E-02 1.74E+00 1.49E+00 1.01E-03 8.38E-02 5.62E-04 9.51E-02 1.59E-01 1.83E-01 4.189E+00
2.000E-05 2.03E-01 1.62E-01 2.63E-01 1.55E+00 1.29E+00 7.87E-04 1.07E-01 6.89E-04 5.51E-02 1.58E-01 1.83E-01 3.976E+00
1.920E-05 2.02E-01 1.62E-01 4.89E-01 1.34E+00 1.00E+00 5.41E-04 1.47E-01 8.56E-04 3.51E-02 1.58E-01 1.83E-01 3.719E+00
1.850E-05 2.02E-01 1.63E-01 6.17E-01 1.22E+00 7.86E-01 3.82E-04 1.96E-01 1.05E-03 2.54E-02 1.57E-01 1.83E-01 3.552E+00
1.790E-05 2.01E-01 1.63E-01 7.56E-01 1.07E+00 6.39E-01 2.92E-04 2.51E-01 1.26E-03 2.02E-02 1.56E-01 1.84E-01 3.446E+00
1.720E-05 2.01E-01 1.64E-01 8.40E-01 9.77E-01 5.13E-01 2.32E-04 3.48E-01 1.57E-03 1.63E-02 1.55E-01 1.84E-01 3.400E+00
1.670E-05 2.00E-01 1.64E-01 8.72E-01 9.37E-01 4.39E-01 2.11E-04 4.38E-01 1.86E-03 1.44E-02 1.54E-01 1.85E-01 3.406E+00
1.610E-05 2.00E-01 1.65E-01 8.95E-01 9.04E-01 3.70E-01 2.15E-04 5.97E-01 2.30E-03 1.29E-02 1.53E-01 1.85E-01 3.484E+00
1.560E-05 1.99E-01 1.65E-01 9.06E-01 8.84E-01 3.25E-01 2.43E-04 7.80E-01 2.75E-03 1.22E-02 1.52E-01 1.86E-01 3.613E+00
1.520E-05 1.99E-01 1.66E-01 9.11E-01 8.72E-01 2.95E-01 2.82E-04 9.75E-01 3.16E-03 1.19E-02 1.51E-01 1.86E-01 3.770E+00
1.470E-05 1.98E-01 1.66E-01 9.13E-01 8.58E-01 2.62E-01 3.56E-04 1.26E+00 3.74E-03 1.19E-02 1.50E-01 1.87E-01 4.007E+00
1.430E-05 1.97E-01 1.66E-01 9.13E-01 8.49E-01 2.46E-01 4.45E-04 1.50E+00 4.19E-03 1.21E-02 1.49E-01 1.87E-01 4.221E+00
1.390E-05 1.96E-01 1.66E-01 9.12E-01 8.40E-01 2.39E-01 5.66E-04 1.68E+00 4.63E-03 1.27E-02 1.49E-01 1.86E-01 4.392E+00
1.350E-05 1.95E-01 1.66E-01 9.09E-01 8.32E-01 2.39E-01 7.25E-04 1.86E+00 5.19E-03 1.35E-02 1.49E-01 1.86E-01 4.557E+00
1.320E-05 1.95E-01 1.66E-01 9.07E-01 8.25E-01 2.43E-01 8.82E-04 2.00E+00 5.69E-03 1.44E-02 1.49E-01 1.86E-01 4.692E+00
1.280E-05 1.94E-01 1.66E-01 9.04E-01 8.17E-01 2.59E-01 1.16E-03 2.20E+00 6.47E-03 1.60E-02 1.48E-01 1.86E-01 4.898E+00
1.250E-05 1.93E-01 1.66E-01 9.01E-01 8.14E-01 2.82E-01 1.43E-03 2.36E+00 7.17E-03 1.76E-02 1.48E-01 1.86E-01 5.081E+00
1.220E-05 1.92E-01 1.66E-01 8.99E-01 8.13E-01 3.14E-01 1.77E-03 2.55E+00 7.99E-03 1.97E-02 1.48E-01 1.86E-01 5.293E+00
1.190E-05 1.91E-01 1.66E-01 8.97E-01 8.18E-01 3.58E-01 2.19E-03 2.75E+00 8.96E-03 2.24E-02 1.47E-01 1.86E-01 5.544E+00
1.160E-05 1.89E-01 1.66E-01 8.94E-01 8.22E-01 4.08E-01 2.73E-03 2.97E+00 1.01E-02 2.59E-02 1.47E-01 1.87E-01 5.824E+00
1.140E-05 1.89E-01 1.66E-01 8.92E-01 8.23E-01 4.51E-01 3.21E-03 3.14E+00 1.10E-02 2.88E-02 1.46E-01 1.87E-01 6.035E+00
1.110E-05 1.87E-01 1.66E-01 8.89E-01 8.24E-01 5.16E-01 4.19E-03 3.42E+00 1.25E-02 3.44E-02 1.46E-01 1.87E-01 6.383E+00
1.080E-05 1.86E-01 1.66E-01 8.85E-01 8.25E-01 6.96E-01 5.59E-03 3.75E+00 1.44E-02 4.19E-02 1.45E-01 1.87E-01 6.903E+00
1.050E-05 1.84E-01 1.65E-01 8.81E-01 8.27E-01 9.28E-01 7.25E-03 4.16E+00 1.69E-02 5.21E-02 1.45E-01 1.87E-01 7.558E+00
1.030E-05 1.83E-01 1.65E-01 8.78E-01 8.28E-01 1.11E+00 8.31E-03 4.55E+00 1.88E-02 6.08E-02 1.44E-01 1.88E-01 8.133E+00
1.000E-05 1.82E-01 1.64E-01 8.73E-01 8.30E-01 1.36E+00 1.01E-02 5.11E+00 2.16E-02 7.72E-02 1.44E-01 1.88E-01 8.954E+00
9.750E-06 1.80E-01 1.64E-01 8.68E-01 8.32E-01 1.65E+00 1.26E-02 5.55E+00 2.40E-02 9.36E-02 1.43E-01 1.88E-01 9.707E+00
9.500E-06 1.79E-01 1.63E-01 8.63E-01 8.34E-01 1.98E+00 1.49E-02 6.03E+00 2.67E-02 1.10E-01 1.43E-01 1.88E-01 1.053E+01
9.250E-06 1.78E-01 1.63E-01 8.58E-01 8.36E-01 2.24E+00 1.66E-02 6.52E+00 2.94E-02 1.23E-01 1.43E-01 1.87E-01 1.128E+01
9.080E-06 1.77E-01 1.62E-01 8.51E-01 8.34E-01 2.39E+00 1.79E-02 6.79E+00 3.08E-02 1.26E-01 1.43E-01 1.87E-01 1.171E+01
