 # Polarisation optical depth (Siebenmorgen 2023, A&A 670A,115; SC 2023 doi: 10.48550/arXiv.2311.03310)
 # wel         sigp_aC     sigp_Si      sigp_dark    sigt
 #----------------------------------------------------------------------------------------
   1.000E+00   3.866E-03   1.725E-03   0.000E+00   9.159E-07
   9.000E-01   4.528E-03   2.036E-03   0.000E+00   1.080E-06
   8.000E-01   5.409E-03   2.453E-03   0.000E+00   1.300E-06
   7.000E-01   6.624E-03   3.030E-03   0.000E+00   1.601E-06
   6.000E-01   8.383E-03   3.872E-03   0.000E+00   2.042E-06
   5.500E-01   9.583E-03   4.448E-03   0.000E+00   2.344E-06
   5.000E-01   1.110E-02   5.181E-03   0.000E+00   2.724E-06
   4.500E-01   1.308E-02   6.133E-03   0.000E+00   3.224E-06
   4.000E-01   1.572E-02   7.410E-03   0.000E+00   3.886E-06
   3.500E-01   1.939E-02   9.188E-03   0.000E+00   4.820E-06
   3.000E-01   2.476E-02   1.178E-02   0.000E+00   6.162E-06
   2.500E-01   3.316E-02   1.584E-02   0.000E+00   8.272E-06
   2.098E-01   4.406E-02   2.106E-02   0.000E+00   1.100E-05
   1.500E-01   7.660E-02   3.644E-02   0.000E+00   1.907E-05
   1.382E-01   8.785E-02   4.166E-02   0.000E+00   2.186E-05
   1.320E-01   9.490E-02   4.492E-02   0.000E+00   2.358E-05
   1.150E-01   1.199E-01   5.637E-02   0.000E+00   2.968E-05
   1.000E-01   1.524E-01   7.089E-02   0.000E+00   3.749E-05
   9.970E-02   1.532E-01   7.125E-02   0.000E+00   3.769E-05
   8.670E-02   1.930E-01   8.989E-02   0.000E+00   4.752E-05
   8.500E-02   1.999E-01   9.291E-02   0.000E+00   4.915E-05
   7.500E-02   2.536E-01   1.143E-01   0.000E+00   6.120E-05
   6.000E-02   3.730E-01   1.653E-01   0.000E+00   8.927E-05
   5.500E-02   4.322E-01   1.855E-01   0.000E+00   1.022E-04
   5.000E-02   5.144E-01   2.306E-01   0.000E+00   1.236E-04
   4.500E-02   6.340E-01   3.064E-01   0.000E+00   1.565E-04
   4.000E-02   8.147E-01   4.110E-01   0.000E+00   2.036E-04
   3.500E-02   1.022E+00   6.274E-01   0.000E+00   2.804E-04
   3.000E-02   1.443E+00   9.799E-01   0.000E+00   4.141E-04
   2.750E-02   1.723E+00   1.233E+00   0.000E+00   5.089E-04
   2.500E-02   2.076E+00   1.568E+00   0.000E+00   6.337E-04
   2.400E-02   2.280E+00   1.735E+00   0.000E+00   6.980E-04
   2.000E-02   3.341E+00   2.674E+00   0.000E+00   1.053E-03
   1.800E-02   4.169E+00   3.288E+00   0.000E+00   1.308E-03
   1.600E-02   5.553E+00   4.042E+00   0.000E+00   1.668E-03
   1.500E-02   6.628E+00   4.502E+00   0.000E+00   1.913E-03
   1.400E-02   7.542E+00   5.014E+00   0.000E+00   2.166E-03
   1.200E-02   1.156E+01   6.271E+00   0.000E+00   2.983E-03
   1.000E-02   1.759E+01   8.066E+00   0.000E+00   4.230E-03
   9.000E-03   2.348E+01   9.064E+00   0.000E+00   5.229E-03
   8.000E-03   3.097E+01   1.043E+01   0.000E+00   6.564E-03
   7.500E-03   3.631E+01   1.150E+01   0.000E+00   7.502E-03
   7.000E-03   4.370E+01   1.282E+01   0.000E+00   8.777E-03
   6.000E-03   6.205E+01   1.622E+01   0.000E+00   1.211E-02
   5.000E-03   8.619E+01   2.250E+01   0.000E+00   1.743E-02
   4.500E-03   1.037E+02   2.687E+01   0.000E+00   2.155E-02
   4.000E-03   1.194E+02   3.175E+01   0.000E+00   2.651E-02
   3.500E-03   1.391E+02   3.675E+01   0.000E+00   3.283E-02
   3.000E-03   1.619E+02   4.053E+01   0.000E+00   4.091E-02
   2.750E-03   1.709E+02   4.151E+01   0.000E+00   4.523E-02
   2.500E-03   1.765E+02   4.194E+01   0.000E+00   4.994E-02
   2.400E-03   1.803E+02   4.199E+01   0.000E+00   5.217E-02
   2.350E-03   1.825E+02   4.204E+01   0.000E+00   5.347E-02
   2.320E-03   1.834E+02   4.208E+01   0.000E+00   5.425E-02
   2.310E-03   1.838E+02   4.211E+01   0.000E+00   5.452E-02
   2.300E-03   1.842E+02   4.209E+01   0.000E+00   5.479E-02
   2.250E-03   1.852E+02   4.222E+01   0.000E+00   5.617E-02
   2.200E-03   1.863E+02   4.230E+01   0.000E+00   5.768E-02
   2.150E-03   1.881E+02   4.228E+01   0.000E+00   5.932E-02
   2.120E-03   1.892E+02   4.208E+01   0.000E+00   6.036E-02
   2.110E-03   1.894E+02   4.201E+01   0.000E+00   6.070E-02
   2.100E-03   1.894E+02   4.192E+01   0.000E+00   6.104E-02
   2.080E-03   1.892E+02   4.163E+01   0.000E+00   6.163E-02
   2.000E-03   1.891E+02   4.036E+01   0.000E+00   6.409E-02
   1.950E-03   1.903E+02   3.893E+01   0.000E+00   6.576E-02
   1.900E-03   1.927E+02   3.705E+01   0.000E+00   6.718E-02
   1.850E-03   1.950E+02   3.465E+01   0.000E+00   6.806E-02
   1.830E-03   1.960E+02   3.355E+01   0.000E+00   6.830E-02
   1.820E-03   1.961E+02   3.296E+01   0.000E+00   6.831E-02
   1.810E-03   1.964E+02   3.235E+01   0.000E+00   6.827E-02
   1.800E-03   1.969E+02   3.176E+01   0.000E+00   6.824E-02
   1.750E-03   1.991E+02   2.836E+01   0.000E+00   6.759E-02
   1.700E-03   1.994E+02   2.473E+01   0.000E+00   6.571E-02
   1.670E-03   2.015E+02   2.255E+01   0.000E+00   6.443E-02
   1.650E-03   2.035E+02   2.111E+01   0.000E+00   6.350E-02
   1.640E-03   2.041E+02   2.041E+01   0.000E+00   6.297E-02
   1.630E-03   2.048E+02   1.972E+01   0.000E+00   6.242E-02
   1.610E-03   2.056E+02   1.837E+01   0.000E+00   6.120E-02
   1.600E-03   2.062E+02   1.772E+01   0.000E+00   6.058E-02
   1.590E-03   2.068E+02   1.710E+01   0.000E+00   5.996E-02
   1.580E-03   2.073E+02   1.652E+01   0.000E+00   5.935E-02
   1.570E-03   2.072E+02   1.596E+01   0.000E+00   5.866E-02
   1.560E-03   2.082E+02   1.548E+01   0.000E+00   5.808E-02
   1.540E-03   2.099E+02   1.469E+01   0.000E+00   5.717E-02
   1.520E-03   2.100E+02   1.421E+01   0.000E+00   5.626E-02
   1.510E-03   2.100E+02   1.409E+01   0.000E+00   5.590E-02
   1.500E-03   2.097E+02   1.403E+01   0.000E+00   5.554E-02
   1.450E-03   2.109E+02   1.451E+01   0.000E+00   5.467E-02
   1.440E-03   2.114E+02   1.470E+01   0.000E+00   5.468E-02
   1.430E-03   2.119E+02   1.485E+01   0.000E+00   5.479E-02
   1.420E-03   2.122E+02   1.500E+01   0.000E+00   5.488E-02
   1.400E-03   2.135E+02   1.534E+01   0.000E+00   5.536E-02
   1.380E-03   2.145E+02   1.566E+01   0.000E+00   5.608E-02
   1.370E-03   2.149E+02   1.583E+01   0.000E+00   5.658E-02
   1.360E-03   2.157E+02   1.601E+01   0.000E+00   5.718E-02
   1.350E-03   2.167E+02   1.623E+01   0.000E+00   5.783E-02
   1.340E-03   2.175E+02   1.645E+01   0.000E+00   5.858E-02
   1.330E-03   2.180E+02   1.672E+01   0.000E+00   5.933E-02
   1.320E-03   2.188E+02   1.701E+01   0.000E+00   6.015E-02
   1.310E-03   2.188E+02   1.734E+01   0.000E+00   6.097E-02
   1.290E-03   2.181E+02   1.813E+01   0.000E+00   6.259E-02
   1.280E-03   2.179E+02   1.855E+01   0.000E+00   6.357E-02
   1.270E-03   2.184E+02   1.891E+01   0.000E+00   6.457E-02
   1.260E-03   2.188E+02   1.943E+01   0.000E+00   6.551E-02
   1.250E-03   2.188E+02   2.012E+01   0.000E+00   6.646E-02
   1.220E-03   2.221E+02   2.422E+01   0.000E+00   7.073E-02
   1.210E-03   2.222E+02   2.690E+01   0.000E+00   7.278E-02
   1.200E-03   2.222E+02   3.005E+01   0.000E+00   7.504E-02
   1.190E-03   2.238E+02   3.333E+01   0.000E+00   7.763E-02
   1.180E-03   2.245E+02   3.640E+01   0.000E+00   8.023E-02
   1.170E-03   2.250E+02   3.905E+01   0.000E+00   8.276E-02
   1.160E-03   2.258E+02   4.119E+01   0.000E+00   8.519E-02
   1.150E-03   2.256E+02   4.287E+01   0.000E+00   8.773E-02
   1.140E-03   2.252E+02   4.421E+01   0.000E+00   8.985E-02
   1.130E-03   2.251E+02   4.527E+01   0.000E+00   9.207E-02
   1.120E-03   2.251E+02   4.618E+01   0.000E+00   9.397E-02
   1.110E-03   2.249E+02   4.701E+01   0.000E+00   9.579E-02
   1.090E-03   2.254E+02   4.845E+01   0.000E+00   9.988E-02
   1.050E-03   2.285E+02   4.986E+01   0.000E+00   1.105E-01
   1.000E-03   2.336E+02   4.859E+01   0.000E+00   1.213E-01
   9.800E-04   2.360E+02   4.642E+01   0.000E+00   1.250E-01
   9.600E-04   2.380E+02   4.307E+01   0.000E+00   1.280E-01
   9.500E-04   2.398E+02   4.105E+01   0.000E+00   1.288E-01
   9.400E-04   2.398E+02   3.895E+01   0.000E+00   1.284E-01
   9.200E-04   2.409E+02   3.480E+01   0.000E+00   1.240E-01
   8.900E-04   2.443E+02   2.861E+01   0.000E+00   1.114E-01
   8.700E-04   2.433E+02   2.519E+01   0.000E+00   1.028E-01
   8.600E-04   2.449E+02   2.368E+01   0.000E+00   9.950E-02
   8.500E-04   2.448E+02   2.212E+01   0.000E+00   9.617E-02
   8.400E-04   2.466E+02   2.046E+01   0.000E+00   9.288E-02
   8.200E-04   2.453E+02   1.706E+01   0.000E+00   8.457E-02
   8.000E-04   2.464E+02   1.424E+01   0.000E+00   7.610E-02
   7.900E-04   2.479E+02   1.322E+01   0.000E+00   7.340E-02
   7.800E-04   2.470E+02   1.240E+01   0.000E+00   7.064E-02
   7.700E-04   2.462E+02   1.168E+01   0.000E+00   6.837E-02
   7.600E-04   2.455E+02   1.106E+01   0.000E+00   6.669E-02
   7.500E-04   2.448E+02   1.049E+01   0.000E+00   6.516E-02
   7.300E-04   2.463E+02   9.635E+00   0.000E+00   6.402E-02
   7.200E-04   2.455E+02   9.399E+00   0.000E+00   6.380E-02
   7.100E-04   2.452E+02   9.271E+00   0.000E+00   6.360E-02
   7.000E-04   2.468E+02   9.118E+00   0.000E+00   6.400E-02
   6.900E-04   2.453E+02   8.837E+00   0.000E+00   6.396E-02
   6.800E-04   2.405E+02   8.447E+00   0.000E+00   6.292E-02
   6.600E-04   2.433E+02   7.753E+00   0.000E+00   6.275E-02
   6.400E-04   2.505E+02   6.844E+00   0.000E+00   6.367E-02
   6.300E-04   2.541E+02   6.462E+00   0.000E+00   6.457E-02
   6.200E-04   2.536E+02   6.425E+00   0.000E+00   6.488E-02
   6.100E-04   2.553E+02   6.428E+00   0.000E+00   6.538E-02
   5.900E-04   2.629E+02   5.354E+00   0.000E+00   6.695E-02
   5.500E-04   2.455E+02   4.135E+00   0.000E+00   6.435E-02
   5.300E-04   2.486E+02   3.766E+00   0.000E+00   6.479E-02
   5.200E-04   2.488E+02   3.577E+00   0.000E+00   6.490E-02
   5.100E-04   2.514E+02   3.383E+00   0.000E+00   6.544E-02
   5.000E-04   2.539E+02   3.193E+00   0.000E+00   6.601E-02
   4.800E-04   2.565E+02   2.900E+00   0.000E+00   6.684E-02
   4.500E-04   2.630E+02   2.546E+00   0.000E+00   6.914E-02
   4.000E-04   2.730E+02   2.119E+00   0.000E+00   7.243E-02
   3.800E-04   2.798E+02   2.012E+00   0.000E+00   7.435E-02
   3.600E-04   2.878E+02   1.951E+00   0.000E+00   7.651E-02
   3.400E-04   3.013E+02   1.952E+00   0.000E+00   8.062E-02
   3.300E-04   3.007E+02   1.978E+00   0.000E+00   8.117E-02
   3.200E-04   3.043E+02   2.019E+00   0.000E+00   8.182E-02
   3.150E-04   3.083E+02   2.054E+00   0.000E+00   8.274E-02
   3.100E-04   3.122E+02   2.093E+00   0.000E+00   8.377E-02
   3.080E-04   3.134E+02   2.110E+00   0.000E+00   8.412E-02
   3.050E-04   3.150E+02   2.137E+00   0.000E+00   8.458E-02
   3.000E-04   3.183E+02   2.193E+00   0.000E+00   8.542E-02
   2.900E-04   3.269E+02   2.328E+00   0.000E+00   8.772E-02
   2.800E-04   3.318E+02   2.507E+00   0.000E+00   8.916E-02
   2.600E-04   3.511E+02   3.032E+00   0.000E+00   9.364E-02
   2.500E-04   3.653E+02   3.408E+00   0.000E+00   9.680E-02
   2.200E-04   4.268E+02   5.290E+00   0.000E+00   1.105E-01
   2.159E-04   4.359E+02   5.675E+00   0.000E+00   1.125E-01
   2.000E-04   4.872E+02   7.638E+00   0.000E+00   1.234E-01
   1.662E-04   6.523E+02   1.638E+01   0.000E+00   1.584E-01
   1.650E-04   6.602E+02   1.690E+01   0.000E+00   1.601E-01
   1.250E-04   1.085E+03   5.613E+01   0.000E+00   2.605E-01
   1.235E-04   1.107E+03   5.915E+01   0.000E+00   2.668E-01
   1.130E-04   1.266E+03   8.689E+01   0.000E+00   3.191E-01
   1.000E-04   1.476E+03   1.455E+02   0.000E+00   4.142E-01
   9.500E-05   1.549E+03   1.792E+02   0.000E+00   4.624E-01
   9.300E-05   1.575E+03   1.949E+02   0.000E+00   4.835E-01
   9.200E-05   1.587E+03   2.034E+02   0.000E+00   4.945E-01
   9.100E-05   1.599E+03   2.122E+02   0.000E+00   5.056E-01
   9.000E-05   1.610E+03   2.214E+02   0.000E+00   5.171E-01
   8.900E-05   1.622E+03   2.310E+02   0.000E+00   5.289E-01
   8.800E-05   1.633E+03   2.410E+02   0.000E+00   5.410E-01
   8.700E-05   1.643E+03   2.515E+02   0.000E+00   5.535E-01
   8.600E-05   1.654E+03   2.624E+02   0.000E+00   5.663E-01
   8.500E-05   1.665E+03   2.737E+02   0.000E+00   5.795E-01
   8.400E-05   1.676E+03   2.856E+02   0.000E+00   5.932E-01
   8.330E-05   1.684E+03   2.942E+02   0.000E+00   6.031E-01
   8.200E-05   1.698E+03   3.107E+02   0.000E+00   6.221E-01
   8.100E-05   1.708E+03   3.240E+02   0.000E+00   6.373E-01
   8.000E-05   1.719E+03   3.378E+02   0.000E+00   6.532E-01
   7.900E-05   1.729E+03   3.522E+02   0.000E+00   6.695E-01
   7.800E-05   1.738E+03   3.670E+02   0.000E+00   6.864E-01
   7.700E-05   1.746E+03   3.823E+02   0.000E+00   7.038E-01
   7.600E-05   1.754E+03   3.982E+02   0.000E+00   7.218E-01
   7.500E-05   1.759E+03   4.146E+02   0.000E+00   7.402E-01
   7.400E-05   1.764E+03   4.315E+02   0.000E+00   7.591E-01
   7.300E-05   1.767E+03   4.490E+02   0.000E+00   7.785E-01
   7.140E-05   1.768E+03   4.780E+02   0.000E+00   8.106E-01
   7.100E-05   1.768E+03   4.855E+02   0.000E+00   8.188E-01
   7.000E-05   1.765E+03   5.045E+02   0.000E+00   8.396E-01
   6.900E-05   1.762E+03   5.241E+02   0.000E+00   8.611E-01
   6.800E-05   1.756E+03   5.443E+02   0.000E+00   8.833E-01
   6.700E-05   1.749E+03   5.650E+02   0.000E+00   9.061E-01
   6.600E-05   1.741E+03   5.862E+02   0.000E+00   9.296E-01
   6.500E-05   1.731E+03   6.081E+02   0.000E+00   9.540E-01
   6.400E-05   1.719E+03   6.307E+02   0.000E+00   9.792E-01
   6.300E-05   1.706E+03   6.538E+02   0.000E+00   1.005E+00
   6.250E-05   1.699E+03   6.656E+02   0.000E+00   1.019E+00
   6.200E-05   1.691E+03   6.777E+02   0.000E+00   1.032E+00
   6.100E-05   1.674E+03   7.023E+02   0.000E+00   1.061E+00
   6.000E-05   1.655E+03   7.276E+02   0.000E+00   1.090E+00
   5.900E-05   1.633E+03   7.537E+02   0.000E+00   1.120E+00
   5.800E-05   1.609E+03   7.806E+02   0.000E+00   1.151E+00
   5.700E-05   1.582E+03   8.081E+02   0.000E+00   1.183E+00
   5.600E-05   1.553E+03   8.365E+02   0.000E+00   1.216E+00
   5.500E-05   1.521E+03   8.655E+02   0.000E+00   1.249E+00
   5.477E-05   1.513E+03   8.723E+02   0.000E+00   1.259E+00
   5.400E-05   1.486E+03   8.950E+02   0.000E+00   1.286E+00
   5.300E-05   1.449E+03   9.253E+02   0.000E+00   1.322E+00
   5.200E-05   1.409E+03   9.561E+02   0.000E+00   1.359E+00
   5.100E-05   1.367E+03   9.873E+02   0.000E+00   1.396E+00
   5.000E-05   1.324E+03   1.019E+03   0.000E+00   1.435E+00
   4.900E-05   1.279E+03   1.052E+03   0.000E+00   1.474E+00
   4.880E-05   1.270E+03   1.058E+03   0.000E+00   1.482E+00
   4.800E-05   1.232E+03   1.085E+03   0.000E+00   1.515E+00
   4.760E-05   1.214E+03   1.098E+03   0.000E+00   1.532E+00
   4.700E-05   1.185E+03   1.118E+03   0.000E+00   1.558E+00
   4.650E-05   1.161E+03   1.134E+03   0.000E+00   1.580E+00
   4.600E-05   1.137E+03   1.150E+03   0.000E+00   1.602E+00
   4.550E-05   1.113E+03   1.167E+03   0.000E+00   1.625E+00
   4.500E-05   1.088E+03   1.182E+03   0.000E+00   1.648E+00
   4.440E-05   1.058E+03   1.200E+03   0.000E+00   1.676E+00
   4.350E-05   1.013E+03   1.226E+03   0.000E+00   1.719E+00
   4.170E-05   9.188E+02   1.271E+03   0.000E+00   1.811E+00
   4.000E-05   8.278E+02   1.308E+03   0.000E+00   1.904E+00
   3.850E-05   7.467E+02   1.342E+03   0.000E+00   1.992E+00
   3.656E-05   6.428E+02   1.388E+03   0.000E+00   2.116E+00
   3.570E-05   5.974E+02   1.407E+03   0.000E+00   2.174E+00
   3.330E-05   4.747E+02   1.454E+03   0.000E+00   2.356E+00
   3.130E-05   3.779E+02   1.485E+03   0.000E+00   2.532E+00
   3.000E-05   3.182E+02   1.476E+03   0.000E+00   2.663E+00
   2.940E-05   2.918E+02   1.466E+03   0.000E+00   2.728E+00
   2.780E-05   2.213E+02   1.453E+03   0.000E+00   2.927E+00
   2.630E-05   1.632E+02   1.419E+03   0.000E+00   3.172E+00
   2.500E-05   1.199E+02   1.370E+03   0.000E+00   3.475E+00
   2.380E-05   8.714E+01   1.276E+03   0.000E+00   3.897E+00
   2.270E-05   6.510E+01   1.191E+03   0.000E+00   4.324E+00
   2.170E-05   5.398E+01   1.108E+03   0.000E+00   4.545E+00
   2.080E-05   4.827E+01   9.944E+02   0.000E+00   4.480E+00
   2.000E-05   4.635E+01   8.378E+02   0.000E+00   4.272E+00
   1.920E-05   4.533E+01   6.899E+02   0.000E+00   4.052E+00
   1.850E-05   4.569E+01   5.815E+02   0.000E+00   3.938E+00
   1.790E-05   4.909E+01   5.205E+02   0.000E+00   3.888E+00
   1.720E-05   5.482E+01   4.729E+02   0.000E+00   3.895E+00
   1.670E-05   6.090E+01   4.339E+02   0.000E+00   3.931E+00
   1.610E-05   7.255E+01   3.812E+02   0.000E+00   4.031E+00
   1.560E-05   8.358E+01   3.310E+02   0.000E+00   4.164E+00
   1.520E-05   9.289E+01   2.835E+02   0.000E+00   4.313E+00
   1.470E-05   1.055E+02   2.188E+02   0.000E+00   4.528E+00
   1.430E-05   1.163E+02   1.643E+02   0.000E+00   4.718E+00
   1.390E-05   1.264E+02   1.196E+02   0.000E+00   4.864E+00
   1.350E-05   1.349E+02   7.770E+01   0.000E+00   5.005E+00
   1.320E-05   1.403E+02   5.727E+01   0.000E+00   5.117E+00
   1.280E-05   1.474E+02   4.450E+01   0.000E+00   5.290E+00
   1.250E-05   1.533E+02   4.185E+01   0.000E+00   5.442E+00
   1.220E-05   1.596E+02   3.941E+01   0.000E+00   5.622E+00
   1.190E-05   1.658E+02   3.859E+01   0.000E+00   5.842E+00
   1.160E-05   1.713E+02   4.159E+01   0.000E+00   6.086E+00
   1.140E-05   1.745E+02   4.817E+01   0.000E+00   6.266E+00
   1.110E-05   1.785E+02   6.490E+01   0.000E+00   6.563E+00
   1.080E-05   1.816E+02   8.863E+01   0.000E+00   6.991E+00
   1.050E-05   1.836E+02   1.118E+02   0.000E+00   7.528E+00
   1.030E-05   1.844E+02   1.276E+02   0.000E+00   8.002E+00
   1.000E-05   1.847E+02   1.506E+02   0.000E+00   8.688E+00
   9.750E-06   1.842E+02   1.704E+02   0.000E+00   9.313E+00
   9.500E-06   1.830E+02   1.895E+02   0.000E+00   9.994E+00
   9.250E-06   1.810E+02   2.081E+02   0.000E+00   1.061E+01
   9.080E-06   1.794E+02   2.203E+02   0.000E+00   1.095E+01
