 # Optical depth (Siebenmorgen 2023, A&A 670A,115; SC 2023 doi: 10.48550/arXiv.2311.03310)
 # wel(cm) sa_aC    ss_aC    sa_Si    ss_Si    sa_vgr   ss_vgr   sa_vsi   ss_vsi   s_pahS+B sa_Dark  ss_Dark sigt 
 # ------------------------------------------------------------------------------------------------------------- 
1.000E+00 8.92E-08 1.38E-16 2.86E-07 6.95E-17 4.11E-09 3.90E-23 3.06E-08 5.19E-23 3.13E-12 6.68E-06 1.68E-12 7.086E-06
9.000E-01 1.04E-07 2.11E-16 3.37E-07 1.06E-16 5.24E-09 5.94E-23 3.64E-08 7.90E-23 3.87E-12 7.78E-06 2.55E-12 8.260E-06
8.000E-01 1.25E-07 3.37E-16 4.06E-07 1.70E-16 6.84E-09 9.51E-23 4.43E-08 1.27E-22 4.90E-12 9.23E-06 4.08E-12 9.811E-06
7.000E-01 1.53E-07 5.75E-16 5.02E-07 2.89E-16 9.17E-09 1.62E-22 5.45E-08 2.16E-22 6.39E-12 1.12E-05 6.96E-12 1.192E-05
6.000E-01 1.94E-07 1.06E-15 6.42E-07 5.36E-16 1.27E-08 3.01E-22 7.01E-08 4.00E-22 8.70E-12 1.40E-05 1.29E-11 1.496E-05
5.500E-01 2.21E-07 1.51E-15 7.37E-07 7.60E-16 1.52E-08 4.26E-22 8.08E-08 5.66E-22 1.04E-11 1.60E-05 1.82E-11 1.702E-05
5.000E-01 2.56E-07 2.21E-15 8.58E-07 1.11E-15 1.85E-08 6.23E-22 9.37E-08 8.28E-22 1.25E-11 1.84E-05 2.67E-11 1.960E-05
4.500E-01 3.02E-07 3.36E-15 1.02E-06 1.69E-15 2.27E-08 9.50E-22 1.12E-07 1.26E-21 1.55E-11 2.15E-05 4.06E-11 2.293E-05
4.000E-01 3.63E-07 5.38E-15 1.23E-06 2.71E-15 2.85E-08 1.52E-21 1.34E-07 2.02E-21 1.96E-11 2.56E-05 6.49E-11 2.734E-05
3.500E-01 4.48E-07 9.18E-15 1.52E-06 4.63E-15 3.65E-08 2.60E-21 1.68E-07 3.45E-21 2.56E-11 3.13E-05 1.11E-10 3.344E-05
3.000E-01 5.72E-07 1.70E-14 1.95E-06 8.58E-15 4.81E-08 4.81E-21 2.13E-07 6.38E-21 3.48E-11 3.94E-05 2.05E-10 4.219E-05
2.500E-01 7.66E-07 3.52E-14 2.62E-06 1.78E-14 6.56E-08 9.97E-21 2.86E-07 1.32E-20 5.01E-11 5.20E-05 4.23E-10 5.572E-05
2.098E-01 1.02E-06 7.10E-14 3.49E-06 3.59E-14 8.72E-08 2.01E-20 3.81E-07 2.67E-20 7.12E-11 6.80E-05 8.51E-10 7.297E-05
1.500E-01 1.77E-06 2.71E-13 6.04E-06 1.37E-13 1.66E-07 7.69E-20 6.52E-07 1.02E-19 1.39E-10 1.14E-04 3.24E-09 1.231E-04
1.382E-01 2.03E-06 3.77E-13 6.90E-06 1.91E-13 1.96E-07 1.07E-19 7.48E-07 1.41E-19 1.64E-10 1.30E-04 4.50E-09 1.402E-04
1.320E-01 2.20E-06 4.52E-13 7.44E-06 2.29E-13 2.15E-07 1.28E-19 8.05E-07 1.70E-19 1.80E-10 1.40E-04 5.40E-09 1.507E-04
1.150E-01 2.77E-06 7.85E-13 9.34E-06 3.97E-13 2.81E-07 2.23E-19 1.01E-06 2.95E-19 2.37E-10 1.74E-04 9.35E-09 1.878E-04
1.000E-01 3.53E-06 1.37E-12 1.17E-05 6.95E-13 3.70E-07 3.89E-19 1.26E-06 5.15E-19 3.13E-10 2.18E-04 1.63E-08 2.353E-04
9.970E-02 3.55E-06 1.39E-12 1.18E-05 7.04E-13 3.72E-07 3.94E-19 1.26E-06 5.21E-19 3.15E-10 2.19E-04 1.65E-08 2.365E-04
8.670E-02 4.47E-06 2.43E-12 1.49E-05 1.23E-12 4.92E-07 6.89E-19 1.58E-06 9.11E-19 4.17E-10 2.73E-04 2.88E-08 2.946E-04
8.500E-02 4.63E-06 2.63E-12 1.54E-05 1.33E-12 5.11E-07 7.46E-19 1.63E-06 9.86E-19 4.34E-10 2.83E-04 3.12E-08 3.047E-04
7.500E-02 5.87E-06 4.34E-12 1.89E-05 2.20E-12 6.50E-07 1.23E-18 2.00E-06 1.63E-18 5.57E-10 3.53E-04 5.14E-08 3.805E-04
6.000E-02 8.64E-06 1.06E-11 2.73E-05 5.40E-12 9.99E-07 3.00E-18 2.90E-06 3.97E-18 8.71E-10 5.03E-04 1.25E-07 5.426E-04
5.500E-02 1.00E-05 1.50E-11 3.06E-05 7.68E-12 1.18E-06 4.25E-18 3.38E-06 5.63E-18 1.04E-09 5.80E-04 1.77E-07 6.258E-04
5.000E-02 1.19E-05 2.20E-11 3.79E-05 1.13E-11 1.40E-06 6.23E-18 4.02E-06 8.24E-18 1.25E-09 6.88E-04 2.59E-07 7.440E-04
4.500E-02 1.47E-05 3.35E-11 5.02E-05 1.74E-11 1.71E-06 9.49E-18 4.92E-06 1.26E-17 1.55E-09 8.41E-04 3.94E-07 9.131E-04
4.000E-02 1.89E-05 5.38E-11 6.70E-05 2.81E-11 2.14E-06 1.52E-17 6.22E-06 2.02E-17 1.96E-09 1.06E-03 6.30E-07 1.153E-03
3.500E-02 2.37E-05 9.18E-11 1.02E-04 4.84E-11 2.74E-06 2.59E-17 8.22E-06 3.44E-17 2.56E-09 1.31E-03 1.07E-06 1.444E-03
3.000E-02 3.34E-05 1.71E-10 1.59E-04 9.00E-11 3.65E-06 4.80E-17 1.15E-05 6.39E-17 3.49E-09 1.79E-03 1.98E-06 2.004E-03
2.750E-02 3.99E-05 2.42E-10 2.00E-04 1.28E-10 4.30E-06 6.80E-17 1.41E-05 9.06E-17 4.15E-09 2.10E-03 2.80E-06 2.361E-03
2.500E-02 4.80E-05 3.55E-10 2.55E-04 1.87E-10 5.14E-06 9.97E-17 1.77E-05 1.33E-16 5.03E-09 2.51E-03 4.10E-06 2.844E-03
2.400E-02 5.27E-05 4.18E-10 2.82E-04 2.20E-10 5.56E-06 1.17E-16 1.93E-05 1.56E-16 5.46E-09 2.71E-03 4.81E-06 3.070E-03
2.000E-02 7.71E-05 8.74E-10 4.39E-04 4.48E-10 7.86E-06 2.44E-16 2.79E-05 3.24E-16 7.87E-09 3.82E-03 9.93E-06 4.379E-03
1.800E-02 9.60E-05 1.34E-09 5.45E-04 6.72E-10 9.67E-06 3.72E-16 3.47E-05 4.94E-16 9.72E-09 4.69E-03 1.51E-05 5.394E-03
1.600E-02 1.27E-04 2.16E-09 6.78E-04 1.05E-09 1.22E-05 5.97E-16 4.43E-05 7.91E-16 1.23E-08 5.93E-03 2.41E-05 6.813E-03
1.500E-02 1.52E-04 2.81E-09 7.60E-04 1.35E-09 1.39E-05 7.73E-16 5.02E-05 1.02E-15 1.40E-08 6.74E-03 3.10E-05 7.745E-03
1.400E-02 1.73E-04 3.71E-09 8.53E-04 1.75E-09 1.61E-05 1.02E-15 5.80E-05 1.35E-15 1.61E-08 7.52E-03 4.08E-05 8.660E-03
1.200E-02 2.64E-04 6.96E-09 1.09E-03 3.14E-09 2.24E-05 1.90E-15 7.95E-05 2.50E-15 2.20E-08 1.02E-02 7.45E-05 1.171E-02
1.000E-02 4.00E-04 1.46E-08 1.44E-03 6.22E-09 3.39E-05 3.97E-15 1.16E-04 5.20E-15 3.19E-08 1.41E-02 1.53E-04 1.620E-02
9.000E-03 5.33E-04 2.25E-08 1.64E-03 9.24E-09 4.35E-05 6.08E-15 1.45E-04 7.94E-15 3.96E-08 1.72E-02 2.31E-04 1.982E-02
8.000E-03 7.07E-04 3.55E-08 1.90E-03 1.46E-08 5.82E-05 9.82E-15 1.86E-04 1.27E-14 5.04E-08 2.07E-02 3.63E-04 2.387E-02
7.500E-03 8.27E-04 4.65E-08 2.10E-03 1.88E-08 6.87E-05 1.28E-14 2.13E-04 1.65E-14 5.76E-08 2.35E-02 4.70E-04 2.717E-02
7.000E-03 9.99E-04 6.09E-08 2.36E-03 2.46E-08 8.24E-05 1.69E-14 2.47E-04 2.17E-14 6.65E-08 2.66E-02 6.12E-04 3.086E-02
6.000E-03 1.43E-03 1.11E-07 3.02E-03 4.49E-08 1.27E-04 3.19E-14 3.44E-04 4.02E-14 9.19E-08 3.48E-02 1.11E-03 4.088E-02
5.000E-03 2.05E-03 2.17E-07 4.30E-03 9.15E-08 2.23E-04 6.77E-14 5.06E-04 8.30E-14 1.36E-07 4.74E-02 2.26E-03 5.678E-02
4.500E-03 2.52E-03 3.14E-07 5.25E-03 1.36E-07 3.15E-04 1.04E-13 6.32E-04 1.26E-13 1.72E-07 5.72E-02 3.37E-03 6.924E-02
4.000E-03 3.00E-03 4.67E-07 6.56E-03 2.05E-07 4.61E-04 1.66E-13 8.08E-04 1.99E-13 2.25E-07 6.95E-02 5.25E-03 8.557E-02
3.500E-03 3.63E-03 7.39E-07 8.09E-03 3.23E-07 6.40E-04 2.66E-13 1.05E-03 3.36E-13 3.12E-07 8.72E-02 8.67E-03 1.093E-01
3.000E-03 4.48E-03 1.22E-06 9.95E-03 5.19E-07 6.76E-04 4.16E-13 1.44E-03 6.13E-13 4.81E-07 1.13E-01 1.50E-02 1.447E-01
2.750E-03 4.91E-03 1.60E-06 1.09E-02 6.69E-07 5.82E-04 5.36E-13 1.73E-03 8.55E-13 6.58E-07 1.30E-01 2.00E-02 1.677E-01
2.500E-03 5.30E-03 2.14E-06 1.19E-02 8.75E-07 4.59E-04 7.37E-13 2.12E-03 1.23E-12 1.12E-06 1.49E-01 2.67E-02 1.950E-01
2.400E-03 5.50E-03 2.44E-06 1.23E-02 9.82E-07 4.12E-04 8.56E-13 2.31E-03 1.43E-12 1.59E-06 1.57E-01 2.99E-02 2.073E-01
2.350E-03 5.61E-03 2.61E-06 1.26E-02 1.04E-06 3.89E-04 9.26E-13 2.42E-03 1.54E-12 1.90E-06 1.61E-01 3.16E-02 2.140E-01
2.320E-03 5.68E-03 2.72E-06 1.27E-02 1.08E-06 3.76E-04 9.73E-13 2.49E-03 1.62E-12 2.04E-06 1.64E-01 3.26E-02 2.178E-01
2.310E-03 5.70E-03 2.75E-06 1.28E-02 1.09E-06 3.72E-04 9.89E-13 2.51E-03 1.64E-12 2.08E-06 1.65E-01 3.30E-02 2.191E-01
2.300E-03 5.73E-03 2.79E-06 1.28E-02 1.11E-06 3.68E-04 1.01E-12 2.53E-03 1.67E-12 2.11E-06 1.66E-01 3.34E-02 2.204E-01
2.250E-03 5.82E-03 2.98E-06 1.31E-02 1.18E-06 3.48E-04 1.10E-12 2.66E-03 1.81E-12 2.20E-06 1.70E-01 3.52E-02 2.273E-01
2.200E-03 5.92E-03 3.19E-06 1.34E-02 1.26E-06 3.29E-04 1.20E-12 2.81E-03 1.96E-12 2.31E-06 1.75E-01 3.70E-02 2.341E-01
2.150E-03 6.03E-03 3.43E-06 1.38E-02 1.34E-06 3.12E-04 1.31E-12 2.95E-03 2.12E-12 2.53E-06 1.79E-01 3.88E-02 2.408E-01
2.120E-03 6.11E-03 3.58E-06 1.40E-02 1.38E-06 3.03E-04 1.39E-12 3.04E-03 2.22E-12 2.64E-06 1.82E-01 3.99E-02 2.449E-01
2.110E-03 6.14E-03 3.63E-06 1.41E-02 1.40E-06 3.00E-04 1.41E-12 3.07E-03 2.26E-12 2.66E-06 1.82E-01 4.02E-02 2.462E-01
2.100E-03 6.16E-03 3.68E-06 1.41E-02 1.41E-06 2.96E-04 1.44E-12 3.11E-03 2.30E-12 2.66E-06 1.83E-01 4.05E-02 2.475E-01
2.080E-03 6.18E-03 3.77E-06 1.42E-02 1.44E-06 2.91E-04 1.50E-12 3.18E-03 2.37E-12 2.64E-06 1.85E-01 4.11E-02 2.497E-01
2.000E-03 6.28E-03 4.26E-06 1.47E-02 1.56E-06 2.69E-04 1.75E-12 3.48E-03 2.69E-12 2.49E-06 1.91E-01 4.40E-02 2.597E-01
1.950E-03 6.37E-03 4.62E-06 1.49E-02 1.61E-06 2.58E-04 1.94E-12 3.68E-03 2.85E-12 2.69E-06 1.94E-01 4.50E-02 2.641E-01
1.900E-03 6.51E-03 5.05E-06 1.50E-02 1.66E-06 2.48E-04 2.16E-12 3.84E-03 2.98E-12 3.27E-06 1.96E-01 4.58E-02 2.672E-01
1.850E-03 6.64E-03 5.52E-06 1.49E-02 1.68E-06 2.38E-04 2.41E-12 3.92E-03 3.06E-12 4.24E-06 1.96E-01 4.63E-02 2.679E-01
1.830E-03 6.71E-03 5.71E-06 1.48E-02 1.68E-06 2.35E-04 2.52E-12 3.94E-03 3.08E-12 4.59E-06 1.95E-01 4.64E-02 2.676E-01
1.820E-03 6.73E-03 5.81E-06 1.47E-02 1.67E-06 2.33E-04 2.57E-12 3.94E-03 3.08E-12 4.70E-06 1.95E-01 4.64E-02 2.672E-01
1.810E-03 6.76E-03 5.91E-06 1.47E-02 1.67E-06 2.32E-04 2.63E-12 3.93E-03 3.09E-12 4.77E-06 1.95E-01 4.66E-02 2.668E-01
1.800E-03 6.78E-03 6.02E-06 1.46E-02 1.67E-06 2.30E-04 2.69E-12 3.92E-03 3.10E-12 4.81E-06 1.94E-01 4.67E-02 2.665E-01
1.750E-03 6.94E-03 6.59E-06 1.39E-02 1.63E-06 2.24E-04 3.02E-12 3.82E-03 3.11E-12 4.91E-06 1.91E-01 4.72E-02 2.637E-01
1.700E-03 7.03E-03 7.22E-06 1.29E-02 1.56E-06 2.18E-04 3.40E-12 3.63E-03 3.14E-12 6.03E-06 1.87E-01 4.83E-02 2.596E-01
1.670E-03 7.13E-03 7.68E-06 1.21E-02 1.52E-06 2.16E-04 3.66E-12 3.50E-03 3.17E-12 7.13E-06 1.85E-01 4.94E-02 2.578E-01
1.650E-03 7.23E-03 8.02E-06 1.15E-02 1.49E-06 2.14E-04 3.84E-12 3.39E-03 3.21E-12 7.52E-06 1.84E-01 5.02E-02 2.567E-01
1.640E-03 7.27E-03 8.18E-06 1.11E-02 1.48E-06 2.14E-04 3.94E-12 3.34E-03 3.23E-12 7.50E-06 1.83E-01 5.07E-02 2.560E-01
1.630E-03 7.31E-03 8.34E-06 1.08E-02 1.47E-06 2.13E-04 4.04E-12 3.28E-03 3.25E-12 7.35E-06 1.83E-01 5.11E-02 2.553E-01
1.610E-03 7.38E-03 8.67E-06 1.00E-02 1.47E-06 2.12E-04 4.24E-12 3.17E-03 3.34E-12 6.86E-06 1.81E-01 5.23E-02 2.544E-01
1.600E-03 7.42E-03 8.85E-06 9.65E-03 1.47E-06 2.12E-04 4.35E-12 3.11E-03 3.38E-12 6.63E-06 1.81E-01 5.30E-02 2.541E-01
1.590E-03 7.46E-03 9.04E-06 9.25E-03 1.48E-06 2.11E-04 4.47E-12 3.06E-03 3.43E-12 6.46E-06 1.80E-01 5.36E-02 2.537E-01
1.580E-03 7.50E-03 9.21E-06 8.86E-03 1.50E-06 2.11E-04 4.58E-12 3.00E-03 3.49E-12 6.34E-06 1.80E-01 5.44E-02 2.535E-01
1.570E-03 7.53E-03 9.39E-06 8.46E-03 1.53E-06 2.10E-04 4.70E-12 2.95E-03 3.56E-12 6.24E-06 1.79E-01 5.52E-02 2.533E-01
1.560E-03 7.57E-03 9.61E-06 8.09E-03 1.57E-06 2.10E-04 4.83E-12 2.89E-03 3.63E-12 6.10E-06 1.79E-01 5.62E-02 2.535E-01
1.540E-03 7.68E-03 1.00E-05 7.42E-03 1.69E-06 2.10E-04 5.09E-12 2.78E-03 3.80E-12 5.95E-06 1.78E-01 5.80E-02 2.541E-01
1.520E-03 7.74E-03 1.04E-05 6.89E-03 1.85E-06 2.10E-04 5.37E-12 2.68E-03 4.01E-12 6.28E-06 1.77E-01 6.02E-02 2.549E-01
1.510E-03 7.77E-03 1.06E-05 6.70E-03 1.95E-06 2.09E-04 5.51E-12 2.63E-03 4.12E-12 6.49E-06 1.77E-01 6.13E-02 2.556E-01
1.500E-03 7.79E-03 1.08E-05 6.55E-03 2.06E-06 2.10E-04 5.66E-12 2.59E-03 4.26E-12 6.53E-06 1.77E-01 6.26E-02 2.564E-01
1.450E-03 7.92E-03 1.21E-05 6.24E-03 2.67E-06 2.11E-04 6.50E-12 2.38E-03 5.15E-12 8.33E-06 1.78E-01 7.11E-02 2.657E-01
1.440E-03 7.96E-03 1.23E-05 6.24E-03 2.80E-06 2.11E-04 6.69E-12 2.35E-03 5.38E-12 9.25E-06 1.78E-01 7.30E-02 2.682E-01
1.430E-03 8.00E-03 1.26E-05 6.24E-03 2.93E-06 2.12E-04 6.88E-12 2.34E-03 5.66E-12 1.00E-05 1.80E-01 7.53E-02 2.718E-01
1.420E-03 8.04E-03 1.29E-05 6.23E-03 3.07E-06 2.12E-04 7.08E-12 2.33E-03 5.96E-12 1.04E-05 1.81E-01 7.76E-02 2.754E-01
1.400E-03 8.12E-03 1.35E-05 6.24E-03 3.37E-06 2.13E-04 7.50E-12 2.35E-03 6.62E-12 1.14E-05 1.85E-01 8.25E-02 2.841E-01
1.380E-03 8.21E-03 1.42E-05 6.24E-03 3.69E-06 2.15E-04 7.95E-12 2.41E-03 7.40E-12 1.45E-05 1.89E-01 8.74E-02 2.937E-01
1.370E-03 8.24E-03 1.45E-05 6.25E-03 3.86E-06 2.16E-04 8.19E-12 2.48E-03 7.82E-12 1.73E-05 1.92E-01 8.98E-02 2.989E-01
1.360E-03 8.29E-03 1.49E-05 6.26E-03 4.05E-06 2.17E-04 8.44E-12 2.55E-03 8.26E-12 2.01E-05 1.95E-01 9.20E-02 3.043E-01
1.350E-03 8.35E-03 1.53E-05 6.28E-03 4.24E-06 2.18E-04 8.69E-12 2.63E-03 8.72E-12 2.15E-05 1.98E-01 9.43E-02 3.097E-01
1.340E-03 8.41E-03 1.57E-05 6.30E-03 4.45E-06 2.19E-04 8.96E-12 2.72E-03 9.17E-12 2.33E-05 2.01E-01 9.61E-02 3.147E-01
1.330E-03 8.46E-03 1.60E-05 6.34E-03 4.67E-06 2.20E-04 9.23E-12 2.81E-03 9.64E-12 2.71E-05 2.04E-01 9.78E-02 3.195E-01
1.320E-03 8.52E-03 1.64E-05 6.38E-03 4.90E-06 2.21E-04 9.52E-12 2.91E-03 1.01E-11 3.35E-05 2.07E-01 9.96E-02 3.243E-01
1.310E-03 8.56E-03 1.68E-05 6.44E-03 5.15E-06 2.22E-04 9.82E-12 3.02E-03 1.06E-11 4.40E-05 2.09E-01 1.01E-01 3.288E-01
1.290E-03 8.61E-03 1.75E-05 6.59E-03 5.70E-06 2.25E-04 1.04E-11 3.24E-03 1.17E-11 9.12E-05 2.15E-01 1.04E-01 3.377E-01
1.280E-03 8.62E-03 1.80E-05 6.68E-03 5.98E-06 2.26E-04 1.08E-11 3.37E-03 1.23E-11 1.34E-04 2.18E-01 1.06E-01 3.423E-01
1.270E-03 8.66E-03 1.84E-05 6.73E-03 6.31E-06 2.28E-04 1.11E-11 3.51E-03 1.29E-11 1.62E-04 2.21E-01 1.07E-01 3.468E-01
1.260E-03 8.70E-03 1.89E-05 6.82E-03 6.68E-06 2.29E-04 1.15E-11 3.65E-03 1.35E-11 1.40E-04 2.23E-01 1.08E-01 3.510E-01
1.250E-03 8.73E-03 1.94E-05 6.96E-03 7.09E-06 2.31E-04 1.19E-11 3.80E-03 1.42E-11 1.03E-04 2.26E-01 1.09E-01 3.548E-01
1.220E-03 8.91E-03 2.11E-05 7.91E-03 8.77E-06 2.36E-04 1.31E-11 4.26E-03 1.62E-11 8.03E-05 2.34E-01 1.12E-01 3.672E-01
1.210E-03 8.96E-03 2.17E-05 8.63E-03 9.43E-06 2.37E-04 1.35E-11 4.44E-03 1.70E-11 9.25E-05 2.36E-01 1.12E-01 3.713E-01
1.200E-03 8.99E-03 2.22E-05 9.53E-03 1.01E-05 2.39E-04 1.40E-11 4.64E-03 1.78E-11 1.02E-04 2.39E-01 1.13E-01 3.755E-01
1.190E-03 9.06E-03 2.29E-05 1.05E-02 1.07E-05 2.41E-04 1.45E-11 4.84E-03 1.86E-11 1.02E-04 2.42E-01 1.14E-01 3.800E-01
1.180E-03 9.13E-03 2.36E-05 1.15E-02 1.12E-05 2.43E-04 1.50E-11 5.04E-03 1.94E-11 1.02E-04 2.44E-01 1.14E-01 3.835E-01
1.170E-03 9.19E-03 2.42E-05 1.24E-02 1.16E-05 2.45E-04 1.56E-11 5.26E-03 2.02E-11 1.13E-04 2.46E-01 1.14E-01 3.870E-01
1.160E-03 9.26E-03 2.49E-05 1.33E-02 1.19E-05 2.48E-04 1.62E-11 5.46E-03 2.10E-11 1.46E-04 2.48E-01 1.14E-01 3.901E-01
1.150E-03 9.30E-03 2.55E-05 1.40E-02 1.22E-05 3.48E-04 1.60E-11 5.66E-03 2.19E-11 2.13E-04 2.50E-01 1.14E-01 3.930E-01
1.140E-03 9.32E-03 2.61E-05 1.46E-02 1.25E-05 2.59E-04 1.71E-11 5.89E-03 2.29E-11 3.20E-04 2.51E-01 1.14E-01 3.958E-01
1.130E-03 9.36E-03 2.68E-05 1.52E-02 1.28E-05 2.58E-04 1.77E-11 6.12E-03 2.39E-11 3.91E-04 2.53E-01 1.14E-01 3.988E-01
1.120E-03 9.39E-03 2.76E-05 1.57E-02 1.31E-05 2.60E-04 1.84E-11 6.38E-03 2.49E-11 3.15E-04 2.55E-01 1.14E-01 4.012E-01
1.110E-03 9.41E-03 2.84E-05 1.62E-02 1.34E-05 2.62E-04 1.91E-11 6.66E-03 2.60E-11 2.00E-04 2.57E-01 1.14E-01 4.035E-01
1.090E-03 9.48E-03 3.01E-05 1.71E-02 1.40E-05 2.67E-04 2.06E-11 7.22E-03 2.83E-11 8.27E-05 2.60E-01 1.13E-01 4.076E-01
1.050E-03 9.70E-03 3.43E-05 1.89E-02 1.51E-05 2.80E-04 2.39E-11 8.73E-03 3.36E-11 2.70E-05 2.66E-01 1.10E-01 4.140E-01
1.000E-03 1.01E-02 4.05E-05 2.07E-02 1.59E-05 2.98E-04 2.91E-11 1.01E-02 3.60E-11 1.33E-05 2.63E-01 1.02E-01 4.064E-01
9.800E-04 1.02E-02 4.34E-05 2.11E-02 1.59E-05 3.07E-04 3.16E-11 1.06E-02 3.70E-11 1.15E-05 2.62E-01 9.89E-02 4.030E-01
9.600E-04 1.04E-02 4.66E-05 2.10E-02 1.55E-05 3.16E-04 3.43E-11 1.11E-02 3.73E-11 1.05E-05 2.59E-01 9.44E-02 3.963E-01
9.500E-04 1.05E-02 4.82E-05 2.07E-02 1.52E-05 3.21E-04 3.58E-11 1.12E-02 3.65E-11 1.04E-05 2.56E-01 9.12E-02 3.905E-01
9.400E-04 1.06E-02 4.97E-05 2.04E-02 1.49E-05 3.26E-04 3.73E-11 1.12E-02 3.50E-11 1.04E-05 2.53E-01 8.75E-02 3.826E-01
9.200E-04 1.07E-02 5.31E-05 1.94E-02 1.43E-05 3.36E-04 4.07E-11 1.04E-02 2.91E-11 1.11E-05 2.41E-01 7.95E-02 3.618E-01
8.900E-04 1.10E-02 5.94E-05 1.72E-02 1.34E-05 3.53E-04 4.64E-11 8.22E-03 1.86E-11 1.64E-05 2.21E-01 6.99E-02 3.278E-01
8.700E-04 1.11E-02 6.35E-05 1.55E-02 1.31E-05 3.66E-04 5.09E-11 6.84E-03 1.38E-11 3.76E-05 2.09E-01 6.71E-02 3.097E-01
8.600E-04 1.12E-02 6.60E-05 1.47E-02 1.31E-05 3.73E-04 5.33E-11 6.28E-03 1.22E-11 5.71E-05 2.04E-01 6.68E-02 3.035E-01
8.500E-04 1.13E-02 6.84E-05 1.39E-02 1.31E-05 3.80E-04 5.58E-11 5.79E-03 1.09E-11 4.05E-05 1.99E-01 6.66E-02 2.973E-01
8.400E-04 1.14E-02 7.14E-05 1.30E-02 1.31E-05 3.87E-04 5.85E-11 5.29E-03 9.52E-12 2.88E-05 1.94E-01 6.63E-02 2.908E-01
8.200E-04 1.15E-02 7.62E-05 1.08E-02 1.34E-05 4.02E-04 6.44E-11 4.08E-03 6.84E-12 2.93E-05 1.82E-01 6.65E-02 2.749E-01
8.000E-04 1.17E-02 8.26E-05 8.72E-03 1.48E-05 4.18E-04 7.11E-11 2.79E-03 5.28E-12 4.32E-05 1.68E-01 7.10E-02 2.630E-01
7.900E-04 1.18E-02 8.61E-05 7.91E-03 1.60E-05 4.26E-04 7.47E-11 2.34E-03 5.68E-12 5.41E-05 1.65E-01 7.62E-02 2.635E-01
7.800E-04 1.18E-02 8.91E-05 7.26E-03 1.72E-05 4.35E-04 7.86E-11 1.91E-03 6.43E-12 6.49E-05 1.60E-01 8.20E-02 2.640E-01
7.700E-04 1.19E-02 9.26E-05 6.70E-03 1.87E-05 4.44E-04 8.28E-11 1.57E-03 7.66E-12 6.98E-05 1.57E-01 8.88E-02 2.670E-01
7.600E-04 1.19E-02 9.63E-05 6.22E-03 2.03E-05 4.53E-04 8.72E-11 1.33E-03 9.35E-12 6.47E-05 1.56E-01 9.63E-02 2.724E-01
7.500E-04 1.19E-02 1.00E-04 5.79E-03 2.20E-05 4.62E-04 9.19E-11 1.12E-03 1.14E-11 5.33E-05 1.55E-01 1.04E-01 2.786E-01
7.300E-04 1.21E-02 1.10E-04 5.13E-03 2.60E-05 4.82E-04 1.02E-10 9.37E-04 1.62E-11 3.27E-05 1.56E-01 1.20E-01 2.957E-01
7.200E-04 1.21E-02 1.14E-04 4.92E-03 2.83E-05 4.93E-04 1.08E-10 9.06E-04 1.88E-11 2.70E-05 1.58E-01 1.27E-01 3.033E-01
7.100E-04 1.22E-02 1.20E-04 4.79E-03 3.06E-05 5.04E-04 1.14E-10 8.79E-04 2.16E-11 2.63E-05 1.59E-01 1.35E-01 3.118E-01
7.000E-04 1.23E-02 1.26E-04 4.66E-03 3.30E-05 5.16E-04 1.21E-10 8.70E-04 2.44E-11 3.70E-05 1.61E-01 1.41E-01 3.202E-01
6.900E-04 1.24E-02 1.30E-04 4.48E-03 3.55E-05 5.28E-04 1.28E-10 8.65E-04 2.75E-11 2.11E-05 1.62E-01 1.47E-01 3.270E-01
6.800E-04 1.22E-02 1.36E-04 4.24E-03 3.81E-05 5.40E-04 1.36E-10 8.65E-04 3.06E-11 1.60E-05 1.62E-01 1.54E-01 3.335E-01
6.600E-04 1.23E-02 1.53E-04 3.82E-03 4.43E-05 5.67E-04 1.53E-10 8.65E-04 3.76E-11 1.52E-05 1.65E-01 1.68E-01 3.510E-01
6.400E-04 1.26E-02 1.73E-04 3.31E-03 5.17E-05 5.95E-04 1.73E-10 8.63E-04 4.56E-11 2.38E-05 1.69E-01 1.81E-01 3.676E-01
6.300E-04 1.29E-02 1.82E-04 3.09E-03 5.61E-05 6.02E-04 1.84E-10 8.60E-04 5.00E-11 3.82E-05 1.71E-01 1.85E-01 3.745E-01
6.200E-04 1.30E-02 1.91E-04 3.04E-03 6.10E-05 6.28E-04 1.96E-10 8.56E-04 5.49E-11 5.25E-05 1.72E-01 1.91E-01 3.812E-01
6.100E-04 1.31E-02 2.02E-04 3.02E-03 6.57E-05 6.45E-04 2.09E-10 8.50E-04 6.00E-11 3.75E-05 1.74E-01 1.97E-01 3.886E-01
5.900E-04 1.37E-02 2.27E-04 2.49E-03 7.66E-05 6.80E-04 2.39E-10 8.38E-04 7.19E-11 1.55E-05 1.78E-01 2.07E-01 4.026E-01
5.500E-04 1.32E-02 2.73E-04 1.84E-03 1.08E-04 7.63E-04 3.15E-10 8.26E-04 1.03E-10 1.24E-05 1.77E-01 2.35E-01 4.283E-01
5.300E-04 1.34E-02 3.14E-04 1.65E-03 1.28E-04 8.11E-04 3.65E-10 8.28E-04 1.23E-10 2.09E-05 1.79E-01 2.49E-01 4.448E-01
5.200E-04 1.34E-02 3.36E-04 1.55E-03 1.40E-04 8.37E-04 3.93E-10 8.30E-04 1.35E-10 3.46E-05 1.80E-01 2.55E-01 4.527E-01
5.100E-04 1.36E-02 3.62E-04 1.45E-03 1.53E-04 8.63E-04 4.25E-10 8.33E-04 1.48E-10 4.88E-05 1.82E-01 2.62E-01 4.607E-01
5.000E-04 1.37E-02 3.89E-04 1.34E-03 1.70E-04 8.91E-04 4.59E-10 8.38E-04 1.63E-10 3.42E-05 1.83E-01 2.67E-01 4.683E-01
4.800E-04 1.40E-02 4.50E-04 1.19E-03 2.04E-04 9.50E-04 5.40E-10 8.52E-04 1.97E-10 1.41E-05 1.86E-01 2.79E-01 4.831E-01
4.500E-04 1.45E-02 5.63E-04 9.99E-04 2.72E-04 1.05E-03 6.97E-10 8.83E-04 2.63E-10 9.65E-06 1.90E-01 2.94E-01 5.030E-01
4.000E-04 1.52E-02 8.59E-04 7.41E-04 4.52E-04 1.27E-03 1.11E-09 9.50E-04 4.39E-10 1.02E-05 1.97E-01 3.17E-01 5.333E-01
3.800E-04 1.56E-02 1.04E-03 6.54E-04 5.63E-04 1.37E-03 1.36E-09 9.79E-04 5.46E-10 1.15E-05 1.99E-01 3.24E-01 5.433E-01
3.600E-04 1.61E-02 1.27E-03 5.75E-04 7.07E-04 1.49E-03 1.68E-09 1.01E-03 6.87E-10 1.46E-05 2.02E-01 3.28E-01 5.516E-01
3.400E-04 1.70E-02 1.55E-03 5.07E-04 8.99E-04 1.64E-03 2.10E-09 1.05E-03 8.73E-10 3.50E-05 2.06E-01 3.29E-01 5.578E-01
3.300E-04 1.70E-02 1.71E-03 4.75E-04 1.02E-03 1.72E-03 2.37E-09 1.07E-03 9.88E-10 1.02E-04 2.06E-01 3.32E-01 5.607E-01
3.200E-04 1.71E-02 1.92E-03 4.43E-04 1.16E-03 1.80E-03 2.67E-09 1.08E-03 1.12E-09 3.55E-05 2.07E-01 3.33E-01 5.634E-01
3.150E-04 1.73E-02 2.04E-03 4.29E-04 1.24E-03 1.84E-03 2.84E-09 1.09E-03 1.20E-09 2.52E-05 2.07E-01 3.33E-01 5.646E-01
3.100E-04 1.75E-02 2.16E-03 4.15E-04 1.32E-03 1.89E-03 3.02E-09 1.10E-03 1.28E-09 2.11E-05 2.08E-01 3.33E-01 5.657E-01
3.080E-04 1.76E-02 2.21E-03 4.09E-04 1.36E-03 1.91E-03 3.10E-09 1.11E-03 1.31E-09 2.02E-05 2.09E-01 3.33E-01 5.661E-01
3.050E-04 1.77E-02 2.29E-03 4.00E-04 1.41E-03 1.94E-03 3.22E-09 1.11E-03 1.37E-09 1.93E-05 2.09E-01 3.33E-01 5.668E-01
3.000E-04 1.78E-02 2.43E-03 3.88E-04 1.51E-03 1.99E-03 3.44E-09 1.12E-03 1.47E-09 1.85E-05 2.09E-01 3.33E-01 5.678E-01
2.900E-04 1.83E-02 2.75E-03 3.62E-04 1.74E-03 2.10E-03 3.93E-09 1.15E-03 1.68E-09 1.83E-05 2.11E-01 3.33E-01 5.696E-01
2.800E-04 1.85E-02 3.10E-03 3.38E-04 2.01E-03 2.22E-03 4.51E-09 1.17E-03 1.95E-09 1.90E-05 2.11E-01 3.33E-01 5.715E-01
2.600E-04 1.92E-02 4.08E-03 2.94E-04 2.72E-03 2.49E-03 6.04E-09 1.23E-03 2.63E-09 2.15E-05 2.13E-01 3.33E-01 5.760E-01
2.500E-04 1.97E-02 4.71E-03 2.74E-04 3.19E-03 2.65E-03 7.04E-09 1.26E-03 3.09E-09 2.33E-05 2.14E-01 3.33E-01 5.789E-01
2.200E-04 2.19E-02 7.44E-03 2.22E-04 5.34E-03 3.22E-03 1.16E-08 1.38E-03 5.19E-09 3.10E-05 2.18E-01 3.34E-01 5.915E-01
2.159E-04 2.22E-02 7.92E-03 2.15E-04 5.76E-03 3.31E-03 1.25E-08 1.40E-03 5.61E-09 3.24E-05 2.18E-01 3.34E-01 5.936E-01
2.000E-04 2.37E-02 1.03E-02 1.95E-04 7.81E-03 3.72E-03 1.69E-08 1.49E-03 7.63E-09 3.92E-05 2.20E-01 3.36E-01 6.030E-01
1.662E-04 2.80E-02 1.82E-02 1.57E-04 1.61E-02 4.95E-03 3.48E-08 1.72E-03 1.61E-08 6.45E-05 2.23E-01 3.33E-01 6.253E-01
1.650E-04 2.82E-02 1.86E-02 1.56E-04 1.65E-02 5.00E-03 3.58E-08 1.73E-03 1.66E-08 6.58E-05 2.23E-01 3.33E-01 6.263E-01
1.250E-04 3.83E-02 3.97E-02 1.45E-04 4.47E-02 7.70E-03 1.06E-07 2.20E-03 5.04E-08 1.47E-04 2.27E-01 3.22E-01 6.818E-01
1.235E-04 3.88E-02 4.09E-02 1.44E-04 4.66E-02 7.84E-03 1.11E-07 2.22E-03 5.29E-08 1.52E-04 2.27E-01 3.21E-01 6.850E-01
1.130E-04 4.29E-02 4.98E-02 1.50E-04 6.22E-02 9.01E-03 1.58E-07 2.42E-03 7.55E-08 1.96E-04 2.28E-01 3.16E-01 7.109E-01
1.000E-04 4.93E-02 6.27E-02 1.72E-04 9.13E-02 1.10E-02 2.54E-07 2.71E-03 1.23E-07 2.75E-04 2.31E-01 3.07E-01 7.546E-01
9.500E-05 5.22E-02 6.78E-02 1.74E-04 1.07E-01 1.19E-02 3.10E-07 2.84E-03 1.51E-07 3.16E-04 2.31E-01 3.03E-01 7.766E-01
9.300E-05 5.34E-02 6.99E-02 1.79E-04 1.14E-01 1.24E-02 3.37E-07 2.90E-03 1.64E-07 3.34E-04 2.32E-01 3.01E-01 7.863E-01
9.200E-05 5.40E-02 7.09E-02 1.81E-04 1.18E-01 1.26E-02 3.51E-07 2.93E-03 1.72E-07 3.44E-04 2.32E-01 3.00E-01 7.914E-01
9.100E-05 5.46E-02 7.19E-02 1.86E-04 1.22E-01 1.28E-02 3.67E-07 2.96E-03 1.79E-07 3.54E-04 2.32E-01 3.00E-01 7.967E-01
9.000E-05 5.52E-02 7.30E-02 1.88E-04 1.27E-01 1.30E-02 3.83E-07 2.99E-03 1.87E-07 3.64E-04 2.32E-01 2.99E-01 8.022E-01
8.900E-05 5.58E-02 7.41E-02 1.92E-04 1.31E-01 1.33E-02 4.00E-07 3.02E-03 1.96E-07 3.75E-04 2.32E-01 2.98E-01 8.078E-01
8.800E-05 5.64E-02 7.52E-02 1.94E-04 1.36E-01 1.35E-02 4.18E-07 3.06E-03 2.05E-07 3.86E-04 2.32E-01 2.97E-01 8.136E-01
8.700E-05 5.70E-02 7.63E-02 2.02E-04 1.40E-01 1.38E-02 4.37E-07 3.09E-03 2.15E-07 3.98E-04 2.32E-01 2.96E-01 8.197E-01
8.600E-05 5.76E-02 7.74E-02 2.03E-04 1.45E-01 1.40E-02 4.57E-07 3.12E-03 2.25E-07 4.10E-04 2.32E-01 2.95E-01 8.259E-01
8.500E-05 5.83E-02 7.85E-02 2.06E-04 1.51E-01 1.43E-02 4.78E-07 3.16E-03 2.36E-07 4.23E-04 2.33E-01 2.95E-01 8.324E-01
8.400E-05 5.89E-02 7.97E-02 2.09E-04 1.56E-01 1.45E-02 5.00E-07 3.19E-03 2.47E-07 4.36E-04 2.33E-01 2.94E-01 8.391E-01
8.330E-05 5.94E-02 8.05E-02 2.13E-04 1.60E-01 1.47E-02 5.17E-07 3.22E-03 2.56E-07 4.45E-04 2.33E-01 2.93E-01 8.440E-01
8.200E-05 6.03E-02 8.20E-02 2.17E-04 1.67E-01 1.51E-02 5.49E-07 3.27E-03 2.72E-07 4.63E-04 2.33E-01 2.92E-01 8.533E-01
8.100E-05 6.10E-02 8.32E-02 2.23E-04 1.74E-01 1.54E-02 5.76E-07 3.31E-03 2.86E-07 4.78E-04 2.33E-01 2.91E-01 8.608E-01
8.000E-05 6.18E-02 8.44E-02 2.26E-04 1.80E-01 1.57E-02 6.04E-07 3.34E-03 3.00E-07 4.93E-04 2.33E-01 2.90E-01 8.685E-01
7.900E-05 6.26E-02 8.55E-02 2.31E-04 1.87E-01 1.60E-02 6.34E-07 3.38E-03 3.16E-07 5.09E-04 2.33E-01 2.89E-01 8.765E-01
7.800E-05 6.35E-02 8.66E-02 2.36E-04 1.93E-01 1.63E-02 6.66E-07 3.42E-03 3.33E-07 5.25E-04 2.33E-01 2.88E-01 8.848E-01
7.700E-05 6.43E-02 8.77E-02 2.42E-04 2.00E-01 1.67E-02 7.01E-07 3.47E-03 3.50E-07 5.42E-04 2.33E-01 2.87E-01 8.932E-01
7.600E-05 6.53E-02 8.87E-02 2.52E-04 2.08E-01 1.70E-02 7.37E-07 3.51E-03 3.69E-07 5.60E-04 2.33E-01 2.86E-01 9.020E-01
7.500E-05 6.62E-02 8.97E-02 2.60E-04 2.16E-01 1.73E-02 7.76E-07 3.55E-03 3.89E-07 5.78E-04 2.33E-01 2.84E-01 9.110E-01
7.400E-05 6.71E-02 9.07E-02 2.70E-04 2.24E-01 1.77E-02 8.17E-07 3.60E-03 4.11E-07 5.98E-04 2.34E-01 2.83E-01 9.202E-01
7.300E-05 6.81E-02 9.15E-02 2.83E-04 2.32E-01 1.81E-02 8.61E-07 3.64E-03 4.34E-07 6.18E-04 2.34E-01 2.82E-01 9.297E-01
7.140E-05 6.97E-02 9.29E-02 2.90E-04 2.46E-01 1.87E-02 9.38E-07 3.72E-03 4.74E-07 6.52E-04 2.34E-01 2.80E-01 9.455E-01
7.100E-05 7.01E-02 9.32E-02 2.93E-04 2.49E-01 1.88E-02 9.59E-07 3.74E-03 4.85E-07 6.61E-04 2.34E-01 2.80E-01 9.496E-01
7.000E-05 7.11E-02 9.39E-02 3.02E-04 2.58E-01 1.92E-02 1.01E-06 3.79E-03 5.14E-07 6.84E-04 2.34E-01 2.78E-01 9.598E-01
6.900E-05 7.21E-02 9.47E-02 3.10E-04 2.68E-01 1.97E-02 1.07E-06 3.84E-03 5.44E-07 7.08E-04 2.34E-01 2.77E-01 9.704E-01
6.800E-05 7.31E-02 9.54E-02 3.24E-04 2.78E-01 2.01E-02 1.13E-06 3.89E-03 5.77E-07 7.33E-04 2.34E-01 2.76E-01 9.813E-01
6.700E-05 7.42E-02 9.60E-02 3.37E-04 2.88E-01 2.05E-02 1.20E-06 3.95E-03 6.12E-07 7.59E-04 2.34E-01 2.75E-01 9.925E-01
6.600E-05 7.52E-02 9.66E-02 3.51E-04 2.98E-01 2.10E-02 1.27E-06 4.01E-03 6.51E-07 7.87E-04 2.34E-01 2.74E-01 1.004E+00
6.500E-05 7.63E-02 9.72E-02 3.58E-04 3.09E-01 2.15E-02 1.35E-06 4.06E-03 6.92E-07 8.16E-04 2.34E-01 2.72E-01 1.016E+00
6.400E-05 7.74E-02 9.77E-02 3.67E-04 3.20E-01 2.20E-02 1.44E-06 4.12E-03 7.37E-07 8.46E-04 2.34E-01 2.71E-01 1.028E+00
6.300E-05 7.86E-02 9.81E-02 3.78E-04 3.31E-01 2.25E-02 1.53E-06 4.19E-03 7.85E-07 8.78E-04 2.34E-01 2.70E-01 1.040E+00
6.250E-05 7.92E-02 9.83E-02 3.82E-04 3.37E-01 2.28E-02 1.58E-06 4.22E-03 8.11E-07 8.94E-04 2.34E-01 2.69E-01 1.046E+00
6.200E-05 7.97E-02 9.85E-02 3.93E-04 3.43E-01 2.31E-02 1.63E-06 4.25E-03 8.37E-07 9.11E-04 2.34E-01 2.69E-01 1.053E+00
6.100E-05 8.09E-02 9.88E-02 4.10E-04 3.55E-01 2.36E-02 1.73E-06 4.32E-03 8.94E-07 9.47E-04 2.34E-01 2.67E-01 1.066E+00
6.000E-05 8.22E-02 9.90E-02 4.29E-04 3.68E-01 2.42E-02 1.85E-06 4.38E-03 9.56E-07 9.84E-04 2.34E-01 2.66E-01 1.079E+00
5.900E-05 8.34E-02 9.91E-02 4.46E-04 3.81E-01 2.48E-02 1.97E-06 4.46E-03 1.02E-06 1.02E-03 2.34E-01 2.65E-01 1.093E+00
5.800E-05 8.47E-02 9.91E-02 4.65E-04 3.94E-01 2.54E-02 2.11E-06 4.53E-03 1.10E-06 1.07E-03 2.34E-01 2.64E-01 1.107E+00
5.700E-05 8.60E-02 9.89E-02 4.91E-04 4.08E-01 2.61E-02 2.26E-06 4.60E-03 1.18E-06 1.11E-03 2.34E-01 2.62E-01 1.122E+00
5.600E-05 8.73E-02 9.87E-02 5.16E-04 4.23E-01 2.67E-02 2.42E-06 4.68E-03 1.26E-06 1.16E-03 2.34E-01 2.61E-01 1.137E+00
5.500E-05 8.86E-02 9.84E-02 5.39E-04 4.38E-01 2.74E-02 2.60E-06 4.76E-03 1.36E-06 1.21E-03 2.34E-01 2.60E-01 1.153E+00
5.477E-05 8.89E-02 9.83E-02 5.41E-04 4.42E-01 2.76E-02 2.65E-06 4.78E-03 1.38E-06 1.58E-03 2.34E-01 2.60E-01 1.157E+00
5.400E-05 8.99E-02 9.80E-02 5.60E-04 4.54E-01 2.82E-02 2.80E-06 4.85E-03 1.46E-06 1.64E-03 2.34E-01 2.59E-01 1.170E+00
5.300E-05 9.12E-02 9.75E-02 5.86E-04 4.70E-01 2.91E-02 3.02E-06 4.93E-03 1.58E-06 1.72E-03 2.34E-01 2.58E-01 1.187E+00
5.200E-05 9.24E-02 9.70E-02 6.23E-04 4.87E-01 3.00E-02 3.26E-06 5.02E-03 1.71E-06 1.82E-03 2.34E-01 2.57E-01 1.204E+00
5.100E-05 9.36E-02 9.65E-02 6.57E-04 5.04E-01 3.09E-02 3.53E-06 5.12E-03 1.85E-06 1.92E-03 2.33E-01 2.56E-01 1.222E+00
5.000E-05 9.48E-02 9.59E-02 6.95E-04 5.22E-01 3.19E-02 3.82E-06 5.21E-03 2.00E-06 2.03E-03 2.33E-01 2.55E-01 1.240E+00
4.900E-05 9.59E-02 9.53E-02 7.30E-04 5.40E-01 3.29E-02 4.15E-06 5.31E-03 2.17E-06 2.15E-03 2.33E-01 2.54E-01 1.258E+00
4.880E-05 9.61E-02 9.52E-02 7.37E-04 5.43E-01 3.31E-02 4.22E-06 5.33E-03 2.21E-06 2.18E-03 2.33E-01 2.53E-01 1.262E+00
4.800E-05 9.70E-02 9.47E-02 7.72E-04 5.58E-01 3.40E-02 4.51E-06 5.42E-03 2.36E-06 2.29E-03 2.32E-01 2.53E-01 1.278E+00
4.760E-05 9.74E-02 9.44E-02 7.90E-04 5.66E-01 3.46E-02 4.67E-06 5.46E-03 2.44E-06 2.35E-03 2.32E-01 2.52E-01 1.285E+00
4.700E-05 9.80E-02 9.41E-02 8.20E-04 5.77E-01 3.54E-02 4.92E-06 5.53E-03 2.57E-06 2.44E-03 2.32E-01 2.52E-01 1.297E+00
4.650E-05 9.85E-02 9.37E-02 8.40E-04 5.86E-01 3.61E-02 5.14E-06 5.58E-03 2.69E-06 2.52E-03 2.32E-01 2.52E-01 1.307E+00
4.600E-05 9.90E-02 9.35E-02 8.73E-04 5.96E-01 3.68E-02 5.37E-06 5.64E-03 2.81E-06 2.61E-03 2.32E-01 2.51E-01 1.317E+00
4.550E-05 9.94E-02 9.31E-02 9.09E-04 6.06E-01 3.75E-02 5.62E-06 5.70E-03 2.94E-06 2.70E-03 2.31E-01 2.51E-01 1.327E+00
4.500E-05 9.99E-02 9.28E-02 9.49E-04 6.15E-01 3.82E-02 5.88E-06 5.76E-03 3.07E-06 2.79E-03 2.31E-01 2.51E-01 1.338E+00
4.440E-05 1.00E-01 9.25E-02 1.00E-03 6.27E-01 3.92E-02 6.21E-06 5.83E-03 3.25E-06 2.91E-03 2.31E-01 2.50E-01 1.350E+00
4.350E-05 1.01E-01 9.20E-02 1.09E-03 6.45E-01 4.06E-02 6.76E-06 5.94E-03 3.53E-06 3.11E-03 2.31E-01 2.50E-01 1.369E+00
4.170E-05 1.03E-01 9.10E-02 1.33E-03 6.82E-01 4.41E-02 8.04E-06 6.18E-03 4.20E-06 3.59E-03 2.30E-01 2.49E-01 1.409E+00
4.000E-05 1.04E-01 9.01E-02 1.75E-03 7.16E-01 4.77E-02 9.55E-06 6.42E-03 4.99E-06 4.16E-03 2.29E-01 2.48E-01 1.447E+00
3.850E-05 1.05E-01 8.93E-02 2.32E-03 7.47E-01 5.11E-02 1.12E-05 6.64E-03 5.84E-06 4.81E-03 2.28E-01 2.47E-01 1.480E+00
3.656E-05 1.05E-01 8.84E-02 3.40E-03 7.83E-01 5.59E-02 1.40E-05 6.96E-03 7.26E-06 5.92E-03 2.26E-01 2.47E-01 1.523E+00
3.570E-05 1.06E-01 8.80E-02 3.96E-03 7.99E-01 5.82E-02 1.54E-05 7.10E-03 8.01E-06 6.56E-03 2.26E-01 2.47E-01 1.541E+00
3.330E-05 1.06E-01 8.70E-02 5.92E-03 8.37E-01 6.62E-02 2.12E-05 7.54E-03 1.07E-05 9.11E-03 2.24E-01 2.46E-01 1.590E+00
3.130E-05 1.07E-01 8.62E-02 7.84E-03 8.62E-01 7.61E-02 2.85E-05 7.94E-03 1.40E-05 1.28E-02 2.22E-01 2.46E-01 1.628E+00
3.000E-05 1.07E-01 8.57E-02 9.34E-03 8.73E-01 8.50E-02 3.54E-05 8.22E-03 1.67E-05 1.68E-02 2.21E-01 2.46E-01 1.652E+00
2.940E-05 1.07E-01 8.55E-02 1.01E-02 8.76E-01 8.95E-02 3.92E-05 8.35E-03 1.83E-05 1.93E-02 2.21E-01 2.45E-01 1.662E+00
2.780E-05 1.07E-01 8.48E-02 1.23E-02 8.79E-01 1.05E-01 5.39E-05 8.71E-03 2.33E-05 3.03E-02 2.20E-01 2.45E-01 1.692E+00
2.630E-05 1.06E-01 8.42E-02 1.46E-02 8.76E-01 1.28E-01 7.65E-05 9.05E-03 2.98E-05 5.34E-02 2.19E-01 2.45E-01 1.735E+00
2.500E-05 1.06E-01 8.38E-02 1.72E-02 8.66E-01 1.60E-01 1.12E-04 9.35E-03 3.75E-05 1.05E-01 2.18E-01 2.45E-01 1.809E+00
2.380E-05 1.05E-01 8.35E-02 2.05E-02 8.54E-01 2.20E-01 1.70E-04 9.38E-03 4.70E-05 2.36E-01 2.16E-01 2.45E-01 1.990E+00
2.270E-05 1.05E-01 8.30E-02 2.49E-02 8.43E-01 3.18E-01 2.49E-04 9.75E-03 5.90E-05 3.93E-01 2.15E-01 2.44E-01 2.237E+00
2.170E-05 1.04E-01 8.27E-02 3.11E-02 8.37E-01 4.30E-01 3.24E-04 1.10E-02 7.39E-05 2.45E-01 2.14E-01 2.44E-01 2.201E+00
2.080E-05 1.04E-01 8.24E-02 4.18E-02 8.35E-01 4.46E-01 3.01E-04 1.37E-02 9.18E-05 1.21E-01 2.13E-01 2.45E-01 2.102E+00
2.000E-05 1.03E-01 8.20E-02 1.40E-01 7.46E-01 3.86E-01 2.35E-04 1.74E-02 1.13E-04 7.02E-02 2.12E-01 2.45E-01 2.003E+00
1.920E-05 1.03E-01 8.20E-02 2.51E-01 6.38E-01 3.00E-01 1.62E-04 2.40E-02 1.40E-04 4.47E-02 2.11E-01 2.45E-01 1.898E+00
1.850E-05 1.02E-01 8.25E-02 3.10E-01 5.77E-01 2.35E-01 1.14E-04 3.21E-02 1.71E-04 3.24E-02 2.10E-01 2.45E-01 1.827E+00
1.790E-05 1.02E-01 8.27E-02 3.72E-01 5.09E-01 1.91E-01 8.74E-05 4.10E-02 2.05E-04 2.57E-02 2.09E-01 2.46E-01 1.778E+00
1.720E-05 1.02E-01 8.30E-02 4.07E-01 4.67E-01 1.53E-01 6.95E-05 5.68E-02 2.57E-04 2.07E-02 2.07E-01 2.47E-01 1.744E+00
1.670E-05 1.01E-01 8.33E-02 4.20E-01 4.51E-01 1.31E-01 6.32E-05 7.17E-02 3.04E-04 1.84E-02 2.06E-01 2.47E-01 1.730E+00
1.610E-05 1.01E-01 8.36E-02 4.29E-01 4.38E-01 1.11E-01 6.43E-05 9.76E-02 3.75E-04 1.65E-02 2.04E-01 2.48E-01 1.729E+00
1.560E-05 1.01E-01 8.39E-02 4.32E-01 4.30E-01 9.73E-02 7.26E-05 1.28E-01 4.49E-04 1.56E-02 2.03E-01 2.49E-01 1.740E+00
1.520E-05 1.01E-01 8.40E-02 4.34E-01 4.25E-01 8.82E-02 8.44E-05 1.59E-01 5.16E-04 1.52E-02 2.02E-01 2.49E-01 1.758E+00
1.470E-05 1.00E-01 8.42E-02 4.34E-01 4.19E-01 7.85E-02 1.07E-04 2.05E-01 6.12E-04 1.52E-02 2.01E-01 2.50E-01 1.789E+00
1.430E-05 9.99E-02 8.43E-02 4.34E-01 4.15E-01 7.36E-02 1.33E-04 2.45E-01 6.84E-04 1.55E-02 2.00E-01 2.50E-01 1.818E+00
1.390E-05 9.95E-02 8.43E-02 4.33E-01 4.11E-01 7.15E-02 1.69E-04 2.75E-01 7.57E-04 1.62E-02 2.00E-01 2.50E-01 1.842E+00
1.350E-05 9.90E-02 8.42E-02 4.32E-01 4.08E-01 7.14E-02 2.17E-04 3.04E-01 8.48E-04 1.73E-02 1.99E-01 2.50E-01 1.866E+00
1.320E-05 9.86E-02 8.42E-02 4.31E-01 4.05E-01 7.28E-02 2.64E-04 3.27E-01 9.29E-04 1.84E-02 1.99E-01 2.50E-01 1.886E+00
1.280E-05 9.81E-02 8.42E-02 4.30E-01 4.01E-01 7.75E-02 3.46E-04 3.60E-01 1.06E-03 2.05E-02 1.99E-01 2.49E-01 1.920E+00
1.250E-05 9.77E-02 8.43E-02 4.28E-01 4.00E-01 8.42E-02 4.26E-04 3.86E-01 1.17E-03 2.26E-02 1.98E-01 2.50E-01 1.952E+00
1.220E-05 9.72E-02 8.44E-02 4.27E-01 3.99E-01 9.40E-02 5.28E-04 4.16E-01 1.31E-03 2.52E-02 1.98E-01 2.50E-01 1.992E+00
1.190E-05 9.66E-02 8.44E-02 4.26E-01 4.01E-01 1.07E-01 6.55E-04 4.49E-01 1.46E-03 2.87E-02 1.97E-01 2.50E-01 2.042E+00
1.160E-05 9.60E-02 8.43E-02 4.25E-01 4.03E-01 1.22E-01 8.16E-04 4.86E-01 1.65E-03 3.32E-02 1.97E-01 2.50E-01 2.098E+00
1.140E-05 9.56E-02 8.42E-02 4.23E-01 4.03E-01 1.35E-01 9.60E-04 5.13E-01 1.80E-03 3.69E-02 1.96E-01 2.50E-01 2.140E+00
1.110E-05 9.49E-02 8.41E-02 4.22E-01 4.04E-01 1.54E-01 1.25E-03 5.59E-01 2.05E-03 4.41E-02 1.95E-01 2.50E-01 2.211E+00
1.080E-05 9.42E-02 8.39E-02 4.20E-01 4.05E-01 2.08E-01 1.67E-03 6.13E-01 2.36E-03 5.37E-02 1.95E-01 2.50E-01 2.327E+00
1.050E-05 9.35E-02 8.37E-02 4.18E-01 4.06E-01 2.77E-01 2.17E-03 6.81E-01 2.76E-03 6.67E-02 1.94E-01 2.51E-01 2.475E+00
1.030E-05 9.29E-02 8.35E-02 4.16E-01 4.06E-01 3.31E-01 2.48E-03 7.44E-01 3.08E-03 7.79E-02 1.93E-01 2.51E-01 2.602E+00
1.000E-05 9.21E-02 8.32E-02 4.14E-01 4.07E-01 4.06E-01 3.03E-03 8.35E-01 3.53E-03 9.89E-02 1.92E-01 2.51E-01 2.786E+00
9.750E-06 9.14E-02 8.30E-02 4.11E-01 4.08E-01 4.93E-01 3.76E-03 9.08E-01 3.93E-03 1.20E-01 1.92E-01 2.51E-01 2.965E+00
9.500E-06 9.07E-02 8.27E-02 4.09E-01 4.09E-01 5.93E-01 4.45E-03 9.86E-01 4.37E-03 1.42E-01 1.92E-01 2.51E-01 3.163E+00
9.250E-06 9.00E-02 8.24E-02 4.06E-01 4.10E-01 6.69E-01 4.97E-03 1.07E+00 4.80E-03 1.58E-01 1.91E-01 2.51E-01 3.332E+00
9.080E-06 8.95E-02 8.22E-02 4.01E-01 4.08E-01 7.16E-01 5.35E-03 1.11E+00 5.03E-03 1.61E-01 1.91E-01 2.50E-01 3.419E+00
