 # Optical depth (Siebenmorgen 2023, A&A 670A,115; SC 2023 doi: 10.48550/arXiv.2311.03310)
 # wel(cm) sa_aC    ss_aC    sa_Si    ss_Si    sa_vgr   ss_vgr   sa_vsi   ss_vsi   s_pahS+B sa_Dark  ss_Dark sigt 
 # ------------------------------------------------------------------------------------------------------------- 
1.000E+00 1.23E-07 1.91E-16 2.90E-07 5.26E-17 5.64E-09 5.35E-23 5.65E-08 9.57E-23 6.97E-12 2.04E-06 5.11E-13 2.510E-06
9.000E-01 1.44E-07 2.91E-16 3.42E-07 8.01E-17 7.20E-09 8.16E-23 6.72E-08 1.46E-22 8.61E-12 2.37E-06 7.78E-13 2.931E-06
8.000E-01 1.72E-07 4.66E-16 4.12E-07 1.28E-16 9.39E-09 1.31E-22 8.19E-08 2.34E-22 1.09E-11 2.81E-06 1.24E-12 3.489E-06
7.000E-01 2.11E-07 7.94E-16 5.09E-07 2.19E-16 1.26E-08 2.23E-22 1.01E-07 3.98E-22 1.42E-11 3.42E-06 2.12E-12 4.249E-06
6.000E-01 2.67E-07 1.47E-15 6.51E-07 4.06E-16 1.75E-08 4.13E-22 1.29E-07 7.38E-22 1.94E-11 4.28E-06 3.92E-12 5.346E-06
5.500E-01 3.06E-07 2.08E-15 7.47E-07 5.75E-16 2.09E-08 5.85E-22 1.49E-07 1.04E-21 2.30E-11 4.87E-06 5.55E-12 6.089E-06
5.000E-01 3.54E-07 3.05E-15 8.70E-07 8.41E-16 2.54E-08 8.56E-22 1.73E-07 1.53E-21 2.79E-11 5.60E-06 8.12E-12 7.022E-06
4.500E-01 4.17E-07 4.65E-15 1.03E-06 1.28E-15 3.12E-08 1.31E-21 2.06E-07 2.33E-21 3.44E-11 6.55E-06 1.24E-11 8.232E-06
4.000E-01 5.02E-07 7.44E-15 1.24E-06 2.05E-15 3.92E-08 2.09E-21 2.48E-07 3.73E-21 4.36E-11 7.80E-06 1.98E-11 9.831E-06
3.500E-01 6.19E-07 1.27E-14 1.54E-06 3.50E-15 5.02E-08 3.57E-21 3.10E-07 6.36E-21 5.69E-11 9.53E-06 3.37E-11 1.205E-05
3.000E-01 7.90E-07 2.35E-14 1.98E-06 6.49E-15 6.60E-08 6.61E-21 3.94E-07 1.18E-20 7.75E-11 1.20E-05 6.23E-11 1.524E-05
2.500E-01 1.06E-06 4.87E-14 2.66E-06 1.35E-14 9.01E-08 1.37E-20 5.29E-07 2.44E-20 1.12E-10 1.58E-05 1.29E-10 2.018E-05
2.098E-01 1.41E-06 9.81E-14 3.54E-06 2.72E-14 1.20E-07 2.76E-20 7.03E-07 4.92E-20 1.58E-10 2.07E-05 2.59E-10 2.649E-05
1.500E-01 2.45E-06 3.75E-13 6.12E-06 1.04E-13 2.29E-07 1.06E-19 1.20E-06 1.88E-19 3.10E-10 3.49E-05 9.89E-10 4.489E-05
1.382E-01 2.81E-06 5.20E-13 7.00E-06 1.44E-13 2.69E-07 1.47E-19 1.38E-06 2.61E-19 3.65E-10 3.97E-05 1.37E-09 5.116E-05
1.320E-01 3.03E-06 6.25E-13 7.55E-06 1.73E-13 2.95E-07 1.76E-19 1.49E-06 3.13E-19 4.00E-10 4.27E-05 1.65E-09 5.506E-05
1.150E-01 3.83E-06 1.08E-12 9.47E-06 3.01E-13 3.87E-07 3.06E-19 1.86E-06 5.44E-19 5.27E-10 5.32E-05 2.85E-09 6.871E-05
1.000E-01 4.88E-06 1.90E-12 1.19E-05 5.26E-13 5.08E-07 5.35E-19 2.32E-06 9.51E-19 6.97E-10 6.66E-05 4.97E-09 8.619E-05
9.970E-02 4.90E-06 1.92E-12 1.20E-05 5.32E-13 5.11E-07 5.42E-19 2.33E-06 9.62E-19 7.01E-10 6.69E-05 5.03E-09 8.662E-05
8.670E-02 6.17E-06 3.36E-12 1.51E-05 9.31E-13 6.76E-07 9.47E-19 2.92E-06 1.68E-18 9.28E-10 8.32E-05 8.79E-09 1.081E-04
8.500E-02 6.39E-06 3.63E-12 1.56E-05 1.01E-12 7.02E-07 1.02E-18 3.02E-06 1.82E-18 9.65E-10 8.61E-05 9.51E-09 1.118E-04
7.500E-02 8.12E-06 5.99E-12 1.92E-05 1.66E-12 8.93E-07 1.69E-18 3.68E-06 3.00E-18 1.24E-09 1.08E-04 1.57E-08 1.395E-04
6.000E-02 1.19E-05 1.46E-11 2.77E-05 4.08E-12 1.37E-06 4.13E-18 5.34E-06 7.33E-18 1.94E-09 1.53E-04 3.81E-08 1.996E-04
5.500E-02 1.38E-05 2.07E-11 3.10E-05 5.81E-12 1.62E-06 5.84E-18 6.23E-06 1.04E-17 2.31E-09 1.77E-04 5.39E-08 2.297E-04
5.000E-02 1.65E-05 3.04E-11 3.84E-05 8.57E-12 1.93E-06 8.55E-18 7.42E-06 1.52E-17 2.79E-09 2.10E-04 7.89E-08 2.742E-04
4.500E-02 2.03E-05 4.63E-11 5.09E-05 1.32E-11 2.36E-06 1.30E-17 9.08E-06 2.32E-17 3.45E-09 2.56E-04 1.20E-07 3.391E-04
4.000E-02 2.61E-05 7.43E-11 6.80E-05 2.13E-11 2.93E-06 2.09E-17 1.15E-05 3.72E-17 4.36E-09 3.23E-04 1.92E-07 4.312E-04
3.500E-02 3.27E-05 1.27E-10 1.03E-04 3.66E-11 3.76E-06 3.56E-17 1.52E-05 6.36E-17 5.70E-09 3.98E-04 3.27E-07 5.536E-04
3.000E-02 4.62E-05 2.36E-10 1.61E-04 6.81E-11 5.01E-06 6.60E-17 2.13E-05 1.18E-16 7.76E-09 5.47E-04 6.04E-07 7.812E-04
2.750E-02 5.51E-05 3.34E-10 2.03E-04 9.65E-11 5.91E-06 9.35E-17 2.60E-05 1.67E-16 9.24E-09 6.40E-04 8.53E-07 9.308E-04
2.500E-02 6.63E-05 4.91E-10 2.58E-04 1.41E-10 7.06E-06 1.37E-16 3.26E-05 2.45E-16 1.12E-08 7.66E-04 1.25E-06 1.132E-03
2.400E-02 7.28E-05 5.78E-10 2.86E-04 1.66E-10 7.64E-06 1.61E-16 3.56E-05 2.88E-16 1.21E-08 8.25E-04 1.47E-06 1.228E-03
2.000E-02 1.07E-04 1.21E-09 4.45E-04 3.39E-10 1.08E-05 3.35E-16 5.16E-05 5.98E-16 1.75E-08 1.16E-03 3.03E-06 1.781E-03
1.800E-02 1.33E-04 1.85E-09 5.53E-04 5.08E-10 1.33E-05 5.11E-16 6.41E-05 9.11E-16 2.16E-08 1.43E-03 4.61E-06 2.198E-03
1.600E-02 1.76E-04 2.99E-09 6.87E-04 7.98E-10 1.68E-05 8.20E-16 8.17E-05 1.46E-15 2.74E-08 1.81E-03 7.35E-06 2.776E-03
1.500E-02 2.10E-04 3.89E-09 7.71E-04 1.02E-09 1.92E-05 1.06E-15 9.27E-05 1.89E-15 3.12E-08 2.05E-03 9.46E-06 3.155E-03
1.400E-02 2.39E-04 5.13E-09 8.65E-04 1.33E-09 2.21E-05 1.40E-15 1.07E-04 2.49E-15 3.58E-08 2.29E-03 1.24E-05 3.537E-03
1.200E-02 3.64E-04 9.62E-09 1.10E-03 2.38E-09 3.08E-05 2.61E-15 1.47E-04 4.62E-15 4.89E-08 3.10E-03 2.27E-05 4.771E-03
1.000E-02 5.53E-04 2.02E-08 1.46E-03 4.71E-09 4.65E-05 5.45E-15 2.14E-04 9.60E-15 7.08E-08 4.28E-03 4.67E-05 6.600E-03
9.000E-03 7.36E-04 3.11E-08 1.66E-03 6.99E-09 5.98E-05 8.36E-15 2.67E-04 1.47E-14 8.77E-08 5.25E-03 7.05E-05 8.046E-03
8.000E-03 9.77E-04 4.91E-08 1.93E-03 1.10E-08 8.00E-05 1.35E-14 3.43E-04 2.35E-14 1.12E-07 6.29E-03 1.11E-04 9.732E-03
7.500E-03 1.14E-03 6.43E-08 2.13E-03 1.42E-08 9.44E-05 1.75E-14 3.93E-04 3.04E-14 1.27E-07 7.16E-03 1.43E-04 1.106E-02
7.000E-03 1.38E-03 8.42E-08 2.39E-03 1.86E-08 1.13E-04 2.33E-14 4.56E-04 4.01E-14 1.47E-07 8.10E-03 1.87E-04 1.262E-02
6.000E-03 1.98E-03 1.53E-07 3.07E-03 3.40E-08 1.74E-04 4.38E-14 6.34E-04 7.42E-14 2.03E-07 1.06E-02 3.39E-04 1.681E-02
5.000E-03 2.83E-03 2.99E-07 4.36E-03 6.92E-08 3.06E-04 9.31E-14 9.35E-04 1.53E-13 2.99E-07 1.45E-02 6.88E-04 2.358E-02
4.500E-03 3.48E-03 4.34E-07 5.32E-03 1.03E-07 4.33E-04 1.43E-13 1.17E-03 2.32E-13 3.76E-07 1.74E-02 1.03E-03 2.885E-02
4.000E-03 4.14E-03 6.46E-07 6.65E-03 1.55E-07 6.33E-04 2.28E-13 1.49E-03 3.68E-13 4.90E-07 2.12E-02 1.60E-03 3.570E-02
3.500E-03 5.01E-03 1.02E-06 8.20E-03 2.44E-07 8.79E-04 3.65E-13 1.94E-03 6.20E-13 6.73E-07 2.66E-02 2.64E-03 4.526E-02
3.000E-03 6.18E-03 1.69E-06 1.01E-02 3.92E-07 9.29E-04 5.72E-13 2.66E-03 1.13E-12 1.02E-06 3.45E-02 4.58E-03 5.893E-02
2.750E-03 6.78E-03 2.21E-06 1.10E-02 5.06E-07 8.00E-04 7.36E-13 3.19E-03 1.58E-12 1.37E-06 3.95E-02 6.09E-03 6.741E-02
2.500E-03 7.32E-03 2.96E-06 1.21E-02 6.62E-07 6.30E-04 1.01E-12 3.92E-03 2.27E-12 2.26E-06 4.53E-02 8.15E-03 7.738E-02
2.400E-03 7.60E-03 3.37E-06 1.25E-02 7.43E-07 5.65E-04 1.18E-12 4.27E-03 2.64E-12 3.14E-06 4.78E-02 9.12E-03 8.188E-02
2.350E-03 7.76E-03 3.61E-06 1.28E-02 7.89E-07 5.35E-04 1.27E-12 4.47E-03 2.85E-12 3.71E-06 4.92E-02 9.64E-03 8.433E-02
2.320E-03 7.85E-03 3.75E-06 1.29E-02 8.18E-07 5.17E-04 1.34E-12 4.59E-03 2.99E-12 3.99E-06 4.99E-02 9.95E-03 8.577E-02
2.310E-03 7.88E-03 3.80E-06 1.30E-02 8.28E-07 5.11E-04 1.36E-12 4.63E-03 3.03E-12 4.06E-06 5.02E-02 1.01E-02 8.626E-02
2.300E-03 7.91E-03 3.85E-06 1.30E-02 8.38E-07 5.05E-04 1.38E-12 4.67E-03 3.08E-12 4.12E-06 5.05E-02 1.02E-02 8.674E-02
2.250E-03 8.04E-03 4.12E-06 1.33E-02 8.93E-07 4.78E-04 1.51E-12 4.91E-03 3.35E-12 4.29E-06 5.19E-02 1.07E-02 8.934E-02
2.200E-03 8.18E-03 4.41E-06 1.36E-02 9.51E-07 4.53E-04 1.64E-12 5.18E-03 3.62E-12 4.51E-06 5.32E-02 1.13E-02 9.194E-02
2.150E-03 8.34E-03 4.74E-06 1.40E-02 1.01E-06 4.29E-04 1.80E-12 5.44E-03 3.91E-12 4.92E-06 5.45E-02 1.18E-02 9.456E-02
2.120E-03 8.45E-03 4.95E-06 1.42E-02 1.05E-06 4.16E-04 1.91E-12 5.61E-03 4.11E-12 5.13E-06 5.53E-02 1.21E-02 9.617E-02
2.110E-03 8.48E-03 5.02E-06 1.43E-02 1.06E-06 4.12E-04 1.94E-12 5.68E-03 4.17E-12 5.16E-06 5.56E-02 1.22E-02 9.669E-02
2.100E-03 8.51E-03 5.08E-06 1.43E-02 1.07E-06 4.07E-04 1.98E-12 5.74E-03 4.24E-12 5.17E-06 5.59E-02 1.23E-02 9.720E-02
2.080E-03 8.55E-03 5.21E-06 1.44E-02 1.09E-06 3.99E-04 2.06E-12 5.86E-03 4.37E-12 5.14E-06 5.63E-02 1.25E-02 9.809E-02
2.000E-03 8.67E-03 5.89E-06 1.49E-02 1.18E-06 3.70E-04 2.41E-12 6.43E-03 4.97E-12 4.90E-06 5.82E-02 1.34E-02 1.020E-01
1.950E-03 8.81E-03 6.38E-06 1.51E-02 1.22E-06 3.55E-04 2.67E-12 6.80E-03 5.26E-12 5.28E-06 5.91E-02 1.37E-02 1.039E-01
1.900E-03 8.99E-03 6.97E-06 1.52E-02 1.25E-06 3.40E-04 2.97E-12 7.09E-03 5.51E-12 6.36E-06 5.97E-02 1.40E-02 1.052E-01
1.850E-03 9.18E-03 7.62E-06 1.51E-02 1.27E-06 3.28E-04 3.31E-12 7.24E-03 5.65E-12 8.17E-06 5.97E-02 1.41E-02 1.057E-01
1.830E-03 9.27E-03 7.89E-06 1.50E-02 1.27E-06 3.23E-04 3.46E-12 7.27E-03 5.68E-12 8.81E-06 5.96E-02 1.41E-02 1.056E-01
1.820E-03 9.30E-03 8.02E-06 1.49E-02 1.27E-06 3.21E-04 3.54E-12 7.27E-03 5.69E-12 9.03E-06 5.95E-02 1.42E-02 1.055E-01
1.810E-03 9.33E-03 8.17E-06 1.49E-02 1.26E-06 3.19E-04 3.62E-12 7.25E-03 5.71E-12 9.16E-06 5.93E-02 1.42E-02 1.053E-01
1.800E-03 9.37E-03 8.32E-06 1.48E-02 1.26E-06 3.17E-04 3.70E-12 7.23E-03 5.72E-12 9.23E-06 5.92E-02 1.42E-02 1.052E-01
1.750E-03 9.59E-03 9.10E-06 1.41E-02 1.23E-06 3.07E-04 4.15E-12 7.05E-03 5.75E-12 9.44E-06 5.84E-02 1.44E-02 1.039E-01
1.700E-03 9.71E-03 9.97E-06 1.31E-02 1.18E-06 3.00E-04 4.67E-12 6.71E-03 5.79E-12 1.15E-05 5.71E-02 1.47E-02 1.017E-01
1.670E-03 9.86E-03 1.06E-05 1.23E-02 1.15E-06 2.97E-04 5.02E-12 6.45E-03 5.86E-12 1.36E-05 5.65E-02 1.51E-02 1.005E-01
1.650E-03 9.99E-03 1.11E-05 1.16E-02 1.13E-06 2.95E-04 5.28E-12 6.26E-03 5.92E-12 1.43E-05 5.61E-02 1.53E-02 9.965E-02
1.640E-03 1.00E-02 1.13E-05 1.13E-02 1.12E-06 2.94E-04 5.41E-12 6.16E-03 5.96E-12 1.43E-05 5.59E-02 1.54E-02 9.915E-02
1.630E-03 1.01E-02 1.15E-05 1.09E-02 1.11E-06 2.93E-04 5.55E-12 6.06E-03 6.01E-12 1.40E-05 5.57E-02 1.56E-02 9.866E-02
1.610E-03 1.02E-02 1.20E-05 1.02E-02 1.11E-06 2.91E-04 5.83E-12 5.85E-03 6.16E-12 1.31E-05 5.53E-02 1.59E-02 9.775E-02
1.600E-03 1.03E-02 1.22E-05 9.78E-03 1.11E-06 2.91E-04 5.98E-12 5.75E-03 6.24E-12 1.27E-05 5.51E-02 1.61E-02 9.732E-02
1.590E-03 1.03E-02 1.25E-05 9.38E-03 1.12E-06 2.90E-04 6.14E-12 5.64E-03 6.33E-12 1.24E-05 5.49E-02 1.64E-02 9.688E-02
1.580E-03 1.04E-02 1.27E-05 8.98E-03 1.14E-06 2.90E-04 6.30E-12 5.54E-03 6.45E-12 1.22E-05 5.47E-02 1.66E-02 9.651E-02
1.570E-03 1.04E-02 1.30E-05 8.57E-03 1.16E-06 2.89E-04 6.46E-12 5.44E-03 6.57E-12 1.20E-05 5.45E-02 1.68E-02 9.610E-02
1.560E-03 1.05E-02 1.33E-05 8.20E-03 1.19E-06 2.89E-04 6.63E-12 5.34E-03 6.70E-12 1.17E-05 5.44E-02 1.71E-02 9.585E-02
1.540E-03 1.06E-02 1.38E-05 7.52E-03 1.28E-06 2.88E-04 6.99E-12 5.14E-03 7.01E-12 1.15E-05 5.42E-02 1.77E-02 9.551E-02
1.520E-03 1.07E-02 1.44E-05 6.99E-03 1.40E-06 2.88E-04 7.37E-12 4.95E-03 7.40E-12 1.21E-05 5.40E-02 1.83E-02 9.531E-02
1.510E-03 1.07E-02 1.46E-05 6.79E-03 1.48E-06 2.88E-04 7.57E-12 4.86E-03 7.61E-12 1.25E-05 5.39E-02 1.87E-02 9.532E-02
1.500E-03 1.08E-02 1.49E-05 6.64E-03 1.56E-06 2.88E-04 7.78E-12 4.77E-03 7.86E-12 1.26E-05 5.39E-02 1.91E-02 9.542E-02
1.450E-03 1.09E-02 1.67E-05 6.33E-03 2.02E-06 2.90E-04 8.93E-12 4.40E-03 9.50E-12 1.59E-05 5.42E-02 2.17E-02 9.785E-02
1.440E-03 1.10E-02 1.70E-05 6.33E-03 2.12E-06 2.90E-04 9.19E-12 4.34E-03 9.93E-12 1.76E-05 5.44E-02 2.23E-02 9.863E-02
1.430E-03 1.11E-02 1.74E-05 6.32E-03 2.22E-06 2.91E-04 9.45E-12 4.32E-03 1.04E-11 1.91E-05 5.48E-02 2.29E-02 9.975E-02
1.420E-03 1.11E-02 1.78E-05 6.31E-03 2.33E-06 2.92E-04 9.73E-12 4.30E-03 1.10E-11 1.98E-05 5.52E-02 2.37E-02 1.009E-01
1.400E-03 1.12E-02 1.87E-05 6.32E-03 2.55E-06 2.93E-04 1.03E-11 4.34E-03 1.22E-11 2.16E-05 5.63E-02 2.51E-02 1.036E-01
1.380E-03 1.13E-02 1.96E-05 6.32E-03 2.79E-06 2.95E-04 1.09E-11 4.46E-03 1.37E-11 2.73E-05 5.77E-02 2.66E-02 1.068E-01
1.370E-03 1.14E-02 2.01E-05 6.33E-03 2.92E-06 2.96E-04 1.13E-11 4.58E-03 1.44E-11 3.25E-05 5.85E-02 2.74E-02 1.085E-01
1.360E-03 1.15E-02 2.06E-05 6.34E-03 3.06E-06 2.98E-04 1.16E-11 4.71E-03 1.52E-11 3.77E-05 5.94E-02 2.81E-02 1.103E-01
1.350E-03 1.15E-02 2.11E-05 6.36E-03 3.21E-06 2.99E-04 1.19E-11 4.85E-03 1.61E-11 4.03E-05 6.03E-02 2.87E-02 1.122E-01
1.340E-03 1.16E-02 2.16E-05 6.39E-03 3.37E-06 3.00E-04 1.23E-11 5.02E-03 1.69E-11 4.37E-05 6.12E-02 2.93E-02 1.139E-01
1.330E-03 1.17E-02 2.21E-05 6.42E-03 3.53E-06 3.02E-04 1.27E-11 5.19E-03 1.78E-11 5.06E-05 6.21E-02 2.98E-02 1.156E-01
1.320E-03 1.18E-02 2.27E-05 6.47E-03 3.71E-06 3.03E-04 1.31E-11 5.37E-03 1.87E-11 6.25E-05 6.30E-02 3.04E-02 1.173E-01
1.310E-03 1.18E-02 2.32E-05 6.52E-03 3.90E-06 3.05E-04 1.35E-11 5.57E-03 1.97E-11 8.19E-05 6.38E-02 3.08E-02 1.190E-01
1.290E-03 1.19E-02 2.42E-05 6.68E-03 4.31E-06 3.09E-04 1.44E-11 5.97E-03 2.17E-11 1.69E-04 6.54E-02 3.18E-02 1.223E-01
1.280E-03 1.19E-02 2.48E-05 6.77E-03 4.53E-06 3.11E-04 1.48E-11 6.22E-03 2.27E-11 2.48E-04 6.63E-02 3.22E-02 1.240E-01
1.270E-03 1.20E-02 2.55E-05 6.81E-03 4.77E-06 3.13E-04 1.53E-11 6.48E-03 2.39E-11 3.00E-04 6.72E-02 3.26E-02 1.257E-01
1.260E-03 1.20E-02 2.61E-05 6.91E-03 5.05E-06 3.15E-04 1.58E-11 6.74E-03 2.50E-11 2.58E-04 6.81E-02 3.29E-02 1.273E-01
1.250E-03 1.21E-02 2.68E-05 7.05E-03 5.36E-06 3.17E-04 1.63E-11 7.01E-03 2.62E-11 1.90E-04 6.89E-02 3.32E-02 1.288E-01
1.220E-03 1.23E-02 2.92E-05 8.01E-03 6.63E-06 3.24E-04 1.80E-11 7.87E-03 3.00E-11 1.49E-04 7.13E-02 3.41E-02 1.341E-01
1.210E-03 1.24E-02 2.99E-05 8.74E-03 7.14E-06 3.26E-04 1.86E-11 8.20E-03 3.14E-11 1.71E-04 7.21E-02 3.43E-02 1.362E-01
1.200E-03 1.24E-02 3.07E-05 9.65E-03 7.63E-06 3.29E-04 1.92E-11 8.56E-03 3.28E-11 1.89E-04 7.28E-02 3.45E-02 1.385E-01
1.190E-03 1.25E-02 3.17E-05 1.06E-02 8.07E-06 3.31E-04 1.99E-11 8.93E-03 3.44E-11 1.89E-04 7.37E-02 3.46E-02 1.409E-01
1.180E-03 1.26E-02 3.25E-05 1.17E-02 8.44E-06 3.34E-04 2.06E-11 9.31E-03 3.58E-11 1.88E-04 7.43E-02 3.46E-02 1.431E-01
1.170E-03 1.27E-02 3.34E-05 1.26E-02 8.76E-06 3.36E-04 2.14E-11 9.71E-03 3.73E-11 2.09E-04 7.50E-02 3.47E-02 1.452E-01
1.160E-03 1.28E-02 3.43E-05 1.34E-02 9.02E-06 3.41E-04 2.23E-11 1.01E-02 3.88E-11 2.69E-04 7.56E-02 3.47E-02 1.472E-01
1.150E-03 1.29E-02 3.52E-05 1.41E-02 9.25E-06 4.79E-04 2.20E-11 1.05E-02 4.05E-11 3.93E-04 7.61E-02 3.47E-02 1.492E-01
1.140E-03 1.29E-02 3.61E-05 1.48E-02 9.47E-06 3.55E-04 2.35E-11 1.09E-02 4.22E-11 5.91E-04 7.66E-02 3.47E-02 1.509E-01
1.130E-03 1.29E-02 3.71E-05 1.54E-02 9.68E-06 3.55E-04 2.44E-11 1.13E-02 4.41E-11 7.21E-04 7.72E-02 3.48E-02 1.527E-01
1.120E-03 1.30E-02 3.81E-05 1.59E-02 9.89E-06 3.57E-04 2.53E-11 1.18E-02 4.61E-11 5.81E-04 7.78E-02 3.48E-02 1.541E-01
1.110E-03 1.30E-02 3.92E-05 1.64E-02 1.01E-05 3.60E-04 2.62E-11 1.23E-02 4.81E-11 3.69E-04 7.83E-02 3.47E-02 1.554E-01
1.090E-03 1.31E-02 4.16E-05 1.74E-02 1.06E-05 3.67E-04 2.83E-11 1.33E-02 5.23E-11 1.53E-04 7.92E-02 3.46E-02 1.582E-01
1.050E-03 1.34E-02 4.74E-05 1.92E-02 1.14E-05 3.85E-04 3.29E-11 1.61E-02 6.21E-11 5.09E-05 8.10E-02 3.37E-02 1.639E-01
1.000E-03 1.39E-02 5.60E-05 2.10E-02 1.21E-05 4.10E-04 4.00E-11 1.86E-02 6.65E-11 2.57E-05 8.02E-02 3.11E-02 1.653E-01
9.800E-04 1.41E-02 6.00E-05 2.13E-02 1.20E-05 4.22E-04 4.34E-11 1.96E-02 6.84E-11 2.24E-05 7.98E-02 3.01E-02 1.655E-01
9.600E-04 1.44E-02 6.44E-05 2.12E-02 1.17E-05 4.34E-04 4.71E-11 2.05E-02 6.89E-11 2.07E-05 7.90E-02 2.88E-02 1.643E-01
9.500E-04 1.45E-02 6.66E-05 2.10E-02 1.15E-05 4.41E-04 4.91E-11 2.07E-02 6.74E-11 2.04E-05 7.82E-02 2.78E-02 1.627E-01
9.400E-04 1.46E-02 6.87E-05 2.06E-02 1.13E-05 4.48E-04 5.13E-11 2.06E-02 6.46E-11 2.05E-05 7.70E-02 2.67E-02 1.601E-01
9.200E-04 1.48E-02 7.34E-05 1.96E-02 1.08E-05 4.62E-04 5.59E-11 1.92E-02 5.37E-11 2.19E-05 7.36E-02 2.42E-02 1.520E-01
8.900E-04 1.52E-02 8.21E-05 1.74E-02 1.01E-05 4.86E-04 6.38E-11 1.52E-02 3.44E-11 3.18E-05 6.74E-02 2.13E-02 1.371E-01
8.700E-04 1.53E-02 8.77E-05 1.57E-02 9.94E-06 5.03E-04 6.99E-11 1.26E-02 2.55E-11 7.09E-05 6.36E-02 2.05E-02 1.284E-01
8.600E-04 1.55E-02 9.12E-05 1.49E-02 9.94E-06 5.12E-04 7.32E-11 1.16E-02 2.25E-11 1.07E-04 6.22E-02 2.04E-02 1.253E-01
8.500E-04 1.56E-02 9.45E-05 1.41E-02 9.92E-06 5.22E-04 7.67E-11 1.07E-02 2.01E-11 7.63E-05 6.07E-02 2.03E-02 1.221E-01
8.400E-04 1.57E-02 9.86E-05 1.31E-02 9.91E-06 5.32E-04 8.04E-11 9.76E-03 1.76E-11 5.48E-05 5.93E-02 2.02E-02 1.188E-01
8.200E-04 1.59E-02 1.05E-04 1.09E-02 1.02E-05 5.52E-04 8.85E-11 7.53E-03 1.26E-11 5.58E-05 5.53E-02 2.03E-02 1.107E-01
8.000E-04 1.61E-02 1.14E-04 8.83E-03 1.12E-05 5.74E-04 9.77E-11 5.15E-03 9.74E-12 8.15E-05 5.13E-02 2.17E-02 1.038E-01
7.900E-04 1.63E-02 1.19E-04 8.01E-03 1.21E-05 5.86E-04 1.03E-10 4.33E-03 1.05E-11 1.02E-04 5.02E-02 2.32E-02 1.029E-01
7.800E-04 1.64E-02 1.23E-04 7.35E-03 1.31E-05 5.97E-04 1.08E-10 3.52E-03 1.19E-11 1.22E-04 4.89E-02 2.50E-02 1.020E-01
7.700E-04 1.64E-02 1.28E-04 6.78E-03 1.42E-05 6.10E-04 1.14E-10 2.90E-03 1.41E-11 1.31E-04 4.80E-02 2.71E-02 1.020E-01
7.600E-04 1.65E-02 1.33E-04 6.29E-03 1.54E-05 6.22E-04 1.20E-10 2.46E-03 1.73E-11 1.21E-04 4.75E-02 2.93E-02 1.030E-01
7.500E-04 1.65E-02 1.39E-04 5.86E-03 1.67E-05 6.35E-04 1.26E-10 2.06E-03 2.10E-11 1.00E-04 4.72E-02 3.18E-02 1.043E-01
7.300E-04 1.67E-02 1.52E-04 5.19E-03 1.97E-05 6.63E-04 1.41E-10 1.73E-03 2.99E-11 6.24E-05 4.77E-02 3.67E-02 1.089E-01
7.200E-04 1.68E-02 1.58E-04 4.98E-03 2.14E-05 6.77E-04 1.49E-10 1.67E-03 3.46E-11 5.20E-05 4.80E-02 3.87E-02 1.111E-01
7.100E-04 1.68E-02 1.65E-04 4.84E-03 2.32E-05 6.93E-04 1.57E-10 1.62E-03 3.98E-11 5.09E-05 4.84E-02 4.10E-02 1.136E-01
7.000E-04 1.70E-02 1.74E-04 4.71E-03 2.50E-05 7.09E-04 1.66E-10 1.61E-03 4.51E-11 7.07E-05 4.90E-02 4.30E-02 1.162E-01
6.900E-04 1.71E-02 1.80E-04 4.53E-03 2.69E-05 7.25E-04 1.76E-10 1.60E-03 5.08E-11 4.14E-05 4.93E-02 4.48E-02 1.182E-01
6.800E-04 1.68E-02 1.87E-04 4.29E-03 2.89E-05 7.43E-04 1.87E-10 1.60E-03 5.66E-11 3.21E-05 4.92E-02 4.69E-02 1.199E-01
6.600E-04 1.70E-02 2.11E-04 3.86E-03 3.36E-05 7.79E-04 2.10E-10 1.60E-03 6.95E-11 3.07E-05 5.02E-02 5.13E-02 1.251E-01
6.400E-04 1.75E-02 2.38E-04 3.35E-03 3.91E-05 8.18E-04 2.37E-10 1.59E-03 8.42E-11 4.68E-05 5.16E-02 5.51E-02 1.302E-01
6.300E-04 1.78E-02 2.51E-04 3.13E-03 4.25E-05 8.28E-04 2.53E-10 1.59E-03 9.24E-11 7.34E-05 5.22E-02 5.65E-02 1.325E-01
6.200E-04 1.79E-02 2.64E-04 3.07E-03 4.62E-05 8.63E-04 2.69E-10 1.58E-03 1.01E-10 9.99E-05 5.25E-02 5.82E-02 1.346E-01
6.100E-04 1.81E-02 2.79E-04 3.06E-03 4.98E-05 8.86E-04 2.87E-10 1.57E-03 1.11E-10 7.22E-05 5.30E-02 6.00E-02 1.370E-01
5.900E-04 1.89E-02 3.13E-04 2.51E-03 5.80E-05 9.35E-04 3.28E-10 1.55E-03 1.33E-10 3.21E-05 5.42E-02 6.30E-02 1.415E-01
5.500E-04 1.83E-02 3.77E-04 1.86E-03 8.16E-05 1.05E-03 4.33E-10 1.52E-03 1.90E-10 2.68E-05 5.38E-02 7.15E-02 1.486E-01
5.300E-04 1.85E-02 4.34E-04 1.66E-03 9.71E-05 1.11E-03 5.01E-10 1.53E-03 2.28E-10 4.28E-05 5.46E-02 7.58E-02 1.537E-01
5.200E-04 1.86E-02 4.64E-04 1.56E-03 1.06E-04 1.15E-03 5.41E-10 1.53E-03 2.50E-10 6.82E-05 5.49E-02 7.79E-02 1.562E-01
5.100E-04 1.88E-02 5.00E-04 1.46E-03 1.16E-04 1.19E-03 5.84E-10 1.54E-03 2.74E-10 9.45E-05 5.54E-02 7.98E-02 1.588E-01
5.000E-04 1.90E-02 5.38E-04 1.35E-03 1.29E-04 1.22E-03 6.31E-10 1.55E-03 3.01E-10 6.79E-05 5.59E-02 8.15E-02 1.613E-01
4.800E-04 1.93E-02 6.21E-04 1.20E-03 1.55E-04 1.30E-03 7.42E-10 1.57E-03 3.63E-10 3.13E-05 5.67E-02 8.52E-02 1.660E-01
4.500E-04 2.00E-02 7.77E-04 1.01E-03 2.06E-04 1.45E-03 9.57E-10 1.63E-03 4.85E-10 2.37E-05 5.80E-02 8.97E-02 1.729E-01
4.000E-04 2.10E-02 1.19E-03 7.45E-04 3.42E-04 1.74E-03 1.52E-09 1.75E-03 8.10E-10 2.64E-05 5.99E-02 9.67E-02 1.834E-01
3.800E-04 2.16E-02 1.43E-03 6.57E-04 4.26E-04 1.89E-03 1.86E-09 1.81E-03 1.01E-09 2.96E-05 6.08E-02 9.86E-02 1.873E-01
3.600E-04 2.22E-02 1.75E-03 5.78E-04 5.36E-04 2.05E-03 2.31E-09 1.87E-03 1.27E-09 3.61E-05 6.16E-02 1.00E-01 1.907E-01
3.400E-04 2.34E-02 2.14E-03 5.09E-04 6.81E-04 2.25E-03 2.89E-09 1.94E-03 1.61E-09 7.50E-05 6.28E-02 1.00E-01 1.941E-01
3.300E-04 2.35E-02 2.36E-03 4.76E-04 7.71E-04 2.36E-03 3.25E-09 1.97E-03 1.82E-09 1.99E-04 6.28E-02 1.01E-01 1.955E-01
3.200E-04 2.36E-02 2.65E-03 4.44E-04 8.77E-04 2.47E-03 3.67E-09 2.00E-03 2.07E-09 7.72E-05 6.30E-02 1.02E-01 1.967E-01
3.150E-04 2.39E-02 2.82E-03 4.30E-04 9.36E-04 2.53E-03 3.90E-09 2.02E-03 2.21E-09 5.86E-05 6.32E-02 1.02E-01 1.975E-01
3.100E-04 2.42E-02 2.99E-03 4.15E-04 1.00E-03 2.60E-03 4.16E-09 2.03E-03 2.36E-09 5.15E-05 6.35E-02 1.01E-01 1.983E-01
3.080E-04 2.43E-02 3.05E-03 4.10E-04 1.03E-03 2.63E-03 4.26E-09 2.04E-03 2.43E-09 5.00E-05 6.36E-02 1.02E-01 1.986E-01
3.050E-04 2.44E-02 3.16E-03 4.01E-04 1.07E-03 2.67E-03 4.43E-09 2.05E-03 2.53E-09 4.86E-05 6.36E-02 1.02E-01 1.990E-01
3.000E-04 2.46E-02 3.36E-03 3.88E-04 1.15E-03 2.74E-03 4.73E-09 2.07E-03 2.70E-09 4.76E-05 6.38E-02 1.02E-01 1.997E-01
2.900E-04 2.52E-02 3.79E-03 3.62E-04 1.32E-03 2.89E-03 5.40E-09 2.12E-03 3.11E-09 4.82E-05 6.42E-02 1.01E-01 2.013E-01
2.800E-04 2.55E-02 4.29E-03 3.38E-04 1.52E-03 3.05E-03 6.20E-09 2.17E-03 3.59E-09 5.04E-05 6.43E-02 1.02E-01 2.028E-01
2.600E-04 2.65E-02 5.63E-03 2.93E-04 2.06E-03 3.42E-03 8.29E-09 2.27E-03 4.86E-09 5.76E-05 6.49E-02 1.02E-01 2.067E-01
2.500E-04 2.72E-02 6.51E-03 2.72E-04 2.42E-03 3.63E-03 9.67E-09 2.33E-03 5.71E-09 6.24E-05 6.52E-02 1.02E-01 2.092E-01
2.200E-04 3.02E-02 1.03E-02 2.20E-04 4.07E-03 4.42E-03 1.60E-08 2.56E-03 9.59E-09 8.24E-05 6.65E-02 1.02E-01 2.201E-01
2.159E-04 3.06E-02 1.09E-02 2.13E-04 4.39E-03 4.55E-03 1.72E-08 2.59E-03 1.03E-08 8.61E-05 6.65E-02 1.02E-01 2.219E-01
2.000E-04 3.28E-02 1.42E-02 1.92E-04 5.96E-03 5.11E-03 2.32E-08 2.74E-03 1.41E-08 1.03E-04 6.71E-02 1.02E-01 2.305E-01
1.662E-04 3.86E-02 2.52E-02 1.55E-04 1.24E-02 6.80E-03 4.79E-08 3.18E-03 2.97E-08 1.64E-04 6.80E-02 1.02E-01 2.560E-01
1.650E-04 3.89E-02 2.57E-02 1.53E-04 1.28E-02 6.88E-03 4.93E-08 3.20E-03 3.06E-08 1.67E-04 6.80E-02 1.01E-01 2.572E-01
1.250E-04 5.29E-02 5.48E-02 1.41E-04 3.59E-02 1.06E-02 1.46E-07 4.06E-03 9.30E-08 3.52E-04 6.91E-02 9.81E-02 3.261E-01
1.235E-04 5.37E-02 5.64E-02 1.40E-04 3.75E-02 1.08E-02 1.53E-07 4.10E-03 9.76E-08 3.64E-04 6.92E-02 9.80E-02 3.302E-01
1.130E-04 5.93E-02 6.88E-02 1.46E-04 5.08E-02 1.24E-02 2.17E-07 4.46E-03 1.39E-07 4.62E-04 6.96E-02 9.63E-02 3.623E-01
1.000E-04 6.82E-02 8.66E-02 1.65E-04 7.56E-02 1.51E-02 3.49E-07 5.00E-03 2.27E-07 6.39E-04 7.03E-02 9.35E-02 4.150E-01
9.500E-05 7.21E-02 9.37E-02 1.67E-04 8.89E-02 1.64E-02 4.26E-07 5.25E-03 2.79E-07 7.31E-04 7.05E-02 9.23E-02 4.401E-01
9.300E-05 7.38E-02 9.65E-02 1.71E-04 9.50E-02 1.70E-02 4.63E-07 5.35E-03 3.04E-07 7.72E-04 7.06E-02 9.18E-02 4.510E-01
9.200E-05 7.46E-02 9.79E-02 1.74E-04 9.83E-02 1.73E-02 4.83E-07 5.41E-03 3.17E-07 7.93E-04 7.07E-02 9.16E-02 4.567E-01
9.100E-05 7.54E-02 9.94E-02 1.77E-04 1.02E-01 1.76E-02 5.04E-07 5.47E-03 3.31E-07 8.16E-04 7.07E-02 9.13E-02 4.626E-01
9.000E-05 7.63E-02 1.01E-01 1.80E-04 1.05E-01 1.79E-02 5.26E-07 5.52E-03 3.46E-07 8.39E-04 7.08E-02 9.11E-02 4.686E-01
8.900E-05 7.71E-02 1.02E-01 1.84E-04 1.09E-01 1.82E-02 5.49E-07 5.58E-03 3.62E-07 8.64E-04 7.08E-02 9.08E-02 4.748E-01
8.800E-05 7.79E-02 1.04E-01 1.85E-04 1.13E-01 1.86E-02 5.74E-07 5.64E-03 3.79E-07 8.89E-04 7.08E-02 9.05E-02 4.813E-01
8.700E-05 7.88E-02 1.05E-01 1.91E-04 1.17E-01 1.89E-02 6.00E-07 5.70E-03 3.96E-07 9.15E-04 7.08E-02 9.03E-02 4.880E-01
8.600E-05 7.96E-02 1.07E-01 1.93E-04 1.21E-01 1.93E-02 6.27E-07 5.77E-03 4.15E-07 9.42E-04 7.09E-02 9.00E-02 4.949E-01
8.500E-05 8.05E-02 1.09E-01 1.98E-04 1.26E-01 1.96E-02 6.57E-07 5.83E-03 4.35E-07 9.70E-04 7.09E-02 8.98E-02 5.020E-01
8.400E-05 8.14E-02 1.10E-01 2.00E-04 1.30E-01 2.00E-02 6.87E-07 5.90E-03 4.56E-07 9.99E-04 7.09E-02 8.95E-02 5.095E-01
8.330E-05 8.21E-02 1.11E-01 2.03E-04 1.34E-01 2.02E-02 7.10E-07 5.94E-03 4.72E-07 1.02E-03 7.09E-02 8.93E-02 5.148E-01
8.200E-05 8.33E-02 1.13E-01 2.07E-04 1.41E-01 2.07E-02 7.55E-07 6.03E-03 5.02E-07 1.06E-03 7.09E-02 8.89E-02 5.252E-01
8.100E-05 8.43E-02 1.15E-01 2.11E-04 1.46E-01 2.11E-02 7.91E-07 6.10E-03 5.28E-07 1.09E-03 7.09E-02 8.86E-02 5.335E-01
8.000E-05 8.54E-02 1.17E-01 2.15E-04 1.52E-01 2.16E-02 8.30E-07 6.17E-03 5.55E-07 1.13E-03 7.10E-02 8.83E-02 5.420E-01
7.900E-05 8.65E-02 1.18E-01 2.19E-04 1.58E-01 2.20E-02 8.72E-07 6.25E-03 5.83E-07 1.16E-03 7.10E-02 8.80E-02 5.509E-01
7.800E-05 8.77E-02 1.20E-01 2.27E-04 1.64E-01 2.24E-02 9.16E-07 6.32E-03 6.14E-07 1.20E-03 7.10E-02 8.77E-02 5.601E-01
7.700E-05 8.89E-02 1.21E-01 2.31E-04 1.70E-01 2.29E-02 9.63E-07 6.40E-03 6.47E-07 1.24E-03 7.11E-02 8.74E-02 5.696E-01
7.600E-05 9.02E-02 1.23E-01 2.42E-04 1.77E-01 2.33E-02 1.01E-06 6.48E-03 6.81E-07 1.28E-03 7.11E-02 8.70E-02 5.794E-01
7.500E-05 9.15E-02 1.24E-01 2.47E-04 1.84E-01 2.38E-02 1.07E-06 6.56E-03 7.19E-07 1.32E-03 7.11E-02 8.67E-02 5.894E-01
7.400E-05 9.28E-02 1.25E-01 2.58E-04 1.92E-01 2.43E-02 1.12E-06 6.64E-03 7.59E-07 1.37E-03 7.12E-02 8.63E-02 5.998E-01
7.300E-05 9.41E-02 1.26E-01 2.70E-04 1.99E-01 2.48E-02 1.18E-06 6.73E-03 8.01E-07 1.41E-03 7.12E-02 8.60E-02 6.104E-01
7.140E-05 9.63E-02 1.28E-01 2.79E-04 2.13E-01 2.57E-02 1.29E-06 6.87E-03 8.76E-07 1.49E-03 7.13E-02 8.54E-02 6.281E-01
7.100E-05 9.68E-02 1.29E-01 2.79E-04 2.16E-01 2.59E-02 1.32E-06 6.90E-03 8.96E-07 1.51E-03 7.13E-02 8.52E-02 6.327E-01
7.000E-05 9.82E-02 1.30E-01 2.90E-04 2.25E-01 2.64E-02 1.39E-06 7.00E-03 9.48E-07 1.56E-03 7.13E-02 8.49E-02 6.443E-01
6.900E-05 9.96E-02 1.31E-01 3.00E-04 2.34E-01 2.70E-02 1.47E-06 7.09E-03 1.00E-06 1.62E-03 7.13E-02 8.45E-02 6.563E-01
6.800E-05 1.01E-01 1.32E-01 3.13E-04 2.44E-01 2.76E-02 1.56E-06 7.19E-03 1.07E-06 1.68E-03 7.14E-02 8.41E-02 6.687E-01
6.700E-05 1.02E-01 1.33E-01 3.25E-04 2.54E-01 2.82E-02 1.65E-06 7.29E-03 1.13E-06 1.74E-03 7.14E-02 8.38E-02 6.815E-01
6.600E-05 1.04E-01 1.33E-01 3.40E-04 2.64E-01 2.88E-02 1.75E-06 7.39E-03 1.20E-06 1.80E-03 7.14E-02 8.34E-02 6.947E-01
6.500E-05 1.05E-01 1.34E-01 3.48E-04 2.75E-01 2.95E-02 1.86E-06 7.50E-03 1.28E-06 1.87E-03 7.14E-02 8.30E-02 7.083E-01
6.400E-05 1.07E-01 1.35E-01 3.56E-04 2.86E-01 3.02E-02 1.97E-06 7.61E-03 1.36E-06 1.94E-03 7.14E-02 8.27E-02 7.223E-01
6.300E-05 1.09E-01 1.36E-01 3.68E-04 2.98E-01 3.09E-02 2.10E-06 7.73E-03 1.45E-06 2.01E-03 7.14E-02 8.23E-02 7.367E-01
6.250E-05 1.09E-01 1.36E-01 3.71E-04 3.04E-01 3.13E-02 2.16E-06 7.79E-03 1.50E-06 2.05E-03 7.14E-02 8.21E-02 7.440E-01
6.200E-05 1.10E-01 1.36E-01 3.81E-04 3.10E-01 3.17E-02 2.23E-06 7.85E-03 1.55E-06 2.09E-03 7.14E-02 8.19E-02 7.515E-01
6.100E-05 1.12E-01 1.37E-01 4.00E-04 3.22E-01 3.25E-02 2.38E-06 7.97E-03 1.65E-06 2.17E-03 7.14E-02 8.15E-02 7.666E-01
6.000E-05 1.14E-01 1.37E-01 4.17E-04 3.35E-01 3.33E-02 2.54E-06 8.09E-03 1.76E-06 2.26E-03 7.14E-02 8.11E-02 7.821E-01
5.900E-05 1.15E-01 1.37E-01 4.34E-04 3.49E-01 3.41E-02 2.71E-06 8.23E-03 1.89E-06 2.35E-03 7.14E-02 8.07E-02 7.981E-01
5.800E-05 1.17E-01 1.37E-01 4.54E-04 3.63E-01 3.49E-02 2.90E-06 8.36E-03 2.02E-06 2.45E-03 7.14E-02 8.03E-02 8.144E-01
5.700E-05 1.19E-01 1.37E-01 4.77E-04 3.77E-01 3.58E-02 3.11E-06 8.50E-03 2.17E-06 2.56E-03 7.14E-02 8.00E-02 8.311E-01
5.600E-05 1.21E-01 1.36E-01 5.02E-04 3.92E-01 3.67E-02 3.33E-06 8.65E-03 2.33E-06 2.67E-03 7.14E-02 7.96E-02 8.482E-01
5.500E-05 1.22E-01 1.36E-01 5.24E-04 4.07E-01 3.77E-02 3.58E-06 8.80E-03 2.51E-06 2.79E-03 7.13E-02 7.92E-02 8.659E-01
5.477E-05 1.23E-01 1.36E-01 5.27E-04 4.11E-01 3.79E-02 3.64E-06 8.83E-03 2.55E-06 4.05E-03 7.13E-02 7.91E-02 8.713E-01
5.400E-05 1.24E-01 1.35E-01 5.44E-04 4.23E-01 3.88E-02 3.85E-06 8.95E-03 2.70E-06 4.21E-03 7.13E-02 7.89E-02 8.855E-01
5.300E-05 1.26E-01 1.35E-01 5.69E-04 4.40E-01 4.00E-02 4.15E-06 9.11E-03 2.91E-06 4.43E-03 7.13E-02 7.85E-02 9.046E-01
5.200E-05 1.28E-01 1.34E-01 6.06E-04 4.57E-01 4.12E-02 4.48E-06 9.27E-03 3.15E-06 4.68E-03 7.12E-02 7.82E-02 9.243E-01
5.100E-05 1.29E-01 1.33E-01 6.41E-04 4.75E-01 4.25E-02 4.85E-06 9.44E-03 3.41E-06 4.94E-03 7.11E-02 7.79E-02 9.447E-01
5.000E-05 1.31E-01 1.32E-01 6.78E-04 4.94E-01 4.38E-02 5.25E-06 9.62E-03 3.69E-06 5.23E-03 7.11E-02 7.76E-02 9.659E-01
4.900E-05 1.33E-01 1.32E-01 7.14E-04 5.14E-01 4.51E-02 5.70E-06 9.81E-03 4.01E-06 5.55E-03 7.10E-02 7.73E-02 9.878E-01
4.880E-05 1.33E-01 1.31E-01 7.20E-04 5.18E-01 4.54E-02 5.79E-06 9.85E-03 4.07E-06 5.62E-03 7.09E-02 7.73E-02 9.923E-01
4.800E-05 1.34E-01 1.31E-01 7.54E-04 5.35E-01 4.68E-02 6.20E-06 1.00E-02 4.36E-06 5.90E-03 7.09E-02 7.70E-02 1.011E+00
4.760E-05 1.35E-01 1.30E-01 7.73E-04 5.43E-01 4.75E-02 6.41E-06 1.01E-02 4.51E-06 6.05E-03 7.08E-02 7.69E-02 1.020E+00
4.700E-05 1.35E-01 1.30E-01 8.01E-04 5.56E-01 4.86E-02 6.75E-06 1.02E-02 4.75E-06 6.29E-03 7.07E-02 7.68E-02 1.035E+00
4.650E-05 1.36E-01 1.30E-01 8.22E-04 5.67E-01 4.96E-02 7.06E-06 1.03E-02 4.96E-06 6.50E-03 7.07E-02 7.67E-02 1.047E+00
4.600E-05 1.37E-01 1.29E-01 8.55E-04 5.78E-01 5.05E-02 7.38E-06 1.04E-02 5.19E-06 6.73E-03 7.06E-02 7.66E-02 1.059E+00
4.550E-05 1.37E-01 1.29E-01 8.92E-04 5.89E-01 5.15E-02 7.72E-06 1.05E-02 5.42E-06 6.96E-03 7.06E-02 7.65E-02 1.072E+00
4.500E-05 1.38E-01 1.28E-01 9.30E-04 6.00E-01 5.26E-02 8.07E-06 1.06E-02 5.67E-06 7.21E-03 7.05E-02 7.64E-02 1.085E+00
4.440E-05 1.39E-01 1.28E-01 9.84E-04 6.14E-01 5.38E-02 8.53E-06 1.08E-02 5.99E-06 7.53E-03 7.04E-02 7.62E-02 1.100E+00
4.350E-05 1.40E-01 1.27E-01 1.07E-03 6.35E-01 5.58E-02 9.28E-06 1.10E-02 6.52E-06 8.05E-03 7.03E-02 7.61E-02 1.124E+00
4.170E-05 1.42E-01 1.26E-01 1.30E-03 6.77E-01 6.06E-02 1.10E-05 1.14E-02 7.76E-06 9.30E-03 7.00E-02 7.58E-02 1.173E+00
4.000E-05 1.43E-01 1.24E-01 1.72E-03 7.19E-01 6.56E-02 1.31E-05 1.19E-02 9.21E-06 1.08E-02 6.97E-02 7.56E-02 1.222E+00
3.850E-05 1.44E-01 1.23E-01 2.29E-03 7.57E-01 7.02E-02 1.54E-05 1.23E-02 1.08E-05 1.25E-02 6.94E-02 7.54E-02 1.267E+00
3.656E-05 1.46E-01 1.22E-01 3.36E-03 8.06E-01 7.68E-02 1.92E-05 1.28E-02 1.34E-05 1.54E-02 6.90E-02 7.52E-02 1.326E+00
3.570E-05 1.46E-01 1.22E-01 3.92E-03 8.27E-01 8.00E-02 2.12E-05 1.31E-02 1.48E-05 1.70E-02 6.88E-02 7.52E-02 1.353E+00
3.330E-05 1.47E-01 1.20E-01 5.85E-03 8.84E-01 9.10E-02 2.91E-05 1.39E-02 1.98E-05 2.36E-02 6.83E-02 7.50E-02 1.429E+00
3.130E-05 1.47E-01 1.19E-01 7.77E-03 9.26E-01 1.05E-01 3.92E-05 1.47E-02 2.58E-05 3.30E-02 6.78E-02 7.49E-02 1.495E+00
3.000E-05 1.48E-01 1.18E-01 9.29E-03 9.49E-01 1.17E-01 4.86E-05 1.52E-02 3.09E-05 4.29E-02 6.75E-02 7.48E-02 1.542E+00
2.940E-05 1.47E-01 1.18E-01 1.01E-02 9.58E-01 1.23E-01 5.39E-05 1.54E-02 3.37E-05 4.91E-02 6.74E-02 7.48E-02 1.563E+00
2.780E-05 1.47E-01 1.17E-01 1.23E-02 9.76E-01 1.44E-01 7.40E-05 1.61E-02 4.31E-05 7.52E-02 6.70E-02 7.47E-02 1.630E+00
2.630E-05 1.47E-01 1.16E-01 1.46E-02 9.84E-01 1.76E-01 1.05E-04 1.67E-02 5.51E-05 1.25E-01 6.66E-02 7.46E-02 1.720E+00
2.500E-05 1.46E-01 1.16E-01 1.72E-02 9.82E-01 2.20E-01 1.53E-04 1.73E-02 6.92E-05 2.17E-01 6.63E-02 7.46E-02 1.856E+00
2.380E-05 1.46E-01 1.15E-01 2.05E-02 9.72E-01 3.03E-01 2.34E-04 1.73E-02 8.68E-05 3.76E-01 6.60E-02 7.45E-02 2.090E+00
2.270E-05 1.45E-01 1.15E-01 2.50E-02 9.57E-01 4.37E-01 3.43E-04 1.80E-02 1.09E-04 4.89E-01 6.57E-02 7.45E-02 2.327E+00
2.170E-05 1.44E-01 1.14E-01 3.10E-02 9.42E-01 5.91E-01 4.45E-04 2.03E-02 1.36E-04 3.85E-01 6.53E-02 7.45E-02 2.369E+00
2.080E-05 1.43E-01 1.14E-01 4.22E-02 9.31E-01 6.12E-01 4.13E-04 2.53E-02 1.69E-04 2.43E-01 6.50E-02 7.45E-02 2.251E+00
2.000E-05 1.42E-01 1.13E-01 1.47E-01 8.35E-01 5.31E-01 3.23E-04 3.22E-02 2.08E-04 1.58E-01 6.47E-02 7.46E-02 2.098E+00
1.920E-05 1.42E-01 1.13E-01 2.70E-01 7.20E-01 4.12E-01 2.22E-04 4.42E-02 2.58E-04 1.06E-01 6.44E-02 7.47E-02 1.946E+00
1.850E-05 1.41E-01 1.14E-01 3.38E-01 6.55E-01 3.23E-01 1.57E-04 5.93E-02 3.16E-04 7.87E-02 6.40E-02 7.48E-02 1.848E+00
1.790E-05 1.41E-01 1.14E-01 4.10E-01 5.76E-01 2.62E-01 1.20E-04 7.56E-02 3.79E-04 6.29E-02 6.36E-02 7.50E-02 1.782E+00
1.720E-05 1.41E-01 1.15E-01 4.54E-01 5.25E-01 2.11E-01 9.55E-05 1.05E-01 4.75E-04 5.03E-02 6.32E-02 7.52E-02 1.739E+00
1.670E-05 1.40E-01 1.15E-01 4.70E-01 5.05E-01 1.80E-01 8.69E-05 1.32E-01 5.61E-04 4.40E-02 6.28E-02 7.53E-02 1.725E+00
1.610E-05 1.40E-01 1.16E-01 4.82E-01 4.88E-01 1.52E-01 8.84E-05 1.80E-01 6.93E-04 3.87E-02 6.23E-02 7.56E-02 1.734E+00
1.560E-05 1.39E-01 1.16E-01 4.87E-01 4.78E-01 1.34E-01 9.97E-05 2.35E-01 8.29E-04 3.58E-02 6.19E-02 7.59E-02 1.764E+00
1.520E-05 1.39E-01 1.16E-01 4.89E-01 4.72E-01 1.21E-01 1.16E-04 2.94E-01 9.53E-04 3.43E-02 6.16E-02 7.60E-02 1.804E+00
1.470E-05 1.39E-01 1.16E-01 4.90E-01 4.65E-01 1.08E-01 1.46E-04 3.79E-01 1.13E-03 3.33E-02 6.12E-02 7.62E-02 1.869E+00
1.430E-05 1.38E-01 1.16E-01 4.90E-01 4.60E-01 1.01E-01 1.83E-04 4.52E-01 1.26E-03 3.33E-02 6.10E-02 7.62E-02 1.929E+00
1.390E-05 1.37E-01 1.16E-01 4.89E-01 4.55E-01 9.83E-02 2.32E-04 5.08E-01 1.40E-03 3.40E-02 6.09E-02 7.61E-02 1.978E+00
1.350E-05 1.37E-01 1.16E-01 4.88E-01 4.51E-01 9.82E-02 2.98E-04 5.61E-01 1.57E-03 3.56E-02 6.08E-02 7.61E-02 2.026E+00
1.320E-05 1.36E-01 1.16E-01 4.87E-01 4.47E-01 1.00E-01 3.62E-04 6.03E-01 1.72E-03 3.74E-02 6.07E-02 7.61E-02 2.066E+00
1.280E-05 1.36E-01 1.16E-01 4.85E-01 4.43E-01 1.07E-01 4.75E-04 6.64E-01 1.95E-03 4.08E-02 6.05E-02 7.60E-02 2.130E+00
1.250E-05 1.35E-01 1.16E-01 4.84E-01 4.42E-01 1.16E-01 5.86E-04 7.13E-01 2.16E-03 4.44E-02 6.04E-02 7.61E-02 2.189E+00
1.220E-05 1.34E-01 1.17E-01 4.82E-01 4.41E-01 1.29E-01 7.26E-04 7.68E-01 2.41E-03 4.91E-02 6.02E-02 7.61E-02 2.260E+00
1.190E-05 1.34E-01 1.17E-01 4.81E-01 4.43E-01 1.47E-01 9.00E-04 8.29E-01 2.70E-03 5.52E-02 6.01E-02 7.61E-02 2.346E+00
1.160E-05 1.33E-01 1.16E-01 4.80E-01 4.46E-01 1.68E-01 1.12E-03 8.97E-01 3.05E-03 6.33E-02 5.99E-02 7.61E-02 2.442E+00
1.140E-05 1.32E-01 1.16E-01 4.78E-01 4.46E-01 1.85E-01 1.32E-03 9.47E-01 3.31E-03 7.01E-02 5.98E-02 7.62E-02 2.516E+00
1.110E-05 1.31E-01 1.16E-01 4.77E-01 4.47E-01 2.12E-01 1.72E-03 1.03E+00 3.78E-03 8.31E-02 5.96E-02 7.62E-02 2.638E+00
1.080E-05 1.30E-01 1.16E-01 4.74E-01 4.48E-01 2.86E-01 2.30E-03 1.13E+00 4.36E-03 1.01E-01 5.93E-02 7.63E-02 2.829E+00
1.050E-05 1.29E-01 1.16E-01 4.72E-01 4.49E-01 3.81E-01 2.98E-03 1.26E+00 5.10E-03 1.25E-01 5.91E-02 7.65E-02 3.071E+00
1.030E-05 1.28E-01 1.15E-01 4.71E-01 4.49E-01 4.55E-01 3.41E-03 1.37E+00 5.68E-03 1.45E-01 5.88E-02 7.66E-02 3.282E+00
1.000E-05 1.27E-01 1.15E-01 4.68E-01 4.50E-01 5.58E-01 4.17E-03 1.54E+00 6.52E-03 1.84E-01 5.86E-02 7.66E-02 3.589E+00
9.750E-06 1.26E-01 1.15E-01 4.65E-01 4.51E-01 6.77E-01 5.17E-03 1.68E+00 7.26E-03 2.22E-01 5.85E-02 7.66E-02 3.880E+00
9.500E-06 1.25E-01 1.14E-01 4.62E-01 4.52E-01 8.15E-01 6.12E-03 1.82E+00 8.07E-03 2.62E-01 5.84E-02 7.66E-02 4.200E+00
9.250E-06 1.24E-01 1.14E-01 4.59E-01 4.53E-01 9.19E-01 6.83E-03 1.97E+00 8.87E-03 2.91E-01 5.83E-02 7.65E-02 4.478E+00
9.080E-06 1.24E-01 1.14E-01 4.55E-01 4.52E-01 9.83E-01 7.34E-03 2.05E+00 9.29E-03 2.98E-01 5.83E-02 7.63E-02 4.626E+00
