 # Optical depth (Siebenmorgen 2023, A&A 670A,115; SC 2023 doi: 10.48550/arXiv.2311.03310)
 # wel(cm) sa_aC    ss_aC    sa_Si    ss_Si    sa_vgr   ss_vgr   sa_vsi   ss_vsi   s_pahS+B sa_Dark  ss_Dark sigt 
 # ------------------------------------------------------------------------------------------------------------- 
1.000E+00 1.80E-07 1.16E-16 4.15E-07 1.35E-16 7.13E-09 6.76E-23 4.72E-08 7.99E-23 1.18E-11 7.21E-06 1.80E-12 7.855E-06
9.000E-01 2.11E-07 1.77E-16 4.90E-07 2.06E-16 9.10E-09 1.03E-22 5.61E-08 1.22E-22 1.46E-11 8.39E-06 2.75E-12 9.159E-06
8.000E-01 2.52E-07 2.83E-16 5.90E-07 3.30E-16 1.19E-08 1.65E-22 6.84E-08 1.95E-22 1.84E-11 9.96E-06 4.40E-12 1.088E-05
7.000E-01 3.09E-07 4.83E-16 7.29E-07 5.63E-16 1.59E-08 2.82E-22 8.41E-08 3.33E-22 2.41E-11 1.21E-05 7.49E-12 1.323E-05
6.000E-01 3.91E-07 8.95E-16 9.32E-07 1.04E-15 2.21E-08 5.22E-22 1.08E-07 6.16E-22 3.28E-11 1.52E-05 1.39E-11 1.661E-05
5.500E-01 4.47E-07 1.27E-15 1.07E-06 1.48E-15 2.65E-08 7.39E-22 1.25E-07 8.73E-22 3.90E-11 1.72E-05 1.96E-11 1.890E-05
5.000E-01 5.18E-07 1.85E-15 1.25E-06 2.16E-15 3.21E-08 1.08E-21 1.44E-07 1.28E-21 4.72E-11 1.98E-05 2.87E-11 2.176E-05
4.500E-01 6.11E-07 2.83E-15 1.48E-06 3.30E-15 3.95E-08 1.65E-21 1.72E-07 1.95E-21 5.83E-11 2.32E-05 4.37E-11 2.548E-05
4.000E-01 7.34E-07 4.52E-15 1.78E-06 5.28E-15 4.95E-08 2.64E-21 2.07E-07 3.12E-21 7.38E-11 2.76E-05 6.99E-11 3.038E-05
3.500E-01 9.06E-07 7.72E-15 2.21E-06 9.01E-15 6.34E-08 4.51E-21 2.59E-07 5.31E-21 9.63E-11 3.37E-05 1.19E-10 3.718E-05
3.000E-01 1.16E-06 1.43E-14 2.84E-06 1.67E-14 8.34E-08 8.35E-21 3.29E-07 9.84E-21 1.31E-10 4.25E-05 2.20E-10 4.693E-05
2.500E-01 1.55E-06 2.96E-14 3.81E-06 3.46E-14 1.14E-07 1.73E-20 4.42E-07 2.04E-20 1.89E-10 5.61E-05 4.56E-10 6.201E-05
2.098E-01 2.06E-06 5.97E-14 5.06E-06 6.98E-14 1.51E-07 3.49E-20 5.87E-07 4.11E-20 2.68E-10 7.34E-05 9.16E-10 8.124E-05
1.500E-01 3.58E-06 2.28E-13 8.77E-06 2.67E-13 2.89E-07 1.34E-19 1.01E-06 1.57E-19 5.25E-10 1.24E-04 3.49E-09 1.372E-04
1.382E-01 4.11E-06 3.16E-13 1.00E-05 3.71E-13 3.41E-07 1.85E-19 1.15E-06 2.18E-19 6.18E-10 1.41E-04 4.84E-09 1.562E-04
1.320E-01 4.44E-06 3.80E-13 1.08E-05 4.45E-13 3.73E-07 2.23E-19 1.24E-06 2.62E-19 6.77E-10 1.51E-04 5.81E-09 1.680E-04
1.150E-01 5.61E-06 6.60E-13 1.36E-05 7.73E-13 4.89E-07 3.87E-19 1.55E-06 4.54E-19 8.92E-10 1.88E-04 1.01E-08 2.095E-04
1.000E-01 7.13E-06 1.15E-12 1.71E-05 1.35E-12 6.42E-07 6.76E-19 1.94E-06 7.94E-19 1.18E-09 2.36E-04 1.76E-08 2.625E-04
9.970E-02 7.17E-06 1.17E-12 1.71E-05 1.37E-12 6.46E-07 6.84E-19 1.95E-06 8.04E-19 1.19E-09 2.37E-04 1.78E-08 2.638E-04
8.670E-02 9.03E-06 2.04E-12 2.16E-05 2.39E-12 8.54E-07 1.20E-18 2.44E-06 1.40E-18 1.57E-09 2.95E-04 3.10E-08 3.287E-04
8.500E-02 9.35E-06 2.21E-12 2.24E-05 2.59E-12 8.88E-07 1.30E-18 2.52E-06 1.52E-18 1.63E-09 3.05E-04 3.36E-08 3.400E-04
7.500E-02 1.19E-05 3.64E-12 2.75E-05 4.28E-12 1.13E-06 2.14E-18 3.08E-06 2.51E-18 2.10E-09 3.81E-04 5.53E-08 4.246E-04
6.000E-02 1.75E-05 8.89E-12 3.97E-05 1.05E-11 1.73E-06 5.21E-18 4.46E-06 6.12E-18 3.28E-09 5.42E-04 1.34E-07 6.059E-04
5.500E-02 2.02E-05 1.26E-11 4.44E-05 1.49E-11 2.04E-06 7.38E-18 5.21E-06 8.68E-18 3.90E-09 6.26E-04 1.90E-07 6.985E-04
5.000E-02 2.41E-05 1.85E-11 5.50E-05 2.20E-11 2.44E-06 1.08E-17 6.20E-06 1.27E-17 4.72E-09 7.43E-04 2.79E-07 8.310E-04
4.500E-02 2.97E-05 2.82E-11 7.29E-05 3.38E-11 2.98E-06 1.65E-17 7.58E-06 1.94E-17 5.83E-09 9.08E-04 4.24E-07 1.021E-03
4.000E-02 3.81E-05 4.52E-11 9.73E-05 5.47E-11 3.71E-06 2.64E-17 9.58E-06 3.11E-17 7.38E-09 1.14E-03 6.78E-07 1.292E-03
3.500E-02 4.78E-05 7.71E-11 1.48E-04 9.41E-11 4.76E-06 4.50E-17 1.27E-05 5.31E-17 9.64E-09 1.41E-03 1.15E-06 1.625E-03
3.000E-02 6.74E-05 1.43E-10 2.31E-04 1.75E-10 6.34E-06 8.34E-17 1.78E-05 9.85E-17 1.31E-08 1.94E-03 2.13E-06 2.261E-03
2.750E-02 8.05E-05 2.03E-10 2.91E-04 2.48E-10 7.47E-06 1.18E-16 2.17E-05 1.40E-16 1.56E-08 2.27E-03 3.01E-06 2.669E-03
2.500E-02 9.69E-05 2.99E-10 3.70E-04 3.63E-10 8.92E-06 1.73E-16 2.72E-05 2.05E-16 1.89E-08 2.71E-03 4.41E-06 3.221E-03
2.400E-02 1.06E-04 3.52E-10 4.10E-04 4.27E-10 9.65E-06 2.04E-16 2.97E-05 2.41E-16 2.05E-08 2.92E-03 5.18E-06 3.481E-03
2.000E-02 1.56E-04 7.34E-10 6.38E-04 8.72E-10 1.37E-05 4.23E-16 4.31E-05 4.99E-16 2.96E-08 4.12E-03 1.07E-05 4.980E-03
1.800E-02 1.94E-04 1.13E-09 7.91E-04 1.31E-09 1.68E-05 6.46E-16 5.35E-05 7.61E-16 3.66E-08 5.06E-03 1.63E-05 6.136E-03
1.600E-02 2.57E-04 1.82E-09 9.84E-04 2.05E-09 2.13E-05 1.04E-15 6.82E-05 1.22E-15 4.64E-08 6.40E-03 2.60E-05 7.753E-03
1.500E-02 3.07E-04 2.36E-09 1.10E-03 2.62E-09 2.42E-05 1.34E-15 7.74E-05 1.58E-15 5.28E-08 7.27E-03 3.34E-05 8.816E-03
1.400E-02 3.49E-04 3.12E-09 1.24E-03 3.41E-09 2.80E-05 1.77E-15 8.94E-05 2.08E-15 6.07E-08 8.11E-03 4.40E-05 9.863E-03
1.200E-02 5.33E-04 5.85E-09 1.58E-03 6.11E-09 3.89E-05 3.30E-15 1.23E-04 3.86E-15 8.28E-08 1.10E-02 8.02E-05 1.334E-02
1.000E-02 8.08E-04 1.23E-08 2.08E-03 1.21E-08 5.88E-05 6.89E-15 1.79E-04 8.02E-15 1.20E-07 1.52E-02 1.65E-04 1.846E-02
9.000E-03 1.08E-03 1.89E-08 2.38E-03 1.80E-08 7.56E-05 1.06E-14 2.23E-04 1.22E-14 1.48E-07 1.86E-02 2.49E-04 2.260E-02
8.000E-03 1.43E-03 2.98E-08 2.76E-03 2.84E-08 1.01E-04 1.70E-14 2.86E-04 1.96E-14 1.89E-07 2.23E-02 3.91E-04 2.725E-02
7.500E-03 1.67E-03 3.91E-08 3.05E-03 3.66E-08 1.19E-04 2.22E-14 3.29E-04 2.54E-14 2.16E-07 2.53E-02 5.06E-04 3.102E-02
7.000E-03 2.02E-03 5.12E-08 3.42E-03 4.79E-08 1.43E-04 2.94E-14 3.81E-04 3.35E-14 2.49E-07 2.87E-02 6.59E-04 3.528E-02
6.000E-03 2.90E-03 9.29E-08 4.39E-03 8.74E-08 2.20E-04 5.54E-14 5.30E-04 6.20E-14 3.43E-07 3.76E-02 1.20E-03 4.682E-02
5.000E-03 4.13E-03 1.82E-07 6.24E-03 1.78E-07 3.86E-04 1.18E-13 7.81E-04 1.28E-13 5.04E-07 5.12E-02 2.43E-03 6.516E-02
4.500E-03 5.09E-03 2.64E-07 7.63E-03 2.65E-07 5.47E-04 1.81E-13 9.75E-04 1.94E-13 6.34E-07 6.17E-02 3.62E-03 7.952E-02
4.000E-03 6.05E-03 3.92E-07 9.52E-03 3.98E-07 8.00E-04 2.89E-13 1.25E-03 3.07E-13 8.26E-07 7.50E-02 5.65E-03 9.824E-02
3.500E-03 7.32E-03 6.20E-07 1.17E-02 6.28E-07 1.11E-03 4.62E-13 1.62E-03 5.18E-13 1.13E-06 9.41E-02 9.33E-03 1.252E-01
3.000E-03 9.03E-03 1.03E-06 1.45E-02 1.01E-06 1.17E-03 7.23E-13 2.22E-03 9.45E-13 1.71E-06 1.22E-01 1.62E-02 1.651E-01
2.750E-03 9.90E-03 1.34E-06 1.58E-02 1.30E-06 1.01E-03 9.31E-13 2.67E-03 1.32E-12 2.30E-06 1.40E-01 2.15E-02 1.907E-01
2.500E-03 1.07E-02 1.79E-06 1.73E-02 1.70E-06 7.97E-04 1.28E-12 3.27E-03 1.90E-12 3.76E-06 1.60E-01 2.88E-02 2.210E-01
2.400E-03 1.11E-02 2.05E-06 1.79E-02 1.91E-06 7.15E-04 1.49E-12 3.57E-03 2.20E-12 5.21E-06 1.69E-01 3.22E-02 2.347E-01
2.350E-03 1.13E-02 2.19E-06 1.83E-02 2.03E-06 6.76E-04 1.61E-12 3.73E-03 2.38E-12 6.14E-06 1.74E-01 3.40E-02 2.420E-01
2.320E-03 1.14E-02 2.28E-06 1.85E-02 2.10E-06 6.53E-04 1.69E-12 3.84E-03 2.49E-12 6.60E-06 1.77E-01 3.51E-02 2.463E-01
2.310E-03 1.15E-02 2.31E-06 1.86E-02 2.13E-06 6.46E-04 1.72E-12 3.87E-03 2.53E-12 6.72E-06 1.78E-01 3.55E-02 2.478E-01
2.300E-03 1.15E-02 2.34E-06 1.86E-02 2.15E-06 6.39E-04 1.75E-12 3.90E-03 2.57E-12 6.82E-06 1.79E-01 3.59E-02 2.492E-01
2.250E-03 1.17E-02 2.50E-06 1.91E-02 2.30E-06 6.04E-04 1.90E-12 4.10E-03 2.80E-12 7.10E-06 1.84E-01 3.79E-02 2.569E-01
2.200E-03 1.19E-02 2.67E-06 1.95E-02 2.45E-06 5.72E-04 2.08E-12 4.33E-03 3.02E-12 7.46E-06 1.88E-01 3.98E-02 2.645E-01
2.150E-03 1.22E-02 2.88E-06 2.01E-02 2.60E-06 5.42E-04 2.28E-12 4.54E-03 3.27E-12 8.14E-06 1.93E-01 4.17E-02 2.720E-01
2.120E-03 1.23E-02 3.00E-06 2.03E-02 2.69E-06 5.26E-04 2.41E-12 4.69E-03 3.43E-12 8.48E-06 1.96E-01 4.29E-02 2.766E-01
2.110E-03 1.24E-02 3.04E-06 2.04E-02 2.72E-06 5.20E-04 2.45E-12 4.74E-03 3.48E-12 8.54E-06 1.97E-01 4.33E-02 2.781E-01
2.100E-03 1.24E-02 3.08E-06 2.05E-02 2.75E-06 5.15E-04 2.50E-12 4.79E-03 3.54E-12 8.56E-06 1.98E-01 4.36E-02 2.795E-01
2.080E-03 1.25E-02 3.16E-06 2.07E-02 2.80E-06 5.05E-04 2.60E-12 4.90E-03 3.65E-12 8.50E-06 1.99E-01 4.43E-02 2.821E-01
2.000E-03 1.26E-02 3.57E-06 2.13E-02 3.03E-06 4.68E-04 3.05E-12 5.37E-03 4.15E-12 8.11E-06 2.06E-01 4.73E-02 2.932E-01
1.950E-03 1.28E-02 3.87E-06 2.16E-02 3.14E-06 4.48E-04 3.37E-12 5.68E-03 4.39E-12 8.74E-06 2.09E-01 4.84E-02 2.982E-01
1.900E-03 1.31E-02 4.23E-06 2.17E-02 3.22E-06 4.30E-04 3.75E-12 5.92E-03 4.60E-12 1.05E-05 2.11E-01 4.93E-02 3.017E-01
1.850E-03 1.34E-02 4.62E-06 2.16E-02 3.26E-06 4.14E-04 4.18E-12 6.05E-03 4.72E-12 1.35E-05 2.11E-01 4.99E-02 3.027E-01
1.830E-03 1.35E-02 4.78E-06 2.15E-02 3.26E-06 4.08E-04 4.37E-12 6.07E-03 4.74E-12 1.45E-05 2.11E-01 4.99E-02 3.023E-01
1.820E-03 1.35E-02 4.86E-06 2.14E-02 3.26E-06 4.05E-04 4.47E-12 6.07E-03 4.76E-12 1.49E-05 2.10E-01 5.00E-02 3.019E-01
1.810E-03 1.36E-02 4.95E-06 2.13E-02 3.25E-06 4.03E-04 4.57E-12 6.06E-03 4.77E-12 1.51E-05 2.10E-01 5.01E-02 3.015E-01
1.800E-03 1.37E-02 5.04E-06 2.12E-02 3.25E-06 4.00E-04 4.67E-12 6.04E-03 4.78E-12 1.52E-05 2.10E-01 5.03E-02 3.011E-01
1.750E-03 1.40E-02 5.52E-06 2.03E-02 3.16E-06 3.88E-04 5.24E-12 5.89E-03 4.80E-12 1.56E-05 2.07E-01 5.08E-02 2.980E-01
1.700E-03 1.41E-02 6.04E-06 1.88E-02 3.03E-06 3.79E-04 5.90E-12 5.60E-03 4.83E-12 1.90E-05 2.02E-01 5.20E-02 2.931E-01
1.670E-03 1.44E-02 6.43E-06 1.76E-02 2.95E-06 3.75E-04 6.35E-12 5.39E-03 4.89E-12 2.24E-05 2.00E-01 5.32E-02 2.910E-01
1.650E-03 1.45E-02 6.72E-06 1.67E-02 2.90E-06 3.72E-04 6.67E-12 5.23E-03 4.95E-12 2.36E-05 1.99E-01 5.41E-02 2.896E-01
1.640E-03 1.46E-02 6.85E-06 1.62E-02 2.88E-06 3.71E-04 6.84E-12 5.14E-03 4.98E-12 2.35E-05 1.98E-01 5.45E-02 2.887E-01
1.630E-03 1.47E-02 6.99E-06 1.57E-02 2.86E-06 3.70E-04 7.01E-12 5.06E-03 5.02E-12 2.31E-05 1.97E-01 5.50E-02 2.879E-01
1.610E-03 1.49E-02 7.26E-06 1.46E-02 2.86E-06 3.68E-04 7.37E-12 4.88E-03 5.14E-12 2.16E-05 1.96E-01 5.63E-02 2.866E-01
1.600E-03 1.49E-02 7.41E-06 1.40E-02 2.86E-06 3.67E-04 7.56E-12 4.80E-03 5.21E-12 2.09E-05 1.95E-01 5.70E-02 2.861E-01
1.590E-03 1.50E-02 7.57E-06 1.34E-02 2.89E-06 3.66E-04 7.76E-12 4.71E-03 5.29E-12 2.04E-05 1.94E-01 5.77E-02 2.856E-01
1.580E-03 1.51E-02 7.72E-06 1.29E-02 2.93E-06 3.66E-04 7.96E-12 4.63E-03 5.38E-12 2.01E-05 1.94E-01 5.86E-02 2.852E-01
1.570E-03 1.51E-02 7.86E-06 1.23E-02 2.98E-06 3.65E-04 8.17E-12 4.54E-03 5.48E-12 1.98E-05 1.93E-01 5.95E-02 2.848E-01
1.560E-03 1.52E-02 8.05E-06 1.17E-02 3.06E-06 3.65E-04 8.38E-12 4.46E-03 5.59E-12 1.94E-05 1.93E-01 6.05E-02 2.849E-01
1.540E-03 1.54E-02 8.39E-06 1.08E-02 3.28E-06 3.64E-04 8.83E-12 4.29E-03 5.86E-12 1.89E-05 1.92E-01 6.25E-02 2.853E-01
1.520E-03 1.56E-02 8.71E-06 1.00E-02 3.60E-06 3.64E-04 9.32E-12 4.13E-03 6.18E-12 2.00E-05 1.91E-01 6.48E-02 2.861E-01
1.510E-03 1.56E-02 8.87E-06 9.74E-03 3.79E-06 3.64E-04 9.57E-12 4.06E-03 6.36E-12 2.06E-05 1.91E-01 6.60E-02 2.866E-01
1.500E-03 1.57E-02 9.04E-06 9.51E-03 4.00E-06 3.64E-04 9.83E-12 3.99E-03 6.56E-12 2.07E-05 1.91E-01 6.74E-02 2.875E-01
1.450E-03 1.59E-02 1.01E-05 9.07E-03 5.19E-06 3.66E-04 1.13E-11 3.67E-03 7.94E-12 2.63E-05 1.92E-01 7.65E-02 2.974E-01
1.440E-03 1.60E-02 1.03E-05 9.07E-03 5.45E-06 3.67E-04 1.16E-11 3.62E-03 8.29E-12 2.90E-05 1.92E-01 7.86E-02 3.001E-01
1.430E-03 1.61E-02 1.06E-05 9.06E-03 5.71E-06 3.68E-04 1.19E-11 3.61E-03 8.73E-12 3.14E-05 1.94E-01 8.10E-02 3.040E-01
1.420E-03 1.61E-02 1.08E-05 9.05E-03 5.98E-06 3.68E-04 1.23E-11 3.59E-03 9.18E-12 3.26E-05 1.95E-01 8.35E-02 3.080E-01
1.400E-03 1.63E-02 1.13E-05 9.06E-03 6.56E-06 3.71E-04 1.30E-11 3.62E-03 1.02E-11 3.56E-05 1.99E-01 8.88E-02 3.173E-01
1.380E-03 1.65E-02 1.19E-05 9.07E-03 7.18E-06 3.73E-04 1.38E-11 3.72E-03 1.14E-11 4.49E-05 2.04E-01 9.41E-02 3.278E-01
1.370E-03 1.66E-02 1.22E-05 9.08E-03 7.52E-06 3.75E-04 1.42E-11 3.82E-03 1.21E-11 5.34E-05 2.07E-01 9.66E-02 3.336E-01
1.360E-03 1.67E-02 1.25E-05 9.09E-03 7.87E-06 3.76E-04 1.46E-11 3.94E-03 1.27E-11 6.19E-05 2.10E-01 9.91E-02 3.394E-01
1.350E-03 1.68E-02 1.28E-05 9.13E-03 8.25E-06 3.78E-04 1.51E-11 4.05E-03 1.34E-11 6.62E-05 2.13E-01 1.01E-01 3.453E-01
1.340E-03 1.69E-02 1.31E-05 9.16E-03 8.65E-06 3.80E-04 1.56E-11 4.19E-03 1.41E-11 7.17E-05 2.17E-01 1.03E-01 3.508E-01
1.330E-03 1.70E-02 1.34E-05 9.22E-03 9.08E-06 3.82E-04 1.60E-11 4.34E-03 1.49E-11 8.31E-05 2.20E-01 1.05E-01 3.561E-01
1.320E-03 1.71E-02 1.37E-05 9.28E-03 9.53E-06 3.83E-04 1.65E-11 4.48E-03 1.56E-11 1.02E-04 2.23E-01 1.07E-01 3.614E-01
1.310E-03 1.72E-02 1.40E-05 9.36E-03 1.00E-05 3.86E-04 1.70E-11 4.65E-03 1.64E-11 1.34E-04 2.26E-01 1.09E-01 3.664E-01
1.290E-03 1.73E-02 1.47E-05 9.58E-03 1.11E-05 3.90E-04 1.81E-11 4.99E-03 1.81E-11 2.76E-04 2.32E-01 1.12E-01 3.763E-01
1.280E-03 1.73E-02 1.50E-05 9.71E-03 1.16E-05 3.93E-04 1.87E-11 5.20E-03 1.90E-11 4.06E-04 2.35E-01 1.14E-01 3.814E-01
1.270E-03 1.74E-02 1.54E-05 9.78E-03 1.23E-05 3.95E-04 1.93E-11 5.41E-03 1.99E-11 4.91E-04 2.38E-01 1.15E-01 3.865E-01
1.260E-03 1.75E-02 1.58E-05 9.91E-03 1.30E-05 3.98E-04 2.00E-11 5.63E-03 2.09E-11 4.23E-04 2.41E-01 1.16E-01 3.911E-01
1.250E-03 1.75E-02 1.62E-05 1.01E-02 1.38E-05 4.01E-04 2.06E-11 5.86E-03 2.18E-11 3.12E-04 2.44E-01 1.17E-01 3.953E-01
1.220E-03 1.79E-02 1.77E-05 1.15E-02 1.71E-05 4.09E-04 2.27E-11 6.57E-03 2.50E-11 2.44E-04 2.52E-01 1.20E-01 4.094E-01
1.210E-03 1.80E-02 1.81E-05 1.25E-02 1.84E-05 4.12E-04 2.35E-11 6.85E-03 2.62E-11 2.81E-04 2.55E-01 1.21E-01 4.142E-01
1.200E-03 1.80E-02 1.86E-05 1.39E-02 1.96E-05 4.15E-04 2.43E-11 7.15E-03 2.74E-11 3.10E-04 2.58E-01 1.22E-01 4.193E-01
1.190E-03 1.82E-02 1.92E-05 1.53E-02 2.08E-05 4.18E-04 2.52E-11 7.46E-03 2.87E-11 3.10E-04 2.61E-01 1.22E-01 4.247E-01
1.180E-03 1.83E-02 1.97E-05 1.67E-02 2.17E-05 4.22E-04 2.61E-11 7.78E-03 2.99E-11 3.08E-04 2.63E-01 1.22E-01 4.290E-01
1.170E-03 1.84E-02 2.02E-05 1.81E-02 2.25E-05 4.25E-04 2.70E-11 8.11E-03 3.12E-11 3.42E-04 2.65E-01 1.22E-01 4.333E-01
1.160E-03 1.86E-02 2.08E-05 1.93E-02 2.32E-05 4.31E-04 2.81E-11 8.41E-03 3.24E-11 4.41E-04 2.67E-01 1.23E-01 4.372E-01
1.150E-03 1.86E-02 2.13E-05 2.03E-02 2.38E-05 6.05E-04 2.78E-11 8.73E-03 3.38E-11 6.43E-04 2.69E-01 1.23E-01 4.409E-01
1.140E-03 1.87E-02 2.18E-05 2.12E-02 2.43E-05 4.49E-04 2.96E-11 9.07E-03 3.53E-11 9.67E-04 2.71E-01 1.23E-01 4.445E-01
1.130E-03 1.87E-02 2.24E-05 2.20E-02 2.49E-05 4.48E-04 3.08E-11 9.44E-03 3.68E-11 1.18E-03 2.73E-01 1.23E-01 4.482E-01
1.120E-03 1.88E-02 2.31E-05 2.28E-02 2.54E-05 4.51E-04 3.20E-11 9.84E-03 3.85E-11 9.51E-04 2.75E-01 1.23E-01 4.510E-01
1.110E-03 1.89E-02 2.37E-05 2.35E-02 2.60E-05 4.55E-04 3.32E-11 1.03E-02 4.02E-11 6.04E-04 2.77E-01 1.23E-01 4.536E-01
1.090E-03 1.90E-02 2.52E-05 2.49E-02 2.72E-05 4.64E-04 3.57E-11 1.11E-02 4.36E-11 2.51E-04 2.81E-01 1.22E-01 4.586E-01
1.050E-03 1.94E-02 2.87E-05 2.75E-02 2.93E-05 4.86E-04 4.15E-11 1.35E-02 5.18E-11 8.37E-05 2.87E-01 1.19E-01 4.670E-01
1.000E-03 2.01E-02 3.38E-05 3.01E-02 3.10E-05 5.18E-04 5.05E-11 1.56E-02 5.55E-11 4.25E-05 2.84E-01 1.10E-01 4.605E-01
9.800E-04 2.05E-02 3.63E-05 3.06E-02 3.09E-05 5.33E-04 5.48E-11 1.63E-02 5.71E-11 3.70E-05 2.83E-01 1.06E-01 4.574E-01
9.600E-04 2.08E-02 3.89E-05 3.05E-02 3.01E-05 5.49E-04 5.95E-11 1.71E-02 5.75E-11 3.43E-05 2.80E-01 1.02E-01 4.504E-01
9.500E-04 2.10E-02 4.03E-05 3.01E-02 2.96E-05 5.57E-04 6.21E-11 1.73E-02 5.63E-11 3.38E-05 2.77E-01 9.82E-02 4.443E-01
9.400E-04 2.11E-02 4.15E-05 2.96E-02 2.90E-05 5.66E-04 6.48E-11 1.72E-02 5.39E-11 3.39E-05 2.73E-01 9.42E-02 4.357E-01
9.200E-04 2.15E-02 4.44E-05 2.81E-02 2.78E-05 5.84E-04 7.06E-11 1.60E-02 4.49E-11 3.62E-05 2.61E-01 8.55E-02 4.127E-01
8.900E-04 2.20E-02 4.96E-05 2.49E-02 2.60E-05 6.14E-04 8.06E-11 1.27E-02 2.87E-11 5.25E-05 2.39E-01 7.52E-02 3.744E-01
8.700E-04 2.22E-02 5.30E-05 2.25E-02 2.55E-05 6.36E-04 8.83E-11 1.05E-02 2.13E-11 1.17E-04 2.25E-01 7.22E-02 3.537E-01
8.600E-04 2.24E-02 5.51E-05 2.14E-02 2.55E-05 6.47E-04 9.25E-11 9.69E-03 1.88E-11 1.75E-04 2.20E-01 7.19E-02 3.465E-01
8.500E-04 2.25E-02 5.71E-05 2.02E-02 2.54E-05 6.59E-04 9.69E-11 8.93E-03 1.68E-11 1.26E-04 2.15E-01 7.16E-02 3.393E-01
8.400E-04 2.27E-02 5.96E-05 1.88E-02 2.54E-05 6.72E-04 1.02E-10 8.15E-03 1.47E-11 9.03E-05 2.10E-01 7.14E-02 3.318E-01
8.200E-04 2.30E-02 6.36E-05 1.57E-02 2.61E-05 6.98E-04 1.12E-10 6.29E-03 1.05E-11 9.19E-05 1.96E-01 7.15E-02 3.134E-01
8.000E-04 2.32E-02 6.90E-05 1.27E-02 2.88E-05 7.26E-04 1.23E-10 4.30E-03 8.14E-12 1.34E-04 1.82E-01 7.65E-02 2.992E-01
7.900E-04 2.35E-02 7.19E-05 1.15E-02 3.10E-05 7.40E-04 1.30E-10 3.61E-03 8.76E-12 1.67E-04 1.78E-01 8.20E-02 2.994E-01
7.800E-04 2.36E-02 7.44E-05 1.06E-02 3.35E-05 7.55E-04 1.37E-10 2.94E-03 9.91E-12 2.00E-04 1.73E-01 8.82E-02 2.995E-01
7.700E-04 2.36E-02 7.73E-05 9.74E-03 3.63E-05 7.70E-04 1.44E-10 2.42E-03 1.18E-11 2.14E-04 1.70E-01 9.56E-02 3.024E-01
7.600E-04 2.37E-02 8.04E-05 9.04E-03 3.94E-05 7.86E-04 1.51E-10 2.05E-03 1.44E-11 1.99E-04 1.68E-01 1.04E-01 3.079E-01
7.500E-04 2.38E-02 8.37E-05 8.42E-03 4.27E-05 8.02E-04 1.60E-10 1.72E-03 1.75E-11 1.65E-04 1.67E-01 1.12E-01 3.143E-01
7.300E-04 2.40E-02 9.18E-05 7.46E-03 5.05E-05 8.37E-04 1.78E-10 1.44E-03 2.50E-11 1.03E-04 1.69E-01 1.30E-01 3.324E-01
7.200E-04 2.41E-02 9.55E-05 7.16E-03 5.49E-05 8.56E-04 1.88E-10 1.40E-03 2.89E-11 8.59E-05 1.70E-01 1.37E-01 3.406E-01
7.100E-04 2.42E-02 1.00E-04 6.97E-03 5.95E-05 8.75E-04 1.99E-10 1.35E-03 3.32E-11 8.41E-05 1.71E-01 1.45E-01 3.497E-01
7.000E-04 2.44E-02 1.05E-04 6.78E-03 6.41E-05 8.96E-04 2.10E-10 1.34E-03 3.77E-11 1.17E-04 1.73E-01 1.52E-01 3.588E-01
6.900E-04 2.45E-02 1.09E-04 6.51E-03 6.89E-05 9.16E-04 2.22E-10 1.33E-03 4.24E-11 6.86E-05 1.74E-01 1.58E-01 3.661E-01
6.800E-04 2.42E-02 1.13E-04 6.17E-03 7.41E-05 9.38E-04 2.36E-10 1.33E-03 4.72E-11 5.34E-05 1.74E-01 1.66E-01 3.729E-01
6.600E-04 2.43E-02 1.27E-04 5.56E-03 8.62E-05 9.85E-04 2.65E-10 1.33E-03 5.80E-11 5.11E-05 1.78E-01 1.81E-01 3.916E-01
6.400E-04 2.50E-02 1.44E-04 4.82E-03 1.00E-04 1.03E-03 3.00E-10 1.33E-03 7.03E-11 7.75E-05 1.83E-01 1.94E-01 4.096E-01
6.300E-04 2.55E-02 1.52E-04 4.50E-03 1.09E-04 1.05E-03 3.20E-10 1.33E-03 7.71E-11 1.21E-04 1.85E-01 2.00E-01 4.172E-01
6.200E-04 2.57E-02 1.59E-04 4.43E-03 1.19E-04 1.09E-03 3.40E-10 1.32E-03 8.46E-11 1.65E-04 1.86E-01 2.06E-01 4.245E-01
6.100E-04 2.59E-02 1.68E-04 4.41E-03 1.28E-04 1.12E-03 3.63E-10 1.31E-03 9.25E-11 1.19E-04 1.87E-01 2.12E-01 4.325E-01
5.900E-04 2.70E-02 1.89E-04 3.62E-03 1.49E-04 1.18E-03 4.14E-10 1.29E-03 1.11E-10 5.37E-05 1.92E-01 2.23E-01 4.479E-01
5.500E-04 2.61E-02 2.28E-04 2.69E-03 2.09E-04 1.32E-03 5.47E-10 1.27E-03 1.59E-10 4.51E-05 1.90E-01 2.53E-01 4.749E-01
5.300E-04 2.63E-02 2.62E-04 2.40E-03 2.49E-04 1.41E-03 6.34E-10 1.28E-03 1.90E-10 7.15E-05 1.93E-01 2.68E-01 4.928E-01
5.200E-04 2.64E-02 2.80E-04 2.26E-03 2.72E-04 1.45E-03 6.83E-10 1.28E-03 2.09E-10 1.13E-04 1.94E-01 2.75E-01 5.013E-01
5.100E-04 2.66E-02 3.02E-04 2.11E-03 2.97E-04 1.50E-03 7.38E-10 1.28E-03 2.29E-10 1.56E-04 1.96E-01 2.82E-01 5.101E-01
5.000E-04 2.69E-02 3.25E-04 1.96E-03 3.30E-04 1.55E-03 7.98E-10 1.29E-03 2.51E-10 1.13E-04 1.98E-01 2.88E-01 5.183E-01
4.800E-04 2.73E-02 3.75E-04 1.74E-03 3.97E-04 1.65E-03 9.37E-10 1.31E-03 3.03E-10 5.29E-05 2.01E-01 3.01E-01 5.343E-01
4.500E-04 2.83E-02 4.70E-04 1.46E-03 5.28E-04 1.83E-03 1.21E-09 1.36E-03 4.05E-10 4.08E-05 2.05E-01 3.17E-01 5.562E-01
4.000E-04 2.95E-02 7.18E-04 1.09E-03 8.78E-04 2.20E-03 1.93E-09 1.46E-03 6.77E-10 4.56E-05 2.12E-01 3.41E-01 5.894E-01
3.800E-04 3.02E-02 8.68E-04 9.59E-04 1.09E-03 2.38E-03 2.36E-09 1.51E-03 8.42E-10 5.12E-05 2.15E-01 3.48E-01 6.005E-01
3.600E-04 3.09E-02 1.06E-03 8.45E-04 1.37E-03 2.60E-03 2.92E-09 1.56E-03 1.06E-09 6.22E-05 2.18E-01 3.53E-01 6.099E-01
3.400E-04 3.25E-02 1.30E-03 7.45E-04 1.75E-03 2.84E-03 3.65E-09 1.62E-03 1.35E-09 1.26E-04 2.22E-01 3.54E-01 6.176E-01
3.300E-04 3.24E-02 1.44E-03 6.99E-04 1.98E-03 2.98E-03 4.11E-09 1.64E-03 1.52E-09 3.29E-04 2.22E-01 3.57E-01 6.209E-01
3.200E-04 3.26E-02 1.62E-03 6.52E-04 2.25E-03 3.13E-03 4.64E-09 1.67E-03 1.73E-09 1.30E-04 2.23E-01 3.59E-01 6.238E-01
3.150E-04 3.29E-02 1.72E-03 6.32E-04 2.40E-03 3.20E-03 4.93E-09 1.68E-03 1.85E-09 1.00E-04 2.24E-01 3.59E-01 6.252E-01
3.100E-04 3.33E-02 1.82E-03 6.11E-04 2.56E-03 3.28E-03 5.25E-09 1.70E-03 1.97E-09 8.83E-05 2.25E-01 3.59E-01 6.266E-01
3.080E-04 3.34E-02 1.87E-03 6.03E-04 2.63E-03 3.32E-03 5.39E-09 1.71E-03 2.03E-09 8.60E-05 2.25E-01 3.59E-01 6.272E-01
3.050E-04 3.35E-02 1.93E-03 5.90E-04 2.74E-03 3.37E-03 5.60E-09 1.72E-03 2.11E-09 8.37E-05 2.25E-01 3.59E-01 6.280E-01
3.000E-04 3.38E-02 2.06E-03 5.72E-04 2.93E-03 3.46E-03 5.98E-09 1.73E-03 2.26E-09 8.22E-05 2.26E-01 3.59E-01 6.293E-01
2.900E-04 3.45E-02 2.33E-03 5.34E-04 3.37E-03 3.65E-03 6.83E-09 1.77E-03 2.60E-09 8.35E-05 2.27E-01 3.58E-01 6.318E-01
2.800E-04 3.48E-02 2.64E-03 5.00E-04 3.89E-03 3.85E-03 7.84E-09 1.81E-03 3.00E-09 8.76E-05 2.28E-01 3.59E-01 6.341E-01
2.600E-04 3.59E-02 3.50E-03 4.35E-04 5.27E-03 4.33E-03 1.05E-08 1.90E-03 4.06E-09 1.00E-04 2.30E-01 3.59E-01 6.400E-01
2.500E-04 3.68E-02 4.07E-03 4.06E-04 6.17E-03 4.59E-03 1.22E-08 1.95E-03 4.77E-09 1.08E-04 2.31E-01 3.59E-01 6.439E-01
2.200E-04 4.05E-02 6.64E-03 3.30E-04 1.03E-02 5.58E-03 2.02E-08 2.13E-03 8.01E-09 1.43E-04 2.35E-01 3.60E-01 6.610E-01
2.159E-04 4.10E-02 7.11E-03 3.21E-04 1.11E-02 5.75E-03 2.17E-08 2.16E-03 8.64E-09 1.49E-04 2.36E-01 3.61E-01 6.638E-01
2.000E-04 4.36E-02 9.51E-03 2.90E-04 1.50E-02 6.46E-03 2.93E-08 2.29E-03 1.18E-08 1.79E-04 2.38E-01 3.62E-01 6.771E-01
1.662E-04 5.09E-02 1.86E-02 2.36E-04 3.03E-02 8.59E-03 6.05E-08 2.65E-03 2.48E-08 2.83E-04 2.41E-01 3.60E-01 7.126E-01
1.650E-04 5.12E-02 1.91E-02 2.34E-04 3.11E-02 8.69E-03 6.22E-08 2.67E-03 2.55E-08 2.88E-04 2.41E-01 3.60E-01 7.142E-01
1.250E-04 6.87E-02 4.82E-02 2.19E-04 8.06E-02 1.34E-02 1.84E-07 3.39E-03 7.76E-08 6.03E-04 2.46E-01 3.50E-01 8.103E-01
1.235E-04 6.97E-02 5.00E-02 2.18E-04 8.38E-02 1.36E-02 1.93E-07 3.43E-03 8.15E-08 6.22E-04 2.46E-01 3.49E-01 8.163E-01
1.130E-04 7.83E-02 6.49E-02 2.30E-04 1.11E-01 1.56E-02 2.74E-07 3.72E-03 1.16E-07 7.89E-04 2.47E-01 3.44E-01 8.659E-01
1.000E-04 9.38E-02 9.10E-02 2.65E-04 1.62E-01 1.91E-02 4.41E-07 4.17E-03 1.90E-07 1.09E-03 2.50E-01 3.36E-01 9.566E-01
9.500E-05 1.01E-01 1.03E-01 2.70E-04 1.89E-01 2.07E-02 5.39E-07 4.38E-03 2.33E-07 1.24E-03 2.51E-01 3.32E-01 1.003E+00
9.300E-05 1.05E-01 1.09E-01 2.76E-04 2.01E-01 2.15E-02 5.85E-07 4.47E-03 2.54E-07 1.31E-03 2.51E-01 3.30E-01 1.024E+00
9.200E-05 1.06E-01 1.11E-01 2.80E-04 2.08E-01 2.18E-02 6.10E-07 4.52E-03 2.65E-07 1.35E-03 2.51E-01 3.30E-01 1.034E+00
9.100E-05 1.08E-01 1.14E-01 2.86E-04 2.15E-01 2.22E-02 6.37E-07 4.56E-03 2.77E-07 1.39E-03 2.52E-01 3.29E-01 1.045E+00
9.000E-05 1.09E-01 1.17E-01 2.90E-04 2.22E-01 2.26E-02 6.65E-07 4.61E-03 2.89E-07 1.43E-03 2.52E-01 3.28E-01 1.057E+00
8.900E-05 1.11E-01 1.20E-01 2.96E-04 2.29E-01 2.30E-02 6.94E-07 4.66E-03 3.02E-07 1.47E-03 2.52E-01 3.27E-01 1.068E+00
8.800E-05 1.13E-01 1.23E-01 2.99E-04 2.37E-01 2.35E-02 7.25E-07 4.71E-03 3.16E-07 1.51E-03 2.52E-01 3.26E-01 1.080E+00
8.700E-05 1.14E-01 1.26E-01 3.08E-04 2.44E-01 2.39E-02 7.58E-07 4.76E-03 3.31E-07 1.56E-03 2.52E-01 3.26E-01 1.093E+00
8.600E-05 1.16E-01 1.29E-01 3.15E-04 2.53E-01 2.43E-02 7.93E-07 4.81E-03 3.47E-07 1.60E-03 2.52E-01 3.25E-01 1.106E+00
8.500E-05 1.18E-01 1.32E-01 3.13E-04 2.61E-01 2.48E-02 8.30E-07 4.87E-03 3.63E-07 1.65E-03 2.52E-01 3.24E-01 1.119E+00
8.400E-05 1.19E-01 1.36E-01 3.22E-04 2.70E-01 2.53E-02 8.69E-07 4.92E-03 3.81E-07 1.70E-03 2.52E-01 3.23E-01 1.132E+00
8.330E-05 1.21E-01 1.38E-01 3.26E-04 2.76E-01 2.56E-02 8.97E-07 4.96E-03 3.94E-07 1.74E-03 2.52E-01 3.22E-01 1.142E+00
8.200E-05 1.23E-01 1.42E-01 3.36E-04 2.88E-01 2.62E-02 9.54E-07 5.04E-03 4.20E-07 1.80E-03 2.53E-01 3.21E-01 1.161E+00
8.100E-05 1.25E-01 1.46E-01 3.42E-04 2.98E-01 2.67E-02 1.00E-06 5.10E-03 4.41E-07 1.86E-03 2.53E-01 3.20E-01 1.176E+00
8.000E-05 1.27E-01 1.49E-01 3.45E-04 3.07E-01 2.72E-02 1.05E-06 5.16E-03 4.63E-07 1.92E-03 2.53E-01 3.19E-01 1.191E+00
7.900E-05 1.29E-01 1.53E-01 3.56E-04 3.18E-01 2.78E-02 1.10E-06 5.22E-03 4.87E-07 1.98E-03 2.53E-01 3.18E-01 1.207E+00
7.800E-05 1.31E-01 1.57E-01 3.63E-04 3.28E-01 2.83E-02 1.16E-06 5.28E-03 5.13E-07 2.04E-03 2.53E-01 3.17E-01 1.223E+00
7.700E-05 1.34E-01 1.60E-01 3.69E-04 3.39E-01 2.89E-02 1.22E-06 5.34E-03 5.40E-07 2.11E-03 2.53E-01 3.16E-01 1.240E+00
7.600E-05 1.36E-01 1.64E-01 3.85E-04 3.50E-01 2.95E-02 1.28E-06 5.41E-03 5.69E-07 2.18E-03 2.54E-01 3.15E-01 1.257E+00
7.500E-05 1.39E-01 1.67E-01 3.99E-04 3.62E-01 3.01E-02 1.35E-06 5.48E-03 6.00E-07 2.25E-03 2.54E-01 3.14E-01 1.274E+00
7.400E-05 1.41E-01 1.71E-01 4.12E-04 3.74E-01 3.07E-02 1.42E-06 5.55E-03 6.33E-07 2.32E-03 2.54E-01 3.13E-01 1.292E+00
7.300E-05 1.44E-01 1.74E-01 4.30E-04 3.86E-01 3.14E-02 1.50E-06 5.62E-03 6.69E-07 2.40E-03 2.54E-01 3.12E-01 1.310E+00
7.140E-05 1.48E-01 1.80E-01 4.39E-04 4.06E-01 3.24E-02 1.63E-06 5.73E-03 7.31E-07 2.53E-03 2.54E-01 3.10E-01 1.340E+00
7.100E-05 1.50E-01 1.81E-01 4.46E-04 4.11E-01 3.27E-02 1.66E-06 5.76E-03 7.48E-07 2.57E-03 2.54E-01 3.10E-01 1.348E+00
7.000E-05 1.52E-01 1.85E-01 4.57E-04 4.25E-01 3.34E-02 1.76E-06 5.84E-03 7.92E-07 2.66E-03 2.55E-01 3.08E-01 1.367E+00
6.900E-05 1.55E-01 1.88E-01 4.69E-04 4.38E-01 3.41E-02 1.86E-06 5.92E-03 8.39E-07 2.75E-03 2.55E-01 3.07E-01 1.387E+00
6.800E-05 1.58E-01 1.92E-01 4.91E-04 4.52E-01 3.49E-02 1.97E-06 6.00E-03 8.90E-07 2.85E-03 2.55E-01 3.06E-01 1.407E+00
6.700E-05 1.61E-01 1.95E-01 5.09E-04 4.67E-01 3.56E-02 2.08E-06 6.09E-03 9.44E-07 2.95E-03 2.55E-01 3.05E-01 1.428E+00
6.600E-05 1.64E-01 1.98E-01 5.29E-04 4.81E-01 3.64E-02 2.21E-06 6.18E-03 1.00E-06 3.06E-03 2.55E-01 3.03E-01 1.449E+00
6.500E-05 1.68E-01 2.02E-01 5.41E-04 4.97E-01 3.73E-02 2.34E-06 6.26E-03 1.07E-06 3.17E-03 2.55E-01 3.02E-01 1.471E+00
6.400E-05 1.71E-01 2.05E-01 5.53E-04 5.13E-01 3.82E-02 2.49E-06 6.36E-03 1.14E-06 3.29E-03 2.55E-01 3.01E-01 1.493E+00
6.300E-05 1.75E-01 2.08E-01 5.71E-04 5.29E-01 3.91E-02 2.65E-06 6.45E-03 1.21E-06 3.42E-03 2.55E-01 3.00E-01 1.516E+00
6.250E-05 1.76E-01 2.10E-01 5.77E-04 5.38E-01 3.96E-02 2.73E-06 6.50E-03 1.25E-06 3.49E-03 2.55E-01 2.99E-01 1.528E+00
6.200E-05 1.78E-01 2.11E-01 5.92E-04 5.46E-01 4.00E-02 2.82E-06 6.55E-03 1.29E-06 3.55E-03 2.55E-01 2.98E-01 1.540E+00
6.100E-05 1.82E-01 2.14E-01 6.21E-04 5.64E-01 4.10E-02 3.01E-06 6.65E-03 1.38E-06 3.70E-03 2.55E-01 2.97E-01 1.564E+00
6.000E-05 1.86E-01 2.17E-01 6.47E-04 5.82E-01 4.20E-02 3.21E-06 6.76E-03 1.47E-06 3.85E-03 2.55E-01 2.96E-01 1.589E+00
5.900E-05 1.90E-01 2.20E-01 6.74E-04 6.01E-01 4.31E-02 3.43E-06 6.87E-03 1.58E-06 4.01E-03 2.55E-01 2.94E-01 1.615E+00
5.800E-05 1.94E-01 2.22E-01 7.05E-04 6.20E-01 4.41E-02 3.67E-06 6.98E-03 1.69E-06 4.17E-03 2.55E-01 2.93E-01 1.641E+00
5.700E-05 1.98E-01 2.24E-01 7.41E-04 6.40E-01 4.52E-02 3.93E-06 7.10E-03 1.81E-06 4.35E-03 2.56E-01 2.91E-01 1.667E+00
5.600E-05 2.03E-01 2.26E-01 7.78E-04 6.60E-01 4.64E-02 4.21E-06 7.22E-03 1.95E-06 4.55E-03 2.56E-01 2.90E-01 1.694E+00
5.500E-05 2.07E-01 2.27E-01 8.12E-04 6.81E-01 4.76E-02 4.52E-06 7.35E-03 2.09E-06 4.75E-03 2.55E-01 2.89E-01 1.720E+00
5.477E-05 2.08E-01 2.28E-01 8.17E-04 6.86E-01 4.79E-02 4.60E-06 7.37E-03 2.13E-06 7.00E-03 2.55E-01 2.88E-01 1.729E+00
5.400E-05 2.12E-01 2.29E-01 8.43E-04 7.02E-01 4.90E-02 4.87E-06 7.47E-03 2.25E-06 7.27E-03 2.55E-01 2.87E-01 1.750E+00
5.300E-05 2.16E-01 2.29E-01 8.85E-04 7.24E-01 5.05E-02 5.25E-06 7.61E-03 2.43E-06 7.66E-03 2.55E-01 2.86E-01 1.777E+00
5.200E-05 2.21E-01 2.30E-01 9.36E-04 7.46E-01 5.21E-02 5.66E-06 7.74E-03 2.63E-06 8.08E-03 2.55E-01 2.85E-01 1.805E+00
5.100E-05 2.25E-01 2.31E-01 9.88E-04 7.68E-01 5.37E-02 6.13E-06 7.89E-03 2.84E-06 8.54E-03 2.55E-01 2.83E-01 1.833E+00
5.000E-05 2.29E-01 2.31E-01 1.05E-03 7.91E-01 5.53E-02 6.64E-06 8.04E-03 3.08E-06 9.04E-03 2.55E-01 2.82E-01 1.861E+00
4.900E-05 2.34E-01 2.31E-01 1.10E-03 8.14E-01 5.70E-02 7.20E-06 8.19E-03 3.35E-06 9.60E-03 2.55E-01 2.81E-01 1.890E+00
4.880E-05 2.34E-01 2.31E-01 1.11E-03 8.18E-01 5.74E-02 7.32E-06 8.22E-03 3.40E-06 9.71E-03 2.55E-01 2.81E-01 1.895E+00
4.800E-05 2.38E-01 2.31E-01 1.16E-03 8.37E-01 5.91E-02 7.83E-06 8.35E-03 3.64E-06 1.02E-02 2.54E-01 2.80E-01 1.919E+00
4.760E-05 2.39E-01 2.30E-01 1.18E-03 8.47E-01 6.00E-02 8.10E-06 8.42E-03 3.77E-06 1.05E-02 2.54E-01 2.79E-01 1.930E+00
4.700E-05 2.42E-01 2.30E-01 1.23E-03 8.61E-01 6.14E-02 8.54E-06 8.52E-03 3.97E-06 1.09E-02 2.54E-01 2.79E-01 1.948E+00
4.650E-05 2.44E-01 2.30E-01 1.26E-03 8.73E-01 6.26E-02 8.92E-06 8.60E-03 4.14E-06 1.12E-02 2.54E-01 2.78E-01 1.963E+00
4.600E-05 2.46E-01 2.30E-01 1.30E-03 8.85E-01 6.39E-02 9.32E-06 8.69E-03 4.33E-06 1.16E-02 2.54E-01 2.78E-01 1.977E+00
4.550E-05 2.47E-01 2.30E-01 1.36E-03 8.97E-01 6.51E-02 9.75E-06 8.78E-03 4.53E-06 1.20E-02 2.53E-01 2.77E-01 1.992E+00
4.500E-05 2.49E-01 2.29E-01 1.42E-03 9.09E-01 6.64E-02 1.02E-05 8.87E-03 4.74E-06 1.25E-02 2.53E-01 2.77E-01 2.007E+00
4.440E-05 2.52E-01 2.29E-01 1.50E-03 9.24E-01 6.80E-02 1.08E-05 8.99E-03 5.00E-06 1.30E-02 2.53E-01 2.76E-01 2.025E+00
4.350E-05 2.55E-01 2.28E-01 1.63E-03 9.45E-01 7.06E-02 1.17E-05 9.16E-03 5.44E-06 1.39E-02 2.52E-01 2.75E-01 2.052E+00
4.170E-05 2.61E-01 2.27E-01 1.98E-03 9.89E-01 7.66E-02 1.40E-05 9.53E-03 6.48E-06 1.61E-02 2.52E-01 2.74E-01 2.106E+00
4.000E-05 2.66E-01 2.25E-01 2.61E-03 1.03E+00 8.29E-02 1.66E-05 9.90E-03 7.69E-06 1.87E-02 2.51E-01 2.73E-01 2.156E+00
3.850E-05 2.70E-01 2.24E-01 3.46E-03 1.06E+00 8.87E-02 1.94E-05 1.02E-02 9.01E-06 2.15E-02 2.50E-01 2.72E-01 2.198E+00
3.656E-05 2.75E-01 2.21E-01 5.06E-03 1.10E+00 9.71E-02 2.42E-05 1.07E-02 1.12E-05 2.65E-02 2.48E-01 2.71E-01 2.251E+00
3.570E-05 2.77E-01 2.21E-01 5.89E-03 1.11E+00 1.01E-01 2.68E-05 1.09E-02 1.23E-05 2.94E-02 2.48E-01 2.70E-01 2.273E+00
3.330E-05 2.81E-01 2.18E-01 8.76E-03 1.14E+00 1.15E-01 3.67E-05 1.16E-02 1.65E-05 4.07E-02 2.46E-01 2.69E-01 2.332E+00
3.130E-05 2.84E-01 2.16E-01 1.16E-02 1.16E+00 1.32E-01 4.95E-05 1.22E-02 2.15E-05 5.69E-02 2.44E-01 2.69E-01 2.382E+00
3.000E-05 2.85E-01 2.14E-01 1.38E-02 1.16E+00 1.48E-01 6.14E-05 1.27E-02 2.58E-05 7.37E-02 2.43E-01 2.68E-01 2.418E+00
2.940E-05 2.86E-01 2.14E-01 1.49E-02 1.16E+00 1.55E-01 6.81E-05 1.29E-02 2.82E-05 8.44E-02 2.43E-01 2.68E-01 2.435E+00
2.780E-05 2.86E-01 2.12E-01 1.82E-02 1.15E+00 1.82E-01 9.35E-05 1.34E-02 3.60E-05 1.28E-01 2.41E-01 2.68E-01 2.498E+00
2.630E-05 2.86E-01 2.10E-01 2.15E-02 1.14E+00 2.22E-01 1.33E-04 1.40E-02 4.60E-05 2.11E-01 2.40E-01 2.68E-01 2.608E+00
2.500E-05 2.86E-01 2.09E-01 2.53E-02 1.12E+00 2.77E-01 1.94E-04 1.44E-02 5.78E-05 3.57E-01 2.39E-01 2.67E-01 2.797E+00
2.380E-05 2.85E-01 2.08E-01 3.01E-02 1.11E+00 3.82E-01 2.96E-04 1.45E-02 7.25E-05 5.94E-01 2.37E-01 2.67E-01 3.129E+00
2.270E-05 2.84E-01 2.07E-01 3.65E-02 1.10E+00 5.53E-01 4.33E-04 1.50E-02 9.10E-05 7.53E-01 2.36E-01 2.67E-01 3.457E+00
2.170E-05 2.83E-01 2.06E-01 4.54E-02 1.11E+00 7.47E-01 5.63E-04 1.69E-02 1.14E-04 6.08E-01 2.35E-01 2.67E-01 3.516E+00
2.080E-05 2.82E-01 2.06E-01 6.13E-02 1.11E+00 7.74E-01 5.22E-04 2.11E-02 1.42E-04 3.97E-01 2.34E-01 2.67E-01 3.352E+00
2.000E-05 2.80E-01 2.05E-01 1.97E-01 9.77E-01 6.71E-01 4.09E-04 2.69E-02 1.74E-04 2.64E-01 2.33E-01 2.68E-01 3.121E+00
1.920E-05 2.79E-01 2.05E-01 3.43E-01 8.25E-01 5.21E-01 2.81E-04 3.69E-02 2.16E-04 1.80E-01 2.32E-01 2.68E-01 2.890E+00
1.850E-05 2.78E-01 2.07E-01 4.18E-01 7.44E-01 4.08E-01 1.99E-04 4.95E-02 2.64E-04 1.34E-01 2.30E-01 2.68E-01 2.738E+00
1.790E-05 2.78E-01 2.08E-01 4.94E-01 6.62E-01 3.32E-01 1.52E-04 6.31E-02 3.16E-04 1.07E-01 2.29E-01 2.69E-01 2.642E+00
1.720E-05 2.78E-01 2.09E-01 5.36E-01 6.13E-01 2.66E-01 1.21E-04 8.76E-02 3.96E-04 8.59E-02 2.27E-01 2.70E-01 2.573E+00
1.670E-05 2.77E-01 2.10E-01 5.51E-01 5.94E-01 2.28E-01 1.10E-04 1.10E-01 4.69E-04 7.51E-02 2.26E-01 2.70E-01 2.542E+00
1.610E-05 2.77E-01 2.11E-01 5.61E-01 5.78E-01 1.92E-01 1.12E-04 1.50E-01 5.79E-04 6.59E-02 2.24E-01 2.71E-01 2.531E+00
1.560E-05 2.77E-01 2.12E-01 5.65E-01 5.68E-01 1.69E-01 1.26E-04 1.97E-01 6.93E-04 6.08E-02 2.23E-01 2.72E-01 2.543E+00
1.520E-05 2.76E-01 2.12E-01 5.66E-01 5.63E-01 1.53E-01 1.46E-04 2.46E-01 7.96E-04 5.80E-02 2.21E-01 2.73E-01 2.569E+00
1.470E-05 2.76E-01 2.13E-01 5.66E-01 5.56E-01 1.36E-01 1.85E-04 3.17E-01 9.43E-04 5.62E-02 2.20E-01 2.73E-01 2.614E+00
1.430E-05 2.75E-01 2.13E-01 5.66E-01 5.51E-01 1.28E-01 2.31E-04 3.77E-01 1.06E-03 5.60E-02 2.19E-01 2.73E-01 2.660E+00
1.390E-05 2.74E-01 2.13E-01 5.65E-01 5.47E-01 1.24E-01 2.94E-04 4.25E-01 1.17E-03 5.70E-02 2.19E-01 2.73E-01 2.697E+00
1.350E-05 2.72E-01 2.13E-01 5.63E-01 5.42E-01 1.24E-01 3.77E-04 4.69E-01 1.31E-03 5.94E-02 2.19E-01 2.73E-01 2.736E+00
1.320E-05 2.71E-01 2.13E-01 5.62E-01 5.38E-01 1.26E-01 4.58E-04 5.04E-01 1.43E-03 6.22E-02 2.18E-01 2.73E-01 2.770E+00
1.280E-05 2.70E-01 2.13E-01 5.60E-01 5.34E-01 1.35E-01 6.00E-04 5.54E-01 1.63E-03 6.78E-02 2.18E-01 2.73E-01 2.826E+00
1.250E-05 2.69E-01 2.13E-01 5.58E-01 5.32E-01 1.46E-01 7.40E-04 5.96E-01 1.81E-03 7.35E-02 2.17E-01 2.73E-01 2.880E+00
1.220E-05 2.68E-01 2.14E-01 5.57E-01 5.31E-01 1.63E-01 9.17E-04 6.42E-01 2.01E-03 8.12E-02 2.16E-01 2.73E-01 2.947E+00
1.190E-05 2.66E-01 2.13E-01 5.55E-01 5.34E-01 1.86E-01 1.14E-03 6.92E-01 2.26E-03 9.11E-02 2.16E-01 2.73E-01 3.030E+00
1.160E-05 2.65E-01 2.13E-01 5.53E-01 5.36E-01 2.12E-01 1.42E-03 7.49E-01 2.55E-03 1.04E-01 2.15E-01 2.73E-01 3.125E+00
1.140E-05 2.63E-01 2.13E-01 5.52E-01 5.37E-01 2.34E-01 1.67E-03 7.91E-01 2.77E-03 1.15E-01 2.15E-01 2.73E-01 3.198E+00
1.110E-05 2.62E-01 2.13E-01 5.49E-01 5.38E-01 2.68E-01 2.18E-03 8.61E-01 3.16E-03 1.37E-01 2.14E-01 2.73E-01 3.320E+00
1.080E-05 2.59E-01 2.12E-01 5.46E-01 5.39E-01 3.61E-01 2.90E-03 9.45E-01 3.64E-03 1.65E-01 2.13E-01 2.74E-01 3.522E+00
1.050E-05 2.57E-01 2.11E-01 5.44E-01 5.40E-01 4.82E-01 3.77E-03 1.05E+00 4.26E-03 2.04E-01 2.12E-01 2.74E-01 3.782E+00
1.030E-05 2.56E-01 2.11E-01 5.41E-01 5.40E-01 5.75E-01 4.31E-03 1.15E+00 4.74E-03 2.38E-01 2.11E-01 2.75E-01 4.004E+00
1.000E-05 2.53E-01 2.10E-01 5.38E-01 5.42E-01 7.05E-01 5.27E-03 1.29E+00 5.45E-03 3.01E-01 2.11E-01 2.75E-01 4.332E+00
9.750E-06 2.51E-01 2.09E-01 5.35E-01 5.43E-01 8.56E-01 6.53E-03 1.40E+00 6.06E-03 3.65E-01 2.10E-01 2.75E-01 4.656E+00
9.500E-06 2.49E-01 2.09E-01 5.32E-01 5.44E-01 1.03E+00 7.73E-03 1.52E+00 6.74E-03 4.29E-01 2.10E-01 2.75E-01 5.011E+00
9.250E-06 2.47E-01 2.08E-01 5.28E-01 5.45E-01 1.16E+00 8.64E-03 1.64E+00 7.41E-03 4.77E-01 2.09E-01 2.74E-01 5.308E+00
9.080E-06 2.45E-01 2.07E-01 5.20E-01 5.41E-01 1.24E+00 9.28E-03 1.71E+00 7.76E-03 4.88E-01 2.09E-01 2.74E-01 5.455E+00
