 # Optical depth (Siebenmorgen 2023, A&A 670A,115; SC 2023 doi: 10.48550/arXiv.2311.03310)
 # wel(cm) sa_aC    ss_aC    sa_Si    ss_Si    sa_vgr   ss_vgr   sa_vsi   ss_vsi   s_pahS+B sa_Dark  ss_Dark sigt 
 # ------------------------------------------------------------------------------------------------------------- 
1.000E+00 2.81E-07 1.23E-16 3.25E-07 3.01E-17 4.55E-09 4.05E-23 8.32E-08 1.32E-22 8.05E-12 8.57E-06 1.97E-12 9.266E-06
9.000E-01 3.29E-07 1.88E-16 3.84E-07 4.59E-17 5.80E-09 6.18E-23 9.90E-08 2.02E-22 9.94E-12 9.98E-06 2.99E-12 1.080E-05
8.000E-01 3.93E-07 3.01E-16 4.63E-07 7.35E-17 7.57E-09 9.89E-23 1.21E-07 3.23E-22 1.26E-11 1.18E-05 4.79E-12 1.283E-05
7.000E-01 4.81E-07 5.14E-16 5.72E-07 1.25E-16 1.01E-08 1.69E-22 1.48E-07 5.51E-22 1.64E-11 1.44E-05 8.16E-12 1.560E-05
6.000E-01 6.09E-07 9.51E-16 7.31E-07 2.32E-16 1.41E-08 3.13E-22 1.91E-07 1.02E-21 2.24E-11 1.80E-05 1.51E-11 1.958E-05
5.500E-01 6.96E-07 1.35E-15 8.39E-07 3.29E-16 1.69E-08 4.43E-22 2.20E-07 1.45E-21 2.66E-11 2.05E-05 2.14E-11 2.227E-05
5.000E-01 8.07E-07 1.97E-15 9.78E-07 4.82E-16 2.05E-08 6.48E-22 2.55E-07 2.12E-21 3.22E-11 2.36E-05 3.13E-11 2.564E-05
4.500E-01 9.50E-07 3.00E-15 1.16E-06 7.34E-16 2.52E-08 9.88E-22 3.04E-07 3.22E-21 3.98E-11 2.76E-05 4.76E-11 3.001E-05
4.000E-01 1.14E-06 4.81E-15 1.40E-06 1.18E-15 3.16E-08 1.58E-21 3.65E-07 5.16E-21 5.03E-11 3.28E-05 7.61E-11 3.578E-05
3.500E-01 1.41E-06 8.20E-15 1.73E-06 2.01E-15 4.04E-08 2.70E-21 4.57E-07 8.81E-21 6.57E-11 4.01E-05 1.30E-10 4.377E-05
3.000E-01 1.80E-06 1.52E-14 2.22E-06 3.72E-15 5.32E-08 5.00E-21 5.80E-07 1.63E-20 8.95E-11 5.06E-05 2.40E-10 5.524E-05
2.500E-01 2.41E-06 3.15E-14 2.99E-06 7.71E-15 7.26E-08 1.04E-20 7.79E-07 3.38E-20 1.29E-10 6.67E-05 4.96E-10 7.298E-05
2.098E-01 3.20E-06 6.34E-14 3.97E-06 1.55E-14 9.66E-08 2.09E-20 1.04E-06 6.81E-20 1.83E-10 8.73E-05 9.98E-10 9.560E-05
1.500E-01 5.57E-06 2.42E-13 6.87E-06 5.95E-14 1.84E-07 8.00E-20 1.77E-06 2.60E-19 3.58E-10 1.47E-04 3.80E-09 1.614E-04
1.382E-01 6.39E-06 3.36E-13 7.86E-06 8.26E-14 2.17E-07 1.11E-19 2.03E-06 3.61E-19 4.22E-10 1.67E-04 5.27E-09 1.837E-04
1.320E-01 6.91E-06 4.04E-13 8.48E-06 9.92E-14 2.38E-07 1.33E-19 2.19E-06 4.34E-19 4.62E-10 1.80E-04 6.33E-09 1.976E-04
1.150E-01 8.73E-06 7.01E-13 1.06E-05 1.72E-13 3.12E-07 2.32E-19 2.73E-06 7.53E-19 6.09E-10 2.24E-04 1.10E-08 2.463E-04
1.000E-01 1.11E-05 1.23E-12 1.34E-05 3.01E-13 4.09E-07 4.05E-19 3.41E-06 1.32E-18 8.06E-10 2.80E-04 1.91E-08 3.087E-04
9.970E-02 1.12E-05 1.24E-12 1.34E-05 3.05E-13 4.12E-07 4.10E-19 3.43E-06 1.33E-18 8.10E-10 2.82E-04 1.94E-08 3.102E-04
8.670E-02 1.41E-05 2.17E-12 1.70E-05 5.33E-13 5.44E-07 7.17E-19 4.30E-06 2.33E-18 1.07E-09 3.51E-04 3.38E-08 3.865E-04
8.500E-02 1.46E-05 2.35E-12 1.75E-05 5.77E-13 5.66E-07 7.76E-19 4.44E-06 2.52E-18 1.11E-09 3.63E-04 3.66E-08 3.998E-04
7.500E-02 1.85E-05 3.87E-12 2.16E-05 9.53E-13 7.19E-07 1.28E-18 5.42E-06 4.16E-18 1.43E-09 4.53E-04 6.03E-08 4.993E-04
6.000E-02 2.72E-05 9.45E-12 3.11E-05 2.34E-12 1.11E-06 3.12E-18 7.87E-06 1.01E-17 2.24E-09 6.45E-04 1.46E-07 7.124E-04
5.500E-02 3.15E-05 1.34E-11 3.48E-05 3.33E-12 1.30E-06 4.42E-18 9.18E-06 1.44E-17 2.66E-09 7.45E-04 2.07E-07 8.219E-04
5.000E-02 3.75E-05 1.96E-11 4.32E-05 4.91E-12 1.55E-06 6.48E-18 1.09E-05 2.11E-17 3.22E-09 8.83E-04 3.03E-07 9.767E-04
4.500E-02 4.62E-05 3.00E-11 5.72E-05 7.53E-12 1.90E-06 9.87E-18 1.34E-05 3.21E-17 3.98E-09 1.08E-03 4.62E-07 1.198E-03
4.000E-02 5.93E-05 4.80E-11 7.63E-05 1.22E-11 2.36E-06 1.58E-17 1.69E-05 5.15E-17 5.04E-09 1.36E-03 7.39E-07 1.513E-03
3.500E-02 7.44E-05 8.20E-11 1.16E-04 2.10E-11 3.03E-06 2.70E-17 2.23E-05 8.80E-17 6.58E-09 1.68E-03 1.26E-06 1.893E-03
3.000E-02 1.05E-04 1.52E-10 1.81E-04 3.90E-11 4.04E-06 5.00E-17 3.14E-05 1.63E-16 8.97E-09 2.30E-03 2.32E-06 2.624E-03
2.750E-02 1.25E-04 2.16E-10 2.28E-04 5.53E-11 4.76E-06 7.08E-17 3.83E-05 2.32E-16 1.07E-08 2.69E-03 3.28E-06 3.091E-03
2.500E-02 1.51E-04 3.17E-10 2.90E-04 8.09E-11 5.69E-06 1.04E-16 4.80E-05 3.39E-16 1.29E-08 3.22E-03 4.80E-06 3.722E-03
2.400E-02 1.66E-04 3.74E-10 3.21E-04 9.51E-11 6.15E-06 1.22E-16 5.24E-05 3.99E-16 1.40E-08 3.47E-03 5.64E-06 4.018E-03
2.000E-02 2.42E-04 7.80E-10 5.00E-04 1.94E-10 8.71E-06 2.54E-16 7.59E-05 8.27E-16 2.02E-08 4.89E-03 1.16E-05 5.727E-03
1.800E-02 3.01E-04 1.20E-09 6.21E-04 2.91E-10 1.07E-05 3.87E-16 9.44E-05 1.26E-15 2.50E-08 6.01E-03 1.77E-05 7.053E-03
1.600E-02 4.00E-04 1.93E-09 7.72E-04 4.57E-10 1.36E-05 6.21E-16 1.20E-04 2.02E-15 3.17E-08 7.58E-03 2.83E-05 8.920E-03
1.500E-02 4.77E-04 2.51E-09 8.66E-04 5.84E-10 1.54E-05 8.05E-16 1.36E-04 2.62E-15 3.61E-08 8.62E-03 3.64E-05 1.015E-02
1.400E-02 5.43E-04 3.32E-09 9.72E-04 7.60E-10 1.78E-05 1.06E-15 1.58E-04 3.45E-15 4.14E-08 9.62E-03 4.79E-05 1.135E-02
1.200E-02 8.29E-04 6.22E-09 1.24E-03 1.36E-09 2.48E-05 1.98E-15 2.16E-04 6.40E-15 5.66E-08 1.30E-02 8.74E-05 1.541E-02
1.000E-02 1.26E-03 1.31E-08 1.63E-03 2.69E-09 3.75E-05 4.13E-15 3.15E-04 1.33E-14 8.19E-08 1.80E-02 1.80E-04 2.138E-02
9.000E-03 1.67E-03 2.01E-08 1.86E-03 4.00E-09 4.82E-05 6.33E-15 3.94E-04 2.03E-14 1.02E-07 2.20E-02 2.71E-04 2.625E-02
8.000E-03 2.22E-03 3.17E-08 2.16E-03 6.32E-09 6.44E-05 1.02E-14 5.05E-04 3.25E-14 1.29E-07 2.63E-02 4.26E-04 3.172E-02
7.500E-03 2.60E-03 4.15E-08 2.39E-03 8.15E-09 7.60E-05 1.33E-14 5.79E-04 4.21E-14 1.48E-07 2.99E-02 5.51E-04 3.614E-02
7.000E-03 3.14E-03 5.44E-08 2.68E-03 1.07E-08 9.12E-05 1.76E-14 6.71E-04 5.55E-14 1.70E-07 3.38E-02 7.18E-04 4.115E-02
6.000E-03 4.51E-03 9.87E-08 3.44E-03 1.95E-08 1.41E-04 3.32E-14 9.34E-04 1.03E-13 2.35E-07 4.43E-02 1.30E-03 5.465E-02
5.000E-03 6.43E-03 1.93E-07 4.89E-03 3.96E-08 2.46E-04 7.05E-14 1.38E-03 2.12E-13 3.47E-07 6.02E-02 2.64E-03 7.583E-02
4.500E-03 7.91E-03 2.80E-07 5.98E-03 5.91E-08 3.49E-04 1.09E-13 1.72E-03 3.21E-13 4.37E-07 7.25E-02 3.94E-03 9.239E-02
4.000E-03 9.42E-03 4.17E-07 7.46E-03 8.86E-08 5.10E-04 1.73E-13 2.20E-03 5.10E-13 5.72E-07 8.80E-02 6.15E-03 1.137E-01
3.500E-03 1.14E-02 6.59E-07 9.20E-03 1.40E-07 7.08E-04 2.77E-13 2.86E-03 8.58E-13 7.88E-07 1.10E-01 1.01E-02 1.446E-01
3.000E-03 1.40E-02 1.09E-06 1.13E-02 2.25E-07 7.48E-04 4.33E-13 3.91E-03 1.57E-12 1.20E-06 1.43E-01 1.76E-02 1.906E-01
2.750E-03 1.54E-02 1.43E-06 1.24E-02 2.90E-07 6.45E-04 5.58E-13 4.70E-03 2.18E-12 1.63E-06 1.64E-01 2.34E-02 2.203E-01
2.500E-03 1.66E-02 1.91E-06 1.36E-02 3.79E-07 5.08E-04 7.67E-13 5.77E-03 3.15E-12 2.73E-06 1.88E-01 3.14E-02 2.557E-01
2.400E-03 1.72E-02 2.17E-06 1.40E-02 4.26E-07 4.56E-04 8.90E-13 6.29E-03 3.65E-12 3.83E-06 1.99E-01 3.52E-02 2.717E-01
2.350E-03 1.76E-02 2.33E-06 1.43E-02 4.52E-07 4.31E-04 9.64E-13 6.58E-03 3.94E-12 4.54E-06 2.04E-01 3.72E-02 2.804E-01
2.320E-03 1.78E-02 2.42E-06 1.45E-02 4.68E-07 4.17E-04 1.01E-12 6.76E-03 4.13E-12 4.89E-06 2.08E-01 3.84E-02 2.854E-01
2.310E-03 1.79E-02 2.45E-06 1.46E-02 4.74E-07 4.12E-04 1.03E-12 6.82E-03 4.20E-12 4.98E-06 2.09E-01 3.88E-02 2.871E-01
2.300E-03 1.79E-02 2.48E-06 1.46E-02 4.80E-07 4.07E-04 1.05E-12 6.88E-03 4.26E-12 5.05E-06 2.10E-01 3.92E-02 2.888E-01
2.250E-03 1.82E-02 2.65E-06 1.49E-02 5.11E-07 3.85E-04 1.14E-12 7.23E-03 4.63E-12 5.26E-06 2.16E-01 4.14E-02 2.979E-01
2.200E-03 1.85E-02 2.84E-06 1.53E-02 5.45E-07 3.65E-04 1.25E-12 7.63E-03 5.01E-12 5.52E-06 2.22E-01 4.35E-02 3.069E-01
2.150E-03 1.89E-02 3.06E-06 1.57E-02 5.79E-07 3.46E-04 1.36E-12 8.01E-03 5.41E-12 6.04E-06 2.27E-01 4.57E-02 3.158E-01
2.120E-03 1.91E-02 3.19E-06 1.59E-02 5.99E-07 3.35E-04 1.44E-12 8.27E-03 5.68E-12 6.29E-06 2.31E-01 4.70E-02 3.213E-01
2.110E-03 1.92E-02 3.23E-06 1.60E-02 6.05E-07 3.32E-04 1.47E-12 8.36E-03 5.77E-12 6.34E-06 2.32E-01 4.74E-02 3.231E-01
2.100E-03 1.93E-02 3.27E-06 1.61E-02 6.12E-07 3.28E-04 1.50E-12 8.45E-03 5.87E-12 6.35E-06 2.33E-01 4.78E-02 3.248E-01
2.080E-03 1.94E-02 3.36E-06 1.62E-02 6.24E-07 3.22E-04 1.56E-12 8.63E-03 6.05E-12 6.30E-06 2.35E-01 4.85E-02 3.279E-01
2.000E-03 1.97E-02 3.79E-06 1.67E-02 6.75E-07 2.98E-04 1.82E-12 9.47E-03 6.87E-12 5.98E-06 2.43E-01 5.19E-02 3.413E-01
1.950E-03 2.00E-02 4.11E-06 1.70E-02 6.99E-07 2.86E-04 2.02E-12 1.00E-02 7.28E-12 6.45E-06 2.47E-01 5.31E-02 3.476E-01
1.900E-03 2.04E-02 4.49E-06 1.70E-02 7.17E-07 2.74E-04 2.25E-12 1.04E-02 7.62E-12 7.81E-06 2.50E-01 5.42E-02 3.523E-01
1.850E-03 2.08E-02 4.91E-06 1.69E-02 7.26E-07 2.64E-04 2.50E-12 1.07E-02 7.82E-12 1.01E-05 2.50E-01 5.48E-02 3.538E-01
1.830E-03 2.10E-02 5.08E-06 1.68E-02 7.27E-07 2.60E-04 2.62E-12 1.07E-02 7.86E-12 1.09E-05 2.50E-01 5.49E-02 3.536E-01
1.820E-03 2.11E-02 5.17E-06 1.68E-02 7.26E-07 2.58E-04 2.68E-12 1.07E-02 7.88E-12 1.11E-05 2.49E-01 5.50E-02 3.532E-01
1.810E-03 2.11E-02 5.26E-06 1.67E-02 7.25E-07 2.57E-04 2.74E-12 1.07E-02 7.90E-12 1.13E-05 2.49E-01 5.51E-02 3.528E-01
1.800E-03 2.12E-02 5.36E-06 1.66E-02 7.23E-07 2.55E-04 2.80E-12 1.07E-02 7.91E-12 1.14E-05 2.48E-01 5.53E-02 3.525E-01
1.750E-03 2.17E-02 5.86E-06 1.59E-02 7.05E-07 2.48E-04 3.14E-12 1.04E-02 7.95E-12 1.16E-05 2.45E-01 5.60E-02 3.492E-01
1.700E-03 2.20E-02 6.42E-06 1.47E-02 6.76E-07 2.42E-04 3.54E-12 9.88E-03 8.01E-12 1.43E-05 2.40E-01 5.73E-02 3.438E-01
1.670E-03 2.23E-02 6.83E-06 1.38E-02 6.57E-07 2.39E-04 3.80E-12 9.51E-03 8.10E-12 1.68E-05 2.37E-01 5.86E-02 3.415E-01
1.650E-03 2.26E-02 7.13E-06 1.31E-02 6.46E-07 2.37E-04 4.00E-12 9.22E-03 8.20E-12 1.77E-05 2.35E-01 5.96E-02 3.402E-01
1.640E-03 2.27E-02 7.27E-06 1.27E-02 6.42E-07 2.37E-04 4.10E-12 9.07E-03 8.25E-12 1.77E-05 2.34E-01 6.01E-02 3.392E-01
1.630E-03 2.29E-02 7.42E-06 1.23E-02 6.39E-07 2.36E-04 4.20E-12 8.92E-03 8.31E-12 1.74E-05 2.33E-01 6.07E-02 3.384E-01
1.610E-03 2.31E-02 7.71E-06 1.14E-02 6.37E-07 2.35E-04 4.42E-12 8.61E-03 8.52E-12 1.62E-05 2.32E-01 6.21E-02 3.371E-01
1.600E-03 2.32E-02 7.87E-06 1.10E-02 6.39E-07 2.34E-04 4.53E-12 8.46E-03 8.64E-12 1.57E-05 2.31E-01 6.29E-02 3.366E-01
1.590E-03 2.33E-02 8.03E-06 1.05E-02 6.44E-07 2.34E-04 4.65E-12 8.31E-03 8.76E-12 1.53E-05 2.30E-01 6.37E-02 3.361E-01
1.580E-03 2.34E-02 8.19E-06 1.01E-02 6.52E-07 2.33E-04 4.77E-12 8.16E-03 8.92E-12 1.50E-05 2.29E-01 6.46E-02 3.358E-01
1.570E-03 2.35E-02 8.35E-06 9.63E-03 6.65E-07 2.33E-04 4.89E-12 8.01E-03 9.09E-12 1.48E-05 2.28E-01 6.56E-02 3.354E-01
1.560E-03 2.36E-02 8.55E-06 9.20E-03 6.82E-07 2.33E-04 5.02E-12 7.86E-03 9.27E-12 1.45E-05 2.28E-01 6.67E-02 3.355E-01
1.540E-03 2.40E-02 8.91E-06 8.44E-03 7.32E-07 2.32E-04 5.29E-12 7.57E-03 9.70E-12 1.41E-05 2.27E-01 6.90E-02 3.362E-01
1.520E-03 2.42E-02 9.25E-06 7.85E-03 8.03E-07 2.32E-04 5.58E-12 7.29E-03 1.02E-11 1.49E-05 2.26E-01 7.15E-02 3.371E-01
1.510E-03 2.43E-02 9.42E-06 7.63E-03 8.45E-07 2.32E-04 5.73E-12 7.16E-03 1.05E-11 1.54E-05 2.25E-01 7.29E-02 3.377E-01
1.500E-03 2.43E-02 9.60E-06 7.45E-03 8.91E-07 2.32E-04 5.89E-12 7.03E-03 1.09E-11 1.55E-05 2.25E-01 7.44E-02 3.386E-01
1.450E-03 2.47E-02 1.07E-05 7.10E-03 1.16E-06 2.33E-04 6.76E-12 6.47E-03 1.32E-11 1.97E-05 2.26E-01 8.46E-02 3.494E-01
1.440E-03 2.49E-02 1.10E-05 7.10E-03 1.21E-06 2.34E-04 6.96E-12 6.39E-03 1.37E-11 2.18E-05 2.27E-01 8.70E-02 3.525E-01
1.430E-03 2.50E-02 1.12E-05 7.09E-03 1.27E-06 2.34E-04 7.16E-12 6.36E-03 1.45E-11 2.36E-05 2.28E-01 8.97E-02 3.569E-01
1.420E-03 2.51E-02 1.15E-05 7.08E-03 1.33E-06 2.35E-04 7.36E-12 6.33E-03 1.52E-11 2.46E-05 2.30E-01 9.25E-02 3.613E-01
1.400E-03 2.53E-02 1.20E-05 7.09E-03 1.46E-06 2.36E-04 7.80E-12 6.39E-03 1.69E-11 2.69E-05 2.35E-01 9.84E-02 3.721E-01
1.380E-03 2.56E-02 1.26E-05 7.10E-03 1.60E-06 2.38E-04 8.27E-12 6.56E-03 1.89E-11 3.40E-05 2.40E-01 1.04E-01 3.844E-01
1.370E-03 2.57E-02 1.29E-05 7.11E-03 1.67E-06 2.39E-04 8.52E-12 6.74E-03 2.00E-11 4.05E-05 2.44E-01 1.07E-01 3.912E-01
1.360E-03 2.59E-02 1.32E-05 7.12E-03 1.75E-06 2.40E-04 8.78E-12 6.94E-03 2.11E-11 4.70E-05 2.48E-01 1.10E-01 3.982E-01
1.350E-03 2.60E-02 1.36E-05 7.14E-03 1.84E-06 2.41E-04 9.04E-12 7.14E-03 2.23E-11 5.03E-05 2.52E-01 1.13E-01 4.053E-01
1.340E-03 2.62E-02 1.39E-05 7.17E-03 1.93E-06 2.42E-04 9.32E-12 7.39E-03 2.34E-11 5.46E-05 2.56E-01 1.15E-01 4.120E-01
1.330E-03 2.64E-02 1.42E-05 7.21E-03 2.02E-06 2.43E-04 9.61E-12 7.65E-03 2.46E-11 6.33E-05 2.60E-01 1.17E-01 4.184E-01
1.320E-03 2.66E-02 1.46E-05 7.26E-03 2.12E-06 2.44E-04 9.91E-12 7.91E-03 2.59E-11 7.82E-05 2.64E-01 1.19E-01 4.250E-01
1.310E-03 2.67E-02 1.49E-05 7.32E-03 2.23E-06 2.46E-04 1.02E-11 8.20E-03 2.72E-11 1.03E-04 2.67E-01 1.21E-01 4.311E-01
1.290E-03 2.68E-02 1.56E-05 7.49E-03 2.47E-06 2.49E-04 1.09E-11 8.80E-03 3.00E-11 2.12E-04 2.75E-01 1.25E-01 4.434E-01
1.280E-03 2.69E-02 1.59E-05 7.59E-03 2.59E-06 2.50E-04 1.12E-11 9.17E-03 3.15E-11 3.11E-04 2.79E-01 1.27E-01 4.497E-01
1.270E-03 2.70E-02 1.64E-05 7.64E-03 2.73E-06 2.52E-04 1.16E-11 9.54E-03 3.30E-11 3.77E-04 2.83E-01 1.29E-01 4.561E-01
1.260E-03 2.71E-02 1.68E-05 7.75E-03 2.89E-06 2.54E-04 1.20E-11 9.93E-03 3.46E-11 3.25E-04 2.86E-01 1.30E-01 4.619E-01
1.250E-03 2.72E-02 1.72E-05 7.91E-03 3.07E-06 2.56E-04 1.23E-11 1.03E-02 3.62E-11 2.39E-04 2.90E-01 1.31E-01 4.673E-01
1.220E-03 2.78E-02 1.88E-05 8.98E-03 3.80E-06 2.61E-04 1.36E-11 1.16E-02 4.15E-11 1.87E-04 3.01E-01 1.35E-01 4.852E-01
1.210E-03 2.79E-02 1.92E-05 9.80E-03 4.09E-06 2.63E-04 1.41E-11 1.21E-02 4.34E-11 2.15E-04 3.05E-01 1.36E-01 4.911E-01
1.200E-03 2.80E-02 1.97E-05 1.08E-02 4.37E-06 2.65E-04 1.46E-11 1.26E-02 4.54E-11 2.38E-04 3.09E-01 1.37E-01 4.972E-01
1.190E-03 2.82E-02 2.04E-05 1.19E-02 4.62E-06 2.67E-04 1.51E-11 1.32E-02 4.76E-11 2.38E-04 3.12E-01 1.37E-01 5.038E-01
1.180E-03 2.84E-02 2.09E-05 1.31E-02 4.83E-06 2.69E-04 1.56E-11 1.37E-02 4.95E-11 2.36E-04 3.16E-01 1.38E-01 5.090E-01
1.170E-03 2.86E-02 2.15E-05 1.41E-02 5.01E-06 2.71E-04 1.62E-11 1.43E-02 5.17E-11 2.62E-04 3.19E-01 1.38E-01 5.143E-01
1.160E-03 2.88E-02 2.21E-05 1.50E-02 5.16E-06 2.75E-04 1.69E-11 1.48E-02 5.38E-11 3.38E-04 3.22E-01 1.38E-01 5.191E-01
1.150E-03 2.89E-02 2.26E-05 1.59E-02 5.30E-06 3.86E-04 1.67E-11 1.54E-02 5.60E-11 4.94E-04 3.24E-01 1.38E-01 5.236E-01
1.140E-03 2.90E-02 2.32E-05 1.66E-02 5.42E-06 2.86E-04 1.78E-11 1.60E-02 5.84E-11 7.43E-04 3.27E-01 1.38E-01 5.281E-01
1.130E-03 2.91E-02 2.38E-05 1.72E-02 5.54E-06 2.86E-04 1.85E-11 1.66E-02 6.11E-11 9.07E-04 3.30E-01 1.39E-01 5.328E-01
1.120E-03 2.92E-02 2.45E-05 1.78E-02 5.67E-06 2.88E-04 1.92E-11 1.74E-02 6.37E-11 7.30E-04 3.33E-01 1.39E-01 5.367E-01
1.110E-03 2.93E-02 2.52E-05 1.84E-02 5.80E-06 2.90E-04 1.99E-11 1.81E-02 6.65E-11 4.64E-04 3.35E-01 1.39E-01 5.404E-01
1.090E-03 2.95E-02 2.67E-05 1.95E-02 6.06E-06 2.96E-04 2.14E-11 1.96E-02 7.23E-11 1.92E-04 3.40E-01 1.38E-01 5.475E-01
1.050E-03 3.01E-02 3.04E-05 2.15E-02 6.53E-06 3.10E-04 2.49E-11 2.37E-02 8.59E-11 6.34E-05 3.50E-01 1.35E-01 5.604E-01
1.000E-03 3.12E-02 3.59E-05 2.35E-02 6.92E-06 3.30E-04 3.03E-11 2.75E-02 9.20E-11 3.17E-05 3.48E-01 1.25E-01 5.550E-01
9.800E-04 3.18E-02 3.85E-05 2.39E-02 6.89E-06 3.40E-04 3.28E-11 2.88E-02 9.46E-11 2.74E-05 3.47E-01 1.21E-01 5.523E-01
9.600E-04 3.22E-02 4.13E-05 2.38E-02 6.73E-06 3.50E-04 3.57E-11 3.01E-02 9.53E-11 2.53E-05 3.43E-01 1.15E-01 5.453E-01
9.500E-04 3.26E-02 4.27E-05 2.35E-02 6.61E-06 3.55E-04 3.72E-11 3.04E-02 9.33E-11 2.49E-05 3.40E-01 1.12E-01 5.386E-01
9.400E-04 3.28E-02 4.41E-05 2.31E-02 6.47E-06 3.61E-04 3.88E-11 3.04E-02 8.94E-11 2.49E-05 3.35E-01 1.07E-01 5.287E-01
9.200E-04 3.33E-02 4.71E-05 2.20E-02 6.20E-06 3.72E-04 4.23E-11 2.83E-02 7.43E-11 2.67E-05 3.20E-01 9.70E-02 5.009E-01
8.900E-04 3.41E-02 5.26E-05 1.95E-02 5.80E-06 3.91E-04 4.83E-11 2.23E-02 4.76E-11 3.91E-05 2.92E-01 8.52E-02 4.532E-01
8.700E-04 3.43E-02 5.62E-05 1.76E-02 5.70E-06 4.05E-04 5.29E-11 1.86E-02 3.54E-11 8.83E-05 2.74E-01 8.17E-02 4.271E-01
8.600E-04 3.47E-02 5.85E-05 1.67E-02 5.70E-06 4.13E-04 5.54E-11 1.71E-02 3.12E-11 1.33E-04 2.68E-01 8.13E-02 4.181E-01
8.500E-04 3.49E-02 6.06E-05 1.58E-02 5.69E-06 4.20E-04 5.80E-11 1.58E-02 2.78E-11 9.51E-05 2.61E-01 8.09E-02 4.091E-01
8.400E-04 3.52E-02 6.33E-05 1.47E-02 5.69E-06 4.28E-04 6.09E-11 1.44E-02 2.43E-11 6.80E-05 2.54E-01 8.06E-02 4.000E-01
8.200E-04 3.56E-02 6.75E-05 1.23E-02 5.84E-06 4.45E-04 6.70E-11 1.11E-02 1.75E-11 6.92E-05 2.37E-01 8.07E-02 3.770E-01
8.000E-04 3.60E-02 7.32E-05 9.90E-03 6.45E-06 4.63E-04 7.39E-11 7.58E-03 1.35E-11 1.01E-04 2.18E-01 8.61E-02 3.586E-01
7.900E-04 3.64E-02 7.63E-05 8.99E-03 6.93E-06 4.72E-04 7.77E-11 6.37E-03 1.45E-11 1.27E-04 2.13E-01 9.24E-02 3.582E-01
7.800E-04 3.66E-02 7.90E-05 8.24E-03 7.50E-06 4.81E-04 8.18E-11 5.18E-03 1.64E-11 1.52E-04 2.08E-01 9.93E-02 3.576E-01
7.700E-04 3.66E-02 8.20E-05 7.60E-03 8.12E-06 4.91E-04 8.61E-11 4.26E-03 1.96E-11 1.63E-04 2.03E-01 1.08E-01 3.602E-01
7.600E-04 3.67E-02 8.53E-05 7.05E-03 8.81E-06 5.01E-04 9.07E-11 3.62E-03 2.39E-11 1.51E-04 2.01E-01 1.17E-01 3.660E-01
7.500E-04 3.68E-02 8.89E-05 6.57E-03 9.56E-06 5.12E-04 9.56E-11 3.04E-03 2.90E-11 1.25E-04 1.99E-01 1.27E-01 3.730E-01
7.300E-04 3.72E-02 9.74E-05 5.81E-03 1.13E-05 5.34E-04 1.06E-10 2.55E-03 4.14E-11 7.72E-05 2.01E-01 1.46E-01 3.937E-01
7.200E-04 3.74E-02 1.01E-04 5.58E-03 1.23E-05 5.46E-04 1.13E-10 2.46E-03 4.79E-11 6.41E-05 2.03E-01 1.54E-01 4.031E-01
7.100E-04 3.74E-02 1.06E-04 5.42E-03 1.33E-05 5.58E-04 1.19E-10 2.39E-03 5.51E-11 6.27E-05 2.04E-01 1.64E-01 4.137E-01
7.000E-04 3.78E-02 1.11E-04 5.28E-03 1.43E-05 5.71E-04 1.26E-10 2.37E-03 6.24E-11 8.75E-05 2.06E-01 1.72E-01 4.243E-01
6.900E-04 3.80E-02 1.15E-04 5.07E-03 1.54E-05 5.84E-04 1.33E-10 2.35E-03 7.03E-11 5.06E-05 2.08E-01 1.79E-01 4.329E-01
6.800E-04 3.74E-02 1.20E-04 4.80E-03 1.66E-05 5.98E-04 1.41E-10 2.35E-03 7.83E-11 3.89E-05 2.08E-01 1.88E-01 4.406E-01
6.600E-04 3.76E-02 1.35E-04 4.32E-03 1.93E-05 6.28E-04 1.59E-10 2.35E-03 9.61E-11 3.70E-05 2.12E-01 2.06E-01 4.627E-01
6.400E-04 3.87E-02 1.53E-04 3.75E-03 2.24E-05 6.59E-04 1.80E-10 2.35E-03 1.16E-10 5.71E-05 2.18E-01 2.21E-01 4.845E-01
6.300E-04 3.95E-02 1.61E-04 3.50E-03 2.44E-05 6.67E-04 1.92E-10 2.34E-03 1.28E-10 9.05E-05 2.20E-01 2.27E-01 4.939E-01
6.200E-04 3.97E-02 1.69E-04 3.44E-03 2.65E-05 6.96E-04 2.04E-10 2.33E-03 1.40E-10 1.24E-04 2.22E-01 2.34E-01 5.025E-01
6.100E-04 4.01E-02 1.79E-04 3.42E-03 2.86E-05 7.14E-04 2.17E-10 2.31E-03 1.53E-10 8.90E-05 2.24E-01 2.42E-01 5.122E-01
5.900E-04 4.17E-02 2.01E-04 2.81E-03 3.33E-05 7.53E-04 2.48E-10 2.28E-03 1.84E-10 3.83E-05 2.29E-01 2.54E-01 5.314E-01
5.500E-04 4.03E-02 2.41E-04 2.08E-03 4.68E-05 8.45E-04 3.28E-10 2.24E-03 2.63E-10 3.13E-05 2.27E-01 2.90E-01 5.631E-01
5.300E-04 4.07E-02 2.78E-04 1.85E-03 5.57E-05 8.98E-04 3.80E-10 2.25E-03 3.15E-10 5.13E-05 2.31E-01 3.08E-01 5.849E-01
5.200E-04 4.07E-02 2.97E-04 1.74E-03 6.08E-05 9.26E-04 4.09E-10 2.26E-03 3.46E-10 8.31E-05 2.32E-01 3.17E-01 5.953E-01
5.100E-04 4.11E-02 3.20E-04 1.63E-03 6.65E-05 9.56E-04 4.42E-10 2.27E-03 3.79E-10 1.16E-04 2.34E-01 3.25E-01 6.063E-01
5.000E-04 4.15E-02 3.44E-04 1.51E-03 7.38E-05 9.87E-04 4.78E-10 2.28E-03 4.16E-10 8.25E-05 2.37E-01 3.33E-01 6.167E-01
4.800E-04 4.21E-02 3.98E-04 1.34E-03 8.86E-05 1.05E-03 5.62E-10 2.32E-03 5.02E-10 3.62E-05 2.40E-01 3.49E-01 6.369E-01
4.500E-04 4.35E-02 4.98E-04 1.12E-03 1.18E-04 1.16E-03 7.25E-10 2.40E-03 6.71E-10 2.63E-05 2.46E-01 3.70E-01 6.654E-01
4.000E-04 4.52E-02 7.61E-04 8.26E-04 1.96E-04 1.40E-03 1.15E-09 2.58E-03 1.12E-09 2.87E-05 2.55E-01 4.04E-01 7.105E-01
3.800E-04 4.62E-02 9.20E-04 7.28E-04 2.44E-04 1.52E-03 1.41E-09 2.66E-03 1.40E-09 3.22E-05 2.59E-01 4.15E-01 7.267E-01
3.600E-04 4.73E-02 1.12E-03 6.39E-04 3.07E-04 1.65E-03 1.75E-09 2.75E-03 1.75E-09 3.99E-05 2.63E-01 4.24E-01 7.413E-01
3.400E-04 4.96E-02 1.38E-03 5.61E-04 3.91E-04 1.81E-03 2.19E-09 2.85E-03 2.23E-09 8.81E-05 2.69E-01 4.29E-01 7.543E-01
3.300E-04 4.96E-02 1.52E-03 5.25E-04 4.43E-04 1.90E-03 2.46E-09 2.90E-03 2.52E-09 2.43E-04 2.69E-01 4.34E-01 7.598E-01
3.200E-04 4.98E-02 1.71E-03 4.88E-04 5.03E-04 1.99E-03 2.78E-09 2.95E-03 2.87E-09 9.00E-05 2.70E-01 4.38E-01 7.653E-01
3.150E-04 5.02E-02 1.82E-03 4.73E-04 5.37E-04 2.04E-03 2.96E-09 2.97E-03 3.06E-09 6.64E-05 2.71E-01 4.39E-01 7.682E-01
3.100E-04 5.07E-02 1.93E-03 4.57E-04 5.74E-04 2.09E-03 3.15E-09 3.00E-03 3.27E-09 5.72E-05 2.73E-01 4.40E-01 7.709E-01
3.080E-04 5.09E-02 1.98E-03 4.50E-04 5.90E-04 2.12E-03 3.23E-09 3.01E-03 3.36E-09 5.52E-05 2.73E-01 4.40E-01 7.720E-01
3.050E-04 5.11E-02 2.05E-03 4.40E-04 6.14E-04 2.15E-03 3.35E-09 3.02E-03 3.50E-09 5.33E-05 2.73E-01 4.41E-01 7.735E-01
3.000E-04 5.14E-02 2.18E-03 4.26E-04 6.58E-04 2.21E-03 3.58E-09 3.06E-03 3.74E-09 5.17E-05 2.74E-01 4.42E-01 7.762E-01
2.900E-04 5.25E-02 2.47E-03 3.96E-04 7.57E-04 2.33E-03 4.09E-09 3.12E-03 4.30E-09 5.19E-05 2.76E-01 4.43E-01 7.813E-01
2.800E-04 5.29E-02 2.80E-03 3.70E-04 8.74E-04 2.46E-03 4.70E-09 3.19E-03 4.97E-09 5.41E-05 2.77E-01 4.46E-01 7.860E-01
2.600E-04 5.44E-02 3.72E-03 3.19E-04 1.19E-03 2.76E-03 6.28E-09 3.35E-03 6.73E-09 6.17E-05 2.80E-01 4.51E-01 7.970E-01
2.500E-04 5.56E-02 4.33E-03 2.96E-04 1.39E-03 2.93E-03 7.32E-09 3.44E-03 7.90E-09 6.67E-05 2.82E-01 4.53E-01 8.035E-01
2.200E-04 6.08E-02 7.08E-03 2.37E-04 2.34E-03 3.56E-03 1.21E-08 3.76E-03 1.33E-08 8.84E-05 2.89E-01 4.61E-01 8.281E-01
2.159E-04 6.15E-02 7.59E-03 2.30E-04 2.53E-03 3.67E-03 1.30E-08 3.82E-03 1.43E-08 9.23E-05 2.90E-01 4.62E-01 8.318E-01
2.000E-04 6.53E-02 1.02E-02 2.06E-04 3.45E-03 4.12E-03 1.76E-08 4.04E-03 1.95E-08 1.11E-04 2.94E-01 4.67E-01 8.484E-01
1.662E-04 7.57E-02 2.04E-02 1.63E-04 7.26E-03 5.48E-03 3.63E-08 4.68E-03 4.11E-08 1.79E-04 3.00E-01 4.73E-01 8.874E-01
1.650E-04 7.61E-02 2.09E-02 1.61E-04 7.47E-03 5.54E-03 3.73E-08 4.71E-03 4.23E-08 1.82E-04 3.00E-01 4.74E-01 8.890E-01
1.250E-04 1.01E-01 5.59E-02 1.46E-04 2.22E-02 8.52E-03 1.10E-07 5.98E-03 1.29E-07 3.92E-04 3.10E-01 4.72E-01 9.766E-01
1.235E-04 1.03E-01 5.81E-02 1.45E-04 2.32E-02 8.68E-03 1.16E-07 6.04E-03 1.35E-07 4.06E-04 3.11E-01 4.72E-01 9.819E-01
1.130E-04 1.15E-01 7.70E-02 1.50E-04 3.24E-02 9.98E-03 1.64E-07 6.57E-03 1.93E-07 5.18E-04 3.15E-01 4.69E-01 1.024E+00
1.000E-04 1.37E-01 1.11E-01 1.67E-04 5.03E-02 1.22E-02 2.64E-07 7.36E-03 3.14E-07 7.21E-04 3.20E-01 4.62E-01 1.101E+00
9.500E-05 1.49E-01 1.28E-01 1.68E-04 6.00E-02 1.32E-02 3.23E-07 7.73E-03 3.86E-07 8.25E-04 3.23E-01 4.58E-01 1.139E+00
9.300E-05 1.54E-01 1.35E-01 1.72E-04 6.45E-02 1.37E-02 3.51E-07 7.89E-03 4.20E-07 8.72E-04 3.24E-01 4.57E-01 1.156E+00
9.200E-05 1.56E-01 1.39E-01 1.74E-04 6.69E-02 1.39E-02 3.66E-07 7.97E-03 4.39E-07 8.97E-04 3.24E-01 4.56E-01 1.165E+00
9.100E-05 1.59E-01 1.43E-01 1.77E-04 6.94E-02 1.42E-02 3.82E-07 8.05E-03 4.58E-07 9.23E-04 3.24E-01 4.56E-01 1.174E+00
9.000E-05 1.61E-01 1.47E-01 1.80E-04 7.20E-02 1.44E-02 3.98E-07 8.14E-03 4.79E-07 9.49E-04 3.25E-01 4.55E-01 1.184E+00
8.900E-05 1.64E-01 1.51E-01 1.82E-04 7.47E-02 1.47E-02 4.16E-07 8.22E-03 5.01E-07 9.77E-04 3.25E-01 4.54E-01 1.193E+00
8.800E-05 1.67E-01 1.56E-01 1.85E-04 7.76E-02 1.50E-02 4.35E-07 8.31E-03 5.24E-07 1.01E-03 3.25E-01 4.53E-01 1.203E+00
8.700E-05 1.69E-01 1.60E-01 1.88E-04 8.05E-02 1.52E-02 4.54E-07 8.40E-03 5.49E-07 1.03E-03 3.26E-01 4.53E-01 1.213E+00
8.600E-05 1.72E-01 1.65E-01 1.91E-04 8.36E-02 1.55E-02 4.75E-07 8.49E-03 5.75E-07 1.07E-03 3.26E-01 4.52E-01 1.224E+00
8.500E-05 1.75E-01 1.70E-01 1.94E-04 8.68E-02 1.58E-02 4.97E-07 8.59E-03 6.02E-07 1.10E-03 3.27E-01 4.51E-01 1.235E+00
8.400E-05 1.78E-01 1.75E-01 1.97E-04 9.02E-02 1.61E-02 5.20E-07 8.68E-03 6.31E-07 1.13E-03 3.27E-01 4.50E-01 1.246E+00
8.330E-05 1.80E-01 1.78E-01 1.99E-04 9.27E-02 1.63E-02 5.38E-07 8.75E-03 6.53E-07 1.15E-03 3.27E-01 4.50E-01 1.254E+00
8.200E-05 1.84E-01 1.85E-01 2.04E-04 9.75E-02 1.67E-02 5.71E-07 8.88E-03 6.95E-07 1.20E-03 3.28E-01 4.48E-01 1.270E+00
8.100E-05 1.87E-01 1.91E-01 2.08E-04 1.01E-01 1.70E-02 5.99E-07 8.99E-03 7.30E-07 1.24E-03 3.28E-01 4.48E-01 1.282E+00
8.000E-05 1.91E-01 1.96E-01 2.11E-04 1.06E-01 1.74E-02 6.29E-07 9.09E-03 7.67E-07 1.28E-03 3.28E-01 4.47E-01 1.295E+00
7.900E-05 1.94E-01 2.02E-01 2.16E-04 1.10E-01 1.77E-02 6.60E-07 9.20E-03 8.07E-07 1.32E-03 3.29E-01 4.46E-01 1.309E+00
7.800E-05 1.98E-01 2.08E-01 2.20E-04 1.14E-01 1.81E-02 6.93E-07 9.31E-03 8.50E-07 1.36E-03 3.29E-01 4.44E-01 1.323E+00
7.700E-05 2.02E-01 2.14E-01 2.24E-04 1.19E-01 1.84E-02 7.29E-07 9.42E-03 8.95E-07 1.40E-03 3.30E-01 4.43E-01 1.337E+00
7.600E-05 2.06E-01 2.20E-01 2.32E-04 1.24E-01 1.88E-02 7.67E-07 9.54E-03 9.43E-07 1.45E-03 3.30E-01 4.42E-01 1.352E+00
7.500E-05 2.11E-01 2.25E-01 2.42E-04 1.30E-01 1.92E-02 8.07E-07 9.66E-03 9.95E-07 1.50E-03 3.31E-01 4.41E-01 1.367E+00
7.400E-05 2.15E-01 2.31E-01 2.51E-04 1.35E-01 1.96E-02 8.50E-07 9.78E-03 1.05E-06 1.54E-03 3.31E-01 4.39E-01 1.383E+00
7.300E-05 2.20E-01 2.37E-01 2.62E-04 1.41E-01 2.00E-02 8.96E-07 9.90E-03 1.11E-06 1.60E-03 3.32E-01 4.38E-01 1.399E+00
7.140E-05 2.27E-01 2.47E-01 2.71E-04 1.51E-01 2.07E-02 9.76E-07 1.01E-02 1.21E-06 1.68E-03 3.33E-01 4.35E-01 1.426E+00
7.100E-05 2.29E-01 2.49E-01 2.71E-04 1.54E-01 2.08E-02 9.97E-07 1.02E-02 1.24E-06 1.71E-03 3.33E-01 4.35E-01 1.433E+00
7.000E-05 2.34E-01 2.56E-01 2.80E-04 1.61E-01 2.13E-02 1.05E-06 1.03E-02 1.31E-06 1.77E-03 3.33E-01 4.33E-01 1.451E+00
6.900E-05 2.39E-01 2.62E-01 2.91E-04 1.69E-01 2.18E-02 1.11E-06 1.04E-02 1.39E-06 1.83E-03 3.34E-01 4.32E-01 1.469E+00
6.800E-05 2.44E-01 2.68E-01 3.04E-04 1.76E-01 2.22E-02 1.18E-06 1.06E-02 1.47E-06 1.89E-03 3.34E-01 4.30E-01 1.488E+00
6.700E-05 2.50E-01 2.74E-01 3.16E-04 1.85E-01 2.27E-02 1.25E-06 1.07E-02 1.56E-06 1.96E-03 3.35E-01 4.29E-01 1.508E+00
6.600E-05 2.55E-01 2.80E-01 3.32E-04 1.94E-01 2.32E-02 1.32E-06 1.09E-02 1.66E-06 2.03E-03 3.35E-01 4.27E-01 1.528E+00
6.500E-05 2.61E-01 2.86E-01 3.41E-04 2.03E-01 2.38E-02 1.40E-06 1.10E-02 1.77E-06 2.10E-03 3.36E-01 4.25E-01 1.549E+00
6.400E-05 2.66E-01 2.93E-01 3.46E-04 2.13E-01 2.43E-02 1.49E-06 1.12E-02 1.88E-06 2.18E-03 3.36E-01 4.24E-01 1.570E+00
6.300E-05 2.73E-01 2.99E-01 3.58E-04 2.24E-01 2.49E-02 1.59E-06 1.14E-02 2.01E-06 2.26E-03 3.37E-01 4.22E-01 1.593E+00
6.250E-05 2.76E-01 3.02E-01 3.62E-04 2.29E-01 2.52E-02 1.64E-06 1.15E-02 2.07E-06 2.31E-03 3.37E-01 4.21E-01 1.604E+00
6.200E-05 2.79E-01 3.05E-01 3.73E-04 2.35E-01 2.55E-02 1.69E-06 1.16E-02 2.14E-06 2.35E-03 3.37E-01 4.20E-01 1.616E+00
6.100E-05 2.86E-01 3.11E-01 3.95E-04 2.47E-01 2.61E-02 1.80E-06 1.17E-02 2.28E-06 2.44E-03 3.38E-01 4.18E-01 1.640E+00
6.000E-05 2.93E-01 3.17E-01 4.10E-04 2.59E-01 2.68E-02 1.92E-06 1.19E-02 2.44E-06 2.54E-03 3.38E-01 4.16E-01 1.664E+00
5.900E-05 3.00E-01 3.22E-01 4.27E-04 2.72E-01 2.75E-02 2.05E-06 1.21E-02 2.61E-06 2.64E-03 3.39E-01 4.14E-01 1.690E+00
5.800E-05 3.08E-01 3.28E-01 4.48E-04 2.86E-01 2.81E-02 2.20E-06 1.23E-02 2.80E-06 2.75E-03 3.39E-01 4.12E-01 1.716E+00
5.700E-05 3.16E-01 3.33E-01 4.74E-04 3.01E-01 2.88E-02 2.35E-06 1.25E-02 3.00E-06 2.86E-03 3.40E-01 4.10E-01 1.743E+00
5.600E-05 3.24E-01 3.37E-01 4.97E-04 3.16E-01 2.96E-02 2.52E-06 1.27E-02 3.22E-06 2.98E-03 3.40E-01 4.08E-01 1.771E+00
5.500E-05 3.32E-01 3.41E-01 5.23E-04 3.32E-01 3.03E-02 2.71E-06 1.30E-02 3.47E-06 3.11E-03 3.41E-01 4.05E-01 1.799E+00
5.477E-05 3.34E-01 3.42E-01 5.27E-04 3.36E-01 3.05E-02 2.75E-06 1.30E-02 3.53E-06 4.28E-03 3.41E-01 4.05E-01 1.807E+00
5.400E-05 3.41E-01 3.45E-01 5.44E-04 3.49E-01 3.13E-02 2.91E-06 1.32E-02 3.74E-06 4.44E-03 3.41E-01 4.03E-01 1.829E+00
5.300E-05 3.50E-01 3.49E-01 5.71E-04 3.67E-01 3.22E-02 3.14E-06 1.34E-02 4.03E-06 4.67E-03 3.41E-01 4.01E-01 1.859E+00
5.200E-05 3.58E-01 3.52E-01 6.09E-04 3.86E-01 3.32E-02 3.39E-06 1.37E-02 4.36E-06 4.92E-03 3.42E-01 3.98E-01 1.889E+00
5.100E-05 3.67E-01 3.54E-01 6.44E-04 4.06E-01 3.42E-02 3.67E-06 1.39E-02 4.71E-06 5.19E-03 3.42E-01 3.96E-01 1.919E+00
5.000E-05 3.76E-01 3.57E-01 6.82E-04 4.26E-01 3.53E-02 3.98E-06 1.42E-02 5.11E-06 5.48E-03 3.42E-01 3.94E-01 1.950E+00
4.900E-05 3.85E-01 3.58E-01 7.18E-04 4.48E-01 3.64E-02 4.31E-06 1.44E-02 5.55E-06 5.80E-03 3.42E-01 3.92E-01 1.982E+00
4.880E-05 3.86E-01 3.59E-01 7.26E-04 4.52E-01 3.66E-02 4.39E-06 1.45E-02 5.64E-06 5.87E-03 3.42E-01 3.91E-01 1.988E+00
4.800E-05 3.93E-01 3.60E-01 7.58E-04 4.70E-01 3.77E-02 4.69E-06 1.47E-02 6.03E-06 6.16E-03 3.42E-01 3.89E-01 2.014E+00
4.760E-05 3.97E-01 3.61E-01 7.78E-04 4.80E-01 3.83E-02 4.85E-06 1.48E-02 6.24E-06 6.31E-03 3.42E-01 3.89E-01 2.028E+00
4.700E-05 4.02E-01 3.61E-01 8.05E-04 4.94E-01 3.92E-02 5.11E-06 1.50E-02 6.57E-06 6.54E-03 3.42E-01 3.87E-01 2.048E+00
4.650E-05 4.06E-01 3.62E-01 8.26E-04 5.06E-01 3.99E-02 5.34E-06 1.52E-02 6.87E-06 6.75E-03 3.42E-01 3.86E-01 2.065E+00
4.600E-05 4.10E-01 3.62E-01 8.59E-04 5.19E-01 4.07E-02 5.59E-06 1.53E-02 7.18E-06 6.98E-03 3.42E-01 3.85E-01 2.082E+00
4.550E-05 4.14E-01 3.63E-01 8.96E-04 5.32E-01 4.15E-02 5.84E-06 1.55E-02 7.51E-06 7.21E-03 3.42E-01 3.84E-01 2.100E+00
4.500E-05 4.18E-01 3.63E-01 9.36E-04 5.45E-01 4.23E-02 6.11E-06 1.56E-02 7.85E-06 7.45E-03 3.42E-01 3.83E-01 2.118E+00
4.440E-05 4.23E-01 3.64E-01 9.90E-04 5.61E-01 4.33E-02 6.46E-06 1.58E-02 8.29E-06 7.77E-03 3.42E-01 3.82E-01 2.139E+00
4.350E-05 4.30E-01 3.64E-01 1.08E-03 5.87E-01 4.50E-02 7.03E-06 1.62E-02 9.02E-06 8.28E-03 3.41E-01 3.80E-01 2.173E+00
4.170E-05 4.44E-01 3.64E-01 1.32E-03 6.41E-01 4.88E-02 8.37E-06 1.68E-02 1.07E-05 9.49E-03 3.41E-01 3.77E-01 2.244E+00
4.000E-05 4.57E-01 3.64E-01 1.75E-03 6.98E-01 5.28E-02 9.94E-06 1.75E-02 1.27E-05 1.09E-02 3.40E-01 3.74E-01 2.315E+00
3.850E-05 4.67E-01 3.64E-01 2.34E-03 7.52E-01 5.65E-02 1.16E-05 1.81E-02 1.49E-05 1.25E-02 3.39E-01 3.71E-01 2.382E+00
3.656E-05 4.80E-01 3.62E-01 3.44E-03 8.26E-01 6.19E-02 1.45E-05 1.89E-02 1.86E-05 1.52E-02 3.37E-01 3.68E-01 2.473E+00
3.570E-05 4.85E-01 3.62E-01 4.02E-03 8.59E-01 6.45E-02 1.61E-05 1.93E-02 2.05E-05 1.67E-02 3.37E-01 3.67E-01 2.514E+00
3.330E-05 4.98E-01 3.60E-01 6.05E-03 9.59E-01 7.33E-02 2.20E-05 2.05E-02 2.74E-05 2.26E-02 3.34E-01 3.64E-01 2.638E+00
3.130E-05 5.08E-01 3.58E-01 8.06E-03 1.05E+00 8.42E-02 2.97E-05 2.16E-02 3.57E-05 3.06E-02 3.32E-01 3.61E-01 2.750E+00
3.000E-05 5.13E-01 3.56E-01 9.67E-03 1.11E+00 9.41E-02 3.68E-05 2.23E-02 4.28E-05 3.87E-02 3.31E-01 3.60E-01 2.830E+00
2.940E-05 5.15E-01 3.56E-01 1.05E-02 1.13E+00 9.90E-02 4.08E-05 2.27E-02 4.67E-05 4.37E-02 3.30E-01 3.60E-01 2.868E+00
2.780E-05 5.20E-01 3.53E-01 1.29E-02 1.20E+00 1.16E-01 5.60E-05 2.37E-02 5.96E-05 6.36E-02 3.28E-01 3.58E-01 2.976E+00
2.630E-05 5.22E-01 3.51E-01 1.53E-02 1.26E+00 1.42E-01 7.96E-05 2.46E-02 7.62E-05 9.96E-02 3.26E-01 3.57E-01 3.098E+00
2.500E-05 5.23E-01 3.50E-01 1.82E-02 1.30E+00 1.77E-01 1.16E-04 2.54E-02 9.57E-05 1.64E-01 3.25E-01 3.57E-01 3.243E+00
2.380E-05 5.25E-01 3.50E-01 2.18E-02 1.33E+00 2.44E-01 1.77E-04 2.55E-02 1.20E-04 2.95E-01 3.23E-01 3.56E-01 3.474E+00
2.270E-05 5.25E-01 3.48E-01 2.67E-02 1.35E+00 3.52E-01 2.59E-04 2.65E-02 1.51E-04 5.40E-01 3.21E-01 3.56E-01 3.846E+00
2.170E-05 5.24E-01 3.47E-01 3.34E-02 1.35E+00 4.76E-01 3.37E-04 2.98E-02 1.89E-04 7.29E-01 3.20E-01 3.56E-01 4.170E+00
2.080E-05 5.23E-01 3.47E-01 4.58E-02 1.35E+00 4.93E-01 3.13E-04 3.72E-02 2.35E-04 5.58E-01 3.18E-01 3.56E-01 4.024E+00
2.000E-05 5.21E-01 3.46E-01 1.69E-01 1.22E+00 4.28E-01 2.45E-04 4.74E-02 2.88E-04 3.42E-01 3.16E-01 3.56E-01 3.747E+00
1.920E-05 5.19E-01 3.47E-01 3.34E-01 1.06E+00 3.32E-01 1.68E-04 6.51E-02 3.57E-04 2.08E-01 3.14E-01 3.57E-01 3.540E+00
1.850E-05 5.20E-01 3.51E-01 4.38E-01 9.75E-01 2.60E-01 1.19E-04 8.72E-02 4.37E-04 1.41E-01 3.12E-01 3.58E-01 3.443E+00
1.790E-05 5.21E-01 3.53E-01 5.60E-01 8.62E-01 2.11E-01 9.10E-05 1.11E-01 5.24E-04 1.06E-01 3.10E-01 3.58E-01 3.394E+00
1.720E-05 5.21E-01 3.56E-01 6.44E-01 7.81E-01 1.70E-01 7.23E-05 1.54E-01 6.57E-04 7.96E-02 3.08E-01 3.59E-01 3.374E+00
1.670E-05 5.22E-01 3.58E-01 6.81E-01 7.44E-01 1.45E-01 6.58E-05 1.95E-01 7.76E-04 6.72E-02 3.06E-01 3.60E-01 3.380E+00
1.610E-05 5.23E-01 3.61E-01 7.13E-01 7.11E-01 1.23E-01 6.69E-05 2.65E-01 9.59E-04 5.68E-02 3.03E-01 3.61E-01 3.419E+00
1.560E-05 5.23E-01 3.64E-01 7.31E-01 6.91E-01 1.08E-01 7.55E-05 3.46E-01 1.15E-03 5.10E-02 3.01E-01 3.63E-01 3.480E+00
1.520E-05 5.24E-01 3.65E-01 7.42E-01 6.78E-01 9.76E-02 8.78E-05 4.33E-01 1.32E-03 4.78E-02 3.00E-01 3.63E-01 3.552E+00
1.470E-05 5.24E-01 3.67E-01 7.50E-01 6.64E-01 8.68E-02 1.11E-04 5.58E-01 1.56E-03 4.55E-02 2.98E-01 3.64E-01 3.658E+00
1.430E-05 5.24E-01 3.68E-01 7.54E-01 6.54E-01 8.14E-02 1.39E-04 6.65E-01 1.75E-03 4.48E-02 2.96E-01 3.64E-01 3.753E+00
1.390E-05 5.23E-01 3.68E-01 7.56E-01 6.46E-01 7.92E-02 1.76E-04 7.48E-01 1.93E-03 4.51E-02 2.96E-01 3.64E-01 3.826E+00
1.350E-05 5.22E-01 3.68E-01 7.56E-01 6.37E-01 7.90E-02 2.26E-04 8.26E-01 2.17E-03 4.66E-02 2.95E-01 3.64E-01 3.896E+00
1.320E-05 5.20E-01 3.68E-01 7.56E-01 6.31E-01 8.05E-02 2.74E-04 8.88E-01 2.37E-03 4.86E-02 2.95E-01 3.63E-01 3.952E+00
1.280E-05 5.19E-01 3.69E-01 7.54E-01 6.24E-01 8.58E-02 3.60E-04 9.77E-01 2.70E-03 5.27E-02 2.94E-01 3.63E-01 4.041E+00
1.250E-05 5.18E-01 3.69E-01 7.52E-01 6.22E-01 9.31E-02 4.43E-04 1.05E+00 3.00E-03 5.70E-02 2.93E-01 3.63E-01 4.120E+00
1.220E-05 5.16E-01 3.70E-01 7.50E-01 6.22E-01 1.04E-01 5.49E-04 1.13E+00 3.34E-03 6.27E-02 2.92E-01 3.63E-01 4.214E+00
1.190E-05 5.14E-01 3.70E-01 7.51E-01 6.27E-01 1.18E-01 6.81E-04 1.22E+00 3.74E-03 7.03E-02 2.91E-01 3.64E-01 4.329E+00
1.160E-05 5.11E-01 3.70E-01 7.52E-01 6.31E-01 1.35E-01 8.49E-04 1.32E+00 4.22E-03 8.04E-02 2.90E-01 3.64E-01 4.457E+00
1.140E-05 5.09E-01 3.69E-01 7.52E-01 6.32E-01 1.49E-01 9.99E-04 1.39E+00 4.59E-03 8.89E-02 2.90E-01 3.64E-01 4.552E+00
1.110E-05 5.06E-01 3.69E-01 7.51E-01 6.33E-01 1.70E-01 1.30E-03 1.52E+00 5.23E-03 1.05E-01 2.88E-01 3.64E-01 4.711E+00
1.080E-05 5.02E-01 3.68E-01 7.50E-01 6.34E-01 2.30E-01 1.74E-03 1.66E+00 6.03E-03 1.27E-01 2.87E-01 3.65E-01 4.936E+00
1.050E-05 4.98E-01 3.67E-01 7.49E-01 6.36E-01 3.06E-01 2.26E-03 1.85E+00 7.06E-03 1.57E-01 2.86E-01 3.65E-01 5.222E+00
1.030E-05 4.95E-01 3.66E-01 7.48E-01 6.37E-01 3.66E-01 2.58E-03 2.02E+00 7.86E-03 1.83E-01 2.85E-01 3.66E-01 5.476E+00
1.000E-05 4.90E-01 3.64E-01 7.46E-01 6.39E-01 4.48E-01 3.15E-03 2.27E+00 9.02E-03 2.32E-01 2.83E-01 3.66E-01 5.848E+00
9.750E-06 4.86E-01 3.63E-01 7.44E-01 6.41E-01 5.44E-01 3.91E-03 2.47E+00 1.00E-02 2.80E-01 2.83E-01 3.66E-01 6.185E+00
9.500E-06 4.81E-01 3.61E-01 7.41E-01 6.43E-01 6.55E-01 4.63E-03 2.68E+00 1.12E-02 3.30E-01 2.82E-01 3.66E-01 6.551E+00
9.250E-06 4.76E-01 3.60E-01 7.38E-01 6.44E-01 7.39E-01 5.17E-03 2.89E+00 1.23E-02 3.67E-01 2.82E-01 3.65E-01 6.880E+00
9.080E-06 4.73E-01 3.58E-01 7.35E-01 6.46E-01 7.91E-01 5.56E-03 3.01E+00 1.29E-02 3.75E-01 2.81E-01 3.65E-01 7.058E+00
