 # Optical depth (Siebenmorgen 2023, A&A 670A,115; SC 2023 doi: 10.48550/arXiv.2311.03310)
 # wel(cm) sa_aC    ss_aC    sa_Si    ss_Si    sa_vgr   ss_vgr   sa_vsi   ss_vsi   s_pahS+B sa_Dark  ss_Dark sigt 
 # ------------------------------------------------------------------------------------------------------------- 
1.000E+00 2.39E-07 2.82E-16 5.02E-07 6.98E-17 1.07E-08 8.39E-23 1.29E-07 1.81E-22 8.57E-12 0.00E+00 0.00E+00 8.809E-07
9.000E-01 2.80E-07 4.30E-16 5.93E-07 1.06E-16 1.36E-08 1.28E-22 1.53E-07 2.76E-22 1.06E-11 0.00E+00 0.00E+00 1.040E-06
8.000E-01 3.34E-07 6.89E-16 7.15E-07 1.71E-16 1.78E-08 2.05E-22 1.87E-07 4.42E-22 1.34E-11 0.00E+00 0.00E+00 1.253E-06
7.000E-01 4.09E-07 1.18E-15 8.83E-07 2.91E-16 2.38E-08 3.50E-22 2.30E-07 7.54E-22 1.75E-11 0.00E+00 0.00E+00 1.546E-06
6.000E-01 5.18E-07 2.18E-15 1.13E-06 5.39E-16 3.31E-08 6.48E-22 2.95E-07 1.40E-21 2.38E-11 0.00E+00 0.00E+00 1.975E-06
5.500E-01 5.92E-07 3.08E-15 1.30E-06 7.63E-16 3.96E-08 9.17E-22 3.41E-07 1.98E-21 2.83E-11 0.00E+00 0.00E+00 2.268E-06
5.000E-01 6.86E-07 4.51E-15 1.51E-06 1.12E-15 4.80E-08 1.34E-21 3.95E-07 2.90E-21 3.43E-11 0.00E+00 0.00E+00 2.638E-06
4.500E-01 8.08E-07 6.87E-15 1.79E-06 1.70E-15 5.91E-08 2.05E-21 4.71E-07 4.41E-21 4.23E-11 0.00E+00 0.00E+00 3.125E-06
4.000E-01 9.71E-07 1.10E-14 2.16E-06 2.73E-15 7.40E-08 3.28E-21 5.66E-07 7.06E-21 5.36E-11 0.00E+00 0.00E+00 3.770E-06
3.500E-01 1.20E-06 1.88E-14 2.68E-06 4.65E-15 9.48E-08 5.59E-21 7.08E-07 1.20E-20 7.00E-11 0.00E+00 0.00E+00 4.678E-06
3.000E-01 1.53E-06 3.48E-14 3.43E-06 8.62E-15 1.25E-07 1.04E-20 8.99E-07 2.23E-20 9.52E-11 0.00E+00 0.00E+00 5.988E-06
2.500E-01 2.05E-06 7.20E-14 4.61E-06 1.79E-14 1.70E-07 2.15E-20 1.21E-06 4.62E-20 1.37E-10 0.00E+00 0.00E+00 8.042E-06
2.098E-01 2.73E-06 1.45E-13 6.13E-06 3.61E-14 2.27E-07 4.33E-20 1.61E-06 9.32E-20 1.95E-10 0.00E+00 0.00E+00 1.069E-05
1.500E-01 4.74E-06 5.55E-13 1.06E-05 1.38E-13 4.32E-07 1.66E-19 2.75E-06 3.56E-19 3.81E-10 0.00E+00 0.00E+00 1.854E-05
1.382E-01 5.44E-06 7.70E-13 1.21E-05 1.92E-13 5.10E-07 2.30E-19 3.15E-06 4.94E-19 4.49E-10 0.00E+00 0.00E+00 2.124E-05
1.320E-01 5.87E-06 9.25E-13 1.31E-05 2.30E-13 5.58E-07 2.76E-19 3.39E-06 5.93E-19 4.92E-10 0.00E+00 0.00E+00 2.291E-05
1.150E-01 7.42E-06 1.60E-12 1.64E-05 3.99E-13 7.31E-07 4.80E-19 4.24E-06 1.03E-18 6.48E-10 0.00E+00 0.00E+00 2.881E-05
1.000E-01 9.44E-06 2.81E-12 2.07E-05 6.99E-13 9.61E-07 8.39E-19 5.29E-06 1.80E-18 8.57E-10 0.00E+00 0.00E+00 3.635E-05
9.970E-02 9.49E-06 2.84E-12 2.08E-05 7.07E-13 9.67E-07 8.49E-19 5.32E-06 1.82E-18 8.62E-10 0.00E+00 0.00E+00 3.653E-05
8.670E-02 1.20E-05 4.96E-12 2.62E-05 1.24E-12 1.28E-06 1.48E-18 6.67E-06 3.18E-18 1.14E-09 0.00E+00 0.00E+00 4.609E-05
8.500E-02 1.24E-05 5.37E-12 2.71E-05 1.34E-12 1.33E-06 1.61E-18 6.89E-06 3.45E-18 1.19E-09 0.00E+00 0.00E+00 4.767E-05
7.500E-02 1.57E-05 8.87E-12 3.33E-05 2.21E-12 1.69E-06 2.65E-18 8.41E-06 5.68E-18 1.52E-09 0.00E+00 0.00E+00 5.909E-05
6.000E-02 2.31E-05 2.16E-11 4.80E-05 5.43E-12 2.59E-06 6.47E-18 1.22E-05 1.39E-17 2.38E-09 0.00E+00 0.00E+00 8.595E-05
5.500E-02 2.68E-05 3.07E-11 5.38E-05 7.71E-12 3.06E-06 9.16E-18 1.42E-05 1.97E-17 2.83E-09 0.00E+00 0.00E+00 9.788E-05
5.000E-02 3.19E-05 4.49E-11 6.66E-05 1.14E-11 3.65E-06 1.34E-17 1.69E-05 2.88E-17 3.43E-09 0.00E+00 0.00E+00 1.191E-04
4.500E-02 3.93E-05 6.85E-11 8.82E-05 1.75E-11 4.45E-06 2.04E-17 2.07E-05 4.39E-17 4.24E-09 0.00E+00 0.00E+00 1.527E-04
4.000E-02 5.05E-05 1.10E-10 1.18E-04 2.82E-11 5.55E-06 3.27E-17 2.62E-05 7.05E-17 5.36E-09 0.00E+00 0.00E+00 2.001E-04
3.500E-02 6.33E-05 1.88E-10 1.79E-04 4.86E-11 7.12E-06 5.59E-17 3.46E-05 1.20E-16 7.00E-09 0.00E+00 0.00E+00 2.843E-04
3.000E-02 8.93E-05 3.49E-10 2.80E-04 9.05E-11 9.48E-06 1.04E-16 4.86E-05 2.23E-16 9.54E-09 0.00E+00 0.00E+00 4.270E-04
2.750E-02 1.07E-04 4.95E-10 3.52E-04 1.28E-10 1.12E-05 1.47E-16 5.94E-05 3.17E-16 1.14E-08 0.00E+00 0.00E+00 5.291E-04
2.500E-02 1.28E-04 7.26E-10 4.48E-04 1.88E-10 1.33E-05 2.15E-16 7.44E-05 4.64E-16 1.37E-08 0.00E+00 0.00E+00 6.641E-04
2.400E-02 1.41E-04 8.55E-10 4.96E-04 2.21E-10 1.44E-05 2.53E-16 8.12E-05 5.46E-16 1.49E-08 0.00E+00 0.00E+00 7.326E-04
2.000E-02 2.06E-04 1.79E-09 7.72E-04 4.50E-10 2.04E-05 5.25E-16 1.18E-04 1.13E-15 2.15E-08 0.00E+00 0.00E+00 1.116E-03
1.800E-02 2.57E-04 2.74E-09 9.58E-04 6.75E-10 2.51E-05 8.01E-16 1.46E-04 1.73E-15 2.66E-08 0.00E+00 0.00E+00 1.386E-03
1.600E-02 3.41E-04 4.43E-09 1.19E-03 1.06E-09 3.18E-05 1.29E-15 1.87E-04 2.76E-15 3.37E-08 0.00E+00 0.00E+00 1.751E-03
1.500E-02 4.06E-04 5.75E-09 1.34E-03 1.36E-09 3.62E-05 1.67E-15 2.12E-04 3.58E-15 3.84E-08 0.00E+00 0.00E+00 1.991E-03
1.400E-02 4.62E-04 7.59E-09 1.50E-03 1.76E-09 4.18E-05 2.20E-15 2.44E-04 4.72E-15 4.41E-08 0.00E+00 0.00E+00 2.248E-03
1.200E-02 7.06E-04 1.42E-08 1.91E-03 3.16E-09 5.82E-05 4.09E-15 3.35E-04 8.75E-15 6.02E-08 0.00E+00 0.00E+00 3.011E-03
1.000E-02 1.07E-03 2.99E-08 2.52E-03 6.25E-09 8.80E-05 8.55E-15 4.89E-04 1.82E-14 8.71E-08 0.00E+00 0.00E+00 4.172E-03
9.000E-03 1.42E-03 4.61E-08 2.88E-03 9.28E-09 1.13E-04 1.31E-14 6.10E-04 2.77E-14 1.08E-07 0.00E+00 0.00E+00 5.026E-03
8.000E-03 1.89E-03 7.26E-08 3.34E-03 1.47E-08 1.51E-04 2.11E-14 7.83E-04 4.45E-14 1.37E-07 0.00E+00 0.00E+00 6.167E-03
7.500E-03 2.21E-03 9.51E-08 3.70E-03 1.89E-08 1.78E-04 2.75E-14 8.98E-04 5.76E-14 1.57E-07 0.00E+00 0.00E+00 6.984E-03
7.000E-03 2.67E-03 1.25E-07 4.15E-03 2.47E-08 2.14E-04 3.65E-14 1.04E-03 7.59E-14 1.81E-07 0.00E+00 0.00E+00 8.072E-03
6.000E-03 3.84E-03 2.26E-07 5.32E-03 4.52E-08 3.30E-04 6.87E-14 1.45E-03 1.41E-13 2.50E-07 0.00E+00 0.00E+00 1.093E-02
5.000E-03 5.47E-03 4.43E-07 7.56E-03 9.19E-08 5.78E-04 1.46E-13 2.13E-03 2.90E-13 3.68E-07 0.00E+00 0.00E+00 1.574E-02
4.500E-03 6.74E-03 6.42E-07 9.23E-03 1.37E-07 8.18E-04 2.25E-13 2.66E-03 4.40E-13 4.64E-07 0.00E+00 0.00E+00 1.945E-02
4.000E-03 8.02E-03 9.55E-07 1.15E-02 2.06E-07 1.20E-03 3.58E-13 3.40E-03 6.97E-13 6.05E-07 0.00E+00 0.00E+00 2.415E-02
3.500E-03 9.69E-03 1.51E-06 1.42E-02 3.24E-07 1.66E-03 5.73E-13 4.44E-03 1.17E-12 8.33E-07 0.00E+00 0.00E+00 3.001E-02
3.000E-03 1.20E-02 2.50E-06 1.75E-02 5.21E-07 1.76E-03 8.97E-13 6.07E-03 2.14E-12 1.27E-06 0.00E+00 0.00E+00 3.728E-02
2.750E-03 1.31E-02 3.28E-06 1.92E-02 6.72E-07 1.51E-03 1.15E-12 7.29E-03 2.99E-12 1.71E-06 0.00E+00 0.00E+00 4.108E-02
2.500E-03 1.42E-02 4.37E-06 2.10E-02 8.79E-07 1.19E-03 1.59E-12 8.95E-03 4.31E-12 2.83E-06 0.00E+00 0.00E+00 4.528E-02
2.400E-03 1.47E-02 4.99E-06 2.17E-02 9.87E-07 1.07E-03 1.84E-12 9.75E-03 5.00E-12 3.96E-06 0.00E+00 0.00E+00 4.721E-02
2.350E-03 1.50E-02 5.34E-06 2.21E-02 1.05E-06 1.01E-03 2.00E-12 1.02E-02 5.40E-12 4.68E-06 0.00E+00 0.00E+00 4.834E-02
2.320E-03 1.52E-02 5.55E-06 2.24E-02 1.09E-06 9.77E-04 2.10E-12 1.05E-02 5.65E-12 5.04E-06 0.00E+00 0.00E+00 4.903E-02
2.310E-03 1.52E-02 5.63E-06 2.25E-02 1.10E-06 9.67E-04 2.13E-12 1.06E-02 5.74E-12 5.13E-06 0.00E+00 0.00E+00 4.927E-02
2.300E-03 1.53E-02 5.70E-06 2.26E-02 1.11E-06 9.56E-04 2.17E-12 1.07E-02 5.83E-12 5.20E-06 0.00E+00 0.00E+00 4.950E-02
2.250E-03 1.56E-02 6.09E-06 2.31E-02 1.19E-06 9.04E-04 2.36E-12 1.12E-02 6.34E-12 5.42E-06 0.00E+00 0.00E+00 5.075E-02
2.200E-03 1.58E-02 6.52E-06 2.36E-02 1.26E-06 8.56E-04 2.58E-12 1.18E-02 6.85E-12 5.69E-06 0.00E+00 0.00E+00 5.213E-02
2.150E-03 1.61E-02 7.01E-06 2.43E-02 1.34E-06 8.11E-04 2.82E-12 1.24E-02 7.41E-12 6.22E-06 0.00E+00 0.00E+00 5.363E-02
2.120E-03 1.63E-02 7.32E-06 2.46E-02 1.39E-06 7.86E-04 2.99E-12 1.28E-02 7.77E-12 6.48E-06 0.00E+00 0.00E+00 5.456E-02
2.110E-03 1.64E-02 7.42E-06 2.47E-02 1.40E-06 7.78E-04 3.05E-12 1.30E-02 7.90E-12 6.52E-06 0.00E+00 0.00E+00 5.486E-02
2.100E-03 1.64E-02 7.52E-06 2.48E-02 1.42E-06 7.70E-04 3.10E-12 1.31E-02 8.03E-12 6.53E-06 0.00E+00 0.00E+00 5.518E-02
2.080E-03 1.65E-02 7.71E-06 2.50E-02 1.45E-06 7.55E-04 3.23E-12 1.34E-02 8.28E-12 6.48E-06 0.00E+00 0.00E+00 5.571E-02
2.000E-03 1.68E-02 8.71E-06 2.58E-02 1.56E-06 7.00E-04 3.78E-12 1.47E-02 9.40E-12 6.17E-06 0.00E+00 0.00E+00 5.798E-02
1.950E-03 1.70E-02 9.44E-06 2.62E-02 1.62E-06 6.70E-04 4.19E-12 1.55E-02 9.96E-12 6.65E-06 0.00E+00 0.00E+00 5.942E-02
1.900E-03 1.74E-02 1.03E-05 2.63E-02 1.66E-06 6.43E-04 4.65E-12 1.62E-02 1.04E-11 8.03E-06 0.00E+00 0.00E+00 6.053E-02
1.850E-03 1.77E-02 1.13E-05 2.62E-02 1.68E-06 6.20E-04 5.19E-12 1.65E-02 1.07E-11 1.03E-05 0.00E+00 0.00E+00 6.107E-02
1.830E-03 1.79E-02 1.17E-05 2.60E-02 1.68E-06 6.11E-04 5.42E-12 1.66E-02 1.08E-11 1.12E-05 0.00E+00 0.00E+00 6.114E-02
1.820E-03 1.80E-02 1.19E-05 2.59E-02 1.68E-06 6.06E-04 5.54E-12 1.66E-02 1.08E-11 1.14E-05 0.00E+00 0.00E+00 6.109E-02
1.810E-03 1.80E-02 1.21E-05 2.58E-02 1.68E-06 6.03E-04 5.67E-12 1.66E-02 1.08E-11 1.16E-05 0.00E+00 0.00E+00 6.098E-02
1.800E-03 1.81E-02 1.23E-05 2.56E-02 1.68E-06 5.99E-04 5.80E-12 1.65E-02 1.08E-11 1.17E-05 0.00E+00 0.00E+00 6.087E-02
1.750E-03 1.85E-02 1.35E-05 2.45E-02 1.63E-06 5.81E-04 6.51E-12 1.61E-02 1.09E-11 1.20E-05 0.00E+00 0.00E+00 5.975E-02
1.700E-03 1.88E-02 1.47E-05 2.27E-02 1.57E-06 5.67E-04 7.33E-12 1.53E-02 1.10E-11 1.46E-05 0.00E+00 0.00E+00 5.739E-02
1.670E-03 1.90E-02 1.57E-05 2.13E-02 1.52E-06 5.61E-04 7.88E-12 1.47E-02 1.11E-11 1.72E-05 0.00E+00 0.00E+00 5.566E-02
1.650E-03 1.93E-02 1.64E-05 2.02E-02 1.50E-06 5.57E-04 8.27E-12 1.43E-02 1.12E-11 1.82E-05 0.00E+00 0.00E+00 5.436E-02
1.640E-03 1.94E-02 1.67E-05 1.96E-02 1.49E-06 5.55E-04 8.48E-12 1.41E-02 1.13E-11 1.81E-05 0.00E+00 0.00E+00 5.364E-02
1.630E-03 1.95E-02 1.70E-05 1.90E-02 1.48E-06 5.53E-04 8.70E-12 1.38E-02 1.14E-11 1.78E-05 0.00E+00 0.00E+00 5.290E-02
1.610E-03 1.97E-02 1.77E-05 1.77E-02 1.48E-06 5.51E-04 9.15E-12 1.34E-02 1.17E-11 1.66E-05 0.00E+00 0.00E+00 5.130E-02
1.600E-03 1.98E-02 1.81E-05 1.70E-02 1.48E-06 5.49E-04 9.38E-12 1.31E-02 1.18E-11 1.61E-05 0.00E+00 0.00E+00 5.047E-02
1.590E-03 1.99E-02 1.85E-05 1.63E-02 1.49E-06 5.48E-04 9.62E-12 1.29E-02 1.20E-11 1.57E-05 0.00E+00 0.00E+00 4.965E-02
1.580E-03 2.00E-02 1.88E-05 1.56E-02 1.51E-06 5.47E-04 9.87E-12 1.26E-02 1.22E-11 1.54E-05 0.00E+00 0.00E+00 4.882E-02
1.570E-03 2.01E-02 1.92E-05 1.49E-02 1.54E-06 5.47E-04 1.01E-11 1.24E-02 1.24E-11 1.52E-05 0.00E+00 0.00E+00 4.795E-02
1.560E-03 2.02E-02 1.96E-05 1.42E-02 1.58E-06 5.46E-04 1.04E-11 1.22E-02 1.27E-11 1.48E-05 0.00E+00 0.00E+00 4.717E-02
1.540E-03 2.05E-02 2.05E-05 1.30E-02 1.70E-06 5.45E-04 1.10E-11 1.17E-02 1.33E-11 1.45E-05 0.00E+00 0.00E+00 4.585E-02
1.520E-03 2.07E-02 2.13E-05 1.21E-02 1.86E-06 5.44E-04 1.16E-11 1.13E-02 1.40E-11 1.53E-05 0.00E+00 0.00E+00 4.466E-02
1.510E-03 2.07E-02 2.17E-05 1.18E-02 1.96E-06 5.44E-04 1.19E-11 1.11E-02 1.44E-11 1.58E-05 0.00E+00 0.00E+00 4.420E-02
1.500E-03 2.08E-02 2.21E-05 1.15E-02 2.07E-06 5.44E-04 1.22E-11 1.09E-02 1.49E-11 1.59E-05 0.00E+00 0.00E+00 4.378E-02
1.450E-03 2.11E-02 2.47E-05 1.10E-02 2.68E-06 5.48E-04 1.40E-11 1.00E-02 1.80E-11 2.02E-05 0.00E+00 0.00E+00 4.273E-02
1.440E-03 2.12E-02 2.52E-05 1.10E-02 2.82E-06 5.49E-04 1.44E-11 9.90E-03 1.88E-11 2.23E-05 0.00E+00 0.00E+00 4.271E-02
1.430E-03 2.13E-02 2.58E-05 1.10E-02 2.95E-06 5.50E-04 1.48E-11 9.86E-03 1.98E-11 2.42E-05 0.00E+00 0.00E+00 4.276E-02
1.420E-03 2.14E-02 2.64E-05 1.09E-02 3.09E-06 5.51E-04 1.53E-11 9.82E-03 2.08E-11 2.51E-05 0.00E+00 0.00E+00 4.280E-02
1.400E-03 2.17E-02 2.77E-05 1.10E-02 3.39E-06 5.54E-04 1.62E-11 9.90E-03 2.32E-11 2.75E-05 0.00E+00 0.00E+00 4.313E-02
1.380E-03 2.19E-02 2.90E-05 1.10E-02 3.71E-06 5.58E-04 1.71E-11 1.02E-02 2.59E-11 3.47E-05 0.00E+00 0.00E+00 4.366E-02
1.370E-03 2.20E-02 2.97E-05 1.10E-02 3.88E-06 5.60E-04 1.76E-11 1.04E-02 2.73E-11 4.13E-05 0.00E+00 0.00E+00 4.405E-02
1.360E-03 2.21E-02 3.04E-05 1.10E-02 4.07E-06 5.63E-04 1.82E-11 1.08E-02 2.89E-11 4.79E-05 0.00E+00 0.00E+00 4.452E-02
1.350E-03 2.23E-02 3.12E-05 1.10E-02 4.26E-06 5.65E-04 1.87E-11 1.11E-02 3.05E-11 5.13E-05 0.00E+00 0.00E+00 4.503E-02
1.340E-03 2.24E-02 3.20E-05 1.11E-02 4.47E-06 5.68E-04 1.93E-11 1.15E-02 3.21E-11 5.56E-05 0.00E+00 0.00E+00 4.562E-02
1.330E-03 2.26E-02 3.27E-05 1.11E-02 4.69E-06 5.71E-04 1.99E-11 1.19E-02 3.37E-11 6.45E-05 0.00E+00 0.00E+00 4.623E-02
1.320E-03 2.27E-02 3.35E-05 1.12E-02 4.92E-06 5.74E-04 2.05E-11 1.23E-02 3.54E-11 7.96E-05 0.00E+00 0.00E+00 4.689E-02
1.310E-03 2.28E-02 3.42E-05 1.13E-02 5.17E-06 5.77E-04 2.12E-11 1.27E-02 3.72E-11 1.04E-04 0.00E+00 0.00E+00 4.757E-02
1.290E-03 2.30E-02 3.58E-05 1.16E-02 5.72E-06 5.84E-04 2.25E-11 1.36E-02 4.10E-11 2.15E-04 0.00E+00 0.00E+00 4.900E-02
1.280E-03 2.30E-02 3.67E-05 1.17E-02 6.01E-06 5.88E-04 2.32E-11 1.42E-02 4.30E-11 3.16E-04 0.00E+00 0.00E+00 4.988E-02
1.270E-03 2.31E-02 3.77E-05 1.18E-02 6.34E-06 5.92E-04 2.40E-11 1.48E-02 4.52E-11 3.82E-04 0.00E+00 0.00E+00 5.072E-02
1.260E-03 2.32E-02 3.86E-05 1.20E-02 6.71E-06 5.96E-04 2.48E-11 1.54E-02 4.73E-11 3.30E-04 0.00E+00 0.00E+00 5.153E-02
1.250E-03 2.33E-02 3.96E-05 1.22E-02 7.12E-06 6.00E-04 2.56E-11 1.60E-02 4.95E-11 2.43E-04 0.00E+00 0.00E+00 5.239E-02
1.220E-03 2.38E-02 4.32E-05 1.39E-02 8.81E-06 6.12E-04 2.82E-11 1.80E-02 5.67E-11 1.90E-04 0.00E+00 0.00E+00 5.645E-02
1.210E-03 2.39E-02 4.43E-05 1.51E-02 9.48E-06 6.17E-04 2.92E-11 1.87E-02 5.94E-11 2.18E-04 0.00E+00 0.00E+00 5.863E-02
1.200E-03 2.40E-02 4.54E-05 1.67E-02 1.01E-05 6.21E-04 3.02E-11 1.95E-02 6.22E-11 2.42E-04 0.00E+00 0.00E+00 6.113E-02
1.190E-03 2.42E-02 4.69E-05 1.84E-02 1.07E-05 6.26E-04 3.12E-11 2.04E-02 6.51E-11 2.42E-04 0.00E+00 0.00E+00 6.391E-02
1.180E-03 2.43E-02 4.81E-05 2.02E-02 1.12E-05 6.31E-04 3.24E-11 2.13E-02 6.78E-11 2.40E-04 0.00E+00 0.00E+00 6.671E-02
1.170E-03 2.45E-02 4.94E-05 2.18E-02 1.16E-05 6.36E-04 3.35E-11 2.22E-02 7.07E-11 2.67E-04 0.00E+00 0.00E+00 6.942E-02
1.160E-03 2.47E-02 5.08E-05 2.33E-02 1.20E-05 6.45E-04 3.49E-11 2.30E-02 7.35E-11 3.44E-04 0.00E+00 0.00E+00 7.197E-02
1.150E-03 2.48E-02 5.20E-05 2.45E-02 1.23E-05 9.05E-04 3.45E-11 2.39E-02 7.66E-11 5.01E-04 0.00E+00 0.00E+00 7.462E-02
1.140E-03 2.48E-02 5.33E-05 2.56E-02 1.26E-05 6.72E-04 3.68E-11 2.48E-02 7.99E-11 7.54E-04 0.00E+00 0.00E+00 7.677E-02
1.130E-03 2.49E-02 5.48E-05 2.66E-02 1.29E-05 6.71E-04 3.82E-11 2.58E-02 8.35E-11 9.20E-04 0.00E+00 0.00E+00 7.900E-02
1.120E-03 2.50E-02 5.64E-05 2.75E-02 1.31E-05 6.75E-04 3.97E-11 2.69E-02 8.72E-11 7.41E-04 0.00E+00 0.00E+00 8.090E-02
1.110E-03 2.51E-02 5.79E-05 2.84E-02 1.34E-05 6.81E-04 4.12E-11 2.80E-02 9.10E-11 4.71E-04 0.00E+00 0.00E+00 8.273E-02
1.090E-03 2.53E-02 6.15E-05 3.01E-02 1.41E-05 6.95E-04 4.43E-11 3.04E-02 9.89E-11 1.96E-04 0.00E+00 0.00E+00 8.676E-02
1.050E-03 2.58E-02 7.01E-05 3.32E-02 1.51E-05 7.27E-04 5.15E-11 3.68E-02 1.17E-10 6.47E-05 0.00E+00 0.00E+00 9.668E-02
1.000E-03 2.68E-02 8.28E-05 3.63E-02 1.60E-05 7.75E-04 6.27E-11 4.26E-02 1.26E-10 3.25E-05 0.00E+00 0.00E+00 1.066E-01
9.800E-04 2.73E-02 8.87E-05 3.70E-02 1.60E-05 7.97E-04 6.80E-11 4.47E-02 1.29E-10 2.82E-05 0.00E+00 0.00E+00 1.098E-01
9.600E-04 2.76E-02 9.52E-05 3.68E-02 1.56E-05 8.21E-04 7.39E-11 4.67E-02 1.30E-10 2.61E-05 0.00E+00 0.00E+00 1.121E-01
9.500E-04 2.80E-02 9.85E-05 3.64E-02 1.53E-05 8.33E-04 7.70E-11 4.72E-02 1.28E-10 2.57E-05 0.00E+00 0.00E+00 1.125E-01
9.400E-04 2.82E-02 1.02E-04 3.57E-02 1.50E-05 8.46E-04 8.04E-11 4.70E-02 1.22E-10 2.58E-05 0.00E+00 0.00E+00 1.119E-01
9.200E-04 2.86E-02 1.09E-04 3.40E-02 1.44E-05 8.73E-04 8.76E-11 4.38E-02 1.02E-10 2.75E-05 0.00E+00 0.00E+00 1.074E-01
8.900E-04 2.93E-02 1.21E-04 3.01E-02 1.34E-05 9.18E-04 1.00E-10 3.46E-02 6.51E-11 4.02E-05 0.00E+00 0.00E+00 9.514E-02
8.700E-04 2.95E-02 1.30E-04 2.72E-02 1.32E-05 9.51E-04 1.10E-10 2.88E-02 4.84E-11 9.01E-05 0.00E+00 0.00E+00 8.677E-02
8.600E-04 2.98E-02 1.35E-04 2.58E-02 1.32E-05 9.69E-04 1.15E-10 2.65E-02 4.27E-11 1.36E-04 0.00E+00 0.00E+00 8.341E-02
8.500E-04 3.00E-02 1.40E-04 2.44E-02 1.32E-05 9.87E-04 1.20E-10 2.44E-02 3.80E-11 9.71E-05 0.00E+00 0.00E+00 8.001E-02
8.400E-04 3.03E-02 1.46E-04 2.27E-02 1.32E-05 1.01E-03 1.26E-10 2.23E-02 3.33E-11 6.96E-05 0.00E+00 0.00E+00 7.654E-02
8.200E-04 3.06E-02 1.56E-04 1.89E-02 1.35E-05 1.04E-03 1.39E-10 1.72E-02 2.39E-11 7.08E-05 0.00E+00 0.00E+00 6.801E-02
8.000E-04 3.10E-02 1.69E-04 1.53E-02 1.49E-05 1.09E-03 1.53E-10 1.17E-02 1.84E-11 1.04E-04 0.00E+00 0.00E+00 5.942E-02
7.900E-04 3.13E-02 1.76E-04 1.39E-02 1.61E-05 1.11E-03 1.61E-10 9.88E-03 1.99E-11 1.29E-04 0.00E+00 0.00E+00 5.652E-02
7.800E-04 3.15E-02 1.82E-04 1.27E-02 1.74E-05 1.13E-03 1.69E-10 8.03E-03 2.25E-11 1.55E-04 0.00E+00 0.00E+00 5.373E-02
7.700E-04 3.16E-02 1.89E-04 1.18E-02 1.88E-05 1.15E-03 1.78E-10 6.61E-03 2.68E-11 1.66E-04 0.00E+00 0.00E+00 5.144E-02
7.600E-04 3.16E-02 1.97E-04 1.09E-02 2.04E-05 1.18E-03 1.88E-10 5.61E-03 3.27E-11 1.54E-04 0.00E+00 0.00E+00 4.970E-02
7.500E-04 3.17E-02 2.05E-04 1.02E-02 2.21E-05 1.20E-03 1.98E-10 4.71E-03 3.97E-11 1.28E-04 0.00E+00 0.00E+00 4.813E-02
7.300E-04 3.21E-02 2.25E-04 8.98E-03 2.62E-05 1.25E-03 2.21E-10 3.95E-03 5.67E-11 7.91E-05 0.00E+00 0.00E+00 4.662E-02
7.200E-04 3.22E-02 2.34E-04 8.62E-03 2.84E-05 1.28E-03 2.33E-10 3.82E-03 6.55E-11 6.58E-05 0.00E+00 0.00E+00 4.628E-02
7.100E-04 3.23E-02 2.45E-04 8.39E-03 3.08E-05 1.31E-03 2.46E-10 3.70E-03 7.54E-11 6.44E-05 0.00E+00 0.00E+00 4.603E-02
7.000E-04 3.26E-02 2.57E-04 8.16E-03 3.32E-05 1.34E-03 2.61E-10 3.67E-03 8.54E-11 8.96E-05 0.00E+00 0.00E+00 4.619E-02
6.900E-04 3.28E-02 2.66E-04 7.84E-03 3.57E-05 1.37E-03 2.76E-10 3.65E-03 9.61E-11 5.22E-05 0.00E+00 0.00E+00 4.600E-02
6.800E-04 3.23E-02 2.77E-04 7.43E-03 3.84E-05 1.40E-03 2.92E-10 3.65E-03 1.07E-10 4.03E-05 0.00E+00 0.00E+00 4.516E-02
6.600E-04 3.25E-02 3.12E-04 6.69E-03 4.46E-05 1.47E-03 3.29E-10 3.65E-03 1.32E-10 3.84E-05 0.00E+00 0.00E+00 4.474E-02
6.400E-04 3.35E-02 3.53E-04 5.80E-03 5.20E-05 1.55E-03 3.72E-10 3.64E-03 1.59E-10 5.89E-05 0.00E+00 0.00E+00 4.493E-02
6.300E-04 3.42E-02 3.72E-04 5.41E-03 5.65E-05 1.56E-03 3.97E-10 3.62E-03 1.75E-10 9.29E-05 0.00E+00 0.00E+00 4.532E-02
6.200E-04 3.44E-02 3.90E-04 5.32E-03 6.14E-05 1.63E-03 4.22E-10 3.61E-03 1.92E-10 1.27E-04 0.00E+00 0.00E+00 4.553E-02
6.100E-04 3.47E-02 4.12E-04 5.29E-03 6.61E-05 1.68E-03 4.50E-10 3.58E-03 2.10E-10 9.14E-05 0.00E+00 0.00E+00 4.586E-02
5.900E-04 3.62E-02 4.63E-04 4.34E-03 7.70E-05 1.77E-03 5.14E-10 3.53E-03 2.51E-10 4.00E-05 0.00E+00 0.00E+00 4.641E-02
5.500E-04 3.50E-02 5.57E-04 3.22E-03 1.08E-04 1.98E-03 6.79E-10 3.48E-03 3.60E-10 3.31E-05 0.00E+00 0.00E+00 4.439E-02
5.300E-04 3.54E-02 6.42E-04 2.87E-03 1.29E-04 2.11E-03 7.86E-10 3.49E-03 4.31E-10 5.35E-05 0.00E+00 0.00E+00 4.467E-02
5.200E-04 3.55E-02 6.87E-04 2.70E-03 1.41E-04 2.17E-03 8.48E-10 3.50E-03 4.73E-10 8.58E-05 0.00E+00 0.00E+00 4.475E-02
5.100E-04 3.58E-02 7.40E-04 2.53E-03 1.54E-04 2.24E-03 9.15E-10 3.51E-03 5.18E-10 1.19E-04 0.00E+00 0.00E+00 4.512E-02
5.000E-04 3.62E-02 7.95E-04 2.34E-03 1.71E-04 2.32E-03 9.90E-10 3.53E-03 5.69E-10 8.53E-05 0.00E+00 0.00E+00 4.548E-02
4.800E-04 3.68E-02 9.19E-04 2.07E-03 2.05E-04 2.47E-03 1.16E-09 3.59E-03 6.87E-10 3.85E-05 0.00E+00 0.00E+00 4.609E-02
4.500E-04 3.82E-02 1.15E-03 1.74E-03 2.73E-04 2.73E-03 1.50E-09 3.72E-03 9.18E-10 2.86E-05 0.00E+00 0.00E+00 4.781E-02
4.000E-04 3.99E-02 1.76E-03 1.28E-03 4.55E-04 3.29E-03 2.39E-09 4.00E-03 1.53E-09 3.16E-05 0.00E+00 0.00E+00 5.074E-02
3.800E-04 4.09E-02 2.12E-03 1.13E-03 5.66E-04 3.57E-03 2.92E-09 4.13E-03 1.91E-09 3.55E-05 0.00E+00 0.00E+00 5.247E-02
3.600E-04 4.20E-02 2.59E-03 9.94E-04 7.12E-04 3.88E-03 3.62E-09 4.27E-03 2.40E-09 4.36E-05 0.00E+00 0.00E+00 5.450E-02
3.400E-04 4.42E-02 3.17E-03 8.73E-04 9.05E-04 4.25E-03 4.53E-09 4.42E-03 3.05E-09 9.29E-05 0.00E+00 0.00E+00 5.792E-02
3.300E-04 4.42E-02 3.50E-03 8.18E-04 1.02E-03 4.46E-03 5.10E-09 4.49E-03 3.45E-09 2.51E-04 0.00E+00 0.00E+00 5.877E-02
3.200E-04 4.45E-02 3.92E-03 7.61E-04 1.17E-03 4.68E-03 5.75E-09 4.57E-03 3.92E-09 9.53E-05 0.00E+00 0.00E+00 5.971E-02
3.150E-04 4.50E-02 4.17E-03 7.37E-04 1.24E-03 4.79E-03 6.12E-09 4.60E-03 4.19E-09 7.15E-05 0.00E+00 0.00E+00 6.061E-02
3.100E-04 4.55E-02 4.42E-03 7.12E-04 1.33E-03 4.91E-03 6.52E-09 4.64E-03 4.47E-09 6.22E-05 0.00E+00 0.00E+00 6.158E-02
3.080E-04 4.57E-02 4.52E-03 7.02E-04 1.37E-03 4.96E-03 6.69E-09 4.66E-03 4.59E-09 6.03E-05 0.00E+00 0.00E+00 6.194E-02
3.050E-04 4.59E-02 4.68E-03 6.86E-04 1.42E-03 5.04E-03 6.95E-09 4.69E-03 4.78E-09 5.84E-05 0.00E+00 0.00E+00 6.244E-02
3.000E-04 4.62E-02 4.97E-03 6.64E-04 1.52E-03 5.18E-03 7.41E-09 4.74E-03 5.12E-09 5.70E-05 0.00E+00 0.00E+00 6.335E-02
2.900E-04 4.73E-02 5.62E-03 6.19E-04 1.75E-03 5.46E-03 8.47E-09 4.84E-03 5.89E-09 5.75E-05 0.00E+00 0.00E+00 6.564E-02
2.800E-04 4.78E-02 6.35E-03 5.77E-04 2.02E-03 5.77E-03 9.72E-09 4.94E-03 6.80E-09 6.01E-05 0.00E+00 0.00E+00 6.749E-02
2.600E-04 4.94E-02 8.35E-03 5.00E-04 2.74E-03 6.47E-03 1.30E-08 5.19E-03 9.21E-09 6.86E-05 0.00E+00 0.00E+00 7.276E-02
2.500E-04 5.07E-02 9.66E-03 4.64E-04 3.22E-03 6.87E-03 1.52E-08 5.33E-03 1.08E-08 7.42E-05 0.00E+00 0.00E+00 7.631E-02
2.200E-04 5.60E-02 1.53E-02 3.73E-04 5.41E-03 8.35E-03 2.50E-08 5.83E-03 1.81E-08 9.82E-05 0.00E+00 0.00E+00 9.135E-02
2.159E-04 5.67E-02 1.63E-02 3.62E-04 5.83E-03 8.60E-03 2.70E-08 5.91E-03 1.96E-08 1.03E-04 0.00E+00 0.00E+00 9.376E-02
2.000E-04 6.04E-02 2.12E-02 3.25E-04 7.93E-03 9.67E-03 3.64E-08 6.26E-03 2.67E-08 1.23E-04 0.00E+00 0.00E+00 1.059E-01
1.662E-04 7.07E-02 3.80E-02 2.59E-04 1.65E-02 1.29E-02 7.51E-08 7.26E-03 5.62E-08 1.97E-04 0.00E+00 0.00E+00 1.458E-01
1.650E-04 7.12E-02 3.88E-02 2.56E-04 1.70E-02 1.30E-02 7.72E-08 7.30E-03 5.79E-08 2.00E-04 0.00E+00 0.00E+00 1.477E-01
1.250E-04 9.57E-02 8.46E-02 2.33E-04 4.82E-02 2.00E-02 2.29E-07 9.27E-03 1.76E-07 4.27E-04 0.00E+00 0.00E+00 2.584E-01
1.235E-04 9.71E-02 8.72E-02 2.31E-04 5.03E-02 2.04E-02 2.40E-07 9.37E-03 1.85E-07 4.41E-04 0.00E+00 0.00E+00 2.650E-01
1.130E-04 1.08E-01 1.07E-01 2.40E-04 6.84E-02 2.34E-02 3.40E-07 1.02E-02 2.64E-07 5.62E-04 0.00E+00 0.00E+00 3.178E-01
1.000E-04 1.24E-01 1.38E-01 2.69E-04 1.02E-01 2.85E-02 5.47E-07 1.14E-02 4.30E-07 7.79E-04 0.00E+00 0.00E+00 4.054E-01
9.500E-05 1.32E-01 1.50E-01 2.72E-04 1.21E-01 3.10E-02 6.68E-07 1.20E-02 5.28E-07 8.92E-04 0.00E+00 0.00E+00 4.473E-01
9.300E-05 1.36E-01 1.55E-01 2.78E-04 1.29E-01 3.21E-02 7.26E-07 1.22E-02 5.75E-07 9.42E-04 0.00E+00 0.00E+00 4.656E-01
9.200E-05 1.37E-01 1.58E-01 2.82E-04 1.34E-01 3.27E-02 7.57E-07 1.23E-02 6.00E-07 9.69E-04 0.00E+00 0.00E+00 4.752E-01
9.100E-05 1.39E-01 1.61E-01 2.87E-04 1.38E-01 3.33E-02 7.90E-07 1.25E-02 6.27E-07 9.97E-04 0.00E+00 0.00E+00 4.849E-01
9.000E-05 1.41E-01 1.63E-01 2.91E-04 1.43E-01 3.38E-02 8.25E-07 1.26E-02 6.55E-07 1.03E-03 0.00E+00 0.00E+00 4.950E-01
8.900E-05 1.42E-01 1.66E-01 2.98E-04 1.48E-01 3.45E-02 8.61E-07 1.27E-02 6.85E-07 1.05E-03 0.00E+00 0.00E+00 5.054E-01
8.800E-05 1.44E-01 1.69E-01 3.00E-04 1.54E-01 3.51E-02 9.00E-07 1.29E-02 7.17E-07 1.09E-03 0.00E+00 0.00E+00 5.161E-01
8.700E-05 1.46E-01 1.72E-01 3.08E-04 1.60E-01 3.57E-02 9.41E-07 1.30E-02 7.50E-07 1.12E-03 0.00E+00 0.00E+00 5.272E-01
8.600E-05 1.48E-01 1.75E-01 3.12E-04 1.65E-01 3.64E-02 9.84E-07 1.32E-02 7.86E-07 1.15E-03 0.00E+00 0.00E+00 5.386E-01
8.500E-05 1.49E-01 1.78E-01 3.18E-04 1.72E-01 3.71E-02 1.03E-06 1.33E-02 8.24E-07 1.19E-03 0.00E+00 0.00E+00 5.505E-01
8.400E-05 1.51E-01 1.81E-01 3.23E-04 1.78E-01 3.78E-02 1.08E-06 1.35E-02 8.64E-07 1.22E-03 0.00E+00 0.00E+00 5.628E-01
8.330E-05 1.53E-01 1.83E-01 3.27E-04 1.83E-01 3.83E-02 1.11E-06 1.36E-02 8.93E-07 1.25E-03 0.00E+00 0.00E+00 5.717E-01
8.200E-05 1.55E-01 1.87E-01 3.33E-04 1.92E-01 3.92E-02 1.18E-06 1.38E-02 9.51E-07 1.30E-03 0.00E+00 0.00E+00 5.888E-01
8.100E-05 1.57E-01 1.90E-01 3.40E-04 2.00E-01 4.00E-02 1.24E-06 1.39E-02 9.99E-07 1.34E-03 0.00E+00 0.00E+00 6.025E-01
8.000E-05 1.59E-01 1.93E-01 3.45E-04 2.07E-01 4.07E-02 1.30E-06 1.41E-02 1.05E-06 1.38E-03 0.00E+00 0.00E+00 6.168E-01
7.900E-05 1.62E-01 1.96E-01 3.52E-04 2.16E-01 4.16E-02 1.37E-06 1.43E-02 1.10E-06 1.42E-03 0.00E+00 0.00E+00 6.316E-01
7.800E-05 1.64E-01 2.00E-01 3.63E-04 2.24E-01 4.24E-02 1.44E-06 1.44E-02 1.16E-06 1.47E-03 0.00E+00 0.00E+00 6.468E-01
7.700E-05 1.67E-01 2.03E-01 3.70E-04 2.33E-01 4.33E-02 1.51E-06 1.46E-02 1.22E-06 1.52E-03 0.00E+00 0.00E+00 6.626E-01
7.600E-05 1.70E-01 2.06E-01 3.85E-04 2.43E-01 4.41E-02 1.59E-06 1.48E-02 1.29E-06 1.57E-03 0.00E+00 0.00E+00 6.789E-01
7.500E-05 1.72E-01 2.09E-01 3.96E-04 2.53E-01 4.50E-02 1.67E-06 1.50E-02 1.36E-06 1.62E-03 0.00E+00 0.00E+00 6.957E-01
7.400E-05 1.75E-01 2.11E-01 4.12E-04 2.63E-01 4.60E-02 1.76E-06 1.52E-02 1.44E-06 1.67E-03 0.00E+00 0.00E+00 7.130E-01
7.300E-05 1.78E-01 2.14E-01 4.30E-04 2.74E-01 4.69E-02 1.86E-06 1.53E-02 1.52E-06 1.73E-03 0.00E+00 0.00E+00 7.308E-01
7.140E-05 1.83E-01 2.19E-01 4.45E-04 2.92E-01 4.85E-02 2.02E-06 1.57E-02 1.66E-06 1.82E-03 0.00E+00 0.00E+00 7.604E-01
7.100E-05 1.84E-01 2.20E-01 4.45E-04 2.97E-01 4.89E-02 2.07E-06 1.58E-02 1.70E-06 1.85E-03 0.00E+00 0.00E+00 7.680E-01
7.000E-05 1.87E-01 2.22E-01 4.61E-04 3.10E-01 5.00E-02 2.18E-06 1.60E-02 1.80E-06 1.91E-03 0.00E+00 0.00E+00 7.875E-01
6.900E-05 1.90E-01 2.25E-01 4.77E-04 3.23E-01 5.10E-02 2.31E-06 1.62E-02 1.90E-06 1.98E-03 0.00E+00 0.00E+00 8.077E-01
6.800E-05 1.94E-01 2.27E-01 4.97E-04 3.36E-01 5.22E-02 2.44E-06 1.64E-02 2.02E-06 2.05E-03 0.00E+00 0.00E+00 8.285E-01
6.700E-05 1.97E-01 2.30E-01 5.17E-04 3.50E-01 5.33E-02 2.59E-06 1.66E-02 2.14E-06 2.12E-03 0.00E+00 0.00E+00 8.499E-01
6.600E-05 2.00E-01 2.32E-01 5.40E-04 3.65E-01 5.45E-02 2.74E-06 1.69E-02 2.27E-06 2.20E-03 0.00E+00 0.00E+00 8.721E-01
6.500E-05 2.04E-01 2.35E-01 5.52E-04 3.81E-01 5.58E-02 2.91E-06 1.71E-02 2.42E-06 2.28E-03 0.00E+00 0.00E+00 8.951E-01
6.400E-05 2.08E-01 2.37E-01 5.65E-04 3.97E-01 5.71E-02 3.09E-06 1.74E-02 2.57E-06 2.37E-03 0.00E+00 0.00E+00 9.188E-01
6.300E-05 2.11E-01 2.39E-01 5.84E-04 4.14E-01 5.85E-02 3.29E-06 1.76E-02 2.74E-06 2.46E-03 0.00E+00 0.00E+00 9.432E-01
6.250E-05 2.13E-01 2.40E-01 5.89E-04 4.22E-01 5.92E-02 3.39E-06 1.78E-02 2.83E-06 2.51E-03 0.00E+00 0.00E+00 9.557E-01
6.200E-05 2.15E-01 2.41E-01 6.04E-04 4.31E-01 5.99E-02 3.50E-06 1.79E-02 2.93E-06 2.56E-03 0.00E+00 0.00E+00 9.684E-01
6.100E-05 2.19E-01 2.43E-01 6.34E-04 4.49E-01 6.13E-02 3.73E-06 1.82E-02 3.12E-06 2.66E-03 0.00E+00 0.00E+00 9.945E-01
6.000E-05 2.24E-01 2.45E-01 6.61E-04 4.68E-01 6.28E-02 3.98E-06 1.85E-02 3.34E-06 2.76E-03 0.00E+00 0.00E+00 1.021E+00
5.900E-05 2.28E-01 2.46E-01 6.89E-04 4.88E-01 6.44E-02 4.26E-06 1.88E-02 3.57E-06 2.88E-03 0.00E+00 0.00E+00 1.049E+00
5.800E-05 2.33E-01 2.48E-01 7.21E-04 5.08E-01 6.60E-02 4.55E-06 1.91E-02 3.83E-06 3.00E-03 0.00E+00 0.00E+00 1.077E+00
5.700E-05 2.37E-01 2.49E-01 7.57E-04 5.29E-01 6.77E-02 4.87E-06 1.94E-02 4.11E-06 3.13E-03 0.00E+00 0.00E+00 1.106E+00
5.600E-05 2.42E-01 2.50E-01 7.95E-04 5.51E-01 6.94E-02 5.22E-06 1.97E-02 4.41E-06 3.26E-03 0.00E+00 0.00E+00 1.136E+00
5.500E-05 2.47E-01 2.50E-01 8.31E-04 5.74E-01 7.12E-02 5.61E-06 2.01E-02 4.74E-06 3.41E-03 0.00E+00 0.00E+00 1.167E+00
5.477E-05 2.48E-01 2.50E-01 8.36E-04 5.80E-01 7.17E-02 5.70E-06 2.02E-02 4.82E-06 4.85E-03 0.00E+00 0.00E+00 1.176E+00
5.400E-05 2.52E-01 2.51E-01 8.63E-04 5.98E-01 7.33E-02 6.04E-06 2.04E-02 5.11E-06 5.04E-03 0.00E+00 0.00E+00 1.201E+00
5.300E-05 2.57E-01 2.51E-01 9.04E-04 6.24E-01 7.55E-02 6.51E-06 2.08E-02 5.51E-06 5.31E-03 0.00E+00 0.00E+00 1.234E+00
5.200E-05 2.62E-01 2.51E-01 9.62E-04 6.50E-01 7.79E-02 7.03E-06 2.12E-02 5.96E-06 5.60E-03 0.00E+00 0.00E+00 1.269E+00
5.100E-05 2.67E-01 2.51E-01 1.02E-03 6.78E-01 8.02E-02 7.60E-06 2.16E-02 6.45E-06 5.92E-03 0.00E+00 0.00E+00 1.305E+00
5.000E-05 2.72E-01 2.51E-01 1.08E-03 7.06E-01 8.27E-02 8.23E-06 2.20E-02 6.99E-06 6.27E-03 0.00E+00 0.00E+00 1.342E+00
4.900E-05 2.78E-01 2.51E-01 1.13E-03 7.37E-01 8.53E-02 8.93E-06 2.24E-02 7.59E-06 6.65E-03 0.00E+00 0.00E+00 1.381E+00
4.880E-05 2.79E-01 2.51E-01 1.14E-03 7.43E-01 8.58E-02 9.08E-06 2.25E-02 7.71E-06 6.73E-03 0.00E+00 0.00E+00 1.389E+00
4.800E-05 2.83E-01 2.51E-01 1.20E-03 7.68E-01 8.84E-02 9.72E-06 2.28E-02 8.25E-06 7.07E-03 0.00E+00 0.00E+00 1.421E+00
4.760E-05 2.85E-01 2.51E-01 1.23E-03 7.81E-01 8.98E-02 1.01E-05 2.30E-02 8.54E-06 7.25E-03 0.00E+00 0.00E+00 1.438E+00
4.700E-05 2.88E-01 2.51E-01 1.27E-03 8.01E-01 9.19E-02 1.06E-05 2.33E-02 8.99E-06 7.54E-03 0.00E+00 0.00E+00 1.464E+00
4.650E-05 2.90E-01 2.51E-01 1.31E-03 8.18E-01 9.37E-02 1.11E-05 2.35E-02 9.39E-06 7.79E-03 0.00E+00 0.00E+00 1.485E+00
4.600E-05 2.93E-01 2.50E-01 1.36E-03 8.36E-01 9.55E-02 1.16E-05 2.38E-02 9.82E-06 8.06E-03 0.00E+00 0.00E+00 1.507E+00
4.550E-05 2.95E-01 2.50E-01 1.42E-03 8.53E-01 9.74E-02 1.21E-05 2.40E-02 1.03E-05 8.34E-03 0.00E+00 0.00E+00 1.530E+00
4.500E-05 2.97E-01 2.50E-01 1.48E-03 8.71E-01 9.93E-02 1.27E-05 2.43E-02 1.07E-05 8.64E-03 0.00E+00 0.00E+00 1.552E+00
4.440E-05 3.00E-01 2.50E-01 1.56E-03 8.93E-01 1.02E-01 1.34E-05 2.46E-02 1.13E-05 9.02E-03 0.00E+00 0.00E+00 1.580E+00
4.350E-05 3.05E-01 2.50E-01 1.71E-03 9.26E-01 1.06E-01 1.46E-05 2.50E-02 1.23E-05 9.64E-03 0.00E+00 0.00E+00 1.623E+00
4.170E-05 3.13E-01 2.49E-01 2.08E-03 9.96E-01 1.15E-01 1.73E-05 2.60E-02 1.47E-05 1.11E-02 0.00E+00 0.00E+00 1.713E+00
4.000E-05 3.21E-01 2.49E-01 2.75E-03 1.07E+00 1.24E-01 2.06E-05 2.71E-02 1.74E-05 1.29E-02 0.00E+00 0.00E+00 1.804E+00
3.850E-05 3.28E-01 2.49E-01 3.64E-03 1.13E+00 1.33E-01 2.41E-05 2.80E-02 2.04E-05 1.49E-02 0.00E+00 0.00E+00 1.887E+00
3.656E-05 3.36E-01 2.48E-01 5.36E-03 1.22E+00 1.45E-01 3.01E-05 2.93E-02 2.54E-05 1.84E-02 0.00E+00 0.00E+00 2.002E+00
3.570E-05 3.40E-01 2.48E-01 6.26E-03 1.26E+00 1.51E-01 3.33E-05 2.99E-02 2.80E-05 2.04E-02 0.00E+00 0.00E+00 2.054E+00
3.330E-05 3.50E-01 2.48E-01 9.38E-03 1.37E+00 1.72E-01 4.56E-05 3.18E-02 3.75E-05 2.83E-02 0.00E+00 0.00E+00 2.209E+00
3.130E-05 3.57E-01 2.47E-01 1.25E-02 1.46E+00 1.98E-01 6.15E-05 3.35E-02 4.88E-05 3.96E-02 0.00E+00 0.00E+00 2.350E+00
3.000E-05 3.61E-01 2.47E-01 1.49E-02 1.52E+00 2.21E-01 7.62E-05 3.46E-02 5.85E-05 5.16E-02 0.00E+00 0.00E+00 2.451E+00
2.940E-05 3.63E-01 2.47E-01 1.62E-02 1.55E+00 2.32E-01 8.46E-05 3.52E-02 6.39E-05 5.92E-02 0.00E+00 0.00E+00 2.499E+00
2.780E-05 3.68E-01 2.46E-01 1.98E-02 1.61E+00 2.72E-01 1.16E-04 3.67E-02 8.15E-05 9.12E-02 0.00E+00 0.00E+00 2.645E+00
2.630E-05 3.70E-01 2.45E-01 2.35E-02 1.67E+00 3.32E-01 1.65E-04 3.81E-02 1.04E-04 1.54E-01 0.00E+00 0.00E+00 2.830E+00
2.500E-05 3.72E-01 2.45E-01 2.79E-02 1.71E+00 4.15E-01 2.40E-04 3.94E-02 1.31E-04 2.74E-01 0.00E+00 0.00E+00 3.081E+00
2.380E-05 3.75E-01 2.45E-01 3.33E-02 1.74E+00 5.71E-01 3.67E-04 3.95E-02 1.64E-04 4.98E-01 0.00E+00 0.00E+00 3.501E+00
2.270E-05 3.76E-01 2.44E-01 4.07E-02 1.76E+00 8.25E-01 5.37E-04 4.10E-02 2.06E-04 6.73E-01 0.00E+00 0.00E+00 3.964E+00
2.170E-05 3.76E-01 2.44E-01 5.07E-02 1.79E+00 1.12E+00 6.98E-04 4.62E-02 2.58E-04 5.12E-01 0.00E+00 0.00E+00 4.133E+00
2.080E-05 3.77E-01 2.44E-01 6.93E-02 1.82E+00 1.16E+00 6.48E-04 5.77E-02 3.21E-04 3.09E-01 0.00E+00 0.00E+00 4.031E+00
2.000E-05 3.76E-01 2.44E-01 2.49E-01 1.69E+00 1.00E+00 5.07E-04 7.34E-02 3.93E-04 1.96E-01 0.00E+00 0.00E+00 3.831E+00
1.920E-05 3.75E-01 2.45E-01 4.81E-01 1.51E+00 7.79E-01 3.48E-04 1.01E-01 4.89E-04 1.30E-01 0.00E+00 0.00E+00 3.623E+00
1.850E-05 3.76E-01 2.47E-01 6.26E-01 1.41E+00 6.11E-01 2.46E-04 1.35E-01 5.98E-04 9.58E-02 0.00E+00 0.00E+00 3.503E+00
1.790E-05 3.78E-01 2.49E-01 8.05E-01 1.26E+00 4.96E-01 1.88E-04 1.72E-01 7.17E-04 7.63E-02 0.00E+00 0.00E+00 3.437E+00
1.720E-05 3.79E-01 2.51E-01 9.40E-01 1.15E+00 3.98E-01 1.50E-04 2.39E-01 8.98E-04 6.10E-02 0.00E+00 0.00E+00 3.421E+00
1.670E-05 3.80E-01 2.53E-01 1.01E+00 1.10E+00 3.41E-01 1.36E-04 3.01E-01 1.06E-03 5.35E-02 0.00E+00 0.00E+00 3.439E+00
1.610E-05 3.82E-01 2.55E-01 1.07E+00 1.06E+00 2.87E-01 1.39E-04 4.10E-01 1.31E-03 4.72E-02 0.00E+00 0.00E+00 3.513E+00
1.560E-05 3.83E-01 2.57E-01 1.11E+00 1.03E+00 2.53E-01 1.56E-04 5.36E-01 1.57E-03 4.38E-02 0.00E+00 0.00E+00 3.619E+00
1.520E-05 3.85E-01 2.59E-01 1.14E+00 1.01E+00 2.29E-01 1.82E-04 6.70E-01 1.80E-03 4.21E-02 0.00E+00 0.00E+00 3.741E+00
1.470E-05 3.86E-01 2.60E-01 1.17E+00 9.89E-01 2.04E-01 2.30E-04 8.63E-01 2.14E-03 4.11E-02 0.00E+00 0.00E+00 3.915E+00
1.430E-05 3.87E-01 2.61E-01 1.19E+00 9.74E-01 1.91E-01 2.87E-04 1.03E+00 2.39E-03 4.12E-02 0.00E+00 0.00E+00 4.072E+00
1.390E-05 3.87E-01 2.61E-01 1.20E+00 9.61E-01 1.86E-01 3.65E-04 1.16E+00 2.65E-03 4.23E-02 0.00E+00 0.00E+00 4.194E+00
1.350E-05 3.87E-01 2.62E-01 1.20E+00 9.48E-01 1.85E-01 4.67E-04 1.28E+00 2.96E-03 4.44E-02 0.00E+00 0.00E+00 4.312E+00
1.320E-05 3.87E-01 2.62E-01 1.21E+00 9.38E-01 1.89E-01 5.68E-04 1.37E+00 3.25E-03 4.68E-02 0.00E+00 0.00E+00 4.407E+00
1.280E-05 3.87E-01 2.63E-01 1.21E+00 9.28E-01 2.01E-01 7.45E-04 1.51E+00 3.70E-03 5.13E-02 0.00E+00 0.00E+00 4.553E+00
1.250E-05 3.87E-01 2.63E-01 1.21E+00 9.26E-01 2.18E-01 9.18E-04 1.62E+00 4.10E-03 5.59E-02 0.00E+00 0.00E+00 4.683E+00
1.220E-05 3.86E-01 2.64E-01 1.20E+00 9.27E-01 2.43E-01 1.14E-03 1.75E+00 4.57E-03 6.20E-02 0.00E+00 0.00E+00 4.840E+00
1.190E-05 3.86E-01 2.64E-01 1.21E+00 9.36E-01 2.77E-01 1.41E-03 1.89E+00 5.12E-03 6.99E-02 0.00E+00 0.00E+00 5.037E+00
1.160E-05 3.84E-01 2.64E-01 1.22E+00 9.45E-01 3.16E-01 1.76E-03 2.04E+00 5.77E-03 8.03E-02 0.00E+00 0.00E+00 5.256E+00
1.140E-05 3.83E-01 2.64E-01 1.22E+00 9.47E-01 3.48E-01 2.07E-03 2.15E+00 6.27E-03 8.90E-02 0.00E+00 0.00E+00 5.417E+00
1.110E-05 3.81E-01 2.64E-01 1.23E+00 9.50E-01 3.98E-01 2.70E-03 2.35E+00 7.16E-03 1.06E-01 0.00E+00 0.00E+00 5.683E+00
1.080E-05 3.79E-01 2.63E-01 1.23E+00 9.54E-01 5.37E-01 3.60E-03 2.57E+00 8.25E-03 1.28E-01 0.00E+00 0.00E+00 6.080E+00
1.050E-05 3.76E-01 2.63E-01 1.24E+00 9.58E-01 7.16E-01 4.67E-03 2.86E+00 9.66E-03 1.59E-01 0.00E+00 0.00E+00 6.581E+00
1.030E-05 3.74E-01 2.62E-01 1.24E+00 9.60E-01 8.55E-01 5.35E-03 3.12E+00 1.08E-02 1.85E-01 0.00E+00 0.00E+00 7.015E+00
1.000E-05 3.71E-01 2.61E-01 1.24E+00 9.65E-01 1.05E+00 6.53E-03 3.50E+00 1.23E-02 2.34E-01 0.00E+00 0.00E+00 7.645E+00
9.750E-06 3.68E-01 2.60E-01 1.24E+00 9.68E-01 1.27E+00 8.10E-03 3.81E+00 1.37E-02 2.84E-01 0.00E+00 0.00E+00 8.229E+00
9.500E-06 3.65E-01 2.59E-01 1.24E+00 9.73E-01 1.53E+00 9.59E-03 4.14E+00 1.53E-02 3.35E-01 0.00E+00 0.00E+00 8.871E+00
9.250E-06 3.61E-01 2.58E-01 1.24E+00 9.76E-01 1.73E+00 1.07E-02 4.47E+00 1.68E-02 3.72E-01 0.00E+00 0.00E+00 9.440E+00
9.080E-06 3.59E-01 2.57E-01 1.24E+00 9.76E-01 1.85E+00 1.15E-02 4.66E+00 1.76E-02 3.81E-01 0.00E+00 0.00E+00 9.755E+00
