 # Optical depth (Siebenmorgen 2023, A&A 670A,115; SC 2023 doi: 10.48550/arXiv.2311.03310)
 # wel(cm) sa_aC    ss_aC    sa_Si    ss_Si    sa_vgr   ss_vgr   sa_vsi   ss_vsi   s_pahS+B sa_Dark  ss_Dark sigt 
 # ------------------------------------------------------------------------------------------------------------- 
1.000E+00 5.13E-08 7.03E-17 7.53E-07 1.88E-16 1.48E-09 1.28E-23 8.92E-08 1.39E-22 5.23E-11 3.66E-06 3.00E-13 4.551E-06
9.000E-01 6.01E-08 1.07E-16 8.89E-07 2.86E-16 1.88E-09 1.96E-23 1.06E-07 2.11E-22 6.46E-11 4.26E-06 4.57E-13 5.315E-06
8.000E-01 7.18E-08 1.72E-16 1.07E-06 4.58E-16 2.46E-09 3.14E-23 1.29E-07 3.38E-22 8.18E-11 5.05E-06 7.32E-13 6.328E-06
7.000E-01 8.80E-08 2.93E-16 1.32E-06 7.81E-16 3.29E-09 5.35E-23 1.59E-07 5.77E-22 1.07E-10 6.14E-06 1.25E-12 7.709E-06
6.000E-01 1.11E-07 5.42E-16 1.69E-06 1.45E-15 4.57E-09 9.91E-23 2.04E-07 1.07E-21 1.45E-10 7.69E-06 2.31E-12 9.701E-06
5.500E-01 1.27E-07 7.67E-16 1.94E-06 2.05E-15 5.47E-09 1.40E-22 2.36E-07 1.51E-21 1.73E-10 8.74E-06 3.26E-12 1.105E-05
5.000E-01 1.48E-07 1.12E-15 2.26E-06 3.00E-15 6.64E-09 2.06E-22 2.73E-07 2.22E-21 2.09E-10 1.01E-05 4.78E-12 1.275E-05
4.500E-01 1.74E-07 1.71E-15 2.68E-06 4.57E-15 8.17E-09 3.13E-22 3.25E-07 3.38E-21 2.58E-10 1.18E-05 7.27E-12 1.495E-05
4.000E-01 2.09E-07 2.74E-15 3.23E-06 7.33E-15 1.02E-08 5.02E-22 3.91E-07 5.41E-21 3.27E-10 1.40E-05 1.16E-11 1.785E-05
3.500E-01 2.58E-07 4.67E-15 4.01E-06 1.25E-14 1.31E-08 8.56E-22 4.90E-07 9.22E-21 4.27E-10 1.71E-05 1.98E-11 2.189E-05
3.000E-01 3.29E-07 8.65E-15 5.14E-06 2.32E-14 1.73E-08 1.59E-21 6.21E-07 1.71E-20 5.82E-10 2.16E-05 3.66E-11 2.769E-05
2.500E-01 4.41E-07 1.79E-14 6.91E-06 4.80E-14 2.36E-08 3.29E-21 8.35E-07 3.54E-20 8.37E-10 2.85E-05 7.58E-11 3.667E-05
2.098E-01 5.86E-07 3.61E-14 9.19E-06 9.69E-14 3.13E-08 6.63E-21 1.11E-06 7.13E-20 1.19E-09 3.72E-05 1.53E-10 4.814E-05
1.500E-01 1.02E-06 1.38E-13 1.59E-05 3.71E-13 5.98E-08 2.54E-20 1.90E-06 2.73E-19 2.33E-09 6.26E-05 5.81E-10 8.153E-05
1.382E-01 1.17E-06 1.92E-13 1.82E-05 5.14E-13 7.05E-08 3.52E-20 2.18E-06 3.78E-19 2.74E-09 7.13E-05 8.05E-10 9.289E-05
1.320E-01 1.26E-06 2.30E-13 1.96E-05 6.18E-13 7.71E-08 4.23E-20 2.35E-06 4.54E-19 3.00E-09 7.66E-05 9.67E-10 9.994E-05
1.150E-01 1.60E-06 4.00E-13 2.46E-05 1.07E-12 1.01E-07 7.34E-20 2.93E-06 7.88E-19 3.96E-09 9.54E-05 1.68E-09 1.247E-04
1.000E-01 2.03E-06 6.99E-13 3.10E-05 1.88E-12 1.33E-07 1.28E-19 3.66E-06 1.38E-18 5.23E-09 1.19E-04 2.92E-09 1.562E-04
9.970E-02 2.04E-06 7.07E-13 3.11E-05 1.90E-12 1.34E-07 1.30E-19 3.68E-06 1.39E-18 5.27E-09 1.20E-04 2.96E-09 1.570E-04
8.670E-02 2.57E-06 1.24E-12 3.92E-05 3.32E-12 1.77E-07 2.27E-19 4.61E-06 2.44E-18 6.96E-09 1.49E-04 5.16E-09 1.959E-04
8.500E-02 2.66E-06 1.34E-12 4.06E-05 3.59E-12 1.84E-07 2.46E-19 4.76E-06 2.64E-18 7.25E-09 1.54E-04 5.59E-09 2.026E-04
7.500E-02 3.38E-06 2.21E-12 4.99E-05 5.94E-12 2.33E-07 4.06E-19 5.81E-06 4.35E-18 9.31E-09 1.93E-04 9.20E-09 2.522E-04
6.000E-02 4.97E-06 5.39E-12 7.20E-05 1.46E-11 3.59E-07 9.91E-19 8.44E-06 1.06E-17 1.45E-08 2.74E-04 2.24E-08 3.601E-04
5.500E-02 5.76E-06 7.63E-12 8.06E-05 2.07E-11 4.23E-07 1.40E-18 9.84E-06 1.51E-17 1.73E-08 3.17E-04 3.17E-08 4.133E-04
5.000E-02 6.86E-06 1.12E-11 9.98E-05 3.06E-11 5.04E-07 2.05E-18 1.17E-05 2.20E-17 2.09E-08 3.75E-04 4.63E-08 4.943E-04
4.500E-02 8.45E-06 1.71E-11 1.32E-04 4.69E-11 6.16E-07 3.13E-18 1.43E-05 3.36E-17 2.59E-08 4.58E-04 7.06E-08 6.138E-04
4.000E-02 1.09E-05 2.74E-11 1.77E-04 7.58E-11 7.67E-07 5.01E-18 1.81E-05 5.39E-17 3.27E-08 5.76E-04 1.13E-07 7.822E-04
3.500E-02 1.36E-05 4.67E-11 2.69E-04 1.31E-10 9.84E-07 8.55E-18 2.39E-05 9.21E-17 4.28E-08 7.10E-04 1.92E-07 1.017E-03
3.000E-02 1.92E-05 8.69E-11 4.19E-04 2.43E-10 1.31E-06 1.58E-17 3.36E-05 1.71E-16 5.82E-08 9.72E-04 3.54E-07 1.446E-03
2.750E-02 2.29E-05 1.23E-10 5.27E-04 3.44E-10 1.55E-06 2.24E-17 4.11E-05 2.42E-16 6.93E-08 1.14E-03 5.01E-07 1.730E-03
2.500E-02 2.76E-05 1.81E-10 6.71E-04 5.04E-10 1.85E-06 3.29E-17 5.15E-05 3.55E-16 8.39E-08 1.36E-03 7.32E-07 2.112E-03
2.400E-02 3.03E-05 2.13E-10 7.43E-04 5.93E-10 2.00E-06 3.87E-17 5.62E-05 4.18E-16 9.11E-08 1.46E-03 8.59E-07 2.294E-03
2.000E-02 4.43E-05 4.45E-10 1.16E-03 1.21E-09 2.83E-06 8.04E-17 8.14E-05 8.66E-16 1.31E-07 2.05E-03 1.77E-06 3.341E-03
1.800E-02 5.52E-05 6.83E-10 1.44E-03 1.81E-09 3.47E-06 1.23E-16 1.01E-04 1.32E-15 1.62E-07 2.52E-03 2.70E-06 4.116E-03
1.600E-02 7.33E-05 1.10E-09 1.79E-03 2.85E-09 4.40E-06 1.97E-16 1.29E-04 2.12E-15 2.05E-07 3.17E-03 4.30E-06 5.168E-03
1.500E-02 8.74E-05 1.43E-09 2.00E-03 3.64E-09 5.01E-06 2.55E-16 1.46E-04 2.74E-15 2.34E-07 3.60E-03 5.53E-06 5.846E-03
1.400E-02 9.94E-05 1.89E-09 2.25E-03 4.73E-09 5.78E-06 3.37E-16 1.69E-04 3.61E-15 2.69E-07 4.01E-03 7.26E-06 6.535E-03
1.200E-02 1.52E-04 3.54E-09 2.87E-03 8.48E-09 8.05E-06 6.27E-16 2.32E-04 6.70E-15 3.67E-07 5.40E-03 1.32E-05 8.673E-03
1.000E-02 2.30E-04 7.44E-09 3.78E-03 1.68E-08 1.22E-05 1.31E-15 3.38E-04 1.39E-14 5.30E-07 7.40E-03 2.71E-05 1.179E-02
9.000E-03 3.07E-04 1.15E-08 4.31E-03 2.49E-08 1.56E-05 2.01E-15 4.22E-04 2.12E-14 6.57E-07 9.04E-03 4.08E-05 1.413E-02
8.000E-03 4.07E-04 1.81E-08 5.01E-03 3.94E-08 2.09E-05 3.24E-15 5.41E-04 3.40E-14 8.35E-07 1.08E-02 6.38E-05 1.680E-02
7.500E-03 4.76E-04 2.37E-08 5.54E-03 5.08E-08 2.47E-05 4.21E-15 6.21E-04 4.41E-14 9.53E-07 1.22E-02 8.25E-05 1.894E-02
7.000E-03 5.75E-04 3.10E-08 6.21E-03 6.64E-08 2.96E-05 5.59E-15 7.19E-04 5.81E-14 1.10E-06 1.37E-02 1.07E-04 2.138E-02
6.000E-03 8.25E-04 5.63E-08 7.97E-03 1.21E-07 4.56E-05 1.05E-14 1.00E-03 1.08E-13 1.51E-06 1.78E-02 1.93E-04 2.786E-02
5.000E-03 1.18E-03 1.10E-07 1.13E-02 2.47E-07 8.00E-05 2.23E-14 1.48E-03 2.22E-13 2.22E-06 2.39E-02 3.89E-04 3.835E-02
4.500E-03 1.45E-03 1.60E-07 1.38E-02 3.68E-07 1.13E-04 3.44E-14 1.84E-03 3.36E-13 2.79E-06 2.85E-02 5.78E-04 4.636E-02
4.000E-03 1.73E-03 2.38E-07 1.73E-02 5.52E-07 1.66E-04 5.49E-14 2.35E-03 5.33E-13 3.62E-06 3.43E-02 8.98E-04 5.674E-02
3.500E-03 2.09E-03 3.76E-07 2.13E-02 8.71E-07 2.30E-04 8.77E-14 3.07E-03 8.98E-13 4.93E-06 4.26E-02 1.49E-03 7.079E-02
3.000E-03 2.57E-03 6.22E-07 2.62E-02 1.40E-06 2.43E-04 1.37E-13 4.19E-03 1.64E-12 7.38E-06 5.50E-02 2.62E-03 9.086E-02
2.750E-03 2.82E-03 8.16E-07 2.87E-02 1.80E-06 2.09E-04 1.77E-13 5.04E-03 2.29E-12 9.78E-06 6.32E-02 3.56E-03 1.035E-01
2.500E-03 3.05E-03 1.09E-06 3.14E-02 2.36E-06 1.65E-04 2.43E-13 6.19E-03 3.29E-12 1.56E-05 7.31E-02 4.95E-03 1.189E-01
2.400E-03 3.16E-03 1.24E-06 3.25E-02 2.65E-06 1.48E-04 2.82E-13 6.74E-03 3.82E-12 2.14E-05 7.78E-02 5.66E-03 1.261E-01
2.350E-03 3.23E-03 1.33E-06 3.31E-02 2.81E-06 1.40E-04 3.06E-13 7.06E-03 4.13E-12 2.51E-05 8.04E-02 6.06E-03 1.301E-01
2.320E-03 3.27E-03 1.38E-06 3.35E-02 2.92E-06 1.35E-04 3.21E-13 7.25E-03 4.32E-12 2.69E-05 8.20E-02 6.31E-03 1.325E-01
2.310E-03 3.28E-03 1.40E-06 3.37E-02 2.95E-06 1.34E-04 3.26E-13 7.31E-03 4.39E-12 2.73E-05 8.25E-02 6.40E-03 1.333E-01
2.300E-03 3.29E-03 1.42E-06 3.38E-02 2.99E-06 1.32E-04 3.32E-13 7.38E-03 4.46E-12 2.77E-05 8.30E-02 6.48E-03 1.341E-01
2.250E-03 3.35E-03 1.52E-06 3.46E-02 3.19E-06 1.25E-04 3.61E-13 7.75E-03 4.85E-12 2.89E-05 8.58E-02 6.95E-03 1.386E-01
2.200E-03 3.40E-03 1.62E-06 3.54E-02 3.39E-06 1.18E-04 3.95E-13 8.18E-03 5.25E-12 3.03E-05 8.87E-02 7.42E-03 1.433E-01
2.150E-03 3.47E-03 1.75E-06 3.64E-02 3.61E-06 1.12E-04 4.32E-13 8.59E-03 5.67E-12 3.30E-05 9.16E-02 7.93E-03 1.481E-01
2.120E-03 3.52E-03 1.82E-06 3.69E-02 3.73E-06 1.09E-04 4.57E-13 8.86E-03 5.95E-12 3.44E-05 9.34E-02 8.24E-03 1.511E-01
2.110E-03 3.53E-03 1.85E-06 3.71E-02 3.77E-06 1.08E-04 4.66E-13 8.96E-03 6.04E-12 3.46E-05 9.40E-02 8.34E-03 1.521E-01
2.100E-03 3.54E-03 1.87E-06 3.73E-02 3.81E-06 1.07E-04 4.75E-13 9.06E-03 6.14E-12 3.47E-05 9.46E-02 8.45E-03 1.531E-01
2.080E-03 3.56E-03 1.92E-06 3.75E-02 3.89E-06 1.04E-04 4.94E-13 9.25E-03 6.34E-12 3.45E-05 9.57E-02 8.64E-03 1.548E-01
2.000E-03 3.61E-03 2.17E-06 3.87E-02 4.20E-06 9.68E-05 5.78E-13 1.01E-02 7.20E-12 3.32E-05 1.00E-01 9.56E-03 1.627E-01
1.950E-03 3.67E-03 2.35E-06 3.92E-02 4.35E-06 9.27E-05 6.41E-13 1.07E-02 7.62E-12 3.57E-05 1.03E-01 1.00E-02 1.669E-01
1.900E-03 3.74E-03 2.57E-06 3.94E-02 4.47E-06 8.90E-05 7.12E-13 1.12E-02 7.98E-12 4.27E-05 1.05E-01 1.04E-02 1.701E-01
1.850E-03 3.82E-03 2.81E-06 3.92E-02 4.52E-06 8.57E-05 7.94E-13 1.14E-02 8.19E-12 5.43E-05 1.06E-01 1.08E-02 1.714E-01
1.830E-03 3.86E-03 2.91E-06 3.90E-02 4.52E-06 8.45E-05 8.30E-13 1.15E-02 8.23E-12 5.84E-05 1.06E-01 1.09E-02 1.714E-01
1.820E-03 3.87E-03 2.95E-06 3.88E-02 4.52E-06 8.39E-05 8.49E-13 1.15E-02 8.25E-12 5.99E-05 1.06E-01 1.09E-02 1.713E-01
1.810E-03 3.88E-03 3.01E-06 3.86E-02 4.51E-06 8.33E-05 8.68E-13 1.14E-02 8.27E-12 6.07E-05 1.06E-01 1.10E-02 1.709E-01
1.800E-03 3.90E-03 3.06E-06 3.84E-02 4.50E-06 8.28E-05 8.88E-13 1.14E-02 8.28E-12 6.12E-05 1.06E-01 1.11E-02 1.707E-01
1.750E-03 3.99E-03 3.35E-06 3.67E-02 4.39E-06 8.04E-05 9.96E-13 1.11E-02 8.33E-12 6.27E-05 1.04E-01 1.14E-02 1.679E-01
1.700E-03 4.04E-03 3.67E-06 3.40E-02 4.21E-06 7.85E-05 1.12E-12 1.06E-02 8.39E-12 7.61E-05 1.02E-01 1.18E-02 1.628E-01
1.670E-03 4.10E-03 3.91E-06 3.19E-02 4.09E-06 7.75E-05 1.21E-12 1.02E-02 8.48E-12 8.92E-05 1.01E-01 1.22E-02 1.595E-01
1.650E-03 4.16E-03 4.08E-06 3.02E-02 4.02E-06 7.70E-05 1.27E-12 9.88E-03 8.58E-12 9.40E-05 1.00E-01 1.25E-02 1.570E-01
1.640E-03 4.18E-03 4.16E-06 2.94E-02 4.00E-06 7.68E-05 1.30E-12 9.72E-03 8.64E-12 9.38E-05 9.96E-02 1.26E-02 1.556E-01
1.630E-03 4.20E-03 4.25E-06 2.84E-02 3.97E-06 7.65E-05 1.33E-12 9.56E-03 8.70E-12 9.21E-05 9.91E-02 1.28E-02 1.542E-01
1.610E-03 4.24E-03 4.41E-06 2.65E-02 3.96E-06 7.62E-05 1.40E-12 9.23E-03 8.92E-12 8.64E-05 9.81E-02 1.31E-02 1.514E-01
1.600E-03 4.27E-03 4.51E-06 2.54E-02 3.97E-06 7.60E-05 1.44E-12 9.07E-03 9.04E-12 8.38E-05 9.77E-02 1.34E-02 1.500E-01
1.590E-03 4.29E-03 4.60E-06 2.44E-02 4.00E-06 7.58E-05 1.47E-12 8.90E-03 9.17E-12 8.19E-05 9.72E-02 1.36E-02 1.485E-01
1.580E-03 4.31E-03 4.69E-06 2.33E-02 4.06E-06 7.57E-05 1.51E-12 8.74E-03 9.34E-12 8.06E-05 9.68E-02 1.38E-02 1.472E-01
1.570E-03 4.33E-03 4.78E-06 2.23E-02 4.14E-06 7.56E-05 1.55E-12 8.58E-03 9.52E-12 7.95E-05 9.63E-02 1.41E-02 1.457E-01
1.560E-03 4.35E-03 4.89E-06 2.13E-02 4.24E-06 7.55E-05 1.59E-12 8.42E-03 9.70E-12 7.79E-05 9.60E-02 1.44E-02 1.446E-01
1.540E-03 4.41E-03 5.10E-06 1.95E-02 4.56E-06 7.54E-05 1.68E-12 8.11E-03 1.02E-11 7.63E-05 9.54E-02 1.49E-02 1.426E-01
1.520E-03 4.45E-03 5.29E-06 1.82E-02 5.00E-06 7.53E-05 1.77E-12 7.81E-03 1.07E-11 8.04E-05 9.47E-02 1.56E-02 1.409E-01
1.510E-03 4.47E-03 5.39E-06 1.77E-02 5.26E-06 7.53E-05 1.82E-12 7.67E-03 1.10E-11 8.29E-05 9.44E-02 1.60E-02 1.403E-01
1.500E-03 4.48E-03 5.49E-06 1.73E-02 5.55E-06 7.53E-05 1.87E-12 7.54E-03 1.14E-11 8.35E-05 9.41E-02 1.64E-02 1.399E-01
1.450E-03 4.55E-03 6.14E-06 1.64E-02 7.20E-06 7.57E-05 2.14E-12 6.94E-03 1.38E-11 1.05E-04 9.37E-02 1.90E-02 1.409E-01
1.440E-03 4.58E-03 6.28E-06 1.64E-02 7.56E-06 7.59E-05 2.21E-12 6.84E-03 1.44E-11 1.16E-04 9.39E-02 1.97E-02 1.416E-01
1.430E-03 4.60E-03 6.42E-06 1.64E-02 7.92E-06 7.61E-05 2.27E-12 6.81E-03 1.51E-11 1.25E-04 9.45E-02 2.04E-02 1.430E-01
1.420E-03 4.62E-03 6.57E-06 1.64E-02 8.30E-06 7.63E-05 2.33E-12 6.79E-03 1.59E-11 1.30E-04 9.51E-02 2.12E-02 1.443E-01
1.400E-03 4.67E-03 6.89E-06 1.64E-02 9.09E-06 7.67E-05 2.47E-12 6.84E-03 1.77E-11 1.42E-04 9.71E-02 2.30E-02 1.482E-01
1.380E-03 4.72E-03 7.22E-06 1.64E-02 9.96E-06 7.72E-05 2.62E-12 7.03E-03 1.98E-11 1.78E-04 9.98E-02 2.49E-02 1.532E-01
1.370E-03 4.74E-03 7.39E-06 1.65E-02 1.04E-05 7.75E-05 2.70E-12 7.22E-03 2.09E-11 2.11E-04 1.02E-01 2.58E-02 1.563E-01
1.360E-03 4.77E-03 7.58E-06 1.65E-02 1.09E-05 7.78E-05 2.78E-12 7.44E-03 2.21E-11 2.44E-04 1.04E-01 2.69E-02 1.597E-01
1.350E-03 4.80E-03 7.77E-06 1.66E-02 1.14E-05 7.82E-05 2.87E-12 7.65E-03 2.33E-11 2.61E-04 1.06E-01 2.79E-02 1.632E-01
1.340E-03 4.83E-03 7.96E-06 1.66E-02 1.20E-05 7.86E-05 2.95E-12 7.92E-03 2.45E-11 2.82E-04 1.08E-01 2.88E-02 1.668E-01
1.330E-03 4.86E-03 8.15E-06 1.67E-02 1.26E-05 7.89E-05 3.05E-12 8.20E-03 2.58E-11 3.27E-04 1.11E-01 2.98E-02 1.705E-01
1.320E-03 4.90E-03 8.35E-06 1.68E-02 1.32E-05 7.94E-05 3.14E-12 8.47E-03 2.71E-11 4.02E-04 1.13E-01 3.07E-02 1.743E-01
1.310E-03 4.92E-03 8.53E-06 1.70E-02 1.39E-05 7.98E-05 3.24E-12 8.78E-03 2.85E-11 5.26E-04 1.15E-01 3.16E-02 1.781E-01
1.290E-03 4.95E-03 8.91E-06 1.74E-02 1.54E-05 8.08E-05 3.45E-12 9.43E-03 3.14E-11 1.08E-03 1.20E-01 3.35E-02 1.862E-01
1.280E-03 4.95E-03 9.14E-06 1.76E-02 1.61E-05 8.13E-05 3.56E-12 9.82E-03 3.29E-11 1.58E-03 1.22E-01 3.45E-02 1.909E-01
1.270E-03 4.98E-03 9.38E-06 1.77E-02 1.70E-05 8.18E-05 3.67E-12 1.02E-02 3.46E-11 1.91E-03 1.25E-01 3.54E-02 1.954E-01
1.260E-03 5.00E-03 9.62E-06 1.80E-02 1.80E-05 8.24E-05 3.79E-12 1.06E-02 3.62E-11 1.65E-03 1.28E-01 3.63E-02 1.993E-01
1.250E-03 5.02E-03 9.86E-06 1.83E-02 1.91E-05 8.30E-05 3.92E-12 1.11E-02 3.79E-11 1.22E-03 1.30E-01 3.72E-02 2.030E-01
1.220E-03 5.12E-03 1.08E-05 2.08E-02 2.37E-05 8.47E-05 4.32E-12 1.24E-02 4.34E-11 9.52E-04 1.38E-01 3.97E-02 2.172E-01
1.210E-03 5.15E-03 1.10E-05 2.27E-02 2.55E-05 8.53E-05 4.47E-12 1.29E-02 4.54E-11 1.09E-03 1.41E-01 4.05E-02 2.231E-01
1.200E-03 5.16E-03 1.13E-05 2.51E-02 2.72E-05 8.59E-05 4.62E-12 1.35E-02 4.76E-11 1.21E-03 1.43E-01 4.12E-02 2.296E-01
1.190E-03 5.21E-03 1.17E-05 2.77E-02 2.88E-05 8.66E-05 4.78E-12 1.41E-02 4.98E-11 1.21E-03 1.46E-01 4.20E-02 2.364E-01
1.180E-03 5.25E-03 1.20E-05 3.03E-02 3.01E-05 8.73E-05 4.95E-12 1.47E-02 5.19E-11 1.20E-03 1.48E-01 4.25E-02 2.425E-01
1.170E-03 5.28E-03 1.23E-05 3.27E-02 3.12E-05 8.79E-05 5.13E-12 1.53E-02 5.41E-11 1.34E-03 1.51E-01 4.30E-02 2.487E-01
1.160E-03 5.32E-03 1.26E-05 3.49E-02 3.22E-05 8.92E-05 5.35E-12 1.59E-02 5.63E-11 1.72E-03 1.53E-01 4.35E-02 2.545E-01
1.150E-03 5.34E-03 1.30E-05 3.68E-02 3.30E-05 1.25E-04 5.28E-12 1.65E-02 5.86E-11 2.50E-03 1.55E-01 4.39E-02 2.603E-01
1.140E-03 5.36E-03 1.33E-05 3.85E-02 3.38E-05 9.29E-05 5.63E-12 1.71E-02 6.12E-11 3.76E-03 1.57E-01 4.44E-02 2.664E-01
1.130E-03 5.37E-03 1.37E-05 3.99E-02 3.45E-05 9.28E-05 5.85E-12 1.78E-02 6.39E-11 4.59E-03 1.59E-01 4.49E-02 2.721E-01
1.120E-03 5.39E-03 1.40E-05 4.13E-02 3.53E-05 9.34E-05 6.07E-12 1.86E-02 6.67E-11 3.70E-03 1.61E-01 4.52E-02 2.758E-01
1.110E-03 5.41E-03 1.44E-05 4.26E-02 3.61E-05 9.42E-05 6.30E-12 1.94E-02 6.97E-11 2.35E-03 1.64E-01 4.56E-02 2.790E-01
1.090E-03 5.45E-03 1.53E-05 4.52E-02 3.77E-05 9.61E-05 6.78E-12 2.10E-02 7.57E-11 9.83E-04 1.67E-01 4.61E-02 2.864E-01
1.050E-03 5.57E-03 1.75E-05 4.98E-02 4.06E-05 1.01E-04 7.89E-12 2.54E-02 8.99E-11 3.31E-04 1.75E-01 4.62E-02 3.029E-01
1.000E-03 5.78E-03 2.06E-05 5.45E-02 4.30E-05 1.07E-04 9.60E-12 2.94E-02 9.63E-11 1.72E-04 1.76E-01 4.30E-02 3.091E-01
9.800E-04 5.88E-03 2.21E-05 5.55E-02 4.29E-05 1.10E-04 1.04E-11 3.09E-02 9.91E-11 1.51E-04 1.76E-01 4.19E-02 3.105E-01
9.600E-04 5.96E-03 2.37E-05 5.53E-02 4.18E-05 1.14E-04 1.13E-11 3.23E-02 9.98E-11 1.40E-04 1.75E-01 4.00E-02 3.086E-01
9.500E-04 6.04E-03 2.45E-05 5.46E-02 4.10E-05 1.15E-04 1.18E-11 3.26E-02 9.77E-11 1.39E-04 1.73E-01 3.85E-02 3.053E-01
9.400E-04 6.07E-03 2.53E-05 5.36E-02 4.02E-05 1.17E-04 1.23E-11 3.25E-02 9.36E-11 1.39E-04 1.70E-01 3.68E-02 2.998E-01
9.200E-04 6.17E-03 2.70E-05 5.10E-02 3.85E-05 1.21E-04 1.34E-11 3.03E-02 7.78E-11 1.49E-04 1.62E-01 3.29E-02 2.823E-01
8.900E-04 6.32E-03 3.02E-05 4.52E-02 3.60E-05 1.27E-04 1.53E-11 2.39E-02 4.99E-11 2.12E-04 1.45E-01 2.80E-02 2.484E-01
8.700E-04 6.37E-03 3.23E-05 4.09E-02 3.54E-05 1.32E-04 1.68E-11 1.99E-02 3.70E-11 4.62E-04 1.34E-01 2.64E-02 2.283E-01
8.600E-04 6.44E-03 3.36E-05 3.88E-02 3.54E-05 1.34E-04 1.76E-11 1.83E-02 3.27E-11 6.90E-04 1.30E-01 2.61E-02 2.206E-01
8.500E-04 6.47E-03 3.48E-05 3.66E-02 3.53E-05 1.36E-04 1.84E-11 1.69E-02 2.91E-11 4.97E-04 1.26E-01 2.59E-02 2.126E-01
8.400E-04 6.54E-03 3.63E-05 3.41E-02 3.53E-05 1.39E-04 1.93E-11 1.54E-02 2.55E-11 3.60E-04 1.22E-01 2.56E-02 2.044E-01
8.200E-04 6.61E-03 3.88E-05 2.84E-02 3.62E-05 1.44E-04 2.12E-11 1.19E-02 1.83E-11 3.67E-04 1.12E-01 2.52E-02 1.845E-01
8.000E-04 6.69E-03 4.20E-05 2.30E-02 4.00E-05 1.50E-04 2.34E-11 8.12E-03 1.41E-11 5.31E-04 1.01E-01 2.64E-02 1.659E-01
7.900E-04 6.76E-03 4.38E-05 2.09E-02 4.30E-05 1.53E-04 2.46E-11 6.83E-03 1.52E-11 6.60E-04 9.80E-02 2.82E-02 1.615E-01
7.800E-04 6.80E-03 4.54E-05 1.91E-02 4.65E-05 1.56E-04 2.59E-11 5.55E-03 1.72E-11 7.87E-04 9.45E-02 3.02E-02 1.572E-01
7.700E-04 6.81E-03 4.71E-05 1.77E-02 5.04E-05 1.59E-04 2.73E-11 4.57E-03 2.05E-11 8.44E-04 9.20E-02 3.27E-02 1.548E-01
7.600E-04 6.83E-03 4.90E-05 1.64E-02 5.47E-05 1.63E-04 2.88E-11 3.88E-03 2.50E-11 7.86E-04 9.05E-02 3.56E-02 1.542E-01
7.500E-04 6.85E-03 5.10E-05 1.53E-02 5.93E-05 1.66E-04 3.03E-11 3.26E-03 3.04E-11 6.53E-04 8.92E-02 3.87E-02 1.543E-01
7.300E-04 6.93E-03 5.59E-05 1.35E-02 7.02E-05 1.73E-04 3.38E-11 2.73E-03 4.34E-11 4.12E-04 8.99E-02 4.55E-02 1.593E-01
7.200E-04 6.96E-03 5.82E-05 1.30E-02 7.62E-05 1.77E-04 3.57E-11 2.64E-03 5.02E-11 3.46E-04 9.04E-02 4.86E-02 1.622E-01
7.100E-04 6.97E-03 6.09E-05 1.26E-02 8.26E-05 1.81E-04 3.77E-11 2.56E-03 5.77E-11 3.40E-04 9.11E-02 5.21E-02 1.659E-01
7.000E-04 7.05E-03 6.40E-05 1.23E-02 8.90E-05 1.85E-04 3.99E-11 2.53E-03 6.53E-11 4.66E-04 9.23E-02 5.52E-02 1.702E-01
6.900E-04 7.08E-03 6.63E-05 1.18E-02 9.56E-05 1.90E-04 4.23E-11 2.52E-03 7.36E-11 2.80E-04 9.29E-02 5.82E-02 1.731E-01
6.800E-04 6.98E-03 6.90E-05 1.12E-02 1.03E-04 1.94E-04 4.48E-11 2.52E-03 8.19E-11 2.22E-04 9.27E-02 6.16E-02 1.755E-01
6.600E-04 7.03E-03 7.77E-05 1.01E-02 1.20E-04 2.04E-04 5.04E-11 2.52E-03 1.01E-10 2.14E-04 9.49E-02 6.92E-02 1.843E-01
6.400E-04 7.24E-03 8.78E-05 8.72E-03 1.39E-04 2.14E-04 5.70E-11 2.51E-03 1.22E-10 3.17E-04 9.79E-02 7.64E-02 1.935E-01
6.300E-04 7.39E-03 9.26E-05 8.14E-03 1.51E-04 2.16E-04 6.07E-11 2.51E-03 1.34E-10 4.87E-04 9.95E-02 7.94E-02 1.979E-01
6.200E-04 7.44E-03 9.71E-05 8.01E-03 1.65E-04 2.26E-04 6.46E-11 2.49E-03 1.47E-10 6.57E-04 1.00E-01 8.28E-02 2.020E-01
6.100E-04 7.51E-03 1.03E-04 7.97E-03 1.77E-04 2.32E-04 6.90E-11 2.48E-03 1.60E-10 4.81E-04 1.01E-01 8.64E-02 2.066E-01
5.900E-04 7.83E-03 1.15E-04 6.55E-03 2.06E-04 2.44E-04 7.87E-11 2.44E-03 1.92E-10 2.27E-04 1.04E-01 9.33E-02 2.152E-01
5.500E-04 7.58E-03 1.39E-04 4.85E-03 2.91E-04 2.74E-04 1.04E-10 2.41E-03 2.76E-10 1.97E-04 1.04E-01 1.11E-01 2.302E-01
5.300E-04 7.66E-03 1.60E-04 4.34E-03 3.46E-04 2.91E-04 1.20E-10 2.41E-03 3.30E-10 3.01E-04 1.06E-01 1.21E-01 2.427E-01
5.200E-04 7.68E-03 1.71E-04 4.08E-03 3.78E-04 3.01E-04 1.30E-10 2.42E-03 3.62E-10 4.63E-04 1.07E-01 1.27E-01 2.489E-01
5.100E-04 7.76E-03 1.84E-04 3.82E-03 4.13E-04 3.10E-04 1.40E-10 2.43E-03 3.97E-10 6.32E-04 1.08E-01 1.32E-01 2.558E-01
5.000E-04 7.85E-03 1.98E-04 3.53E-03 4.58E-04 3.20E-04 1.52E-10 2.44E-03 4.35E-10 4.64E-04 1.09E-01 1.38E-01 2.621E-01
4.800E-04 7.98E-03 2.29E-04 3.13E-03 5.50E-04 3.41E-04 1.78E-10 2.48E-03 5.26E-10 2.34E-04 1.11E-01 1.49E-01 2.751E-01
4.500E-04 8.28E-03 2.86E-04 2.63E-03 7.32E-04 3.78E-04 2.30E-10 2.57E-03 7.03E-10 1.90E-04 1.15E-01 1.65E-01 2.956E-01
4.000E-04 8.68E-03 4.37E-04 1.95E-03 1.22E-03 4.55E-04 3.66E-10 2.77E-03 1.17E-09 2.18E-04 1.21E-01 1.98E-01 3.352E-01
3.800E-04 8.90E-03 5.28E-04 1.72E-03 1.52E-03 4.93E-04 4.48E-10 2.85E-03 1.46E-09 2.44E-04 1.24E-01 2.12E-01 3.520E-01
3.600E-04 9.15E-03 6.45E-04 1.52E-03 1.91E-03 5.37E-04 5.54E-10 2.95E-03 1.84E-09 2.92E-04 1.27E-01 2.25E-01 3.691E-01
3.400E-04 9.64E-03 7.89E-04 1.34E-03 2.42E-03 5.88E-04 6.94E-10 3.06E-03 2.33E-09 5.47E-04 1.31E-01 2.36E-01 3.858E-01
3.300E-04 9.65E-03 8.70E-04 1.25E-03 2.74E-03 6.16E-04 7.80E-10 3.11E-03 2.64E-09 1.34E-03 1.32E-01 2.44E-01 3.949E-01
3.200E-04 9.72E-03 9.77E-04 1.17E-03 3.12E-03 6.47E-04 8.81E-10 3.16E-03 3.00E-09 5.70E-04 1.33E-01 2.51E-01 4.031E-01
3.150E-04 9.82E-03 1.04E-03 1.13E-03 3.33E-03 6.63E-04 9.37E-10 3.18E-03 3.20E-09 4.54E-04 1.33E-01 2.54E-01 4.073E-01
3.100E-04 9.94E-03 1.10E-03 1.09E-03 3.56E-03 6.79E-04 9.98E-10 3.21E-03 3.42E-09 4.11E-04 1.34E-01 2.57E-01 4.113E-01
3.080E-04 9.98E-03 1.13E-03 1.08E-03 3.66E-03 6.87E-04 1.02E-09 3.22E-03 3.52E-09 4.03E-04 1.35E-01 2.58E-01 4.128E-01
3.050E-04 1.00E-02 1.17E-03 1.05E-03 3.81E-03 6.97E-04 1.06E-09 3.24E-03 3.66E-09 3.95E-04 1.35E-01 2.60E-01 4.153E-01
3.000E-04 1.01E-02 1.24E-03 1.02E-03 4.08E-03 7.16E-04 1.14E-09 3.27E-03 3.92E-09 3.92E-04 1.36E-01 2.63E-01 4.194E-01
2.900E-04 1.03E-02 1.40E-03 9.53E-04 4.69E-03 7.55E-04 1.30E-09 3.34E-03 4.51E-09 4.02E-04 1.38E-01 2.68E-01 4.275E-01
2.800E-04 1.05E-02 1.58E-03 8.90E-04 5.41E-03 7.98E-04 1.49E-09 3.42E-03 5.21E-09 4.23E-04 1.39E-01 2.74E-01 4.356E-01
2.600E-04 1.08E-02 2.08E-03 7.73E-04 7.32E-03 8.95E-04 1.99E-09 3.59E-03 7.05E-09 4.86E-04 1.42E-01 2.83E-01 4.509E-01
2.500E-04 1.11E-02 2.40E-03 7.20E-04 8.59E-03 9.51E-04 2.32E-09 3.68E-03 8.27E-09 5.26E-04 1.44E-01 2.87E-01 4.582E-01
2.200E-04 1.23E-02 3.80E-03 5.83E-04 1.44E-02 1.16E-03 3.83E-09 4.03E-03 1.39E-08 6.91E-04 1.50E-01 2.92E-01 4.790E-01
2.159E-04 1.25E-02 4.04E-03 5.66E-04 1.55E-02 1.19E-03 4.13E-09 4.09E-03 1.50E-08 7.21E-04 1.51E-01 2.93E-01 4.820E-01
2.000E-04 1.33E-02 5.26E-03 5.12E-04 2.10E-02 1.34E-03 5.57E-09 4.33E-03 2.04E-08 8.58E-04 1.55E-01 2.93E-01 4.945E-01
1.662E-04 1.57E-02 9.37E-03 4.13E-04 4.29E-02 1.78E-03 1.15E-08 5.02E-03 4.30E-08 1.34E-03 1.62E-01 2.96E-01 5.348E-01
1.650E-04 1.58E-02 9.57E-03 4.08E-04 4.40E-02 1.80E-03 1.18E-08 5.05E-03 4.43E-08 1.36E-03 1.62E-01 2.97E-01 5.368E-01
1.250E-04 2.14E-02 2.06E-02 3.79E-04 1.17E-01 2.76E-03 3.50E-08 6.41E-03 1.35E-07 2.77E-03 1.72E-01 2.98E-01 6.422E-01
1.235E-04 2.17E-02 2.12E-02 3.76E-04 1.22E-01 2.82E-03 3.67E-08 6.48E-03 1.41E-07 2.86E-03 1.73E-01 2.98E-01 6.480E-01
1.130E-04 2.40E-02 2.60E-02 3.94E-04 1.62E-01 3.24E-03 5.20E-08 7.04E-03 2.02E-07 3.60E-03 1.76E-01 2.93E-01 6.953E-01
1.000E-04 2.77E-02 3.31E-02 4.48E-04 2.38E-01 3.95E-03 8.38E-08 7.89E-03 3.29E-07 4.92E-03 1.80E-01 2.84E-01 7.805E-01
9.500E-05 2.93E-02 3.59E-02 4.57E-04 2.79E-01 4.29E-03 1.02E-07 8.28E-03 4.04E-07 5.59E-03 1.83E-01 2.80E-01 8.255E-01
9.300E-05 3.00E-02 3.71E-02 4.68E-04 2.98E-01 4.44E-03 1.11E-07 8.45E-03 4.40E-07 5.90E-03 1.83E-01 2.78E-01 8.460E-01
9.200E-05 3.04E-02 3.77E-02 4.76E-04 3.08E-01 4.52E-03 1.16E-07 8.54E-03 4.59E-07 6.06E-03 1.84E-01 2.77E-01 8.568E-01
9.100E-05 3.08E-02 3.83E-02 4.86E-04 3.19E-01 4.60E-03 1.21E-07 8.63E-03 4.80E-07 6.23E-03 1.84E-01 2.76E-01 8.681E-01
9.000E-05 3.11E-02 3.89E-02 4.94E-04 3.30E-01 4.68E-03 1.26E-07 8.72E-03 5.01E-07 6.40E-03 1.84E-01 2.75E-01 8.797E-01
8.900E-05 3.15E-02 3.95E-02 5.03E-04 3.41E-01 4.77E-03 1.32E-07 8.81E-03 5.24E-07 6.58E-03 1.85E-01 2.74E-01 8.917E-01
8.800E-05 3.18E-02 4.01E-02 5.08E-04 3.53E-01 4.85E-03 1.38E-07 8.90E-03 5.49E-07 6.77E-03 1.85E-01 2.73E-01 9.042E-01
8.700E-05 3.22E-02 4.07E-02 5.25E-04 3.65E-01 4.94E-03 1.44E-07 9.00E-03 5.74E-07 6.96E-03 1.85E-01 2.73E-01 9.172E-01
8.600E-05 3.26E-02 4.14E-02 5.33E-04 3.78E-01 5.03E-03 1.51E-07 9.10E-03 6.02E-07 7.16E-03 1.86E-01 2.72E-01 9.307E-01
8.500E-05 3.29E-02 4.20E-02 5.35E-04 3.91E-01 5.13E-03 1.58E-07 9.20E-03 6.30E-07 7.37E-03 1.86E-01 2.70E-01 9.445E-01
8.400E-05 3.33E-02 4.27E-02 5.47E-04 4.05E-01 5.23E-03 1.65E-07 9.30E-03 6.61E-07 7.59E-03 1.86E-01 2.69E-01 9.590E-01
8.330E-05 3.36E-02 4.32E-02 5.55E-04 4.15E-01 5.29E-03 1.70E-07 9.38E-03 6.83E-07 7.75E-03 1.86E-01 2.69E-01 9.694E-01
8.200E-05 3.42E-02 4.41E-02 5.69E-04 4.34E-01 5.43E-03 1.81E-07 9.52E-03 7.28E-07 8.05E-03 1.87E-01 2.67E-01 9.894E-01
8.100E-05 3.46E-02 4.48E-02 5.81E-04 4.49E-01 5.53E-03 1.90E-07 9.63E-03 7.64E-07 8.30E-03 1.87E-01 2.66E-01 1.005E+00
8.000E-05 3.51E-02 4.55E-02 5.88E-04 4.65E-01 5.64E-03 1.99E-07 9.74E-03 8.03E-07 8.55E-03 1.88E-01 2.64E-01 1.022E+00
7.900E-05 3.56E-02 4.61E-02 6.03E-04 4.81E-01 5.75E-03 2.09E-07 9.86E-03 8.45E-07 8.82E-03 1.88E-01 2.63E-01 1.039E+00
7.800E-05 3.61E-02 4.68E-02 6.14E-04 4.99E-01 5.86E-03 2.20E-07 9.98E-03 8.89E-07 9.09E-03 1.88E-01 2.62E-01 1.057E+00
7.700E-05 3.66E-02 4.75E-02 6.29E-04 5.16E-01 5.98E-03 2.31E-07 1.01E-02 9.37E-07 9.38E-03 1.89E-01 2.60E-01 1.075E+00
7.600E-05 3.71E-02 4.81E-02 6.55E-04 5.35E-01 6.10E-03 2.43E-07 1.02E-02 9.87E-07 9.68E-03 1.89E-01 2.58E-01 1.094E+00
7.500E-05 3.77E-02 4.87E-02 6.77E-04 5.54E-01 6.23E-03 2.56E-07 1.03E-02 1.04E-06 9.99E-03 1.90E-01 2.57E-01 1.114E+00
7.400E-05 3.83E-02 4.93E-02 7.03E-04 5.73E-01 6.36E-03 2.69E-07 1.05E-02 1.10E-06 1.03E-02 1.90E-01 2.55E-01 1.134E+00
7.300E-05 3.89E-02 4.99E-02 7.33E-04 5.94E-01 6.49E-03 2.84E-07 1.06E-02 1.16E-06 1.07E-02 1.90E-01 2.54E-01 1.155E+00
7.140E-05 3.99E-02 5.07E-02 7.51E-04 6.28E-01 6.71E-03 3.09E-07 1.08E-02 1.27E-06 1.12E-02 1.91E-01 2.51E-01 1.190E+00
7.100E-05 4.01E-02 5.09E-02 7.60E-04 6.37E-01 6.77E-03 3.16E-07 1.09E-02 1.30E-06 1.14E-02 1.91E-01 2.50E-01 1.199E+00
7.000E-05 4.07E-02 5.14E-02 7.80E-04 6.59E-01 6.91E-03 3.34E-07 1.10E-02 1.37E-06 1.18E-02 1.92E-01 2.49E-01 1.222E+00
6.900E-05 4.14E-02 5.19E-02 8.04E-04 6.82E-01 7.06E-03 3.53E-07 1.12E-02 1.46E-06 1.22E-02 1.92E-01 2.47E-01 1.245E+00
6.800E-05 4.20E-02 5.24E-02 8.39E-04 7.06E-01 7.22E-03 3.74E-07 1.13E-02 1.54E-06 1.26E-02 1.92E-01 2.45E-01 1.270E+00
6.700E-05 4.27E-02 5.29E-02 8.69E-04 7.30E-01 7.37E-03 3.96E-07 1.15E-02 1.64E-06 1.31E-02 1.93E-01 2.43E-01 1.295E+00
6.600E-05 4.34E-02 5.33E-02 9.05E-04 7.56E-01 7.54E-03 4.20E-07 1.17E-02 1.74E-06 1.36E-02 1.93E-01 2.42E-01 1.321E+00
6.500E-05 4.40E-02 5.37E-02 9.23E-04 7.82E-01 7.71E-03 4.45E-07 1.18E-02 1.85E-06 1.41E-02 1.94E-01 2.40E-01 1.348E+00
6.400E-05 4.48E-02 5.41E-02 9.46E-04 8.09E-01 7.90E-03 4.73E-07 1.20E-02 1.97E-06 1.46E-02 1.94E-01 2.38E-01 1.375E+00
6.300E-05 4.55E-02 5.45E-02 9.76E-04 8.37E-01 8.09E-03 5.04E-07 1.22E-02 2.10E-06 1.51E-02 1.94E-01 2.36E-01 1.404E+00
6.250E-05 4.59E-02 5.47E-02 9.84E-04 8.51E-01 8.19E-03 5.20E-07 1.23E-02 2.17E-06 1.54E-02 1.94E-01 2.35E-01 1.419E+00
6.200E-05 4.62E-02 5.49E-02 1.01E-03 8.66E-01 8.28E-03 5.36E-07 1.24E-02 2.24E-06 1.57E-02 1.95E-01 2.34E-01 1.434E+00
6.100E-05 4.70E-02 5.52E-02 1.06E-03 8.96E-01 8.49E-03 5.72E-07 1.26E-02 2.39E-06 1.64E-02 1.95E-01 2.32E-01 1.464E+00
6.000E-05 4.78E-02 5.54E-02 1.11E-03 9.28E-01 8.69E-03 6.10E-07 1.28E-02 2.56E-06 1.70E-02 1.95E-01 2.30E-01 1.496E+00
5.900E-05 4.87E-02 5.56E-02 1.15E-03 9.60E-01 8.91E-03 6.51E-07 1.30E-02 2.74E-06 1.77E-02 1.95E-01 2.28E-01 1.529E+00
5.800E-05 4.95E-02 5.57E-02 1.20E-03 9.94E-01 9.13E-03 6.97E-07 1.32E-02 2.93E-06 1.84E-02 1.96E-01 2.26E-01 1.563E+00
5.700E-05 5.04E-02 5.58E-02 1.27E-03 1.03E+00 9.36E-03 7.46E-07 1.34E-02 3.14E-06 1.92E-02 1.96E-01 2.25E-01 1.599E+00
5.600E-05 5.13E-02 5.59E-02 1.33E-03 1.06E+00 9.60E-03 8.00E-07 1.36E-02 3.38E-06 2.01E-02 1.96E-01 2.23E-01 1.636E+00
5.500E-05 5.22E-02 5.58E-02 1.39E-03 1.10E+00 9.85E-03 8.58E-07 1.39E-02 3.63E-06 2.10E-02 1.97E-01 2.21E-01 1.674E+00
5.477E-05 5.24E-02 5.58E-02 1.40E-03 1.11E+00 9.91E-03 8.73E-07 1.39E-02 3.69E-06 3.23E-02 1.97E-01 2.20E-01 1.694E+00
5.400E-05 5.31E-02 5.58E-02 1.44E-03 1.14E+00 1.01E-02 9.24E-07 1.41E-02 3.91E-06 3.35E-02 1.97E-01 2.19E-01 1.725E+00
5.300E-05 5.40E-02 5.57E-02 1.51E-03 1.18E+00 1.05E-02 9.97E-07 1.44E-02 4.22E-06 3.52E-02 1.97E-01 2.17E-01 1.766E+00
5.200E-05 5.49E-02 5.55E-02 1.60E-03 1.22E+00 1.08E-02 1.08E-06 1.46E-02 4.56E-06 3.71E-02 1.97E-01 2.15E-01 1.809E+00
5.100E-05 5.58E-02 5.54E-02 1.70E-03 1.26E+00 1.11E-02 1.16E-06 1.49E-02 4.93E-06 3.91E-02 1.97E-01 2.14E-01 1.852E+00
5.000E-05 5.67E-02 5.52E-02 1.79E-03 1.31E+00 1.14E-02 1.26E-06 1.52E-02 5.35E-06 4.14E-02 1.97E-01 2.12E-01 1.897E+00
4.900E-05 5.75E-02 5.50E-02 1.88E-03 1.35E+00 1.18E-02 1.37E-06 1.55E-02 5.81E-06 4.38E-02 1.97E-01 2.11E-01 1.943E+00
4.880E-05 5.77E-02 5.50E-02 1.90E-03 1.36E+00 1.19E-02 1.39E-06 1.55E-02 5.90E-06 4.43E-02 1.97E-01 2.11E-01 1.952E+00
4.800E-05 5.83E-02 5.48E-02 1.99E-03 1.39E+00 1.22E-02 1.49E-06 1.58E-02 6.32E-06 4.65E-02 1.97E-01 2.09E-01 1.990E+00
4.760E-05 5.87E-02 5.47E-02 2.04E-03 1.41E+00 1.24E-02 1.54E-06 1.59E-02 6.53E-06 4.76E-02 1.97E-01 2.09E-01 2.010E+00
4.700E-05 5.91E-02 5.46E-02 2.11E-03 1.44E+00 1.27E-02 1.62E-06 1.61E-02 6.88E-06 4.94E-02 1.97E-01 2.08E-01 2.039E+00
4.650E-05 5.95E-02 5.45E-02 2.17E-03 1.46E+00 1.30E-02 1.69E-06 1.63E-02 7.19E-06 5.10E-02 1.97E-01 2.08E-01 2.064E+00
4.600E-05 5.99E-02 5.44E-02 2.25E-03 1.49E+00 1.32E-02 1.77E-06 1.64E-02 7.51E-06 5.27E-02 1.97E-01 2.07E-01 2.090E+00
4.550E-05 6.03E-02 5.43E-02 2.34E-03 1.51E+00 1.35E-02 1.85E-06 1.66E-02 7.86E-06 5.44E-02 1.96E-01 2.06E-01 2.116E+00
4.500E-05 6.07E-02 5.42E-02 2.45E-03 1.54E+00 1.37E-02 1.94E-06 1.68E-02 8.22E-06 5.63E-02 1.96E-01 2.06E-01 2.142E+00
4.440E-05 6.11E-02 5.40E-02 2.58E-03 1.56E+00 1.41E-02 2.05E-06 1.70E-02 8.68E-06 5.87E-02 1.96E-01 2.05E-01 2.173E+00
4.350E-05 6.18E-02 5.38E-02 2.82E-03 1.61E+00 1.46E-02 2.23E-06 1.73E-02 9.44E-06 6.25E-02 1.96E-01 2.04E-01 2.222E+00
4.170E-05 6.30E-02 5.35E-02 3.42E-03 1.70E+00 1.58E-02 2.65E-06 1.80E-02 1.12E-05 7.17E-02 1.95E-01 2.03E-01 2.322E+00
4.000E-05 6.42E-02 5.32E-02 4.52E-03 1.78E+00 1.71E-02 3.15E-06 1.87E-02 1.33E-05 8.24E-02 1.94E-01 2.02E-01 2.421E+00
3.850E-05 6.51E-02 5.29E-02 5.98E-03 1.86E+00 1.84E-02 3.69E-06 1.94E-02 1.56E-05 9.43E-02 1.93E-01 2.01E-01 2.509E+00
3.656E-05 6.61E-02 5.25E-02 8.77E-03 1.95E+00 2.01E-02 4.60E-06 2.03E-02 1.94E-05 1.14E-01 1.92E-01 2.00E-01 2.625E+00
3.570E-05 6.66E-02 5.24E-02 1.02E-02 1.99E+00 2.09E-02 5.10E-06 2.07E-02 2.14E-05 1.26E-01 1.92E-01 2.00E-01 2.677E+00
3.330E-05 6.76E-02 5.20E-02 1.53E-02 2.09E+00 2.38E-02 6.98E-06 2.20E-02 2.87E-05 1.69E-01 1.90E-01 2.00E-01 2.828E+00
3.130E-05 6.84E-02 5.17E-02 2.02E-02 2.16E+00 2.73E-02 9.41E-06 2.31E-02 3.73E-05 2.26E-01 1.88E-01 1.99E-01 2.961E+00
3.000E-05 6.87E-02 5.15E-02 2.42E-02 2.19E+00 3.05E-02 1.17E-05 2.39E-02 4.48E-05 2.83E-01 1.87E-01 1.99E-01 3.059E+00
2.940E-05 6.89E-02 5.14E-02 2.61E-02 2.20E+00 3.21E-02 1.29E-05 2.43E-02 4.89E-05 3.17E-01 1.87E-01 1.99E-01 3.109E+00
2.780E-05 6.92E-02 5.11E-02 3.19E-02 2.23E+00 3.76E-02 1.78E-05 2.54E-02 6.24E-05 4.47E-01 1.85E-01 1.99E-01 3.274E+00
2.630E-05 6.93E-02 5.08E-02 3.77E-02 2.24E+00 4.60E-02 2.52E-05 2.64E-02 7.98E-05 6.59E-01 1.84E-01 1.99E-01 3.512E+00
2.500E-05 6.93E-02 5.07E-02 4.45E-02 2.24E+00 5.74E-02 3.68E-05 2.72E-02 1.00E-04 9.82E-01 1.83E-01 1.99E-01 3.855E+00
2.380E-05 6.93E-02 5.06E-02 5.30E-02 2.24E+00 7.91E-02 5.62E-05 2.73E-02 1.26E-04 1.47E+00 1.82E-01 1.99E-01 4.373E+00
2.270E-05 6.92E-02 5.03E-02 6.48E-02 2.25E+00 1.14E-01 8.22E-05 2.84E-02 1.58E-04 2.05E+00 1.81E-01 1.99E-01 5.003E+00
2.170E-05 6.90E-02 5.02E-02 8.06E-02 2.27E+00 1.55E-01 1.07E-04 3.20E-02 1.98E-04 2.33E+00 1.80E-01 1.99E-01 5.365E+00
2.080E-05 6.88E-02 5.01E-02 1.09E-01 2.29E+00 1.60E-01 9.92E-05 3.99E-02 2.46E-04 2.08E+00 1.79E-01 1.99E-01 5.178E+00
2.000E-05 6.85E-02 4.99E-02 3.65E-01 2.07E+00 1.39E-01 7.76E-05 5.08E-02 3.01E-04 1.61E+00 1.78E-01 1.99E-01 4.734E+00
1.920E-05 6.83E-02 5.00E-02 6.61E-01 1.79E+00 1.08E-01 5.33E-05 6.97E-02 3.74E-04 1.17E+00 1.76E-01 1.99E-01 4.296E+00
1.850E-05 6.82E-02 5.04E-02 8.28E-01 1.64E+00 8.45E-02 3.77E-05 9.35E-02 4.58E-04 8.75E-01 1.75E-01 1.99E-01 4.015E+00
1.790E-05 6.83E-02 5.07E-02 1.01E+00 1.46E+00 6.86E-02 2.88E-05 1.19E-01 5.49E-04 6.91E-01 1.74E-01 2.00E-01 3.842E+00
1.720E-05 6.82E-02 5.09E-02 1.13E+00 1.34E+00 5.51E-02 2.29E-05 1.65E-01 6.88E-04 5.37E-01 1.73E-01 2.00E-01 3.723E+00
1.670E-05 6.82E-02 5.12E-02 1.18E+00 1.29E+00 4.72E-02 2.09E-05 2.09E-01 8.13E-04 4.57E-01 1.72E-01 2.01E-01 3.679E+00
1.610E-05 6.83E-02 5.15E-02 1.23E+00 1.25E+00 3.98E-02 2.12E-05 2.84E-01 1.00E-03 3.86E-01 1.70E-01 2.02E-01 3.675E+00
1.560E-05 6.83E-02 5.17E-02 1.25E+00 1.22E+00 3.49E-02 2.39E-05 3.71E-01 1.20E-03 3.43E-01 1.69E-01 2.02E-01 3.713E+00
1.520E-05 6.83E-02 5.19E-02 1.27E+00 1.20E+00 3.17E-02 2.78E-05 4.64E-01 1.38E-03 3.17E-01 1.68E-01 2.03E-01 3.774E+00
1.470E-05 6.82E-02 5.21E-02 1.28E+00 1.18E+00 2.82E-02 3.51E-05 5.98E-01 1.64E-03 2.94E-01 1.67E-01 2.03E-01 3.873E+00
1.430E-05 6.81E-02 5.22E-02 1.29E+00 1.17E+00 2.64E-02 4.39E-05 7.12E-01 1.83E-03 2.84E-01 1.66E-01 2.03E-01 3.967E+00
1.390E-05 6.80E-02 5.22E-02 1.29E+00 1.16E+00 2.57E-02 5.58E-05 8.01E-01 2.03E-03 2.79E-01 1.66E-01 2.03E-01 4.040E+00
1.350E-05 6.78E-02 5.22E-02 1.29E+00 1.14E+00 2.56E-02 7.16E-05 8.85E-01 2.27E-03 2.81E-01 1.65E-01 2.03E-01 4.114E+00
1.320E-05 6.76E-02 5.22E-02 1.29E+00 1.13E+00 2.61E-02 8.70E-05 9.51E-01 2.49E-03 2.87E-01 1.65E-01 2.03E-01 4.175E+00
1.280E-05 6.74E-02 5.23E-02 1.29E+00 1.12E+00 2.78E-02 1.14E-04 1.05E+00 2.83E-03 3.03E-01 1.64E-01 2.03E-01 4.274E+00
1.250E-05 6.72E-02 5.24E-02 1.28E+00 1.12E+00 3.02E-02 1.41E-04 1.12E+00 3.14E-03 3.22E-01 1.64E-01 2.03E-01 4.367E+00
1.220E-05 6.70E-02 5.25E-02 1.28E+00 1.12E+00 3.37E-02 1.74E-04 1.21E+00 3.49E-03 3.48E-01 1.64E-01 2.03E-01 4.479E+00
1.190E-05 6.67E-02 5.25E-02 1.28E+00 1.13E+00 3.84E-02 2.16E-04 1.31E+00 3.92E-03 3.84E-01 1.63E-01 2.03E-01 4.624E+00
1.160E-05 6.64E-02 5.25E-02 1.28E+00 1.13E+00 4.38E-02 2.69E-04 1.41E+00 4.42E-03 4.32E-01 1.62E-01 2.03E-01 4.791E+00
1.140E-05 6.61E-02 5.24E-02 1.28E+00 1.13E+00 4.83E-02 3.17E-04 1.49E+00 4.80E-03 4.74E-01 1.62E-01 2.03E-01 4.917E+00
1.110E-05 6.57E-02 5.23E-02 1.28E+00 1.14E+00 5.53E-02 4.14E-04 1.62E+00 5.48E-03 5.54E-01 1.61E-01 2.03E-01 5.138E+00
1.080E-05 6.52E-02 5.22E-02 1.28E+00 1.14E+00 7.46E-02 5.51E-04 1.78E+00 6.32E-03 6.64E-01 1.61E-01 2.03E-01 5.426E+00
1.050E-05 6.47E-02 5.21E-02 1.27E+00 1.14E+00 9.94E-02 7.15E-04 1.98E+00 7.39E-03 8.14E-01 1.60E-01 2.04E-01 5.798E+00
1.030E-05 6.44E-02 5.20E-02 1.27E+00 1.15E+00 1.19E-01 8.19E-04 2.16E+00 8.23E-03 9.43E-01 1.59E-01 2.04E-01 6.131E+00
1.000E-05 6.38E-02 5.18E-02 1.27E+00 1.15E+00 1.45E-01 1.00E-03 2.43E+00 9.45E-03 1.19E+00 1.59E-01 2.04E-01 6.665E+00
9.750E-06 6.33E-02 5.16E-02 1.26E+00 1.15E+00 1.77E-01 1.24E-03 2.64E+00 1.05E-02 1.43E+00 1.58E-01 2.04E-01 7.153E+00
9.500E-06 6.27E-02 5.15E-02 1.26E+00 1.16E+00 2.12E-01 1.47E-03 2.87E+00 1.17E-02 1.68E+00 1.58E-01 2.04E-01 7.666E+00
9.250E-06 6.22E-02 5.12E-02 1.25E+00 1.16E+00 2.40E-01 1.64E-03 3.10E+00 1.29E-02 1.87E+00 1.57E-01 2.04E-01 8.107E+00
9.080E-06 6.18E-02 5.11E-02 1.24E+00 1.15E+00 2.57E-01 1.76E-03 3.23E+00 1.35E-02 1.91E+00 1.57E-01 2.03E-01 8.279E+00
