 # Optical depth (Siebenmorgen 2023, A&A 670A,115; SC 2023 doi: 10.48550/arXiv.2311.03310)
 # wel(cm) sa_aC    ss_aC    sa_Si    ss_Si    sa_vgr   ss_vgr   sa_vsi   ss_vsi   s_pahS+B sa_Dark  ss_Dark sigt 
 # ------------------------------------------------------------------------------------------------------------- 
1.000E+00 1.50E-07 1.70E-16 6.23E-07 1.48E-16 2.40E-09 2.02E-23 1.40E-07 2.10E-22 2.40E-11 2.49E-06 5.35E-13 3.401E-06
9.000E-01 1.76E-07 2.59E-16 7.35E-07 2.26E-16 3.06E-09 3.08E-23 1.66E-07 3.21E-22 2.96E-11 2.90E-06 8.15E-13 3.976E-06
8.000E-01 2.10E-07 4.14E-16 8.85E-07 3.61E-16 4.00E-09 4.94E-23 2.02E-07 5.13E-22 3.74E-11 3.44E-06 1.30E-12 4.738E-06
7.000E-01 2.57E-07 7.06E-16 1.09E-06 6.16E-16 5.36E-09 8.43E-23 2.49E-07 8.75E-22 4.89E-11 4.17E-06 2.22E-12 5.778E-06
6.000E-01 3.26E-07 1.31E-15 1.40E-06 1.14E-15 7.44E-09 1.56E-22 3.20E-07 1.62E-21 6.66E-11 5.23E-06 4.11E-12 7.281E-06
5.500E-01 3.73E-07 1.85E-15 1.61E-06 1.62E-15 8.91E-09 2.21E-22 3.69E-07 2.30E-21 7.92E-11 5.94E-06 5.82E-12 8.300E-06
5.000E-01 4.32E-07 2.71E-15 1.87E-06 2.37E-15 1.08E-08 3.24E-22 4.28E-07 3.36E-21 9.58E-11 6.84E-06 8.52E-12 9.580E-06
4.500E-01 5.09E-07 4.13E-15 2.21E-06 3.61E-15 1.33E-08 4.93E-22 5.10E-07 5.12E-21 1.18E-10 8.00E-06 1.30E-11 1.124E-05
4.000E-01 6.11E-07 6.61E-15 2.67E-06 5.78E-15 1.67E-08 7.90E-22 6.13E-07 8.20E-21 1.50E-10 9.53E-06 2.07E-11 1.344E-05
3.500E-01 7.54E-07 1.13E-14 3.32E-06 9.86E-15 2.13E-08 1.35E-21 7.67E-07 1.40E-20 1.96E-10 1.16E-05 3.53E-11 1.650E-05
3.000E-01 9.63E-07 2.09E-14 4.25E-06 1.83E-14 2.81E-08 2.50E-21 9.74E-07 2.59E-20 2.66E-10 1.47E-05 6.53E-11 2.089E-05
2.500E-01 1.29E-06 4.33E-14 5.72E-06 3.79E-14 3.83E-08 5.18E-21 1.31E-06 5.37E-20 3.83E-10 1.94E-05 1.35E-10 2.771E-05
2.098E-01 1.72E-06 8.72E-14 7.60E-06 7.64E-14 5.10E-08 1.04E-20 1.74E-06 1.08E-19 5.44E-10 2.53E-05 2.72E-10 3.642E-05
1.500E-01 2.98E-06 3.33E-13 1.32E-05 2.93E-13 9.73E-08 4.00E-20 2.98E-06 4.13E-19 1.06E-09 4.26E-05 1.04E-09 6.183E-05
1.382E-01 3.42E-06 4.62E-13 1.50E-05 4.06E-13 1.15E-07 5.55E-20 3.41E-06 5.73E-19 1.25E-09 4.85E-05 1.44E-09 7.049E-05
1.320E-01 3.70E-06 5.56E-13 1.62E-05 4.88E-13 1.25E-07 6.66E-20 3.67E-06 6.89E-19 1.38E-09 5.21E-05 1.72E-09 7.586E-05
1.150E-01 4.67E-06 9.64E-13 2.04E-05 8.46E-13 1.65E-07 1.16E-19 4.59E-06 1.19E-18 1.81E-09 6.49E-05 2.99E-09 9.471E-05
1.000E-01 5.94E-06 1.69E-12 2.56E-05 1.48E-12 2.16E-07 2.02E-19 5.73E-06 2.09E-18 2.40E-09 8.13E-05 5.21E-09 1.188E-04
9.970E-02 5.97E-06 1.71E-12 2.57E-05 1.50E-12 2.17E-07 2.05E-19 5.76E-06 2.11E-18 2.41E-09 8.17E-05 5.28E-09 1.194E-04
8.670E-02 7.52E-06 2.98E-12 3.24E-05 2.62E-12 2.87E-07 3.58E-19 7.23E-06 3.70E-18 3.19E-09 1.02E-04 9.21E-09 1.492E-04
8.500E-02 7.79E-06 3.23E-12 3.35E-05 2.84E-12 2.99E-07 3.87E-19 7.46E-06 4.00E-18 3.32E-09 1.05E-04 9.97E-09 1.543E-04
7.500E-02 9.89E-06 5.33E-12 4.12E-05 4.69E-12 3.80E-07 6.39E-19 9.11E-06 6.60E-18 4.26E-09 1.31E-04 1.64E-08 1.920E-04
6.000E-02 1.46E-05 1.30E-11 5.95E-05 1.15E-11 5.84E-07 1.56E-18 1.32E-05 1.61E-17 6.66E-09 1.87E-04 3.99E-08 2.749E-04
5.500E-02 1.69E-05 1.84E-11 6.67E-05 1.64E-11 6.88E-07 2.21E-18 1.54E-05 2.28E-17 7.92E-09 2.16E-04 5.65E-08 3.156E-04
5.000E-02 2.01E-05 2.70E-11 8.25E-05 2.41E-11 8.21E-07 3.23E-18 1.84E-05 3.34E-17 9.59E-09 2.56E-04 8.27E-08 3.780E-04
4.500E-02 2.47E-05 4.12E-11 1.09E-04 3.70E-11 1.00E-06 4.93E-18 2.24E-05 5.10E-17 1.18E-08 3.13E-04 1.26E-07 4.705E-04
4.000E-02 3.18E-05 6.61E-11 1.46E-04 5.99E-11 1.25E-06 7.89E-18 2.84E-05 8.18E-17 1.50E-08 3.93E-04 2.01E-07 6.011E-04
3.500E-02 3.98E-05 1.13E-10 2.22E-04 1.03E-10 1.60E-06 1.35E-17 3.75E-05 1.40E-16 1.96E-08 4.86E-04 3.43E-07 7.871E-04
3.000E-02 5.62E-05 2.10E-10 3.46E-04 1.92E-10 2.13E-06 2.49E-17 5.27E-05 2.59E-16 2.67E-08 6.67E-04 6.33E-07 1.125E-03
2.750E-02 6.71E-05 2.97E-10 4.36E-04 2.72E-10 2.51E-06 3.53E-17 6.43E-05 3.68E-16 3.17E-08 7.80E-04 8.94E-07 1.351E-03
2.500E-02 8.08E-05 4.36E-10 5.55E-04 3.98E-10 3.00E-06 5.18E-17 8.06E-05 5.38E-16 3.84E-08 9.33E-04 1.31E-06 1.654E-03
2.400E-02 8.87E-05 5.14E-10 6.14E-04 4.68E-10 3.25E-06 6.10E-17 8.80E-05 6.34E-16 4.17E-08 1.00E-03 1.54E-06 1.800E-03
2.000E-02 1.30E-04 1.07E-09 9.57E-04 9.54E-10 4.60E-06 1.27E-16 1.27E-04 1.31E-15 6.01E-08 1.42E-03 3.17E-06 2.638E-03
1.800E-02 1.62E-04 1.65E-09 1.19E-03 1.43E-09 5.65E-06 1.93E-16 1.58E-04 2.00E-15 7.43E-08 1.74E-03 4.84E-06 3.257E-03
1.600E-02 2.15E-04 2.66E-09 1.48E-03 2.25E-09 7.16E-06 3.10E-16 2.02E-04 3.21E-15 9.41E-08 2.20E-03 7.70E-06 4.104E-03
1.500E-02 2.56E-04 3.46E-09 1.66E-03 2.87E-09 8.15E-06 4.02E-16 2.29E-04 4.16E-15 1.07E-07 2.49E-03 9.91E-06 4.654E-03
1.400E-02 2.91E-04 4.56E-09 1.86E-03 3.73E-09 9.41E-06 5.30E-16 2.65E-04 5.48E-15 1.23E-07 2.78E-03 1.30E-05 5.219E-03
1.200E-02 4.44E-04 8.55E-09 2.37E-03 6.69E-09 1.31E-05 9.86E-16 3.63E-04 1.02E-14 1.68E-07 3.76E-03 2.38E-05 6.978E-03
1.000E-02 6.74E-04 1.80E-08 3.13E-03 1.32E-08 1.98E-05 2.06E-15 5.30E-04 2.11E-14 2.43E-07 5.19E-03 4.89E-05 9.589E-03
9.000E-03 8.97E-04 2.77E-08 3.56E-03 1.97E-08 2.54E-05 3.16E-15 6.61E-04 3.22E-14 3.01E-07 6.36E-03 7.38E-05 1.158E-02
8.000E-03 1.19E-03 4.36E-08 4.14E-03 3.11E-08 3.40E-05 5.10E-15 8.48E-04 5.16E-14 3.83E-07 7.61E-03 1.16E-04 1.394E-02
7.500E-03 1.39E-03 5.71E-08 4.58E-03 4.01E-08 4.01E-05 6.63E-15 9.73E-04 6.68E-14 4.37E-07 8.64E-03 1.50E-04 1.578E-02
7.000E-03 1.68E-03 7.48E-08 5.14E-03 5.24E-08 4.82E-05 8.79E-15 1.13E-03 8.81E-14 5.04E-07 9.77E-03 1.95E-04 1.796E-02
6.000E-03 2.41E-03 1.36E-07 6.59E-03 9.57E-08 7.42E-05 1.66E-14 1.57E-03 1.63E-13 6.93E-07 1.28E-02 3.55E-04 2.378E-02
5.000E-03 3.44E-03 2.66E-07 9.36E-03 1.95E-07 1.30E-04 3.52E-14 2.31E-03 3.37E-13 1.02E-06 1.74E-02 7.19E-04 3.332E-02
4.500E-03 4.24E-03 3.86E-07 1.14E-02 2.91E-07 1.84E-04 5.42E-14 2.89E-03 5.10E-13 1.28E-06 2.09E-02 1.07E-03 4.069E-02
4.000E-03 5.05E-03 5.74E-07 1.43E-02 4.36E-07 2.69E-04 8.64E-14 3.69E-03 8.09E-13 1.66E-06 2.53E-02 1.67E-03 5.027E-02
3.500E-03 6.10E-03 9.08E-07 1.76E-02 6.88E-07 3.74E-04 1.38E-13 4.81E-03 1.36E-12 2.28E-06 3.17E-02 2.76E-03 6.335E-02
3.000E-03 7.53E-03 1.50E-06 2.17E-02 1.10E-06 3.95E-04 2.16E-13 6.57E-03 2.49E-12 3.42E-06 4.10E-02 4.79E-03 8.202E-02
2.750E-03 8.26E-03 1.97E-06 2.37E-02 1.42E-06 3.40E-04 2.78E-13 7.89E-03 3.47E-12 4.56E-06 4.70E-02 6.38E-03 9.364E-02
2.500E-03 8.91E-03 2.63E-06 2.60E-02 1.86E-06 2.68E-04 3.83E-13 9.70E-03 5.00E-12 7.36E-06 5.40E-02 8.56E-03 1.074E-01
2.400E-03 9.24E-03 3.00E-06 2.69E-02 2.09E-06 2.41E-04 4.44E-13 1.06E-02 5.80E-12 1.01E-05 5.71E-02 9.59E-03 1.136E-01
2.350E-03 9.44E-03 3.20E-06 2.74E-02 2.22E-06 2.27E-04 4.81E-13 1.11E-02 6.26E-12 1.19E-05 5.87E-02 1.01E-02 1.170E-01
2.320E-03 9.55E-03 3.33E-06 2.77E-02 2.30E-06 2.20E-04 5.05E-13 1.14E-02 6.56E-12 1.28E-05 5.97E-02 1.05E-02 1.191E-01
2.310E-03 9.59E-03 3.38E-06 2.79E-02 2.33E-06 2.17E-04 5.14E-13 1.15E-02 6.66E-12 1.30E-05 6.00E-02 1.06E-02 1.197E-01
2.300E-03 9.63E-03 3.42E-06 2.80E-02 2.36E-06 2.15E-04 5.22E-13 1.16E-02 6.77E-12 1.32E-05 6.03E-02 1.07E-02 1.204E-01
2.250E-03 9.79E-03 3.66E-06 2.86E-02 2.51E-06 2.03E-04 5.69E-13 1.21E-02 7.35E-12 1.37E-05 6.21E-02 1.13E-02 1.241E-01
2.200E-03 9.95E-03 3.92E-06 2.93E-02 2.68E-06 1.93E-04 6.22E-13 1.28E-02 7.96E-12 1.44E-05 6.38E-02 1.19E-02 1.279E-01
2.150E-03 1.01E-02 4.21E-06 3.01E-02 2.85E-06 1.83E-04 6.81E-13 1.35E-02 8.60E-12 1.57E-05 6.54E-02 1.25E-02 1.318E-01
2.120E-03 1.03E-02 4.40E-06 3.05E-02 2.94E-06 1.77E-04 7.20E-13 1.39E-02 9.02E-12 1.64E-05 6.65E-02 1.28E-02 1.342E-01
2.110E-03 1.03E-02 4.45E-06 3.06E-02 2.98E-06 1.75E-04 7.34E-13 1.40E-02 9.17E-12 1.65E-05 6.68E-02 1.30E-02 1.350E-01
2.100E-03 1.03E-02 4.51E-06 3.08E-02 3.01E-06 1.73E-04 7.48E-13 1.42E-02 9.32E-12 1.65E-05 6.71E-02 1.31E-02 1.357E-01
2.080E-03 1.04E-02 4.63E-06 3.10E-02 3.07E-06 1.70E-04 7.77E-13 1.45E-02 9.61E-12 1.64E-05 6.77E-02 1.33E-02 1.371E-01
2.000E-03 1.06E-02 5.23E-06 3.20E-02 3.31E-06 1.57E-04 9.11E-13 1.59E-02 1.09E-11 1.57E-05 7.02E-02 1.42E-02 1.431E-01
1.950E-03 1.07E-02 5.67E-06 3.24E-02 3.44E-06 1.51E-04 1.01E-12 1.68E-02 1.16E-11 1.69E-05 7.14E-02 1.46E-02 1.462E-01
1.900E-03 1.09E-02 6.19E-06 3.26E-02 3.52E-06 1.45E-04 1.12E-12 1.75E-02 1.21E-11 2.03E-05 7.23E-02 1.49E-02 1.484E-01
1.850E-03 1.12E-02 6.77E-06 3.24E-02 3.57E-06 1.39E-04 1.25E-12 1.79E-02 1.24E-11 2.59E-05 7.24E-02 1.51E-02 1.491E-01
1.830E-03 1.13E-02 7.01E-06 3.22E-02 3.57E-06 1.37E-04 1.31E-12 1.80E-02 1.25E-11 2.79E-05 7.23E-02 1.51E-02 1.490E-01
1.820E-03 1.13E-02 7.12E-06 3.21E-02 3.57E-06 1.36E-04 1.34E-12 1.80E-02 1.25E-11 2.86E-05 7.22E-02 1.51E-02 1.488E-01
1.810E-03 1.14E-02 7.25E-06 3.19E-02 3.56E-06 1.36E-04 1.37E-12 1.79E-02 1.25E-11 2.90E-05 7.20E-02 1.51E-02 1.486E-01
1.800E-03 1.14E-02 7.39E-06 3.17E-02 3.55E-06 1.35E-04 1.40E-12 1.79E-02 1.26E-11 2.92E-05 7.19E-02 1.52E-02 1.483E-01
1.750E-03 1.17E-02 8.08E-06 3.04E-02 3.46E-06 1.31E-04 1.57E-12 1.74E-02 1.26E-11 2.99E-05 7.09E-02 1.54E-02 1.460E-01
1.700E-03 1.18E-02 8.85E-06 2.81E-02 3.32E-06 1.28E-04 1.77E-12 1.66E-02 1.27E-11 3.64E-05 6.94E-02 1.57E-02 1.419E-01
1.670E-03 1.20E-02 9.43E-06 2.64E-02 3.23E-06 1.26E-04 1.90E-12 1.60E-02 1.29E-11 4.28E-05 6.86E-02 1.61E-02 1.392E-01
1.650E-03 1.21E-02 9.84E-06 2.50E-02 3.17E-06 1.25E-04 1.99E-12 1.55E-02 1.30E-11 4.51E-05 6.81E-02 1.64E-02 1.373E-01
1.640E-03 1.22E-02 1.00E-05 2.43E-02 3.15E-06 1.25E-04 2.04E-12 1.52E-02 1.31E-11 4.50E-05 6.78E-02 1.65E-02 1.363E-01
1.630E-03 1.23E-02 1.02E-05 2.35E-02 3.14E-06 1.25E-04 2.10E-12 1.50E-02 1.32E-11 4.41E-05 6.75E-02 1.67E-02 1.352E-01
1.610E-03 1.24E-02 1.06E-05 2.19E-02 3.13E-06 1.24E-04 2.20E-12 1.45E-02 1.35E-11 4.14E-05 6.70E-02 1.71E-02 1.330E-01
1.600E-03 1.25E-02 1.09E-05 2.10E-02 3.14E-06 1.24E-04 2.26E-12 1.42E-02 1.37E-11 4.01E-05 6.68E-02 1.73E-02 1.319E-01
1.590E-03 1.25E-02 1.11E-05 2.02E-02 3.16E-06 1.23E-04 2.32E-12 1.39E-02 1.39E-11 3.92E-05 6.65E-02 1.75E-02 1.309E-01
1.580E-03 1.26E-02 1.13E-05 1.93E-02 3.20E-06 1.23E-04 2.38E-12 1.37E-02 1.42E-11 3.85E-05 6.63E-02 1.78E-02 1.298E-01
1.570E-03 1.26E-02 1.15E-05 1.84E-02 3.26E-06 1.23E-04 2.44E-12 1.34E-02 1.44E-11 3.80E-05 6.60E-02 1.81E-02 1.288E-01
1.560E-03 1.27E-02 1.18E-05 1.76E-02 3.35E-06 1.23E-04 2.51E-12 1.32E-02 1.47E-11 3.72E-05 6.59E-02 1.84E-02 1.279E-01
1.540E-03 1.29E-02 1.23E-05 1.62E-02 3.60E-06 1.23E-04 2.64E-12 1.27E-02 1.54E-11 3.64E-05 6.56E-02 1.90E-02 1.265E-01
1.520E-03 1.30E-02 1.28E-05 1.50E-02 3.94E-06 1.22E-04 2.79E-12 1.22E-02 1.63E-11 3.84E-05 6.53E-02 1.97E-02 1.254E-01
1.510E-03 1.31E-02 1.30E-05 1.46E-02 4.15E-06 1.22E-04 2.86E-12 1.20E-02 1.67E-11 3.96E-05 6.51E-02 2.01E-02 1.251E-01
1.500E-03 1.31E-02 1.32E-05 1.43E-02 4.38E-06 1.22E-04 2.94E-12 1.18E-02 1.73E-11 3.99E-05 6.50E-02 2.05E-02 1.249E-01
1.450E-03 1.33E-02 1.48E-05 1.36E-02 5.68E-06 1.23E-04 3.38E-12 1.09E-02 2.09E-11 5.03E-05 6.53E-02 2.33E-02 1.266E-01
1.440E-03 1.34E-02 1.51E-05 1.36E-02 5.97E-06 1.23E-04 3.47E-12 1.07E-02 2.18E-11 5.56E-05 6.55E-02 2.40E-02 1.273E-01
1.430E-03 1.34E-02 1.55E-05 1.36E-02 6.25E-06 1.24E-04 3.57E-12 1.07E-02 2.30E-11 6.00E-05 6.59E-02 2.47E-02 1.286E-01
1.420E-03 1.35E-02 1.58E-05 1.36E-02 6.55E-06 1.24E-04 3.68E-12 1.06E-02 2.42E-11 6.24E-05 6.64E-02 2.55E-02 1.298E-01
1.400E-03 1.36E-02 1.66E-05 1.36E-02 7.18E-06 1.25E-04 3.89E-12 1.07E-02 2.69E-11 6.80E-05 6.77E-02 2.72E-02 1.330E-01
1.380E-03 1.38E-02 1.74E-05 1.36E-02 7.86E-06 1.26E-04 4.13E-12 1.10E-02 3.00E-11 8.56E-05 6.94E-02 2.88E-02 1.368E-01
1.370E-03 1.38E-02 1.78E-05 1.36E-02 8.23E-06 1.26E-04 4.25E-12 1.13E-02 3.17E-11 1.02E-04 7.05E-02 2.96E-02 1.391E-01
1.360E-03 1.39E-02 1.83E-05 1.36E-02 8.62E-06 1.27E-04 4.38E-12 1.17E-02 3.35E-11 1.18E-04 7.16E-02 3.04E-02 1.415E-01
1.350E-03 1.40E-02 1.87E-05 1.37E-02 9.04E-06 1.27E-04 4.51E-12 1.20E-02 3.54E-11 1.26E-04 7.28E-02 3.12E-02 1.439E-01
1.340E-03 1.41E-02 1.92E-05 1.37E-02 9.47E-06 1.28E-04 4.65E-12 1.24E-02 3.72E-11 1.36E-04 7.39E-02 3.18E-02 1.463E-01
1.330E-03 1.42E-02 1.97E-05 1.38E-02 9.94E-06 1.28E-04 4.80E-12 1.28E-02 3.91E-11 1.58E-04 7.51E-02 3.24E-02 1.487E-01
1.320E-03 1.43E-02 2.01E-05 1.39E-02 1.04E-05 1.29E-04 4.94E-12 1.33E-02 4.11E-11 1.94E-04 7.62E-02 3.31E-02 1.511E-01
1.310E-03 1.44E-02 2.06E-05 1.40E-02 1.10E-05 1.30E-04 5.10E-12 1.38E-02 4.32E-11 2.54E-04 7.74E-02 3.36E-02 1.535E-01
1.290E-03 1.44E-02 2.15E-05 1.44E-02 1.21E-05 1.31E-04 5.43E-12 1.48E-02 4.76E-11 5.22E-04 7.96E-02 3.47E-02 1.585E-01
1.280E-03 1.45E-02 2.20E-05 1.45E-02 1.27E-05 1.32E-04 5.60E-12 1.54E-02 5.00E-11 7.66E-04 8.08E-02 3.52E-02 1.613E-01
1.270E-03 1.45E-02 2.26E-05 1.47E-02 1.34E-05 1.33E-04 5.78E-12 1.60E-02 5.24E-11 9.26E-04 8.20E-02 3.57E-02 1.640E-01
1.260E-03 1.46E-02 2.32E-05 1.48E-02 1.42E-05 1.34E-04 5.97E-12 1.67E-02 5.49E-11 7.99E-04 8.32E-02 3.62E-02 1.664E-01
1.250E-03 1.47E-02 2.38E-05 1.52E-02 1.51E-05 1.35E-04 6.16E-12 1.73E-02 5.75E-11 5.90E-04 8.43E-02 3.65E-02 1.687E-01
1.220E-03 1.50E-02 2.59E-05 1.72E-02 1.87E-05 1.38E-04 6.80E-12 1.95E-02 6.58E-11 4.61E-04 8.78E-02 3.76E-02 1.777E-01
1.210E-03 1.50E-02 2.66E-05 1.88E-02 2.01E-05 1.39E-04 7.03E-12 2.03E-02 6.89E-11 5.30E-04 8.89E-02 3.79E-02 1.816E-01
1.200E-03 1.51E-02 2.73E-05 2.07E-02 2.15E-05 1.40E-04 7.28E-12 2.12E-02 7.22E-11 5.86E-04 9.00E-02 3.81E-02 1.859E-01
1.190E-03 1.52E-02 2.81E-05 2.29E-02 2.27E-05 1.41E-04 7.53E-12 2.21E-02 7.55E-11 5.86E-04 9.12E-02 3.84E-02 1.905E-01
1.180E-03 1.53E-02 2.89E-05 2.51E-02 2.38E-05 1.42E-04 7.80E-12 2.30E-02 7.87E-11 5.82E-04 9.22E-02 3.84E-02 1.948E-01
1.170E-03 1.54E-02 2.97E-05 2.71E-02 2.47E-05 1.43E-04 8.08E-12 2.40E-02 8.20E-11 6.47E-04 9.32E-02 3.85E-02 1.991E-01
1.160E-03 1.55E-02 3.05E-05 2.89E-02 2.54E-05 1.45E-04 8.42E-12 2.49E-02 8.54E-11 8.33E-04 9.41E-02 3.86E-02 2.031E-01
1.150E-03 1.56E-02 3.12E-05 3.04E-02 2.60E-05 2.04E-04 8.32E-12 2.58E-02 8.89E-11 1.21E-03 9.49E-02 3.87E-02 2.069E-01
1.140E-03 1.56E-02 3.20E-05 3.18E-02 2.66E-05 1.51E-04 8.87E-12 2.69E-02 9.28E-11 1.83E-03 9.58E-02 3.88E-02 2.109E-01
1.130E-03 1.57E-02 3.29E-05 3.30E-02 2.72E-05 1.51E-04 9.21E-12 2.80E-02 9.70E-11 2.23E-03 9.67E-02 3.89E-02 2.147E-01
1.120E-03 1.57E-02 3.38E-05 3.41E-02 2.79E-05 1.52E-04 9.56E-12 2.91E-02 1.01E-10 1.79E-03 9.76E-02 3.89E-02 2.175E-01
1.110E-03 1.58E-02 3.48E-05 3.52E-02 2.85E-05 1.53E-04 9.92E-12 3.04E-02 1.06E-10 1.14E-03 9.84E-02 3.89E-02 2.200E-01
1.090E-03 1.59E-02 3.69E-05 3.74E-02 2.98E-05 1.56E-04 1.07E-11 3.30E-02 1.15E-10 4.76E-04 1.00E-01 3.88E-02 2.257E-01
1.050E-03 1.63E-02 4.21E-05 4.12E-02 3.21E-05 1.64E-04 1.24E-11 3.99E-02 1.36E-10 1.59E-04 1.03E-01 3.79E-02 2.388E-01
1.000E-03 1.69E-02 4.97E-05 4.51E-02 3.40E-05 1.74E-04 1.51E-11 4.61E-02 1.46E-10 8.19E-05 1.03E-01 3.51E-02 2.463E-01
9.800E-04 1.72E-02 5.32E-05 4.59E-02 3.38E-05 1.79E-04 1.64E-11 4.84E-02 1.50E-10 7.16E-05 1.03E-01 3.41E-02 2.483E-01
9.600E-04 1.74E-02 5.71E-05 4.57E-02 3.30E-05 1.85E-04 1.78E-11 5.06E-02 1.51E-10 6.66E-05 1.02E-01 3.25E-02 2.482E-01
9.500E-04 1.76E-02 5.91E-05 4.51E-02 3.24E-05 1.87E-04 1.86E-11 5.11E-02 1.48E-10 6.57E-05 1.01E-01 3.14E-02 2.463E-01
9.400E-04 1.77E-02 6.10E-05 4.43E-02 3.17E-05 1.90E-04 1.94E-11 5.10E-02 1.42E-10 6.59E-05 9.92E-02 3.01E-02 2.427E-01
9.200E-04 1.80E-02 6.51E-05 4.22E-02 3.04E-05 1.96E-04 2.11E-11 4.75E-02 1.18E-10 7.04E-05 9.46E-02 2.73E-02 2.299E-01
8.900E-04 1.84E-02 7.28E-05 3.74E-02 2.84E-05 2.07E-04 2.41E-11 3.75E-02 7.56E-11 1.01E-04 8.60E-02 2.39E-02 2.037E-01
8.700E-04 1.86E-02 7.78E-05 3.38E-02 2.79E-05 2.14E-04 2.64E-11 3.12E-02 5.61E-11 2.22E-04 8.08E-02 2.29E-02 1.878E-01
8.600E-04 1.88E-02 8.10E-05 3.21E-02 2.79E-05 2.18E-04 2.77E-11 2.87E-02 4.95E-11 3.33E-04 7.88E-02 2.28E-02 1.818E-01
8.500E-04 1.89E-02 8.39E-05 3.03E-02 2.79E-05 2.22E-04 2.90E-11 2.64E-02 4.42E-11 2.39E-04 7.68E-02 2.27E-02 1.756E-01
8.400E-04 1.91E-02 8.75E-05 2.82E-02 2.79E-05 2.26E-04 3.04E-11 2.41E-02 3.86E-11 1.73E-04 7.48E-02 2.26E-02 1.693E-01
8.200E-04 1.93E-02 9.34E-05 2.35E-02 2.86E-05 2.35E-04 3.35E-11 1.86E-02 2.77E-11 1.76E-04 6.94E-02 2.26E-02 1.539E-01
8.000E-04 1.95E-02 1.01E-04 1.90E-02 3.16E-05 2.44E-04 3.69E-11 1.27E-02 2.14E-11 2.56E-04 6.38E-02 2.41E-02 1.398E-01
7.900E-04 1.97E-02 1.06E-04 1.72E-02 3.40E-05 2.49E-04 3.88E-11 1.07E-02 2.30E-11 3.18E-04 6.23E-02 2.59E-02 1.365E-01
7.800E-04 1.98E-02 1.09E-04 1.58E-02 3.67E-05 2.54E-04 4.08E-11 8.70E-03 2.61E-11 3.79E-04 6.05E-02 2.78E-02 1.334E-01
7.700E-04 1.99E-02 1.14E-04 1.46E-02 3.98E-05 2.59E-04 4.30E-11 7.16E-03 3.11E-11 4.07E-04 5.93E-02 3.01E-02 1.318E-01
7.600E-04 1.99E-02 1.18E-04 1.35E-02 4.31E-05 2.65E-04 4.53E-11 6.08E-03 3.79E-11 3.79E-04 5.86E-02 3.27E-02 1.316E-01
7.500E-04 2.00E-02 1.23E-04 1.26E-02 4.68E-05 2.70E-04 4.77E-11 5.10E-03 4.61E-11 3.14E-04 5.80E-02 3.54E-02 1.318E-01
7.300E-04 2.02E-02 1.35E-04 1.12E-02 5.54E-05 2.82E-04 5.32E-11 4.28E-03 6.58E-11 1.97E-04 5.85E-02 4.09E-02 1.358E-01
7.200E-04 2.03E-02 1.40E-04 1.07E-02 6.02E-05 2.88E-04 5.62E-11 4.14E-03 7.61E-11 1.65E-04 5.89E-02 4.33E-02 1.380E-01
7.100E-04 2.03E-02 1.47E-04 1.04E-02 6.52E-05 2.95E-04 5.94E-11 4.01E-03 8.75E-11 1.62E-04 5.93E-02 4.59E-02 1.407E-01
7.000E-04 2.05E-02 1.54E-04 1.01E-02 7.02E-05 3.01E-04 6.28E-11 3.97E-03 9.91E-11 2.23E-04 6.00E-02 4.82E-02 1.436E-01
6.900E-04 2.06E-02 1.60E-04 9.75E-03 7.55E-05 3.08E-04 6.65E-11 3.95E-03 1.12E-10 1.33E-04 6.04E-02 5.03E-02 1.457E-01
6.800E-04 2.03E-02 1.66E-04 9.23E-03 8.12E-05 3.16E-04 7.05E-11 3.95E-03 1.24E-10 1.04E-04 6.03E-02 5.27E-02 1.473E-01
6.600E-04 2.05E-02 1.87E-04 8.32E-03 9.44E-05 3.32E-04 7.94E-11 3.95E-03 1.53E-10 1.00E-04 6.16E-02 5.79E-02 1.530E-01
6.400E-04 2.11E-02 2.12E-04 7.21E-03 1.10E-04 3.48E-04 8.97E-11 3.94E-03 1.85E-10 1.50E-04 6.33E-02 6.24E-02 1.587E-01
6.300E-04 2.15E-02 2.23E-04 6.73E-03 1.19E-04 3.52E-04 9.56E-11 3.93E-03 2.03E-10 2.33E-04 6.42E-02 6.41E-02 1.614E-01
6.200E-04 2.16E-02 2.34E-04 6.62E-03 1.30E-04 3.67E-04 1.02E-10 3.91E-03 2.23E-10 3.15E-04 6.45E-02 6.62E-02 1.639E-01
6.100E-04 2.19E-02 2.48E-04 6.58E-03 1.40E-04 3.77E-04 1.09E-10 3.88E-03 2.43E-10 2.30E-04 6.51E-02 6.83E-02 1.668E-01
5.900E-04 2.28E-02 2.78E-04 5.41E-03 1.63E-04 3.98E-04 1.24E-10 3.83E-03 2.92E-10 1.06E-04 6.68E-02 7.21E-02 1.718E-01
5.500E-04 2.20E-02 3.34E-04 4.01E-03 2.29E-04 4.46E-04 1.64E-10 3.77E-03 4.18E-10 9.07E-05 6.63E-02 8.24E-02 1.796E-01
5.300E-04 2.23E-02 3.85E-04 3.58E-03 2.73E-04 4.74E-04 1.89E-10 3.78E-03 5.01E-10 1.41E-04 6.73E-02 8.77E-02 1.860E-01
5.200E-04 2.23E-02 4.12E-04 3.37E-03 2.98E-04 4.89E-04 2.04E-10 3.79E-03 5.49E-10 2.19E-04 6.77E-02 9.04E-02 1.890E-01
5.100E-04 2.25E-02 4.44E-04 3.15E-03 3.26E-04 5.05E-04 2.21E-10 3.80E-03 6.02E-10 3.01E-04 6.84E-02 9.29E-02 1.924E-01
5.000E-04 2.28E-02 4.77E-04 2.92E-03 3.62E-04 5.21E-04 2.39E-10 3.83E-03 6.60E-10 2.19E-04 6.91E-02 9.53E-02 1.955E-01
4.800E-04 2.32E-02 5.51E-04 2.59E-03 4.34E-04 5.55E-04 2.80E-10 3.89E-03 7.97E-10 1.07E-04 7.02E-02 1.00E-01 2.017E-01
4.500E-04 2.40E-02 6.90E-04 2.17E-03 5.78E-04 6.15E-04 3.62E-10 4.03E-03 1.07E-09 8.53E-05 7.20E-02 1.07E-01 2.109E-01
4.000E-04 2.51E-02 1.05E-03 1.61E-03 9.62E-04 7.41E-04 5.76E-10 4.34E-03 1.78E-09 9.67E-05 7.48E-02 1.18E-01 2.265E-01
3.800E-04 2.57E-02 1.27E-03 1.42E-03 1.20E-03 8.03E-04 7.05E-10 4.47E-03 2.22E-09 1.08E-04 7.61E-02 1.22E-01 2.326E-01
3.600E-04 2.64E-02 1.56E-03 1.25E-03 1.51E-03 8.74E-04 8.72E-10 4.62E-03 2.79E-09 1.30E-04 7.73E-02 1.25E-01 2.386E-01
3.400E-04 2.78E-02 1.91E-03 1.10E-03 1.91E-03 9.56E-04 1.09E-09 4.79E-03 3.54E-09 2.53E-04 7.92E-02 1.27E-01 2.448E-01
3.300E-04 2.78E-02 2.10E-03 1.03E-03 2.17E-03 1.00E-03 1.23E-09 4.87E-03 4.01E-09 6.36E-04 7.92E-02 1.29E-01 2.477E-01
3.200E-04 2.80E-02 2.36E-03 9.61E-04 2.46E-03 1.05E-03 1.39E-09 4.95E-03 4.55E-09 2.62E-04 7.96E-02 1.30E-01 2.501E-01
3.150E-04 2.83E-02 2.51E-03 9.32E-04 2.63E-03 1.08E-03 1.48E-09 4.99E-03 4.86E-09 2.06E-04 8.00E-02 1.31E-01 2.516E-01
3.100E-04 2.86E-02 2.66E-03 9.01E-04 2.81E-03 1.11E-03 1.57E-09 5.03E-03 5.19E-09 1.84E-04 8.04E-02 1.31E-01 2.532E-01
3.080E-04 2.87E-02 2.72E-03 8.88E-04 2.89E-03 1.12E-03 1.61E-09 5.05E-03 5.33E-09 1.80E-04 8.05E-02 1.32E-01 2.538E-01
3.050E-04 2.89E-02 2.82E-03 8.69E-04 3.00E-03 1.13E-03 1.67E-09 5.08E-03 5.55E-09 1.76E-04 8.06E-02 1.32E-01 2.547E-01
3.000E-04 2.91E-02 3.00E-03 8.41E-04 3.22E-03 1.16E-03 1.79E-09 5.13E-03 5.94E-09 1.74E-04 8.09E-02 1.33E-01 2.562E-01
2.900E-04 2.98E-02 3.39E-03 7.85E-04 3.70E-03 1.23E-03 2.04E-09 5.24E-03 6.83E-09 1.78E-04 8.16E-02 1.34E-01 2.595E-01
2.800E-04 3.01E-02 3.83E-03 7.34E-04 4.27E-03 1.30E-03 2.34E-09 5.36E-03 7.89E-09 1.87E-04 8.19E-02 1.35E-01 2.627E-01
2.600E-04 3.11E-02 5.05E-03 6.37E-04 5.78E-03 1.46E-03 3.13E-09 5.62E-03 1.07E-08 2.14E-04 8.30E-02 1.38E-01 2.704E-01
2.500E-04 3.19E-02 5.85E-03 5.93E-04 6.78E-03 1.55E-03 3.66E-09 5.77E-03 1.25E-08 2.32E-04 8.37E-02 1.39E-01 2.751E-01
2.200E-04 3.53E-02 9.32E-03 4.80E-04 1.13E-02 1.88E-03 6.04E-09 6.32E-03 2.11E-08 3.05E-04 8.61E-02 1.42E-01 2.935E-01
2.159E-04 3.57E-02 9.95E-03 4.66E-04 1.22E-02 1.93E-03 6.50E-09 6.41E-03 2.27E-08 3.18E-04 8.63E-02 1.43E-01 2.965E-01
2.000E-04 3.81E-02 1.30E-02 4.21E-04 1.66E-02 2.18E-03 8.77E-09 6.78E-03 3.10E-08 3.80E-04 8.76E-02 1.45E-01 3.104E-01
1.662E-04 4.46E-02 2.37E-02 3.39E-04 3.39E-02 2.89E-03 1.81E-08 7.86E-03 6.52E-08 5.95E-04 9.00E-02 1.49E-01 3.526E-01
1.650E-04 4.49E-02 2.42E-02 3.35E-04 3.48E-02 2.92E-03 1.86E-08 7.91E-03 6.72E-08 6.06E-04 9.01E-02 1.49E-01 3.546E-01
1.250E-04 6.08E-02 5.39E-02 3.10E-04 9.28E-02 4.50E-03 5.52E-08 1.00E-02 2.04E-07 1.25E-03 9.36E-02 1.49E-01 4.665E-01
1.235E-04 6.17E-02 5.56E-02 3.08E-04 9.66E-02 4.58E-03 5.78E-08 1.01E-02 2.14E-07 1.29E-03 9.38E-02 1.49E-01 4.732E-01
1.130E-04 6.86E-02 6.91E-02 3.23E-04 1.29E-01 5.27E-03 8.19E-08 1.10E-02 3.06E-07 1.62E-03 9.50E-02 1.48E-01 5.274E-01
1.000E-04 7.97E-02 8.97E-02 3.66E-04 1.89E-01 6.42E-03 1.32E-07 1.24E-02 4.99E-07 2.23E-03 9.68E-02 1.45E-01 6.211E-01
9.500E-05 8.49E-02 9.83E-02 3.73E-04 2.22E-01 6.98E-03 1.61E-07 1.30E-02 6.13E-07 2.54E-03 9.76E-02 1.43E-01 6.681E-01
9.300E-05 8.70E-02 1.02E-01 3.81E-04 2.37E-01 7.23E-03 1.75E-07 1.32E-02 6.67E-07 2.68E-03 9.79E-02 1.42E-01 6.891E-01
9.200E-05 8.81E-02 1.04E-01 3.88E-04 2.45E-01 7.35E-03 1.83E-07 1.34E-02 6.97E-07 2.75E-03 9.80E-02 1.42E-01 7.001E-01
9.100E-05 8.92E-02 1.05E-01 3.96E-04 2.53E-01 7.48E-03 1.90E-07 1.35E-02 7.28E-07 2.83E-03 9.82E-02 1.41E-01 7.114E-01
9.000E-05 9.03E-02 1.07E-01 4.03E-04 2.62E-01 7.61E-03 1.99E-07 1.37E-02 7.61E-07 2.91E-03 9.83E-02 1.41E-01 7.231E-01
8.900E-05 9.14E-02 1.09E-01 4.10E-04 2.71E-01 7.75E-03 2.08E-07 1.38E-02 7.95E-07 2.99E-03 9.85E-02 1.41E-01 7.352E-01
8.800E-05 9.25E-02 1.11E-01 4.14E-04 2.80E-01 7.89E-03 2.17E-07 1.40E-02 8.32E-07 3.08E-03 9.86E-02 1.40E-01 7.477E-01
8.700E-05 9.36E-02 1.13E-01 4.28E-04 2.90E-01 8.04E-03 2.27E-07 1.41E-02 8.71E-07 3.17E-03 9.87E-02 1.40E-01 7.606E-01
8.600E-05 9.47E-02 1.15E-01 4.34E-04 3.00E-01 8.19E-03 2.37E-07 1.43E-02 9.12E-07 3.26E-03 9.88E-02 1.39E-01 7.739E-01
8.500E-05 9.59E-02 1.17E-01 4.36E-04 3.10E-01 8.34E-03 2.48E-07 1.44E-02 9.56E-07 3.35E-03 9.89E-02 1.39E-01 7.877E-01
8.400E-05 9.70E-02 1.19E-01 4.46E-04 3.21E-01 8.50E-03 2.60E-07 1.46E-02 1.00E-06 3.45E-03 9.90E-02 1.39E-01 8.020E-01
8.330E-05 9.79E-02 1.21E-01 4.52E-04 3.29E-01 8.61E-03 2.68E-07 1.47E-02 1.04E-06 3.52E-03 9.91E-02 1.38E-01 8.123E-01
8.200E-05 9.96E-02 1.23E-01 4.63E-04 3.44E-01 8.83E-03 2.85E-07 1.49E-02 1.10E-06 3.66E-03 9.93E-02 1.38E-01 8.322E-01
8.100E-05 1.01E-01 1.26E-01 4.73E-04 3.57E-01 9.00E-03 2.99E-07 1.51E-02 1.16E-06 3.77E-03 9.94E-02 1.37E-01 8.480E-01
8.000E-05 1.02E-01 1.28E-01 4.79E-04 3.69E-01 9.17E-03 3.14E-07 1.53E-02 1.22E-06 3.89E-03 9.95E-02 1.37E-01 8.644E-01
7.900E-05 1.04E-01 1.30E-01 4.91E-04 3.82E-01 9.35E-03 3.29E-07 1.54E-02 1.28E-06 4.01E-03 9.97E-02 1.36E-01 8.813E-01
7.800E-05 1.05E-01 1.32E-01 5.00E-04 3.96E-01 9.54E-03 3.46E-07 1.56E-02 1.35E-06 4.14E-03 9.98E-02 1.36E-01 8.988E-01
7.700E-05 1.07E-01 1.34E-01 5.12E-04 4.10E-01 9.73E-03 3.64E-07 1.58E-02 1.42E-06 4.27E-03 1.00E-01 1.35E-01 9.168E-01
7.600E-05 1.09E-01 1.36E-01 5.33E-04 4.25E-01 9.93E-03 3.83E-07 1.60E-02 1.50E-06 4.41E-03 1.00E-01 1.34E-01 9.354E-01
7.500E-05 1.11E-01 1.38E-01 5.51E-04 4.40E-01 1.01E-02 4.03E-07 1.62E-02 1.58E-06 4.55E-03 1.00E-01 1.34E-01 9.545E-01
7.400E-05 1.12E-01 1.40E-01 5.72E-04 4.56E-01 1.03E-02 4.24E-07 1.64E-02 1.67E-06 4.70E-03 1.00E-01 1.33E-01 9.741E-01
7.300E-05 1.14E-01 1.42E-01 5.96E-04 4.72E-01 1.06E-02 4.47E-07 1.66E-02 1.76E-06 4.85E-03 1.01E-01 1.32E-01 9.942E-01
7.140E-05 1.17E-01 1.45E-01 6.11E-04 4.99E-01 1.09E-02 4.87E-07 1.70E-02 1.92E-06 5.12E-03 1.01E-01 1.31E-01 1.028E+00
7.100E-05 1.18E-01 1.46E-01 6.19E-04 5.06E-01 1.10E-02 4.98E-07 1.71E-02 1.97E-06 5.19E-03 1.01E-01 1.31E-01 1.036E+00
7.000E-05 1.20E-01 1.48E-01 6.35E-04 5.24E-01 1.12E-02 5.26E-07 1.73E-02 2.08E-06 5.37E-03 1.01E-01 1.30E-01 1.058E+00
6.900E-05 1.22E-01 1.49E-01 6.54E-04 5.43E-01 1.15E-02 5.56E-07 1.75E-02 2.21E-06 5.55E-03 1.01E-01 1.29E-01 1.080E+00
6.800E-05 1.24E-01 1.51E-01 6.83E-04 5.62E-01 1.17E-02 5.89E-07 1.78E-02 2.34E-06 5.75E-03 1.01E-01 1.29E-01 1.103E+00
6.700E-05 1.26E-01 1.53E-01 7.08E-04 5.82E-01 1.20E-02 6.23E-07 1.80E-02 2.48E-06 5.96E-03 1.02E-01 1.28E-01 1.127E+00
6.600E-05 1.28E-01 1.54E-01 7.37E-04 6.02E-01 1.23E-02 6.61E-07 1.83E-02 2.64E-06 6.17E-03 1.02E-01 1.27E-01 1.151E+00
6.500E-05 1.31E-01 1.56E-01 7.52E-04 6.23E-01 1.25E-02 7.01E-07 1.86E-02 2.81E-06 6.40E-03 1.02E-01 1.26E-01 1.176E+00
6.400E-05 1.33E-01 1.57E-01 7.70E-04 6.45E-01 1.28E-02 7.45E-07 1.88E-02 2.99E-06 6.64E-03 1.02E-01 1.26E-01 1.202E+00
6.300E-05 1.35E-01 1.59E-01 7.94E-04 6.68E-01 1.32E-02 7.93E-07 1.91E-02 3.18E-06 6.89E-03 1.02E-01 1.25E-01 1.229E+00
6.250E-05 1.37E-01 1.60E-01 8.02E-04 6.79E-01 1.33E-02 8.18E-07 1.93E-02 3.29E-06 7.02E-03 1.02E-01 1.24E-01 1.242E+00
6.200E-05 1.38E-01 1.60E-01 8.25E-04 6.91E-01 1.35E-02 8.44E-07 1.94E-02 3.40E-06 7.16E-03 1.02E-01 1.24E-01 1.256E+00
6.100E-05 1.40E-01 1.61E-01 8.63E-04 7.15E-01 1.38E-02 9.00E-07 1.97E-02 3.63E-06 7.44E-03 1.02E-01 1.23E-01 1.284E+00
6.000E-05 1.43E-01 1.63E-01 9.01E-04 7.41E-01 1.41E-02 9.60E-07 2.00E-02 3.88E-06 7.74E-03 1.03E-01 1.22E-01 1.314E+00
5.900E-05 1.46E-01 1.63E-01 9.39E-04 7.67E-01 1.45E-02 1.03E-06 2.03E-02 4.15E-06 8.06E-03 1.03E-01 1.21E-01 1.344E+00
5.800E-05 1.49E-01 1.64E-01 9.79E-04 7.94E-01 1.49E-02 1.10E-06 2.07E-02 4.44E-06 8.39E-03 1.03E-01 1.21E-01 1.375E+00
5.700E-05 1.51E-01 1.65E-01 1.03E-03 8.22E-01 1.52E-02 1.17E-06 2.10E-02 4.77E-06 8.75E-03 1.03E-01 1.20E-01 1.407E+00
5.600E-05 1.54E-01 1.65E-01 1.08E-03 8.51E-01 1.56E-02 1.26E-06 2.14E-02 5.12E-06 9.13E-03 1.03E-01 1.19E-01 1.440E+00
5.500E-05 1.57E-01 1.66E-01 1.13E-03 8.82E-01 1.60E-02 1.35E-06 2.17E-02 5.51E-06 9.53E-03 1.03E-01 1.18E-01 1.474E+00
5.477E-05 1.58E-01 1.66E-01 1.14E-03 8.89E-01 1.61E-02 1.37E-06 2.18E-02 5.60E-06 1.43E-02 1.03E-01 1.18E-01 1.487E+00
5.400E-05 1.60E-01 1.66E-01 1.18E-03 9.13E-01 1.65E-02 1.46E-06 2.21E-02 5.93E-06 1.49E-02 1.03E-01 1.17E-01 1.514E+00
5.300E-05 1.63E-01 1.66E-01 1.23E-03 9.45E-01 1.70E-02 1.57E-06 2.25E-02 6.40E-06 1.57E-02 1.03E-01 1.16E-01 1.551E+00
5.200E-05 1.67E-01 1.66E-01 1.31E-03 9.79E-01 1.75E-02 1.69E-06 2.29E-02 6.92E-06 1.65E-02 1.03E-01 1.15E-01 1.588E+00
5.100E-05 1.70E-01 1.66E-01 1.38E-03 1.01E+00 1.81E-02 1.83E-06 2.34E-02 7.48E-06 1.74E-02 1.03E-01 1.15E-01 1.626E+00
5.000E-05 1.73E-01 1.65E-01 1.46E-03 1.05E+00 1.86E-02 1.98E-06 2.38E-02 8.11E-06 1.84E-02 1.03E-01 1.14E-01 1.665E+00
4.900E-05 1.76E-01 1.65E-01 1.53E-03 1.08E+00 1.92E-02 2.15E-06 2.43E-02 8.81E-06 1.95E-02 1.03E-01 1.13E-01 1.704E+00
4.880E-05 1.76E-01 1.65E-01 1.55E-03 1.09E+00 1.93E-02 2.19E-06 2.43E-02 8.95E-06 1.97E-02 1.03E-01 1.13E-01 1.712E+00
4.800E-05 1.78E-01 1.65E-01 1.62E-03 1.12E+00 1.99E-02 2.34E-06 2.47E-02 9.58E-06 2.07E-02 1.03E-01 1.12E-01 1.745E+00
4.760E-05 1.80E-01 1.65E-01 1.66E-03 1.13E+00 2.02E-02 2.42E-06 2.49E-02 9.91E-06 2.12E-02 1.03E-01 1.12E-01 1.762E+00
4.700E-05 1.81E-01 1.64E-01 1.72E-03 1.16E+00 2.07E-02 2.55E-06 2.52E-02 1.04E-05 2.20E-02 1.03E-01 1.12E-01 1.787E+00
4.650E-05 1.83E-01 1.64E-01 1.77E-03 1.18E+00 2.11E-02 2.67E-06 2.55E-02 1.09E-05 2.27E-02 1.03E-01 1.11E-01 1.809E+00
4.600E-05 1.84E-01 1.64E-01 1.83E-03 1.20E+00 2.15E-02 2.79E-06 2.57E-02 1.14E-05 2.34E-02 1.03E-01 1.11E-01 1.830E+00
4.550E-05 1.85E-01 1.64E-01 1.91E-03 1.22E+00 2.19E-02 2.92E-06 2.60E-02 1.19E-05 2.42E-02 1.03E-01 1.11E-01 1.853E+00
4.500E-05 1.87E-01 1.63E-01 1.99E-03 1.24E+00 2.23E-02 3.05E-06 2.63E-02 1.25E-05 2.51E-02 1.03E-01 1.11E-01 1.875E+00
4.440E-05 1.88E-01 1.63E-01 2.10E-03 1.26E+00 2.29E-02 3.23E-06 2.66E-02 1.32E-05 2.61E-02 1.03E-01 1.10E-01 1.902E+00
4.350E-05 1.91E-01 1.63E-01 2.29E-03 1.30E+00 2.37E-02 3.51E-06 2.71E-02 1.43E-05 2.78E-02 1.03E-01 1.10E-01 1.943E+00
4.170E-05 1.95E-01 1.62E-01 2.79E-03 1.37E+00 2.58E-02 4.18E-06 2.82E-02 1.70E-05 3.19E-02 1.02E-01 1.09E-01 2.028E+00
4.000E-05 2.00E-01 1.61E-01 3.68E-03 1.44E+00 2.79E-02 4.96E-06 2.93E-02 2.02E-05 3.67E-02 1.02E-01 1.08E-01 2.111E+00
3.850E-05 2.03E-01 1.61E-01 4.87E-03 1.50E+00 2.98E-02 5.81E-06 3.03E-02 2.37E-05 4.20E-02 1.02E-01 1.08E-01 2.185E+00
3.656E-05 2.07E-01 1.60E-01 7.15E-03 1.58E+00 3.27E-02 7.25E-06 3.18E-02 2.95E-05 5.10E-02 1.01E-01 1.07E-01 2.280E+00
3.570E-05 2.09E-01 1.59E-01 8.35E-03 1.62E+00 3.40E-02 8.02E-06 3.24E-02 3.25E-05 5.61E-02 1.01E-01 1.07E-01 2.323E+00
3.330E-05 2.13E-01 1.59E-01 1.25E-02 1.70E+00 3.87E-02 1.10E-05 3.44E-02 4.35E-05 7.55E-02 9.99E-02 1.07E-01 2.444E+00
3.130E-05 2.17E-01 1.58E-01 1.65E-02 1.77E+00 4.45E-02 1.48E-05 3.63E-02 5.66E-05 1.02E-01 9.91E-02 1.07E-01 2.545E+00
3.000E-05 2.18E-01 1.57E-01 1.97E-02 1.80E+00 4.97E-02 1.84E-05 3.75E-02 6.79E-05 1.27E-01 9.86E-02 1.07E-01 2.615E+00
2.940E-05 2.19E-01 1.57E-01 2.13E-02 1.81E+00 5.23E-02 2.04E-05 3.81E-02 7.41E-05 1.43E-01 9.84E-02 1.07E-01 2.648E+00
2.780E-05 2.21E-01 1.56E-01 2.60E-02 1.84E+00 6.12E-02 2.80E-05 3.97E-02 9.46E-05 2.04E-01 9.78E-02 1.06E-01 2.753E+00
2.630E-05 2.22E-01 1.56E-01 3.08E-02 1.86E+00 7.48E-02 3.98E-05 4.13E-02 1.21E-04 3.05E-01 9.72E-02 1.06E-01 2.893E+00
2.500E-05 2.22E-01 1.55E-01 3.64E-02 1.87E+00 9.33E-02 5.79E-05 4.27E-02 1.52E-04 4.67E-01 9.66E-02 1.06E-01 3.090E+00
2.380E-05 2.23E-01 1.55E-01 4.34E-02 1.88E+00 1.29E-01 8.85E-05 4.28E-02 1.91E-04 7.28E-01 9.61E-02 1.06E-01 3.403E+00
2.270E-05 2.23E-01 1.54E-01 5.30E-02 1.89E+00 1.86E-01 1.29E-04 4.45E-02 2.39E-04 1.07E+00 9.55E-02 1.06E-01 3.823E+00
2.170E-05 2.22E-01 1.54E-01 6.60E-02 1.91E+00 2.51E-01 1.68E-04 5.01E-02 3.00E-04 1.25E+00 9.50E-02 1.06E-01 4.109E+00
2.080E-05 2.22E-01 1.54E-01 8.92E-02 1.94E+00 2.60E-01 1.56E-04 6.25E-02 3.72E-04 1.09E+00 9.45E-02 1.06E-01 4.019E+00
2.000E-05 2.21E-01 1.53E-01 3.02E-01 1.77E+00 2.26E-01 1.22E-04 7.95E-02 4.57E-04 8.08E-01 9.40E-02 1.06E-01 3.758E+00
1.920E-05 2.21E-01 1.54E-01 5.52E-01 1.54E+00 1.75E-01 8.40E-05 1.09E-01 5.67E-04 5.64E-01 9.34E-02 1.06E-01 3.517E+00
1.850E-05 2.21E-01 1.55E-01 6.96E-01 1.42E+00 1.37E-01 5.94E-05 1.46E-01 6.95E-04 4.12E-01 9.28E-02 1.07E-01 3.384E+00
1.790E-05 2.21E-01 1.56E-01 8.59E-01 1.26E+00 1.12E-01 4.54E-05 1.87E-01 8.32E-04 3.21E-01 9.23E-02 1.07E-01 3.317E+00
1.720E-05 2.21E-01 1.57E-01 9.71E-01 1.16E+00 8.97E-02 3.61E-05 2.59E-01 1.04E-03 2.47E-01 9.15E-02 1.07E-01 3.304E+00
1.670E-05 2.22E-01 1.58E-01 1.02E+00 1.11E+00 7.67E-02 3.28E-05 3.27E-01 1.23E-03 2.09E-01 9.10E-02 1.07E-01 3.328E+00
1.610E-05 2.22E-01 1.59E-01 1.07E+00 1.08E+00 6.47E-02 3.34E-05 4.45E-01 1.52E-03 1.76E-01 9.02E-02 1.08E-01 3.408E+00
1.560E-05 2.22E-01 1.60E-01 1.09E+00 1.05E+00 5.68E-02 3.77E-05 5.81E-01 1.82E-03 1.57E-01 8.96E-02 1.08E-01 3.521E+00
1.520E-05 2.23E-01 1.61E-01 1.11E+00 1.03E+00 5.15E-02 4.38E-05 7.27E-01 2.09E-03 1.45E-01 8.91E-02 1.08E-01 3.651E+00
1.470E-05 2.23E-01 1.62E-01 1.12E+00 1.02E+00 4.58E-02 5.53E-05 9.36E-01 2.48E-03 1.35E-01 8.85E-02 1.09E-01 3.842E+00
1.430E-05 2.23E-01 1.62E-01 1.13E+00 1.00E+00 4.30E-02 6.92E-05 1.12E+00 2.78E-03 1.31E-01 8.82E-02 1.09E-01 4.010E+00
1.390E-05 2.23E-01 1.62E-01 1.14E+00 9.93E-01 4.18E-02 8.79E-05 1.26E+00 3.07E-03 1.29E-01 8.80E-02 1.09E-01 4.139E+00
1.350E-05 2.22E-01 1.62E-01 1.14E+00 9.82E-01 4.17E-02 1.13E-04 1.39E+00 3.44E-03 1.31E-01 8.78E-02 1.08E-01 4.263E+00
1.320E-05 2.22E-01 1.62E-01 1.14E+00 9.72E-01 4.25E-02 1.37E-04 1.49E+00 3.77E-03 1.34E-01 8.76E-02 1.08E-01 4.362E+00
1.280E-05 2.21E-01 1.63E-01 1.14E+00 9.63E-01 4.52E-02 1.80E-04 1.64E+00 4.29E-03 1.43E-01 8.74E-02 1.08E-01 4.511E+00
1.250E-05 2.21E-01 1.63E-01 1.13E+00 9.60E-01 4.91E-02 2.21E-04 1.76E+00 4.76E-03 1.52E-01 8.71E-02 1.08E-01 4.641E+00
1.220E-05 2.20E-01 1.63E-01 1.13E+00 9.60E-01 5.48E-02 2.74E-04 1.90E+00 5.30E-03 1.65E-01 8.69E-02 1.08E-01 4.793E+00
1.190E-05 2.20E-01 1.63E-01 1.14E+00 9.68E-01 6.25E-02 3.40E-04 2.05E+00 5.94E-03 1.83E-01 8.66E-02 1.09E-01 4.977E+00
1.160E-05 2.19E-01 1.63E-01 1.14E+00 9.74E-01 7.11E-02 4.24E-04 2.21E+00 6.70E-03 2.07E-01 8.64E-02 1.09E-01 5.185E+00
1.140E-05 2.18E-01 1.63E-01 1.14E+00 9.76E-01 7.85E-02 4.99E-04 2.34E+00 7.28E-03 2.27E-01 8.62E-02 1.09E-01 5.339E+00
1.110E-05 2.16E-01 1.63E-01 1.14E+00 9.78E-01 8.98E-02 6.51E-04 2.54E+00 8.31E-03 2.66E-01 8.59E-02 1.09E-01 5.599E+00
1.080E-05 2.15E-01 1.63E-01 1.14E+00 9.81E-01 1.21E-01 8.68E-04 2.79E+00 9.58E-03 3.20E-01 8.55E-02 1.09E-01 5.934E+00
1.050E-05 2.13E-01 1.62E-01 1.14E+00 9.84E-01 1.61E-01 1.13E-03 3.10E+00 1.12E-02 3.92E-01 8.51E-02 1.09E-01 6.357E+00
1.030E-05 2.12E-01 1.62E-01 1.14E+00 9.86E-01 1.93E-01 1.29E-03 3.39E+00 1.25E-02 4.55E-01 8.47E-02 1.09E-01 6.741E+00
1.000E-05 2.10E-01 1.61E-01 1.13E+00 9.89E-01 2.36E-01 1.57E-03 3.80E+00 1.43E-02 5.74E-01 8.44E-02 1.09E-01 7.317E+00
9.750E-06 2.09E-01 1.61E-01 1.13E+00 9.92E-01 2.87E-01 1.95E-03 4.13E+00 1.59E-02 6.93E-01 8.42E-02 1.09E-01 7.819E+00
9.500E-06 2.07E-01 1.60E-01 1.13E+00 9.96E-01 3.45E-01 2.31E-03 4.49E+00 1.77E-02 8.15E-01 8.40E-02 1.09E-01 8.355E+00
9.250E-06 2.05E-01 1.59E-01 1.13E+00 9.98E-01 3.90E-01 2.58E-03 4.85E+00 1.95E-02 9.05E-01 8.38E-02 1.09E-01 8.849E+00
9.080E-06 2.03E-01 1.59E-01 1.12E+00 9.94E-01 4.17E-01 2.78E-03 5.06E+00 2.04E-02 9.25E-01 8.38E-02 1.09E-01 9.088E+00
