 # Polarisation optical depth (Siebenmorgen 2023, A&A 670A,115; SC 2023 doi: 10.48550/arXiv.2311.03310)
 # wel         sigp_aC     sigp_Si      sigp_dark    sigt
 #----------------------------------------------------------------------------------------
   1.000E+00   1.263E-03   7.580E-04   0.000E+00   1.007E-05
   9.000E-01   1.480E-03   8.949E-04   0.000E+00   1.174E-05
   8.000E-01   1.767E-03   1.078E-03   0.000E+00   1.394E-05
   7.000E-01   2.164E-03   1.332E-03   0.000E+00   1.694E-05
   6.000E-01   2.739E-03   1.702E-03   0.000E+00   2.126E-05
   5.500E-01   3.131E-03   1.955E-03   0.000E+00   2.419E-05
   5.000E-01   3.628E-03   2.277E-03   0.000E+00   2.785E-05
   4.500E-01   4.273E-03   2.695E-03   0.000E+00   3.259E-05
   4.000E-01   5.136E-03   3.257E-03   0.000E+00   3.886E-05
   3.500E-01   6.336E-03   4.038E-03   0.000E+00   4.754E-05
   3.000E-01   8.091E-03   5.179E-03   0.000E+00   5.999E-05
   2.500E-01   1.084E-02   6.960E-03   0.000E+00   7.924E-05
   2.098E-01   1.440E-02   9.254E-03   0.000E+00   1.038E-04
   1.500E-01   2.503E-02   1.601E-02   0.000E+00   1.751E-04
   1.382E-01   2.871E-02   1.831E-02   0.000E+00   1.994E-04
   1.320E-01   3.101E-02   1.974E-02   0.000E+00   2.145E-04
   1.150E-01   3.917E-02   2.478E-02   0.000E+00   2.673E-04
   1.000E-01   4.982E-02   3.116E-02   0.000E+00   3.350E-04
   9.970E-02   5.008E-02   3.132E-02   0.000E+00   3.367E-04
   8.670E-02   6.306E-02   3.951E-02   0.000E+00   4.194E-04
   8.500E-02   6.531E-02   4.083E-02   0.000E+00   4.338E-04
   7.500E-02   8.288E-02   5.024E-02   0.000E+00   5.419E-04
   6.000E-02   1.219E-01   7.266E-02   0.000E+00   7.730E-04
   5.500E-02   1.412E-01   8.154E-02   0.000E+00   8.917E-04
   5.000E-02   1.681E-01   1.014E-01   0.000E+00   1.060E-03
   4.500E-02   2.072E-01   1.347E-01   0.000E+00   1.300E-03
   4.000E-02   2.663E-01   1.806E-01   0.000E+00   1.641E-03
   3.500E-02   3.339E-01   2.757E-01   0.000E+00   2.052E-03
   3.000E-02   4.717E-01   4.307E-01   0.000E+00   2.844E-03
   2.750E-02   5.631E-01   5.418E-01   0.000E+00   3.349E-03
   2.500E-02   6.784E-01   6.892E-01   0.000E+00   4.031E-03
   2.400E-02   7.452E-01   7.623E-01   0.000E+00   4.352E-03
   2.000E-02   1.092E+00   1.175E+00   0.000E+00   6.200E-03
   1.800E-02   1.363E+00   1.445E+00   0.000E+00   7.634E-03
   1.600E-02   1.815E+00   1.777E+00   0.000E+00   9.650E-03
   1.500E-02   2.166E+00   1.979E+00   0.000E+00   1.098E-02
   1.400E-02   2.465E+00   2.204E+00   0.000E+00   1.228E-02
   1.200E-02   3.777E+00   2.756E+00   0.000E+00   1.665E-02
   1.000E-02   5.749E+00   3.545E+00   0.000E+00   2.307E-02
   9.000E-03   7.676E+00   3.984E+00   0.000E+00   2.831E-02
   8.000E-03   1.013E+01   4.587E+00   0.000E+00   3.417E-02
   7.500E-03   1.187E+01   5.057E+00   0.000E+00   3.892E-02
   7.000E-03   1.429E+01   5.636E+00   0.000E+00   4.428E-02
   6.000E-03   2.029E+01   7.133E+00   0.000E+00   5.874E-02
   5.000E-03   2.819E+01   9.893E+00   0.000E+00   8.142E-02
   4.500E-03   3.391E+01   1.181E+01   0.000E+00   9.916E-02
   4.000E-03   3.905E+01   1.396E+01   0.000E+00   1.221E-01
   3.500E-03   4.551E+01   1.616E+01   0.000E+00   1.552E-01
   3.000E-03   5.301E+01   1.783E+01   0.000E+00   2.044E-01
   2.750E-03   5.596E+01   1.826E+01   0.000E+00   2.362E-01
   2.500E-03   5.782E+01   1.845E+01   0.000E+00   2.740E-01
   2.400E-03   5.906E+01   1.847E+01   0.000E+00   2.912E-01
   2.350E-03   5.979E+01   1.849E+01   0.000E+00   3.005E-01
   2.320E-03   6.011E+01   1.851E+01   0.000E+00   3.059E-01
   2.310E-03   6.022E+01   1.852E+01   0.000E+00   3.077E-01
   2.300E-03   6.035E+01   1.852E+01   0.000E+00   3.095E-01
   2.250E-03   6.069E+01   1.857E+01   0.000E+00   3.193E-01
   2.200E-03   6.106E+01   1.861E+01   0.000E+00   3.289E-01
   2.150E-03   6.167E+01   1.860E+01   0.000E+00   3.384E-01
   2.120E-03   6.202E+01   1.851E+01   0.000E+00   3.443E-01
   2.110E-03   6.208E+01   1.848E+01   0.000E+00   3.462E-01
   2.100E-03   6.209E+01   1.844E+01   0.000E+00   3.481E-01
   2.080E-03   6.202E+01   1.832E+01   0.000E+00   3.514E-01
   2.000E-03   6.201E+01   1.775E+01   0.000E+00   3.658E-01
   1.950E-03   6.241E+01   1.713E+01   0.000E+00   3.725E-01
   1.900E-03   6.320E+01   1.630E+01   0.000E+00   3.774E-01
   1.850E-03   6.397E+01   1.524E+01   0.000E+00   3.790E-01
   1.830E-03   6.431E+01   1.476E+01   0.000E+00   3.788E-01
   1.820E-03   6.434E+01   1.450E+01   0.000E+00   3.784E-01
   1.810E-03   6.445E+01   1.423E+01   0.000E+00   3.780E-01
   1.800E-03   6.461E+01   1.397E+01   0.000E+00   3.776E-01
   1.750E-03   6.533E+01   1.248E+01   0.000E+00   3.740E-01
   1.700E-03   6.545E+01   1.088E+01   0.000E+00   3.684E-01
   1.670E-03   6.615E+01   9.920E+00   0.000E+00   3.659E-01
   1.650E-03   6.681E+01   9.289E+00   0.000E+00   3.645E-01
   1.640E-03   6.701E+01   8.982E+00   0.000E+00   3.635E-01
   1.630E-03   6.722E+01   8.676E+00   0.000E+00   3.625E-01
   1.610E-03   6.751E+01   8.085E+00   0.000E+00   3.612E-01
   1.600E-03   6.771E+01   7.799E+00   0.000E+00   3.607E-01
   1.590E-03   6.791E+01   7.526E+00   0.000E+00   3.601E-01
   1.580E-03   6.806E+01   7.269E+00   0.000E+00   3.599E-01
   1.570E-03   6.806E+01   7.025E+00   0.000E+00   3.595E-01
   1.560E-03   6.836E+01   6.813E+00   0.000E+00   3.596E-01
   1.540E-03   6.894E+01   6.468E+00   0.000E+00   3.604E-01
   1.520E-03   6.897E+01   6.255E+00   0.000E+00   3.613E-01
   1.510E-03   6.898E+01   6.203E+00   0.000E+00   3.620E-01
   1.500E-03   6.888E+01   6.180E+00   0.000E+00   3.630E-01
   1.450E-03   6.932E+01   6.394E+00   0.000E+00   3.747E-01
   1.440E-03   6.948E+01   6.475E+00   0.000E+00   3.781E-01
   1.430E-03   6.963E+01   6.543E+00   0.000E+00   3.828E-01
   1.420E-03   6.976E+01   6.609E+00   0.000E+00   3.876E-01
   1.400E-03   7.019E+01   6.759E+00   0.000E+00   3.993E-01
   1.380E-03   7.052E+01   6.900E+00   0.000E+00   4.126E-01
   1.370E-03   7.067E+01   6.979E+00   0.000E+00   4.199E-01
   1.360E-03   7.093E+01   7.058E+00   0.000E+00   4.275E-01
   1.350E-03   7.125E+01   7.156E+00   0.000E+00   4.352E-01
   1.340E-03   7.154E+01   7.253E+00   0.000E+00   4.424E-01
   1.330E-03   7.169E+01   7.374E+00   0.000E+00   4.494E-01
   1.320E-03   7.195E+01   7.500E+00   0.000E+00   4.565E-01
   1.310E-03   7.195E+01   7.647E+00   0.000E+00   4.631E-01
   1.290E-03   7.173E+01   7.998E+00   0.000E+00   4.764E-01
   1.280E-03   7.171E+01   8.184E+00   0.000E+00   4.832E-01
   1.270E-03   7.187E+01   8.341E+00   0.000E+00   4.901E-01
   1.260E-03   7.199E+01   8.573E+00   0.000E+00   4.965E-01
   1.250E-03   7.201E+01   8.878E+00   0.000E+00   5.024E-01
   1.220E-03   7.313E+01   1.069E+01   0.000E+00   5.219E-01
   1.210E-03   7.317E+01   1.188E+01   0.000E+00   5.282E-01
   1.200E-03   7.318E+01   1.327E+01   0.000E+00   5.348E-01
   1.190E-03   7.369E+01   1.472E+01   0.000E+00   5.419E-01
   1.180E-03   7.394E+01   1.607E+01   0.000E+00   5.476E-01
   1.170E-03   7.412E+01   1.724E+01   0.000E+00   5.532E-01
   1.160E-03   7.437E+01   1.819E+01   0.000E+00   5.583E-01
   1.150E-03   7.431E+01   1.893E+01   0.000E+00   5.632E-01
   1.140E-03   7.418E+01   1.952E+01   0.000E+00   5.679E-01
   1.130E-03   7.417E+01   1.998E+01   0.000E+00   5.728E-01
   1.120E-03   7.418E+01   2.038E+01   0.000E+00   5.770E-01
   1.110E-03   7.413E+01   2.075E+01   0.000E+00   5.810E-01
   1.090E-03   7.430E+01   2.139E+01   0.000E+00   5.886E-01
   1.050E-03   7.537E+01   2.200E+01   0.000E+00   6.018E-01
   1.000E-03   7.714E+01   2.144E+01   0.000E+00   5.949E-01
   9.800E-04   7.796E+01   2.048E+01   0.000E+00   5.915E-01
   9.600E-04   7.865E+01   1.900E+01   0.000E+00   5.834E-01
   9.500E-04   7.926E+01   1.811E+01   0.000E+00   5.759E-01
   9.400E-04   7.926E+01   1.718E+01   0.000E+00   5.651E-01
   9.200E-04   7.965E+01   1.535E+01   0.000E+00   5.352E-01
   8.900E-04   8.082E+01   1.262E+01   0.000E+00   4.847E-01
   8.700E-04   8.053E+01   1.111E+01   0.000E+00   4.571E-01
   8.600E-04   8.108E+01   1.045E+01   0.000E+00   4.476E-01
   8.500E-04   8.107E+01   9.762E+00   0.000E+00   4.382E-01
   8.400E-04   8.170E+01   9.031E+00   0.000E+00   4.286E-01
   8.200E-04   8.129E+01   7.535E+00   0.000E+00   4.043E-01
   8.000E-04   8.173E+01   6.293E+00   0.000E+00   3.851E-01
   7.900E-04   8.224E+01   5.847E+00   0.000E+00   3.849E-01
   7.800E-04   8.197E+01   5.485E+00   0.000E+00   3.844E-01
   7.700E-04   8.172E+01   5.172E+00   0.000E+00   3.874E-01
   7.600E-04   8.152E+01   4.899E+00   0.000E+00   3.939E-01
   7.500E-04   8.133E+01   4.651E+00   0.000E+00   4.016E-01
   7.300E-04   8.190E+01   4.276E+00   0.000E+00   4.242E-01
   7.200E-04   8.167E+01   4.174E+00   0.000E+00   4.345E-01
   7.100E-04   8.159E+01   4.120E+00   0.000E+00   4.460E-01
   7.000E-04   8.217E+01   4.055E+00   0.000E+00   4.576E-01
   6.900E-04   8.171E+01   3.933E+00   0.000E+00   4.670E-01
   6.800E-04   8.016E+01   3.763E+00   0.000E+00   4.754E-01
   6.600E-04   8.122E+01   3.461E+00   0.000E+00   4.996E-01
   6.400E-04   8.375E+01   3.064E+00   0.000E+00   5.235E-01
   6.300E-04   8.498E+01   2.898E+00   0.000E+00   5.338E-01
   6.200E-04   8.486E+01   2.886E+00   0.000E+00   5.433E-01
   6.100E-04   8.549E+01   2.891E+00   0.000E+00   5.540E-01
   5.900E-04   8.815E+01   2.422E+00   0.000E+00   5.752E-01
   5.500E-04   8.265E+01   1.903E+00   0.000E+00   6.104E-01
   5.300E-04   8.391E+01   1.752E+00   0.000E+00   6.347E-01
   5.200E-04   8.411E+01   1.676E+00   0.000E+00   6.463E-01
   5.100E-04   8.512E+01   1.598E+00   0.000E+00   6.585E-01
   5.000E-04   8.610E+01   1.526E+00   0.000E+00   6.702E-01
   4.800E-04   8.726E+01   1.418E+00   0.000E+00   6.930E-01
   4.500E-04   8.993E+01   1.305E+00   0.000E+00   7.253E-01
   4.000E-04   9.463E+01   1.235E+00   0.000E+00   7.774E-01
   3.800E-04   9.765E+01   1.262E+00   0.000E+00   7.966E-01
   3.600E-04   1.013E+02   1.334E+00   0.000E+00   8.143E-01
   3.400E-04   1.068E+02   1.468E+00   0.000E+00   8.304E-01
   3.300E-04   1.071E+02   1.564E+00   0.000E+00   8.374E-01
   3.200E-04   1.092E+02   1.682E+00   0.000E+00   8.448E-01
   3.150E-04   1.110E+02   1.753E+00   0.000E+00   8.486E-01
   3.100E-04   1.127E+02   1.832E+00   0.000E+00   8.522E-01
   3.080E-04   1.133E+02   1.866E+00   0.000E+00   8.536E-01
   3.050E-04   1.141E+02   1.919E+00   0.000E+00   8.557E-01
   3.000E-04   1.157E+02   2.017E+00   0.000E+00   8.593E-01
   2.900E-04   1.196E+02   2.246E+00   0.000E+00   8.664E-01
   2.800E-04   1.224E+02   2.529E+00   0.000E+00   8.731E-01
   2.600E-04   1.321E+02   3.314E+00   0.000E+00   8.888E-01
   2.500E-04   1.388E+02   3.856E+00   0.000E+00   8.978E-01
   2.200E-04   1.669E+02   6.491E+00   0.000E+00   9.318E-01
   2.159E-04   1.710E+02   7.025E+00   0.000E+00   9.369E-01
   2.000E-04   1.933E+02   9.727E+00   0.000E+00   9.600E-01
   1.662E-04   2.559E+02   2.154E+01   0.000E+00   1.017E+00
   1.650E-04   2.586E+02   2.222E+01   0.000E+00   1.019E+00
   1.250E-04   3.679E+02   6.733E+01   0.000E+00   1.143E+00
   1.235E-04   3.723E+02   7.028E+01   0.000E+00   1.150E+00
   1.130E-04   4.017E+02   9.438E+01   0.000E+00   1.204E+00
   1.000E-04   4.369E+02   1.332E+02   0.000E+00   1.292E+00
   9.500E-05   4.478E+02   1.511E+02   0.000E+00   1.333E+00
   9.300E-05   4.513E+02   1.588E+02   0.000E+00   1.350E+00
   9.200E-05   4.529E+02   1.627E+02   0.000E+00   1.359E+00
   9.100E-05   4.542E+02   1.668E+02   0.000E+00   1.369E+00
   9.000E-05   4.555E+02   1.709E+02   0.000E+00   1.378E+00
   8.900E-05   4.566E+02   1.752E+02   0.000E+00   1.388E+00
   8.800E-05   4.576E+02   1.795E+02   0.000E+00   1.398E+00
   8.700E-05   4.585E+02   1.840E+02   0.000E+00   1.408E+00
   8.600E-05   4.593E+02   1.885E+02   0.000E+00   1.419E+00
   8.500E-05   4.601E+02   1.931E+02   0.000E+00   1.430E+00
   8.400E-05   4.608E+02   1.979E+02   0.000E+00   1.441E+00
   8.330E-05   4.612E+02   2.013E+02   0.000E+00   1.449E+00
   8.200E-05   4.618E+02   2.077E+02   0.000E+00   1.465E+00
   8.100E-05   4.622E+02   2.127E+02   0.000E+00   1.477E+00
   8.000E-05   4.625E+02   2.179E+02   0.000E+00   1.490E+00
   7.900E-05   4.625E+02   2.232E+02   0.000E+00   1.503E+00
   7.800E-05   4.622E+02   2.285E+02   0.000E+00   1.517E+00
   7.700E-05   4.618E+02   2.340E+02   0.000E+00   1.531E+00
   7.600E-05   4.610E+02   2.396E+02   0.000E+00   1.545E+00
   7.500E-05   4.598E+02   2.453E+02   0.000E+00   1.560E+00
   7.400E-05   4.583E+02   2.511E+02   0.000E+00   1.575E+00
   7.300E-05   4.565E+02   2.570E+02   0.000E+00   1.590E+00
   7.140E-05   4.528E+02   2.667E+02   0.000E+00   1.616E+00
   7.100E-05   4.518E+02   2.692E+02   0.000E+00   1.622E+00
   7.000E-05   4.489E+02   2.754E+02   0.000E+00   1.638E+00
   6.900E-05   4.457E+02   2.817E+02   0.000E+00   1.655E+00
   6.800E-05   4.421E+02   2.881E+02   0.000E+00   1.672E+00
   6.700E-05   4.381E+02   2.945E+02   0.000E+00   1.690E+00
   6.600E-05   4.338E+02   3.008E+02   0.000E+00   1.708E+00
   6.500E-05   4.290E+02   3.071E+02   0.000E+00   1.726E+00
   6.400E-05   4.238E+02   3.132E+02   0.000E+00   1.745E+00
   6.300E-05   4.182E+02   3.192E+02   0.000E+00   1.764E+00
   6.250E-05   4.152E+02   3.221E+02   0.000E+00   1.774E+00
   6.200E-05   4.121E+02   3.250E+02   0.000E+00   1.784E+00
   6.100E-05   4.056E+02   3.306E+02   0.000E+00   1.804E+00
   6.000E-05   3.986E+02   3.361E+02   0.000E+00   1.824E+00
   5.900E-05   3.911E+02   3.417E+02   0.000E+00   1.845E+00
   5.800E-05   3.832E+02   3.473E+02   0.000E+00   1.867E+00
   5.700E-05   3.747E+02   3.531E+02   0.000E+00   1.888E+00
   5.600E-05   3.656E+02   3.592E+02   0.000E+00   1.911E+00
   5.500E-05   3.561E+02   3.655E+02   0.000E+00   1.933E+00
   5.477E-05   3.538E+02   3.670E+02   0.000E+00   1.940E+00
   5.400E-05   3.460E+02   3.719E+02   0.000E+00   1.958E+00
   5.300E-05   3.355E+02   3.784E+02   0.000E+00   1.982E+00
   5.200E-05   3.246E+02   3.847E+02   0.000E+00   2.006E+00
   5.100E-05   3.134E+02   3.908E+02   0.000E+00   2.032E+00
   5.000E-05   3.020E+02   3.969E+02   0.000E+00   2.058E+00
   4.900E-05   2.904E+02   4.030E+02   0.000E+00   2.084E+00
   4.880E-05   2.881E+02   4.042E+02   0.000E+00   2.090E+00
   4.800E-05   2.787E+02   4.092E+02   0.000E+00   2.112E+00
   4.760E-05   2.740E+02   4.118E+02   0.000E+00   2.123E+00
   4.700E-05   2.669E+02   4.155E+02   0.000E+00   2.140E+00
   4.650E-05   2.610E+02   4.184E+02   0.000E+00   2.155E+00
   4.600E-05   2.551E+02   4.212E+02   0.000E+00   2.169E+00
   4.550E-05   2.490E+02   4.237E+02   0.000E+00   2.184E+00
   4.500E-05   2.431E+02   4.259E+02   0.000E+00   2.199E+00
   4.440E-05   2.358E+02   4.280E+02   0.000E+00   2.217E+00
   4.350E-05   2.248E+02   4.302E+02   0.000E+00   2.244E+00
   4.170E-05   2.027E+02   4.336E+02   0.000E+00   2.303E+00
   4.000E-05   1.816E+02   4.386E+02   0.000E+00   2.360E+00
   3.850E-05   1.629E+02   4.415E+02   0.000E+00   2.412E+00
   3.656E-05   1.392E+02   4.410E+02   0.000E+00   2.482E+00
   3.570E-05   1.288E+02   4.399E+02   0.000E+00   2.513E+00
   3.330E-05   1.008E+02   4.282E+02   0.000E+00   2.601E+00
   3.130E-05   7.868E+01   4.165E+02   0.000E+00   2.678E+00
   3.000E-05   6.504E+01   4.055E+02   0.000E+00   2.733E+00
   2.940E-05   5.899E+01   3.970E+02   0.000E+00   2.758E+00
   2.780E-05   4.298E+01   3.752E+02   0.000E+00   2.835E+00
   2.630E-05   3.166E+01   3.504E+02   0.000E+00   2.939E+00
   2.500E-05   2.476E+01   3.271E+02   0.000E+00   3.092E+00
   2.380E-05   2.004E+01   3.072E+02   0.000E+00   3.364E+00
   2.270E-05   1.723E+01   2.772E+02   0.000E+00   3.657E+00
   2.170E-05   1.599E+01   2.536E+02   0.000E+00   3.733E+00
   2.080E-05   1.569E+01   2.439E+02   0.000E+00   3.630E+00
   2.000E-05   1.581E+01   2.143E+02   0.000E+00   3.470E+00
   1.920E-05   1.561E+01   1.813E+02   0.000E+00   3.304E+00
   1.850E-05   1.578E+01   1.595E+02   0.000E+00   3.197E+00
   1.790E-05   1.678E+01   1.413E+02   0.000E+00   3.128E+00
   1.720E-05   1.819E+01   1.262E+02   0.000E+00   3.086E+00
   1.670E-05   1.957E+01   1.146E+02   0.000E+00   3.074E+00
   1.610E-05   2.216E+01   9.901E+01   0.000E+00   3.088E+00
   1.560E-05   2.462E+01   8.412E+01   0.000E+00   3.122E+00
   1.520E-05   2.671E+01   7.008E+01   0.000E+00   3.168E+00
   1.470E-05   2.957E+01   5.124E+01   0.000E+00   3.237E+00
   1.430E-05   3.201E+01   3.583E+01   0.000E+00   3.302E+00
   1.390E-05   3.431E+01   2.620E+01   0.000E+00   3.353E+00
   1.350E-05   3.617E+01   2.022E+01   0.000E+00   3.404E+00
   1.320E-05   3.735E+01   1.813E+01   0.000E+00   3.445E+00
   1.280E-05   3.890E+01   1.756E+01   0.000E+00   3.513E+00
   1.250E-05   4.022E+01   1.697E+01   0.000E+00   3.576E+00
   1.220E-05   4.161E+01   1.669E+01   0.000E+00   3.653E+00
   1.190E-05   4.297E+01   1.766E+01   0.000E+00   3.749E+00
   1.160E-05   4.417E+01   1.952E+01   0.000E+00   3.856E+00
   1.140E-05   4.485E+01   2.207E+01   0.000E+00   3.936E+00
   1.110E-05   4.569E+01   2.719E+01   0.000E+00   4.069E+00
   1.080E-05   4.628E+01   3.372E+01   0.000E+00   4.281E+00
   1.050E-05   4.663E+01   4.008E+01   0.000E+00   4.551E+00
   1.030E-05   4.673E+01   4.439E+01   0.000E+00   4.783E+00
   1.000E-05   4.665E+01   5.065E+01   0.000E+00   5.121E+00
   9.750E-06   4.641E+01   5.601E+01   0.000E+00   5.444E+00
   9.500E-06   4.601E+01   6.117E+01   0.000E+00   5.800E+00
   9.250E-06   4.544E+01   6.613E+01   0.000E+00   6.107E+00
   9.080E-06   4.495E+01   6.273E+01   0.000E+00   6.271E+00
