  ++++++++++++++++++++++++++++++++++++++++++++++++++++++++++++++++++++++++
   --> crossec_dd              START                            ++++++++++
  
 ** Reading 8 input parameters from file jsm12fit.inp
 ** Reading 2 input parameters from file jsmTaufit.inp
               ** Rv(Av), tauV, ebv_obs=      7.00    1.94    0.30
               ** abuc                 =       56.75
               ** abusi                =       15.00
               ** abuvsi               =        4.49
               ** abucvgr              =       12.51
               ** abucpah              =        4.91
               ** fDark                =        0.33
               ** qmrn                 =        2.36
               ** alec                 =    2.97E-05
               ** alesi                =    2.45E-05
               ** arad_polmin_aC       =    1.20E-05
               ** arad_polmin_Si       =    8.00E-06
               ** arad_Darkmax         =    3.10E-04
     *** 5% vaccum and Demyk+22 mix := X50A (92.2%) and E20R 2.8% per volumne
     ***     porosity of aC and SI Mix     0.05
  *** rhc, rhgr, rhsi, wmol  1.52E+00  2.24E+00  2.58E+00  1.00E+02
  Relative volume in Dark dust  :
       aC        Si        Eis       Vac       total
       0.30      0.50      0.00      0.20      1.00
     Density of porous Dark dust =    1.75
     ***     open:   d.QSi_X922E028V005_idg60 
     ***     open:   d.QellipaC
     ***     open:   d.QellipDark
 0  2.0  X92E3V5   2  1.0                                                       
 0  2.0  ACH2_zub  2 10.000                                                     
 0  1.0  Si50C30V  0    0                                                       
# graphiteDraine2003 nw =          283 nr =            5                        
# asil_D03 nw =          283 nr =            5                                  
       Radii aC  :    6.00E-07  2.97E-05    1   81
       Radii Si  :    6.00E-07  2.45E-05    1   77
       Radii Dark :   2.97E-05  3.09E-04   81  129
       small PAH: zcpah, zhpah
                   30.0   12.0
   Change 2175AA PAH bump using ./Input/PAH2170.wq
   wel(ir_res(18)), x2170, gam2170,  gam_res(18) 
    0.2270     4.41     1.91  1.800E+15     old : as in data statement    
    0.2179     4.59     0.71  1.346E+15     used: as in ./Input/PAH2170.wq
   --- iter=  1  : Mmrn, Mdark, fdark, del     0.13     0.87     0.60     0.80
       small PAH: zcpah, zhpah
                   30.0   12.0
   Change 2175AA PAH bump using ./Input/PAH2170.wq
   wel(ir_res(18)), x2170, gam2170,  gam_res(18) 
    0.2270     4.41     1.43  1.346E+15     old : as in data statement    
    0.2179     4.59     0.71  1.346E+15     used: as in ./Input/PAH2170.wq
   --- iter=  2  : Mmrn, Mdark, fdark, del     0.32     0.68     0.64     0.07
       small PAH: zcpah, zhpah
                   30.0   12.0
   Change 2175AA PAH bump using ./Input/PAH2170.wq
   wel(ir_res(18)), x2170, gam2170,  gam_res(18) 
    0.2270     4.41     1.43  1.346E+15     old : as in data statement    
    0.2179     4.59     0.71  1.346E+15     used: as in ./Input/PAH2170.wq
   --- iter=  3  : Mmrn, Mdark, fdark, del     0.36     0.64     0.64     0.00
     abusi    abuc_tot abucaC     abugr   abuvsi  abucpahs  abucpahb 
     15.0     74.2     56.8     12.5      4.5      4.9      0.0
  acmass,   Simass,   vgrmass,  vsimass,  pahmass,  tmassDark 
  8.14E-02  1.79E-01  1.79E-02  7.22E-02  7.04E-03  6.42E-01
 Mass of MRN, Dark, Mtot, fDar   0.36   0.64   1.00   0.64
          Tab2: tauV_tot, tauV_dark   =     1.94    0.80
          N_large+vsg,   N_dark       =    1.037E-04   1.881E-04
          Mass_mrn, Mass_dark, fdark  =    3.555E-01   6.445E-01   6.434E-01
                                        
  ++++++++++++++++++++++++++++++++++++++++++++++++++++++++++++++++++++++++++++++
  +++ Dark dust model (Siebennmorgen 2023 A&A, 670A, 115                     +++
  +++ Amount of dark dust: Eq.2,3 in SC 2023 doi: 10.48550/arXiv.2311.03310) +++
  +++                crossec_dd              DONE                     ++++++++++
         
