 # Optical depth (Siebenmorgen 2023, A&A 670A,115; SC 2023 doi: 10.48550/arXiv.2311.03310)
 # wel(cm) sa_aC    ss_aC    sa_Si    ss_Si    sa_vgr   ss_vgr   sa_vsi   ss_vsi   s_pahS+B sa_Dark  ss_Dark sigt 
 # ------------------------------------------------------------------------------------------------------------- 
1.000E+00 1.65E-07 9.15E-17 6.41E-07 1.16E-16 1.53E-08 1.31E-22 2.01E-07 3.07E-22 6.91E-12 7.73E-06 1.68E-12 8.751E-06
9.000E-01 1.93E-07 1.39E-16 7.57E-07 1.77E-16 1.95E-08 1.99E-22 2.39E-07 4.68E-22 8.54E-12 9.00E-06 2.56E-12 1.021E-05
8.000E-01 2.31E-07 2.23E-16 9.11E-07 2.84E-16 2.55E-08 3.19E-22 2.91E-07 7.49E-22 1.08E-11 1.07E-05 4.10E-12 1.214E-05
7.000E-01 2.82E-07 3.81E-16 1.13E-06 4.84E-16 3.41E-08 5.45E-22 3.58E-07 1.28E-21 1.41E-11 1.30E-05 6.98E-12 1.477E-05
6.000E-01 3.58E-07 7.05E-16 1.44E-06 8.96E-16 4.74E-08 1.01E-21 4.60E-07 2.37E-21 1.92E-11 1.63E-05 1.29E-11 1.856E-05
5.500E-01 4.09E-07 9.99E-16 1.65E-06 1.27E-15 5.68E-08 1.43E-21 5.31E-07 3.35E-21 2.29E-11 1.85E-05 1.83E-11 2.113E-05
5.000E-01 4.74E-07 1.46E-15 1.92E-06 1.86E-15 6.88E-08 2.09E-21 6.15E-07 4.90E-21 2.77E-11 2.13E-05 2.67E-11 2.435E-05
4.500E-01 5.58E-07 2.23E-15 2.28E-06 2.83E-15 8.47E-08 3.19E-21 7.33E-07 7.47E-21 3.41E-11 2.49E-05 4.07E-11 2.852E-05
4.000E-01 6.71E-07 3.57E-15 2.75E-06 4.54E-15 1.06E-07 5.11E-21 8.81E-07 1.20E-20 4.32E-11 2.96E-05 6.52E-11 3.403E-05
3.500E-01 8.27E-07 6.08E-15 3.41E-06 7.74E-15 1.36E-07 8.72E-21 1.10E-06 2.04E-20 5.64E-11 3.62E-05 1.11E-10 4.167E-05
3.000E-01 1.06E-06 1.13E-14 4.38E-06 1.43E-14 1.79E-07 1.62E-20 1.40E-06 3.78E-20 7.68E-11 4.56E-05 2.05E-10 5.263E-05
2.500E-01 1.42E-06 2.33E-14 5.88E-06 2.97E-14 2.44E-07 3.35E-20 1.88E-06 7.83E-20 1.11E-10 6.02E-05 4.25E-10 6.959E-05
2.098E-01 1.88E-06 4.70E-14 7.82E-06 6.00E-14 3.25E-07 6.75E-20 2.50E-06 1.58E-19 1.57E-10 7.87E-05 8.54E-10 9.123E-05
1.500E-01 3.27E-06 1.80E-13 1.35E-05 2.30E-13 6.20E-07 2.58E-19 4.28E-06 6.03E-19 3.07E-10 1.32E-04 3.25E-09 1.542E-04
1.382E-01 3.75E-06 2.49E-13 1.55E-05 3.19E-13 7.31E-07 3.59E-19 4.91E-06 8.37E-19 3.62E-10 1.51E-04 4.51E-09 1.757E-04
1.320E-01 4.05E-06 3.00E-13 1.67E-05 3.83E-13 8.00E-07 4.31E-19 5.28E-06 1.01E-18 3.97E-10 1.62E-04 5.42E-09 1.889E-04
1.150E-01 5.12E-06 5.20E-13 2.09E-05 6.64E-13 1.05E-06 7.48E-19 6.60E-06 1.74E-18 5.23E-10 2.02E-04 9.38E-09 2.356E-04
1.000E-01 6.52E-06 9.09E-13 2.63E-05 1.16E-12 1.38E-06 1.31E-18 8.24E-06 3.05E-18 6.92E-10 2.53E-04 1.64E-08 2.953E-04
9.970E-02 6.55E-06 9.20E-13 2.65E-05 1.18E-12 1.39E-06 1.32E-18 8.28E-06 3.09E-18 6.96E-10 2.54E-04 1.66E-08 2.967E-04
8.670E-02 8.25E-06 1.61E-12 3.34E-05 2.06E-12 1.83E-06 2.31E-18 1.04E-05 5.39E-18 9.20E-10 3.16E-04 2.89E-08 3.700E-04
8.500E-02 8.54E-06 1.74E-12 3.45E-05 2.23E-12 1.90E-06 2.51E-18 1.07E-05 5.84E-18 9.57E-10 3.27E-04 3.13E-08 3.826E-04
7.500E-02 1.08E-05 2.87E-12 4.24E-05 3.68E-12 2.42E-06 4.13E-18 1.31E-05 9.63E-18 1.23E-09 4.08E-04 5.16E-08 4.773E-04
6.000E-02 1.60E-05 7.01E-12 6.12E-05 9.02E-12 3.72E-06 1.01E-17 1.90E-05 2.35E-17 1.92E-09 5.81E-04 1.25E-07 6.815E-04
5.500E-02 1.85E-05 9.93E-12 6.86E-05 1.28E-11 4.39E-06 1.43E-17 2.22E-05 3.33E-17 2.29E-09 6.71E-04 1.77E-07 7.852E-04
5.000E-02 2.20E-05 1.46E-11 8.50E-05 1.89E-11 5.23E-06 2.09E-17 2.64E-05 4.88E-17 2.77E-09 7.96E-04 2.60E-07 9.350E-04
4.500E-02 2.71E-05 2.22E-11 1.13E-04 2.91E-11 6.39E-06 3.19E-17 3.23E-05 7.44E-17 3.42E-09 9.73E-04 3.96E-07 1.151E-03
4.000E-02 3.48E-05 3.56E-11 1.50E-04 4.70E-11 7.96E-06 5.11E-17 4.08E-05 1.19E-16 4.33E-09 1.22E-03 6.32E-07 1.458E-03
3.500E-02 4.37E-05 6.08E-11 2.29E-04 8.09E-11 1.02E-05 8.71E-17 5.40E-05 2.04E-16 5.65E-09 1.51E-03 1.08E-06 1.847E-03
3.000E-02 6.16E-05 1.13E-10 3.57E-04 1.50E-10 1.36E-05 1.61E-16 7.58E-05 3.78E-16 7.70E-09 2.07E-03 1.99E-06 2.582E-03
2.750E-02 7.35E-05 1.60E-10 4.49E-04 2.13E-10 1.60E-05 2.29E-16 9.25E-05 5.37E-16 9.16E-09 2.42E-03 2.81E-06 3.058E-03
2.500E-02 8.85E-05 2.35E-10 5.71E-04 3.12E-10 1.91E-05 3.35E-16 1.16E-04 7.86E-16 1.11E-08 2.90E-03 4.11E-06 3.702E-03
2.400E-02 9.72E-05 2.77E-10 6.32E-04 3.67E-10 2.07E-05 3.94E-16 1.27E-04 9.25E-16 1.20E-08 3.12E-03 4.82E-06 4.005E-03
2.000E-02 1.42E-04 5.79E-10 9.85E-04 7.49E-10 2.93E-05 8.19E-16 1.83E-04 1.92E-15 1.74E-08 4.40E-03 9.97E-06 5.752E-03
1.800E-02 1.77E-04 8.88E-10 1.22E-03 1.12E-09 3.60E-05 1.25E-15 2.28E-04 2.92E-15 2.15E-08 5.41E-03 1.52E-05 7.087E-03
1.600E-02 2.35E-04 1.43E-09 1.52E-03 1.76E-09 4.56E-05 2.00E-15 2.91E-04 4.68E-15 2.72E-08 6.83E-03 2.42E-05 8.943E-03
1.500E-02 2.80E-04 1.86E-09 1.70E-03 2.25E-09 5.19E-05 2.60E-15 3.30E-04 6.07E-15 3.10E-08 7.76E-03 3.11E-05 1.016E-02
1.400E-02 3.19E-04 2.46E-09 1.91E-03 2.93E-09 6.00E-05 3.43E-15 3.81E-04 8.00E-15 3.56E-08 8.65E-03 4.10E-05 1.137E-02
1.200E-02 4.87E-04 4.61E-09 2.44E-03 5.25E-09 8.34E-05 6.38E-15 5.22E-04 1.48E-14 4.86E-08 1.17E-02 7.48E-05 1.531E-02
1.000E-02 7.38E-04 9.68E-09 3.22E-03 1.04E-08 1.26E-04 1.33E-14 7.62E-04 3.08E-14 7.03E-08 1.61E-02 1.54E-04 2.114E-02
9.000E-03 9.83E-04 1.49E-08 3.67E-03 1.54E-08 1.62E-04 2.04E-14 9.51E-04 4.70E-14 8.72E-08 1.98E-02 2.32E-04 2.577E-02
8.000E-03 1.31E-03 2.35E-08 4.26E-03 2.44E-08 2.17E-04 3.30E-14 1.22E-03 7.53E-14 1.11E-07 2.37E-02 3.64E-04 3.103E-02
7.500E-03 1.53E-03 3.08E-08 4.71E-03 3.15E-08 2.56E-04 4.29E-14 1.40E-03 9.76E-14 1.27E-07 2.69E-02 4.72E-04 3.526E-02
7.000E-03 1.84E-03 4.03E-08 5.29E-03 4.11E-08 3.07E-04 5.69E-14 1.62E-03 1.29E-13 1.46E-07 3.04E-02 6.14E-04 4.006E-02
6.000E-03 2.65E-03 7.32E-08 6.78E-03 7.51E-08 4.73E-04 1.07E-13 2.26E-03 2.38E-13 2.02E-07 3.98E-02 1.12E-03 5.304E-02
5.000E-03 3.77E-03 1.43E-07 9.64E-03 1.53E-07 8.29E-04 2.28E-13 3.32E-03 4.91E-13 2.98E-07 5.40E-02 2.26E-03 7.382E-02
4.500E-03 4.65E-03 2.08E-07 1.18E-02 2.28E-07 1.17E-03 3.51E-13 4.15E-03 7.45E-13 3.76E-07 6.49E-02 3.37E-03 9.005E-02
4.000E-03 5.53E-03 3.09E-07 1.47E-02 3.42E-07 1.72E-03 5.59E-13 5.30E-03 1.18E-12 4.92E-07 7.88E-02 5.26E-03 1.113E-01
3.500E-03 6.68E-03 4.89E-07 1.81E-02 5.40E-07 2.38E-03 8.94E-13 6.91E-03 1.99E-12 6.79E-07 9.86E-02 8.68E-03 1.414E-01
3.000E-03 8.25E-03 8.08E-07 2.23E-02 8.67E-07 2.52E-03 1.40E-12 9.45E-03 3.63E-12 1.04E-06 1.28E-01 1.51E-02 1.854E-01
2.750E-03 9.04E-03 1.06E-06 2.44E-02 1.12E-06 2.17E-03 1.80E-12 1.14E-02 5.06E-12 1.41E-06 1.46E-01 2.00E-02 2.134E-01
2.500E-03 9.76E-03 1.41E-06 2.67E-02 1.46E-06 1.71E-03 2.48E-12 1.39E-02 7.29E-12 2.37E-06 1.68E-01 2.69E-02 2.470E-01
2.400E-03 1.01E-02 1.61E-06 2.77E-02 1.64E-06 1.53E-03 2.87E-12 1.52E-02 8.46E-12 3.33E-06 1.78E-01 3.01E-02 2.622E-01
2.350E-03 1.03E-02 1.73E-06 2.82E-02 1.74E-06 1.45E-03 3.11E-12 1.59E-02 9.14E-12 3.95E-06 1.83E-01 3.19E-02 2.705E-01
2.320E-03 1.05E-02 1.79E-06 2.85E-02 1.81E-06 1.40E-03 3.27E-12 1.63E-02 9.57E-12 4.26E-06 1.86E-01 3.29E-02 2.754E-01
2.310E-03 1.05E-02 1.82E-06 2.87E-02 1.83E-06 1.39E-03 3.32E-12 1.65E-02 9.72E-12 4.34E-06 1.87E-01 3.33E-02 2.770E-01
2.300E-03 1.05E-02 1.84E-06 2.88E-02 1.85E-06 1.37E-03 3.38E-12 1.66E-02 9.88E-12 4.40E-06 1.88E-01 3.36E-02 2.787E-01
2.250E-03 1.07E-02 1.97E-06 2.94E-02 1.97E-06 1.30E-03 3.68E-12 1.75E-02 1.07E-11 4.58E-06 1.93E-01 3.55E-02 2.876E-01
2.200E-03 1.09E-02 2.11E-06 3.01E-02 2.10E-06 1.23E-03 4.02E-12 1.84E-02 1.16E-11 4.81E-06 1.98E-01 3.73E-02 2.965E-01
2.150E-03 1.11E-02 2.27E-06 3.09E-02 2.23E-06 1.16E-03 4.40E-12 1.94E-02 1.25E-11 5.26E-06 2.04E-01 3.92E-02 3.053E-01
2.120E-03 1.12E-02 2.37E-06 3.14E-02 2.31E-06 1.13E-03 4.66E-12 2.00E-02 1.32E-11 5.49E-06 2.07E-01 4.03E-02 3.108E-01
2.110E-03 1.13E-02 2.40E-06 3.15E-02 2.34E-06 1.12E-03 4.75E-12 2.02E-02 1.34E-11 5.52E-06 2.08E-01 4.07E-02 3.126E-01
2.100E-03 1.13E-02 2.43E-06 3.17E-02 2.36E-06 1.10E-03 4.84E-12 2.04E-02 1.36E-11 5.53E-06 2.09E-01 4.10E-02 3.144E-01
2.080E-03 1.14E-02 2.49E-06 3.19E-02 2.41E-06 1.08E-03 5.03E-12 2.08E-02 1.40E-11 5.49E-06 2.11E-01 4.16E-02 3.175E-01
2.000E-03 1.15E-02 2.81E-06 3.29E-02 2.60E-06 1.00E-03 5.89E-12 2.29E-02 1.59E-11 5.21E-06 2.18E-01 4.46E-02 3.313E-01
1.950E-03 1.17E-02 3.05E-06 3.34E-02 2.70E-06 9.61E-04 6.53E-12 2.42E-02 1.69E-11 5.62E-06 2.22E-01 4.57E-02 3.381E-01
1.900E-03 1.20E-02 3.33E-06 3.36E-02 2.77E-06 9.22E-04 7.25E-12 2.52E-02 1.77E-11 6.80E-06 2.25E-01 4.66E-02 3.430E-01
1.850E-03 1.22E-02 3.64E-06 3.34E-02 2.80E-06 8.88E-04 8.09E-12 2.58E-02 1.81E-11 8.79E-06 2.25E-01 4.72E-02 3.445E-01
1.830E-03 1.23E-02 3.77E-06 3.32E-02 2.80E-06 8.76E-04 8.45E-12 2.59E-02 1.82E-11 9.49E-06 2.25E-01 4.73E-02 3.443E-01
1.820E-03 1.24E-02 3.83E-06 3.30E-02 2.80E-06 8.70E-04 8.64E-12 2.59E-02 1.83E-11 9.72E-06 2.24E-01 4.73E-02 3.439E-01
1.810E-03 1.24E-02 3.90E-06 3.28E-02 2.79E-06 8.64E-04 8.84E-12 2.58E-02 1.83E-11 9.87E-06 2.24E-01 4.75E-02 3.433E-01
1.800E-03 1.25E-02 3.98E-06 3.27E-02 2.79E-06 8.58E-04 9.04E-12 2.57E-02 1.83E-11 9.94E-06 2.24E-01 4.76E-02 3.429E-01
1.750E-03 1.28E-02 4.35E-06 3.13E-02 2.72E-06 8.33E-04 1.01E-11 2.51E-02 1.84E-11 1.02E-05 2.20E-01 4.82E-02 3.386E-01
1.700E-03 1.29E-02 4.76E-06 2.90E-02 2.61E-06 8.14E-04 1.14E-11 2.39E-02 1.86E-11 1.25E-05 2.16E-01 4.94E-02 3.316E-01
1.670E-03 1.31E-02 5.07E-06 2.71E-02 2.53E-06 8.04E-04 1.23E-11 2.30E-02 1.88E-11 1.47E-05 2.13E-01 5.05E-02 3.278E-01
1.650E-03 1.33E-02 5.29E-06 2.57E-02 2.49E-06 7.99E-04 1.29E-11 2.23E-02 1.90E-11 1.55E-05 2.12E-01 5.14E-02 3.252E-01
1.640E-03 1.34E-02 5.40E-06 2.50E-02 2.48E-06 7.96E-04 1.32E-11 2.19E-02 1.91E-11 1.55E-05 2.11E-01 5.18E-02 3.237E-01
1.630E-03 1.34E-02 5.51E-06 2.42E-02 2.46E-06 7.94E-04 1.36E-11 2.15E-02 1.93E-11 1.52E-05 2.10E-01 5.23E-02 3.222E-01
1.610E-03 1.36E-02 5.72E-06 2.25E-02 2.45E-06 7.90E-04 1.43E-11 2.08E-02 1.98E-11 1.42E-05 2.08E-01 5.35E-02 3.195E-01
1.600E-03 1.36E-02 5.84E-06 2.16E-02 2.46E-06 7.88E-04 1.46E-11 2.04E-02 2.00E-11 1.37E-05 2.07E-01 5.42E-02 3.182E-01
1.590E-03 1.37E-02 5.96E-06 2.07E-02 2.48E-06 7.86E-04 1.50E-11 2.01E-02 2.03E-11 1.33E-05 2.07E-01 5.49E-02 3.170E-01
1.580E-03 1.38E-02 6.08E-06 1.99E-02 2.51E-06 7.85E-04 1.54E-11 1.97E-02 2.07E-11 1.31E-05 2.06E-01 5.57E-02 3.159E-01
1.570E-03 1.38E-02 6.20E-06 1.90E-02 2.56E-06 7.84E-04 1.58E-11 1.93E-02 2.11E-11 1.29E-05 2.05E-01 5.66E-02 3.148E-01
1.560E-03 1.39E-02 6.34E-06 1.81E-02 2.63E-06 7.83E-04 1.62E-11 1.90E-02 2.15E-11 1.26E-05 2.05E-01 5.75E-02 3.141E-01
1.540E-03 1.41E-02 6.61E-06 1.66E-02 2.82E-06 7.81E-04 1.71E-11 1.83E-02 2.25E-11 1.23E-05 2.04E-01 5.95E-02 3.133E-01
1.520E-03 1.42E-02 6.86E-06 1.55E-02 3.10E-06 7.81E-04 1.80E-11 1.76E-02 2.37E-11 1.30E-05 2.03E-01 6.17E-02 3.128E-01
1.510E-03 1.43E-02 6.99E-06 1.50E-02 3.26E-06 7.80E-04 1.85E-11 1.73E-02 2.44E-11 1.34E-05 2.03E-01 6.29E-02 3.128E-01
1.500E-03 1.43E-02 7.12E-06 1.47E-02 3.44E-06 7.80E-04 1.90E-11 1.70E-02 2.52E-11 1.35E-05 2.02E-01 6.42E-02 3.131E-01
1.450E-03 1.45E-02 7.96E-06 1.40E-02 4.46E-06 7.85E-04 2.18E-11 1.56E-02 3.05E-11 1.72E-05 2.03E-01 7.30E-02 3.210E-01
1.440E-03 1.46E-02 8.14E-06 1.40E-02 4.68E-06 7.87E-04 2.25E-11 1.54E-02 3.18E-11 1.91E-05 2.04E-01 7.51E-02 3.235E-01
1.430E-03 1.47E-02 8.33E-06 1.40E-02 4.91E-06 7.88E-04 2.31E-11 1.54E-02 3.35E-11 2.06E-05 2.05E-01 7.75E-02 3.272E-01
1.420E-03 1.47E-02 8.52E-06 1.40E-02 5.14E-06 7.90E-04 2.38E-11 1.53E-02 3.53E-11 2.15E-05 2.06E-01 7.99E-02 3.311E-01
1.400E-03 1.49E-02 8.94E-06 1.40E-02 5.63E-06 7.95E-04 2.52E-11 1.54E-02 3.92E-11 2.35E-05 2.10E-01 8.50E-02 3.406E-01
1.380E-03 1.50E-02 9.35E-06 1.40E-02 6.17E-06 8.00E-04 2.67E-11 1.58E-02 4.38E-11 2.97E-05 2.16E-01 9.02E-02 3.517E-01
1.370E-03 1.51E-02 9.58E-06 1.40E-02 6.46E-06 8.03E-04 2.75E-11 1.63E-02 4.63E-11 3.54E-05 2.19E-01 9.27E-02 3.580E-01
1.360E-03 1.52E-02 9.83E-06 1.40E-02 6.77E-06 8.07E-04 2.83E-11 1.68E-02 4.89E-11 4.11E-05 2.23E-01 9.52E-02 3.646E-01
1.350E-03 1.53E-02 1.01E-05 1.41E-02 7.09E-06 8.11E-04 2.92E-11 1.72E-02 5.16E-11 4.40E-05 2.26E-01 9.76E-02 3.712E-01
1.340E-03 1.54E-02 1.03E-05 1.41E-02 7.43E-06 8.14E-04 3.01E-11 1.78E-02 5.43E-11 4.78E-05 2.30E-01 9.96E-02 3.776E-01
1.330E-03 1.55E-02 1.06E-05 1.42E-02 7.80E-06 8.18E-04 3.10E-11 1.85E-02 5.71E-11 5.54E-05 2.33E-01 1.01E-01 3.839E-01
1.320E-03 1.56E-02 1.08E-05 1.43E-02 8.19E-06 8.23E-04 3.20E-11 1.91E-02 6.00E-11 6.85E-05 2.37E-01 1.03E-01 3.902E-01
1.310E-03 1.57E-02 1.11E-05 1.44E-02 8.60E-06 8.27E-04 3.30E-11 1.98E-02 6.30E-11 8.99E-05 2.40E-01 1.05E-01 3.963E-01
1.290E-03 1.58E-02 1.15E-05 1.48E-02 9.52E-06 8.37E-04 3.51E-11 2.12E-02 6.95E-11 1.86E-04 2.47E-01 1.09E-01 4.085E-01
1.280E-03 1.58E-02 1.18E-05 1.50E-02 1.00E-05 8.43E-04 3.62E-11 2.21E-02 7.29E-11 2.73E-04 2.51E-01 1.10E-01 4.150E-01
1.270E-03 1.59E-02 1.22E-05 1.51E-02 1.05E-05 8.48E-04 3.74E-11 2.30E-02 7.66E-11 3.30E-04 2.55E-01 1.12E-01 4.215E-01
1.260E-03 1.59E-02 1.25E-05 1.53E-02 1.12E-05 8.54E-04 3.86E-11 2.40E-02 8.02E-11 2.84E-04 2.58E-01 1.13E-01 4.275E-01
1.250E-03 1.60E-02 1.28E-05 1.56E-02 1.18E-05 8.60E-04 3.99E-11 2.49E-02 8.39E-11 2.10E-04 2.62E-01 1.14E-01 4.334E-01
1.220E-03 1.63E-02 1.39E-05 1.77E-02 1.47E-05 8.78E-04 4.40E-11 2.80E-02 9.61E-11 1.64E-04 2.72E-01 1.18E-01 4.530E-01
1.210E-03 1.64E-02 1.43E-05 1.93E-02 1.58E-05 8.84E-04 4.55E-11 2.92E-02 1.01E-10 1.88E-04 2.76E-01 1.18E-01 4.601E-01
1.200E-03 1.64E-02 1.47E-05 2.13E-02 1.69E-05 8.91E-04 4.71E-11 3.04E-02 1.05E-10 2.08E-04 2.79E-01 1.19E-01 4.677E-01
1.190E-03 1.66E-02 1.51E-05 2.35E-02 1.78E-05 8.98E-04 4.87E-11 3.18E-02 1.10E-10 2.08E-04 2.83E-01 1.20E-01 4.758E-01
1.180E-03 1.67E-02 1.55E-05 2.58E-02 1.87E-05 9.05E-04 5.04E-11 3.31E-02 1.15E-10 2.07E-04 2.86E-01 1.20E-01 4.828E-01
1.170E-03 1.68E-02 1.59E-05 2.78E-02 1.93E-05 9.12E-04 5.23E-11 3.45E-02 1.20E-10 2.30E-04 2.89E-01 1.20E-01 4.897E-01
1.160E-03 1.69E-02 1.64E-05 2.97E-02 1.99E-05 9.24E-04 5.44E-11 3.58E-02 1.25E-10 2.96E-04 2.92E-01 1.20E-01 4.960E-01
1.150E-03 1.70E-02 1.68E-05 3.13E-02 2.04E-05 1.30E-03 5.38E-11 3.72E-02 1.30E-10 4.33E-04 2.94E-01 1.21E-01 5.023E-01
1.140E-03 1.71E-02 1.72E-05 3.27E-02 2.09E-05 9.63E-04 5.73E-11 3.86E-02 1.35E-10 6.51E-04 2.97E-01 1.21E-01 5.080E-01
1.130E-03 1.71E-02 1.77E-05 3.40E-02 2.14E-05 9.62E-04 5.96E-11 4.02E-02 1.42E-10 7.95E-04 3.00E-01 1.21E-01 5.141E-01
1.120E-03 1.72E-02 1.82E-05 3.51E-02 2.19E-05 9.68E-04 6.18E-11 4.19E-02 1.48E-10 6.40E-04 3.03E-01 1.21E-01 5.195E-01
1.110E-03 1.72E-02 1.87E-05 3.62E-02 2.24E-05 9.76E-04 6.42E-11 4.37E-02 1.54E-10 4.06E-04 3.05E-01 1.21E-01 5.248E-01
1.090E-03 1.73E-02 1.98E-05 3.84E-02 2.34E-05 9.96E-04 6.91E-11 4.74E-02 1.68E-10 1.69E-04 3.10E-01 1.21E-01 5.353E-01
1.050E-03 1.77E-02 2.26E-05 4.24E-02 2.52E-05 1.04E-03 8.03E-11 5.73E-02 1.99E-10 5.54E-05 3.20E-01 1.18E-01 5.564E-01
1.000E-03 1.84E-02 2.67E-05 4.63E-02 2.67E-05 1.11E-03 9.78E-11 6.63E-02 2.13E-10 2.76E-05 3.19E-01 1.09E-01 5.600E-01
9.800E-04 1.87E-02 2.86E-05 4.72E-02 2.66E-05 1.14E-03 1.06E-10 6.96E-02 2.19E-10 2.39E-05 3.18E-01 1.06E-01 5.603E-01
9.600E-04 1.89E-02 3.07E-05 4.70E-02 2.59E-05 1.18E-03 1.15E-10 7.28E-02 2.21E-10 2.20E-05 3.15E-01 1.01E-01 5.561E-01
9.500E-04 1.92E-02 3.17E-05 4.64E-02 2.54E-05 1.19E-03 1.20E-10 7.35E-02 2.16E-10 2.17E-05 3.12E-01 9.79E-02 5.502E-01
9.400E-04 1.93E-02 3.27E-05 4.56E-02 2.49E-05 1.21E-03 1.25E-10 7.33E-02 2.07E-10 2.17E-05 3.07E-01 9.39E-02 5.407E-01
9.200E-04 1.96E-02 3.50E-05 4.34E-02 2.39E-05 1.25E-03 1.37E-10 6.82E-02 1.72E-10 2.32E-05 2.93E-01 8.51E-02 5.109E-01
8.900E-04 2.01E-02 3.91E-05 3.84E-02 2.23E-05 1.32E-03 1.56E-10 5.39E-02 1.10E-10 3.41E-05 2.67E-01 7.46E-02 4.552E-01
8.700E-04 2.02E-02 4.18E-05 3.48E-02 2.20E-05 1.36E-03 1.71E-10 4.49E-02 8.19E-11 7.72E-05 2.51E-01 7.15E-02 4.233E-01
8.600E-04 2.04E-02 4.35E-05 3.30E-02 2.19E-05 1.39E-03 1.79E-10 4.12E-02 7.23E-11 1.17E-04 2.44E-01 7.11E-02 4.116E-01
8.500E-04 2.05E-02 4.50E-05 3.11E-02 2.19E-05 1.41E-03 1.87E-10 3.80E-02 6.44E-11 8.31E-05 2.38E-01 7.08E-02 4.002E-01
8.400E-04 2.07E-02 4.70E-05 2.90E-02 2.19E-05 1.44E-03 1.97E-10 3.47E-02 5.64E-11 5.94E-05 2.32E-01 7.05E-02 3.884E-01
8.200E-04 2.09E-02 5.01E-05 2.42E-02 2.25E-05 1.50E-03 2.16E-10 2.68E-02 4.05E-11 6.04E-05 2.15E-01 7.05E-02 3.594E-01
8.000E-04 2.12E-02 5.43E-05 1.95E-02 2.48E-05 1.56E-03 2.39E-10 1.83E-02 3.12E-11 8.87E-05 1.98E-01 7.52E-02 3.341E-01
7.900E-04 2.14E-02 5.67E-05 1.77E-02 2.67E-05 1.59E-03 2.51E-10 1.54E-02 3.36E-11 1.11E-04 1.93E-01 8.07E-02 3.304E-01
7.800E-04 2.15E-02 5.87E-05 1.63E-02 2.89E-05 1.62E-03 2.64E-10 1.25E-02 3.81E-11 1.33E-04 1.88E-01 8.67E-02 3.267E-01
7.700E-04 2.16E-02 6.09E-05 1.50E-02 3.13E-05 1.65E-03 2.78E-10 1.03E-02 4.54E-11 1.43E-04 1.84E-01 9.39E-02 3.266E-01
7.600E-04 2.16E-02 6.34E-05 1.39E-02 3.39E-05 1.69E-03 2.93E-10 8.74E-03 5.53E-11 1.32E-04 1.82E-01 1.02E-01 3.299E-01
7.500E-04 2.17E-02 6.60E-05 1.30E-02 3.68E-05 1.72E-03 3.09E-10 7.34E-03 6.73E-11 1.09E-04 1.80E-01 1.11E-01 3.345E-01
7.300E-04 2.19E-02 7.23E-05 1.15E-02 4.35E-05 1.80E-03 3.44E-10 6.15E-03 9.60E-11 6.74E-05 1.82E-01 1.28E-01 3.510E-01
7.200E-04 2.20E-02 7.53E-05 1.10E-02 4.73E-05 1.84E-03 3.63E-10 5.95E-03 1.11E-10 5.59E-05 1.83E-01 1.35E-01 3.588E-01
7.100E-04 2.20E-02 7.88E-05 1.07E-02 5.12E-05 1.88E-03 3.84E-10 5.77E-03 1.28E-10 5.46E-05 1.84E-01 1.43E-01 3.679E-01
7.000E-04 2.23E-02 8.27E-05 1.04E-02 5.52E-05 1.92E-03 4.06E-10 5.71E-03 1.45E-10 7.64E-05 1.86E-01 1.50E-01 3.771E-01
6.900E-04 2.24E-02 8.58E-05 1.00E-02 5.93E-05 1.97E-03 4.30E-10 5.68E-03 1.63E-10 4.41E-05 1.88E-01 1.57E-01 3.844E-01
6.800E-04 2.20E-02 8.92E-05 9.49E-03 6.38E-05 2.01E-03 4.56E-10 5.68E-03 1.81E-10 3.38E-05 1.87E-01 1.64E-01 3.911E-01
6.600E-04 2.22E-02 1.00E-04 8.54E-03 7.42E-05 2.11E-03 5.13E-10 5.68E-03 2.23E-10 3.21E-05 1.91E-01 1.80E-01 4.103E-01
6.400E-04 2.28E-02 1.13E-04 7.41E-03 8.64E-05 2.22E-03 5.80E-10 5.66E-03 2.70E-10 4.97E-05 1.97E-01 1.94E-01 4.290E-01
6.300E-04 2.33E-02 1.20E-04 6.91E-03 9.39E-05 2.24E-03 6.18E-10 5.64E-03 2.96E-10 7.90E-05 1.99E-01 2.00E-01 4.370E-01
6.200E-04 2.34E-02 1.25E-04 6.79E-03 1.02E-04 2.34E-03 6.58E-10 5.62E-03 3.25E-10 1.08E-04 2.00E-01 2.06E-01 4.447E-01
6.100E-04 2.36E-02 1.33E-04 6.76E-03 1.10E-04 2.40E-03 7.02E-10 5.58E-03 3.55E-10 7.76E-05 2.02E-01 2.13E-01 4.533E-01
5.900E-04 2.46E-02 1.49E-04 5.55E-03 1.28E-04 2.53E-03 8.01E-10 5.50E-03 4.26E-10 3.32E-05 2.07E-01 2.24E-01 4.697E-01
5.500E-04 2.37E-02 1.79E-04 4.11E-03 1.80E-04 2.84E-03 1.06E-09 5.42E-03 6.10E-10 2.70E-05 2.06E-01 2.56E-01 4.980E-01
5.300E-04 2.40E-02 2.07E-04 3.67E-03 2.14E-04 3.02E-03 1.23E-09 5.44E-03 7.31E-10 4.45E-05 2.09E-01 2.72E-01 5.178E-01
5.200E-04 2.40E-02 2.21E-04 3.46E-03 2.34E-04 3.12E-03 1.32E-09 5.45E-03 8.01E-10 7.23E-05 2.10E-01 2.81E-01 5.273E-01
5.100E-04 2.42E-02 2.38E-04 3.23E-03 2.56E-04 3.22E-03 1.43E-09 5.47E-03 8.78E-10 1.01E-04 2.12E-01 2.88E-01 5.372E-01
5.000E-04 2.45E-02 2.56E-04 2.99E-03 2.84E-04 3.32E-03 1.54E-09 5.50E-03 9.64E-10 7.17E-05 2.14E-01 2.96E-01 5.467E-01
4.800E-04 2.48E-02 2.96E-04 2.65E-03 3.41E-04 3.54E-03 1.81E-09 5.60E-03 1.16E-09 3.11E-05 2.17E-01 3.11E-01 5.655E-01
4.500E-04 2.57E-02 3.70E-04 2.23E-03 4.54E-04 3.92E-03 2.34E-09 5.79E-03 1.56E-09 2.23E-05 2.23E-01 3.31E-01 5.922E-01
4.000E-04 2.67E-02 5.66E-04 1.65E-03 7.56E-04 4.72E-03 3.72E-09 6.23E-03 2.60E-09 2.42E-05 2.32E-01 3.64E-01 6.361E-01
3.800E-04 2.73E-02 6.84E-04 1.45E-03 9.41E-04 5.12E-03 4.56E-09 6.43E-03 3.24E-09 2.72E-05 2.36E-01 3.75E-01 6.524E-01
3.600E-04 2.80E-02 8.36E-04 1.28E-03 1.18E-03 5.57E-03 5.64E-09 6.65E-03 4.07E-09 3.38E-05 2.39E-01 3.85E-01 6.677E-01
3.400E-04 2.94E-02 1.03E-03 1.12E-03 1.50E-03 6.09E-03 7.07E-09 6.88E-03 5.17E-09 7.59E-05 2.45E-01 3.90E-01 6.815E-01
3.300E-04 2.94E-02 1.13E-03 1.05E-03 1.70E-03 6.39E-03 7.95E-09 7.00E-03 5.85E-09 2.12E-04 2.45E-01 3.96E-01 6.880E-01
3.200E-04 2.95E-02 1.27E-03 9.80E-04 1.94E-03 6.70E-03 8.97E-09 7.12E-03 6.65E-09 7.75E-05 2.46E-01 4.01E-01 6.945E-01
3.150E-04 2.98E-02 1.35E-03 9.49E-04 2.07E-03 6.87E-03 9.54E-09 7.17E-03 7.09E-09 5.68E-05 2.47E-01 4.02E-01 6.979E-01
3.100E-04 3.01E-02 1.44E-03 9.17E-04 2.21E-03 7.04E-03 1.02E-08 7.23E-03 7.58E-09 4.86E-05 2.49E-01 4.04E-01 7.011E-01
3.080E-04 3.02E-02 1.47E-03 9.04E-04 2.27E-03 7.12E-03 1.04E-08 7.26E-03 7.78E-09 4.69E-05 2.49E-01 4.04E-01 7.024E-01
3.050E-04 3.03E-02 1.52E-03 8.85E-04 2.36E-03 7.23E-03 1.08E-08 7.30E-03 8.10E-09 4.51E-05 2.49E-01 4.05E-01 7.043E-01
3.000E-04 3.05E-02 1.62E-03 8.56E-04 2.53E-03 7.42E-03 1.16E-08 7.38E-03 8.67E-09 4.38E-05 2.50E-01 4.07E-01 7.075E-01
2.900E-04 3.12E-02 1.84E-03 7.99E-04 2.91E-03 7.83E-03 1.32E-08 7.53E-03 9.97E-09 4.38E-05 2.52E-01 4.09E-01 7.139E-01
2.800E-04 3.14E-02 2.08E-03 7.46E-04 3.36E-03 8.27E-03 1.52E-08 7.70E-03 1.15E-08 4.56E-05 2.53E-01 4.13E-01 7.202E-01
2.600E-04 3.24E-02 2.76E-03 6.46E-04 4.55E-03 9.28E-03 2.03E-08 8.08E-03 1.56E-08 5.19E-05 2.57E-01 4.20E-01 7.345E-01
2.500E-04 3.31E-02 3.21E-03 6.01E-04 5.34E-03 9.85E-03 2.36E-08 8.30E-03 1.83E-08 5.62E-05 2.59E-01 4.23E-01 7.426E-01
2.200E-04 3.63E-02 5.23E-03 4.85E-04 8.97E-03 1.20E-02 3.90E-08 9.09E-03 3.07E-08 7.45E-05 2.66E-01 4.34E-01 7.724E-01
2.159E-04 3.67E-02 5.60E-03 4.70E-04 9.67E-03 1.23E-02 4.20E-08 9.21E-03 3.32E-08 7.79E-05 2.67E-01 4.36E-01 7.770E-01
2.000E-04 3.90E-02 7.50E-03 4.24E-04 1.31E-02 1.39E-02 5.67E-08 9.76E-03 4.52E-08 9.37E-05 2.71E-01 4.43E-01 7.972E-01
1.662E-04 4.54E-02 1.47E-02 3.40E-04 2.72E-02 1.84E-02 1.17E-07 1.13E-02 9.52E-08 1.52E-04 2.78E-01 4.53E-01 8.487E-01
1.650E-04 4.56E-02 1.51E-02 3.36E-04 2.80E-02 1.86E-02 1.20E-07 1.14E-02 9.80E-08 1.55E-04 2.78E-01 4.54E-01 8.509E-01
1.250E-04 6.08E-02 3.84E-02 3.09E-04 7.77E-02 2.87E-02 3.57E-07 1.44E-02 2.98E-07 3.35E-04 2.90E-01 4.58E-01 9.681E-01
1.235E-04 6.17E-02 3.99E-02 3.07E-04 8.10E-02 2.92E-02 3.74E-07 1.46E-02 3.13E-07 3.47E-04 2.90E-01 4.58E-01 9.749E-01
1.130E-04 6.91E-02 5.19E-02 3.20E-04 1.09E-01 3.36E-02 5.30E-07 1.59E-02 4.47E-07 4.44E-04 2.94E-01 4.56E-01 1.031E+00
1.000E-04 8.26E-02 7.32E-02 3.60E-04 1.62E-01 4.09E-02 8.54E-07 1.78E-02 7.28E-07 6.19E-04 3.01E-01 4.50E-01 1.128E+00
9.500E-05 8.92E-02 8.34E-02 3.66E-04 1.90E-01 4.45E-02 1.04E-06 1.87E-02 8.94E-07 7.10E-04 3.03E-01 4.47E-01 1.177E+00
9.300E-05 9.20E-02 8.78E-02 3.73E-04 2.03E-01 4.61E-02 1.13E-06 1.90E-02 9.74E-07 7.50E-04 3.04E-01 4.46E-01 1.199E+00
9.200E-05 9.35E-02 9.01E-02 3.78E-04 2.10E-01 4.69E-02 1.18E-06 1.92E-02 1.02E-06 7.72E-04 3.05E-01 4.45E-01 1.211E+00
9.100E-05 9.49E-02 9.24E-02 3.88E-04 2.18E-01 4.77E-02 1.23E-06 1.94E-02 1.06E-06 7.94E-04 3.05E-01 4.44E-01 1.223E+00
9.000E-05 9.63E-02 9.47E-02 3.93E-04 2.25E-01 4.85E-02 1.29E-06 1.96E-02 1.11E-06 8.17E-04 3.06E-01 4.43E-01 1.235E+00
8.900E-05 9.78E-02 9.71E-02 4.01E-04 2.33E-01 4.94E-02 1.34E-06 1.99E-02 1.16E-06 8.41E-04 3.06E-01 4.43E-01 1.248E+00
8.800E-05 9.93E-02 9.96E-02 4.04E-04 2.42E-01 5.03E-02 1.40E-06 2.01E-02 1.21E-06 8.66E-04 3.06E-01 4.42E-01 1.261E+00
8.700E-05 1.01E-01 1.02E-01 4.17E-04 2.51E-01 5.12E-02 1.47E-06 2.03E-02 1.27E-06 8.92E-04 3.07E-01 4.41E-01 1.274E+00
8.600E-05 1.02E-01 1.05E-01 4.22E-04 2.60E-01 5.22E-02 1.53E-06 2.05E-02 1.33E-06 9.18E-04 3.07E-01 4.40E-01 1.288E+00
8.500E-05 1.04E-01 1.08E-01 4.30E-04 2.69E-01 5.32E-02 1.60E-06 2.07E-02 1.40E-06 9.46E-04 3.07E-01 4.39E-01 1.303E+00
8.400E-05 1.05E-01 1.10E-01 4.35E-04 2.79E-01 5.42E-02 1.68E-06 2.10E-02 1.46E-06 9.75E-04 3.08E-01 4.39E-01 1.318E+00
8.330E-05 1.06E-01 1.12E-01 4.44E-04 2.87E-01 5.49E-02 1.74E-06 2.11E-02 1.51E-06 9.96E-04 3.08E-01 4.38E-01 1.329E+00
8.200E-05 1.09E-01 1.16E-01 4.51E-04 3.01E-01 5.62E-02 1.84E-06 2.14E-02 1.61E-06 1.04E-03 3.09E-01 4.37E-01 1.350E+00
8.100E-05 1.10E-01 1.19E-01 4.63E-04 3.12E-01 5.73E-02 1.93E-06 2.17E-02 1.69E-06 1.07E-03 3.09E-01 4.36E-01 1.367E+00
8.000E-05 1.12E-01 1.22E-01 4.69E-04 3.24E-01 5.84E-02 2.03E-06 2.20E-02 1.78E-06 1.10E-03 3.10E-01 4.35E-01 1.385E+00
7.900E-05 1.14E-01 1.25E-01 4.78E-04 3.37E-01 5.96E-02 2.13E-06 2.22E-02 1.87E-06 1.14E-03 3.10E-01 4.33E-01 1.403E+00
7.800E-05 1.16E-01 1.28E-01 4.92E-04 3.50E-01 6.08E-02 2.24E-06 2.25E-02 1.97E-06 1.17E-03 3.11E-01 4.32E-01 1.422E+00
7.700E-05 1.18E-01 1.32E-01 5.03E-04 3.63E-01 6.20E-02 2.35E-06 2.28E-02 2.07E-06 1.21E-03 3.11E-01 4.31E-01 1.442E+00
7.600E-05 1.21E-01 1.35E-01 5.23E-04 3.77E-01 6.33E-02 2.48E-06 2.30E-02 2.19E-06 1.25E-03 3.12E-01 4.29E-01 1.462E+00
7.500E-05 1.23E-01 1.38E-01 5.38E-04 3.92E-01 6.46E-02 2.61E-06 2.33E-02 2.30E-06 1.29E-03 3.12E-01 4.28E-01 1.483E+00
7.400E-05 1.25E-01 1.41E-01 5.61E-04 4.07E-01 6.59E-02 2.74E-06 2.36E-02 2.43E-06 1.34E-03 3.13E-01 4.26E-01 1.505E+00
7.300E-05 1.28E-01 1.44E-01 5.87E-04 4.24E-01 6.73E-02 2.89E-06 2.39E-02 2.57E-06 1.38E-03 3.14E-01 4.25E-01 1.527E+00
7.140E-05 1.32E-01 1.49E-01 6.05E-04 4.51E-01 6.96E-02 3.15E-06 2.44E-02 2.81E-06 1.46E-03 3.15E-01 4.22E-01 1.565E+00
7.100E-05 1.33E-01 1.50E-01 6.08E-04 4.58E-01 7.01E-02 3.22E-06 2.45E-02 2.87E-06 1.48E-03 3.15E-01 4.22E-01 1.574E+00
7.000E-05 1.36E-01 1.53E-01 6.28E-04 4.76E-01 7.16E-02 3.40E-06 2.49E-02 3.04E-06 1.53E-03 3.16E-01 4.20E-01 1.599E+00
6.900E-05 1.39E-01 1.56E-01 6.48E-04 4.95E-01 7.32E-02 3.60E-06 2.52E-02 3.22E-06 1.58E-03 3.16E-01 4.18E-01 1.625E+00
6.800E-05 1.41E-01 1.60E-01 6.76E-04 5.14E-01 7.48E-02 3.81E-06 2.56E-02 3.42E-06 1.64E-03 3.17E-01 4.16E-01 1.651E+00
6.700E-05 1.44E-01 1.63E-01 7.03E-04 5.35E-01 7.64E-02 4.03E-06 2.59E-02 3.63E-06 1.70E-03 3.17E-01 4.15E-01 1.678E+00
6.600E-05 1.47E-01 1.66E-01 7.35E-04 5.56E-01 7.82E-02 4.27E-06 2.63E-02 3.85E-06 1.76E-03 3.18E-01 4.13E-01 1.707E+00
6.500E-05 1.50E-01 1.69E-01 7.50E-04 5.78E-01 8.00E-02 4.54E-06 2.67E-02 4.10E-06 1.82E-03 3.19E-01 4.11E-01 1.736E+00
6.400E-05 1.54E-01 1.72E-01 7.69E-04 6.00E-01 8.19E-02 4.82E-06 2.71E-02 4.36E-06 1.89E-03 3.19E-01 4.09E-01 1.766E+00
6.300E-05 1.57E-01 1.75E-01 7.92E-04 6.24E-01 8.38E-02 5.13E-06 2.75E-02 4.65E-06 1.96E-03 3.20E-01 4.07E-01 1.796E+00
6.250E-05 1.59E-01 1.77E-01 7.97E-04 6.36E-01 8.49E-02 5.29E-06 2.77E-02 4.80E-06 2.00E-03 3.20E-01 4.06E-01 1.812E+00
6.200E-05 1.61E-01 1.78E-01 8.20E-04 6.48E-01 8.59E-02 5.46E-06 2.79E-02 4.96E-06 2.04E-03 3.20E-01 4.05E-01 1.828E+00
6.100E-05 1.64E-01 1.81E-01 8.57E-04 6.73E-01 8.80E-02 5.82E-06 2.83E-02 5.29E-06 2.12E-03 3.21E-01 4.03E-01 1.861E+00
6.000E-05 1.68E-01 1.84E-01 8.96E-04 6.99E-01 9.01E-02 6.21E-06 2.88E-02 5.66E-06 2.21E-03 3.21E-01 4.00E-01 1.895E+00
5.900E-05 1.72E-01 1.86E-01 9.33E-04 7.26E-01 9.24E-02 6.63E-06 2.92E-02 6.05E-06 2.29E-03 3.22E-01 3.98E-01 1.930E+00
5.800E-05 1.76E-01 1.89E-01 9.75E-04 7.55E-01 9.47E-02 7.09E-06 2.97E-02 6.49E-06 2.39E-03 3.22E-01 3.95E-01 1.965E+00
5.700E-05 1.81E-01 1.91E-01 1.03E-03 7.84E-01 9.70E-02 7.60E-06 3.02E-02 6.96E-06 2.49E-03 3.23E-01 3.93E-01 2.002E+00
5.600E-05 1.85E-01 1.93E-01 1.08E-03 8.14E-01 9.95E-02 8.14E-06 3.07E-02 7.47E-06 2.60E-03 3.23E-01 3.90E-01 2.040E+00
5.500E-05 1.90E-01 1.95E-01 1.13E-03 8.46E-01 1.02E-01 8.74E-06 3.13E-02 8.04E-06 2.71E-03 3.24E-01 3.88E-01 2.079E+00
5.477E-05 1.91E-01 1.95E-01 1.13E-03 8.53E-01 1.03E-01 8.89E-06 3.14E-02 8.17E-06 3.73E-03 3.24E-01 3.87E-01 2.090E+00
5.400E-05 1.94E-01 1.97E-01 1.17E-03 8.79E-01 1.05E-01 9.41E-06 3.18E-02 8.66E-06 3.87E-03 3.24E-01 3.85E-01 2.121E+00
5.300E-05 1.99E-01 1.98E-01 1.23E-03 9.14E-01 1.08E-01 1.01E-05 3.24E-02 9.34E-06 4.08E-03 3.25E-01 3.82E-01 2.164E+00
5.200E-05 2.03E-01 1.99E-01 1.31E-03 9.49E-01 1.12E-01 1.10E-05 3.30E-02 1.01E-05 4.30E-03 3.25E-01 3.80E-01 2.208E+00
5.100E-05 2.08E-01 2.00E-01 1.38E-03 9.87E-01 1.15E-01 1.19E-05 3.36E-02 1.09E-05 4.54E-03 3.26E-01 3.77E-01 2.253E+00
5.000E-05 2.13E-01 2.01E-01 1.46E-03 1.03E+00 1.19E-01 1.28E-05 3.42E-02 1.18E-05 4.81E-03 3.26E-01 3.75E-01 2.299E+00
4.900E-05 2.17E-01 2.02E-01 1.53E-03 1.07E+00 1.22E-01 1.39E-05 3.49E-02 1.29E-05 5.10E-03 3.26E-01 3.72E-01 2.347E+00
4.880E-05 2.18E-01 2.02E-01 1.55E-03 1.07E+00 1.23E-01 1.42E-05 3.50E-02 1.31E-05 5.16E-03 3.26E-01 3.72E-01 2.357E+00
4.800E-05 2.22E-01 2.02E-01 1.62E-03 1.11E+00 1.27E-01 1.51E-05 3.56E-02 1.40E-05 5.42E-03 3.26E-01 3.70E-01 2.397E+00
4.760E-05 2.24E-01 2.02E-01 1.66E-03 1.12E+00 1.29E-01 1.57E-05 3.58E-02 1.45E-05 5.56E-03 3.26E-01 3.69E-01 2.418E+00
4.700E-05 2.27E-01 2.03E-01 1.72E-03 1.15E+00 1.32E-01 1.65E-05 3.63E-02 1.52E-05 5.78E-03 3.26E-01 3.67E-01 2.449E+00
4.650E-05 2.29E-01 2.03E-01 1.77E-03 1.17E+00 1.34E-01 1.73E-05 3.66E-02 1.59E-05 5.97E-03 3.26E-01 3.66E-01 2.475E+00
4.600E-05 2.31E-01 2.03E-01 1.84E-03 1.19E+00 1.37E-01 1.80E-05 3.70E-02 1.66E-05 6.18E-03 3.26E-01 3.65E-01 2.502E+00
4.550E-05 2.33E-01 2.03E-01 1.92E-03 1.22E+00 1.40E-01 1.89E-05 3.74E-02 1.74E-05 6.39E-03 3.26E-01 3.64E-01 2.529E+00
4.500E-05 2.36E-01 2.03E-01 2.00E-03 1.24E+00 1.42E-01 1.97E-05 3.78E-02 1.82E-05 6.62E-03 3.26E-01 3.63E-01 2.556E+00
4.440E-05 2.38E-01 2.03E-01 2.11E-03 1.27E+00 1.46E-01 2.09E-05 3.83E-02 1.92E-05 6.91E-03 3.26E-01 3.61E-01 2.589E+00
4.350E-05 2.42E-01 2.03E-01 2.31E-03 1.31E+00 1.51E-01 2.27E-05 3.90E-02 2.09E-05 7.39E-03 3.26E-01 3.59E-01 2.640E+00
4.170E-05 2.50E-01 2.03E-01 2.80E-03 1.40E+00 1.64E-01 2.70E-05 4.06E-02 2.49E-05 8.53E-03 3.25E-01 3.56E-01 2.747E+00
4.000E-05 2.57E-01 2.03E-01 3.70E-03 1.48E+00 1.78E-01 3.21E-05 4.22E-02 2.95E-05 9.89E-03 3.24E-01 3.52E-01 2.853E+00
3.850E-05 2.62E-01 2.02E-01 4.91E-03 1.56E+00 1.90E-01 3.76E-05 4.36E-02 3.46E-05 1.14E-02 3.23E-01 3.50E-01 2.950E+00
3.656E-05 2.70E-01 2.02E-01 7.21E-03 1.66E+00 2.08E-01 4.69E-05 4.57E-02 4.30E-05 1.41E-02 3.22E-01 3.47E-01 3.079E+00
3.570E-05 2.73E-01 2.01E-01 8.41E-03 1.71E+00 2.17E-01 5.19E-05 4.66E-02 4.74E-05 1.56E-02 3.21E-01 3.46E-01 3.137E+00
3.330E-05 2.80E-01 2.00E-01 1.26E-02 1.83E+00 2.47E-01 7.11E-05 4.95E-02 6.35E-05 2.17E-02 3.19E-01 3.43E-01 3.301E+00
3.130E-05 2.86E-01 1.99E-01 1.67E-02 1.92E+00 2.83E-01 9.58E-05 5.21E-02 8.26E-05 3.04E-02 3.17E-01 3.41E-01 3.448E+00
3.000E-05 2.89E-01 1.99E-01 2.00E-02 1.98E+00 3.17E-01 1.19E-04 5.39E-02 9.92E-05 3.98E-02 3.15E-01 3.40E-01 3.549E+00
2.940E-05 2.90E-01 1.98E-01 2.16E-02 2.00E+00 3.33E-01 1.32E-04 5.48E-02 1.08E-04 4.57E-02 3.14E-01 3.39E-01 3.596E+00
2.780E-05 2.93E-01 1.97E-01 2.65E-02 2.05E+00 3.90E-01 1.81E-04 5.72E-02 1.38E-04 7.11E-02 3.13E-01 3.38E-01 3.735E+00
2.630E-05 2.95E-01 1.96E-01 3.13E-02 2.09E+00 4.77E-01 2.57E-04 5.94E-02 1.77E-04 1.23E-01 3.11E-01 3.37E-01 3.915E+00
2.500E-05 2.96E-01 1.96E-01 3.70E-02 2.10E+00 5.95E-01 3.75E-04 6.13E-02 2.22E-04 2.28E-01 3.09E-01 3.37E-01 4.164E+00
2.380E-05 2.97E-01 1.96E-01 4.41E-02 2.11E+00 8.20E-01 5.72E-04 6.16E-02 2.79E-04 4.56E-01 3.07E-01 3.36E-01 4.630E+00
2.270E-05 2.97E-01 1.95E-01 5.38E-02 2.12E+00 1.18E+00 8.38E-04 6.40E-02 3.50E-04 6.67E-01 3.05E-01 3.36E-01 5.220E+00
2.170E-05 2.97E-01 1.95E-01 6.70E-02 2.12E+00 1.60E+00 1.09E-03 7.20E-02 4.37E-04 4.71E-01 3.04E-01 3.36E-01 5.468E+00
2.080E-05 2.97E-01 1.95E-01 9.10E-02 2.14E+00 1.66E+00 1.01E-03 8.99E-02 5.43E-04 2.61E-01 3.02E-01 3.37E-01 5.372E+00
2.000E-05 2.96E-01 1.94E-01 3.18E-01 1.96E+00 1.44E+00 7.90E-04 1.14E-01 6.67E-04 1.58E-01 3.00E-01 3.37E-01 5.116E+00
1.920E-05 2.95E-01 1.95E-01 5.95E-01 1.72E+00 1.12E+00 5.43E-04 1.57E-01 8.28E-04 1.03E-01 2.99E-01 3.38E-01 4.817E+00
1.850E-05 2.96E-01 1.97E-01 7.57E-01 1.58E+00 8.75E-01 3.84E-04 2.11E-01 1.01E-03 7.52E-02 2.97E-01 3.38E-01 4.628E+00
1.790E-05 2.96E-01 1.98E-01 9.43E-01 1.40E+00 7.12E-01 2.94E-04 2.69E-01 1.21E-03 5.97E-02 2.95E-01 3.39E-01 4.514E+00
1.720E-05 2.97E-01 2.00E-01 1.07E+00 1.28E+00 5.71E-01 2.33E-04 3.73E-01 1.52E-03 4.79E-02 2.92E-01 3.40E-01 4.474E+00
1.670E-05 2.97E-01 2.01E-01 1.13E+00 1.23E+00 4.89E-01 2.12E-04 4.70E-01 1.80E-03 4.21E-02 2.91E-01 3.41E-01 4.488E+00
1.610E-05 2.98E-01 2.03E-01 1.18E+00 1.18E+00 4.12E-01 2.16E-04 6.40E-01 2.22E-03 3.74E-02 2.88E-01 3.42E-01 4.583E+00
1.560E-05 2.99E-01 2.04E-01 1.21E+00 1.15E+00 3.62E-01 2.44E-04 8.36E-01 2.66E-03 3.50E-02 2.86E-01 3.43E-01 4.730E+00
1.520E-05 2.99E-01 2.05E-01 1.23E+00 1.14E+00 3.28E-01 2.83E-04 1.04E+00 3.06E-03 3.38E-02 2.84E-01 3.44E-01 4.904E+00
1.470E-05 3.00E-01 2.06E-01 1.24E+00 1.11E+00 2.92E-01 3.58E-04 1.35E+00 3.62E-03 3.33E-02 2.82E-01 3.45E-01 5.164E+00
1.430E-05 3.00E-01 2.07E-01 1.25E+00 1.10E+00 2.74E-01 4.47E-04 1.60E+00 4.05E-03 3.37E-02 2.81E-01 3.45E-01 5.398E+00
1.390E-05 3.00E-01 2.07E-01 1.25E+00 1.09E+00 2.66E-01 5.68E-04 1.81E+00 4.48E-03 3.48E-02 2.81E-01 3.44E-01 5.583E+00
1.350E-05 2.99E-01 2.07E-01 1.25E+00 1.08E+00 2.66E-01 7.29E-04 1.99E+00 5.02E-03 3.68E-02 2.80E-01 3.44E-01 5.762E+00
1.320E-05 2.99E-01 2.07E-01 1.25E+00 1.06E+00 2.71E-01 8.86E-04 2.14E+00 5.50E-03 3.90E-02 2.79E-01 3.44E-01 5.907E+00
1.280E-05 2.98E-01 2.08E-01 1.25E+00 1.05E+00 2.88E-01 1.16E-03 2.36E+00 6.26E-03 4.31E-02 2.79E-01 3.44E-01 6.131E+00
1.250E-05 2.98E-01 2.08E-01 1.25E+00 1.05E+00 3.13E-01 1.43E-03 2.53E+00 6.94E-03 4.72E-02 2.78E-01 3.44E-01 6.329E+00
1.220E-05 2.97E-01 2.09E-01 1.25E+00 1.05E+00 3.49E-01 1.77E-03 2.73E+00 7.73E-03 5.25E-02 2.77E-01 3.44E-01 6.562E+00
1.190E-05 2.96E-01 2.09E-01 1.25E+00 1.06E+00 3.98E-01 2.20E-03 2.94E+00 8.67E-03 5.94E-02 2.76E-01 3.44E-01 6.843E+00
1.160E-05 2.95E-01 2.09E-01 1.25E+00 1.07E+00 4.54E-01 2.74E-03 3.18E+00 9.77E-03 6.84E-02 2.75E-01 3.44E-01 7.157E+00
1.140E-05 2.93E-01 2.08E-01 1.25E+00 1.07E+00 5.00E-01 3.22E-03 3.36E+00 1.06E-02 7.60E-02 2.75E-01 3.44E-01 7.392E+00
1.110E-05 2.92E-01 2.08E-01 1.25E+00 1.07E+00 5.73E-01 4.21E-03 3.66E+00 1.21E-02 9.05E-02 2.74E-01 3.45E-01 7.780E+00
1.080E-05 2.90E-01 2.08E-01 1.25E+00 1.07E+00 7.72E-01 5.61E-03 4.02E+00 1.40E-02 1.10E-01 2.72E-01 3.45E-01 8.358E+00
1.050E-05 2.87E-01 2.07E-01 1.25E+00 1.08E+00 1.03E+00 7.28E-03 4.46E+00 1.64E-02 1.36E-01 2.71E-01 3.46E-01 9.086E+00
1.030E-05 2.86E-01 2.07E-01 1.25E+00 1.08E+00 1.23E+00 8.34E-03 4.87E+00 1.82E-02 1.59E-01 2.70E-01 3.46E-01 9.725E+00
1.000E-05 2.83E-01 2.06E-01 1.25E+00 1.08E+00 1.51E+00 1.02E-02 5.47E+00 2.09E-02 2.02E-01 2.69E-01 3.46E-01 1.064E+01
9.750E-06 2.80E-01 2.05E-01 1.24E+00 1.08E+00 1.83E+00 1.26E-02 5.95E+00 2.33E-02 2.45E-01 2.68E-01 3.46E-01 1.149E+01
9.500E-06 2.78E-01 2.04E-01 1.24E+00 1.09E+00 2.20E+00 1.50E-02 6.46E+00 2.59E-02 2.88E-01 2.67E-01 3.46E-01 1.241E+01
9.250E-06 2.75E-01 2.03E-01 1.24E+00 1.09E+00 2.48E+00 1.67E-02 6.98E+00 2.84E-02 3.21E-01 2.67E-01 3.46E-01 1.325E+01
9.080E-06 2.73E-01 2.03E-01 1.23E+00 1.09E+00 2.66E+00 1.80E-02 7.27E+00 2.98E-02 3.28E-01 2.67E-01 3.45E-01 1.371E+01
