 # Polarisation optical depth (Siebenmorgen 2023, A&A 670A,115; SC 2023 doi: 10.48550/arXiv.2311.03310)
 # wel         sigp_aC     sigp_Si      sigp_dark    sigt
 #----------------------------------------------------------------------------------------
   1.000E+00   1.863E-03   2.804E-03   0.000E+00   4.979E-07
   9.000E-01   2.183E-03   3.310E-03   0.000E+00   5.878E-07
   8.000E-01   2.607E-03   3.987E-03   0.000E+00   7.082E-07
   7.000E-01   3.193E-03   4.926E-03   0.000E+00   8.739E-07
   6.000E-01   4.041E-03   6.295E-03   0.000E+00   1.116E-06
   5.500E-01   4.619E-03   7.232E-03   0.000E+00   1.282E-06
   5.000E-01   5.352E-03   8.422E-03   0.000E+00   1.492E-06
   4.500E-01   6.303E-03   9.970E-03   0.000E+00   1.767E-06
   4.000E-01   7.576E-03   1.205E-02   0.000E+00   2.133E-06
   3.500E-01   9.347E-03   1.494E-02   0.000E+00   2.646E-06
   3.000E-01   1.194E-02   1.916E-02   0.000E+00   3.389E-06
   2.500E-01   1.599E-02   2.575E-02   0.000E+00   4.552E-06
   2.098E-01   2.124E-02   3.423E-02   0.000E+00   6.051E-06
   1.500E-01   3.692E-02   5.924E-02   0.000E+00   1.049E-05
   1.382E-01   4.235E-02   6.773E-02   0.000E+00   1.202E-05
   1.320E-01   4.574E-02   7.303E-02   0.000E+00   1.297E-05
   1.150E-01   5.778E-02   9.165E-02   0.000E+00   1.631E-05
   1.000E-01   7.348E-02   1.153E-01   0.000E+00   2.057E-05
   9.970E-02   7.387E-02   1.158E-01   0.000E+00   2.068E-05
   8.670E-02   9.301E-02   1.461E-01   0.000E+00   2.609E-05
   8.500E-02   9.634E-02   1.510E-01   0.000E+00   2.698E-05
   7.500E-02   1.222E-01   1.858E-01   0.000E+00   3.342E-05
   6.000E-02   1.798E-01   2.688E-01   0.000E+00   4.856E-05
   5.500E-02   2.083E-01   3.016E-01   0.000E+00   5.512E-05
   5.000E-02   2.480E-01   3.750E-01   0.000E+00   6.730E-05
   4.500E-02   3.056E-01   4.981E-01   0.000E+00   8.685E-05
   4.000E-02   3.927E-01   6.682E-01   0.000E+00   1.142E-04
   3.500E-02   4.924E-01   1.020E+00   0.000E+00   1.645E-04
   3.000E-02   6.956E-01   1.593E+00   0.000E+00   2.490E-04
   2.750E-02   8.304E-01   2.004E+00   0.000E+00   3.095E-04
   2.500E-02   1.001E+00   2.549E+00   0.000E+00   3.895E-04
   2.400E-02   1.099E+00   2.820E+00   0.000E+00   4.300E-04
   2.000E-02   1.611E+00   4.347E+00   0.000E+00   6.586E-04
   1.800E-02   2.010E+00   5.345E+00   0.000E+00   8.176E-04
   1.600E-02   2.677E+00   6.572E+00   0.000E+00   1.030E-03
   1.500E-02   3.195E+00   7.320E+00   0.000E+00   1.168E-03
   1.400E-02   3.636E+00   8.152E+00   0.000E+00   1.317E-03
   1.200E-02   5.570E+00   1.020E+01   0.000E+00   1.746E-03
   1.000E-02   8.478E+00   1.311E+01   0.000E+00   2.397E-03
   9.000E-03   1.132E+01   1.474E+01   0.000E+00   2.860E-03
   8.000E-03   1.493E+01   1.697E+01   0.000E+00   3.475E-03
   7.500E-03   1.750E+01   1.870E+01   0.000E+00   3.920E-03
   7.000E-03   2.107E+01   2.085E+01   0.000E+00   4.511E-03
   6.000E-03   2.991E+01   2.638E+01   0.000E+00   6.059E-03
   5.000E-03   4.155E+01   3.659E+01   0.000E+00   8.708E-03
   4.500E-03   4.998E+01   4.370E+01   0.000E+00   1.075E-02
   4.000E-03   5.754E+01   5.165E+01   0.000E+00   1.335E-02
   3.500E-03   6.704E+01   5.977E+01   0.000E+00   1.657E-02
   3.000E-03   7.807E+01   6.594E+01   0.000E+00   2.047E-02
   2.750E-03   8.239E+01   6.753E+01   0.000E+00   2.244E-02
   2.500E-03   8.511E+01   6.824E+01   0.000E+00   2.457E-02
   2.400E-03   8.692E+01   6.832E+01   0.000E+00   2.553E-02
   2.350E-03   8.798E+01   6.840E+01   0.000E+00   2.610E-02
   2.320E-03   8.845E+01   6.847E+01   0.000E+00   2.644E-02
   2.310E-03   8.862E+01   6.851E+01   0.000E+00   2.656E-02
   2.300E-03   8.880E+01   6.849E+01   0.000E+00   2.668E-02
   2.250E-03   8.930E+01   6.870E+01   0.000E+00   2.730E-02
   2.200E-03   8.984E+01   6.882E+01   0.000E+00   2.800E-02
   2.150E-03   9.072E+01   6.879E+01   0.000E+00   2.876E-02
   2.120E-03   9.123E+01   6.846E+01   0.000E+00   2.922E-02
   2.110E-03   9.132E+01   6.836E+01   0.000E+00   2.938E-02
   2.100E-03   9.134E+01   6.820E+01   0.000E+00   2.953E-02
   2.080E-03   9.122E+01   6.774E+01   0.000E+00   2.979E-02
   2.000E-03   9.120E+01   6.566E+01   0.000E+00   3.088E-02
   1.950E-03   9.177E+01   6.335E+01   0.000E+00   3.154E-02
   1.900E-03   9.292E+01   6.028E+01   0.000E+00   3.202E-02
   1.850E-03   9.404E+01   5.637E+01   0.000E+00   3.222E-02
   1.830E-03   9.454E+01   5.458E+01   0.000E+00   3.222E-02
   1.820E-03   9.458E+01   5.363E+01   0.000E+00   3.218E-02
   1.810E-03   9.473E+01   5.264E+01   0.000E+00   3.210E-02
   1.800E-03   9.496E+01   5.168E+01   0.000E+00   3.203E-02
   1.750E-03   9.602E+01   4.615E+01   0.000E+00   3.135E-02
   1.700E-03   9.616E+01   4.024E+01   0.000E+00   2.999E-02
   1.670E-03   9.719E+01   3.669E+01   0.000E+00   2.898E-02
   1.650E-03   9.815E+01   3.436E+01   0.000E+00   2.821E-02
   1.640E-03   9.845E+01   3.322E+01   0.000E+00   2.779E-02
   1.630E-03   9.875E+01   3.209E+01   0.000E+00   2.735E-02
   1.610E-03   9.916E+01   2.990E+01   0.000E+00   2.641E-02
   1.600E-03   9.945E+01   2.884E+01   0.000E+00   2.592E-02
   1.590E-03   9.974E+01   2.783E+01   0.000E+00   2.543E-02
   1.580E-03   9.996E+01   2.688E+01   0.000E+00   2.493E-02
   1.570E-03   9.995E+01   2.598E+01   0.000E+00   2.442E-02
   1.560E-03   1.004E+02   2.519E+01   0.000E+00   2.396E-02
   1.540E-03   1.012E+02   2.392E+01   0.000E+00   2.317E-02
   1.520E-03   1.013E+02   2.313E+01   0.000E+00   2.249E-02
   1.510E-03   1.013E+02   2.294E+01   0.000E+00   2.223E-02
   1.500E-03   1.011E+02   2.285E+01   0.000E+00   2.201E-02
   1.450E-03   1.017E+02   2.364E+01   0.000E+00   2.150E-02
   1.440E-03   1.020E+02   2.394E+01   0.000E+00   2.150E-02
   1.430E-03   1.022E+02   2.419E+01   0.000E+00   2.153E-02
   1.420E-03   1.024E+02   2.444E+01   0.000E+00   2.155E-02
   1.400E-03   1.030E+02   2.499E+01   0.000E+00   2.171E-02
   1.380E-03   1.035E+02   2.551E+01   0.000E+00   2.194E-02
   1.370E-03   1.037E+02   2.580E+01   0.000E+00   2.210E-02
   1.360E-03   1.041E+02   2.610E+01   0.000E+00   2.230E-02
   1.350E-03   1.045E+02   2.646E+01   0.000E+00   2.252E-02
   1.340E-03   1.049E+02   2.682E+01   0.000E+00   2.277E-02
   1.330E-03   1.052E+02   2.726E+01   0.000E+00   2.304E-02
   1.320E-03   1.055E+02   2.773E+01   0.000E+00   2.333E-02
   1.310E-03   1.055E+02   2.827E+01   0.000E+00   2.364E-02
   1.290E-03   1.052E+02   2.957E+01   0.000E+00   2.432E-02
   1.280E-03   1.051E+02   3.026E+01   0.000E+00   2.475E-02
   1.270E-03   1.054E+02   3.084E+01   0.000E+00   2.514E-02
   1.260E-03   1.055E+02   3.169E+01   0.000E+00   2.547E-02
   1.250E-03   1.056E+02   3.282E+01   0.000E+00   2.582E-02
   1.220E-03   1.072E+02   3.953E+01   0.000E+00   2.783E-02
   1.210E-03   1.072E+02   4.391E+01   0.000E+00   2.903E-02
   1.200E-03   1.072E+02   4.905E+01   0.000E+00   3.042E-02
   1.190E-03   1.079E+02   5.440E+01   0.000E+00   3.196E-02
   1.180E-03   1.083E+02   5.941E+01   0.000E+00   3.351E-02
   1.170E-03   1.086E+02   6.373E+01   0.000E+00   3.500E-02
   1.160E-03   1.089E+02   6.722E+01   0.000E+00   3.642E-02
   1.150E-03   1.088E+02   6.997E+01   0.000E+00   3.791E-02
   1.140E-03   1.086E+02   7.215E+01   0.000E+00   3.912E-02
   1.130E-03   1.086E+02   7.387E+01   0.000E+00   4.032E-02
   1.120E-03   1.086E+02   7.535E+01   0.000E+00   4.120E-02
   1.110E-03   1.085E+02   7.672E+01   0.000E+00   4.199E-02
   1.090E-03   1.087E+02   7.906E+01   0.000E+00   4.384E-02
   1.050E-03   1.102E+02   8.134E+01   0.000E+00   4.841E-02
   1.000E-03   1.127E+02   7.926E+01   0.000E+00   5.308E-02
   9.800E-04   1.139E+02   7.571E+01   0.000E+00   5.452E-02
   9.600E-04   1.149E+02   7.023E+01   0.000E+00   5.538E-02
   9.500E-04   1.157E+02   6.694E+01   0.000E+00   5.546E-02
   9.400E-04   1.157E+02   6.351E+01   0.000E+00   5.506E-02
   9.200E-04   1.163E+02   5.674E+01   0.000E+00   5.293E-02
   8.900E-04   1.179E+02   4.666E+01   0.000E+00   4.735E-02
   8.700E-04   1.174E+02   4.109E+01   0.000E+00   4.345E-02
   8.600E-04   1.182E+02   3.864E+01   0.000E+00   4.186E-02
   8.500E-04   1.182E+02   3.609E+01   0.000E+00   4.018E-02
   8.400E-04   1.191E+02   3.338E+01   0.000E+00   3.844E-02
   8.200E-04   1.184E+02   2.785E+01   0.000E+00   3.423E-02
   8.000E-04   1.190E+02   2.326E+01   0.000E+00   3.006E-02
   7.900E-04   1.197E+02   2.161E+01   0.000E+00   2.863E-02
   7.800E-04   1.193E+02   2.027E+01   0.000E+00   2.729E-02
   7.700E-04   1.189E+02   1.911E+01   0.000E+00   2.618E-02
   7.600E-04   1.185E+02   1.810E+01   0.000E+00   2.529E-02
   7.500E-04   1.182E+02   1.718E+01   0.000E+00   2.448E-02
   7.300E-04   1.190E+02   1.579E+01   0.000E+00   2.361E-02
   7.200E-04   1.186E+02   1.542E+01   0.000E+00   2.339E-02
   7.100E-04   1.184E+02   1.522E+01   0.000E+00   2.323E-02
   7.000E-04   1.192E+02   1.497E+01   0.000E+00   2.328E-02
   6.900E-04   1.185E+02   1.452E+01   0.000E+00   2.312E-02
   6.800E-04   1.162E+02   1.389E+01   0.000E+00   2.263E-02
   6.600E-04   1.175E+02   1.277E+01   0.000E+00   2.228E-02
   6.400E-04   1.210E+02   1.130E+01   0.000E+00   2.221E-02
   6.300E-04   1.228E+02   1.069E+01   0.000E+00   2.233E-02
   6.200E-04   1.225E+02   1.064E+01   0.000E+00   2.243E-02
   6.100E-04   1.234E+02   1.066E+01   0.000E+00   2.256E-02
   5.900E-04   1.271E+02   8.921E+00   0.000E+00   2.263E-02
   5.500E-04   1.187E+02   6.991E+00   0.000E+00   2.143E-02
   5.300E-04   1.202E+02   6.428E+00   0.000E+00   2.148E-02
   5.200E-04   1.204E+02   6.143E+00   0.000E+00   2.148E-02
   5.100E-04   1.217E+02   5.851E+00   0.000E+00   2.161E-02
   5.000E-04   1.229E+02   5.576E+00   0.000E+00   2.171E-02
   4.800E-04   1.242E+02   5.166E+00   0.000E+00   2.188E-02
   4.500E-04   1.274E+02   4.725E+00   0.000E+00   2.254E-02
   4.000E-04   1.325E+02   4.403E+00   0.000E+00   2.361E-02
   3.800E-04   1.358E+02   4.462E+00   0.000E+00   2.427E-02
   3.600E-04   1.398E+02   4.675E+00   0.000E+00   2.505E-02
   3.400E-04   1.465E+02   5.098E+00   0.000E+00   2.648E-02
   3.300E-04   1.463E+02   5.407E+00   0.000E+00   2.685E-02
   3.200E-04   1.482E+02   5.789E+00   0.000E+00   2.708E-02
   3.150E-04   1.502E+02   6.024E+00   0.000E+00   2.742E-02
   3.100E-04   1.521E+02   6.282E+00   0.000E+00   2.779E-02
   3.080E-04   1.528E+02   6.392E+00   0.000E+00   2.793E-02
   3.050E-04   1.536E+02   6.567E+00   0.000E+00   2.812E-02
   3.000E-04   1.552E+02   6.891E+00   0.000E+00   2.846E-02
   2.900E-04   1.595E+02   7.645E+00   0.000E+00   2.936E-02
   2.800E-04   1.621E+02   8.582E+00   0.000E+00   3.003E-02
   2.600E-04   1.720E+02   1.118E+01   0.000E+00   3.199E-02
   2.500E-04   1.791E+02   1.298E+01   0.000E+00   3.334E-02
   2.200E-04   2.102E+02   2.175E+01   0.000E+00   3.918E-02
   2.159E-04   2.148E+02   2.353E+01   0.000E+00   4.013E-02
   2.000E-04   2.406E+02   3.253E+01   0.000E+00   4.497E-02
   1.662E-04   3.226E+02   7.194E+01   0.000E+00   6.155E-02
   1.650E-04   3.265E+02   7.420E+01   0.000E+00   6.238E-02
   1.250E-04   5.264E+02   2.262E+02   0.000E+00   1.123E-01
   1.235E-04   5.363E+02   2.362E+02   0.000E+00   1.155E-01
   1.130E-04   6.082E+02   3.191E+02   0.000E+00   1.420E-01
   1.000E-04   7.018E+02   4.555E+02   0.000E+00   1.901E-01
   9.500E-05   7.337E+02   5.195E+02   0.000E+00   2.148E-01
   9.300E-05   7.453E+02   5.472E+02   0.000E+00   2.259E-01
   9.200E-05   7.508E+02   5.616E+02   0.000E+00   2.317E-01
   9.100E-05   7.561E+02   5.763E+02   0.000E+00   2.377E-01
   9.000E-05   7.614E+02   5.913E+02   0.000E+00   2.439E-01
   8.900E-05   7.665E+02   6.068E+02   0.000E+00   2.503E-01
   8.800E-05   7.716E+02   6.226E+02   0.000E+00   2.569E-01
   8.700E-05   7.766E+02   6.389E+02   0.000E+00   2.637E-01
   8.600E-05   7.817E+02   6.555E+02   0.000E+00   2.708E-01
   8.500E-05   7.868E+02   6.725E+02   0.000E+00   2.782E-01
   8.400E-05   7.920E+02   6.900E+02   0.000E+00   2.859E-01
   8.330E-05   7.956E+02   7.026E+02   0.000E+00   2.914E-01
   8.200E-05   8.021E+02   7.263E+02   0.000E+00   3.022E-01
   8.100E-05   8.071E+02   7.451E+02   0.000E+00   3.108E-01
   8.000E-05   8.118E+02   7.643E+02   0.000E+00   3.197E-01
   7.900E-05   8.163E+02   7.840E+02   0.000E+00   3.291E-01
   7.800E-05   8.202E+02   8.041E+02   0.000E+00   3.388E-01
   7.700E-05   8.238E+02   8.246E+02   0.000E+00   3.488E-01
   7.600E-05   8.268E+02   8.457E+02   0.000E+00   3.592E-01
   7.500E-05   8.289E+02   8.672E+02   0.000E+00   3.700E-01
   7.400E-05   8.304E+02   8.892E+02   0.000E+00   3.812E-01
   7.300E-05   8.311E+02   9.116E+02   0.000E+00   3.927E-01
   7.140E-05   8.307E+02   9.487E+02   0.000E+00   4.120E-01
   7.100E-05   8.302E+02   9.582E+02   0.000E+00   4.169E-01
   7.000E-05   8.287E+02   9.821E+02   0.000E+00   4.297E-01
   6.900E-05   8.264E+02   1.007E+03   0.000E+00   4.428E-01
   6.800E-05   8.236E+02   1.031E+03   0.000E+00   4.565E-01
   6.700E-05   8.200E+02   1.056E+03   0.000E+00   4.705E-01
   6.600E-05   8.158E+02   1.081E+03   0.000E+00   4.851E-01
   6.500E-05   8.109E+02   1.106E+03   0.000E+00   5.001E-01
   6.400E-05   8.052E+02   1.131E+03   0.000E+00   5.157E-01
   6.300E-05   7.989E+02   1.155E+03   0.000E+00   5.318E-01
   6.250E-05   7.953E+02   1.167E+03   0.000E+00   5.401E-01
   6.200E-05   7.915E+02   1.179E+03   0.000E+00   5.485E-01
   6.100E-05   7.834E+02   1.203E+03   0.000E+00   5.657E-01
   6.000E-05   7.742E+02   1.226E+03   0.000E+00   5.835E-01
   5.900E-05   7.638E+02   1.250E+03   0.000E+00   6.019E-01
   5.800E-05   7.523E+02   1.275E+03   0.000E+00   6.209E-01
   5.700E-05   7.395E+02   1.300E+03   0.000E+00   6.405E-01
   5.600E-05   7.253E+02   1.325E+03   0.000E+00   6.608E-01
   5.500E-05   7.098E+02   1.352E+03   0.000E+00   6.817E-01
   5.477E-05   7.060E+02   1.358E+03   0.000E+00   6.880E-01
   5.400E-05   6.931E+02   1.379E+03   0.000E+00   7.049E-01
   5.300E-05   6.752E+02   1.407E+03   0.000E+00   7.274E-01
   5.200E-05   6.564E+02   1.434E+03   0.000E+00   7.507E-01
   5.100E-05   6.366E+02   1.461E+03   0.000E+00   7.747E-01
   5.000E-05   6.163E+02   1.488E+03   0.000E+00   7.996E-01
   4.900E-05   5.954E+02   1.514E+03   0.000E+00   8.252E-01
   4.880E-05   5.912E+02   1.520E+03   0.000E+00   8.304E-01
   4.800E-05   5.739E+02   1.542E+03   0.000E+00   8.518E-01
   4.760E-05   5.653E+02   1.553E+03   0.000E+00   8.628E-01
   4.700E-05   5.521E+02   1.569E+03   0.000E+00   8.794E-01
   4.650E-05   5.409E+02   1.582E+03   0.000E+00   8.934E-01
   4.600E-05   5.297E+02   1.595E+03   0.000E+00   9.076E-01
   4.550E-05   5.182E+02   1.607E+03   0.000E+00   9.221E-01
   4.500E-05   5.067E+02   1.618E+03   0.000E+00   9.368E-01
   4.440E-05   4.926E+02   1.629E+03   0.000E+00   9.546E-01
   4.350E-05   4.713E+02   1.643E+03   0.000E+00   9.822E-01
   4.170E-05   4.276E+02   1.668E+03   0.000E+00   1.040E+00
   4.000E-05   3.853E+02   1.696E+03   0.000E+00   1.098E+00
   3.850E-05   3.477E+02   1.715E+03   0.000E+00   1.151E+00
   3.656E-05   2.992E+02   1.726E+03   0.000E+00   1.224E+00
   3.570E-05   2.780E+02   1.727E+03   0.000E+00   1.257E+00
   3.330E-05   2.208E+02   1.703E+03   0.000E+00   1.355E+00
   3.130E-05   1.756E+02   1.674E+03   0.000E+00   1.445E+00
   3.000E-05   1.478E+02   1.641E+03   0.000E+00   1.511E+00
   2.940E-05   1.354E+02   1.615E+03   0.000E+00   1.543E+00
   2.780E-05   1.025E+02   1.544E+03   0.000E+00   1.642E+00
   2.630E-05   7.539E+01   1.459E+03   0.000E+00   1.775E+00
   2.500E-05   5.598E+01   1.375E+03   0.000E+00   1.961E+00
   2.380E-05   4.151E+01   1.295E+03   0.000E+00   2.263E+00
   2.270E-05   3.161E+01   1.181E+03   0.000E+00   2.565E+00
   2.170E-05   2.649E+01   1.089E+03   0.000E+00   2.637E+00
   2.080E-05   2.377E+01   1.041E+03   0.000E+00   2.539E+00
   2.000E-05   2.277E+01   9.084E+02   0.000E+00   2.401E+00
   1.920E-05   2.220E+01   7.649E+02   0.000E+00   2.267E+00
   1.850E-05   2.227E+01   6.647E+02   0.000E+00   2.191E+00
   1.790E-05   2.376E+01   5.844E+02   0.000E+00   2.150E+00
   1.720E-05   2.634E+01   5.219E+02   0.000E+00   2.134E+00
   1.670E-05   2.913E+01   4.742E+02   0.000E+00   2.138E+00
   1.610E-05   3.457E+01   4.111E+02   0.000E+00   2.166E+00
   1.560E-05   3.971E+01   3.515E+02   0.000E+00   2.209E+00
   1.520E-05   4.406E+01   2.954E+02   0.000E+00   2.257E+00
   1.470E-05   4.997E+01   2.197E+02   0.000E+00   2.325E+00
   1.430E-05   5.499E+01   1.573E+02   0.000E+00   2.387E+00
   1.390E-05   5.975E+01   1.156E+02   0.000E+00   2.434E+00
   1.350E-05   6.368E+01   8.670E+01   0.000E+00   2.481E+00
   1.320E-05   6.620E+01   7.442E+01   0.000E+00   2.518E+00
   1.280E-05   6.951E+01   6.817E+01   0.000E+00   2.577E+00
   1.250E-05   7.229E+01   6.538E+01   0.000E+00   2.631E+00
   1.220E-05   7.522E+01   6.350E+01   0.000E+00   2.699E+00
   1.190E-05   7.810E+01   6.556E+01   0.000E+00   2.791E+00
   1.160E-05   8.067E+01   7.133E+01   0.000E+00   2.892E+00
   1.140E-05   8.216E+01   8.036E+01   0.000E+00   2.967E+00
   1.110E-05   8.404E+01   1.002E+02   0.000E+00   3.089E+00
   1.080E-05   8.545E+01   1.269E+02   0.000E+00   3.280E+00
   1.050E-05   8.638E+01   1.529E+02   0.000E+00   3.520E+00
   1.030E-05   8.676E+01   1.706E+02   0.000E+00   3.724E+00
   1.000E-05   8.685E+01   1.962E+02   0.000E+00   4.025E+00
   9.750E-06   8.660E+01   2.182E+02   0.000E+00   4.314E+00
   9.500E-06   8.603E+01   2.394E+02   0.000E+00   4.631E+00
   9.250E-06   8.512E+01   2.599E+02   0.000E+00   4.902E+00
   9.080E-06   8.431E+01   2.523E+02   0.000E+00   5.045E+00
