 # Optical depth (Siebenmorgen 2023, A&A 670A,115; SC 2023 doi: 10.48550/arXiv.2311.03310)
 # wel(cm) sa_aC    ss_aC    sa_Si    ss_Si    sa_vgr   ss_vgr   sa_vsi   ss_vsi   s_pahS+B sa_Dark  ss_Dark sigt 
 # ------------------------------------------------------------------------------------------------------------- 
1.000E+00 9.57E-08 5.07E-17 4.44E-07 7.68E-17 6.61E-09 5.47E-23 2.32E-07 3.43E-22 2.57E-11 3.89E-06 8.11E-13 4.665E-06
9.000E-01 1.12E-07 7.73E-17 5.24E-07 1.17E-16 8.43E-09 8.34E-23 2.76E-07 5.23E-22 3.17E-11 4.53E-06 1.24E-12 5.448E-06
8.000E-01 1.34E-07 1.24E-16 6.31E-07 1.88E-16 1.10E-08 1.34E-22 3.36E-07 8.37E-22 4.02E-11 5.37E-06 1.98E-12 6.485E-06
7.000E-01 1.64E-07 2.11E-16 7.80E-07 3.20E-16 1.47E-08 2.28E-22 4.13E-07 1.43E-21 5.25E-11 6.52E-06 3.37E-12 7.895E-06
6.000E-01 2.08E-07 3.91E-16 9.96E-07 5.93E-16 2.05E-08 4.22E-22 5.31E-07 2.64E-21 7.14E-11 8.18E-06 6.23E-12 9.932E-06
5.500E-01 2.37E-07 5.54E-16 1.14E-06 8.39E-16 2.45E-08 5.98E-22 6.13E-07 3.74E-21 8.50E-11 9.29E-06 8.82E-12 1.131E-05
5.000E-01 2.75E-07 8.10E-16 1.33E-06 1.23E-15 2.97E-08 8.75E-22 7.10E-07 5.48E-21 1.03E-10 1.07E-05 1.29E-11 1.304E-05
4.500E-01 3.24E-07 1.23E-15 1.58E-06 1.87E-15 3.66E-08 1.33E-21 8.47E-07 8.35E-21 1.27E-10 1.25E-05 1.96E-11 1.529E-05
4.000E-01 3.89E-07 1.98E-15 1.91E-06 3.00E-15 4.58E-08 2.14E-21 1.02E-06 1.34E-20 1.61E-10 1.49E-05 3.14E-11 1.825E-05
3.500E-01 4.80E-07 3.37E-15 2.36E-06 5.12E-15 5.87E-08 3.65E-21 1.27E-06 2.28E-20 2.10E-10 1.82E-05 5.35E-11 2.238E-05
3.000E-01 6.14E-07 6.24E-15 3.03E-06 9.48E-15 7.73E-08 6.75E-21 1.62E-06 4.22E-20 2.86E-10 2.29E-05 9.90E-11 2.828E-05
2.500E-01 8.22E-07 1.29E-14 4.07E-06 1.97E-14 1.05E-07 1.40E-20 2.17E-06 8.75E-20 4.11E-10 3.03E-05 2.05E-10 3.743E-05
2.098E-01 1.09E-06 2.61E-14 5.42E-06 3.97E-14 1.40E-07 2.82E-20 2.89E-06 1.76E-19 5.84E-10 3.96E-05 4.12E-10 4.912E-05
1.500E-01 1.90E-06 9.97E-14 9.37E-06 1.52E-13 2.68E-07 1.08E-19 4.94E-06 6.74E-19 1.14E-09 6.66E-05 1.57E-09 8.312E-05
1.382E-01 2.18E-06 1.38E-13 1.07E-05 2.11E-13 3.15E-07 1.50E-19 5.67E-06 9.35E-19 1.35E-09 7.58E-05 2.18E-09 9.471E-05
1.320E-01 2.35E-06 1.66E-13 1.16E-05 2.53E-13 3.45E-07 1.80E-19 6.10E-06 1.12E-18 1.48E-09 8.15E-05 2.61E-09 1.019E-04
1.150E-01 2.97E-06 2.88E-13 1.45E-05 4.39E-13 4.53E-07 3.13E-19 7.62E-06 1.95E-18 1.94E-09 1.02E-04 4.53E-09 1.271E-04
1.000E-01 3.78E-06 5.04E-13 1.82E-05 7.68E-13 5.95E-07 5.47E-19 9.51E-06 3.41E-18 2.57E-09 1.27E-04 7.90E-09 1.593E-04
9.970E-02 3.80E-06 5.10E-13 1.83E-05 7.77E-13 5.98E-07 5.53E-19 9.56E-06 3.45E-18 2.59E-09 1.28E-04 7.99E-09 1.600E-04
8.670E-02 4.79E-06 8.92E-13 2.31E-05 1.36E-12 7.91E-07 9.68E-19 1.20E-05 6.03E-18 3.42E-09 1.59E-04 1.40E-08 1.997E-04
8.500E-02 4.96E-06 9.65E-13 2.39E-05 1.47E-12 8.22E-07 1.05E-18 1.24E-05 6.52E-18 3.56E-09 1.64E-04 1.51E-08 2.065E-04
7.500E-02 6.29E-06 1.59E-12 2.94E-05 2.43E-12 1.05E-06 1.73E-18 1.51E-05 1.08E-17 4.57E-09 2.05E-04 2.49E-08 2.573E-04
6.000E-02 9.26E-06 3.89E-12 4.24E-05 5.97E-12 1.61E-06 4.22E-18 2.19E-05 2.63E-17 7.14E-09 2.92E-04 6.04E-08 3.677E-04
5.500E-02 1.07E-05 5.51E-12 4.75E-05 8.48E-12 1.89E-06 5.97E-18 2.56E-05 3.72E-17 8.50E-09 3.38E-04 8.56E-08 4.234E-04
5.000E-02 1.28E-05 8.07E-12 5.88E-05 1.25E-11 2.26E-06 8.74E-18 3.05E-05 5.45E-17 1.03E-08 4.00E-04 1.25E-07 5.048E-04
4.500E-02 1.57E-05 1.23E-11 7.79E-05 1.92E-11 2.76E-06 1.33E-17 3.73E-05 8.32E-17 1.27E-08 4.89E-04 1.91E-07 6.229E-04
4.000E-02 2.02E-05 1.98E-11 1.04E-04 3.11E-11 3.44E-06 2.13E-17 4.71E-05 1.33E-16 1.61E-08 6.15E-04 3.05E-07 7.902E-04
3.500E-02 2.53E-05 3.37E-11 1.58E-04 5.35E-11 4.41E-06 3.64E-17 6.23E-05 2.28E-16 2.10E-08 7.59E-04 5.19E-07 1.010E-03
3.000E-02 3.58E-05 6.27E-11 2.47E-04 9.95E-11 5.87E-06 6.75E-17 8.75E-05 4.23E-16 2.86E-08 1.04E-03 9.59E-07 1.419E-03
2.750E-02 4.27E-05 8.89E-11 3.11E-04 1.41E-10 6.92E-06 9.56E-17 1.07E-04 6.00E-16 3.40E-08 1.22E-03 1.35E-06 1.687E-03
2.500E-02 5.14E-05 1.31E-10 3.96E-04 2.06E-10 8.26E-06 1.40E-16 1.34E-04 8.78E-16 4.12E-08 1.46E-03 1.98E-06 2.050E-03
2.400E-02 5.64E-05 1.54E-10 4.38E-04 2.43E-10 8.94E-06 1.65E-16 1.46E-04 1.03E-15 4.47E-08 1.57E-03 2.33E-06 2.221E-03
2.000E-02 8.25E-05 3.21E-10 6.82E-04 4.95E-10 1.26E-05 3.42E-16 2.12E-04 2.14E-15 6.44E-08 2.21E-03 4.81E-06 3.205E-03
1.800E-02 1.03E-04 4.93E-10 8.46E-04 7.43E-10 1.56E-05 5.22E-16 2.63E-04 3.27E-15 7.96E-08 2.72E-03 7.32E-06 3.952E-03
1.600E-02 1.36E-04 7.95E-10 1.05E-03 1.17E-09 1.97E-05 8.38E-16 3.35E-04 5.23E-15 1.01E-07 3.43E-03 1.17E-05 4.985E-03
1.500E-02 1.63E-04 1.03E-09 1.18E-03 1.49E-09 2.24E-05 1.09E-15 3.80E-04 6.78E-15 1.15E-07 3.90E-03 1.50E-05 5.657E-03
1.400E-02 1.85E-04 1.36E-09 1.32E-03 1.94E-09 2.59E-05 1.43E-15 4.39E-04 8.94E-15 1.32E-07 4.35E-03 1.98E-05 6.340E-03
1.200E-02 2.83E-04 2.56E-09 1.69E-03 3.47E-09 3.60E-05 2.67E-15 6.02E-04 1.66E-14 1.80E-07 5.88E-03 3.61E-05 8.524E-03
1.000E-02 4.29E-04 5.37E-09 2.23E-03 6.87E-09 5.45E-05 5.57E-15 8.79E-04 3.44E-14 2.59E-07 8.10E-03 7.41E-05 1.176E-02
9.000E-03 5.71E-04 8.28E-09 2.54E-03 1.02E-08 7.00E-05 8.54E-15 1.10E-03 5.25E-14 3.21E-07 9.92E-03 1.12E-04 1.431E-02
8.000E-03 7.58E-04 1.30E-08 2.95E-03 1.61E-08 9.36E-05 1.38E-14 1.41E-03 8.42E-14 4.07E-07 1.19E-02 1.76E-04 1.725E-02
7.500E-03 8.86E-04 1.71E-08 3.26E-03 2.08E-08 1.10E-04 1.79E-14 1.61E-03 1.09E-13 4.64E-07 1.35E-02 2.27E-04 1.959E-02
7.000E-03 1.07E-03 2.24E-08 3.66E-03 2.72E-08 1.33E-04 2.38E-14 1.87E-03 1.44E-13 5.34E-07 1.52E-02 2.96E-04 2.226E-02
6.000E-03 1.54E-03 4.06E-08 4.70E-03 4.97E-08 2.04E-04 4.48E-14 2.60E-03 2.66E-13 7.33E-07 1.99E-02 5.38E-04 2.950E-02
5.000E-03 2.19E-03 7.94E-08 6.67E-03 1.01E-07 3.58E-04 9.51E-14 3.84E-03 5.49E-13 1.07E-06 2.70E-02 1.09E-03 4.118E-02
4.500E-03 2.70E-03 1.15E-07 8.15E-03 1.51E-07 5.06E-04 1.47E-13 4.79E-03 8.32E-13 1.33E-06 3.25E-02 1.62E-03 5.026E-02
4.000E-03 3.21E-03 1.71E-07 1.02E-02 2.26E-07 7.41E-04 2.34E-13 6.12E-03 1.32E-12 1.72E-06 3.94E-02 2.53E-03 6.217E-02
3.500E-03 3.88E-03 2.71E-07 1.26E-02 3.57E-07 1.03E-03 3.74E-13 7.98E-03 2.22E-12 2.31E-06 4.93E-02 4.18E-03 7.892E-02
3.000E-03 4.79E-03 4.48E-07 1.54E-02 5.73E-07 1.09E-03 5.84E-13 1.09E-02 4.06E-12 3.36E-06 6.38E-02 7.26E-03 1.033E-01
2.750E-03 5.25E-03 5.87E-07 1.69E-02 7.39E-07 9.37E-04 7.53E-13 1.31E-02 5.66E-12 4.33E-06 7.31E-02 9.66E-03 1.190E-01
2.500E-03 5.66E-03 7.84E-07 1.85E-02 9.67E-07 7.38E-04 1.04E-12 1.61E-02 8.15E-12 6.47E-06 8.39E-02 1.30E-02 1.379E-01
2.400E-03 5.87E-03 8.94E-07 1.92E-02 1.09E-06 6.62E-04 1.20E-12 1.75E-02 9.46E-12 8.45E-06 8.88E-02 1.45E-02 1.465E-01
2.350E-03 6.00E-03 9.57E-07 1.95E-02 1.15E-06 6.26E-04 1.30E-12 1.84E-02 1.02E-11 9.70E-06 9.14E-02 1.54E-02 1.513E-01
2.320E-03 6.07E-03 9.95E-07 1.98E-02 1.19E-06 6.05E-04 1.37E-12 1.89E-02 1.07E-11 1.03E-05 9.29E-02 1.59E-02 1.541E-01
2.310E-03 6.09E-03 1.01E-06 1.99E-02 1.21E-06 5.98E-04 1.39E-12 1.90E-02 1.09E-11 1.05E-05 9.34E-02 1.61E-02 1.550E-01
2.300E-03 6.12E-03 1.02E-06 1.99E-02 1.22E-06 5.92E-04 1.41E-12 1.92E-02 1.10E-11 1.06E-05 9.39E-02 1.62E-02 1.559E-01
2.250E-03 6.22E-03 1.09E-06 2.04E-02 1.30E-06 5.60E-04 1.54E-12 2.02E-02 1.20E-11 1.11E-05 9.66E-02 1.72E-02 1.611E-01
2.200E-03 6.32E-03 1.17E-06 2.09E-02 1.39E-06 5.30E-04 1.68E-12 2.13E-02 1.30E-11 1.16E-05 9.93E-02 1.80E-02 1.663E-01
2.150E-03 6.45E-03 1.26E-06 2.14E-02 1.48E-06 5.02E-04 1.84E-12 2.23E-02 1.40E-11 1.26E-05 1.02E-01 1.89E-02 1.715E-01
2.120E-03 6.53E-03 1.31E-06 2.17E-02 1.53E-06 4.87E-04 1.95E-12 2.30E-02 1.47E-11 1.31E-05 1.04E-01 1.95E-02 1.748E-01
2.110E-03 6.55E-03 1.33E-06 2.18E-02 1.54E-06 4.82E-04 1.98E-12 2.33E-02 1.50E-11 1.32E-05 1.04E-01 1.97E-02 1.759E-01
2.100E-03 6.57E-03 1.35E-06 2.19E-02 1.56E-06 4.77E-04 2.02E-12 2.36E-02 1.52E-11 1.32E-05 1.05E-01 1.98E-02 1.769E-01
2.080E-03 6.60E-03 1.38E-06 2.21E-02 1.59E-06 4.68E-04 2.10E-12 2.41E-02 1.57E-11 1.32E-05 1.05E-01 2.01E-02 1.788E-01
2.000E-03 6.70E-03 1.56E-06 2.28E-02 1.72E-06 4.33E-04 2.46E-12 2.64E-02 1.78E-11 1.29E-05 1.09E-01 2.16E-02 1.873E-01
1.950E-03 6.80E-03 1.69E-06 2.31E-02 1.78E-06 4.15E-04 2.73E-12 2.79E-02 1.89E-11 1.39E-05 1.11E-01 2.21E-02 1.917E-01
1.900E-03 6.94E-03 1.85E-06 2.32E-02 1.83E-06 3.98E-04 3.03E-12 2.91E-02 1.97E-11 1.62E-05 1.13E-01 2.26E-02 1.950E-01
1.850E-03 7.09E-03 2.02E-06 2.31E-02 1.85E-06 3.84E-04 3.38E-12 2.97E-02 2.03E-11 2.02E-05 1.13E-01 2.29E-02 1.962E-01
1.830E-03 7.16E-03 2.09E-06 2.30E-02 1.85E-06 3.78E-04 3.53E-12 2.98E-02 2.04E-11 2.15E-05 1.13E-01 2.29E-02 1.961E-01
1.820E-03 7.18E-03 2.13E-06 2.29E-02 1.85E-06 3.75E-04 3.61E-12 2.98E-02 2.04E-11 2.20E-05 1.13E-01 2.29E-02 1.958E-01
1.810E-03 7.21E-03 2.16E-06 2.27E-02 1.85E-06 3.73E-04 3.70E-12 2.98E-02 2.05E-11 2.23E-05 1.12E-01 2.30E-02 1.955E-01
1.800E-03 7.24E-03 2.20E-06 2.26E-02 1.84E-06 3.71E-04 3.78E-12 2.97E-02 2.05E-11 2.25E-05 1.12E-01 2.31E-02 1.952E-01
1.750E-03 7.40E-03 2.41E-06 2.16E-02 1.80E-06 3.60E-04 4.24E-12 2.89E-02 2.06E-11 2.32E-05 1.11E-01 2.34E-02 1.924E-01
1.700E-03 7.49E-03 2.64E-06 2.01E-02 1.72E-06 3.51E-04 4.77E-12 2.75E-02 2.07E-11 2.77E-05 1.08E-01 2.39E-02 1.877E-01
1.670E-03 7.61E-03 2.81E-06 1.88E-02 1.68E-06 3.47E-04 5.13E-12 2.65E-02 2.10E-11 3.20E-05 1.07E-01 2.45E-02 1.848E-01
1.650E-03 7.71E-03 2.94E-06 1.78E-02 1.65E-06 3.45E-04 5.39E-12 2.57E-02 2.12E-11 3.36E-05 1.06E-01 2.49E-02 1.828E-01
1.640E-03 7.75E-03 2.99E-06 1.73E-02 1.64E-06 3.44E-04 5.53E-12 2.53E-02 2.14E-11 3.36E-05 1.06E-01 2.51E-02 1.816E-01
1.630E-03 7.79E-03 3.05E-06 1.67E-02 1.63E-06 3.43E-04 5.67E-12 2.49E-02 2.15E-11 3.31E-05 1.05E-01 2.53E-02 1.805E-01
1.610E-03 7.87E-03 3.17E-06 1.56E-02 1.62E-06 3.41E-04 5.96E-12 2.40E-02 2.21E-11 3.14E-05 1.04E-01 2.60E-02 1.783E-01
1.600E-03 7.91E-03 3.24E-06 1.50E-02 1.63E-06 3.40E-04 6.11E-12 2.36E-02 2.24E-11 3.06E-05 1.04E-01 2.63E-02 1.772E-01
1.590E-03 7.95E-03 3.31E-06 1.44E-02 1.64E-06 3.39E-04 6.27E-12 2.32E-02 2.27E-11 3.00E-05 1.04E-01 2.66E-02 1.762E-01
1.580E-03 8.00E-03 3.37E-06 1.37E-02 1.66E-06 3.39E-04 6.44E-12 2.27E-02 2.31E-11 2.96E-05 1.03E-01 2.70E-02 1.752E-01
1.570E-03 8.02E-03 3.44E-06 1.31E-02 1.69E-06 3.38E-04 6.60E-12 2.23E-02 2.35E-11 2.93E-05 1.03E-01 2.74E-02 1.742E-01
1.560E-03 8.06E-03 3.52E-06 1.26E-02 1.74E-06 3.38E-04 6.78E-12 2.19E-02 2.40E-11 2.88E-05 1.03E-01 2.79E-02 1.735E-01
1.540E-03 8.18E-03 3.66E-06 1.15E-02 1.87E-06 3.37E-04 7.14E-12 2.11E-02 2.51E-11 2.84E-05 1.02E-01 2.89E-02 1.723E-01
1.520E-03 8.25E-03 3.80E-06 1.07E-02 2.05E-06 3.37E-04 7.54E-12 2.03E-02 2.65E-11 2.98E-05 1.02E-01 2.99E-02 1.713E-01
1.510E-03 8.28E-03 3.88E-06 1.04E-02 2.15E-06 3.37E-04 7.74E-12 1.99E-02 2.73E-11 3.07E-05 1.02E-01 3.05E-02 1.710E-01
1.500E-03 8.30E-03 3.95E-06 1.02E-02 2.27E-06 3.37E-04 7.95E-12 1.96E-02 2.82E-11 3.09E-05 1.01E-01 3.12E-02 1.709E-01
1.450E-03 8.43E-03 4.41E-06 9.69E-03 2.95E-06 3.39E-04 9.13E-12 1.80E-02 3.41E-11 3.82E-05 1.02E-01 3.55E-02 1.736E-01
1.440E-03 8.48E-03 4.51E-06 9.68E-03 3.10E-06 3.40E-04 9.39E-12 1.78E-02 3.56E-11 4.18E-05 1.02E-01 3.65E-02 1.747E-01
1.430E-03 8.52E-03 4.62E-06 9.68E-03 3.24E-06 3.40E-04 9.66E-12 1.77E-02 3.74E-11 4.48E-05 1.03E-01 3.76E-02 1.765E-01
1.420E-03 8.55E-03 4.72E-06 9.66E-03 3.40E-06 3.41E-04 9.94E-12 1.77E-02 3.94E-11 4.64E-05 1.03E-01 3.88E-02 1.784E-01
1.400E-03 8.64E-03 4.95E-06 9.68E-03 3.72E-06 3.43E-04 1.05E-11 1.78E-02 4.38E-11 5.04E-05 1.05E-01 4.13E-02 1.832E-01
1.380E-03 8.73E-03 5.19E-06 9.68E-03 4.08E-06 3.46E-04 1.12E-11 1.83E-02 4.90E-11 6.23E-05 1.08E-01 4.38E-02 1.890E-01
1.370E-03 8.77E-03 5.31E-06 9.70E-03 4.27E-06 3.47E-04 1.15E-11 1.88E-02 5.17E-11 7.30E-05 1.10E-01 4.51E-02 1.924E-01
1.360E-03 8.82E-03 5.45E-06 9.71E-03 4.47E-06 3.48E-04 1.18E-11 1.94E-02 5.47E-11 8.38E-05 1.11E-01 4.63E-02 1.961E-01
1.350E-03 8.88E-03 5.59E-06 9.74E-03 4.69E-06 3.50E-04 1.22E-11 1.99E-02 5.77E-11 8.93E-05 1.13E-01 4.75E-02 1.997E-01
1.340E-03 8.95E-03 5.72E-06 9.78E-03 4.92E-06 3.52E-04 1.26E-11 2.06E-02 6.07E-11 9.63E-05 1.15E-01 4.84E-02 2.033E-01
1.330E-03 9.00E-03 5.86E-06 9.84E-03 5.16E-06 3.53E-04 1.30E-11 2.13E-02 6.38E-11 1.11E-04 1.17E-01 4.94E-02 2.069E-01
1.320E-03 9.06E-03 6.00E-06 9.90E-03 5.41E-06 3.55E-04 1.34E-11 2.20E-02 6.71E-11 1.35E-04 1.19E-01 5.03E-02 2.106E-01
1.310E-03 9.11E-03 6.13E-06 9.99E-03 5.69E-06 3.57E-04 1.38E-11 2.29E-02 7.04E-11 1.75E-04 1.21E-01 5.12E-02 2.142E-01
1.290E-03 9.15E-03 6.40E-06 1.02E-02 6.29E-06 3.62E-04 1.47E-11 2.45E-02 7.77E-11 3.55E-04 1.24E-01 5.29E-02 2.215E-01
1.280E-03 9.17E-03 6.56E-06 1.04E-02 6.61E-06 3.64E-04 1.51E-11 2.55E-02 8.15E-11 5.17E-04 1.26E-01 5.37E-02 2.256E-01
1.270E-03 9.21E-03 6.74E-06 1.04E-02 6.97E-06 3.66E-04 1.56E-11 2.66E-02 8.56E-11 6.24E-04 1.28E-01 5.45E-02 2.296E-01
1.260E-03 9.25E-03 6.91E-06 1.06E-02 7.38E-06 3.69E-04 1.61E-11 2.77E-02 8.96E-11 5.39E-04 1.30E-01 5.51E-02 2.333E-01
1.250E-03 9.28E-03 7.09E-06 1.08E-02 7.83E-06 3.71E-04 1.67E-11 2.88E-02 9.37E-11 4.00E-04 1.32E-01 5.57E-02 2.368E-01
1.220E-03 9.47E-03 7.73E-06 1.23E-02 9.69E-06 3.79E-04 1.84E-11 3.23E-02 1.07E-10 3.14E-04 1.37E-01 5.74E-02 2.492E-01
1.210E-03 9.52E-03 7.91E-06 1.34E-02 1.04E-05 3.82E-04 1.90E-11 3.37E-02 1.12E-10 3.61E-04 1.39E-01 5.78E-02 2.540E-01
1.200E-03 9.54E-03 8.13E-06 1.48E-02 1.11E-05 3.85E-04 1.97E-11 3.51E-02 1.18E-10 3.98E-04 1.41E-01 5.82E-02 2.592E-01
1.190E-03 9.62E-03 8.38E-06 1.63E-02 1.18E-05 3.88E-04 2.04E-11 3.67E-02 1.23E-10 3.98E-04 1.43E-01 5.86E-02 2.646E-01
1.180E-03 9.70E-03 8.61E-06 1.78E-02 1.23E-05 3.91E-04 2.11E-11 3.82E-02 1.28E-10 3.96E-04 1.44E-01 5.87E-02 2.695E-01
1.170E-03 9.75E-03 8.84E-06 1.93E-02 1.28E-05 3.94E-04 2.19E-11 3.98E-02 1.34E-10 4.39E-04 1.46E-01 5.88E-02 2.745E-01
1.160E-03 9.83E-03 9.08E-06 2.05E-02 1.32E-05 3.99E-04 2.28E-11 4.14E-02 1.39E-10 5.63E-04 1.47E-01 5.90E-02 2.790E-01
1.150E-03 9.87E-03 9.30E-06 2.17E-02 1.35E-05 5.60E-04 2.25E-11 4.29E-02 1.45E-10 8.18E-04 1.49E-01 5.91E-02 2.836E-01
1.140E-03 9.90E-03 9.54E-06 2.26E-02 1.38E-05 4.16E-04 2.40E-11 4.46E-02 1.51E-10 1.23E-03 1.50E-01 5.92E-02 2.882E-01
1.130E-03 9.93E-03 9.80E-06 2.35E-02 1.41E-05 4.15E-04 2.49E-11 4.64E-02 1.58E-10 1.49E-03 1.52E-01 5.94E-02 2.928E-01
1.120E-03 9.96E-03 1.01E-05 2.43E-02 1.45E-05 4.18E-04 2.59E-11 4.84E-02 1.65E-10 1.21E-03 1.53E-01 5.94E-02 2.967E-01
1.110E-03 9.99E-03 1.04E-05 2.51E-02 1.48E-05 4.22E-04 2.68E-11 5.04E-02 1.72E-10 7.69E-04 1.54E-01 5.94E-02 3.006E-01
1.090E-03 1.01E-02 1.10E-05 2.66E-02 1.55E-05 4.30E-04 2.89E-11 5.47E-02 1.87E-10 3.26E-04 1.57E-01 5.93E-02 3.085E-01
1.050E-03 1.03E-02 1.25E-05 2.93E-02 1.66E-05 4.50E-04 3.36E-11 6.62E-02 2.22E-10 1.15E-04 1.62E-01 5.80E-02 3.268E-01
1.000E-03 1.07E-02 1.48E-05 3.21E-02 1.76E-05 4.80E-04 4.09E-11 7.65E-02 2.38E-10 6.44E-05 1.62E-01 5.37E-02 3.356E-01
9.800E-04 1.08E-02 1.58E-05 3.27E-02 1.76E-05 4.94E-04 4.43E-11 8.03E-02 2.45E-10 5.79E-05 1.62E-01 5.21E-02 3.382E-01
9.600E-04 1.10E-02 1.70E-05 3.25E-02 1.71E-05 5.08E-04 4.81E-11 8.40E-02 2.47E-10 5.50E-05 1.60E-01 4.98E-02 3.383E-01
9.500E-04 1.11E-02 1.76E-05 3.21E-02 1.68E-05 5.16E-04 5.02E-11 8.49E-02 2.42E-10 5.46E-05 1.59E-01 4.81E-02 3.358E-01
9.400E-04 1.12E-02 1.82E-05 3.16E-02 1.65E-05 5.24E-04 5.24E-11 8.46E-02 2.31E-10 5.50E-05 1.57E-01 4.61E-02 3.307E-01
9.200E-04 1.14E-02 1.94E-05 3.00E-02 1.58E-05 5.41E-04 5.71E-11 7.88E-02 1.93E-10 5.85E-05 1.49E-01 4.18E-02 3.120E-01
8.900E-04 1.16E-02 2.17E-05 2.66E-02 1.48E-05 5.69E-04 6.52E-11 6.23E-02 1.23E-10 7.99E-05 1.36E-01 3.66E-02 2.735E-01
8.700E-04 1.17E-02 2.32E-05 2.41E-02 1.45E-05 5.89E-04 7.14E-11 5.18E-02 9.16E-11 1.61E-04 1.27E-01 3.50E-02 2.507E-01
8.600E-04 1.18E-02 2.41E-05 2.28E-02 1.45E-05 6.00E-04 7.48E-11 4.76E-02 8.08E-11 2.35E-04 1.24E-01 3.49E-02 2.420E-01
8.500E-04 1.19E-02 2.50E-05 2.15E-02 1.45E-05 6.11E-04 7.84E-11 4.39E-02 7.20E-11 1.73E-04 1.21E-01 3.47E-02 2.337E-01
8.400E-04 1.20E-02 2.60E-05 2.01E-02 1.45E-05 6.22E-04 8.22E-11 4.01E-02 6.30E-11 1.29E-04 1.18E-01 3.46E-02 2.251E-01
8.200E-04 1.21E-02 2.78E-05 1.67E-02 1.49E-05 6.47E-04 9.04E-11 3.09E-02 4.53E-11 1.32E-04 1.09E-01 3.45E-02 2.042E-01
8.000E-04 1.23E-02 3.01E-05 1.35E-02 1.64E-05 6.72E-04 9.98E-11 2.11E-02 3.49E-11 1.86E-04 1.00E-01 3.68E-02 1.848E-01
7.900E-04 1.24E-02 3.14E-05 1.23E-02 1.76E-05 6.86E-04 1.05E-10 1.78E-02 3.76E-11 2.28E-04 9.76E-02 3.95E-02 1.806E-01
7.800E-04 1.25E-02 3.25E-05 1.13E-02 1.91E-05 6.99E-04 1.10E-10 1.44E-02 4.26E-11 2.69E-04 9.48E-02 4.25E-02 1.764E-01
7.700E-04 1.25E-02 3.38E-05 1.04E-02 2.07E-05 7.14E-04 1.16E-10 1.19E-02 5.07E-11 2.88E-04 9.27E-02 4.60E-02 1.745E-01
7.600E-04 1.25E-02 3.51E-05 9.63E-03 2.24E-05 7.28E-04 1.22E-10 1.01E-02 6.18E-11 2.70E-04 9.16E-02 4.99E-02 1.748E-01
7.500E-04 1.26E-02 3.66E-05 8.97E-03 2.43E-05 7.43E-04 1.29E-10 8.47E-03 7.52E-11 2.27E-04 9.06E-02 5.41E-02 1.758E-01
7.300E-04 1.27E-02 4.01E-05 7.94E-03 2.88E-05 7.76E-04 1.44E-10 7.10E-03 1.07E-10 1.50E-04 9.14E-02 6.26E-02 1.828E-01
7.200E-04 1.28E-02 4.17E-05 7.62E-03 3.13E-05 7.93E-04 1.52E-10 6.87E-03 1.24E-10 1.29E-04 9.20E-02 6.62E-02 1.864E-01
7.100E-04 1.28E-02 4.37E-05 7.41E-03 3.39E-05 8.11E-04 1.61E-10 6.66E-03 1.43E-10 1.27E-04 9.26E-02 7.02E-02 1.907E-01
7.000E-04 1.29E-02 4.58E-05 7.22E-03 3.65E-05 8.30E-04 1.70E-10 6.59E-03 1.62E-10 1.69E-04 9.38E-02 7.36E-02 1.952E-01
6.900E-04 1.30E-02 4.76E-05 6.93E-03 3.92E-05 8.49E-04 1.80E-10 6.56E-03 1.82E-10 1.09E-04 9.43E-02 7.69E-02 1.987E-01
6.800E-04 1.28E-02 4.94E-05 6.57E-03 4.22E-05 8.69E-04 1.91E-10 6.56E-03 2.03E-10 9.08E-05 9.42E-02 8.07E-02 2.018E-01
6.600E-04 1.29E-02 5.57E-05 5.91E-03 4.90E-05 9.12E-04 2.15E-10 6.56E-03 2.49E-10 8.93E-05 9.62E-02 8.86E-02 2.112E-01
6.400E-04 1.32E-02 6.29E-05 5.13E-03 5.71E-05 9.57E-04 2.43E-10 6.54E-03 3.02E-10 1.24E-04 9.89E-02 9.55E-02 2.204E-01
6.300E-04 1.35E-02 6.63E-05 4.78E-03 6.21E-05 9.69E-04 2.59E-10 6.52E-03 3.31E-10 1.80E-04 1.00E-01 9.82E-02 2.244E-01
6.200E-04 1.36E-02 6.95E-05 4.70E-03 6.75E-05 1.01E-03 2.75E-10 6.49E-03 3.63E-10 2.35E-04 1.01E-01 1.01E-01 2.283E-01
6.100E-04 1.37E-02 7.36E-05 4.68E-03 7.27E-05 1.04E-03 2.94E-10 6.44E-03 3.97E-10 1.79E-04 1.02E-01 1.05E-01 2.325E-01
5.900E-04 1.43E-02 8.27E-05 3.84E-03 8.47E-05 1.09E-03 3.35E-10 6.35E-03 4.76E-10 9.88E-05 1.04E-01 1.10E-01 2.406E-01
5.500E-04 1.38E-02 9.94E-05 2.85E-03 1.19E-04 1.23E-03 4.43E-10 6.26E-03 6.82E-10 9.28E-05 1.03E-01 1.26E-01 2.543E-01
5.300E-04 1.39E-02 1.15E-04 2.54E-03 1.42E-04 1.30E-03 5.12E-10 6.28E-03 8.16E-10 1.29E-04 1.05E-01 1.35E-01 2.642E-01
5.200E-04 1.39E-02 1.23E-04 2.39E-03 1.55E-04 1.35E-03 5.52E-10 6.29E-03 8.95E-10 1.83E-04 1.06E-01 1.39E-01 2.690E-01
5.100E-04 1.40E-02 1.32E-04 2.24E-03 1.69E-04 1.39E-03 5.97E-10 6.32E-03 9.82E-10 2.38E-04 1.07E-01 1.43E-01 2.742E-01
5.000E-04 1.42E-02 1.42E-04 2.07E-03 1.88E-04 1.43E-03 6.45E-10 6.35E-03 1.08E-09 1.85E-04 1.08E-01 1.47E-01 2.790E-01
4.800E-04 1.44E-02 1.64E-04 1.83E-03 2.26E-04 1.53E-03 7.58E-10 6.46E-03 1.30E-09 1.14E-04 1.10E-01 1.54E-01 2.885E-01
4.500E-04 1.49E-02 2.05E-04 1.54E-03 3.00E-04 1.69E-03 9.78E-10 6.69E-03 1.74E-09 1.05E-04 1.13E-01 1.65E-01 3.025E-01
4.000E-04 1.55E-02 3.14E-04 1.14E-03 5.00E-04 2.04E-03 1.56E-09 7.20E-03 2.90E-09 1.26E-04 1.17E-01 1.82E-01 3.259E-01
3.800E-04 1.58E-02 3.79E-04 1.00E-03 6.22E-04 2.21E-03 1.91E-09 7.42E-03 3.62E-09 1.40E-04 1.19E-01 1.88E-01 3.349E-01
3.600E-04 1.62E-02 4.64E-04 8.83E-04 7.82E-04 2.40E-03 2.36E-09 7.67E-03 4.54E-09 1.63E-04 1.21E-01 1.94E-01 3.434E-01
3.400E-04 1.70E-02 5.69E-04 7.76E-04 9.94E-04 2.63E-03 2.95E-09 7.95E-03 5.77E-09 2.53E-04 1.24E-01 1.97E-01 3.515E-01
3.300E-04 1.70E-02 6.28E-04 7.27E-04 1.13E-03 2.76E-03 3.32E-09 8.08E-03 6.54E-09 5.14E-04 1.24E-01 2.00E-01 3.554E-01
3.200E-04 1.71E-02 7.06E-04 6.77E-04 1.28E-03 2.90E-03 3.75E-09 8.21E-03 7.43E-09 2.71E-04 1.25E-01 2.03E-01 3.591E-01
3.150E-04 1.72E-02 7.50E-04 6.56E-04 1.37E-03 2.97E-03 3.99E-09 8.28E-03 7.93E-09 2.36E-04 1.25E-01 2.04E-01 3.611E-01
3.100E-04 1.74E-02 7.96E-04 6.34E-04 1.46E-03 3.04E-03 4.25E-09 8.35E-03 8.47E-09 2.25E-04 1.26E-01 2.05E-01 3.630E-01
3.080E-04 1.75E-02 8.15E-04 6.25E-04 1.50E-03 3.07E-03 4.36E-09 8.38E-03 8.70E-09 2.24E-04 1.26E-01 2.05E-01 3.638E-01
3.050E-04 1.75E-02 8.44E-04 6.11E-04 1.56E-03 3.12E-03 4.53E-09 8.43E-03 9.06E-09 2.23E-04 1.26E-01 2.06E-01 3.649E-01
3.000E-04 1.77E-02 8.98E-04 5.92E-04 1.67E-03 3.20E-03 4.83E-09 8.52E-03 9.69E-09 2.25E-04 1.27E-01 2.07E-01 3.669E-01
2.900E-04 1.80E-02 1.02E-03 5.52E-04 1.92E-03 3.38E-03 5.52E-09 8.70E-03 1.11E-08 2.36E-04 1.28E-01 2.09E-01 3.708E-01
2.800E-04 1.82E-02 1.15E-03 5.15E-04 2.22E-03 3.57E-03 6.34E-09 8.89E-03 1.29E-08 2.50E-04 1.29E-01 2.11E-01 3.747E-01
2.600E-04 1.87E-02 1.53E-03 4.46E-04 3.01E-03 4.01E-03 8.48E-09 9.33E-03 1.74E-08 2.89E-04 1.30E-01 2.16E-01 3.836E-01
2.500E-04 1.91E-02 1.78E-03 4.15E-04 3.53E-03 4.25E-03 9.88E-09 9.58E-03 2.05E-08 3.13E-04 1.32E-01 2.18E-01 3.887E-01
2.200E-04 2.10E-02 2.90E-03 3.34E-04 5.93E-03 5.17E-03 1.63E-08 1.05E-02 3.44E-08 4.08E-04 1.36E-01 2.25E-01 4.070E-01
2.159E-04 2.12E-02 3.11E-03 3.24E-04 6.39E-03 5.32E-03 1.76E-08 1.06E-02 3.71E-08 4.25E-04 1.36E-01 2.26E-01 4.098E-01
2.000E-04 2.25E-02 4.16E-03 2.92E-04 8.69E-03 5.99E-03 2.37E-08 1.13E-02 5.05E-08 5.02E-04 1.38E-01 2.31E-01 4.222E-01
1.662E-04 2.61E-02 8.17E-03 2.34E-04 1.80E-02 7.96E-03 4.89E-08 1.30E-02 1.06E-07 7.62E-04 1.43E-01 2.38E-01 4.549E-01
1.650E-04 2.63E-02 8.38E-03 2.31E-04 1.85E-02 8.05E-03 5.03E-08 1.31E-02 1.10E-07 7.74E-04 1.43E-01 2.38E-01 4.564E-01
1.250E-04 3.49E-02 2.14E-02 2.12E-04 5.15E-02 1.24E-02 1.49E-07 1.67E-02 3.33E-07 1.49E-03 1.50E-01 2.43E-01 5.313E-01
1.235E-04 3.55E-02 2.22E-02 2.11E-04 5.37E-02 1.26E-02 1.56E-07 1.68E-02 3.50E-07 1.54E-03 1.50E-01 2.43E-01 5.357E-01
1.130E-04 3.97E-02 2.89E-02 2.19E-04 7.24E-02 1.45E-02 2.21E-07 1.83E-02 4.99E-07 1.90E-03 1.52E-01 2.43E-01 5.714E-01
1.000E-04 4.74E-02 4.08E-02 2.47E-04 1.07E-01 1.77E-02 3.57E-07 2.05E-02 8.14E-07 2.56E-03 1.56E-01 2.41E-01 6.336E-01
9.500E-05 5.12E-02 4.65E-02 2.50E-04 1.26E-01 1.92E-02 4.36E-07 2.15E-02 9.99E-07 2.89E-03 1.58E-01 2.40E-01 6.651E-01
9.300E-05 5.28E-02 4.90E-02 2.56E-04 1.35E-01 1.99E-02 4.73E-07 2.20E-02 1.09E-06 3.04E-03 1.58E-01 2.39E-01 6.791E-01
9.200E-05 5.36E-02 5.03E-02 2.59E-04 1.40E-01 2.02E-02 4.94E-07 2.22E-02 1.14E-06 3.12E-03 1.58E-01 2.39E-01 6.864E-01
9.100E-05 5.45E-02 5.16E-02 2.65E-04 1.45E-01 2.06E-02 5.15E-07 2.24E-02 1.19E-06 3.21E-03 1.59E-01 2.38E-01 6.941E-01
9.000E-05 5.53E-02 5.29E-02 2.69E-04 1.50E-01 2.10E-02 5.38E-07 2.27E-02 1.24E-06 3.29E-03 1.59E-01 2.38E-01 7.019E-01
8.900E-05 5.61E-02 5.43E-02 2.74E-04 1.55E-01 2.13E-02 5.61E-07 2.29E-02 1.30E-06 3.38E-03 1.59E-01 2.37E-01 7.101E-01
8.800E-05 5.70E-02 5.57E-02 2.76E-04 1.61E-01 2.17E-02 5.87E-07 2.32E-02 1.36E-06 3.48E-03 1.59E-01 2.37E-01 7.185E-01
8.700E-05 5.78E-02 5.71E-02 2.85E-04 1.66E-01 2.21E-02 6.13E-07 2.34E-02 1.42E-06 3.57E-03 1.60E-01 2.37E-01 7.273E-01
8.600E-05 5.87E-02 5.86E-02 2.88E-04 1.73E-01 2.25E-02 6.41E-07 2.37E-02 1.49E-06 3.67E-03 1.60E-01 2.36E-01 7.363E-01
8.500E-05 5.96E-02 6.01E-02 2.94E-04 1.79E-01 2.30E-02 6.71E-07 2.39E-02 1.56E-06 3.78E-03 1.60E-01 2.36E-01 7.457E-01
8.400E-05 6.05E-02 6.17E-02 2.98E-04 1.86E-01 2.34E-02 7.02E-07 2.42E-02 1.64E-06 3.88E-03 1.60E-01 2.35E-01 7.555E-01
8.330E-05 6.11E-02 6.29E-02 3.03E-04 1.90E-01 2.37E-02 7.26E-07 2.44E-02 1.69E-06 3.96E-03 1.61E-01 2.35E-01 7.626E-01
8.200E-05 6.24E-02 6.50E-02 3.08E-04 2.00E-01 2.43E-02 7.71E-07 2.48E-02 1.80E-06 4.12E-03 1.61E-01 2.34E-01 7.762E-01
8.100E-05 6.34E-02 6.67E-02 3.16E-04 2.07E-01 2.48E-02 8.09E-07 2.50E-02 1.89E-06 4.24E-03 1.61E-01 2.34E-01 7.871E-01
8.000E-05 6.45E-02 6.84E-02 3.21E-04 2.15E-01 2.52E-02 8.49E-07 2.53E-02 1.99E-06 4.36E-03 1.62E-01 2.33E-01 7.985E-01
7.900E-05 6.56E-02 7.02E-02 3.27E-04 2.24E-01 2.57E-02 8.91E-07 2.56E-02 2.09E-06 4.50E-03 1.62E-01 2.33E-01 8.104E-01
7.800E-05 6.68E-02 7.19E-02 3.36E-04 2.32E-01 2.63E-02 9.36E-07 2.59E-02 2.20E-06 4.64E-03 1.62E-01 2.32E-01 8.227E-01
7.700E-05 6.81E-02 7.37E-02 3.44E-04 2.41E-01 2.68E-02 9.84E-07 2.63E-02 2.32E-06 4.78E-03 1.63E-01 2.31E-01 8.354E-01
7.600E-05 6.94E-02 7.55E-02 3.57E-04 2.51E-01 2.73E-02 1.03E-06 2.66E-02 2.44E-06 4.93E-03 1.63E-01 2.31E-01 8.486E-01
7.500E-05 7.07E-02 7.73E-02 3.67E-04 2.61E-01 2.79E-02 1.09E-06 2.69E-02 2.58E-06 5.09E-03 1.63E-01 2.30E-01 8.622E-01
7.400E-05 7.21E-02 7.91E-02 3.83E-04 2.71E-01 2.85E-02 1.15E-06 2.73E-02 2.72E-06 5.26E-03 1.64E-01 2.29E-01 8.764E-01
7.300E-05 7.36E-02 8.09E-02 4.00E-04 2.82E-01 2.91E-02 1.21E-06 2.76E-02 2.87E-06 5.43E-03 1.64E-01 2.28E-01 8.910E-01
7.140E-05 7.60E-02 8.37E-02 4.13E-04 3.00E-01 3.00E-02 1.32E-06 2.82E-02 3.14E-06 5.73E-03 1.65E-01 2.27E-01 9.154E-01
7.100E-05 7.66E-02 8.44E-02 4.14E-04 3.05E-01 3.03E-02 1.35E-06 2.83E-02 3.21E-06 5.80E-03 1.65E-01 2.26E-01 9.218E-01
7.000E-05 7.82E-02 8.62E-02 4.28E-04 3.17E-01 3.09E-02 1.42E-06 2.87E-02 3.40E-06 6.00E-03 1.65E-01 2.26E-01 9.379E-01
6.900E-05 7.98E-02 8.80E-02 4.42E-04 3.29E-01 3.16E-02 1.50E-06 2.91E-02 3.60E-06 6.22E-03 1.66E-01 2.25E-01 9.546E-01
6.800E-05 8.15E-02 8.98E-02 4.61E-04 3.42E-01 3.23E-02 1.59E-06 2.95E-02 3.82E-06 6.44E-03 1.66E-01 2.24E-01 9.720E-01
6.700E-05 8.32E-02 9.16E-02 4.79E-04 3.56E-01 3.30E-02 1.69E-06 2.99E-02 4.05E-06 6.67E-03 1.66E-01 2.23E-01 9.899E-01
6.600E-05 8.49E-02 9.34E-02 5.01E-04 3.70E-01 3.37E-02 1.79E-06 3.04E-02 4.30E-06 6.92E-03 1.67E-01 2.22E-01 1.008E+00
6.500E-05 8.68E-02 9.52E-02 5.11E-04 3.85E-01 3.45E-02 1.90E-06 3.08E-02 4.58E-06 7.18E-03 1.67E-01 2.21E-01 1.027E+00
6.400E-05 8.86E-02 9.70E-02 5.24E-04 4.00E-01 3.54E-02 2.02E-06 3.13E-02 4.87E-06 7.45E-03 1.67E-01 2.19E-01 1.047E+00
6.300E-05 9.06E-02 9.88E-02 5.40E-04 4.16E-01 3.62E-02 2.14E-06 3.17E-02 5.19E-06 7.74E-03 1.68E-01 2.18E-01 1.068E+00
6.250E-05 9.17E-02 9.97E-02 5.44E-04 4.24E-01 3.66E-02 2.21E-06 3.20E-02 5.36E-06 7.89E-03 1.68E-01 2.18E-01 1.078E+00
6.200E-05 9.27E-02 1.01E-01 5.59E-04 4.32E-01 3.71E-02 2.28E-06 3.22E-02 5.54E-06 8.05E-03 1.68E-01 2.17E-01 1.089E+00
6.100E-05 9.49E-02 1.02E-01 5.84E-04 4.49E-01 3.80E-02 2.43E-06 3.27E-02 5.92E-06 8.37E-03 1.69E-01 2.16E-01 1.110E+00
6.000E-05 9.71E-02 1.04E-01 6.11E-04 4.67E-01 3.89E-02 2.60E-06 3.32E-02 6.32E-06 8.72E-03 1.69E-01 2.15E-01 1.133E+00
5.900E-05 9.95E-02 1.06E-01 6.36E-04 4.85E-01 3.99E-02 2.77E-06 3.38E-02 6.77E-06 9.09E-03 1.69E-01 2.13E-01 1.156E+00
5.800E-05 1.02E-01 1.07E-01 6.65E-04 5.04E-01 4.09E-02 2.97E-06 3.43E-02 7.25E-06 9.48E-03 1.70E-01 2.12E-01 1.179E+00
5.700E-05 1.05E-01 1.08E-01 7.00E-04 5.23E-01 4.19E-02 3.18E-06 3.49E-02 7.78E-06 9.90E-03 1.70E-01 2.10E-01 1.204E+00
5.600E-05 1.07E-01 1.10E-01 7.36E-04 5.44E-01 4.30E-02 3.40E-06 3.55E-02 8.35E-06 1.04E-02 1.70E-01 2.09E-01 1.229E+00
5.500E-05 1.10E-01 1.11E-01 7.68E-04 5.65E-01 4.41E-02 3.65E-06 3.61E-02 8.98E-06 1.08E-02 1.71E-01 2.07E-01 1.256E+00
5.477E-05 1.11E-01 1.11E-01 7.72E-04 5.71E-01 4.44E-02 3.72E-06 3.62E-02 9.13E-06 1.86E-02 1.71E-01 2.07E-01 1.270E+00
5.400E-05 1.13E-01 1.12E-01 7.99E-04 5.88E-01 4.54E-02 3.93E-06 3.67E-02 9.68E-06 1.93E-02 1.71E-01 2.06E-01 1.291E+00
5.300E-05 1.15E-01 1.13E-01 8.37E-04 6.11E-01 4.68E-02 4.24E-06 3.74E-02 1.04E-05 2.03E-02 1.71E-01 2.04E-01 1.320E+00
5.200E-05 1.18E-01 1.13E-01 8.90E-04 6.35E-01 4.82E-02 4.58E-06 3.81E-02 1.13E-05 2.14E-02 1.72E-01 2.03E-01 1.350E+00
5.100E-05 1.21E-01 1.14E-01 9.40E-04 6.61E-01 4.97E-02 4.95E-06 3.88E-02 1.22E-05 2.26E-02 1.72E-01 2.01E-01 1.381E+00
5.000E-05 1.24E-01 1.15E-01 9.94E-04 6.87E-01 5.12E-02 5.37E-06 3.95E-02 1.32E-05 2.39E-02 1.72E-01 2.00E-01 1.413E+00
4.900E-05 1.27E-01 1.15E-01 1.05E-03 7.14E-01 5.28E-02 5.82E-06 4.03E-02 1.44E-05 2.53E-02 1.72E-01 1.98E-01 1.446E+00
4.880E-05 1.27E-01 1.15E-01 1.06E-03 7.20E-01 5.32E-02 5.92E-06 4.04E-02 1.46E-05 2.56E-02 1.72E-01 1.98E-01 1.453E+00
4.800E-05 1.30E-01 1.15E-01 1.10E-03 7.43E-01 5.47E-02 6.33E-06 4.10E-02 1.56E-05 2.69E-02 1.72E-01 1.97E-01 1.481E+00
4.760E-05 1.31E-01 1.16E-01 1.13E-03 7.54E-01 5.56E-02 6.55E-06 4.14E-02 1.62E-05 2.75E-02 1.72E-01 1.96E-01 1.495E+00
4.700E-05 1.32E-01 1.16E-01 1.17E-03 7.72E-01 5.69E-02 6.90E-06 4.19E-02 1.70E-05 2.86E-02 1.72E-01 1.95E-01 1.517E+00
4.650E-05 1.34E-01 1.16E-01 1.21E-03 7.87E-01 5.80E-02 7.21E-06 4.23E-02 1.78E-05 2.95E-02 1.72E-01 1.95E-01 1.535E+00
4.600E-05 1.35E-01 1.16E-01 1.25E-03 8.02E-01 5.91E-02 7.54E-06 4.27E-02 1.86E-05 3.05E-02 1.72E-01 1.94E-01 1.553E+00
4.550E-05 1.37E-01 1.16E-01 1.31E-03 8.17E-01 6.03E-02 7.89E-06 4.32E-02 1.94E-05 3.15E-02 1.72E-01 1.93E-01 1.572E+00
4.500E-05 1.38E-01 1.16E-01 1.36E-03 8.33E-01 6.15E-02 8.25E-06 4.36E-02 2.03E-05 3.26E-02 1.72E-01 1.93E-01 1.591E+00
4.440E-05 1.40E-01 1.16E-01 1.44E-03 8.52E-01 6.30E-02 8.72E-06 4.42E-02 2.15E-05 3.40E-02 1.72E-01 1.92E-01 1.614E+00
4.350E-05 1.42E-01 1.16E-01 1.57E-03 8.81E-01 6.53E-02 9.49E-06 4.50E-02 2.34E-05 3.62E-02 1.72E-01 1.91E-01 1.650E+00
4.170E-05 1.47E-01 1.17E-01 1.91E-03 9.41E-01 7.09E-02 1.13E-05 4.68E-02 2.78E-05 4.15E-02 1.72E-01 1.88E-01 1.726E+00
4.000E-05 1.51E-01 1.17E-01 2.53E-03 1.00E+00 7.67E-02 1.34E-05 4.87E-02 3.30E-05 4.76E-02 1.72E-01 1.86E-01 1.802E+00
3.850E-05 1.55E-01 1.17E-01 3.35E-03 1.05E+00 8.21E-02 1.57E-05 5.03E-02 3.87E-05 5.44E-02 1.71E-01 1.85E-01 1.873E+00
3.656E-05 1.60E-01 1.16E-01 4.92E-03 1.13E+00 8.99E-02 1.96E-05 5.27E-02 4.80E-05 6.57E-02 1.70E-01 1.83E-01 1.969E+00
3.570E-05 1.62E-01 1.16E-01 5.74E-03 1.16E+00 9.36E-02 2.17E-05 5.38E-02 5.30E-05 7.19E-02 1.70E-01 1.82E-01 2.013E+00
3.330E-05 1.67E-01 1.16E-01 8.60E-03 1.24E+00 1.06E-01 2.97E-05 5.71E-02 7.10E-05 9.49E-02 1.69E-01 1.81E-01 2.142E+00
3.130E-05 1.70E-01 1.16E-01 1.14E-02 1.31E+00 1.22E-01 4.01E-05 6.02E-02 9.23E-05 1.24E-01 1.68E-01 1.79E-01 2.262E+00
3.000E-05 1.73E-01 1.15E-01 1.37E-02 1.35E+00 1.37E-01 4.97E-05 6.22E-02 1.11E-04 1.50E-01 1.67E-01 1.79E-01 2.348E+00
2.940E-05 1.74E-01 1.15E-01 1.48E-02 1.37E+00 1.44E-01 5.51E-05 6.32E-02 1.21E-04 1.65E-01 1.67E-01 1.78E-01 2.389E+00
2.780E-05 1.76E-01 1.15E-01 1.81E-02 1.41E+00 1.68E-01 7.56E-05 6.60E-02 1.54E-04 2.15E-01 1.66E-01 1.78E-01 2.510E+00
2.630E-05 1.77E-01 1.14E-01 2.14E-02 1.44E+00 2.06E-01 1.07E-04 6.86E-02 1.97E-04 2.77E-01 1.65E-01 1.77E-01 2.646E+00
2.500E-05 1.78E-01 1.14E-01 2.53E-02 1.46E+00 2.57E-01 1.57E-04 7.08E-02 2.48E-04 3.39E-01 1.64E-01 1.77E-01 2.784E+00
2.380E-05 1.79E-01 1.14E-01 3.02E-02 1.47E+00 3.54E-01 2.39E-04 7.11E-02 3.11E-04 3.90E-01 1.63E-01 1.77E-01 2.949E+00
2.270E-05 1.80E-01 1.14E-01 3.69E-02 1.48E+00 5.11E-01 3.50E-04 7.38E-02 3.91E-04 4.09E-01 1.62E-01 1.77E-01 3.144E+00
2.170E-05 1.80E-01 1.14E-01 4.59E-02 1.49E+00 6.92E-01 4.55E-04 8.31E-02 4.89E-04 3.93E-01 1.61E-01 1.77E-01 3.338E+00
2.080E-05 1.80E-01 1.14E-01 6.24E-02 1.51E+00 7.17E-01 4.22E-04 1.04E-01 6.07E-04 3.54E-01 1.60E-01 1.77E-01 3.378E+00
2.000E-05 1.80E-01 1.13E-01 2.20E-01 1.39E+00 6.22E-01 3.30E-04 1.32E-01 7.45E-04 3.08E-01 1.59E-01 1.77E-01 3.301E+00
1.920E-05 1.79E-01 1.14E-01 4.14E-01 1.23E+00 4.82E-01 2.27E-04 1.81E-01 9.26E-04 2.61E-01 1.58E-01 1.78E-01 3.196E+00
1.850E-05 1.79E-01 1.15E-01 5.30E-01 1.14E+00 3.78E-01 1.61E-04 2.43E-01 1.13E-03 2.23E-01 1.57E-01 1.78E-01 3.140E+00
1.790E-05 1.80E-01 1.16E-01 6.67E-01 1.01E+00 3.07E-01 1.23E-04 3.10E-01 1.36E-03 1.94E-01 1.56E-01 1.78E-01 3.120E+00
1.720E-05 1.81E-01 1.17E-01 7.64E-01 9.23E-01 2.47E-01 9.76E-05 4.30E-01 1.70E-03 1.66E-01 1.55E-01 1.79E-01 3.163E+00
1.670E-05 1.81E-01 1.18E-01 8.09E-01 8.85E-01 2.11E-01 8.88E-05 5.42E-01 2.01E-03 1.49E-01 1.54E-01 1.79E-01 3.231E+00
1.610E-05 1.82E-01 1.19E-01 8.51E-01 8.51E-01 1.78E-01 9.03E-05 7.39E-01 2.48E-03 1.32E-01 1.52E-01 1.80E-01 3.387E+00
1.560E-05 1.83E-01 1.20E-01 8.77E-01 8.30E-01 1.56E-01 1.02E-04 9.65E-01 2.97E-03 1.21E-01 1.51E-01 1.80E-01 3.587E+00
1.520E-05 1.83E-01 1.21E-01 8.94E-01 8.16E-01 1.42E-01 1.18E-04 1.21E+00 3.42E-03 1.14E-01 1.50E-01 1.81E-01 3.810E+00
1.470E-05 1.84E-01 1.22E-01 9.08E-01 8.00E-01 1.26E-01 1.50E-04 1.55E+00 4.05E-03 1.08E-01 1.49E-01 1.81E-01 4.135E+00
1.430E-05 1.84E-01 1.22E-01 9.17E-01 7.89E-01 1.18E-01 1.87E-04 1.85E+00 4.53E-03 1.04E-01 1.49E-01 1.81E-01 4.419E+00
1.390E-05 1.84E-01 1.22E-01 9.21E-01 7.79E-01 1.15E-01 2.38E-04 2.08E+00 5.01E-03 1.03E-01 1.48E-01 1.81E-01 4.641E+00
1.350E-05 1.84E-01 1.22E-01 9.24E-01 7.70E-01 1.15E-01 3.05E-04 2.30E+00 5.61E-03 1.03E-01 1.48E-01 1.81E-01 4.852E+00
1.320E-05 1.84E-01 1.22E-01 9.25E-01 7.62E-01 1.17E-01 3.70E-04 2.47E+00 6.15E-03 1.04E-01 1.48E-01 1.81E-01 5.021E+00
1.280E-05 1.83E-01 1.23E-01 9.25E-01 7.54E-01 1.24E-01 4.85E-04 2.72E+00 7.00E-03 1.09E-01 1.47E-01 1.81E-01 5.273E+00
1.250E-05 1.83E-01 1.23E-01 9.22E-01 7.52E-01 1.35E-01 5.98E-04 2.92E+00 7.76E-03 1.15E-01 1.47E-01 1.81E-01 5.488E+00
1.220E-05 1.83E-01 1.23E-01 9.21E-01 7.52E-01 1.51E-01 7.41E-04 3.15E+00 8.64E-03 1.23E-01 1.46E-01 1.81E-01 5.735E+00
1.190E-05 1.83E-01 1.23E-01 9.24E-01 7.59E-01 1.72E-01 9.20E-04 3.39E+00 9.69E-03 1.34E-01 1.46E-01 1.81E-01 6.025E+00
1.160E-05 1.82E-01 1.23E-01 9.27E-01 7.65E-01 1.96E-01 1.15E-03 3.67E+00 1.09E-02 1.49E-01 1.45E-01 1.81E-01 6.351E+00
1.140E-05 1.81E-01 1.23E-01 9.28E-01 7.66E-01 2.16E-01 1.35E-03 3.88E+00 1.19E-02 1.62E-01 1.45E-01 1.81E-01 6.594E+00
1.110E-05 1.80E-01 1.23E-01 9.30E-01 7.68E-01 2.47E-01 1.76E-03 4.22E+00 1.36E-02 1.87E-01 1.44E-01 1.81E-01 6.999E+00
1.080E-05 1.79E-01 1.23E-01 9.31E-01 7.70E-01 3.33E-01 2.35E-03 4.63E+00 1.56E-02 2.22E-01 1.44E-01 1.81E-01 7.535E+00
1.050E-05 1.78E-01 1.22E-01 9.31E-01 7.73E-01 4.44E-01 3.04E-03 5.14E+00 1.83E-02 2.71E-01 1.43E-01 1.82E-01 8.209E+00
1.030E-05 1.77E-01 1.22E-01 9.31E-01 7.75E-01 5.30E-01 3.49E-03 5.62E+00 2.04E-02 3.12E-01 1.42E-01 1.82E-01 8.818E+00
1.000E-05 1.75E-01 1.22E-01 9.31E-01 7.78E-01 6.50E-01 4.26E-03 6.31E+00 2.34E-02 3.91E-01 1.42E-01 1.82E-01 9.706E+00
9.750E-06 1.73E-01 1.21E-01 9.30E-01 7.80E-01 7.89E-01 5.28E-03 6.86E+00 2.60E-02 4.70E-01 1.41E-01 1.82E-01 1.048E+01
9.500E-06 1.72E-01 1.21E-01 9.28E-01 7.83E-01 9.50E-01 6.25E-03 7.45E+00 2.89E-02 5.51E-01 1.41E-01 1.82E-01 1.131E+01
9.250E-06 1.70E-01 1.20E-01 9.26E-01 7.85E-01 1.07E+00 6.98E-03 8.05E+00 3.18E-02 6.11E-01 1.41E-01 1.82E-01 1.210E+01
9.080E-06 1.69E-01 1.20E-01 9.20E-01 7.84E-01 1.15E+00 7.50E-03 8.39E+00 3.33E-02 6.24E-01 1.41E-01 1.81E-01 1.252E+01
