 # Polarisation optical depth (Siebenmorgen 2023, A&A 670A,115; SC 2023 doi: 10.48550/arXiv.2311.03310)
 # wel         sigp_aC     sigp_Si      sigp_dark    sigt
 #----------------------------------------------------------------------------------------
   1.000E+00   3.422E-04   5.097E-04   0.000E+00   7.667E-06
   9.000E-01   4.008E-04   6.018E-04   0.000E+00   8.937E-06
   8.000E-01   4.788E-04   7.249E-04   0.000E+00   1.062E-05
   7.000E-01   5.863E-04   8.956E-04   0.000E+00   1.290E-05
   6.000E-01   7.420E-04   1.144E-03   0.000E+00   1.619E-05
   5.500E-01   8.482E-04   1.315E-03   0.000E+00   1.842E-05
   5.000E-01   9.827E-04   1.531E-03   0.000E+00   2.121E-05
   4.500E-01   1.157E-03   1.813E-03   0.000E+00   2.482E-05
   4.000E-01   1.391E-03   2.190E-03   0.000E+00   2.959E-05
   3.500E-01   1.716E-03   2.715E-03   0.000E+00   3.619E-05
   3.000E-01   2.192E-03   3.483E-03   0.000E+00   4.566E-05
   2.500E-01   2.935E-03   4.680E-03   0.000E+00   6.031E-05
   2.098E-01   3.900E-03   6.223E-03   0.000E+00   7.898E-05
   1.500E-01   6.780E-03   1.077E-02   0.000E+00   1.332E-04
   1.382E-01   7.776E-03   1.231E-02   0.000E+00   1.517E-04
   1.320E-01   8.400E-03   1.328E-02   0.000E+00   1.632E-04
   1.150E-01   1.061E-02   1.666E-02   0.000E+00   2.033E-04
   1.000E-01   1.349E-02   2.095E-02   0.000E+00   2.547E-04
   9.970E-02   1.356E-02   2.106E-02   0.000E+00   2.560E-04
   8.670E-02   1.708E-02   2.657E-02   0.000E+00   3.189E-04
   8.500E-02   1.769E-02   2.746E-02   0.000E+00   3.298E-04
   7.500E-02   2.245E-02   3.378E-02   0.000E+00   4.119E-04
   6.000E-02   3.302E-02   4.886E-02   0.000E+00   5.873E-04
   5.500E-02   3.826E-02   5.483E-02   0.000E+00   6.775E-04
   5.000E-02   4.554E-02   6.816E-02   0.000E+00   8.053E-04
   4.500E-02   5.612E-02   9.055E-02   0.000E+00   9.880E-04
   4.000E-02   7.212E-02   1.215E-01   0.000E+00   1.247E-03
   3.500E-02   9.043E-02   1.854E-01   0.000E+00   1.561E-03
   3.000E-02   1.277E-01   2.896E-01   0.000E+00   2.164E-03
   2.750E-02   1.525E-01   3.643E-01   0.000E+00   2.549E-03
   2.500E-02   1.837E-01   4.635E-01   0.000E+00   3.070E-03
   2.400E-02   2.018E-01   5.126E-01   0.000E+00   3.314E-03
   2.000E-02   2.958E-01   7.902E-01   0.000E+00   4.723E-03
   1.800E-02   3.691E-01   9.717E-01   0.000E+00   5.817E-03
   1.600E-02   4.915E-01   1.195E+00   0.000E+00   7.348E-03
   1.500E-02   5.867E-01   1.331E+00   0.000E+00   8.353E-03
   1.400E-02   6.676E-01   1.482E+00   0.000E+00   9.342E-03
   1.200E-02   1.023E+00   1.854E+00   0.000E+00   1.264E-02
   1.000E-02   1.557E+00   2.384E+00   0.000E+00   1.749E-02
   9.000E-03   2.079E+00   2.679E+00   0.000E+00   2.142E-02
   8.000E-03   2.742E+00   3.084E+00   0.000E+00   2.581E-02
   7.500E-03   3.214E+00   3.400E+00   0.000E+00   2.939E-02
   7.000E-03   3.869E+00   3.790E+00   0.000E+00   3.339E-02
   6.000E-03   5.493E+00   4.797E+00   0.000E+00   4.425E-02
   5.000E-03   7.630E+00   6.653E+00   0.000E+00   6.149E-02
   4.500E-03   9.179E+00   7.945E+00   0.000E+00   7.502E-02
   4.000E-03   1.057E+01   9.391E+00   0.000E+00   9.275E-02
   3.500E-03   1.231E+01   1.087E+01   0.000E+00   1.185E-01
   3.000E-03   1.434E+01   1.199E+01   0.000E+00   1.570E-01
   2.750E-03   1.513E+01   1.228E+01   0.000E+00   1.820E-01
   2.500E-03   1.563E+01   1.241E+01   0.000E+00   2.118E-01
   2.400E-03   1.597E+01   1.242E+01   0.000E+00   2.252E-01
   2.350E-03   1.616E+01   1.244E+01   0.000E+00   2.324E-01
   2.320E-03   1.625E+01   1.245E+01   0.000E+00   2.366E-01
   2.310E-03   1.628E+01   1.246E+01   0.000E+00   2.380E-01
   2.300E-03   1.631E+01   1.245E+01   0.000E+00   2.394E-01
   2.250E-03   1.640E+01   1.249E+01   0.000E+00   2.470E-01
   2.200E-03   1.650E+01   1.251E+01   0.000E+00   2.545E-01
   2.150E-03   1.667E+01   1.251E+01   0.000E+00   2.618E-01
   2.120E-03   1.676E+01   1.245E+01   0.000E+00   2.663E-01
   2.110E-03   1.678E+01   1.243E+01   0.000E+00   2.678E-01
   2.100E-03   1.678E+01   1.240E+01   0.000E+00   2.692E-01
   2.080E-03   1.676E+01   1.232E+01   0.000E+00   2.717E-01
   2.000E-03   1.675E+01   1.194E+01   0.000E+00   2.828E-01
   1.950E-03   1.686E+01   1.152E+01   0.000E+00   2.877E-01
   1.900E-03   1.707E+01   1.096E+01   0.000E+00   2.912E-01
   1.850E-03   1.728E+01   1.025E+01   0.000E+00   2.921E-01
   1.830E-03   1.737E+01   9.925E+00   0.000E+00   2.917E-01
   1.820E-03   1.738E+01   9.752E+00   0.000E+00   2.913E-01
   1.810E-03   1.741E+01   9.572E+00   0.000E+00   2.909E-01
   1.800E-03   1.745E+01   9.397E+00   0.000E+00   2.906E-01
   1.750E-03   1.764E+01   8.391E+00   0.000E+00   2.875E-01
   1.700E-03   1.767E+01   7.318E+00   0.000E+00   2.829E-01
   1.670E-03   1.786E+01   6.672E+00   0.000E+00   2.809E-01
   1.650E-03   1.804E+01   6.247E+00   0.000E+00   2.797E-01
   1.640E-03   1.809E+01   6.041E+00   0.000E+00   2.789E-01
   1.630E-03   1.815E+01   5.835E+00   0.000E+00   2.781E-01
   1.610E-03   1.822E+01   5.438E+00   0.000E+00   2.770E-01
   1.600E-03   1.827E+01   5.245E+00   0.000E+00   2.766E-01
   1.590E-03   1.833E+01   5.061E+00   0.000E+00   2.762E-01
   1.580E-03   1.837E+01   4.889E+00   0.000E+00   2.760E-01
   1.570E-03   1.837E+01   4.725E+00   0.000E+00   2.757E-01
   1.560E-03   1.845E+01   4.582E+00   0.000E+00   2.759E-01
   1.540E-03   1.860E+01   4.351E+00   0.000E+00   2.764E-01
   1.520E-03   1.861E+01   4.207E+00   0.000E+00   2.773E-01
   1.510E-03   1.861E+01   4.172E+00   0.000E+00   2.779E-01
   1.500E-03   1.858E+01   4.157E+00   0.000E+00   2.787E-01
   1.450E-03   1.870E+01   4.301E+00   0.000E+00   2.885E-01
   1.440E-03   1.874E+01   4.356E+00   0.000E+00   2.912E-01
   1.430E-03   1.878E+01   4.401E+00   0.000E+00   2.950E-01
   1.420E-03   1.881E+01   4.445E+00   0.000E+00   2.989E-01
   1.400E-03   1.893E+01   4.547E+00   0.000E+00   3.082E-01
   1.380E-03   1.902E+01   4.642E+00   0.000E+00   3.187E-01
   1.370E-03   1.905E+01   4.695E+00   0.000E+00   3.244E-01
   1.360E-03   1.912E+01   4.748E+00   0.000E+00   3.303E-01
   1.350E-03   1.921E+01   4.814E+00   0.000E+00   3.362E-01
   1.340E-03   1.929E+01   4.879E+00   0.000E+00   3.416E-01
   1.330E-03   1.933E+01   4.961E+00   0.000E+00   3.469E-01
   1.320E-03   1.940E+01   5.045E+00   0.000E+00   3.522E-01
   1.310E-03   1.940E+01   5.144E+00   0.000E+00   3.572E-01
   1.290E-03   1.933E+01   5.381E+00   0.000E+00   3.671E-01
   1.280E-03   1.932E+01   5.506E+00   0.000E+00   3.721E-01
   1.270E-03   1.937E+01   5.611E+00   0.000E+00   3.772E-01
   1.260E-03   1.940E+01   5.768E+00   0.000E+00   3.818E-01
   1.250E-03   1.940E+01   5.973E+00   0.000E+00   3.861E-01
   1.220E-03   1.970E+01   7.194E+00   0.000E+00   4.001E-01
   1.210E-03   1.971E+01   7.992E+00   0.000E+00   4.046E-01
   1.200E-03   1.971E+01   8.928E+00   0.000E+00   4.093E-01
   1.190E-03   1.984E+01   9.901E+00   0.000E+00   4.143E-01
   1.180E-03   1.991E+01   1.081E+01   0.000E+00   4.183E-01
   1.170E-03   1.996E+01   1.160E+01   0.000E+00   4.222E-01
   1.160E-03   2.003E+01   1.224E+01   0.000E+00   4.257E-01
   1.150E-03   2.001E+01   1.273E+01   0.000E+00   4.291E-01
   1.140E-03   1.997E+01   1.313E+01   0.000E+00   4.323E-01
   1.130E-03   1.997E+01   1.345E+01   0.000E+00   4.357E-01
   1.120E-03   1.997E+01   1.371E+01   0.000E+00   4.386E-01
   1.110E-03   1.995E+01   1.396E+01   0.000E+00   4.413E-01
   1.090E-03   1.999E+01   1.439E+01   0.000E+00   4.464E-01
   1.050E-03   2.027E+01   1.480E+01   0.000E+00   4.550E-01
   1.000E-03   2.073E+01   1.442E+01   0.000E+00   4.484E-01
   9.800E-04   2.095E+01   1.378E+01   0.000E+00   4.453E-01
   9.600E-04   2.113E+01   1.278E+01   0.000E+00   4.386E-01
   9.500E-04   2.129E+01   1.218E+01   0.000E+00   4.325E-01
   9.400E-04   2.129E+01   1.156E+01   0.000E+00   4.240E-01
   9.200E-04   2.139E+01   1.032E+01   0.000E+00   4.008E-01
   8.900E-04   2.169E+01   8.490E+00   0.000E+00   3.616E-01
   8.700E-04   2.160E+01   7.477E+00   0.000E+00   3.406E-01
   8.600E-04   2.175E+01   7.031E+00   0.000E+00   3.332E-01
   8.500E-04   2.174E+01   6.567E+00   0.000E+00   3.260E-01
   8.400E-04   2.191E+01   6.076E+00   0.000E+00   3.185E-01
   8.200E-04   2.179E+01   5.070E+00   0.000E+00   3.001E-01
   8.000E-04   2.190E+01   4.235E+00   0.000E+00   2.857E-01
   7.900E-04   2.203E+01   3.935E+00   0.000E+00   2.858E-01
   7.800E-04   2.195E+01   3.691E+00   0.000E+00   2.859E-01
   7.700E-04   2.188E+01   3.481E+00   0.000E+00   2.887E-01
   7.600E-04   2.182E+01   3.297E+00   0.000E+00   2.942E-01
   7.500E-04   2.176E+01   3.131E+00   0.000E+00   3.007E-01
   7.300E-04   2.190E+01   2.879E+00   0.000E+00   3.189E-01
   7.200E-04   2.183E+01   2.810E+00   0.000E+00   3.270E-01
   7.100E-04   2.180E+01   2.774E+00   0.000E+00   3.362E-01
   7.000E-04   2.195E+01   2.730E+00   0.000E+00   3.452E-01
   6.900E-04   2.182E+01   2.649E+00   0.000E+00   3.525E-01
   6.800E-04   2.140E+01   2.534E+00   0.000E+00   3.596E-01
   6.600E-04   2.165E+01   2.331E+00   0.000E+00   3.785E-01
   6.400E-04   2.230E+01   2.065E+00   0.000E+00   3.963E-01
   6.300E-04   2.262E+01   1.953E+00   0.000E+00   4.037E-01
   6.200E-04   2.258E+01   1.945E+00   0.000E+00   4.109E-01
   6.100E-04   2.274E+01   1.949E+00   0.000E+00   4.189E-01
   5.900E-04   2.342E+01   1.634E+00   0.000E+00   4.340E-01
   5.500E-04   2.190E+01   1.286E+00   0.000E+00   4.617E-01
   5.300E-04   2.218E+01   1.186E+00   0.000E+00   4.794E-01
   5.200E-04   2.221E+01   1.135E+00   0.000E+00   4.879E-01
   5.100E-04   2.245E+01   1.083E+00   0.000E+00   4.965E-01
   5.000E-04   2.269E+01   1.035E+00   0.000E+00   5.047E-01
   4.800E-04   2.294E+01   9.643E-01   0.000E+00   5.206E-01
   4.500E-04   2.354E+01   8.917E-01   0.000E+00   5.419E-01
   4.000E-04   2.453E+01   8.538E-01   0.000E+00   5.745E-01
   3.800E-04   2.518E+01   8.777E-01   0.000E+00   5.851E-01
   3.600E-04   2.595E+01   9.336E-01   0.000E+00   5.939E-01
   3.400E-04   2.722E+01   1.034E+00   0.000E+00   6.004E-01
   3.300E-04   2.720E+01   1.105E+00   0.000E+00   6.035E-01
   3.200E-04   2.758E+01   1.192E+00   0.000E+00   6.062E-01
   3.150E-04   2.797E+01   1.245E+00   0.000E+00   6.074E-01
   3.100E-04   2.834E+01   1.303E+00   0.000E+00   6.085E-01
   3.080E-04   2.846E+01   1.327E+00   0.000E+00   6.089E-01
   3.050E-04   2.862E+01   1.366E+00   0.000E+00   6.095E-01
   3.000E-04   2.895E+01   1.438E+00   0.000E+00   6.106E-01
   2.900E-04   2.978E+01   1.605E+00   0.000E+00   6.123E-01
   2.800E-04   3.030E+01   1.811E+00   0.000E+00   6.141E-01
   2.600E-04   3.224E+01   2.382E+00   0.000E+00   6.183E-01
   2.500E-04   3.364E+01   2.775E+00   0.000E+00   6.210E-01
   2.200E-04   3.970E+01   4.687E+00   0.000E+00   6.329E-01
   2.159E-04   4.060E+01   5.074E+00   0.000E+00   6.348E-01
   2.000E-04   4.564E+01   7.034E+00   0.000E+00   6.435E-01
   1.662E-04   6.160E+01   1.559E+01   0.000E+00   6.630E-01
   1.650E-04   6.235E+01   1.608E+01   0.000E+00   6.638E-01
   1.250E-04   9.976E+01   4.851E+01   0.000E+00   7.134E-01
   1.235E-04   1.015E+02   5.060E+01   0.000E+00   7.165E-01
   1.130E-04   1.141E+02   6.768E+01   0.000E+00   7.421E-01
   1.000E-04   1.294E+02   9.474E+01   0.000E+00   7.884E-01
   9.500E-05   1.341E+02   1.070E+02   0.000E+00   8.123E-01
   9.300E-05   1.358E+02   1.122E+02   0.000E+00   8.230E-01
   9.200E-05   1.366E+02   1.149E+02   0.000E+00   8.286E-01
   9.100E-05   1.373E+02   1.177E+02   0.000E+00   8.344E-01
   9.000E-05   1.380E+02   1.205E+02   0.000E+00   8.403E-01
   8.900E-05   1.387E+02   1.234E+02   0.000E+00   8.465E-01
   8.800E-05   1.394E+02   1.263E+02   0.000E+00   8.528E-01
   8.700E-05   1.401E+02   1.293E+02   0.000E+00   8.595E-01
   8.600E-05   1.408E+02   1.323E+02   0.000E+00   8.663E-01
   8.500E-05   1.414E+02   1.355E+02   0.000E+00   8.734E-01
   8.400E-05   1.421E+02   1.387E+02   0.000E+00   8.808E-01
   8.330E-05   1.426E+02   1.409E+02   0.000E+00   8.861E-01
   8.200E-05   1.435E+02   1.452E+02   0.000E+00   8.965E-01
   8.100E-05   1.442E+02   1.486E+02   0.000E+00   9.048E-01
   8.000E-05   1.448E+02   1.520E+02   0.000E+00   9.133E-01
   7.900E-05   1.453E+02   1.556E+02   0.000E+00   9.223E-01
   7.800E-05   1.458E+02   1.591E+02   0.000E+00   9.316E-01
   7.700E-05   1.461E+02   1.627E+02   0.000E+00   9.411E-01
   7.600E-05   1.464E+02   1.664E+02   0.000E+00   9.510E-01
   7.500E-05   1.465E+02   1.702E+02   0.000E+00   9.613E-01
   7.400E-05   1.465E+02   1.740E+02   0.000E+00   9.718E-01
   7.300E-05   1.464E+02   1.779E+02   0.000E+00   9.827E-01
   7.140E-05   1.458E+02   1.842E+02   0.000E+00   1.001E+00
   7.100E-05   1.457E+02   1.858E+02   0.000E+00   1.005E+00
   7.000E-05   1.451E+02   1.899E+02   0.000E+00   1.017E+00
   6.900E-05   1.444E+02   1.940E+02   0.000E+00   1.030E+00
   6.800E-05   1.437E+02   1.981E+02   0.000E+00   1.042E+00
   6.700E-05   1.428E+02   2.022E+02   0.000E+00   1.055E+00
   6.600E-05   1.418E+02   2.063E+02   0.000E+00   1.069E+00
   6.500E-05   1.407E+02   2.102E+02   0.000E+00   1.082E+00
   6.400E-05   1.394E+02   2.140E+02   0.000E+00   1.097E+00
   6.300E-05   1.381E+02   2.177E+02   0.000E+00   1.111E+00
   6.250E-05   1.373E+02   2.195E+02   0.000E+00   1.119E+00
   6.200E-05   1.366E+02   2.212E+02   0.000E+00   1.126E+00
   6.100E-05   1.349E+02   2.246E+02   0.000E+00   1.142E+00
   6.000E-05   1.331E+02   2.278E+02   0.000E+00   1.157E+00
   5.900E-05   1.310E+02   2.311E+02   0.000E+00   1.174E+00
   5.800E-05   1.288E+02   2.344E+02   0.000E+00   1.190E+00
   5.700E-05   1.264E+02   2.379E+02   0.000E+00   1.207E+00
   5.600E-05   1.237E+02   2.415E+02   0.000E+00   1.224E+00
   5.500E-05   1.208E+02   2.453E+02   0.000E+00   1.242E+00
   5.477E-05   1.201E+02   2.461E+02   0.000E+00   1.247E+00
   5.400E-05   1.177E+02   2.491E+02   0.000E+00   1.261E+00
   5.300E-05   1.144E+02   2.529E+02   0.000E+00   1.280E+00
   5.200E-05   1.110E+02   2.567E+02   0.000E+00   1.300E+00
   5.100E-05   1.074E+02   2.602E+02   0.000E+00   1.320E+00
   5.000E-05   1.037E+02   2.638E+02   0.000E+00   1.341E+00
   4.900E-05   9.996E+01   2.673E+02   0.000E+00   1.362E+00
   4.880E-05   9.920E+01   2.680E+02   0.000E+00   1.366E+00
   4.800E-05   9.613E+01   2.709E+02   0.000E+00   1.384E+00
   4.760E-05   9.458E+01   2.724E+02   0.000E+00   1.393E+00
   4.700E-05   9.224E+01   2.746E+02   0.000E+00   1.407E+00
   4.650E-05   9.026E+01   2.763E+02   0.000E+00   1.418E+00
   4.600E-05   8.828E+01   2.778E+02   0.000E+00   1.429E+00
   4.550E-05   8.625E+01   2.792E+02   0.000E+00   1.441E+00
   4.500E-05   8.423E+01   2.803E+02   0.000E+00   1.453E+00
   4.440E-05   8.177E+01   2.812E+02   0.000E+00   1.467E+00
   4.350E-05   7.804E+01   2.818E+02   0.000E+00   1.488E+00
   4.170E-05   7.049E+01   2.825E+02   0.000E+00   1.533E+00
   4.000E-05   6.328E+01   2.846E+02   0.000E+00   1.577E+00
   3.850E-05   5.692E+01   2.855E+02   0.000E+00   1.616E+00
   3.656E-05   4.880E+01   2.834E+02   0.000E+00   1.667E+00
   3.570E-05   4.526E+01   2.820E+02   0.000E+00   1.690E+00
   3.330E-05   3.570E+01   2.715E+02   0.000E+00   1.750E+00
   3.130E-05   2.818E+01   2.620E+02   0.000E+00   1.802E+00
   3.000E-05   2.355E+01   2.536E+02   0.000E+00   1.836E+00
   2.940E-05   2.150E+01   2.472E+02   0.000E+00   1.851E+00
   2.780E-05   1.603E+01   2.314E+02   0.000E+00   1.894E+00
   2.630E-05   1.154E+01   2.139E+02   0.000E+00   1.953E+00
   2.500E-05   8.413E+00   1.981E+02   0.000E+00   2.045E+00
   2.380E-05   6.255E+00   1.857E+02   0.000E+00   2.256E+00
   2.270E-05   4.938E+00   1.661E+02   0.000E+00   2.553E+00
   2.170E-05   4.352E+00   1.510E+02   0.000E+00   2.564E+00
   2.080E-05   4.152E+00   1.464E+02   0.000E+00   2.471E+00
   2.000E-05   4.162E+00   1.295E+02   0.000E+00   2.348E+00
   1.920E-05   4.130E+00   1.101E+02   0.000E+00   2.213E+00
   1.850E-05   4.211E+00   9.778E+01   0.000E+00   2.123E+00
   1.790E-05   4.553E+00   8.705E+01   0.000E+00   2.064E+00
   1.720E-05   5.051E+00   7.774E+01   0.000E+00   2.031E+00
   1.670E-05   5.537E+00   7.052E+01   0.000E+00   2.025E+00
   1.610E-05   6.430E+00   6.073E+01   0.000E+00   2.045E+00
   1.560E-05   7.275E+00   5.131E+01   0.000E+00   2.086E+00
   1.520E-05   7.991E+00   4.243E+01   0.000E+00   2.140E+00
   1.470E-05   8.964E+00   3.055E+01   0.000E+00   2.221E+00
   1.430E-05   9.793E+00   2.090E+01   0.000E+00   2.297E+00
   1.390E-05   1.058E+01   1.525E+01   0.000E+00   2.357E+00
   1.350E-05   1.122E+01   1.214E+01   0.000E+00   2.416E+00
   1.320E-05   1.163E+01   1.132E+01   0.000E+00   2.465E+00
   1.280E-05   1.217E+01   1.145E+01   0.000E+00   2.540E+00
   1.250E-05   1.263E+01   1.112E+01   0.000E+00   2.609E+00
   1.220E-05   1.311E+01   1.103E+01   0.000E+00   2.690E+00
   1.190E-05   1.358E+01   1.187E+01   0.000E+00   2.786E+00
   1.160E-05   1.400E+01   1.324E+01   0.000E+00   2.895E+00
   1.140E-05   1.424E+01   1.498E+01   0.000E+00   2.977E+00
   1.110E-05   1.454E+01   1.828E+01   0.000E+00   3.113E+00
   1.080E-05   1.476E+01   2.234E+01   0.000E+00   3.322E+00
   1.050E-05   1.490E+01   2.629E+01   0.000E+00   3.587E+00
   1.030E-05   1.495E+01   2.897E+01   0.000E+00   3.818E+00
   1.000E-05   1.495E+01   3.285E+01   0.000E+00   4.150E+00
   9.750E-06   1.489E+01   3.617E+01   0.000E+00   4.461E+00
   9.500E-06   1.478E+01   3.936E+01   0.000E+00   4.803E+00
   9.250E-06   1.461E+01   4.243E+01   0.000E+00   5.106E+00
   9.080E-06   1.447E+01   3.943E+01   0.000E+00   5.272E+00
