 # Optical depth (Siebenmorgen 2023, A&A 670A,115; SC 2023 doi: 10.48550/arXiv.2311.03310)
 # wel(cm) sa_aC    ss_aC    sa_Si    ss_Si    sa_vgr   ss_vgr   sa_vsi   ss_vsi   s_pahS+B sa_Dark  ss_Dark sigt 
 # ------------------------------------------------------------------------------------------------------------- 
1.000E+00 1.38E-07 6.86E-17 2.65E-07 4.32E-17 6.81E-09 5.40E-23 1.14E-07 1.62E-22 1.58E-11 0.00E+00 0.00E+00 5.241E-07
9.000E-01 1.61E-07 1.05E-16 3.13E-07 6.58E-17 8.69E-09 8.24E-23 1.36E-07 2.46E-22 1.95E-11 0.00E+00 0.00E+00 6.191E-07
8.000E-01 1.93E-07 1.67E-16 3.78E-07 1.05E-16 1.13E-08 1.32E-22 1.65E-07 3.94E-22 2.47E-11 0.00E+00 0.00E+00 7.468E-07
7.000E-01 2.36E-07 2.85E-16 4.66E-07 1.80E-16 1.52E-08 2.25E-22 2.03E-07 6.73E-22 3.22E-11 0.00E+00 0.00E+00 9.209E-07
6.000E-01 2.99E-07 5.29E-16 5.96E-07 3.33E-16 2.11E-08 4.17E-22 2.61E-07 1.25E-21 4.38E-11 0.00E+00 0.00E+00 1.177E-06
5.500E-01 3.41E-07 7.48E-16 6.85E-07 4.72E-16 2.53E-08 5.90E-22 3.01E-07 1.76E-21 5.22E-11 0.00E+00 0.00E+00 1.353E-06
5.000E-01 3.95E-07 1.10E-15 7.97E-07 6.91E-16 3.07E-08 8.64E-22 3.49E-07 2.58E-21 6.31E-11 0.00E+00 0.00E+00 1.573E-06
4.500E-01 4.66E-07 1.67E-15 9.44E-07 1.05E-15 3.77E-08 1.32E-21 4.16E-07 3.93E-21 7.79E-11 0.00E+00 0.00E+00 1.864E-06
4.000E-01 5.60E-07 2.67E-15 1.14E-06 1.69E-15 4.73E-08 2.11E-21 5.00E-07 6.30E-21 9.86E-11 0.00E+00 0.00E+00 2.248E-06
3.500E-01 6.91E-07 4.56E-15 1.41E-06 2.88E-15 6.06E-08 3.60E-21 6.27E-07 1.07E-20 1.29E-10 0.00E+00 0.00E+00 2.793E-06
3.000E-01 8.82E-07 8.44E-15 1.81E-06 5.33E-15 7.97E-08 6.67E-21 7.95E-07 1.99E-20 1.75E-10 0.00E+00 0.00E+00 3.572E-06
2.500E-01 1.18E-06 1.75E-14 2.44E-06 1.11E-14 1.09E-07 1.38E-20 1.07E-06 4.12E-20 2.52E-10 0.00E+00 0.00E+00 4.797E-06
2.098E-01 1.57E-06 3.52E-14 3.24E-06 2.23E-14 1.45E-07 2.79E-20 1.42E-06 8.31E-20 3.58E-10 0.00E+00 0.00E+00 6.377E-06
1.500E-01 2.73E-06 1.35E-13 5.61E-06 8.54E-14 2.76E-07 1.07E-19 2.43E-06 3.18E-19 7.01E-10 0.00E+00 0.00E+00 1.105E-05
1.382E-01 3.13E-06 1.87E-13 6.41E-06 1.18E-13 3.25E-07 1.48E-19 2.79E-06 4.41E-19 8.26E-10 0.00E+00 0.00E+00 1.266E-05
1.320E-01 3.39E-06 2.25E-13 6.91E-06 1.42E-13 3.56E-07 1.78E-19 3.00E-06 5.29E-19 9.06E-10 0.00E+00 0.00E+00 1.366E-05
1.150E-01 4.28E-06 3.90E-13 8.68E-06 2.47E-13 4.67E-07 3.09E-19 3.75E-06 9.18E-19 1.19E-09 0.00E+00 0.00E+00 1.717E-05
1.000E-01 5.44E-06 6.81E-13 1.09E-05 4.32E-13 6.13E-07 5.40E-19 4.68E-06 1.61E-18 1.58E-09 0.00E+00 0.00E+00 2.165E-05
9.970E-02 5.47E-06 6.90E-13 1.10E-05 4.37E-13 6.17E-07 5.47E-19 4.70E-06 1.62E-18 1.59E-09 0.00E+00 0.00E+00 2.176E-05
8.670E-02 6.89E-06 1.21E-12 1.38E-05 7.65E-13 8.16E-07 9.56E-19 5.90E-06 2.84E-18 2.10E-09 0.00E+00 0.00E+00 2.745E-05
8.500E-02 7.13E-06 1.30E-12 1.43E-05 8.28E-13 8.48E-07 1.03E-18 6.09E-06 3.07E-18 2.18E-09 0.00E+00 0.00E+00 2.838E-05
7.500E-02 9.05E-06 2.15E-12 1.76E-05 1.37E-12 1.08E-06 1.71E-18 7.44E-06 5.07E-18 2.81E-09 0.00E+00 0.00E+00 3.516E-05
6.000E-02 1.33E-05 5.25E-12 2.54E-05 3.35E-12 1.66E-06 4.17E-18 1.08E-05 1.24E-17 4.38E-09 0.00E+00 0.00E+00 5.115E-05
5.500E-02 1.54E-05 7.44E-12 2.84E-05 4.77E-12 1.95E-06 5.90E-18 1.26E-05 1.75E-17 5.22E-09 0.00E+00 0.00E+00 5.840E-05
5.000E-02 1.84E-05 1.09E-11 3.52E-05 7.04E-12 2.33E-06 8.64E-18 1.50E-05 2.57E-17 6.31E-09 0.00E+00 0.00E+00 7.089E-05
4.500E-02 2.26E-05 1.66E-11 4.66E-05 1.08E-11 2.84E-06 1.32E-17 1.83E-05 3.92E-17 7.80E-09 0.00E+00 0.00E+00 9.044E-05
4.000E-02 2.91E-05 2.67E-11 6.23E-05 1.75E-11 3.54E-06 2.11E-17 2.32E-05 6.28E-17 9.87E-09 0.00E+00 0.00E+00 1.181E-04
3.500E-02 3.64E-05 4.56E-11 9.47E-05 3.01E-11 4.54E-06 3.60E-17 3.06E-05 1.07E-16 1.29E-08 0.00E+00 0.00E+00 1.664E-04
3.000E-02 5.14E-05 8.47E-11 1.48E-04 5.60E-11 6.06E-06 6.66E-17 4.30E-05 1.99E-16 1.76E-08 0.00E+00 0.00E+00 2.482E-04
2.750E-02 6.14E-05 1.20E-10 1.86E-04 7.93E-11 7.14E-06 9.44E-17 5.25E-05 2.82E-16 2.09E-08 0.00E+00 0.00E+00 3.070E-04
2.500E-02 7.39E-05 1.76E-10 2.37E-04 1.16E-10 8.52E-06 1.38E-16 6.58E-05 4.14E-16 2.53E-08 0.00E+00 0.00E+00 3.850E-04
2.400E-02 8.12E-05 2.08E-10 2.62E-04 1.36E-10 9.22E-06 1.63E-16 7.19E-05 4.87E-16 2.75E-08 0.00E+00 0.00E+00 4.243E-04
2.000E-02 1.19E-04 4.34E-10 4.08E-04 2.78E-10 1.30E-05 3.38E-16 1.04E-04 1.01E-15 3.96E-08 0.00E+00 0.00E+00 6.439E-04
1.800E-02 1.48E-04 6.66E-10 5.06E-04 4.18E-10 1.60E-05 5.16E-16 1.29E-04 1.54E-15 4.89E-08 0.00E+00 0.00E+00 7.995E-04
1.600E-02 1.96E-04 1.07E-09 6.30E-04 6.55E-10 2.03E-05 8.28E-16 1.65E-04 2.47E-15 6.19E-08 0.00E+00 0.00E+00 1.011E-03
1.500E-02 2.34E-04 1.40E-09 7.06E-04 8.38E-10 2.31E-05 1.07E-15 1.87E-04 3.19E-15 7.05E-08 0.00E+00 0.00E+00 1.151E-03
1.400E-02 2.66E-04 1.84E-09 7.93E-04 1.09E-09 2.67E-05 1.42E-15 2.16E-04 4.21E-15 8.10E-08 0.00E+00 0.00E+00 1.302E-03
1.200E-02 4.06E-04 3.46E-09 1.01E-03 1.95E-09 3.71E-05 2.63E-15 2.96E-04 7.81E-15 1.11E-07 0.00E+00 0.00E+00 1.750E-03
1.000E-02 6.16E-04 7.25E-09 1.33E-03 3.87E-09 5.62E-05 5.50E-15 4.33E-04 1.62E-14 1.60E-07 0.00E+00 0.00E+00 2.439E-03
9.000E-03 8.21E-04 1.12E-08 1.52E-03 5.74E-09 7.22E-05 8.43E-15 5.40E-04 2.47E-14 1.98E-07 0.00E+00 0.00E+00 2.953E-03
8.000E-03 1.09E-03 1.76E-08 1.77E-03 9.07E-09 9.66E-05 1.36E-14 6.92E-04 3.97E-14 2.52E-07 0.00E+00 0.00E+00 3.644E-03
7.500E-03 1.27E-03 2.31E-08 1.95E-03 1.17E-08 1.14E-04 1.77E-14 7.94E-04 5.14E-14 2.87E-07 0.00E+00 0.00E+00 4.135E-03
7.000E-03 1.54E-03 3.02E-08 2.19E-03 1.53E-08 1.37E-04 2.35E-14 9.20E-04 6.77E-14 3.31E-07 0.00E+00 0.00E+00 4.787E-03
6.000E-03 2.21E-03 5.49E-08 2.81E-03 2.79E-08 2.11E-04 4.42E-14 1.28E-03 1.25E-13 4.56E-07 0.00E+00 0.00E+00 6.511E-03
5.000E-03 3.15E-03 1.07E-07 3.99E-03 5.68E-08 3.69E-04 9.39E-14 1.89E-03 2.59E-13 6.69E-07 0.00E+00 0.00E+00 9.401E-03
4.500E-03 3.88E-03 1.56E-07 4.88E-03 8.48E-08 5.22E-04 1.45E-13 2.36E-03 3.92E-13 8.40E-07 0.00E+00 0.00E+00 1.164E-02
4.000E-03 4.62E-03 2.32E-07 6.09E-03 1.27E-07 7.65E-04 2.31E-13 3.01E-03 6.22E-13 1.09E-06 0.00E+00 0.00E+00 1.448E-02
3.500E-03 5.58E-03 3.66E-07 7.51E-03 2.01E-07 1.06E-03 3.69E-13 3.93E-03 1.05E-12 1.49E-06 0.00E+00 0.00E+00 1.808E-02
3.000E-03 6.88E-03 6.06E-07 9.24E-03 3.22E-07 1.12E-03 5.77E-13 5.37E-03 1.91E-12 2.22E-06 0.00E+00 0.00E+00 2.262E-02
2.750E-03 7.55E-03 7.94E-07 1.01E-02 4.16E-07 9.66E-04 7.43E-13 6.45E-03 2.66E-12 2.95E-06 0.00E+00 0.00E+00 2.509E-02
2.500E-03 8.14E-03 1.06E-06 1.11E-02 5.44E-07 7.61E-04 1.02E-12 7.92E-03 3.84E-12 4.71E-06 0.00E+00 0.00E+00 2.791E-02
2.400E-03 8.45E-03 1.21E-06 1.15E-02 6.10E-07 6.83E-04 1.19E-12 8.63E-03 4.46E-12 6.44E-06 0.00E+00 0.00E+00 2.923E-02
2.350E-03 8.63E-03 1.29E-06 1.17E-02 6.48E-07 6.46E-04 1.28E-12 9.03E-03 4.81E-12 7.54E-06 0.00E+00 0.00E+00 2.999E-02
2.320E-03 8.73E-03 1.34E-06 1.18E-02 6.72E-07 6.24E-04 1.35E-12 9.27E-03 5.04E-12 8.08E-06 0.00E+00 0.00E+00 3.046E-02
2.310E-03 8.76E-03 1.36E-06 1.19E-02 6.80E-07 6.17E-04 1.37E-12 9.36E-03 5.12E-12 8.22E-06 0.00E+00 0.00E+00 3.062E-02
2.300E-03 8.80E-03 1.38E-06 1.19E-02 6.88E-07 6.10E-04 1.40E-12 9.44E-03 5.20E-12 8.34E-06 0.00E+00 0.00E+00 3.078E-02
2.250E-03 8.94E-03 1.47E-06 1.22E-02 7.34E-07 5.77E-04 1.52E-12 9.92E-03 5.65E-12 8.69E-06 0.00E+00 0.00E+00 3.164E-02
2.200E-03 9.09E-03 1.58E-06 1.25E-02 7.81E-07 5.47E-04 1.66E-12 1.05E-02 6.11E-12 9.12E-06 0.00E+00 0.00E+00 3.260E-02
2.150E-03 9.27E-03 1.70E-06 1.28E-02 8.30E-07 5.18E-04 1.82E-12 1.10E-02 6.61E-12 9.94E-06 0.00E+00 0.00E+00 3.361E-02
2.120E-03 9.39E-03 1.77E-06 1.30E-02 8.59E-07 5.02E-04 1.92E-12 1.13E-02 6.93E-12 1.03E-05 0.00E+00 0.00E+00 3.424E-02
2.110E-03 9.42E-03 1.80E-06 1.31E-02 8.68E-07 4.97E-04 1.96E-12 1.15E-02 7.04E-12 1.04E-05 0.00E+00 0.00E+00 3.446E-02
2.100E-03 9.45E-03 1.82E-06 1.31E-02 8.77E-07 4.92E-04 2.00E-12 1.16E-02 7.16E-12 1.04E-05 0.00E+00 0.00E+00 3.468E-02
2.080E-03 9.50E-03 1.87E-06 1.32E-02 8.95E-07 4.82E-04 2.08E-12 1.18E-02 7.38E-12 1.04E-05 0.00E+00 0.00E+00 3.506E-02
2.000E-03 9.63E-03 2.11E-06 1.36E-02 9.67E-07 4.47E-04 2.43E-12 1.30E-02 8.39E-12 9.97E-06 0.00E+00 0.00E+00 3.672E-02
1.950E-03 9.78E-03 2.29E-06 1.38E-02 1.00E-06 4.28E-04 2.70E-12 1.37E-02 8.88E-12 1.07E-05 0.00E+00 0.00E+00 3.779E-02
1.900E-03 9.98E-03 2.50E-06 1.39E-02 1.03E-06 4.11E-04 3.00E-12 1.43E-02 9.29E-12 1.28E-05 0.00E+00 0.00E+00 3.863E-02
1.850E-03 1.02E-02 2.73E-06 1.38E-02 1.04E-06 3.96E-04 3.34E-12 1.46E-02 9.54E-12 1.63E-05 0.00E+00 0.00E+00 3.905E-02
1.830E-03 1.03E-02 2.83E-06 1.37E-02 1.04E-06 3.90E-04 3.49E-12 1.47E-02 9.59E-12 1.76E-05 0.00E+00 0.00E+00 3.912E-02
1.820E-03 1.03E-02 2.87E-06 1.37E-02 1.04E-06 3.87E-04 3.57E-12 1.47E-02 9.61E-12 1.80E-05 0.00E+00 0.00E+00 3.910E-02
1.810E-03 1.04E-02 2.92E-06 1.36E-02 1.04E-06 3.85E-04 3.65E-12 1.46E-02 9.63E-12 1.83E-05 0.00E+00 0.00E+00 3.903E-02
1.800E-03 1.04E-02 2.98E-06 1.35E-02 1.04E-06 3.82E-04 3.73E-12 1.46E-02 9.65E-12 1.84E-05 0.00E+00 0.00E+00 3.896E-02
1.750E-03 1.06E-02 3.26E-06 1.30E-02 1.01E-06 3.71E-04 4.19E-12 1.42E-02 9.70E-12 1.88E-05 0.00E+00 0.00E+00 3.823E-02
1.700E-03 1.08E-02 3.57E-06 1.20E-02 9.69E-07 3.62E-04 4.72E-12 1.35E-02 9.77E-12 2.29E-05 0.00E+00 0.00E+00 3.671E-02
1.670E-03 1.09E-02 3.80E-06 1.12E-02 9.42E-07 3.58E-04 5.07E-12 1.30E-02 9.89E-12 2.68E-05 0.00E+00 0.00E+00 3.561E-02
1.650E-03 1.11E-02 3.97E-06 1.07E-02 9.26E-07 3.56E-04 5.33E-12 1.26E-02 1.00E-11 2.82E-05 0.00E+00 0.00E+00 3.477E-02
1.640E-03 1.11E-02 4.04E-06 1.03E-02 9.21E-07 3.55E-04 5.46E-12 1.24E-02 1.01E-11 2.82E-05 0.00E+00 0.00E+00 3.431E-02
1.630E-03 1.12E-02 4.13E-06 1.00E-02 9.16E-07 3.53E-04 5.60E-12 1.22E-02 1.01E-11 2.77E-05 0.00E+00 0.00E+00 3.384E-02
1.610E-03 1.13E-02 4.29E-06 9.33E-03 9.13E-07 3.52E-04 5.89E-12 1.18E-02 1.04E-11 2.60E-05 0.00E+00 0.00E+00 3.284E-02
1.600E-03 1.14E-02 4.38E-06 8.96E-03 9.16E-07 3.51E-04 6.04E-12 1.16E-02 1.05E-11 2.52E-05 0.00E+00 0.00E+00 3.232E-02
1.590E-03 1.14E-02 4.47E-06 8.59E-03 9.23E-07 3.50E-04 6.20E-12 1.14E-02 1.07E-11 2.46E-05 0.00E+00 0.00E+00 3.180E-02
1.580E-03 1.15E-02 4.56E-06 8.22E-03 9.35E-07 3.50E-04 6.36E-12 1.12E-02 1.09E-11 2.42E-05 0.00E+00 0.00E+00 3.128E-02
1.570E-03 1.15E-02 4.64E-06 7.86E-03 9.53E-07 3.49E-04 6.52E-12 1.10E-02 1.11E-11 2.39E-05 0.00E+00 0.00E+00 3.074E-02
1.560E-03 1.16E-02 4.75E-06 7.51E-03 9.78E-07 3.49E-04 6.70E-12 1.08E-02 1.13E-11 2.34E-05 0.00E+00 0.00E+00 3.026E-02
1.540E-03 1.18E-02 4.95E-06 6.89E-03 1.05E-06 3.48E-04 7.06E-12 1.04E-02 1.18E-11 2.30E-05 0.00E+00 0.00E+00 2.941E-02
1.520E-03 1.19E-02 5.14E-06 6.40E-03 1.15E-06 3.48E-04 7.44E-12 1.00E-02 1.25E-11 2.42E-05 0.00E+00 0.00E+00 2.864E-02
1.510E-03 1.19E-02 5.24E-06 6.22E-03 1.21E-06 3.48E-04 7.65E-12 9.81E-03 1.29E-11 2.49E-05 0.00E+00 0.00E+00 2.832E-02
1.500E-03 1.19E-02 5.34E-06 6.08E-03 1.28E-06 3.48E-04 7.86E-12 9.64E-03 1.33E-11 2.51E-05 0.00E+00 0.00E+00 2.803E-02
1.450E-03 1.21E-02 5.97E-06 5.80E-03 1.66E-06 3.50E-04 9.02E-12 8.88E-03 1.60E-11 3.16E-05 0.00E+00 0.00E+00 2.719E-02
1.440E-03 1.22E-02 6.10E-06 5.79E-03 1.74E-06 3.50E-04 9.27E-12 8.76E-03 1.68E-11 3.49E-05 0.00E+00 0.00E+00 2.713E-02
1.430E-03 1.22E-02 6.24E-06 5.79E-03 1.82E-06 3.51E-04 9.54E-12 8.72E-03 1.76E-11 3.76E-05 0.00E+00 0.00E+00 2.715E-02
1.420E-03 1.23E-02 6.38E-06 5.78E-03 1.91E-06 3.52E-04 9.82E-12 8.68E-03 1.86E-11 3.91E-05 0.00E+00 0.00E+00 2.716E-02
1.400E-03 1.24E-02 6.70E-06 5.79E-03 2.09E-06 3.54E-04 1.04E-11 8.76E-03 2.06E-11 4.26E-05 0.00E+00 0.00E+00 2.738E-02
1.380E-03 1.26E-02 7.01E-06 5.79E-03 2.29E-06 3.56E-04 1.10E-11 9.00E-03 2.31E-11 5.35E-05 0.00E+00 0.00E+00 2.777E-02
1.370E-03 1.26E-02 7.18E-06 5.80E-03 2.40E-06 3.58E-04 1.14E-11 9.24E-03 2.44E-11 6.34E-05 0.00E+00 0.00E+00 2.809E-02
1.360E-03 1.27E-02 7.36E-06 5.81E-03 2.52E-06 3.59E-04 1.17E-11 9.52E-03 2.57E-11 7.33E-05 0.00E+00 0.00E+00 2.846E-02
1.350E-03 1.28E-02 7.55E-06 5.83E-03 2.64E-06 3.61E-04 1.21E-11 9.79E-03 2.72E-11 7.83E-05 0.00E+00 0.00E+00 2.884E-02
1.340E-03 1.29E-02 7.73E-06 5.85E-03 2.76E-06 3.63E-04 1.24E-11 1.01E-02 2.86E-11 8.48E-05 0.00E+00 0.00E+00 2.930E-02
1.330E-03 1.29E-02 7.92E-06 5.89E-03 2.90E-06 3.65E-04 1.28E-11 1.05E-02 3.01E-11 9.81E-05 0.00E+00 0.00E+00 2.978E-02
1.320E-03 1.30E-02 8.11E-06 5.92E-03 3.05E-06 3.66E-04 1.32E-11 1.08E-02 3.16E-11 1.21E-04 0.00E+00 0.00E+00 3.029E-02
1.310E-03 1.31E-02 8.28E-06 5.98E-03 3.20E-06 3.68E-04 1.36E-11 1.12E-02 3.32E-11 1.58E-04 0.00E+00 0.00E+00 3.085E-02
1.290E-03 1.32E-02 8.65E-06 6.12E-03 3.54E-06 3.73E-04 1.45E-11 1.21E-02 3.66E-11 3.24E-04 0.00E+00 0.00E+00 3.204E-02
1.280E-03 1.32E-02 8.87E-06 6.20E-03 3.72E-06 3.75E-04 1.50E-11 1.26E-02 3.84E-11 4.75E-04 0.00E+00 0.00E+00 3.281E-02
1.270E-03 1.32E-02 9.11E-06 6.24E-03 3.92E-06 3.78E-04 1.54E-11 1.31E-02 4.03E-11 5.74E-04 0.00E+00 0.00E+00 3.353E-02
1.260E-03 1.33E-02 9.34E-06 6.32E-03 4.15E-06 3.80E-04 1.59E-11 1.36E-02 4.22E-11 4.95E-04 0.00E+00 0.00E+00 3.412E-02
1.250E-03 1.33E-02 9.58E-06 6.46E-03 4.40E-06 3.83E-04 1.65E-11 1.42E-02 4.41E-11 3.66E-04 0.00E+00 0.00E+00 3.472E-02
1.220E-03 1.36E-02 1.04E-05 7.33E-03 5.45E-06 3.91E-04 1.82E-11 1.59E-02 5.06E-11 2.86E-04 0.00E+00 0.00E+00 3.753E-02
1.210E-03 1.37E-02 1.07E-05 8.01E-03 5.86E-06 3.94E-04 1.88E-11 1.66E-02 5.29E-11 3.29E-04 0.00E+00 0.00E+00 3.898E-02
1.200E-03 1.37E-02 1.10E-05 8.84E-03 6.27E-06 3.97E-04 1.94E-11 1.73E-02 5.54E-11 3.63E-04 0.00E+00 0.00E+00 4.062E-02
1.190E-03 1.38E-02 1.13E-05 9.75E-03 6.63E-06 4.00E-04 2.01E-11 1.80E-02 5.80E-11 3.64E-04 0.00E+00 0.00E+00 4.240E-02
1.180E-03 1.39E-02 1.16E-05 1.07E-02 6.94E-06 4.03E-04 2.08E-11 1.88E-02 6.04E-11 3.61E-04 0.00E+00 0.00E+00 4.419E-02
1.170E-03 1.40E-02 1.19E-05 1.15E-02 7.19E-06 4.06E-04 2.16E-11 1.96E-02 6.30E-11 4.01E-04 0.00E+00 0.00E+00 4.598E-02
1.160E-03 1.41E-02 1.23E-05 1.23E-02 7.41E-06 4.12E-04 2.25E-11 2.03E-02 6.56E-11 5.16E-04 0.00E+00 0.00E+00 4.771E-02
1.150E-03 1.42E-02 1.26E-05 1.30E-02 7.60E-06 5.78E-04 2.22E-11 2.11E-02 6.83E-11 7.52E-04 0.00E+00 0.00E+00 4.960E-02
1.140E-03 1.42E-02 1.29E-05 1.35E-02 7.78E-06 4.29E-04 2.37E-11 2.19E-02 7.13E-11 1.13E-03 0.00E+00 0.00E+00 5.129E-02
1.130E-03 1.43E-02 1.33E-05 1.41E-02 7.95E-06 4.28E-04 2.46E-11 2.28E-02 7.45E-11 1.38E-03 0.00E+00 0.00E+00 5.299E-02
1.120E-03 1.43E-02 1.36E-05 1.45E-02 8.13E-06 4.31E-04 2.55E-11 2.38E-02 7.77E-11 1.11E-03 0.00E+00 0.00E+00 5.421E-02
1.110E-03 1.44E-02 1.40E-05 1.50E-02 8.31E-06 4.35E-04 2.65E-11 2.48E-02 8.12E-11 7.07E-04 0.00E+00 0.00E+00 5.533E-02
1.090E-03 1.45E-02 1.49E-05 1.59E-02 8.69E-06 4.44E-04 2.85E-11 2.69E-02 8.82E-11 2.95E-04 0.00E+00 0.00E+00 5.805E-02
1.050E-03 1.48E-02 1.69E-05 1.75E-02 9.36E-06 4.64E-04 3.32E-11 3.26E-02 1.05E-10 9.95E-05 0.00E+00 0.00E+00 6.545E-02
1.000E-03 1.53E-02 2.00E-05 1.92E-02 9.91E-06 4.95E-04 4.04E-11 3.76E-02 1.12E-10 5.16E-05 0.00E+00 0.00E+00 7.274E-02
9.800E-04 1.56E-02 2.14E-05 1.95E-02 9.88E-06 5.09E-04 4.38E-11 3.95E-02 1.15E-10 4.53E-05 0.00E+00 0.00E+00 7.521E-02
9.600E-04 1.58E-02 2.30E-05 1.95E-02 9.64E-06 5.24E-04 4.75E-11 4.13E-02 1.16E-10 4.23E-05 0.00E+00 0.00E+00 7.717E-02
9.500E-04 1.60E-02 2.38E-05 1.92E-02 9.46E-06 5.32E-04 4.96E-11 4.17E-02 1.14E-10 4.17E-05 0.00E+00 0.00E+00 7.757E-02
9.400E-04 1.61E-02 2.45E-05 1.89E-02 9.27E-06 5.40E-04 5.17E-11 4.16E-02 1.09E-10 4.19E-05 0.00E+00 0.00E+00 7.720E-02
9.200E-04 1.63E-02 2.62E-05 1.80E-02 8.88E-06 5.58E-04 5.64E-11 3.88E-02 9.07E-11 4.47E-05 0.00E+00 0.00E+00 7.368E-02
8.900E-04 1.67E-02 2.93E-05 1.59E-02 8.31E-06 5.86E-04 6.44E-11 3.06E-02 5.81E-11 6.39E-05 0.00E+00 0.00E+00 6.396E-02
8.700E-04 1.68E-02 3.13E-05 1.44E-02 8.16E-06 6.07E-04 7.05E-11 2.55E-02 4.31E-11 1.39E-04 0.00E+00 0.00E+00 5.753E-02
8.600E-04 1.70E-02 3.26E-05 1.37E-02 8.16E-06 6.19E-04 7.39E-11 2.34E-02 3.81E-11 2.07E-04 0.00E+00 0.00E+00 5.497E-02
8.500E-04 1.71E-02 3.37E-05 1.29E-02 8.14E-06 6.30E-04 7.74E-11 2.16E-02 3.39E-11 1.49E-04 0.00E+00 0.00E+00 5.241E-02
8.400E-04 1.73E-02 3.52E-05 1.20E-02 8.14E-06 6.42E-04 8.11E-11 1.97E-02 2.97E-11 1.08E-04 0.00E+00 0.00E+00 4.979E-02
8.200E-04 1.74E-02 3.76E-05 1.00E-02 8.36E-06 6.67E-04 8.93E-11 1.52E-02 2.13E-11 1.10E-04 0.00E+00 0.00E+00 4.348E-02
8.000E-04 1.77E-02 4.07E-05 8.09E-03 9.23E-06 6.94E-04 9.86E-11 1.04E-02 1.64E-11 1.60E-04 0.00E+00 0.00E+00 3.705E-02
7.900E-04 1.78E-02 4.25E-05 7.34E-03 9.93E-06 7.07E-04 1.04E-10 8.74E-03 1.77E-11 1.98E-04 0.00E+00 0.00E+00 3.489E-02
7.800E-04 1.79E-02 4.40E-05 6.73E-03 1.07E-05 7.21E-04 1.09E-10 7.11E-03 2.00E-11 2.36E-04 0.00E+00 0.00E+00 3.278E-02
7.700E-04 1.80E-02 4.56E-05 6.21E-03 1.16E-05 7.36E-04 1.15E-10 5.85E-03 2.39E-11 2.54E-04 0.00E+00 0.00E+00 3.108E-02
7.600E-04 1.80E-02 4.75E-05 5.76E-03 1.26E-05 7.51E-04 1.21E-10 4.96E-03 2.91E-11 2.36E-04 0.00E+00 0.00E+00 2.979E-02
7.500E-04 1.80E-02 4.94E-05 5.37E-03 1.37E-05 7.67E-04 1.27E-10 4.17E-03 3.54E-11 1.96E-04 0.00E+00 0.00E+00 2.861E-02
7.300E-04 1.83E-02 5.42E-05 4.75E-03 1.62E-05 8.00E-04 1.42E-10 3.49E-03 5.05E-11 1.24E-04 0.00E+00 0.00E+00 2.750E-02
7.200E-04 1.83E-02 5.64E-05 4.56E-03 1.76E-05 8.18E-04 1.50E-10 3.38E-03 5.84E-11 1.04E-04 0.00E+00 0.00E+00 2.726E-02
7.100E-04 1.84E-02 5.90E-05 4.43E-03 1.90E-05 8.36E-04 1.59E-10 3.28E-03 6.72E-11 1.02E-04 0.00E+00 0.00E+00 2.709E-02
7.000E-04 1.86E-02 6.20E-05 4.32E-03 2.05E-05 8.56E-04 1.68E-10 3.24E-03 7.61E-11 1.40E-04 0.00E+00 0.00E+00 2.719E-02
6.900E-04 1.86E-02 6.43E-05 4.15E-03 2.21E-05 8.76E-04 1.78E-10 3.22E-03 8.57E-11 8.44E-05 0.00E+00 0.00E+00 2.705E-02
6.800E-04 1.84E-02 6.68E-05 3.93E-03 2.37E-05 8.97E-04 1.88E-10 3.23E-03 9.55E-11 6.67E-05 0.00E+00 0.00E+00 2.657E-02
6.600E-04 1.85E-02 7.52E-05 3.54E-03 2.76E-05 9.41E-04 2.12E-10 3.23E-03 1.17E-10 6.43E-05 0.00E+00 0.00E+00 2.633E-02
6.400E-04 1.90E-02 8.50E-05 3.07E-03 3.21E-05 9.88E-04 2.40E-10 3.22E-03 1.42E-10 9.54E-05 0.00E+00 0.00E+00 2.647E-02
6.300E-04 1.94E-02 8.96E-05 2.86E-03 3.49E-05 9.99E-04 2.55E-10 3.21E-03 1.56E-10 1.46E-04 0.00E+00 0.00E+00 2.672E-02
6.200E-04 1.95E-02 9.40E-05 2.81E-03 3.80E-05 1.04E-03 2.72E-10 3.19E-03 1.71E-10 1.97E-04 0.00E+00 0.00E+00 2.686E-02
6.100E-04 1.97E-02 9.94E-05 2.80E-03 4.09E-05 1.07E-03 2.90E-10 3.17E-03 1.87E-10 1.45E-04 0.00E+00 0.00E+00 2.700E-02
5.900E-04 2.05E-02 1.12E-04 2.30E-03 4.76E-05 1.13E-03 3.31E-10 3.12E-03 2.24E-10 6.84E-05 0.00E+00 0.00E+00 2.726E-02
5.500E-04 1.98E-02 1.34E-04 1.70E-03 6.70E-05 1.27E-03 4.37E-10 3.08E-03 3.21E-10 5.93E-05 0.00E+00 0.00E+00 2.608E-02
5.300E-04 2.00E-02 1.55E-04 1.52E-03 7.97E-05 1.35E-03 5.06E-10 3.09E-03 3.85E-10 9.06E-05 0.00E+00 0.00E+00 2.623E-02
5.200E-04 2.00E-02 1.66E-04 1.43E-03 8.71E-05 1.39E-03 5.46E-10 3.09E-03 4.22E-10 1.39E-04 0.00E+00 0.00E+00 2.629E-02
5.100E-04 2.02E-02 1.78E-04 1.34E-03 9.52E-05 1.43E-03 5.89E-10 3.11E-03 4.62E-10 1.90E-04 0.00E+00 0.00E+00 2.651E-02
5.000E-04 2.04E-02 1.92E-04 1.24E-03 1.06E-04 1.48E-03 6.37E-10 3.13E-03 5.07E-10 1.40E-04 0.00E+00 0.00E+00 2.667E-02
4.800E-04 2.07E-02 2.21E-04 1.10E-03 1.27E-04 1.58E-03 7.49E-10 3.18E-03 6.13E-10 7.04E-05 0.00E+00 0.00E+00 2.694E-02
4.500E-04 2.14E-02 2.77E-04 9.20E-04 1.69E-04 1.75E-03 9.66E-10 3.29E-03 8.19E-10 5.75E-05 0.00E+00 0.00E+00 2.784E-02
4.000E-04 2.22E-02 4.24E-04 6.80E-04 2.81E-04 2.10E-03 1.54E-09 3.54E-03 1.37E-09 6.59E-05 0.00E+00 0.00E+00 2.932E-02
3.800E-04 2.27E-02 5.12E-04 6.00E-04 3.50E-04 2.28E-03 1.88E-09 3.65E-03 1.70E-09 7.37E-05 0.00E+00 0.00E+00 3.018E-02
3.600E-04 2.32E-02 6.26E-04 5.27E-04 4.40E-04 2.48E-03 2.33E-09 3.77E-03 2.14E-09 8.82E-05 0.00E+00 0.00E+00 3.118E-02
3.400E-04 2.44E-02 7.69E-04 4.64E-04 5.59E-04 2.71E-03 2.92E-09 3.91E-03 2.72E-09 1.65E-04 0.00E+00 0.00E+00 3.297E-02
3.300E-04 2.44E-02 8.49E-04 4.34E-04 6.33E-04 2.85E-03 3.28E-09 3.98E-03 3.08E-09 4.02E-04 0.00E+00 0.00E+00 3.350E-02
3.200E-04 2.45E-02 9.54E-04 4.04E-04 7.20E-04 2.99E-03 3.70E-09 4.04E-03 3.50E-09 1.72E-04 0.00E+00 0.00E+00 3.374E-02
3.150E-04 2.47E-02 1.01E-03 3.91E-04 7.69E-04 3.06E-03 3.94E-09 4.07E-03 3.73E-09 1.37E-04 0.00E+00 0.00E+00 3.414E-02
3.100E-04 2.49E-02 1.08E-03 3.78E-04 8.21E-04 3.14E-03 4.20E-09 4.11E-03 3.99E-09 1.24E-04 0.00E+00 0.00E+00 3.459E-02
3.080E-04 2.50E-02 1.10E-03 3.73E-04 8.44E-04 3.17E-03 4.30E-09 4.12E-03 4.10E-09 1.22E-04 0.00E+00 0.00E+00 3.476E-02
3.050E-04 2.51E-02 1.14E-03 3.65E-04 8.79E-04 3.22E-03 4.47E-09 4.15E-03 4.27E-09 1.19E-04 0.00E+00 0.00E+00 3.499E-02
3.000E-04 2.53E-02 1.21E-03 3.53E-04 9.41E-04 3.31E-03 4.77E-09 4.19E-03 4.57E-09 1.18E-04 0.00E+00 0.00E+00 3.540E-02
2.900E-04 2.58E-02 1.37E-03 3.29E-04 1.08E-03 3.49E-03 5.45E-09 4.28E-03 5.25E-09 1.22E-04 0.00E+00 0.00E+00 3.649E-02
2.800E-04 2.60E-02 1.56E-03 3.07E-04 1.25E-03 3.68E-03 6.26E-09 4.37E-03 6.07E-09 1.28E-04 0.00E+00 0.00E+00 3.730E-02
2.600E-04 2.68E-02 2.07E-03 2.66E-04 1.69E-03 4.13E-03 8.37E-09 4.59E-03 8.21E-09 1.47E-04 0.00E+00 0.00E+00 3.965E-02
2.500E-04 2.74E-02 2.41E-03 2.47E-04 1.99E-03 4.39E-03 9.76E-09 4.71E-03 9.63E-09 1.59E-04 0.00E+00 0.00E+00 4.125E-02
2.200E-04 3.00E-02 3.92E-03 1.99E-04 3.33E-03 5.33E-03 1.61E-08 5.16E-03 1.62E-08 2.09E-04 0.00E+00 0.00E+00 4.811E-02
2.159E-04 3.03E-02 4.20E-03 1.93E-04 3.60E-03 5.49E-03 1.74E-08 5.23E-03 1.75E-08 2.18E-04 0.00E+00 0.00E+00 4.921E-02
2.000E-04 3.21E-02 5.62E-03 1.74E-04 4.89E-03 6.18E-03 2.34E-08 5.54E-03 2.38E-08 2.60E-04 0.00E+00 0.00E+00 5.480E-02
1.662E-04 3.72E-02 1.11E-02 1.39E-04 1.01E-02 8.21E-03 4.83E-08 6.42E-03 5.01E-08 4.05E-04 0.00E+00 0.00E+00 7.357E-02
1.650E-04 3.74E-02 1.13E-02 1.37E-04 1.04E-02 8.30E-03 4.97E-08 6.46E-03 5.16E-08 4.13E-04 0.00E+00 0.00E+00 7.450E-02
1.250E-04 4.96E-02 2.90E-02 1.25E-04 2.90E-02 1.28E-02 1.47E-07 8.20E-03 1.57E-07 8.40E-04 0.00E+00 0.00E+00 1.295E-01
1.235E-04 5.03E-02 3.01E-02 1.25E-04 3.03E-02 1.30E-02 1.54E-07 8.29E-03 1.65E-07 8.67E-04 0.00E+00 0.00E+00 1.329E-01
1.130E-04 5.63E-02 3.93E-02 1.30E-04 4.09E-02 1.50E-02 2.19E-07 9.00E-03 2.35E-07 1.09E-03 0.00E+00 0.00E+00 1.616E-01
1.000E-04 6.71E-02 5.56E-02 1.46E-04 6.07E-02 1.82E-02 3.52E-07 1.01E-02 3.83E-07 1.49E-03 0.00E+00 0.00E+00 2.133E-01
9.500E-05 7.25E-02 6.34E-02 1.48E-04 7.14E-02 1.98E-02 4.30E-07 1.06E-02 4.71E-07 1.70E-03 0.00E+00 0.00E+00 2.396E-01
9.300E-05 7.48E-02 6.68E-02 1.51E-04 7.64E-02 2.05E-02 4.67E-07 1.08E-02 5.13E-07 1.79E-03 0.00E+00 0.00E+00 2.512E-01
9.200E-05 7.60E-02 6.86E-02 1.53E-04 7.90E-02 2.09E-02 4.88E-07 1.09E-02 5.35E-07 1.84E-03 0.00E+00 0.00E+00 2.573E-01
9.100E-05 7.71E-02 7.04E-02 1.56E-04 8.18E-02 2.12E-02 5.09E-07 1.10E-02 5.59E-07 1.89E-03 0.00E+00 0.00E+00 2.636E-01
9.000E-05 7.83E-02 7.22E-02 1.58E-04 8.47E-02 2.16E-02 5.31E-07 1.12E-02 5.84E-07 1.95E-03 0.00E+00 0.00E+00 2.700E-01
8.900E-05 7.95E-02 7.41E-02 1.62E-04 8.77E-02 2.20E-02 5.55E-07 1.13E-02 6.11E-07 2.00E-03 0.00E+00 0.00E+00 2.767E-01
8.800E-05 8.07E-02 7.60E-02 1.63E-04 9.09E-02 2.24E-02 5.79E-07 1.14E-02 6.39E-07 2.06E-03 0.00E+00 0.00E+00 2.836E-01
8.700E-05 8.19E-02 7.80E-02 1.68E-04 9.42E-02 2.28E-02 6.06E-07 1.15E-02 6.69E-07 2.12E-03 0.00E+00 0.00E+00 2.907E-01
8.600E-05 8.31E-02 8.01E-02 1.69E-04 9.76E-02 2.32E-02 6.33E-07 1.16E-02 7.01E-07 2.18E-03 0.00E+00 0.00E+00 2.980E-01
8.500E-05 8.44E-02 8.22E-02 1.73E-04 1.01E-01 2.37E-02 6.63E-07 1.18E-02 7.35E-07 2.24E-03 0.00E+00 0.00E+00 3.057E-01
8.400E-05 8.57E-02 8.44E-02 1.75E-04 1.05E-01 2.41E-02 6.94E-07 1.19E-02 7.70E-07 2.31E-03 0.00E+00 0.00E+00 3.136E-01
8.330E-05 8.66E-02 8.59E-02 1.78E-04 1.08E-01 2.44E-02 7.17E-07 1.20E-02 7.96E-07 2.36E-03 0.00E+00 0.00E+00 3.193E-01
8.200E-05 8.84E-02 8.89E-02 1.81E-04 1.13E-01 2.50E-02 7.62E-07 1.22E-02 8.48E-07 2.45E-03 0.00E+00 0.00E+00 3.303E-01
8.100E-05 8.99E-02 9.13E-02 1.86E-04 1.17E-01 2.55E-02 7.99E-07 1.23E-02 8.91E-07 2.53E-03 0.00E+00 0.00E+00 3.391E-01
8.000E-05 9.14E-02 9.37E-02 1.88E-04 1.22E-01 2.60E-02 8.38E-07 1.25E-02 9.36E-07 2.60E-03 0.00E+00 0.00E+00 3.483E-01
7.900E-05 9.30E-02 9.61E-02 1.92E-04 1.27E-01 2.65E-02 8.80E-07 1.26E-02 9.85E-07 2.69E-03 0.00E+00 0.00E+00 3.578E-01
7.800E-05 9.47E-02 9.86E-02 1.97E-04 1.32E-01 2.71E-02 9.24E-07 1.28E-02 1.04E-06 2.77E-03 0.00E+00 0.00E+00 3.677E-01
7.700E-05 9.65E-02 1.01E-01 2.02E-04 1.37E-01 2.76E-02 9.72E-07 1.29E-02 1.09E-06 2.86E-03 0.00E+00 0.00E+00 3.779E-01
7.600E-05 9.84E-02 1.04E-01 2.09E-04 1.42E-01 2.82E-02 1.02E-06 1.31E-02 1.15E-06 2.95E-03 0.00E+00 0.00E+00 3.885E-01
7.500E-05 1.00E-01 1.06E-01 2.16E-04 1.48E-01 2.88E-02 1.08E-06 1.32E-02 1.21E-06 3.05E-03 0.00E+00 0.00E+00 3.994E-01
7.400E-05 1.02E-01 1.09E-01 2.25E-04 1.54E-01 2.94E-02 1.13E-06 1.34E-02 1.28E-06 3.15E-03 0.00E+00 0.00E+00 4.106E-01
7.300E-05 1.04E-01 1.11E-01 2.35E-04 1.60E-01 3.00E-02 1.19E-06 1.36E-02 1.35E-06 3.25E-03 0.00E+00 0.00E+00 4.222E-01
7.140E-05 1.08E-01 1.15E-01 2.42E-04 1.70E-01 3.10E-02 1.30E-06 1.39E-02 1.48E-06 3.43E-03 0.00E+00 0.00E+00 4.415E-01
7.100E-05 1.09E-01 1.16E-01 2.43E-04 1.73E-01 3.12E-02 1.33E-06 1.39E-02 1.51E-06 3.48E-03 0.00E+00 0.00E+00 4.465E-01
7.000E-05 1.11E-01 1.19E-01 2.51E-04 1.80E-01 3.19E-02 1.40E-06 1.41E-02 1.60E-06 3.60E-03 0.00E+00 0.00E+00 4.592E-01
6.900E-05 1.13E-01 1.21E-01 2.59E-04 1.87E-01 3.26E-02 1.49E-06 1.43E-02 1.70E-06 3.73E-03 0.00E+00 0.00E+00 4.722E-01
6.800E-05 1.16E-01 1.24E-01 2.70E-04 1.94E-01 3.33E-02 1.57E-06 1.45E-02 1.80E-06 3.86E-03 0.00E+00 0.00E+00 4.857E-01
6.700E-05 1.18E-01 1.26E-01 2.81E-04 2.02E-01 3.40E-02 1.66E-06 1.47E-02 1.91E-06 4.00E-03 0.00E+00 0.00E+00 4.996E-01
6.600E-05 1.21E-01 1.29E-01 2.94E-04 2.10E-01 3.48E-02 1.76E-06 1.49E-02 2.03E-06 4.15E-03 0.00E+00 0.00E+00 5.140E-01
6.500E-05 1.24E-01 1.31E-01 3.00E-04 2.18E-01 3.56E-02 1.87E-06 1.51E-02 2.16E-06 4.31E-03 0.00E+00 0.00E+00 5.288E-01
6.400E-05 1.26E-01 1.34E-01 3.07E-04 2.27E-01 3.65E-02 1.99E-06 1.54E-02 2.30E-06 4.47E-03 0.00E+00 0.00E+00 5.441E-01
6.300E-05 1.29E-01 1.37E-01 3.16E-04 2.36E-01 3.73E-02 2.12E-06 1.56E-02 2.45E-06 4.65E-03 0.00E+00 0.00E+00 5.599E-01
6.250E-05 1.31E-01 1.38E-01 3.19E-04 2.41E-01 3.78E-02 2.18E-06 1.57E-02 2.53E-06 4.74E-03 0.00E+00 0.00E+00 5.680E-01
6.200E-05 1.32E-01 1.39E-01 3.28E-04 2.46E-01 3.82E-02 2.25E-06 1.58E-02 2.61E-06 4.83E-03 0.00E+00 0.00E+00 5.762E-01
6.100E-05 1.35E-01 1.42E-01 3.43E-04 2.55E-01 3.92E-02 2.40E-06 1.61E-02 2.79E-06 5.02E-03 0.00E+00 0.00E+00 5.929E-01
6.000E-05 1.39E-01 1.44E-01 3.58E-04 2.65E-01 4.01E-02 2.56E-06 1.63E-02 2.98E-06 5.23E-03 0.00E+00 0.00E+00 6.102E-01
5.900E-05 1.42E-01 1.46E-01 3.73E-04 2.76E-01 4.11E-02 2.74E-06 1.66E-02 3.19E-06 5.45E-03 0.00E+00 0.00E+00 6.280E-01
5.800E-05 1.46E-01 1.49E-01 3.90E-04 2.87E-01 4.22E-02 2.93E-06 1.69E-02 3.41E-06 5.68E-03 0.00E+00 0.00E+00 6.464E-01
5.700E-05 1.50E-01 1.51E-01 4.10E-04 2.98E-01 4.32E-02 3.14E-06 1.72E-02 3.66E-06 5.93E-03 0.00E+00 0.00E+00 6.652E-01
5.600E-05 1.54E-01 1.52E-01 4.31E-04 3.10E-01 4.43E-02 3.36E-06 1.75E-02 3.93E-06 6.19E-03 0.00E+00 0.00E+00 6.845E-01
5.500E-05 1.58E-01 1.54E-01 4.50E-04 3.22E-01 4.55E-02 3.61E-06 1.78E-02 4.23E-06 6.48E-03 0.00E+00 0.00E+00 7.044E-01
5.477E-05 1.59E-01 1.55E-01 4.53E-04 3.25E-01 4.58E-02 3.67E-06 1.78E-02 4.30E-06 1.01E-02 0.00E+00 0.00E+00 7.126E-01
5.400E-05 1.62E-01 1.56E-01 4.68E-04 3.35E-01 4.68E-02 3.89E-06 1.81E-02 4.56E-06 1.05E-02 0.00E+00 0.00E+00 7.286E-01
5.300E-05 1.66E-01 1.57E-01 4.90E-04 3.49E-01 4.82E-02 4.19E-06 1.84E-02 4.92E-06 1.10E-02 0.00E+00 0.00E+00 7.500E-01
5.200E-05 1.70E-01 1.58E-01 5.21E-04 3.63E-01 4.97E-02 4.52E-06 1.87E-02 5.31E-06 1.16E-02 0.00E+00 0.00E+00 7.720E-01
5.100E-05 1.74E-01 1.59E-01 5.51E-04 3.78E-01 5.12E-02 4.89E-06 1.91E-02 5.75E-06 1.23E-02 0.00E+00 0.00E+00 7.946E-01
5.000E-05 1.79E-01 1.60E-01 5.82E-04 3.93E-01 5.28E-02 5.30E-06 1.94E-02 6.23E-06 1.30E-02 0.00E+00 0.00E+00 8.180E-01
4.900E-05 1.83E-01 1.61E-01 6.13E-04 4.09E-01 5.45E-02 5.75E-06 1.98E-02 6.77E-06 1.38E-02 0.00E+00 0.00E+00 8.419E-01
4.880E-05 1.84E-01 1.61E-01 6.19E-04 4.12E-01 5.48E-02 5.85E-06 1.99E-02 6.88E-06 1.40E-02 0.00E+00 0.00E+00 8.467E-01
4.800E-05 1.87E-01 1.62E-01 6.47E-04 4.25E-01 5.65E-02 6.25E-06 2.02E-02 7.36E-06 1.47E-02 0.00E+00 0.00E+00 8.667E-01
4.760E-05 1.89E-01 1.62E-01 6.64E-04 4.32E-01 5.73E-02 6.47E-06 2.04E-02 7.61E-06 1.50E-02 0.00E+00 0.00E+00 8.769E-01
4.700E-05 1.92E-01 1.63E-01 6.88E-04 4.42E-01 5.87E-02 6.82E-06 2.06E-02 8.02E-06 1.56E-02 0.00E+00 0.00E+00 8.924E-01
4.650E-05 1.94E-01 1.63E-01 7.06E-04 4.51E-01 5.98E-02 7.12E-06 2.08E-02 8.38E-06 1.62E-02 0.00E+00 0.00E+00 9.054E-01
4.600E-05 1.96E-01 1.63E-01 7.34E-04 4.60E-01 6.10E-02 7.45E-06 2.10E-02 8.76E-06 1.67E-02 0.00E+00 0.00E+00 9.186E-01
4.550E-05 1.98E-01 1.64E-01 7.65E-04 4.69E-01 6.22E-02 7.79E-06 2.12E-02 9.16E-06 1.73E-02 0.00E+00 0.00E+00 9.321E-01
4.500E-05 2.00E-01 1.64E-01 7.99E-04 4.78E-01 6.34E-02 8.15E-06 2.15E-02 9.58E-06 1.79E-02 0.00E+00 0.00E+00 9.457E-01
4.440E-05 2.03E-01 1.64E-01 8.43E-04 4.89E-01 6.49E-02 8.61E-06 2.17E-02 1.01E-05 1.87E-02 0.00E+00 0.00E+00 9.622E-01
4.350E-05 2.07E-01 1.64E-01 9.21E-04 5.06E-01 6.74E-02 9.37E-06 2.21E-02 1.10E-05 2.00E-02 0.00E+00 0.00E+00 9.877E-01
4.170E-05 2.14E-01 1.65E-01 1.12E-03 5.42E-01 7.31E-02 1.12E-05 2.30E-02 1.31E-05 2.31E-02 0.00E+00 0.00E+00 1.041E+00
4.000E-05 2.21E-01 1.65E-01 1.48E-03 5.77E-01 7.91E-02 1.32E-05 2.39E-02 1.55E-05 2.67E-02 0.00E+00 0.00E+00 1.095E+00
3.850E-05 2.28E-01 1.65E-01 1.96E-03 6.09E-01 8.47E-02 1.55E-05 2.48E-02 1.82E-05 3.09E-02 0.00E+00 0.00E+00 1.145E+00
3.656E-05 2.35E-01 1.66E-01 2.89E-03 6.52E-01 9.27E-02 1.94E-05 2.59E-02 2.26E-05 3.79E-02 0.00E+00 0.00E+00 1.212E+00
3.570E-05 2.39E-01 1.66E-01 3.37E-03 6.71E-01 9.65E-02 2.14E-05 2.65E-02 2.49E-05 4.20E-02 0.00E+00 0.00E+00 1.244E+00
3.330E-05 2.47E-01 1.66E-01 5.05E-03 7.24E-01 1.10E-01 2.93E-05 2.81E-02 3.34E-05 5.78E-02 0.00E+00 0.00E+00 1.337E+00
3.130E-05 2.54E-01 1.66E-01 6.70E-03 7.66E-01 1.26E-01 3.96E-05 2.96E-02 4.35E-05 7.99E-02 0.00E+00 0.00E+00 1.428E+00
3.000E-05 2.58E-01 1.65E-01 8.02E-03 7.93E-01 1.41E-01 4.91E-05 3.06E-02 5.22E-05 1.02E-01 0.00E+00 0.00E+00 1.498E+00
2.940E-05 2.60E-01 1.65E-01 8.67E-03 8.04E-01 1.48E-01 5.44E-05 3.11E-02 5.69E-05 1.16E-01 0.00E+00 0.00E+00 1.533E+00
2.780E-05 2.64E-01 1.65E-01 1.06E-02 8.31E-01 1.74E-01 7.47E-05 3.25E-02 7.27E-05 1.72E-01 0.00E+00 0.00E+00 1.649E+00
2.630E-05 2.67E-01 1.65E-01 1.26E-02 8.54E-01 2.12E-01 1.06E-04 3.37E-02 9.30E-05 2.67E-01 0.00E+00 0.00E+00 1.811E+00
2.500E-05 2.69E-01 1.65E-01 1.49E-02 8.71E-01 2.65E-01 1.55E-04 3.48E-02 1.17E-04 4.11E-01 0.00E+00 0.00E+00 2.030E+00
2.380E-05 2.71E-01 1.65E-01 1.78E-02 8.83E-01 3.65E-01 2.36E-04 3.50E-02 1.47E-04 5.96E-01 0.00E+00 0.00E+00 2.333E+00
2.270E-05 2.72E-01 1.64E-01 2.17E-02 8.94E-01 5.27E-01 3.46E-04 3.63E-02 1.84E-04 6.96E-01 0.00E+00 0.00E+00 2.612E+00
2.170E-05 2.73E-01 1.64E-01 2.71E-02 9.06E-01 7.13E-01 4.49E-04 4.09E-02 2.30E-04 6.06E-01 0.00E+00 0.00E+00 2.731E+00
2.080E-05 2.74E-01 1.65E-01 3.68E-02 9.22E-01 7.39E-01 4.17E-04 5.10E-02 2.86E-04 4.47E-01 0.00E+00 0.00E+00 2.635E+00
2.000E-05 2.73E-01 1.64E-01 1.31E-01 8.56E-01 6.41E-01 3.26E-04 6.49E-02 3.51E-04 3.23E-01 0.00E+00 0.00E+00 2.453E+00
1.920E-05 2.73E-01 1.65E-01 2.49E-01 7.63E-01 4.98E-01 2.24E-04 8.92E-02 4.36E-04 2.33E-01 0.00E+00 0.00E+00 2.270E+00
1.850E-05 2.74E-01 1.67E-01 3.22E-01 7.09E-01 3.90E-01 1.59E-04 1.20E-01 5.34E-04 1.78E-01 0.00E+00 0.00E+00 2.161E+00
1.790E-05 2.75E-01 1.69E-01 4.10E-01 6.33E-01 3.17E-01 1.21E-04 1.52E-01 6.39E-04 1.45E-01 0.00E+00 0.00E+00 2.102E+00
1.720E-05 2.76E-01 1.71E-01 4.76E-01 5.80E-01 2.54E-01 9.64E-05 2.12E-01 8.01E-04 1.17E-01 0.00E+00 0.00E+00 2.086E+00
1.670E-05 2.78E-01 1.72E-01 5.07E-01 5.56E-01 2.18E-01 8.77E-05 2.67E-01 9.47E-04 1.02E-01 0.00E+00 0.00E+00 2.100E+00
1.610E-05 2.79E-01 1.74E-01 5.38E-01 5.34E-01 1.84E-01 8.92E-05 3.63E-01 1.17E-03 8.92E-02 0.00E+00 0.00E+00 2.163E+00
1.560E-05 2.81E-01 1.76E-01 5.58E-01 5.20E-01 1.61E-01 1.01E-04 4.74E-01 1.40E-03 8.16E-02 0.00E+00 0.00E+00 2.254E+00
1.520E-05 2.82E-01 1.77E-01 5.72E-01 5.11E-01 1.46E-01 1.17E-04 5.93E-01 1.61E-03 7.72E-02 0.00E+00 0.00E+00 2.360E+00
1.470E-05 2.84E-01 1.78E-01 5.84E-01 5.00E-01 1.30E-01 1.48E-04 7.64E-01 1.91E-03 7.38E-02 0.00E+00 0.00E+00 2.516E+00
1.430E-05 2.84E-01 1.79E-01 5.92E-01 4.93E-01 1.22E-01 1.85E-04 9.10E-01 2.13E-03 7.27E-02 0.00E+00 0.00E+00 2.655E+00
1.390E-05 2.85E-01 1.79E-01 5.96E-01 4.86E-01 1.19E-01 2.35E-04 1.02E+00 2.36E-03 7.32E-02 0.00E+00 0.00E+00 2.765E+00
1.350E-05 2.85E-01 1.79E-01 6.00E-01 4.80E-01 1.18E-01 3.01E-04 1.13E+00 2.64E-03 7.53E-02 0.00E+00 0.00E+00 2.871E+00
1.320E-05 2.85E-01 1.79E-01 6.01E-01 4.75E-01 1.21E-01 3.66E-04 1.22E+00 2.90E-03 7.81E-02 0.00E+00 0.00E+00 2.958E+00
1.280E-05 2.85E-01 1.80E-01 6.02E-01 4.70E-01 1.28E-01 4.79E-04 1.34E+00 3.30E-03 8.40E-02 0.00E+00 0.00E+00 3.090E+00
1.250E-05 2.85E-01 1.81E-01 6.00E-01 4.69E-01 1.39E-01 5.91E-04 1.44E+00 3.65E-03 9.03E-02 0.00E+00 0.00E+00 3.205E+00
1.220E-05 2.85E-01 1.81E-01 5.99E-01 4.69E-01 1.55E-01 7.32E-04 1.55E+00 4.07E-03 9.89E-02 0.00E+00 0.00E+00 3.340E+00
1.190E-05 2.84E-01 1.81E-01 6.03E-01 4.74E-01 1.77E-01 9.08E-04 1.67E+00 4.56E-03 1.10E-01 0.00E+00 0.00E+00 3.504E+00
1.160E-05 2.84E-01 1.81E-01 6.06E-01 4.78E-01 2.02E-01 1.13E-03 1.80E+00 5.14E-03 1.25E-01 0.00E+00 0.00E+00 3.687E+00
1.140E-05 2.83E-01 1.81E-01 6.08E-01 4.79E-01 2.22E-01 1.33E-03 1.91E+00 5.59E-03 1.38E-01 0.00E+00 0.00E+00 3.824E+00
1.110E-05 2.81E-01 1.81E-01 6.10E-01 4.81E-01 2.54E-01 1.74E-03 2.08E+00 6.38E-03 1.63E-01 0.00E+00 0.00E+00 4.054E+00
1.080E-05 2.80E-01 1.81E-01 6.12E-01 4.83E-01 3.43E-01 2.32E-03 2.28E+00 7.36E-03 1.96E-01 0.00E+00 0.00E+00 4.381E+00
1.050E-05 2.78E-01 1.80E-01 6.14E-01 4.85E-01 4.57E-01 3.01E-03 2.53E+00 8.61E-03 2.41E-01 0.00E+00 0.00E+00 4.794E+00
1.030E-05 2.76E-01 1.80E-01 6.14E-01 4.86E-01 5.46E-01 3.44E-03 2.76E+00 9.59E-03 2.80E-01 0.00E+00 0.00E+00 5.159E+00
1.000E-05 2.74E-01 1.79E-01 6.15E-01 4.88E-01 6.69E-01 4.20E-03 3.10E+00 1.10E-02 3.54E-01 0.00E+00 0.00E+00 5.695E+00
9.750E-06 2.71E-01 1.78E-01 6.16E-01 4.90E-01 8.13E-01 5.22E-03 3.37E+00 1.22E-02 4.28E-01 0.00E+00 0.00E+00 6.185E+00
9.500E-06 2.69E-01 1.78E-01 6.16E-01 4.92E-01 9.78E-01 6.17E-03 3.66E+00 1.36E-02 5.03E-01 0.00E+00 0.00E+00 6.717E+00
9.250E-06 2.66E-01 1.77E-01 6.15E-01 4.93E-01 1.10E+00 6.90E-03 3.96E+00 1.50E-02 5.59E-01 0.00E+00 0.00E+00 7.195E+00
9.080E-06 2.64E-01 1.76E-01 6.13E-01 4.93E-01 1.18E+00 7.41E-03 4.13E+00 1.57E-02 5.72E-01 0.00E+00 0.00E+00 7.449E+00
