 # Optical depth (Siebenmorgen 2023, A&A 670A,115; SC 2023 doi: 10.48550/arXiv.2311.03310)
 # wel(cm) sa_aC    ss_aC    sa_Si    ss_Si    sa_vgr   ss_vgr   sa_vsi   ss_vsi   s_pahS+B sa_Dark  ss_Dark sigt 
 # ------------------------------------------------------------------------------------------------------------- 
1.000E+00 9.98E-08 6.23E-17 3.25E-07 6.63E-17 8.07E-09 7.49E-23 9.69E-08 1.61E-22 6.04E-12 1.14E-05 2.77E-12 1.193E-05
9.000E-01 1.17E-07 9.49E-17 3.84E-07 1.01E-16 1.03E-08 1.14E-22 1.15E-07 2.45E-22 7.46E-12 1.33E-05 4.21E-12 1.390E-05
8.000E-01 1.40E-07 1.52E-16 4.63E-07 1.62E-16 1.34E-08 1.83E-22 1.40E-07 3.92E-22 9.44E-12 1.58E-05 6.74E-12 1.651E-05
7.000E-01 1.71E-07 2.59E-16 5.72E-07 2.76E-16 1.80E-08 3.12E-22 1.73E-07 6.69E-22 1.23E-11 1.91E-05 1.15E-11 2.006E-05
6.000E-01 2.16E-07 4.80E-16 7.31E-07 5.12E-16 2.50E-08 5.78E-22 2.22E-07 1.24E-21 1.68E-11 2.40E-05 2.13E-11 2.517E-05
5.500E-01 2.47E-07 6.80E-16 8.39E-07 7.25E-16 2.99E-08 8.19E-22 2.56E-07 1.75E-21 2.00E-11 2.73E-05 3.01E-11 2.862E-05
5.000E-01 2.87E-07 9.95E-16 9.78E-07 1.06E-15 3.63E-08 1.20E-21 2.97E-07 2.57E-21 2.42E-11 3.14E-05 4.40E-11 3.295E-05
4.500E-01 3.38E-07 1.52E-15 1.16E-06 1.62E-15 4.47E-08 1.83E-21 3.54E-07 3.91E-21 2.98E-11 3.67E-05 6.70E-11 3.856E-05
4.000E-01 4.06E-07 2.43E-15 1.40E-06 2.59E-15 5.60E-08 2.93E-21 4.25E-07 6.26E-21 3.77E-11 4.37E-05 1.07E-10 4.596E-05
3.500E-01 5.01E-07 4.14E-15 1.73E-06 4.42E-15 7.17E-08 4.99E-21 5.32E-07 1.07E-20 4.93E-11 5.34E-05 1.83E-10 5.621E-05
3.000E-01 6.40E-07 7.66E-15 2.22E-06 8.19E-15 9.44E-08 9.25E-21 6.75E-07 1.98E-20 6.71E-11 6.73E-05 3.38E-10 7.090E-05
2.500E-01 8.57E-07 1.59E-14 2.99E-06 1.70E-14 1.29E-07 1.92E-20 9.07E-07 4.10E-20 9.66E-11 8.87E-05 6.99E-10 9.361E-05
2.098E-01 1.14E-06 3.20E-14 3.97E-06 3.42E-14 1.71E-07 3.87E-20 1.21E-06 8.26E-20 1.37E-10 1.16E-04 1.41E-09 1.226E-04
1.500E-01 1.98E-06 1.22E-13 6.87E-06 1.31E-13 3.27E-07 1.48E-19 2.06E-06 3.16E-19 2.68E-10 1.95E-04 5.35E-09 2.067E-04
1.382E-01 2.27E-06 1.70E-13 7.86E-06 1.82E-13 3.85E-07 2.05E-19 2.37E-06 4.38E-19 3.16E-10 2.22E-04 7.42E-09 2.353E-04
1.320E-01 2.45E-06 2.04E-13 8.48E-06 2.18E-13 4.22E-07 2.47E-19 2.55E-06 5.26E-19 3.47E-10 2.39E-04 8.91E-09 2.530E-04
1.150E-01 3.10E-06 3.54E-13 1.06E-05 3.79E-13 5.53E-07 4.28E-19 3.18E-06 9.13E-19 4.57E-10 2.98E-04 1.54E-08 3.152E-04
1.000E-01 3.94E-06 6.19E-13 1.34E-05 6.63E-13 7.26E-07 7.49E-19 3.97E-06 1.60E-18 6.04E-10 3.73E-04 2.69E-08 3.949E-04
9.970E-02 3.97E-06 6.26E-13 1.34E-05 6.71E-13 7.31E-07 7.58E-19 3.99E-06 1.62E-18 6.08E-10 3.75E-04 2.73E-08 3.968E-04
8.670E-02 4.99E-06 1.09E-12 1.70E-05 1.17E-12 9.66E-07 1.32E-18 5.01E-06 2.82E-18 8.04E-10 4.66E-04 4.76E-08 4.942E-04
8.500E-02 5.17E-06 1.19E-12 1.75E-05 1.27E-12 1.00E-06 1.43E-18 5.17E-06 3.06E-18 8.36E-10 4.82E-04 5.15E-08 5.112E-04
7.500E-02 6.56E-06 1.96E-12 2.16E-05 2.10E-12 1.28E-06 2.37E-18 6.31E-06 5.04E-18 1.07E-09 6.03E-04 8.48E-08 6.384E-04
6.000E-02 9.66E-06 4.77E-12 3.11E-05 5.15E-12 1.96E-06 5.77E-18 9.16E-06 1.23E-17 1.68E-09 8.58E-04 2.06E-07 9.100E-04
5.500E-02 1.12E-05 6.76E-12 3.48E-05 7.33E-12 2.31E-06 8.18E-18 1.07E-05 1.74E-17 2.00E-09 9.91E-04 2.92E-07 1.050E-03
5.000E-02 1.33E-05 9.91E-12 4.31E-05 1.08E-11 2.76E-06 1.20E-17 1.27E-05 2.55E-17 2.42E-09 1.18E-03 4.27E-07 1.247E-03
4.500E-02 1.64E-05 1.51E-11 5.72E-05 1.66E-11 3.37E-06 1.82E-17 1.56E-05 3.90E-17 2.98E-09 1.44E-03 6.51E-07 1.529E-03
4.000E-02 2.11E-05 2.42E-11 7.63E-05 2.68E-11 4.19E-06 2.92E-17 1.97E-05 6.25E-17 3.78E-09 1.81E-03 1.04E-06 1.928E-03
3.500E-02 2.64E-05 4.14E-11 1.16E-04 4.62E-11 5.38E-06 4.98E-17 2.60E-05 1.07E-16 4.94E-09 2.23E-03 1.77E-06 2.405E-03
3.000E-02 3.73E-05 7.69E-11 1.81E-04 8.59E-11 7.17E-06 9.24E-17 3.65E-05 1.98E-16 6.72E-09 3.06E-03 3.27E-06 3.327E-03
2.750E-02 4.45E-05 1.09E-10 2.28E-04 1.22E-10 8.45E-06 1.31E-16 4.46E-05 2.81E-16 8.00E-09 3.58E-03 4.62E-06 3.912E-03
2.500E-02 5.36E-05 1.60E-10 2.90E-04 1.78E-10 1.01E-05 1.92E-16 5.59E-05 4.11E-16 9.69E-09 4.29E-03 6.76E-06 4.706E-03
2.400E-02 5.88E-05 1.89E-10 3.21E-04 2.10E-10 1.09E-05 2.26E-16 6.10E-05 4.84E-16 1.05E-08 4.62E-03 7.94E-06 5.076E-03
2.000E-02 8.61E-05 3.94E-10 5.00E-04 4.27E-10 1.54E-05 4.69E-16 8.84E-05 1.00E-15 1.52E-08 6.51E-03 1.64E-05 7.217E-03
1.800E-02 1.07E-04 6.05E-10 6.21E-04 6.41E-10 1.90E-05 7.15E-16 1.10E-04 1.53E-15 1.87E-08 8.00E-03 2.50E-05 8.885E-03
1.600E-02 1.42E-04 9.76E-10 7.72E-04 1.01E-09 2.40E-05 1.15E-15 1.40E-04 2.45E-15 2.37E-08 1.01E-02 3.98E-05 1.122E-02
1.500E-02 1.70E-04 1.27E-09 8.66E-04 1.29E-09 2.74E-05 1.49E-15 1.59E-04 3.18E-15 2.70E-08 1.15E-02 5.12E-05 1.276E-02
1.400E-02 1.93E-04 1.67E-09 9.71E-04 1.67E-09 3.16E-05 1.96E-15 1.83E-04 4.19E-15 3.11E-08 1.28E-02 6.74E-05 1.426E-02
1.200E-02 2.95E-04 3.14E-09 1.24E-03 3.00E-09 4.40E-05 3.65E-15 2.52E-04 7.76E-15 4.24E-08 1.74E-02 1.23E-04 1.930E-02
1.000E-02 4.47E-04 6.59E-09 1.63E-03 5.94E-09 6.65E-05 7.63E-15 3.67E-04 1.61E-14 6.13E-08 2.39E-02 2.53E-04 2.672E-02
9.000E-03 5.95E-04 1.02E-08 1.86E-03 8.81E-09 8.55E-05 1.17E-14 4.58E-04 2.46E-14 7.60E-08 2.94E-02 3.82E-04 3.274E-02
8.000E-03 7.90E-04 1.60E-08 2.16E-03 1.39E-08 1.14E-04 1.89E-14 5.88E-04 3.94E-14 9.67E-08 3.52E-02 6.00E-04 3.942E-02
7.500E-03 9.24E-04 2.10E-08 2.39E-03 1.80E-08 1.35E-04 2.46E-14 6.74E-04 5.11E-14 1.10E-07 4.00E-02 7.76E-04 4.489E-02
7.000E-03 1.12E-03 2.75E-08 2.68E-03 2.35E-08 1.62E-04 3.26E-14 7.81E-04 6.73E-14 1.27E-07 4.52E-02 1.01E-03 5.097E-02
6.000E-03 1.60E-03 4.98E-08 3.44E-03 4.29E-08 2.49E-04 6.13E-14 1.09E-03 1.25E-13 1.76E-07 5.93E-02 1.84E-03 6.748E-02
5.000E-03 2.28E-03 9.75E-08 4.89E-03 8.73E-08 4.37E-04 1.30E-13 1.60E-03 2.57E-13 2.59E-07 8.07E-02 3.72E-03 9.360E-02
4.500E-03 2.81E-03 1.42E-07 5.98E-03 1.30E-07 6.18E-04 2.01E-13 2.00E-03 3.90E-13 3.25E-07 9.71E-02 5.55E-03 1.141E-01
4.000E-03 3.35E-03 2.10E-07 7.46E-03 1.95E-07 9.05E-04 3.20E-13 2.56E-03 6.18E-13 4.24E-07 1.18E-01 8.66E-03 1.410E-01
3.500E-03 4.05E-03 3.33E-07 9.21E-03 3.08E-07 1.26E-03 5.11E-13 3.33E-03 1.04E-12 5.83E-07 1.48E-01 1.43E-02 1.802E-01
3.000E-03 4.99E-03 5.50E-07 1.13E-02 4.95E-07 1.33E-03 8.00E-13 4.56E-03 1.90E-12 8.83E-07 1.92E-01 2.48E-02 2.390E-01
2.750E-03 5.47E-03 7.21E-07 1.24E-02 6.38E-07 1.14E-03 1.03E-12 5.47E-03 2.65E-12 1.19E-06 2.20E-01 3.30E-02 2.773E-01
2.500E-03 5.91E-03 9.62E-07 1.36E-02 8.35E-07 9.01E-04 1.42E-12 6.72E-03 3.82E-12 1.95E-06 2.52E-01 4.41E-02 3.233E-01
2.400E-03 6.13E-03 1.10E-06 1.41E-02 9.37E-07 8.08E-04 1.65E-12 7.32E-03 4.43E-12 2.72E-06 2.66E-01 4.94E-02 3.441E-01
2.350E-03 6.26E-03 1.17E-06 1.43E-02 9.95E-07 7.64E-04 1.78E-12 7.67E-03 4.78E-12 3.21E-06 2.74E-01 5.22E-02 3.552E-01
2.320E-03 6.33E-03 1.22E-06 1.45E-02 1.03E-06 7.39E-04 1.87E-12 7.87E-03 5.01E-12 3.45E-06 2.78E-01 5.39E-02 3.617E-01
2.310E-03 6.35E-03 1.24E-06 1.46E-02 1.04E-06 7.31E-04 1.90E-12 7.94E-03 5.09E-12 3.51E-06 2.80E-01 5.45E-02 3.639E-01
2.300E-03 6.38E-03 1.25E-06 1.46E-02 1.06E-06 7.22E-04 1.93E-12 8.01E-03 5.17E-12 3.56E-06 2.81E-01 5.51E-02 3.660E-01
2.250E-03 6.49E-03 1.34E-06 1.49E-02 1.13E-06 6.83E-04 2.11E-12 8.42E-03 5.62E-12 3.71E-06 2.89E-01 5.82E-02 3.778E-01
2.200E-03 6.59E-03 1.44E-06 1.53E-02 1.20E-06 6.47E-04 2.30E-12 8.89E-03 6.08E-12 3.89E-06 2.97E-01 6.11E-02 3.893E-01
2.150E-03 6.72E-03 1.54E-06 1.57E-02 1.28E-06 6.13E-04 2.52E-12 9.33E-03 6.57E-12 4.25E-06 3.04E-01 6.41E-02 4.006E-01
2.120E-03 6.81E-03 1.61E-06 1.59E-02 1.32E-06 5.94E-04 2.67E-12 9.63E-03 6.89E-12 4.43E-06 3.09E-01 6.59E-02 4.076E-01
2.110E-03 6.84E-03 1.63E-06 1.60E-02 1.33E-06 5.88E-04 2.72E-12 9.73E-03 7.00E-12 4.46E-06 3.10E-01 6.65E-02 4.098E-01
2.100E-03 6.86E-03 1.65E-06 1.61E-02 1.35E-06 5.82E-04 2.77E-12 9.84E-03 7.12E-12 4.47E-06 3.12E-01 6.70E-02 4.120E-01
2.080E-03 6.89E-03 1.70E-06 1.62E-02 1.37E-06 5.71E-04 2.88E-12 1.01E-02 7.34E-12 4.44E-06 3.14E-01 6.80E-02 4.159E-01
2.000E-03 6.99E-03 1.92E-06 1.67E-02 1.49E-06 5.29E-04 3.37E-12 1.10E-02 8.34E-12 4.23E-06 3.25E-01 7.27E-02 4.331E-01
1.950E-03 7.10E-03 2.08E-06 1.70E-02 1.54E-06 5.07E-04 3.74E-12 1.17E-02 8.83E-12 4.56E-06 3.30E-01 7.44E-02 4.408E-01
1.900E-03 7.24E-03 2.27E-06 1.70E-02 1.58E-06 4.86E-04 4.15E-12 1.22E-02 9.24E-12 5.49E-06 3.34E-01 7.59E-02 4.463E-01
1.850E-03 7.39E-03 2.48E-06 1.69E-02 1.60E-06 4.68E-04 4.63E-12 1.24E-02 9.49E-12 7.06E-06 3.34E-01 7.67E-02 4.477E-01
1.830E-03 7.47E-03 2.57E-06 1.68E-02 1.60E-06 4.62E-04 4.84E-12 1.25E-02 9.54E-12 7.61E-06 3.33E-01 7.69E-02 4.472E-01
1.820E-03 7.49E-03 2.61E-06 1.68E-02 1.60E-06 4.58E-04 4.95E-12 1.25E-02 9.56E-12 7.80E-06 3.32E-01 7.69E-02 4.466E-01
1.810E-03 7.52E-03 2.66E-06 1.67E-02 1.59E-06 4.56E-04 5.06E-12 1.24E-02 9.58E-12 7.91E-06 3.32E-01 7.71E-02 4.460E-01
1.800E-03 7.55E-03 2.71E-06 1.66E-02 1.59E-06 4.53E-04 5.18E-12 1.24E-02 9.60E-12 7.97E-06 3.31E-01 7.73E-02 4.455E-01
1.750E-03 7.73E-03 2.96E-06 1.59E-02 1.55E-06 4.39E-04 5.81E-12 1.21E-02 9.65E-12 8.15E-06 3.26E-01 7.83E-02 4.408E-01
1.700E-03 7.82E-03 3.24E-06 1.47E-02 1.49E-06 4.29E-04 6.54E-12 1.15E-02 9.72E-12 9.95E-06 3.20E-01 8.01E-02 4.340E-01
1.670E-03 7.94E-03 3.45E-06 1.38E-02 1.45E-06 4.24E-04 7.03E-12 1.11E-02 9.83E-12 1.17E-05 3.16E-01 8.19E-02 4.311E-01
1.650E-03 8.04E-03 3.60E-06 1.31E-02 1.42E-06 4.21E-04 7.38E-12 1.07E-02 9.94E-12 1.23E-05 3.14E-01 8.33E-02 4.294E-01
1.640E-03 8.09E-03 3.67E-06 1.27E-02 1.41E-06 4.20E-04 7.57E-12 1.06E-02 1.00E-11 1.23E-05 3.12E-01 8.40E-02 4.282E-01
1.630E-03 8.13E-03 3.75E-06 1.23E-02 1.41E-06 4.18E-04 7.76E-12 1.04E-02 1.01E-11 1.21E-05 3.11E-01 8.47E-02 4.272E-01
1.610E-03 8.21E-03 3.90E-06 1.14E-02 1.40E-06 4.16E-04 8.16E-12 1.00E-02 1.03E-11 1.13E-05 3.09E-01 8.67E-02 4.257E-01
1.600E-03 8.25E-03 3.98E-06 1.10E-02 1.41E-06 4.15E-04 8.37E-12 9.85E-03 1.05E-11 1.09E-05 3.08E-01 8.79E-02 4.252E-01
1.590E-03 8.30E-03 4.06E-06 1.05E-02 1.42E-06 4.14E-04 8.59E-12 9.67E-03 1.06E-11 1.07E-05 3.07E-01 8.90E-02 4.246E-01
1.580E-03 8.34E-03 4.14E-06 1.01E-02 1.44E-06 4.14E-04 8.81E-12 9.50E-03 1.08E-11 1.05E-05 3.06E-01 9.02E-02 4.244E-01
1.570E-03 8.37E-03 4.22E-06 9.63E-03 1.46E-06 4.13E-04 9.04E-12 9.32E-03 1.10E-11 1.03E-05 3.05E-01 9.16E-02 4.241E-01
1.560E-03 8.41E-03 4.32E-06 9.21E-03 1.50E-06 4.13E-04 9.28E-12 9.15E-03 1.12E-11 1.01E-05 3.04E-01 9.31E-02 4.244E-01
1.540E-03 8.54E-03 4.50E-06 8.44E-03 1.61E-06 4.12E-04 9.78E-12 8.81E-03 1.18E-11 9.90E-06 3.03E-01 9.62E-02 4.255E-01
1.520E-03 8.61E-03 4.67E-06 7.85E-03 1.77E-06 4.11E-04 1.03E-11 8.49E-03 1.24E-11 1.04E-05 3.02E-01 9.98E-02 4.269E-01
1.510E-03 8.64E-03 4.76E-06 7.63E-03 1.86E-06 4.11E-04 1.06E-11 8.33E-03 1.28E-11 1.08E-05 3.01E-01 1.02E-01 4.279E-01
1.500E-03 8.66E-03 4.85E-06 7.45E-03 1.96E-06 4.11E-04 1.09E-11 8.19E-03 1.32E-11 1.09E-05 3.01E-01 1.04E-01 4.293E-01
1.450E-03 8.80E-03 5.42E-06 7.11E-03 2.55E-06 4.14E-04 1.25E-11 7.54E-03 1.60E-11 1.38E-05 3.02E-01 1.18E-01 4.443E-01
1.440E-03 8.85E-03 5.54E-06 7.11E-03 2.67E-06 4.15E-04 1.29E-11 7.43E-03 1.67E-11 1.52E-05 3.03E-01 1.21E-01 4.485E-01
1.430E-03 8.89E-03 5.67E-06 7.10E-03 2.80E-06 4.16E-04 1.32E-11 7.40E-03 1.75E-11 1.65E-05 3.06E-01 1.25E-01 4.544E-01
1.420E-03 8.93E-03 5.80E-06 7.09E-03 2.93E-06 4.17E-04 1.36E-11 7.37E-03 1.85E-11 1.71E-05 3.08E-01 1.29E-01 4.605E-01
1.400E-03 9.02E-03 6.08E-06 7.10E-03 3.22E-06 4.19E-04 1.44E-11 7.43E-03 2.05E-11 1.87E-05 3.14E-01 1.37E-01 4.749E-01
1.380E-03 9.12E-03 6.37E-06 7.10E-03 3.52E-06 4.22E-04 1.53E-11 7.64E-03 2.29E-11 2.36E-05 3.22E-01 1.45E-01 4.912E-01
1.370E-03 9.16E-03 6.52E-06 7.12E-03 3.69E-06 4.24E-04 1.57E-11 7.85E-03 2.42E-11 2.81E-05 3.26E-01 1.49E-01 5.002E-01
1.360E-03 9.21E-03 6.69E-06 7.12E-03 3.86E-06 4.25E-04 1.62E-11 8.08E-03 2.56E-11 3.25E-05 3.32E-01 1.53E-01 5.094E-01
1.350E-03 9.27E-03 6.86E-06 7.15E-03 4.05E-06 4.27E-04 1.67E-11 8.32E-03 2.70E-11 3.48E-05 3.37E-01 1.57E-01 5.186E-01
1.340E-03 9.34E-03 7.03E-06 7.17E-03 4.24E-06 4.29E-04 1.72E-11 8.60E-03 2.84E-11 3.77E-05 3.42E-01 1.60E-01 5.272E-01
1.330E-03 9.39E-03 7.19E-06 7.22E-03 4.45E-06 4.31E-04 1.78E-11 8.90E-03 2.99E-11 4.37E-05 3.47E-01 1.63E-01 5.355E-01
1.320E-03 9.46E-03 7.37E-06 7.27E-03 4.68E-06 4.34E-04 1.83E-11 9.21E-03 3.14E-11 5.39E-05 3.52E-01 1.66E-01 5.439E-01
1.310E-03 9.50E-03 7.52E-06 7.33E-03 4.91E-06 4.36E-04 1.89E-11 9.54E-03 3.30E-11 7.06E-05 3.57E-01 1.68E-01 5.517E-01
1.290E-03 9.55E-03 7.86E-06 7.50E-03 5.43E-06 4.41E-04 2.01E-11 1.02E-02 3.64E-11 1.46E-04 3.66E-01 1.74E-01 5.674E-01
1.280E-03 9.57E-03 8.06E-06 7.60E-03 5.71E-06 4.44E-04 2.07E-11 1.07E-02 3.82E-11 2.14E-04 3.71E-01 1.76E-01 5.754E-01
1.270E-03 9.61E-03 8.27E-06 7.66E-03 6.02E-06 4.47E-04 2.14E-11 1.11E-02 4.01E-11 2.58E-04 3.76E-01 1.78E-01 5.834E-01
1.260E-03 9.66E-03 8.48E-06 7.76E-03 6.37E-06 4.50E-04 2.21E-11 1.16E-02 4.20E-11 2.23E-04 3.81E-01 1.80E-01 5.907E-01
1.250E-03 9.69E-03 8.70E-06 7.92E-03 6.76E-06 4.53E-04 2.28E-11 1.20E-02 4.39E-11 1.64E-04 3.86E-01 1.82E-01 5.976E-01
1.220E-03 9.89E-03 9.49E-06 9.00E-03 8.36E-06 4.63E-04 2.52E-11 1.35E-02 5.03E-11 1.28E-04 4.00E-01 1.87E-01 6.194E-01
1.210E-03 9.93E-03 9.72E-06 9.82E-03 9.00E-06 4.66E-04 2.60E-11 1.41E-02 5.26E-11 1.48E-04 4.04E-01 1.88E-01 6.264E-01
1.200E-03 9.96E-03 9.98E-06 1.08E-02 9.62E-06 4.70E-04 2.69E-11 1.47E-02 5.51E-11 1.63E-04 4.09E-01 1.89E-01 6.336E-01
1.190E-03 1.00E-02 1.03E-05 1.20E-02 1.02E-05 4.73E-04 2.79E-11 1.53E-02 5.77E-11 1.63E-04 4.14E-01 1.90E-01 6.412E-01
1.180E-03 1.01E-02 1.06E-05 1.31E-02 1.07E-05 4.77E-04 2.89E-11 1.60E-02 6.01E-11 1.62E-04 4.18E-01 1.90E-01 6.471E-01
1.170E-03 1.02E-02 1.09E-05 1.41E-02 1.10E-05 4.81E-04 2.99E-11 1.66E-02 6.27E-11 1.80E-04 4.21E-01 1.90E-01 6.531E-01
1.160E-03 1.03E-02 1.12E-05 1.51E-02 1.14E-05 4.87E-04 3.12E-11 1.73E-02 6.52E-11 2.32E-04 4.25E-01 1.90E-01 6.584E-01
1.150E-03 1.03E-02 1.14E-05 1.59E-02 1.17E-05 6.84E-04 3.08E-11 1.79E-02 6.79E-11 3.39E-04 4.28E-01 1.90E-01 6.634E-01
1.140E-03 1.03E-02 1.17E-05 1.66E-02 1.19E-05 5.08E-04 3.28E-11 1.86E-02 7.09E-11 5.10E-04 4.31E-01 1.91E-01 6.684E-01
1.130E-03 1.04E-02 1.20E-05 1.73E-02 1.22E-05 5.07E-04 3.41E-11 1.94E-02 7.41E-11 6.22E-04 4.35E-01 1.91E-01 6.737E-01
1.120E-03 1.04E-02 1.24E-05 1.78E-02 1.25E-05 5.10E-04 3.54E-11 2.02E-02 7.73E-11 5.01E-04 4.38E-01 1.91E-01 6.782E-01
1.110E-03 1.04E-02 1.27E-05 1.84E-02 1.28E-05 5.15E-04 3.67E-11 2.11E-02 8.07E-11 3.18E-04 4.41E-01 1.91E-01 6.824E-01
1.090E-03 1.05E-02 1.35E-05 1.95E-02 1.33E-05 5.25E-04 3.95E-11 2.29E-02 8.77E-11 1.32E-04 4.47E-01 1.90E-01 6.903E-01
1.050E-03 1.07E-02 1.54E-05 2.15E-02 1.44E-05 5.50E-04 4.60E-11 2.76E-02 1.04E-10 4.39E-05 4.58E-01 1.85E-01 7.036E-01
1.000E-03 1.11E-02 1.82E-05 2.35E-02 1.52E-05 5.86E-04 5.60E-11 3.20E-02 1.12E-10 2.22E-05 4.54E-01 1.71E-01 6.924E-01
9.800E-04 1.13E-02 1.95E-05 2.40E-02 1.52E-05 6.03E-04 6.07E-11 3.35E-02 1.15E-10 1.93E-05 4.52E-01 1.66E-01 6.874E-01
9.600E-04 1.15E-02 2.09E-05 2.39E-02 1.48E-05 6.20E-04 6.59E-11 3.51E-02 1.16E-10 1.79E-05 4.48E-01 1.58E-01 6.769E-01
9.500E-04 1.16E-02 2.16E-05 2.36E-02 1.45E-05 6.30E-04 6.87E-11 3.54E-02 1.13E-10 1.76E-05 4.43E-01 1.53E-01 6.674E-01
9.400E-04 1.17E-02 2.23E-05 2.32E-02 1.42E-05 6.40E-04 7.17E-11 3.53E-02 1.08E-10 1.77E-05 4.37E-01 1.47E-01 6.541E-01
9.200E-04 1.19E-02 2.38E-05 2.20E-02 1.36E-05 6.60E-04 7.82E-11 3.29E-02 9.02E-11 1.89E-05 4.17E-01 1.33E-01 6.178E-01
8.900E-04 1.22E-02 2.66E-05 1.95E-02 1.28E-05 6.94E-04 8.93E-11 2.60E-02 5.78E-11 2.75E-05 3.81E-01 1.17E-01 5.567E-01
8.700E-04 1.22E-02 2.84E-05 1.77E-02 1.25E-05 7.19E-04 9.78E-11 2.17E-02 4.29E-11 6.12E-05 3.59E-01 1.12E-01 5.241E-01
8.600E-04 1.24E-02 2.96E-05 1.68E-02 1.25E-05 7.32E-04 1.02E-10 1.99E-02 3.78E-11 9.22E-05 3.51E-01 1.12E-01 5.127E-01
8.500E-04 1.24E-02 3.06E-05 1.58E-02 1.25E-05 7.46E-04 1.07E-10 1.83E-02 3.37E-11 6.59E-05 3.43E-01 1.11E-01 5.015E-01
8.400E-04 1.26E-02 3.20E-05 1.47E-02 1.25E-05 7.60E-04 1.12E-10 1.67E-02 2.95E-11 4.73E-05 3.34E-01 1.11E-01 4.901E-01
8.200E-04 1.27E-02 3.41E-05 1.23E-02 1.28E-05 7.89E-04 1.24E-10 1.29E-02 2.12E-11 4.82E-05 3.12E-01 1.11E-01 4.616E-01
8.000E-04 1.28E-02 3.70E-05 9.92E-03 1.42E-05 8.21E-04 1.37E-10 8.82E-03 1.64E-11 7.04E-05 2.88E-01 1.19E-01 4.395E-01
7.900E-04 1.30E-02 3.86E-05 9.01E-03 1.52E-05 8.37E-04 1.44E-10 7.42E-03 1.76E-11 8.78E-05 2.82E-01 1.27E-01 4.398E-01
7.800E-04 1.30E-02 3.99E-05 8.26E-03 1.65E-05 8.54E-04 1.51E-10 6.03E-03 1.99E-11 1.05E-04 2.75E-01 1.37E-01 4.399E-01
7.700E-04 1.31E-02 4.15E-05 7.62E-03 1.78E-05 8.71E-04 1.59E-10 4.96E-03 2.37E-11 1.13E-04 2.69E-01 1.48E-01 4.444E-01
7.600E-04 1.31E-02 4.31E-05 7.07E-03 1.94E-05 8.89E-04 1.68E-10 4.21E-03 2.90E-11 1.05E-04 2.67E-01 1.61E-01 4.530E-01
7.500E-04 1.31E-02 4.49E-05 6.59E-03 2.10E-05 9.07E-04 1.77E-10 3.54E-03 3.52E-11 8.66E-05 2.64E-01 1.74E-01 4.632E-01
7.300E-04 1.33E-02 4.92E-05 5.83E-03 2.48E-05 9.47E-04 1.97E-10 2.97E-03 5.02E-11 5.39E-05 2.67E-01 2.01E-01 4.916E-01
7.200E-04 1.33E-02 5.12E-05 5.60E-03 2.70E-05 9.68E-04 2.08E-10 2.87E-03 5.81E-11 4.49E-05 2.69E-01 2.12E-01 5.044E-01
7.100E-04 1.34E-02 5.36E-05 5.44E-03 2.92E-05 9.90E-04 2.20E-10 2.78E-03 6.68E-11 4.40E-05 2.71E-01 2.25E-01 5.188E-01
7.000E-04 1.35E-02 5.63E-05 5.30E-03 3.15E-05 1.01E-03 2.33E-10 2.75E-03 7.57E-11 6.11E-05 2.74E-01 2.36E-01 5.328E-01
6.900E-04 1.36E-02 5.84E-05 5.09E-03 3.39E-05 1.04E-03 2.46E-10 2.74E-03 8.53E-11 3.58E-05 2.76E-01 2.46E-01 5.444E-01
6.800E-04 1.34E-02 6.07E-05 4.82E-03 3.64E-05 1.06E-03 2.61E-10 2.74E-03 9.49E-11 2.78E-05 2.76E-01 2.58E-01 5.556E-01
6.600E-04 1.34E-02 6.83E-05 4.34E-03 4.23E-05 1.11E-03 2.94E-10 2.74E-03 1.17E-10 2.65E-05 2.81E-01 2.82E-01 5.853E-01
6.400E-04 1.38E-02 7.72E-05 3.76E-03 4.93E-05 1.17E-03 3.32E-10 2.73E-03 1.41E-10 4.04E-05 2.89E-01 3.03E-01 6.135E-01
6.300E-04 1.41E-02 8.14E-05 3.51E-03 5.36E-05 1.18E-03 3.54E-10 2.72E-03 1.55E-10 6.34E-05 2.93E-01 3.11E-01 6.252E-01
6.200E-04 1.42E-02 8.54E-05 3.45E-03 5.83E-05 1.23E-03 3.77E-10 2.71E-03 1.70E-10 8.63E-05 2.94E-01 3.20E-01 6.366E-01
6.100E-04 1.43E-02 9.04E-05 3.44E-03 6.27E-05 1.27E-03 4.02E-10 2.69E-03 1.86E-10 6.24E-05 2.97E-01 3.30E-01 6.491E-01
5.900E-04 1.49E-02 1.02E-04 2.82E-03 7.31E-05 1.34E-03 4.59E-10 2.65E-03 2.23E-10 2.78E-05 3.04E-01 3.47E-01 6.731E-01
5.500E-04 1.44E-02 1.22E-04 2.09E-03 1.03E-04 1.50E-03 6.06E-10 2.61E-03 3.19E-10 2.32E-05 3.02E-01 3.95E-01 7.172E-01
5.300E-04 1.46E-02 1.41E-04 1.87E-03 1.22E-04 1.59E-03 7.02E-10 2.62E-03 3.82E-10 3.70E-05 3.06E-01 4.18E-01 7.455E-01
5.200E-04 1.46E-02 1.50E-04 1.76E-03 1.34E-04 1.64E-03 7.56E-10 2.63E-03 4.19E-10 5.89E-05 3.08E-01 4.30E-01 7.590E-01
5.100E-04 1.47E-02 1.62E-04 1.64E-03 1.46E-04 1.70E-03 8.17E-10 2.64E-03 4.60E-10 8.16E-05 3.11E-01 4.41E-01 7.729E-01
5.000E-04 1.49E-02 1.74E-04 1.52E-03 1.62E-04 1.75E-03 8.83E-10 2.65E-03 5.05E-10 5.86E-05 3.14E-01 4.51E-01 7.859E-01
4.800E-04 1.51E-02 2.01E-04 1.35E-03 1.95E-04 1.86E-03 1.04E-09 2.70E-03 6.09E-10 2.71E-05 3.18E-01 4.72E-01 8.115E-01
4.500E-04 1.56E-02 2.52E-04 1.13E-03 2.59E-04 2.07E-03 1.34E-09 2.79E-03 8.14E-10 2.06E-05 3.26E-01 4.98E-01 8.461E-01
4.000E-04 1.63E-02 3.85E-04 8.39E-04 4.32E-04 2.49E-03 2.13E-09 3.01E-03 1.36E-09 2.29E-05 3.37E-01 5.39E-01 8.997E-01
3.800E-04 1.67E-02 4.65E-04 7.41E-04 5.37E-04 2.70E-03 2.61E-09 3.10E-03 1.69E-09 2.57E-05 3.42E-01 5.52E-01 9.176E-01
3.600E-04 1.71E-02 5.69E-04 6.51E-04 6.75E-04 2.94E-03 3.23E-09 3.20E-03 2.13E-09 3.14E-05 3.47E-01 5.61E-01 9.329E-01
3.400E-04 1.79E-02 6.98E-04 5.73E-04 8.58E-04 3.21E-03 4.04E-09 3.32E-03 2.70E-09 6.49E-05 3.54E-01 5.64E-01 9.445E-01
3.300E-04 1.79E-02 7.71E-04 5.37E-04 9.72E-04 3.37E-03 4.55E-09 3.38E-03 3.06E-09 1.72E-04 3.54E-01 5.69E-01 9.501E-01
3.200E-04 1.80E-02 8.67E-04 5.00E-04 1.11E-03 3.53E-03 5.13E-09 3.43E-03 3.48E-09 6.69E-05 3.55E-01 5.73E-01 9.553E-01
3.150E-04 1.82E-02 9.21E-04 4.85E-04 1.18E-03 3.62E-03 5.46E-09 3.46E-03 3.71E-09 5.09E-05 3.56E-01 5.73E-01 9.576E-01
3.100E-04 1.84E-02 9.78E-04 4.69E-04 1.26E-03 3.71E-03 5.82E-09 3.49E-03 3.97E-09 4.47E-05 3.58E-01 5.73E-01 9.597E-01
3.080E-04 1.84E-02 1.00E-03 4.62E-04 1.29E-03 3.75E-03 5.97E-09 3.50E-03 4.07E-09 4.34E-05 3.58E-01 5.74E-01 9.605E-01
3.050E-04 1.85E-02 1.04E-03 4.52E-04 1.35E-03 3.81E-03 6.20E-09 3.52E-03 4.24E-09 4.22E-05 3.59E-01 5.74E-01 9.618E-01
3.000E-04 1.86E-02 1.10E-03 4.38E-04 1.44E-03 3.91E-03 6.62E-09 3.56E-03 4.54E-09 4.13E-05 3.60E-01 5.75E-01 9.639E-01
2.900E-04 1.90E-02 1.25E-03 4.08E-04 1.66E-03 4.13E-03 7.56E-09 3.63E-03 5.22E-09 4.19E-05 3.62E-01 5.75E-01 9.674E-01
2.800E-04 1.92E-02 1.42E-03 3.81E-04 1.92E-03 4.36E-03 8.68E-09 3.71E-03 6.03E-09 4.38E-05 3.63E-01 5.77E-01 9.710E-01
2.600E-04 1.98E-02 1.88E-03 3.31E-04 2.60E-03 4.89E-03 1.16E-08 3.90E-03 8.16E-09 5.01E-05 3.67E-01 5.79E-01 9.792E-01
2.500E-04 2.03E-02 2.18E-03 3.08E-04 3.05E-03 5.20E-03 1.35E-08 4.00E-03 9.58E-09 5.42E-05 3.69E-01 5.80E-01 9.840E-01
2.200E-04 2.23E-02 3.56E-03 2.49E-04 5.12E-03 6.31E-03 2.23E-08 4.38E-03 1.61E-08 7.16E-05 3.77E-01 5.85E-01 1.003E+00
2.159E-04 2.26E-02 3.81E-03 2.42E-04 5.52E-03 6.50E-03 2.41E-08 4.44E-03 1.74E-08 7.48E-05 3.77E-01 5.86E-01 1.006E+00
2.000E-04 2.40E-02 5.10E-03 2.18E-04 7.49E-03 7.31E-03 3.25E-08 4.70E-03 2.37E-08 8.95E-05 3.81E-01 5.90E-01 1.020E+00
1.662E-04 2.80E-02 1.00E-02 1.76E-04 1.55E-02 9.72E-03 6.70E-08 5.45E-03 4.98E-08 1.42E-04 3.88E-01 5.90E-01 1.047E+00
1.650E-04 2.82E-02 1.03E-02 1.74E-04 1.59E-02 9.83E-03 6.89E-08 5.48E-03 5.13E-08 1.45E-04 3.88E-01 5.90E-01 1.048E+00
1.250E-04 3.77E-02 2.59E-02 1.61E-04 4.42E-02 1.51E-02 2.04E-07 6.96E-03 1.56E-07 3.05E-04 3.97E-01 5.79E-01 1.107E+00
1.235E-04 3.83E-02 2.69E-02 1.59E-04 4.60E-02 1.54E-02 2.14E-07 7.03E-03 1.64E-07 3.15E-04 3.98E-01 5.78E-01 1.110E+00
1.130E-04 4.30E-02 3.49E-02 1.67E-04 6.19E-02 1.77E-02 3.03E-07 7.64E-03 2.34E-07 4.01E-04 4.01E-01 5.72E-01 1.139E+00
1.000E-04 5.15E-02 4.90E-02 1.88E-04 9.15E-02 2.16E-02 4.89E-07 8.57E-03 3.81E-07 5.54E-04 4.06E-01 5.60E-01 1.190E+00
9.500E-05 5.56E-02 5.57E-02 1.91E-04 1.07E-01 2.35E-02 5.96E-07 9.00E-03 4.68E-07 6.33E-04 4.09E-01 5.55E-01 1.216E+00
9.300E-05 5.74E-02 5.86E-02 1.96E-04 1.15E-01 2.43E-02 6.48E-07 9.18E-03 5.10E-07 6.69E-04 4.09E-01 5.53E-01 1.227E+00
9.200E-05 5.83E-02 6.01E-02 1.98E-04 1.19E-01 2.47E-02 6.76E-07 9.27E-03 5.32E-07 6.88E-04 4.10E-01 5.52E-01 1.234E+00
9.100E-05 5.92E-02 6.16E-02 2.04E-04 1.23E-01 2.51E-02 7.05E-07 9.37E-03 5.56E-07 7.07E-04 4.10E-01 5.51E-01 1.240E+00
9.000E-05 6.00E-02 6.31E-02 2.06E-04 1.27E-01 2.56E-02 7.36E-07 9.47E-03 5.81E-07 7.28E-04 4.10E-01 5.50E-01 1.246E+00
8.900E-05 6.09E-02 6.47E-02 2.11E-04 1.32E-01 2.60E-02 7.69E-07 9.57E-03 6.08E-07 7.49E-04 4.11E-01 5.49E-01 1.253E+00
8.800E-05 6.18E-02 6.63E-02 2.12E-04 1.36E-01 2.65E-02 8.03E-07 9.67E-03 6.36E-07 7.70E-04 4.11E-01 5.48E-01 1.260E+00
8.700E-05 6.28E-02 6.80E-02 2.19E-04 1.41E-01 2.70E-02 8.40E-07 9.78E-03 6.65E-07 7.93E-04 4.11E-01 5.46E-01 1.267E+00
8.600E-05 6.37E-02 6.97E-02 2.21E-04 1.46E-01 2.75E-02 8.78E-07 9.89E-03 6.97E-07 8.16E-04 4.11E-01 5.45E-01 1.275E+00
8.500E-05 6.46E-02 7.14E-02 2.26E-04 1.52E-01 2.80E-02 9.19E-07 9.99E-03 7.30E-07 8.41E-04 4.12E-01 5.44E-01 1.283E+00
8.400E-05 6.56E-02 7.32E-02 2.29E-04 1.57E-01 2.86E-02 9.62E-07 1.01E-02 7.66E-07 8.66E-04 4.12E-01 5.43E-01 1.291E+00
8.330E-05 6.63E-02 7.45E-02 2.33E-04 1.61E-01 2.89E-02 9.93E-07 1.02E-02 7.92E-07 8.84E-04 4.12E-01 5.42E-01 1.296E+00
8.200E-05 6.76E-02 7.70E-02 2.37E-04 1.69E-01 2.97E-02 1.06E-06 1.03E-02 8.43E-07 9.20E-04 4.12E-01 5.40E-01 1.308E+00
8.100E-05 6.87E-02 7.89E-02 2.43E-04 1.76E-01 3.02E-02 1.11E-06 1.05E-02 8.86E-07 9.48E-04 4.13E-01 5.39E-01 1.317E+00
8.000E-05 6.98E-02 8.08E-02 2.47E-04 1.82E-01 3.08E-02 1.16E-06 1.06E-02 9.31E-07 9.78E-04 4.13E-01 5.37E-01 1.326E+00
7.900E-05 7.10E-02 8.28E-02 2.52E-04 1.89E-01 3.14E-02 1.22E-06 1.07E-02 9.79E-07 1.01E-03 4.13E-01 5.36E-01 1.336E+00
7.800E-05 7.22E-02 8.48E-02 2.59E-04 1.97E-01 3.21E-02 1.28E-06 1.08E-02 1.03E-06 1.04E-03 4.14E-01 5.34E-01 1.346E+00
7.700E-05 7.35E-02 8.67E-02 2.65E-04 2.04E-01 3.27E-02 1.35E-06 1.10E-02 1.09E-06 1.07E-03 4.14E-01 5.33E-01 1.356E+00
7.600E-05 7.49E-02 8.87E-02 2.76E-04 2.12E-01 3.34E-02 1.42E-06 1.11E-02 1.14E-06 1.11E-03 4.15E-01 5.31E-01 1.367E+00
7.500E-05 7.63E-02 9.07E-02 2.84E-04 2.20E-01 3.41E-02 1.49E-06 1.12E-02 1.21E-06 1.15E-03 4.15E-01 5.29E-01 1.379E+00
7.400E-05 7.77E-02 9.26E-02 2.96E-04 2.29E-01 3.48E-02 1.57E-06 1.14E-02 1.27E-06 1.18E-03 4.16E-01 5.28E-01 1.390E+00
7.300E-05 7.92E-02 9.46E-02 3.10E-04 2.38E-01 3.55E-02 1.66E-06 1.15E-02 1.34E-06 1.22E-03 4.16E-01 5.26E-01 1.402E+00
7.140E-05 8.17E-02 9.76E-02 3.19E-04 2.53E-01 3.67E-02 1.80E-06 1.18E-02 1.47E-06 1.29E-03 4.17E-01 5.23E-01 1.422E+00
7.100E-05 8.23E-02 9.84E-02 3.21E-04 2.57E-01 3.70E-02 1.84E-06 1.18E-02 1.50E-06 1.31E-03 4.17E-01 5.22E-01 1.427E+00
7.000E-05 8.39E-02 1.00E-01 3.32E-04 2.67E-01 3.78E-02 1.95E-06 1.20E-02 1.59E-06 1.35E-03 4.17E-01 5.20E-01 1.440E+00
6.900E-05 8.55E-02 1.02E-01 3.42E-04 2.77E-01 3.86E-02 2.06E-06 1.22E-02 1.69E-06 1.40E-03 4.18E-01 5.18E-01 1.453E+00
6.800E-05 8.72E-02 1.04E-01 3.57E-04 2.88E-01 3.94E-02 2.18E-06 1.23E-02 1.79E-06 1.45E-03 4.18E-01 5.16E-01 1.467E+00
6.700E-05 8.89E-02 1.06E-01 3.71E-04 2.99E-01 4.03E-02 2.31E-06 1.25E-02 1.90E-06 1.50E-03 4.18E-01 5.15E-01 1.482E+00
6.600E-05 9.06E-02 1.08E-01 3.88E-04 3.11E-01 4.12E-02 2.45E-06 1.27E-02 2.02E-06 1.56E-03 4.19E-01 5.13E-01 1.496E+00
6.500E-05 9.25E-02 1.10E-01 3.96E-04 3.23E-01 4.22E-02 2.60E-06 1.29E-02 2.14E-06 1.62E-03 4.19E-01 5.11E-01 1.512E+00
6.400E-05 9.43E-02 1.12E-01 4.06E-04 3.35E-01 4.32E-02 2.76E-06 1.31E-02 2.28E-06 1.68E-03 4.19E-01 5.09E-01 1.527E+00
6.300E-05 9.63E-02 1.13E-01 4.18E-04 3.48E-01 4.42E-02 2.94E-06 1.32E-02 2.43E-06 1.74E-03 4.20E-01 5.06E-01 1.543E+00
6.250E-05 9.73E-02 1.14E-01 4.21E-04 3.55E-01 4.47E-02 3.03E-06 1.33E-02 2.51E-06 1.78E-03 4.20E-01 5.05E-01 1.552E+00
6.200E-05 9.83E-02 1.15E-01 4.33E-04 3.61E-01 4.53E-02 3.13E-06 1.35E-02 2.59E-06 1.81E-03 4.20E-01 5.04E-01 1.560E+00
6.100E-05 1.00E-01 1.17E-01 4.52E-04 3.75E-01 4.64E-02 3.33E-06 1.37E-02 2.77E-06 1.88E-03 4.20E-01 5.02E-01 1.577E+00
6.000E-05 1.03E-01 1.18E-01 4.73E-04 3.89E-01 4.75E-02 3.55E-06 1.39E-02 2.96E-06 1.96E-03 4.20E-01 5.00E-01 1.594E+00
5.900E-05 1.05E-01 1.20E-01 4.93E-04 4.04E-01 4.87E-02 3.80E-06 1.41E-02 3.17E-06 2.04E-03 4.21E-01 4.97E-01 1.612E+00
5.800E-05 1.07E-01 1.21E-01 5.15E-04 4.19E-01 4.99E-02 4.06E-06 1.43E-02 3.40E-06 2.13E-03 4.21E-01 4.95E-01 1.631E+00
5.700E-05 1.10E-01 1.22E-01 5.41E-04 4.35E-01 5.12E-02 4.35E-06 1.46E-02 3.64E-06 2.22E-03 4.21E-01 4.93E-01 1.649E+00
5.600E-05 1.12E-01 1.23E-01 5.70E-04 4.51E-01 5.25E-02 4.66E-06 1.48E-02 3.91E-06 2.32E-03 4.22E-01 4.90E-01 1.669E+00
5.500E-05 1.15E-01 1.24E-01 5.95E-04 4.68E-01 5.38E-02 5.00E-06 1.51E-02 4.21E-06 2.42E-03 4.22E-01 4.88E-01 1.689E+00
5.477E-05 1.15E-01 1.24E-01 5.98E-04 4.72E-01 5.42E-02 5.09E-06 1.51E-02 4.28E-06 3.52E-03 4.22E-01 4.87E-01 1.694E+00
5.400E-05 1.17E-01 1.25E-01 6.18E-04 4.86E-01 5.54E-02 5.39E-06 1.53E-02 4.53E-06 3.66E-03 4.22E-01 4.85E-01 1.710E+00
5.300E-05 1.20E-01 1.26E-01 6.47E-04 5.05E-01 5.71E-02 5.81E-06 1.56E-02 4.89E-06 3.85E-03 4.22E-01 4.83E-01 1.732E+00
5.200E-05 1.22E-01 1.26E-01 6.89E-04 5.24E-01 5.89E-02 6.27E-06 1.59E-02 5.28E-06 4.06E-03 4.22E-01 4.80E-01 1.754E+00
5.100E-05 1.25E-01 1.26E-01 7.28E-04 5.44E-01 6.07E-02 6.78E-06 1.62E-02 5.72E-06 4.29E-03 4.22E-01 4.78E-01 1.777E+00
5.000E-05 1.27E-01 1.27E-01 7.69E-04 5.65E-01 6.26E-02 7.35E-06 1.65E-02 6.20E-06 4.54E-03 4.22E-01 4.76E-01 1.800E+00
4.900E-05 1.30E-01 1.27E-01 8.09E-04 5.86E-01 6.45E-02 7.97E-06 1.68E-02 6.73E-06 4.82E-03 4.22E-01 4.73E-01 1.824E+00
4.880E-05 1.30E-01 1.27E-01 8.17E-04 5.90E-01 6.49E-02 8.10E-06 1.69E-02 6.84E-06 4.88E-03 4.22E-01 4.73E-01 1.829E+00
4.800E-05 1.32E-01 1.27E-01 8.55E-04 6.08E-01 6.68E-02 8.67E-06 1.71E-02 7.32E-06 5.13E-03 4.21E-01 4.71E-01 1.849E+00
4.760E-05 1.33E-01 1.27E-01 8.76E-04 6.17E-01 6.79E-02 8.97E-06 1.73E-02 7.57E-06 5.26E-03 4.21E-01 4.70E-01 1.859E+00
4.700E-05 1.34E-01 1.27E-01 9.09E-04 6.31E-01 6.95E-02 9.45E-06 1.75E-02 7.97E-06 5.47E-03 4.21E-01 4.69E-01 1.875E+00
4.650E-05 1.36E-01 1.26E-01 9.32E-04 6.42E-01 7.08E-02 9.88E-06 1.77E-02 8.33E-06 5.65E-03 4.21E-01 4.68E-01 1.888E+00
4.600E-05 1.37E-01 1.26E-01 9.68E-04 6.54E-01 7.22E-02 1.03E-05 1.78E-02 8.71E-06 5.84E-03 4.21E-01 4.67E-01 1.901E+00
4.550E-05 1.38E-01 1.26E-01 1.01E-03 6.65E-01 7.37E-02 1.08E-05 1.80E-02 9.10E-06 6.05E-03 4.20E-01 4.66E-01 1.914E+00
4.500E-05 1.39E-01 1.26E-01 1.05E-03 6.77E-01 7.51E-02 1.13E-05 1.82E-02 9.52E-06 6.26E-03 4.20E-01 4.65E-01 1.928E+00
4.440E-05 1.40E-01 1.26E-01 1.11E-03 6.91E-01 7.69E-02 1.19E-05 1.85E-02 1.01E-05 6.54E-03 4.20E-01 4.64E-01 1.944E+00
4.350E-05 1.42E-01 1.26E-01 1.21E-03 7.13E-01 7.98E-02 1.30E-05 1.88E-02 1.09E-05 7.00E-03 4.19E-01 4.62E-01 1.969E+00
4.170E-05 1.46E-01 1.25E-01 1.47E-03 7.58E-01 8.66E-02 1.55E-05 1.96E-02 1.30E-05 8.08E-03 4.18E-01 4.58E-01 2.021E+00
4.000E-05 1.49E-01 1.24E-01 1.95E-03 8.02E-01 9.37E-02 1.84E-05 2.03E-02 1.55E-05 9.37E-03 4.17E-01 4.56E-01 2.073E+00
3.850E-05 1.51E-01 1.24E-01 2.58E-03 8.41E-01 1.00E-01 2.15E-05 2.10E-02 1.81E-05 1.08E-02 4.15E-01 4.53E-01 2.119E+00
3.656E-05 1.54E-01 1.23E-01 3.79E-03 8.91E-01 1.10E-01 2.68E-05 2.20E-02 2.25E-05 1.33E-02 4.13E-01 4.51E-01 2.181E+00
3.570E-05 1.56E-01 1.22E-01 4.42E-03 9.12E-01 1.14E-01 2.97E-05 2.25E-02 2.48E-05 1.48E-02 4.12E-01 4.50E-01 2.208E+00
3.330E-05 1.58E-01 1.21E-01 6.61E-03 9.67E-01 1.30E-01 4.07E-05 2.39E-02 3.33E-05 2.05E-02 4.09E-01 4.47E-01 2.284E+00
3.130E-05 1.60E-01 1.20E-01 8.76E-03 1.01E+00 1.49E-01 5.49E-05 2.51E-02 4.32E-05 2.87E-02 4.07E-01 4.45E-01 2.351E+00
3.000E-05 1.61E-01 1.19E-01 1.05E-02 1.03E+00 1.67E-01 6.80E-05 2.60E-02 5.19E-05 3.72E-02 4.05E-01 4.44E-01 2.398E+00
2.940E-05 1.62E-01 1.19E-01 1.13E-02 1.04E+00 1.76E-01 7.55E-05 2.64E-02 5.66E-05 4.27E-02 4.04E-01 4.44E-01 2.420E+00
2.780E-05 1.62E-01 1.18E-01 1.38E-02 1.05E+00 2.06E-01 1.04E-04 2.76E-02 7.23E-05 6.52E-02 4.02E-01 4.43E-01 2.487E+00
2.630E-05 1.62E-01 1.17E-01 1.64E-02 1.06E+00 2.51E-01 1.47E-04 2.87E-02 9.24E-05 1.08E-01 3.99E-01 4.42E-01 2.581E+00
2.500E-05 1.62E-01 1.16E-01 1.93E-02 1.05E+00 3.14E-01 2.14E-04 2.96E-02 1.16E-04 1.87E-01 3.97E-01 4.41E-01 2.719E+00
2.380E-05 1.62E-01 1.16E-01 2.30E-02 1.04E+00 4.32E-01 3.28E-04 2.97E-02 1.46E-04 3.23E-01 3.95E-01 4.41E-01 2.965E+00
2.270E-05 1.62E-01 1.15E-01 2.80E-02 1.03E+00 6.25E-01 4.79E-04 3.08E-02 1.83E-04 4.19E-01 3.93E-01 4.41E-01 3.244E+00
2.170E-05 1.61E-01 1.15E-01 3.48E-02 1.02E+00 8.45E-01 6.23E-04 3.47E-02 2.29E-04 3.31E-01 3.91E-01 4.41E-01 3.376E+00
2.080E-05 1.61E-01 1.15E-01 4.72E-02 1.02E+00 8.75E-01 5.78E-04 4.34E-02 2.84E-04 2.10E-01 3.89E-01 4.41E-01 3.299E+00
2.000E-05 1.60E-01 1.14E-01 1.62E-01 9.15E-01 7.59E-01 4.52E-04 5.52E-02 3.49E-04 1.36E-01 3.87E-01 4.42E-01 3.132E+00
1.920E-05 1.59E-01 1.15E-01 2.96E-01 7.90E-01 5.89E-01 3.11E-04 7.58E-02 4.33E-04 9.22E-02 3.85E-01 4.42E-01 2.945E+00
1.850E-05 1.59E-01 1.16E-01 3.70E-01 7.19E-01 4.61E-01 2.20E-04 1.02E-01 5.31E-04 6.83E-02 3.83E-01 4.43E-01 2.822E+00
1.790E-05 1.59E-01 1.16E-01 4.50E-01 6.34E-01 3.75E-01 1.68E-04 1.30E-01 6.36E-04 5.45E-02 3.80E-01 4.44E-01 2.743E+00
1.720E-05 1.59E-01 1.17E-01 4.98E-01 5.79E-01 3.01E-01 1.34E-04 1.80E-01 7.97E-04 4.36E-02 3.78E-01 4.45E-01 2.701E+00
1.670E-05 1.59E-01 1.17E-01 5.17E-01 5.57E-01 2.58E-01 1.22E-04 2.27E-01 9.42E-04 3.82E-02 3.75E-01 4.46E-01 2.695E+00
1.610E-05 1.59E-01 1.18E-01 5.31E-01 5.39E-01 2.17E-01 1.24E-04 3.09E-01 1.16E-03 3.36E-02 3.72E-01 4.48E-01 2.727E+00
1.560E-05 1.58E-01 1.19E-01 5.38E-01 5.28E-01 1.91E-01 1.40E-04 4.04E-01 1.39E-03 3.10E-02 3.70E-01 4.49E-01 2.789E+00
1.520E-05 1.58E-01 1.19E-01 5.41E-01 5.21E-01 1.73E-01 1.62E-04 5.04E-01 1.60E-03 2.97E-02 3.68E-01 4.50E-01 2.866E+00
1.470E-05 1.58E-01 1.19E-01 5.43E-01 5.13E-01 1.54E-01 2.05E-04 6.50E-01 1.90E-03 2.88E-02 3.65E-01 4.51E-01 2.985E+00
1.430E-05 1.58E-01 1.20E-01 5.43E-01 5.08E-01 1.44E-01 2.56E-04 7.74E-01 2.12E-03 2.88E-02 3.64E-01 4.51E-01 3.093E+00
1.390E-05 1.57E-01 1.20E-01 5.43E-01 5.03E-01 1.40E-01 3.25E-04 8.71E-01 2.35E-03 2.94E-02 3.64E-01 4.51E-01 3.180E+00
1.350E-05 1.56E-01 1.19E-01 5.42E-01 4.98E-01 1.40E-01 4.17E-04 9.62E-01 2.63E-03 3.08E-02 3.63E-01 4.50E-01 3.265E+00
1.320E-05 1.56E-01 1.19E-01 5.41E-01 4.93E-01 1.43E-01 5.07E-04 1.03E+00 2.88E-03 3.23E-02 3.62E-01 4.50E-01 3.335E+00
1.280E-05 1.55E-01 1.20E-01 5.39E-01 4.89E-01 1.52E-01 6.65E-04 1.14E+00 3.28E-03 3.53E-02 3.61E-01 4.50E-01 3.443E+00
1.250E-05 1.55E-01 1.20E-01 5.38E-01 4.87E-01 1.65E-01 8.19E-04 1.22E+00 3.63E-03 3.83E-02 3.60E-01 4.50E-01 3.540E+00
1.220E-05 1.54E-01 1.20E-01 5.36E-01 4.87E-01 1.85E-01 1.02E-03 1.32E+00 4.05E-03 4.24E-02 3.59E-01 4.50E-01 3.655E+00
1.190E-05 1.53E-01 1.20E-01 5.35E-01 4.90E-01 2.10E-01 1.26E-03 1.42E+00 4.54E-03 4.77E-02 3.58E-01 4.51E-01 3.791E+00
1.160E-05 1.52E-01 1.20E-01 5.34E-01 4.92E-01 2.40E-01 1.57E-03 1.54E+00 5.12E-03 5.47E-02 3.57E-01 4.51E-01 3.944E+00
1.140E-05 1.52E-01 1.20E-01 5.33E-01 4.93E-01 2.64E-01 1.85E-03 1.62E+00 5.56E-03 6.05E-02 3.56E-01 4.51E-01 4.060E+00
1.110E-05 1.51E-01 1.19E-01 5.31E-01 4.93E-01 3.03E-01 2.41E-03 1.77E+00 6.35E-03 7.17E-02 3.55E-01 4.51E-01 4.252E+00
1.080E-05 1.49E-01 1.19E-01 5.29E-01 4.94E-01 4.08E-01 3.21E-03 1.94E+00 7.32E-03 8.69E-02 3.54E-01 4.52E-01 4.543E+00
1.050E-05 1.48E-01 1.19E-01 5.27E-01 4.96E-01 5.44E-01 4.17E-03 2.15E+00 8.57E-03 1.08E-01 3.52E-01 4.53E-01 4.912E+00
1.030E-05 1.47E-01 1.19E-01 5.25E-01 4.96E-01 6.50E-01 4.78E-03 2.35E+00 9.53E-03 1.25E-01 3.50E-01 4.54E-01 5.234E+00
1.000E-05 1.46E-01 1.18E-01 5.22E-01 4.97E-01 7.97E-01 5.83E-03 2.64E+00 1.09E-02 1.58E-01 3.49E-01 4.54E-01 5.700E+00
9.750E-06 1.45E-01 1.18E-01 5.20E-01 4.98E-01 9.67E-01 7.23E-03 2.87E+00 1.22E-02 1.92E-01 3.48E-01 4.54E-01 6.133E+00
9.500E-06 1.43E-01 1.17E-01 5.17E-01 5.00E-01 1.16E+00 8.56E-03 3.12E+00 1.35E-02 2.26E-01 3.48E-01 4.53E-01 6.608E+00
9.250E-06 1.42E-01 1.17E-01 5.14E-01 5.01E-01 1.31E+00 9.56E-03 3.37E+00 1.49E-02 2.51E-01 3.47E-01 4.53E-01 7.031E+00
9.080E-06 1.41E-01 1.16E-01 5.08E-01 4.99E-01 1.40E+00 1.03E-02 3.51E+00 1.56E-02 2.57E-01 3.47E-01 4.52E-01 7.263E+00
