 # Polarisation optical depth (Siebenmorgen 2023, A&A 670A,115; SC 2023 doi: 10.48550/arXiv.2311.03310)
 # wel         sigp_aC     sigp_Si      sigp_dark    sigt
 #----------------------------------------------------------------------------------------
   1.000E+00   6.223E-04   5.545E-04   0.000E+00   9.344E-06
   9.000E-01   7.290E-04   6.547E-04   0.000E+00   1.089E-05
   8.000E-01   8.707E-04   7.886E-04   0.000E+00   1.294E-05
   7.000E-01   1.066E-03   9.743E-04   0.000E+00   1.572E-05
   6.000E-01   1.350E-03   1.245E-03   0.000E+00   1.973E-05
   5.500E-01   1.543E-03   1.430E-03   0.000E+00   2.245E-05
   5.000E-01   1.787E-03   1.666E-03   0.000E+00   2.585E-05
   4.500E-01   2.105E-03   1.972E-03   0.000E+00   3.025E-05
   4.000E-01   2.530E-03   2.382E-03   0.000E+00   3.606E-05
   3.500E-01   3.121E-03   2.954E-03   0.000E+00   4.411E-05
   3.000E-01   3.986E-03   3.789E-03   0.000E+00   5.566E-05
   2.500E-01   5.338E-03   5.092E-03   0.000E+00   7.352E-05
   2.098E-01   7.092E-03   6.770E-03   0.000E+00   9.629E-05
   1.500E-01   1.233E-02   1.172E-02   0.000E+00   1.625E-04
   1.382E-01   1.414E-02   1.339E-02   0.000E+00   1.850E-04
   1.320E-01   1.528E-02   1.444E-02   0.000E+00   1.990E-04
   1.150E-01   1.930E-02   1.813E-02   0.000E+00   2.480E-04
   1.000E-01   2.454E-02   2.279E-02   0.000E+00   3.108E-04
   9.970E-02   2.467E-02   2.291E-02   0.000E+00   3.123E-04
   8.670E-02   3.106E-02   2.890E-02   0.000E+00   3.891E-04
   8.500E-02   3.218E-02   2.987E-02   0.000E+00   4.024E-04
   7.500E-02   4.083E-02   3.675E-02   0.000E+00   5.027E-04
   6.000E-02   6.005E-02   5.316E-02   0.000E+00   7.170E-04
   5.500E-02   6.957E-02   5.965E-02   0.000E+00   8.271E-04
   5.000E-02   8.282E-02   7.416E-02   0.000E+00   9.831E-04
   4.500E-02   1.021E-01   9.851E-02   0.000E+00   1.206E-03
   4.000E-02   1.312E-01   1.321E-01   0.000E+00   1.524E-03
   3.500E-02   1.645E-01   2.017E-01   0.000E+00   1.907E-03
   3.000E-02   2.323E-01   3.151E-01   0.000E+00   2.645E-03
   2.750E-02   2.773E-01   3.964E-01   0.000E+00   3.116E-03
   2.500E-02   3.342E-01   5.042E-01   0.000E+00   3.752E-03
   2.400E-02   3.670E-01   5.577E-01   0.000E+00   4.051E-03
   2.000E-02   5.379E-01   8.597E-01   0.000E+00   5.777E-03
   1.800E-02   6.713E-01   1.057E+00   0.000E+00   7.115E-03
   1.600E-02   8.939E-01   1.300E+00   0.000E+00   8.994E-03
   1.500E-02   1.067E+00   1.448E+00   0.000E+00   1.023E-02
   1.400E-02   1.214E+00   1.612E+00   0.000E+00   1.144E-02
   1.200E-02   1.860E+00   2.016E+00   0.000E+00   1.550E-02
   1.000E-02   2.831E+00   2.594E+00   0.000E+00   2.148E-02
   9.000E-03   3.781E+00   2.915E+00   0.000E+00   2.633E-02
   8.000E-03   4.987E+00   3.355E+00   0.000E+00   3.177E-02
   7.500E-03   5.845E+00   3.699E+00   0.000E+00   3.619E-02
   7.000E-03   7.036E+00   4.123E+00   0.000E+00   4.116E-02
   6.000E-03   9.990E+00   5.218E+00   0.000E+00   5.462E-02
   5.000E-03   1.388E+01   7.237E+00   0.000E+00   7.593E-02
   4.500E-03   1.669E+01   8.643E+00   0.000E+00   9.263E-02
   4.000E-03   1.922E+01   1.022E+01   0.000E+00   1.144E-01
   3.500E-03   2.239E+01   1.182E+01   0.000E+00   1.460E-01
   3.000E-03   2.608E+01   1.304E+01   0.000E+00   1.929E-01
   2.750E-03   2.752E+01   1.336E+01   0.000E+00   2.232E-01
   2.500E-03   2.843E+01   1.350E+01   0.000E+00   2.592E-01
   2.400E-03   2.904E+01   1.351E+01   0.000E+00   2.754E-01
   2.350E-03   2.939E+01   1.353E+01   0.000E+00   2.841E-01
   2.320E-03   2.955E+01   1.354E+01   0.000E+00   2.892E-01
   2.310E-03   2.961E+01   1.355E+01   0.000E+00   2.909E-01
   2.300E-03   2.967E+01   1.355E+01   0.000E+00   2.926E-01
   2.250E-03   2.984E+01   1.359E+01   0.000E+00   3.017E-01
   2.200E-03   3.001E+01   1.362E+01   0.000E+00   3.106E-01
   2.150E-03   3.031E+01   1.361E+01   0.000E+00   3.195E-01
   2.120E-03   3.048E+01   1.354E+01   0.000E+00   3.249E-01
   2.110E-03   3.051E+01   1.352E+01   0.000E+00   3.266E-01
   2.100E-03   3.052E+01   1.349E+01   0.000E+00   3.283E-01
   2.080E-03   3.048E+01   1.340E+01   0.000E+00   3.313E-01
   2.000E-03   3.047E+01   1.299E+01   0.000E+00   3.444E-01
   1.950E-03   3.066E+01   1.253E+01   0.000E+00   3.502E-01
   1.900E-03   3.105E+01   1.192E+01   0.000E+00   3.543E-01
   1.850E-03   3.142E+01   1.115E+01   0.000E+00   3.554E-01
   1.830E-03   3.159E+01   1.080E+01   0.000E+00   3.550E-01
   1.820E-03   3.160E+01   1.061E+01   0.000E+00   3.545E-01
   1.810E-03   3.166E+01   1.041E+01   0.000E+00   3.541E-01
   1.800E-03   3.173E+01   1.022E+01   0.000E+00   3.537E-01
   1.750E-03   3.209E+01   9.129E+00   0.000E+00   3.502E-01
   1.700E-03   3.214E+01   7.961E+00   0.000E+00   3.449E-01
   1.670E-03   3.248E+01   7.258E+00   0.000E+00   3.427E-01
   1.650E-03   3.280E+01   6.796E+00   0.000E+00   3.414E-01
   1.640E-03   3.290E+01   6.572E+00   0.000E+00   3.405E-01
   1.630E-03   3.300E+01   6.348E+00   0.000E+00   3.397E-01
   1.610E-03   3.314E+01   5.916E+00   0.000E+00   3.386E-01
   1.600E-03   3.323E+01   5.706E+00   0.000E+00   3.382E-01
   1.590E-03   3.333E+01   5.506E+00   0.000E+00   3.378E-01
   1.580E-03   3.341E+01   5.319E+00   0.000E+00   3.376E-01
   1.570E-03   3.341E+01   5.140E+00   0.000E+00   3.374E-01
   1.560E-03   3.355E+01   4.985E+00   0.000E+00   3.376E-01
   1.540E-03   3.383E+01   4.733E+00   0.000E+00   3.386E-01
   1.520E-03   3.385E+01   4.577E+00   0.000E+00   3.397E-01
   1.510E-03   3.385E+01   4.539E+00   0.000E+00   3.406E-01
   1.500E-03   3.380E+01   4.522E+00   0.000E+00   3.417E-01
   1.450E-03   3.400E+01   4.679E+00   0.000E+00   3.539E-01
   1.440E-03   3.408E+01   4.738E+00   0.000E+00   3.572E-01
   1.430E-03   3.415E+01   4.788E+00   0.000E+00   3.619E-01
   1.420E-03   3.422E+01   4.836E+00   0.000E+00   3.667E-01
   1.400E-03   3.443E+01   4.946E+00   0.000E+00   3.780E-01
   1.380E-03   3.458E+01   5.050E+00   0.000E+00   3.907E-01
   1.370E-03   3.465E+01   5.107E+00   0.000E+00   3.976E-01
   1.360E-03   3.478E+01   5.165E+00   0.000E+00   4.046E-01
   1.350E-03   3.494E+01   5.237E+00   0.000E+00   4.117E-01
   1.340E-03   3.507E+01   5.308E+00   0.000E+00   4.183E-01
   1.330E-03   3.515E+01   5.397E+00   0.000E+00   4.246E-01
   1.320E-03   3.528E+01   5.489E+00   0.000E+00   4.310E-01
   1.310E-03   3.527E+01   5.596E+00   0.000E+00   4.368E-01
   1.290E-03   3.516E+01   5.854E+00   0.000E+00   4.486E-01
   1.280E-03   3.515E+01   5.990E+00   0.000E+00   4.546E-01
   1.270E-03   3.523E+01   6.105E+00   0.000E+00   4.606E-01
   1.260E-03   3.528E+01   6.275E+00   0.000E+00   4.660E-01
   1.250E-03   3.529E+01   6.498E+00   0.000E+00   4.711E-01
   1.220E-03   3.583E+01   7.826E+00   0.000E+00   4.875E-01
   1.210E-03   3.584E+01   8.694E+00   0.000E+00   4.928E-01
   1.200E-03   3.584E+01   9.712E+00   0.000E+00   4.984E-01
   1.190E-03   3.609E+01   1.077E+01   0.000E+00   5.043E-01
   1.180E-03   3.621E+01   1.176E+01   0.000E+00   5.089E-01
   1.170E-03   3.630E+01   1.262E+01   0.000E+00   5.135E-01
   1.160E-03   3.642E+01   1.331E+01   0.000E+00   5.175E-01
   1.150E-03   3.639E+01   1.385E+01   0.000E+00   5.214E-01
   1.140E-03   3.632E+01   1.429E+01   0.000E+00   5.251E-01
   1.130E-03   3.631E+01   1.463E+01   0.000E+00   5.290E-01
   1.120E-03   3.631E+01   1.492E+01   0.000E+00   5.322E-01
   1.110E-03   3.628E+01   1.519E+01   0.000E+00   5.351E-01
   1.090E-03   3.636E+01   1.565E+01   0.000E+00   5.406E-01
   1.050E-03   3.687E+01   1.611E+01   0.000E+00   5.493E-01
   1.000E-03   3.771E+01   1.569E+01   0.000E+00   5.398E-01
   9.800E-04   3.810E+01   1.499E+01   0.000E+00   5.355E-01
   9.600E-04   3.843E+01   1.390E+01   0.000E+00   5.268E-01
   9.500E-04   3.872E+01   1.325E+01   0.000E+00   5.195E-01
   9.400E-04   3.871E+01   1.257E+01   0.000E+00   5.093E-01
   9.200E-04   3.890E+01   1.123E+01   0.000E+00   4.822E-01
   8.900E-04   3.945E+01   9.237E+00   0.000E+00   4.379E-01
   8.700E-04   3.929E+01   8.134E+00   0.000E+00   4.142E-01
   8.600E-04   3.955E+01   7.649E+00   0.000E+00   4.061E-01
   8.500E-04   3.954E+01   7.145E+00   0.000E+00   3.981E-01
   8.400E-04   3.984E+01   6.610E+00   0.000E+00   3.898E-01
   8.200E-04   3.962E+01   5.516E+00   0.000E+00   3.691E-01
   8.000E-04   3.982E+01   4.607E+00   0.000E+00   3.535E-01
   7.900E-04   4.006E+01   4.281E+00   0.000E+00   3.543E-01
   7.800E-04   3.992E+01   4.016E+00   0.000E+00   3.550E-01
   7.700E-04   3.979E+01   3.787E+00   0.000E+00   3.589E-01
   7.600E-04   3.968E+01   3.587E+00   0.000E+00   3.659E-01
   7.500E-04   3.958E+01   3.406E+00   0.000E+00   3.741E-01
   7.300E-04   3.983E+01   3.132E+00   0.000E+00   3.964E-01
   7.200E-04   3.970E+01   3.057E+00   0.000E+00   4.064E-01
   7.100E-04   3.965E+01   3.018E+00   0.000E+00   4.175E-01
   7.000E-04   3.992E+01   2.970E+00   0.000E+00   4.285E-01
   6.900E-04   3.968E+01   2.881E+00   0.000E+00   4.375E-01
   6.800E-04   3.891E+01   2.757E+00   0.000E+00   4.459E-01
   6.600E-04   3.938E+01   2.536E+00   0.000E+00   4.688E-01
   6.400E-04   4.056E+01   2.246E+00   0.000E+00   4.907E-01
   6.300E-04   4.115E+01   2.125E+00   0.000E+00   4.999E-01
   6.200E-04   4.107E+01   2.116E+00   0.000E+00   5.087E-01
   6.100E-04   4.135E+01   2.121E+00   0.000E+00   5.185E-01
   5.900E-04   4.260E+01   1.778E+00   0.000E+00   5.373E-01
   5.500E-04   3.982E+01   1.399E+00   0.000E+00   5.704E-01
   5.300E-04   4.035E+01   1.290E+00   0.000E+00   5.920E-01
   5.200E-04   4.040E+01   1.235E+00   0.000E+00   6.023E-01
   5.100E-04   4.084E+01   1.179E+00   0.000E+00   6.129E-01
   5.000E-04   4.126E+01   1.126E+00   0.000E+00   6.229E-01
   4.800E-04   4.171E+01   1.049E+00   0.000E+00   6.423E-01
   4.500E-04   4.282E+01   9.701E-01   0.000E+00   6.687E-01
   4.000E-04   4.461E+01   9.289E-01   0.000E+00   7.086E-01
   3.800E-04   4.580E+01   9.548E-01   0.000E+00   7.218E-01
   3.600E-04   4.720E+01   1.016E+00   0.000E+00   7.329E-01
   3.400E-04   4.951E+01   1.125E+00   0.000E+00   7.416E-01
   3.300E-04   4.948E+01   1.202E+00   0.000E+00   7.454E-01
   3.200E-04   5.016E+01   1.297E+00   0.000E+00   7.488E-01
   3.150E-04   5.087E+01   1.354E+00   0.000E+00   7.504E-01
   3.100E-04   5.155E+01   1.417E+00   0.000E+00   7.520E-01
   3.080E-04   5.176E+01   1.444E+00   0.000E+00   7.525E-01
   3.050E-04   5.206E+01   1.486E+00   0.000E+00   7.534E-01
   3.000E-04   5.265E+01   1.564E+00   0.000E+00   7.548E-01
   2.900E-04   5.417E+01   1.746E+00   0.000E+00   7.574E-01
   2.800E-04   5.511E+01   1.970E+00   0.000E+00   7.598E-01
   2.600E-04   5.864E+01   2.591E+00   0.000E+00   7.658E-01
   2.500E-04   6.119E+01   3.019E+00   0.000E+00   7.697E-01
   2.200E-04   7.221E+01   5.099E+00   0.000E+00   7.868E-01
   2.159E-04   7.385E+01   5.520E+00   0.000E+00   7.896E-01
   2.000E-04   8.301E+01   7.652E+00   0.000E+00   8.025E-01
   1.662E-04   1.120E+02   1.696E+01   0.000E+00   8.338E-01
   1.650E-04   1.134E+02   1.749E+01   0.000E+00   8.351E-01
   1.250E-04   1.814E+02   5.277E+01   0.000E+00   9.172E-01
   1.235E-04   1.847E+02   5.505E+01   0.000E+00   9.224E-01
   1.130E-04   2.074E+02   7.362E+01   0.000E+00   9.646E-01
   1.000E-04   2.353E+02   1.031E+02   0.000E+00   1.041E+00
   9.500E-05   2.440E+02   1.164E+02   0.000E+00   1.079E+00
   9.300E-05   2.470E+02   1.221E+02   0.000E+00   1.096E+00
   9.200E-05   2.484E+02   1.250E+02   0.000E+00   1.105E+00
   9.100E-05   2.497E+02   1.280E+02   0.000E+00   1.115E+00
   9.000E-05   2.510E+02   1.311E+02   0.000E+00   1.124E+00
   8.900E-05   2.523E+02   1.342E+02   0.000E+00   1.134E+00
   8.800E-05   2.535E+02   1.374E+02   0.000E+00   1.144E+00
   8.700E-05   2.547E+02   1.407E+02   0.000E+00   1.154E+00
   8.600E-05   2.560E+02   1.440E+02   0.000E+00   1.165E+00
   8.500E-05   2.572E+02   1.474E+02   0.000E+00   1.176E+00
   8.400E-05   2.585E+02   1.508E+02   0.000E+00   1.187E+00
   8.330E-05   2.594E+02   1.533E+02   0.000E+00   1.195E+00
   8.200E-05   2.610E+02   1.580E+02   0.000E+00   1.211E+00
   8.100E-05   2.622E+02   1.617E+02   0.000E+00   1.224E+00
   8.000E-05   2.633E+02   1.654E+02   0.000E+00   1.237E+00
   7.900E-05   2.643E+02   1.692E+02   0.000E+00   1.251E+00
   7.800E-05   2.651E+02   1.731E+02   0.000E+00   1.265E+00
   7.700E-05   2.658E+02   1.770E+02   0.000E+00   1.280E+00
   7.600E-05   2.663E+02   1.811E+02   0.000E+00   1.295E+00
   7.500E-05   2.665E+02   1.851E+02   0.000E+00   1.311E+00
   7.400E-05   2.665E+02   1.893E+02   0.000E+00   1.327E+00
   7.300E-05   2.662E+02   1.935E+02   0.000E+00   1.343E+00
   7.140E-05   2.652E+02   2.004E+02   0.000E+00   1.370E+00
   7.100E-05   2.649E+02   2.022E+02   0.000E+00   1.377E+00
   7.000E-05   2.639E+02   2.066E+02   0.000E+00   1.395E+00
   6.900E-05   2.627E+02   2.111E+02   0.000E+00   1.413E+00
   6.800E-05   2.613E+02   2.155E+02   0.000E+00   1.431E+00
   6.700E-05   2.597E+02   2.200E+02   0.000E+00   1.451E+00
   6.600E-05   2.579E+02   2.244E+02   0.000E+00   1.470E+00
   6.500E-05   2.558E+02   2.287E+02   0.000E+00   1.490E+00
   6.400E-05   2.536E+02   2.329E+02   0.000E+00   1.511E+00
   6.300E-05   2.511E+02   2.368E+02   0.000E+00   1.532E+00
   6.250E-05   2.498E+02   2.387E+02   0.000E+00   1.543E+00
   6.200E-05   2.483E+02   2.406E+02   0.000E+00   1.554E+00
   6.100E-05   2.453E+02   2.443E+02   0.000E+00   1.576E+00
   6.000E-05   2.420E+02   2.479E+02   0.000E+00   1.599E+00
   5.900E-05   2.383E+02   2.514E+02   0.000E+00   1.622E+00
   5.800E-05   2.343E+02   2.550E+02   0.000E+00   1.646E+00
   5.700E-05   2.298E+02   2.588E+02   0.000E+00   1.670E+00
   5.600E-05   2.250E+02   2.627E+02   0.000E+00   1.695E+00
   5.500E-05   2.197E+02   2.668E+02   0.000E+00   1.720E+00
   5.477E-05   2.185E+02   2.678E+02   0.000E+00   1.726E+00
   5.400E-05   2.141E+02   2.710E+02   0.000E+00   1.746E+00
   5.300E-05   2.081E+02   2.752E+02   0.000E+00   1.772E+00
   5.200E-05   2.018E+02   2.792E+02   0.000E+00   1.799E+00
   5.100E-05   1.953E+02   2.831E+02   0.000E+00   1.827E+00
   5.000E-05   1.886E+02   2.869E+02   0.000E+00   1.855E+00
   4.900E-05   1.818E+02   2.908E+02   0.000E+00   1.883E+00
   4.880E-05   1.804E+02   2.915E+02   0.000E+00   1.889E+00
   4.800E-05   1.748E+02   2.947E+02   0.000E+00   1.913E+00
   4.760E-05   1.720E+02   2.964E+02   0.000E+00   1.925E+00
   4.700E-05   1.678E+02   2.987E+02   0.000E+00   1.943E+00
   4.650E-05   1.642E+02   3.005E+02   0.000E+00   1.958E+00
   4.600E-05   1.606E+02   3.022E+02   0.000E+00   1.973E+00
   4.550E-05   1.569E+02   3.037E+02   0.000E+00   1.988E+00
   4.500E-05   1.532E+02   3.049E+02   0.000E+00   2.003E+00
   4.440E-05   1.487E+02   3.059E+02   0.000E+00   2.022E+00
   4.350E-05   1.419E+02   3.066E+02   0.000E+00   2.050E+00
   4.170E-05   1.282E+02   3.073E+02   0.000E+00   2.109E+00
   4.000E-05   1.151E+02   3.097E+02   0.000E+00   2.165E+00
   3.850E-05   1.035E+02   3.106E+02   0.000E+00   2.216E+00
   3.656E-05   8.876E+01   3.083E+02   0.000E+00   2.281E+00
   3.570E-05   8.231E+01   3.068E+02   0.000E+00   2.310E+00
   3.330E-05   6.493E+01   2.954E+02   0.000E+00   2.387E+00
   3.130E-05   5.126E+01   2.850E+02   0.000E+00   2.452E+00
   3.000E-05   4.283E+01   2.759E+02   0.000E+00   2.496E+00
   2.940E-05   3.909E+01   2.689E+02   0.000E+00   2.515E+00
   2.780E-05   2.915E+01   2.517E+02   0.000E+00   2.571E+00
   2.630E-05   2.099E+01   2.327E+02   0.000E+00   2.650E+00
   2.500E-05   1.530E+01   2.155E+02   0.000E+00   2.777E+00
   2.380E-05   1.138E+01   2.020E+02   0.000E+00   3.074E+00
   2.270E-05   8.981E+00   1.807E+02   0.000E+00   3.486E+00
   2.170E-05   7.915E+00   1.643E+02   0.000E+00   3.460E+00
   2.080E-05   7.551E+00   1.593E+02   0.000E+00   3.308E+00
   2.000E-05   7.569E+00   1.409E+02   0.000E+00   3.134E+00
   1.920E-05   7.511E+00   1.198E+02   0.000E+00   2.948E+00
   1.850E-05   7.658E+00   1.064E+02   0.000E+00   2.820E+00
   1.790E-05   8.281E+00   9.471E+01   0.000E+00   2.732E+00
   1.720E-05   9.187E+00   8.457E+01   0.000E+00   2.666E+00
   1.670E-05   1.007E+01   7.671E+01   0.000E+00   2.636E+00
   1.610E-05   1.169E+01   6.607E+01   0.000E+00   2.624E+00
   1.560E-05   1.323E+01   5.582E+01   0.000E+00   2.632E+00
   1.520E-05   1.453E+01   4.615E+01   0.000E+00   2.652E+00
   1.470E-05   1.630E+01   3.323E+01   0.000E+00   2.688E+00
   1.430E-05   1.781E+01   2.274E+01   0.000E+00   2.725E+00
   1.390E-05   1.924E+01   1.659E+01   0.000E+00   2.755E+00
   1.350E-05   2.041E+01   1.320E+01   0.000E+00   2.787E+00
   1.320E-05   2.115E+01   1.231E+01   0.000E+00   2.814E+00
   1.280E-05   2.214E+01   1.245E+01   0.000E+00   2.862E+00
   1.250E-05   2.296E+01   1.210E+01   0.000E+00   2.909E+00
   1.220E-05   2.384E+01   1.200E+01   0.000E+00   2.967E+00
   1.190E-05   2.469E+01   1.291E+01   0.000E+00   3.041E+00
   1.160E-05   2.545E+01   1.440E+01   0.000E+00   3.123E+00
   1.140E-05   2.589E+01   1.630E+01   0.000E+00   3.187E+00
   1.110E-05   2.644E+01   1.989E+01   0.000E+00   3.291E+00
   1.080E-05   2.684E+01   2.431E+01   0.000E+00   3.476E+00
   1.050E-05   2.710E+01   2.860E+01   0.000E+00   3.711E+00
   1.030E-05   2.719E+01   3.152E+01   0.000E+00   3.910E+00
   1.000E-05   2.719E+01   3.574E+01   0.000E+00   4.199E+00
   9.750E-06   2.709E+01   3.935E+01   0.000E+00   4.487E+00
   9.500E-06   2.689E+01   4.282E+01   0.000E+00   4.806E+00
   9.250E-06   2.658E+01   4.616E+01   0.000E+00   5.073E+00
   9.080E-06   2.632E+01   4.289E+01   0.000E+00   5.216E+00
