 # Optical depth (Siebenmorgen 2023, A&A 670A,115; SC 2023 doi: 10.48550/arXiv.2311.03310)
 # wel(cm) sa_aC    ss_aC    sa_Si    ss_Si    sa_vgr   ss_vgr   sa_vsi   ss_vsi   s_pahS+B sa_Dark  ss_Dark sigt 
 # ------------------------------------------------------------------------------------------------------------- 
1.000E+00 1.03E-07 6.64E-17 2.47E-07 5.19E-17 3.85E-09 3.65E-23 2.96E-08 5.02E-23 3.06E-12 6.60E-06 1.65E-12 6.989E-06
9.000E-01 1.21E-07 1.01E-16 2.92E-07 7.91E-17 4.90E-09 5.56E-23 3.52E-08 7.65E-23 3.77E-12 7.69E-06 2.51E-12 8.146E-06
8.000E-01 1.44E-07 1.62E-16 3.51E-07 1.27E-16 6.40E-09 8.90E-23 4.29E-08 1.22E-22 4.77E-12 9.13E-06 4.02E-12 9.675E-06
7.000E-01 1.77E-07 2.76E-16 4.34E-07 2.16E-16 8.58E-09 1.52E-22 5.28E-08 2.09E-22 6.24E-12 1.11E-05 6.85E-12 1.176E-05
6.000E-01 2.24E-07 5.11E-16 5.55E-07 4.01E-16 1.19E-08 2.81E-22 6.79E-08 3.87E-22 8.49E-12 1.39E-05 1.27E-11 1.475E-05
5.500E-01 2.56E-07 7.24E-16 6.37E-07 5.67E-16 1.43E-08 3.99E-22 7.82E-08 5.48E-22 1.01E-11 1.58E-05 1.79E-11 1.678E-05
5.000E-01 2.96E-07 1.06E-15 7.42E-07 8.31E-16 1.73E-08 5.83E-22 9.07E-08 8.02E-22 1.22E-11 1.82E-05 2.62E-11 1.932E-05
4.500E-01 3.49E-07 1.62E-15 8.79E-07 1.27E-15 2.13E-08 8.89E-22 1.08E-07 1.22E-21 1.51E-11 2.12E-05 4.00E-11 2.261E-05
4.000E-01 4.19E-07 2.59E-15 1.06E-06 2.03E-15 2.67E-08 1.42E-21 1.30E-07 1.96E-21 1.91E-11 2.53E-05 6.39E-11 2.695E-05
3.500E-01 5.18E-07 4.41E-15 1.32E-06 3.46E-15 3.42E-08 2.43E-21 1.63E-07 3.34E-21 2.49E-11 3.09E-05 1.09E-10 3.296E-05
3.000E-01 6.61E-07 8.17E-15 1.69E-06 6.41E-15 4.50E-08 4.50E-21 2.06E-07 6.18E-21 3.39E-11 3.90E-05 2.01E-10 4.158E-05
2.500E-01 8.86E-07 1.69E-14 2.27E-06 1.33E-14 6.14E-08 9.34E-21 2.77E-07 1.28E-20 4.89E-11 5.14E-05 4.17E-10 5.491E-05
2.098E-01 1.18E-06 3.41E-14 3.02E-06 2.68E-14 8.16E-08 1.88E-20 3.69E-07 2.58E-20 6.94E-11 6.73E-05 8.38E-10 7.191E-05
1.500E-01 2.05E-06 1.30E-13 5.22E-06 1.03E-13 1.56E-07 7.20E-20 6.31E-07 9.86E-20 1.36E-10 1.13E-04 3.19E-09 1.213E-04
1.382E-01 2.35E-06 1.81E-13 5.97E-06 1.42E-13 1.84E-07 1.00E-19 7.24E-07 1.37E-19 1.60E-10 1.29E-04 4.43E-09 1.381E-04
1.320E-01 2.54E-06 2.17E-13 6.44E-06 1.71E-13 2.01E-07 1.20E-19 7.79E-07 1.64E-19 1.75E-10 1.39E-04 5.32E-09 1.485E-04
1.150E-01 3.20E-06 3.77E-13 8.08E-06 2.97E-13 2.64E-07 2.08E-19 9.73E-07 2.85E-19 2.31E-10 1.73E-04 9.21E-09 1.851E-04
1.000E-01 4.08E-06 6.59E-13 1.02E-05 5.19E-13 3.46E-07 3.65E-19 1.22E-06 4.99E-19 3.06E-10 2.16E-04 1.61E-08 2.319E-04
9.970E-02 4.10E-06 6.67E-13 1.02E-05 5.25E-13 3.48E-07 3.69E-19 1.22E-06 5.05E-19 3.07E-10 2.17E-04 1.63E-08 2.330E-04
8.670E-02 5.16E-06 1.17E-12 1.29E-05 9.19E-13 4.60E-07 6.45E-19 1.53E-06 8.82E-19 4.07E-10 2.70E-04 2.84E-08 2.902E-04
8.500E-02 5.35E-06 1.26E-12 1.33E-05 9.95E-13 4.79E-07 6.98E-19 1.58E-06 9.54E-19 4.23E-10 2.79E-04 3.07E-08 3.002E-04
7.500E-02 6.78E-06 2.08E-12 1.64E-05 1.64E-12 6.08E-07 1.15E-18 1.93E-06 1.57E-18 5.43E-10 3.49E-04 5.06E-08 3.750E-04
6.000E-02 9.98E-06 5.08E-12 2.36E-05 4.03E-12 9.35E-07 2.81E-18 2.80E-06 3.84E-18 8.49E-10 4.97E-04 1.23E-07 5.347E-04
5.500E-02 1.16E-05 7.20E-12 2.65E-05 5.73E-12 1.10E-06 3.98E-18 3.27E-06 5.45E-18 1.01E-09 5.74E-04 1.74E-07 6.168E-04
5.000E-02 1.38E-05 1.06E-11 3.28E-05 8.46E-12 1.31E-06 5.83E-18 3.89E-06 7.98E-18 1.22E-09 6.81E-04 2.55E-07 7.330E-04
4.500E-02 1.70E-05 1.61E-11 4.34E-05 1.30E-11 1.61E-06 8.88E-18 4.76E-06 1.22E-17 1.51E-09 8.32E-04 3.88E-07 8.992E-04
4.000E-02 2.18E-05 2.58E-11 5.80E-05 2.10E-11 2.00E-06 1.42E-17 6.02E-06 1.95E-17 1.91E-09 1.05E-03 6.20E-07 1.135E-03
3.500E-02 2.73E-05 4.41E-11 8.81E-05 3.61E-11 2.56E-06 2.43E-17 7.96E-06 3.33E-17 2.50E-09 1.29E-03 1.06E-06 1.420E-03
3.000E-02 3.85E-05 8.20E-11 1.37E-04 6.72E-11 3.42E-06 4.50E-17 1.12E-05 6.19E-17 3.40E-09 1.77E-03 1.95E-06 1.967E-03
2.750E-02 4.60E-05 1.16E-10 1.73E-04 9.53E-11 4.03E-06 6.37E-17 1.36E-05 8.77E-17 4.05E-09 2.08E-03 2.76E-06 2.316E-03
2.500E-02 5.54E-05 1.71E-10 2.20E-04 1.39E-10 4.81E-06 9.33E-17 1.71E-05 1.28E-16 4.90E-09 2.49E-03 4.03E-06 2.789E-03
2.400E-02 6.08E-05 2.01E-10 2.44E-04 1.64E-10 5.20E-06 1.10E-16 1.87E-05 1.51E-16 5.32E-09 2.68E-03 4.74E-06 3.010E-03
2.000E-02 8.89E-05 4.20E-10 3.80E-04 3.35E-10 7.36E-06 2.28E-16 2.70E-05 3.13E-16 7.67E-09 3.78E-03 9.78E-06 4.289E-03
1.800E-02 1.11E-04 6.44E-10 4.71E-04 5.02E-10 9.05E-06 3.48E-16 3.36E-05 4.78E-16 9.48E-09 4.64E-03 1.49E-05 5.282E-03
1.600E-02 1.47E-04 1.04E-09 5.86E-04 7.88E-10 1.15E-05 5.59E-16 4.28E-05 7.66E-16 1.20E-08 5.86E-03 2.38E-05 6.674E-03
1.500E-02 1.75E-04 1.35E-09 6.57E-04 1.01E-09 1.30E-05 7.24E-16 4.86E-05 9.92E-16 1.37E-08 6.66E-03 3.06E-05 7.588E-03
1.400E-02 1.99E-04 1.78E-09 7.38E-04 1.31E-09 1.51E-05 9.56E-16 5.61E-05 1.31E-15 1.57E-08 7.44E-03 4.02E-05 8.485E-03
1.200E-02 3.04E-04 3.34E-09 9.40E-04 2.35E-09 2.10E-05 1.78E-15 7.69E-05 2.42E-15 2.15E-08 1.01E-02 7.34E-05 1.149E-02
1.000E-02 4.62E-04 7.02E-09 1.24E-03 4.65E-09 3.17E-05 3.71E-15 1.12E-04 5.04E-15 3.11E-08 1.39E-02 1.51E-04 1.590E-02
9.000E-03 6.15E-04 1.08E-08 1.41E-03 6.90E-09 4.07E-05 5.69E-15 1.40E-04 7.68E-15 3.86E-08 1.70E-02 2.28E-04 1.948E-02
8.000E-03 8.17E-04 1.71E-08 1.64E-03 1.09E-08 5.45E-05 9.19E-15 1.80E-04 1.23E-14 4.92E-08 2.04E-02 3.58E-04 2.347E-02
7.500E-03 9.54E-04 2.23E-08 1.82E-03 1.41E-08 6.43E-05 1.20E-14 2.06E-04 1.60E-14 5.62E-08 2.32E-02 4.63E-04 2.673E-02
7.000E-03 1.15E-03 2.92E-08 2.04E-03 1.84E-08 7.72E-05 1.59E-14 2.39E-04 2.10E-14 6.49E-08 2.63E-02 6.03E-04 3.038E-02
6.000E-03 1.66E-03 5.31E-08 2.62E-03 3.36E-08 1.19E-04 2.99E-14 3.33E-04 3.89E-14 8.97E-08 3.44E-02 1.10E-03 4.026E-02
5.000E-03 2.36E-03 1.04E-07 3.72E-03 6.83E-08 2.08E-04 6.34E-14 4.90E-04 8.03E-14 1.33E-07 4.69E-02 2.22E-03 5.591E-02
4.500E-03 2.91E-03 1.51E-07 4.54E-03 1.02E-07 2.95E-04 9.77E-14 6.12E-04 1.22E-13 1.68E-07 5.65E-02 3.32E-03 6.817E-02
4.000E-03 3.46E-03 2.24E-07 5.67E-03 1.53E-07 4.31E-04 1.56E-13 7.82E-04 1.93E-13 2.20E-07 6.87E-02 5.17E-03 8.420E-02
3.500E-03 4.18E-03 3.54E-07 6.99E-03 2.41E-07 5.99E-04 2.49E-13 1.02E-03 3.25E-13 3.05E-07 8.62E-02 8.54E-03 1.075E-01
3.000E-03 5.16E-03 5.86E-07 8.60E-03 3.87E-07 6.33E-04 3.90E-13 1.39E-03 5.94E-13 4.71E-07 1.12E-01 1.48E-02 1.424E-01
2.750E-03 5.66E-03 7.68E-07 9.42E-03 4.99E-07 5.45E-04 5.02E-13 1.67E-03 8.28E-13 6.44E-07 1.28E-01 1.97E-02 1.650E-01
2.500E-03 6.11E-03 1.03E-06 1.03E-02 6.54E-07 4.30E-04 6.90E-13 2.06E-03 1.19E-12 1.10E-06 1.47E-01 2.63E-02 1.920E-01
2.400E-03 6.33E-03 1.17E-06 1.07E-02 7.34E-07 3.85E-04 8.01E-13 2.24E-03 1.38E-12 1.56E-06 1.55E-01 2.95E-02 2.041E-01
2.350E-03 6.47E-03 1.25E-06 1.09E-02 7.79E-07 3.64E-04 8.67E-13 2.34E-03 1.49E-12 1.86E-06 1.59E-01 3.11E-02 2.106E-01
2.320E-03 6.54E-03 1.30E-06 1.10E-02 8.08E-07 3.52E-04 9.11E-13 2.41E-03 1.57E-12 2.01E-06 1.62E-01 3.22E-02 2.144E-01
2.310E-03 6.57E-03 1.32E-06 1.11E-02 8.18E-07 3.48E-04 9.26E-13 2.43E-03 1.59E-12 2.04E-06 1.63E-01 3.25E-02 2.157E-01
2.300E-03 6.60E-03 1.34E-06 1.11E-02 8.27E-07 3.44E-04 9.42E-13 2.45E-03 1.61E-12 2.07E-06 1.64E-01 3.28E-02 2.170E-01
2.250E-03 6.71E-03 1.43E-06 1.13E-02 8.82E-07 3.26E-04 1.03E-12 2.58E-03 1.75E-12 2.16E-06 1.68E-01 3.47E-02 2.238E-01
2.200E-03 6.81E-03 1.53E-06 1.16E-02 9.39E-07 3.08E-04 1.12E-12 2.72E-03 1.90E-12 2.27E-06 1.73E-01 3.64E-02 2.305E-01
2.150E-03 6.95E-03 1.64E-06 1.19E-02 9.98E-07 2.92E-04 1.23E-12 2.85E-03 2.05E-12 2.48E-06 1.77E-01 3.82E-02 2.371E-01
2.120E-03 7.04E-03 1.72E-06 1.21E-02 1.03E-06 2.83E-04 1.30E-12 2.94E-03 2.15E-12 2.59E-06 1.79E-01 3.92E-02 2.411E-01
2.110E-03 7.07E-03 1.74E-06 1.22E-02 1.04E-06 2.80E-04 1.32E-12 2.98E-03 2.19E-12 2.60E-06 1.80E-01 3.96E-02 2.424E-01
2.100E-03 7.09E-03 1.76E-06 1.22E-02 1.05E-06 2.78E-04 1.35E-12 3.01E-03 2.22E-12 2.61E-06 1.81E-01 3.99E-02 2.436E-01
2.080E-03 7.12E-03 1.81E-06 1.23E-02 1.08E-06 2.72E-04 1.40E-12 3.07E-03 2.29E-12 2.59E-06 1.83E-01 4.05E-02 2.459E-01
2.000E-03 7.22E-03 2.04E-06 1.27E-02 1.16E-06 2.52E-04 1.64E-12 3.37E-03 2.60E-12 2.45E-06 1.89E-01 4.33E-02 2.557E-01
1.950E-03 7.34E-03 2.21E-06 1.29E-02 1.20E-06 2.42E-04 1.82E-12 3.56E-03 2.76E-12 2.64E-06 1.92E-01 4.43E-02 2.600E-01
1.900E-03 7.49E-03 2.42E-06 1.29E-02 1.24E-06 2.32E-04 2.02E-12 3.72E-03 2.89E-12 3.21E-06 1.94E-01 4.51E-02 2.631E-01
1.850E-03 7.64E-03 2.64E-06 1.29E-02 1.25E-06 2.23E-04 2.25E-12 3.80E-03 2.96E-12 4.16E-06 1.94E-01 4.56E-02 2.638E-01
1.830E-03 7.72E-03 2.73E-06 1.28E-02 1.25E-06 2.20E-04 2.36E-12 3.81E-03 2.98E-12 4.50E-06 1.93E-01 4.57E-02 2.635E-01
1.820E-03 7.74E-03 2.78E-06 1.27E-02 1.25E-06 2.19E-04 2.41E-12 3.81E-03 2.99E-12 4.61E-06 1.93E-01 4.57E-02 2.631E-01
1.810E-03 7.77E-03 2.83E-06 1.27E-02 1.25E-06 2.17E-04 2.46E-12 3.80E-03 2.99E-12 4.68E-06 1.92E-01 4.59E-02 2.628E-01
1.800E-03 7.80E-03 2.88E-06 1.26E-02 1.25E-06 2.16E-04 2.52E-12 3.79E-03 3.00E-12 4.72E-06 1.92E-01 4.60E-02 2.625E-01
1.750E-03 7.99E-03 3.15E-06 1.21E-02 1.21E-06 2.09E-04 2.83E-12 3.70E-03 3.01E-12 4.82E-06 1.89E-01 4.65E-02 2.598E-01
1.700E-03 8.08E-03 3.45E-06 1.12E-02 1.16E-06 2.04E-04 3.18E-12 3.52E-03 3.03E-12 5.92E-06 1.85E-01 4.76E-02 2.559E-01
1.670E-03 8.20E-03 3.68E-06 1.05E-02 1.13E-06 2.02E-04 3.42E-12 3.38E-03 3.07E-12 7.00E-06 1.83E-01 4.86E-02 2.542E-01
1.650E-03 8.31E-03 3.84E-06 9.92E-03 1.11E-06 2.01E-04 3.60E-12 3.28E-03 3.11E-12 7.39E-06 1.82E-01 4.95E-02 2.533E-01
1.640E-03 8.36E-03 3.91E-06 9.63E-03 1.11E-06 2.00E-04 3.69E-12 3.23E-03 3.13E-12 7.37E-06 1.81E-01 4.99E-02 2.526E-01
1.630E-03 8.40E-03 3.99E-06 9.33E-03 1.10E-06 1.99E-04 3.78E-12 3.18E-03 3.15E-12 7.22E-06 1.81E-01 5.03E-02 2.520E-01
1.610E-03 8.49E-03 4.15E-06 8.68E-03 1.10E-06 1.98E-04 3.97E-12 3.07E-03 3.23E-12 6.73E-06 1.79E-01 5.15E-02 2.512E-01
1.600E-03 8.53E-03 4.24E-06 8.34E-03 1.10E-06 1.98E-04 4.08E-12 3.01E-03 3.27E-12 6.50E-06 1.79E-01 5.22E-02 2.509E-01
1.590E-03 8.58E-03 4.32E-06 8.00E-03 1.11E-06 1.98E-04 4.18E-12 2.96E-03 3.32E-12 6.34E-06 1.78E-01 5.28E-02 2.506E-01
1.580E-03 8.62E-03 4.41E-06 7.65E-03 1.12E-06 1.97E-04 4.29E-12 2.90E-03 3.38E-12 6.22E-06 1.77E-01 5.36E-02 2.505E-01
1.570E-03 8.65E-03 4.49E-06 7.31E-03 1.14E-06 1.97E-04 4.40E-12 2.85E-03 3.44E-12 6.12E-06 1.77E-01 5.44E-02 2.503E-01
1.560E-03 8.70E-03 4.60E-06 6.99E-03 1.18E-06 1.97E-04 4.52E-12 2.80E-03 3.51E-12 5.98E-06 1.77E-01 5.53E-02 2.505E-01
1.540E-03 8.82E-03 4.79E-06 6.41E-03 1.26E-06 1.96E-04 4.76E-12 2.69E-03 3.68E-12 5.84E-06 1.76E-01 5.71E-02 2.512E-01
1.520E-03 8.90E-03 4.98E-06 5.96E-03 1.38E-06 1.96E-04 5.02E-12 2.60E-03 3.88E-12 6.16E-06 1.75E-01 5.93E-02 2.521E-01
1.510E-03 8.93E-03 5.07E-06 5.79E-03 1.46E-06 1.96E-04 5.16E-12 2.55E-03 3.99E-12 6.37E-06 1.75E-01 6.04E-02 2.527E-01
1.500E-03 8.95E-03 5.16E-06 5.66E-03 1.54E-06 1.96E-04 5.30E-12 2.50E-03 4.12E-12 6.41E-06 1.75E-01 6.16E-02 2.536E-01
1.450E-03 9.10E-03 5.77E-06 5.40E-03 1.99E-06 1.97E-04 6.09E-12 2.30E-03 4.98E-12 8.18E-06 1.76E-01 7.00E-02 2.627E-01
1.440E-03 9.14E-03 5.90E-06 5.40E-03 2.09E-06 1.98E-04 6.26E-12 2.27E-03 5.20E-12 9.08E-06 1.76E-01 7.19E-02 2.653E-01
1.430E-03 9.19E-03 6.04E-06 5.39E-03 2.19E-06 1.98E-04 6.44E-12 2.26E-03 5.48E-12 9.84E-06 1.78E-01 7.41E-02 2.688E-01
1.420E-03 9.23E-03 6.18E-06 5.38E-03 2.30E-06 1.99E-04 6.63E-12 2.25E-03 5.76E-12 1.02E-05 1.79E-01 7.64E-02 2.724E-01
1.400E-03 9.32E-03 6.48E-06 5.39E-03 2.52E-06 2.00E-04 7.02E-12 2.27E-03 6.41E-12 1.12E-05 1.82E-01 8.12E-02 2.809E-01
1.380E-03 9.42E-03 6.78E-06 5.39E-03 2.76E-06 2.01E-04 7.44E-12 2.34E-03 7.17E-12 1.42E-05 1.87E-01 8.61E-02 2.904E-01
1.370E-03 9.46E-03 6.95E-06 5.40E-03 2.89E-06 2.02E-04 7.67E-12 2.40E-03 7.57E-12 1.70E-05 1.90E-01 8.84E-02 2.956E-01
1.360E-03 9.52E-03 7.12E-06 5.41E-03 3.02E-06 2.03E-04 7.90E-12 2.47E-03 7.99E-12 1.97E-05 1.93E-01 9.06E-02 3.009E-01
1.350E-03 9.58E-03 7.31E-06 5.43E-03 3.17E-06 2.04E-04 8.14E-12 2.54E-03 8.44E-12 2.11E-05 1.96E-01 9.28E-02 3.062E-01
1.340E-03 9.65E-03 7.48E-06 5.45E-03 3.32E-06 2.05E-04 8.39E-12 2.63E-03 8.88E-12 2.29E-05 1.98E-01 9.46E-02 3.111E-01
1.330E-03 9.71E-03 7.66E-06 5.48E-03 3.49E-06 2.06E-04 8.64E-12 2.72E-03 9.33E-12 2.66E-05 2.01E-01 9.64E-02 3.158E-01
1.320E-03 9.78E-03 7.85E-06 5.52E-03 3.66E-06 2.07E-04 8.91E-12 2.82E-03 9.81E-12 3.29E-05 2.04E-01 9.81E-02 3.206E-01
1.310E-03 9.82E-03 8.02E-06 5.57E-03 3.84E-06 2.08E-04 9.19E-12 2.92E-03 1.03E-11 4.33E-05 2.07E-01 9.96E-02 3.250E-01
1.290E-03 9.87E-03 8.37E-06 5.70E-03 4.25E-06 2.10E-04 9.78E-12 3.13E-03 1.14E-11 8.96E-05 2.12E-01 1.03E-01 3.339E-01
1.280E-03 9.89E-03 8.58E-06 5.77E-03 4.47E-06 2.12E-04 1.01E-11 3.26E-03 1.19E-11 1.32E-04 2.15E-01 1.04E-01 3.384E-01
1.270E-03 9.94E-03 8.81E-06 5.81E-03 4.71E-06 2.13E-04 1.04E-11 3.40E-03 1.25E-11 1.59E-04 2.18E-01 1.05E-01 3.429E-01
1.260E-03 9.98E-03 9.04E-06 5.89E-03 4.99E-06 2.15E-04 1.08E-11 3.53E-03 1.31E-11 1.37E-04 2.21E-01 1.06E-01 3.469E-01
1.250E-03 1.00E-02 9.27E-06 6.01E-03 5.29E-06 2.16E-04 1.11E-11 3.68E-03 1.37E-11 1.01E-04 2.23E-01 1.07E-01 3.507E-01
1.220E-03 1.02E-02 1.01E-05 6.83E-03 6.55E-06 2.21E-04 1.23E-11 4.13E-03 1.57E-11 7.89E-05 2.31E-01 1.10E-01 3.630E-01
1.210E-03 1.03E-02 1.04E-05 7.46E-03 7.05E-06 2.22E-04 1.27E-11 4.30E-03 1.64E-11 9.09E-05 2.34E-01 1.11E-01 3.669E-01
1.200E-03 1.03E-02 1.06E-05 8.23E-03 7.53E-06 2.24E-04 1.31E-11 4.49E-03 1.72E-11 1.00E-04 2.36E-01 1.11E-01 3.710E-01
1.190E-03 1.04E-02 1.10E-05 9.09E-03 7.96E-06 2.26E-04 1.36E-11 4.68E-03 1.80E-11 1.00E-04 2.39E-01 1.12E-01 3.753E-01
1.180E-03 1.05E-02 1.13E-05 9.94E-03 8.34E-06 2.27E-04 1.41E-11 4.88E-03 1.88E-11 9.98E-05 2.41E-01 1.12E-01 3.787E-01
1.170E-03 1.05E-02 1.16E-05 1.07E-02 8.64E-06 2.29E-04 1.46E-11 5.09E-03 1.96E-11 1.11E-04 2.43E-01 1.12E-01 3.820E-01
1.160E-03 1.06E-02 1.19E-05 1.15E-02 8.90E-06 2.32E-04 1.52E-11 5.28E-03 2.04E-11 1.43E-04 2.45E-01 1.12E-01 3.850E-01
1.150E-03 1.07E-02 1.22E-05 1.21E-02 9.13E-06 3.26E-04 1.50E-11 5.48E-03 2.12E-11 2.09E-04 2.47E-01 1.12E-01 3.878E-01
1.140E-03 1.07E-02 1.25E-05 1.26E-02 9.34E-06 2.42E-04 1.60E-11 5.70E-03 2.21E-11 3.15E-04 2.49E-01 1.12E-01 3.905E-01
1.130E-03 1.07E-02 1.28E-05 1.31E-02 9.55E-06 2.42E-04 1.66E-11 5.93E-03 2.31E-11 3.84E-04 2.51E-01 1.12E-01 3.934E-01
1.120E-03 1.08E-02 1.32E-05 1.35E-02 9.77E-06 2.43E-04 1.72E-11 6.18E-03 2.41E-11 3.09E-04 2.52E-01 1.12E-01 3.958E-01
1.110E-03 1.08E-02 1.36E-05 1.40E-02 9.99E-06 2.45E-04 1.79E-11 6.44E-03 2.52E-11 1.96E-04 2.54E-01 1.12E-01 3.980E-01
1.090E-03 1.09E-02 1.44E-05 1.48E-02 1.04E-05 2.50E-04 1.93E-11 6.99E-03 2.74E-11 8.13E-05 2.57E-01 1.12E-01 4.020E-01
1.050E-03 1.11E-02 1.64E-05 1.63E-02 1.12E-05 2.62E-04 2.24E-11 8.45E-03 3.25E-11 2.65E-05 2.63E-01 1.09E-01 4.082E-01
1.000E-03 1.15E-02 1.93E-05 1.79E-02 1.19E-05 2.79E-04 2.72E-11 9.77E-03 3.48E-11 1.31E-05 2.61E-01 1.00E-01 4.007E-01
9.800E-04 1.17E-02 2.07E-05 1.82E-02 1.19E-05 2.87E-04 2.95E-11 1.03E-02 3.59E-11 1.12E-05 2.59E-01 9.74E-02 3.973E-01
9.600E-04 1.19E-02 2.22E-05 1.81E-02 1.16E-05 2.96E-04 3.21E-11 1.07E-02 3.61E-11 1.03E-05 2.57E-01 9.29E-02 3.907E-01
9.500E-04 1.20E-02 2.30E-05 1.79E-02 1.14E-05 3.00E-04 3.35E-11 1.08E-02 3.54E-11 1.02E-05 2.54E-01 8.98E-02 3.851E-01
9.400E-04 1.21E-02 2.37E-05 1.76E-02 1.11E-05 3.05E-04 3.49E-11 1.08E-02 3.39E-11 1.02E-05 2.50E-01 8.62E-02 3.774E-01
9.200E-04 1.23E-02 2.54E-05 1.67E-02 1.07E-05 3.15E-04 3.81E-11 1.01E-02 2.82E-11 1.09E-05 2.39E-01 7.83E-02 3.570E-01
8.900E-04 1.26E-02 2.84E-05 1.48E-02 9.98E-06 3.31E-04 4.35E-11 7.95E-03 1.80E-11 1.61E-05 2.19E-01 6.88E-02 3.236E-01
8.700E-04 1.27E-02 3.03E-05 1.34E-02 9.81E-06 3.43E-04 4.76E-11 6.62E-03 1.34E-11 3.69E-05 2.07E-01 6.61E-02 3.059E-01
8.600E-04 1.28E-02 3.15E-05 1.27E-02 9.80E-06 3.49E-04 4.99E-11 6.08E-03 1.18E-11 5.61E-05 2.02E-01 6.58E-02 2.998E-01
8.500E-04 1.29E-02 3.27E-05 1.20E-02 9.78E-06 3.56E-04 5.22E-11 5.61E-03 1.05E-11 3.98E-05 1.97E-01 6.56E-02 2.937E-01
8.400E-04 1.30E-02 3.41E-05 1.12E-02 9.78E-06 3.62E-04 5.48E-11 5.12E-03 9.22E-12 2.83E-05 1.92E-01 6.53E-02 2.875E-01
8.200E-04 1.31E-02 3.64E-05 9.33E-03 1.00E-05 3.76E-04 6.03E-11 3.95E-03 6.62E-12 2.88E-05 1.80E-01 6.55E-02 2.720E-01
8.000E-04 1.33E-02 3.94E-05 7.53E-03 1.11E-05 3.91E-04 6.65E-11 2.70E-03 5.11E-12 4.25E-05 1.66E-01 7.00E-02 2.604E-01
7.900E-04 1.34E-02 4.11E-05 6.84E-03 1.19E-05 3.99E-04 7.00E-11 2.27E-03 5.50E-12 5.32E-05 1.63E-01 7.51E-02 2.610E-01
7.800E-04 1.35E-02 4.25E-05 6.27E-03 1.29E-05 4.07E-04 7.36E-11 1.85E-03 6.22E-12 6.38E-05 1.59E-01 8.07E-02 2.616E-01
7.700E-04 1.35E-02 4.42E-05 5.79E-03 1.40E-05 4.15E-04 7.75E-11 1.52E-03 7.41E-12 6.85E-05 1.56E-01 8.74E-02 2.646E-01
7.600E-04 1.35E-02 4.60E-05 5.37E-03 1.51E-05 4.24E-04 8.16E-11 1.29E-03 9.05E-12 6.36E-05 1.54E-01 9.48E-02 2.698E-01
7.500E-04 1.36E-02 4.79E-05 5.00E-03 1.64E-05 4.33E-04 8.60E-11 1.08E-03 1.10E-11 5.24E-05 1.53E-01 1.03E-01 2.761E-01
7.300E-04 1.37E-02 5.25E-05 4.43E-03 1.94E-05 4.51E-04 9.58E-11 9.07E-04 1.57E-11 3.21E-05 1.55E-01 1.19E-01 2.929E-01
7.200E-04 1.38E-02 5.46E-05 4.25E-03 2.11E-05 4.62E-04 1.01E-10 8.77E-04 1.81E-11 2.65E-05 1.56E-01 1.25E-01 3.004E-01
7.100E-04 1.38E-02 5.71E-05 4.13E-03 2.29E-05 4.72E-04 1.07E-10 8.51E-04 2.09E-11 2.58E-05 1.57E-01 1.33E-01 3.089E-01
7.000E-04 1.40E-02 6.00E-05 4.02E-03 2.46E-05 4.83E-04 1.13E-10 8.42E-04 2.36E-11 3.64E-05 1.59E-01 1.39E-01 3.171E-01
6.900E-04 1.40E-02 6.22E-05 3.87E-03 2.65E-05 4.94E-04 1.20E-10 8.37E-04 2.66E-11 2.07E-05 1.60E-01 1.45E-01 3.238E-01
6.800E-04 1.38E-02 6.47E-05 3.66E-03 2.85E-05 5.06E-04 1.27E-10 8.37E-04 2.97E-11 1.57E-05 1.60E-01 1.52E-01 3.303E-01
6.600E-04 1.39E-02 7.28E-05 3.30E-03 3.31E-05 5.31E-04 1.43E-10 8.37E-04 3.64E-11 1.48E-05 1.63E-01 1.66E-01 3.475E-01
6.400E-04 1.43E-02 8.23E-05 2.86E-03 3.86E-05 5.57E-04 1.62E-10 8.35E-04 4.41E-11 2.33E-05 1.67E-01 1.78E-01 3.639E-01
6.300E-04 1.46E-02 8.68E-05 2.67E-03 4.19E-05 5.64E-04 1.72E-10 8.32E-04 4.84E-11 3.75E-05 1.69E-01 1.83E-01 3.708E-01
6.200E-04 1.47E-02 9.10E-05 2.62E-03 4.56E-05 5.88E-04 1.83E-10 8.29E-04 5.31E-11 5.16E-05 1.70E-01 1.88E-01 3.774E-01
6.100E-04 1.48E-02 9.63E-05 2.61E-03 4.91E-05 6.04E-04 1.96E-10 8.23E-04 5.81E-11 3.67E-05 1.72E-01 1.94E-01 3.847E-01
5.900E-04 1.54E-02 1.08E-04 2.15E-03 5.72E-05 6.37E-04 2.23E-10 8.11E-04 6.96E-11 1.52E-05 1.76E-01 2.04E-01 3.986E-01
5.500E-04 1.49E-02 1.30E-04 1.59E-03 8.05E-05 7.14E-04 2.95E-10 7.99E-04 9.97E-11 1.21E-05 1.75E-01 2.31E-01 4.239E-01
5.300E-04 1.51E-02 1.50E-04 1.42E-03 9.58E-05 7.59E-04 3.42E-10 8.02E-04 1.19E-10 2.05E-05 1.77E-01 2.45E-01 4.401E-01
5.200E-04 1.51E-02 1.60E-04 1.34E-03 1.05E-04 7.83E-04 3.68E-10 8.03E-04 1.31E-10 3.39E-05 1.78E-01 2.52E-01 4.479E-01
5.100E-04 1.52E-02 1.73E-04 1.25E-03 1.14E-04 8.08E-04 3.98E-10 8.07E-04 1.44E-10 4.78E-05 1.80E-01 2.58E-01 4.558E-01
5.000E-04 1.54E-02 1.86E-04 1.16E-03 1.27E-04 8.34E-04 4.30E-10 8.11E-04 1.58E-10 3.35E-05 1.81E-01 2.63E-01 4.633E-01
4.800E-04 1.56E-02 2.14E-04 1.03E-03 1.52E-04 8.89E-04 5.05E-10 8.25E-04 1.90E-10 1.38E-05 1.84E-01 2.75E-01 4.778E-01
4.500E-04 1.62E-02 2.68E-04 8.61E-04 2.03E-04 9.85E-04 6.52E-10 8.54E-04 2.54E-10 9.36E-06 1.88E-01 2.90E-01 4.974E-01
4.000E-04 1.68E-02 4.10E-04 6.38E-04 3.38E-04 1.19E-03 1.04E-09 9.19E-04 4.25E-10 9.90E-06 1.94E-01 3.12E-01 5.271E-01
3.800E-04 1.72E-02 4.96E-04 5.63E-04 4.20E-04 1.29E-03 1.27E-09 9.48E-04 5.29E-10 1.12E-05 1.97E-01 3.19E-01 5.369E-01
3.600E-04 1.77E-02 6.07E-04 4.95E-04 5.28E-04 1.40E-03 1.57E-09 9.80E-04 6.65E-10 1.41E-05 2.00E-01 3.23E-01 5.449E-01
3.400E-04 1.86E-02 7.44E-04 4.36E-04 6.72E-04 1.53E-03 1.97E-09 1.01E-03 8.45E-10 3.42E-05 2.04E-01 3.24E-01 5.510E-01
3.300E-04 1.85E-02 8.22E-04 4.08E-04 7.61E-04 1.61E-03 2.21E-09 1.03E-03 9.56E-10 9.98E-05 2.04E-01 3.27E-01 5.537E-01
3.200E-04 1.86E-02 9.24E-04 3.80E-04 8.65E-04 1.69E-03 2.50E-09 1.05E-03 1.09E-09 3.46E-05 2.04E-01 3.28E-01 5.562E-01
3.150E-04 1.88E-02 9.82E-04 3.69E-04 9.23E-04 1.73E-03 2.66E-09 1.06E-03 1.16E-09 2.45E-05 2.05E-01 3.28E-01 5.573E-01
3.100E-04 1.90E-02 1.04E-03 3.56E-04 9.87E-04 1.77E-03 2.83E-09 1.07E-03 1.24E-09 2.05E-05 2.06E-01 3.28E-01 5.583E-01
3.080E-04 1.91E-02 1.07E-03 3.51E-04 1.01E-03 1.79E-03 2.90E-09 1.07E-03 1.27E-09 1.96E-05 2.06E-01 3.28E-01 5.587E-01
3.050E-04 1.92E-02 1.10E-03 3.44E-04 1.06E-03 1.82E-03 3.02E-09 1.08E-03 1.32E-09 1.87E-05 2.06E-01 3.28E-01 5.593E-01
3.000E-04 1.93E-02 1.18E-03 3.33E-04 1.13E-03 1.87E-03 3.22E-09 1.09E-03 1.42E-09 1.79E-05 2.07E-01 3.28E-01 5.603E-01
2.900E-04 1.97E-02 1.33E-03 3.11E-04 1.30E-03 1.97E-03 3.68E-09 1.11E-03 1.63E-09 1.77E-05 2.08E-01 3.28E-01 5.619E-01
2.800E-04 1.99E-02 1.51E-03 2.90E-04 1.50E-03 2.08E-03 4.23E-09 1.14E-03 1.88E-09 1.83E-05 2.09E-01 3.28E-01 5.635E-01
2.600E-04 2.05E-02 2.00E-03 2.52E-04 2.03E-03 2.33E-03 5.65E-09 1.19E-03 2.55E-09 2.08E-05 2.11E-01 3.28E-01 5.674E-01
2.500E-04 2.10E-02 2.33E-03 2.34E-04 2.39E-03 2.48E-03 6.59E-09 1.22E-03 2.99E-09 2.25E-05 2.12E-01 3.28E-01 5.699E-01
2.200E-04 2.31E-02 3.79E-03 1.90E-04 4.00E-03 3.01E-03 1.09E-08 1.34E-03 5.03E-09 3.00E-05 2.16E-01 3.30E-01 5.809E-01
2.159E-04 2.34E-02 4.06E-03 1.84E-04 4.32E-03 3.10E-03 1.17E-08 1.36E-03 5.43E-09 3.14E-05 2.16E-01 3.30E-01 5.827E-01
2.000E-04 2.49E-02 5.44E-03 1.66E-04 5.86E-03 3.49E-03 1.58E-08 1.44E-03 7.39E-09 3.79E-05 2.18E-01 3.31E-01 5.909E-01
1.662E-04 2.91E-02 1.06E-02 1.34E-04 1.21E-02 4.63E-03 3.26E-08 1.67E-03 1.56E-08 6.25E-05 2.21E-01 3.30E-01 6.095E-01
1.650E-04 2.93E-02 1.09E-02 1.32E-04 1.25E-02 4.68E-03 3.36E-08 1.68E-03 1.60E-08 6.38E-05 2.21E-01 3.30E-01 6.103E-01
1.250E-04 3.93E-02 2.75E-02 1.23E-04 3.45E-02 7.20E-03 9.94E-08 2.13E-03 4.87E-08 1.42E-04 2.26E-01 3.22E-01 6.580E-01
1.235E-04 3.99E-02 2.86E-02 1.22E-04 3.60E-02 7.34E-03 1.04E-07 2.15E-03 5.12E-08 1.47E-04 2.26E-01 3.21E-01 6.610E-01
1.130E-04 4.48E-02 3.71E-02 1.27E-04 4.84E-02 8.44E-03 1.48E-07 2.34E-03 7.30E-08 1.90E-04 2.27E-01 3.17E-01 6.857E-01
1.000E-04 5.36E-02 5.20E-02 1.44E-04 7.14E-02 1.03E-02 2.38E-07 2.62E-03 1.19E-07 2.67E-04 2.30E-01 3.10E-01 7.303E-01
9.500E-05 5.79E-02 5.91E-02 1.47E-04 8.38E-02 1.12E-02 2.90E-07 2.75E-03 1.46E-07 3.07E-04 2.31E-01 3.07E-01 7.533E-01
9.300E-05 5.97E-02 6.21E-02 1.50E-04 8.95E-02 1.16E-02 3.16E-07 2.81E-03 1.59E-07 3.25E-04 2.31E-01 3.06E-01 7.634E-01
9.200E-05 6.07E-02 6.36E-02 1.52E-04 9.26E-02 1.18E-02 3.29E-07 2.84E-03 1.66E-07 3.35E-04 2.31E-01 3.05E-01 7.687E-01
9.100E-05 6.16E-02 6.52E-02 1.56E-04 9.58E-02 1.20E-02 3.43E-07 2.87E-03 1.74E-07 3.45E-04 2.32E-01 3.05E-01 7.743E-01
9.000E-05 6.25E-02 6.68E-02 1.58E-04 9.91E-02 1.22E-02 3.58E-07 2.90E-03 1.81E-07 3.55E-04 2.32E-01 3.04E-01 7.799E-01
8.900E-05 6.35E-02 6.85E-02 1.61E-04 1.03E-01 1.24E-02 3.74E-07 2.93E-03 1.90E-07 3.65E-04 2.32E-01 3.03E-01 7.857E-01
8.800E-05 6.44E-02 7.02E-02 1.62E-04 1.06E-01 1.26E-02 3.91E-07 2.96E-03 1.99E-07 3.76E-04 2.32E-01 3.03E-01 7.918E-01
8.700E-05 6.53E-02 7.19E-02 1.68E-04 1.10E-01 1.29E-02 4.09E-07 2.99E-03 2.08E-07 3.87E-04 2.32E-01 3.02E-01 7.980E-01
8.600E-05 6.63E-02 7.37E-02 1.70E-04 1.14E-01 1.31E-02 4.27E-07 3.02E-03 2.18E-07 3.99E-04 2.32E-01 3.01E-01 8.045E-01
8.500E-05 6.72E-02 7.56E-02 1.73E-04 1.18E-01 1.34E-02 4.47E-07 3.06E-03 2.28E-07 4.11E-04 2.32E-01 3.01E-01 8.112E-01
8.400E-05 6.82E-02 7.75E-02 1.75E-04 1.23E-01 1.36E-02 4.68E-07 3.09E-03 2.39E-07 4.24E-04 2.32E-01 3.00E-01 8.181E-01
8.330E-05 6.90E-02 7.88E-02 1.79E-04 1.26E-01 1.38E-02 4.84E-07 3.12E-03 2.47E-07 4.33E-04 2.32E-01 3.00E-01 8.232E-01
8.200E-05 7.04E-02 8.14E-02 1.81E-04 1.32E-01 1.41E-02 5.14E-07 3.16E-03 2.63E-07 4.51E-04 2.33E-01 2.99E-01 8.329E-01
8.100E-05 7.14E-02 8.34E-02 1.87E-04 1.37E-01 1.44E-02 5.39E-07 3.20E-03 2.77E-07 4.65E-04 2.33E-01 2.98E-01 8.407E-01
8.000E-05 7.26E-02 8.54E-02 1.89E-04 1.42E-01 1.47E-02 5.66E-07 3.24E-03 2.91E-07 4.80E-04 2.33E-01 2.97E-01 8.488E-01
7.900E-05 7.39E-02 8.75E-02 1.93E-04 1.48E-01 1.50E-02 5.94E-07 3.28E-03 3.06E-07 4.95E-04 2.33E-01 2.96E-01 8.572E-01
7.800E-05 7.51E-02 8.95E-02 1.99E-04 1.53E-01 1.53E-02 6.24E-07 3.31E-03 3.22E-07 5.11E-04 2.33E-01 2.95E-01 8.659E-01
7.700E-05 7.65E-02 9.16E-02 2.04E-04 1.59E-01 1.56E-02 6.56E-07 3.35E-03 3.39E-07 5.28E-04 2.33E-01 2.95E-01 8.748E-01
7.600E-05 7.79E-02 9.37E-02 2.11E-04 1.65E-01 1.59E-02 6.90E-07 3.40E-03 3.57E-07 5.45E-04 2.34E-01 2.94E-01 8.841E-01
7.500E-05 7.93E-02 9.57E-02 2.17E-04 1.72E-01 1.62E-02 7.26E-07 3.44E-03 3.77E-07 5.63E-04 2.34E-01 2.93E-01 8.937E-01
7.400E-05 8.08E-02 9.77E-02 2.27E-04 1.78E-01 1.66E-02 7.65E-07 3.48E-03 3.98E-07 5.82E-04 2.34E-01 2.92E-01 9.035E-01
7.300E-05 8.23E-02 9.97E-02 2.38E-04 1.85E-01 1.69E-02 8.06E-07 3.53E-03 4.20E-07 6.02E-04 2.34E-01 2.91E-01 9.136E-01
7.140E-05 8.48E-02 1.03E-01 2.45E-04 1.97E-01 1.75E-02 8.78E-07 3.60E-03 4.59E-07 6.35E-04 2.34E-01 2.89E-01 9.304E-01
7.100E-05 8.55E-02 1.04E-01 2.46E-04 2.00E-01 1.76E-02 8.98E-07 3.62E-03 4.70E-07 6.43E-04 2.35E-01 2.89E-01 9.347E-01
7.000E-05 8.71E-02 1.06E-01 2.54E-04 2.08E-01 1.80E-02 9.48E-07 3.67E-03 4.97E-07 6.66E-04 2.35E-01 2.88E-01 9.457E-01
6.900E-05 8.88E-02 1.08E-01 2.62E-04 2.16E-01 1.84E-02 1.00E-06 3.72E-03 5.27E-07 6.89E-04 2.35E-01 2.87E-01 9.570E-01
6.800E-05 9.05E-02 1.10E-01 2.74E-04 2.24E-01 1.88E-02 1.06E-06 3.77E-03 5.59E-07 7.14E-04 2.35E-01 2.86E-01 9.687E-01
6.700E-05 9.22E-02 1.11E-01 2.85E-04 2.33E-01 1.92E-02 1.12E-06 3.82E-03 5.93E-07 7.39E-04 2.35E-01 2.85E-01 9.807E-01
6.600E-05 9.40E-02 1.13E-01 2.98E-04 2.42E-01 1.96E-02 1.19E-06 3.88E-03 6.30E-07 7.66E-04 2.35E-01 2.84E-01 9.930E-01
6.500E-05 9.59E-02 1.15E-01 3.04E-04 2.51E-01 2.01E-02 1.26E-06 3.93E-03 6.70E-07 7.94E-04 2.35E-01 2.83E-01 1.006E+00
6.400E-05 9.78E-02 1.17E-01 3.12E-04 2.61E-01 2.06E-02 1.34E-06 3.99E-03 7.13E-07 8.24E-04 2.36E-01 2.82E-01 1.019E+00
6.300E-05 9.98E-02 1.19E-01 3.21E-04 2.71E-01 2.11E-02 1.43E-06 4.05E-03 7.60E-07 8.55E-04 2.36E-01 2.81E-01 1.032E+00
6.250E-05 1.01E-01 1.20E-01 3.23E-04 2.76E-01 2.13E-02 1.47E-06 4.08E-03 7.85E-07 8.71E-04 2.36E-01 2.80E-01 1.039E+00
6.200E-05 1.02E-01 1.21E-01 3.32E-04 2.81E-01 2.16E-02 1.52E-06 4.11E-03 8.10E-07 8.88E-04 2.36E-01 2.80E-01 1.046E+00
6.100E-05 1.04E-01 1.22E-01 3.47E-04 2.92E-01 2.21E-02 1.62E-06 4.18E-03 8.65E-07 9.22E-04 2.36E-01 2.78E-01 1.060E+00
6.000E-05 1.06E-01 1.24E-01 3.63E-04 3.02E-01 2.27E-02 1.73E-06 4.24E-03 9.25E-07 9.58E-04 2.36E-01 2.77E-01 1.074E+00
5.900E-05 1.09E-01 1.26E-01 3.78E-04 3.14E-01 2.32E-02 1.85E-06 4.31E-03 9.90E-07 9.97E-04 2.36E-01 2.76E-01 1.089E+00
5.800E-05 1.11E-01 1.27E-01 3.95E-04 3.26E-01 2.38E-02 1.98E-06 4.38E-03 1.06E-06 1.04E-03 2.36E-01 2.75E-01 1.104E+00
5.700E-05 1.13E-01 1.28E-01 4.15E-04 3.38E-01 2.44E-02 2.12E-06 4.46E-03 1.14E-06 1.08E-03 2.36E-01 2.74E-01 1.119E+00
5.600E-05 1.16E-01 1.29E-01 4.37E-04 3.50E-01 2.50E-02 2.27E-06 4.53E-03 1.22E-06 1.13E-03 2.36E-01 2.72E-01 1.135E+00
5.500E-05 1.18E-01 1.30E-01 4.56E-04 3.63E-01 2.57E-02 2.44E-06 4.61E-03 1.31E-06 1.18E-03 2.36E-01 2.71E-01 1.151E+00
5.477E-05 1.19E-01 1.30E-01 4.58E-04 3.67E-01 2.58E-02 2.48E-06 4.63E-03 1.34E-06 1.53E-03 2.36E-01 2.71E-01 1.155E+00
5.400E-05 1.21E-01 1.31E-01 4.74E-04 3.77E-01 2.64E-02 2.62E-06 4.69E-03 1.42E-06 1.58E-03 2.36E-01 2.70E-01 1.168E+00
5.300E-05 1.24E-01 1.31E-01 4.96E-04 3.91E-01 2.72E-02 2.83E-06 4.77E-03 1.53E-06 1.67E-03 2.36E-01 2.69E-01 1.185E+00
5.200E-05 1.26E-01 1.32E-01 5.28E-04 4.06E-01 2.81E-02 3.05E-06 4.86E-03 1.65E-06 1.76E-03 2.36E-01 2.67E-01 1.202E+00
5.100E-05 1.29E-01 1.32E-01 5.58E-04 4.21E-01 2.89E-02 3.30E-06 4.95E-03 1.79E-06 1.86E-03 2.36E-01 2.66E-01 1.220E+00
5.000E-05 1.31E-01 1.32E-01 5.90E-04 4.37E-01 2.98E-02 3.58E-06 5.04E-03 1.94E-06 1.97E-03 2.36E-01 2.65E-01 1.239E+00
4.900E-05 1.33E-01 1.32E-01 6.20E-04 4.54E-01 3.08E-02 3.88E-06 5.14E-03 2.10E-06 2.08E-03 2.36E-01 2.64E-01 1.257E+00
4.880E-05 1.34E-01 1.32E-01 6.27E-04 4.57E-01 3.09E-02 3.95E-06 5.16E-03 2.14E-06 2.11E-03 2.36E-01 2.64E-01 1.261E+00
4.800E-05 1.36E-01 1.32E-01 6.55E-04 4.71E-01 3.19E-02 4.22E-06 5.24E-03 2.29E-06 2.22E-03 2.36E-01 2.63E-01 1.277E+00
4.760E-05 1.37E-01 1.32E-01 6.71E-04 4.77E-01 3.24E-02 4.37E-06 5.28E-03 2.36E-06 2.27E-03 2.36E-01 2.62E-01 1.284E+00
4.700E-05 1.38E-01 1.32E-01 6.97E-04 4.88E-01 3.31E-02 4.60E-06 5.35E-03 2.49E-06 2.36E-03 2.35E-01 2.62E-01 1.296E+00
4.650E-05 1.39E-01 1.31E-01 7.14E-04 4.97E-01 3.38E-02 4.81E-06 5.40E-03 2.60E-06 2.44E-03 2.35E-01 2.61E-01 1.306E+00
4.600E-05 1.40E-01 1.31E-01 7.42E-04 5.05E-01 3.44E-02 5.03E-06 5.46E-03 2.72E-06 2.52E-03 2.35E-01 2.61E-01 1.316E+00
4.550E-05 1.41E-01 1.31E-01 7.74E-04 5.14E-01 3.51E-02 5.26E-06 5.51E-03 2.84E-06 2.61E-03 2.35E-01 2.60E-01 1.326E+00
4.500E-05 1.43E-01 1.31E-01 8.08E-04 5.23E-01 3.58E-02 5.50E-06 5.57E-03 2.97E-06 2.70E-03 2.35E-01 2.60E-01 1.336E+00
4.440E-05 1.44E-01 1.31E-01 8.52E-04 5.34E-01 3.67E-02 5.81E-06 5.64E-03 3.14E-06 2.82E-03 2.35E-01 2.59E-01 1.348E+00
4.350E-05 1.46E-01 1.30E-01 9.31E-04 5.51E-01 3.80E-02 6.33E-06 5.75E-03 3.42E-06 3.01E-03 2.34E-01 2.58E-01 1.367E+00
4.170E-05 1.49E-01 1.30E-01 1.13E-03 5.85E-01 4.13E-02 7.53E-06 5.98E-03 4.07E-06 3.47E-03 2.33E-01 2.56E-01 1.405E+00
4.000E-05 1.52E-01 1.29E-01 1.49E-03 6.18E-01 4.47E-02 8.94E-06 6.22E-03 4.83E-06 4.03E-03 2.33E-01 2.55E-01 1.443E+00
3.850E-05 1.54E-01 1.28E-01 1.98E-03 6.47E-01 4.78E-02 1.05E-05 6.43E-03 5.66E-06 4.65E-03 2.32E-01 2.54E-01 1.476E+00
3.656E-05 1.57E-01 1.27E-01 2.90E-03 6.84E-01 5.24E-02 1.31E-05 6.73E-03 7.03E-06 5.72E-03 2.31E-01 2.53E-01 1.519E+00
3.570E-05 1.58E-01 1.26E-01 3.38E-03 7.00E-01 5.45E-02 1.45E-05 6.87E-03 7.75E-06 6.34E-03 2.30E-01 2.52E-01 1.538E+00
3.330E-05 1.61E-01 1.25E-01 5.06E-03 7.41E-01 6.20E-02 1.98E-05 7.30E-03 1.04E-05 8.81E-03 2.29E-01 2.51E-01 1.588E+00
3.130E-05 1.62E-01 1.23E-01 6.70E-03 7.69E-01 7.13E-02 2.67E-05 7.69E-03 1.35E-05 1.24E-02 2.27E-01 2.50E-01 1.630E+00
3.000E-05 1.63E-01 1.23E-01 8.01E-03 7.84E-01 7.96E-02 3.31E-05 7.95E-03 1.62E-05 1.62E-02 2.26E-01 2.49E-01 1.656E+00
2.940E-05 1.63E-01 1.22E-01 8.65E-03 7.89E-01 8.38E-02 3.67E-05 8.08E-03 1.77E-05 1.87E-02 2.26E-01 2.49E-01 1.668E+00
2.780E-05 1.64E-01 1.21E-01 1.06E-02 7.97E-01 9.81E-02 5.04E-05 8.43E-03 2.26E-05 2.93E-02 2.24E-01 2.49E-01 1.701E+00
2.630E-05 1.64E-01 1.20E-01 1.25E-02 7.98E-01 1.20E-01 7.17E-05 8.76E-03 2.89E-05 5.18E-02 2.23E-01 2.48E-01 1.746E+00
2.500E-05 1.63E-01 1.20E-01 1.48E-02 7.93E-01 1.50E-01 1.04E-04 9.05E-03 3.63E-05 1.02E-01 2.22E-01 2.48E-01 1.821E+00
2.380E-05 1.63E-01 1.19E-01 1.76E-02 7.82E-01 2.06E-01 1.60E-04 9.08E-03 4.55E-05 2.33E-01 2.21E-01 2.48E-01 1.998E+00
2.270E-05 1.62E-01 1.18E-01 2.14E-02 7.70E-01 2.98E-01 2.33E-04 9.44E-03 5.71E-05 3.93E-01 2.20E-01 2.48E-01 2.241E+00
2.170E-05 1.62E-01 1.18E-01 2.66E-02 7.61E-01 4.03E-01 3.03E-04 1.06E-02 7.15E-05 2.42E-01 2.19E-01 2.48E-01 2.190E+00
2.080E-05 1.61E-01 1.18E-01 3.60E-02 7.56E-01 4.17E-01 2.81E-04 1.33E-02 8.89E-05 1.19E-01 2.18E-01 2.48E-01 2.086E+00
2.000E-05 1.60E-01 1.17E-01 1.23E-01 6.77E-01 3.62E-01 2.20E-04 1.69E-02 1.09E-04 6.82E-02 2.17E-01 2.48E-01 1.989E+00
1.920E-05 1.59E-01 1.17E-01 2.24E-01 5.82E-01 2.81E-01 1.51E-04 2.32E-02 1.35E-04 4.33E-02 2.15E-01 2.48E-01 1.894E+00
1.850E-05 1.59E-01 1.18E-01 2.78E-01 5.28E-01 2.20E-01 1.07E-04 3.11E-02 1.66E-04 3.14E-02 2.14E-01 2.49E-01 1.829E+00
1.790E-05 1.59E-01 1.19E-01 3.35E-01 4.65E-01 1.79E-01 8.18E-05 3.96E-02 1.99E-04 2.49E-02 2.13E-01 2.49E-01 1.784E+00
1.720E-05 1.59E-01 1.19E-01 3.69E-01 4.25E-01 1.44E-01 6.50E-05 5.50E-02 2.49E-04 2.01E-02 2.11E-01 2.50E-01 1.753E+00
1.670E-05 1.59E-01 1.20E-01 3.81E-01 4.10E-01 1.23E-01 5.92E-05 6.94E-02 2.94E-04 1.78E-02 2.10E-01 2.51E-01 1.740E+00
1.610E-05 1.58E-01 1.21E-01 3.90E-01 3.97E-01 1.04E-01 6.02E-05 9.45E-02 3.63E-04 1.60E-02 2.08E-01 2.51E-01 1.740E+00
1.560E-05 1.58E-01 1.21E-01 3.94E-01 3.89E-01 9.11E-02 6.79E-05 1.23E-01 4.35E-04 1.52E-02 2.07E-01 2.52E-01 1.752E+00
1.520E-05 1.58E-01 1.21E-01 3.96E-01 3.84E-01 8.26E-02 7.90E-05 1.54E-01 5.00E-04 1.48E-02 2.06E-01 2.53E-01 1.770E+00
1.470E-05 1.57E-01 1.22E-01 3.96E-01 3.79E-01 7.34E-02 9.97E-05 1.99E-01 5.92E-04 1.48E-02 2.05E-01 2.53E-01 1.800E+00
1.430E-05 1.57E-01 1.22E-01 3.96E-01 3.75E-01 6.89E-02 1.25E-04 2.37E-01 6.62E-04 1.51E-02 2.04E-01 2.53E-01 1.829E+00
1.390E-05 1.56E-01 1.22E-01 3.95E-01 3.72E-01 6.70E-02 1.58E-04 2.67E-01 7.33E-04 1.58E-02 2.03E-01 2.53E-01 1.852E+00
1.350E-05 1.56E-01 1.22E-01 3.94E-01 3.68E-01 6.69E-02 2.03E-04 2.94E-01 8.21E-04 1.69E-02 2.03E-01 2.53E-01 1.875E+00
1.320E-05 1.55E-01 1.22E-01 3.93E-01 3.65E-01 6.82E-02 2.47E-04 3.16E-01 9.00E-04 1.80E-02 2.03E-01 2.53E-01 1.895E+00
1.280E-05 1.54E-01 1.22E-01 3.92E-01 3.62E-01 7.26E-02 3.24E-04 3.48E-01 1.02E-03 2.01E-02 2.02E-01 2.53E-01 1.927E+00
1.250E-05 1.54E-01 1.22E-01 3.91E-01 3.61E-01 7.88E-02 3.99E-04 3.74E-01 1.14E-03 2.21E-02 2.02E-01 2.53E-01 1.958E+00
1.220E-05 1.53E-01 1.22E-01 3.90E-01 3.60E-01 8.80E-02 4.94E-04 4.03E-01 1.26E-03 2.48E-02 2.01E-01 2.53E-01 1.996E+00
1.190E-05 1.52E-01 1.22E-01 3.89E-01 3.62E-01 1.00E-01 6.13E-04 4.35E-01 1.42E-03 2.82E-02 2.01E-01 2.53E-01 2.044E+00
1.160E-05 1.51E-01 1.22E-01 3.87E-01 3.64E-01 1.14E-01 7.64E-04 4.70E-01 1.60E-03 3.26E-02 2.00E-01 2.53E-01 2.097E+00
1.140E-05 1.51E-01 1.22E-01 3.87E-01 3.64E-01 1.26E-01 8.99E-04 4.97E-01 1.74E-03 3.63E-02 2.00E-01 2.53E-01 2.138E+00
1.110E-05 1.49E-01 1.22E-01 3.85E-01 3.65E-01 1.44E-01 1.17E-03 5.41E-01 1.98E-03 4.33E-02 1.99E-01 2.53E-01 2.205E+00
1.080E-05 1.48E-01 1.21E-01 3.83E-01 3.66E-01 1.95E-01 1.57E-03 5.93E-01 2.29E-03 5.28E-02 1.98E-01 2.54E-01 2.315E+00
1.050E-05 1.47E-01 1.21E-01 3.81E-01 3.66E-01 2.60E-01 2.03E-03 6.59E-01 2.68E-03 6.56E-02 1.97E-01 2.54E-01 2.456E+00
1.030E-05 1.46E-01 1.21E-01 3.80E-01 3.67E-01 3.10E-01 2.33E-03 7.20E-01 2.98E-03 7.65E-02 1.96E-01 2.55E-01 2.577E+00
1.000E-05 1.45E-01 1.20E-01 3.78E-01 3.68E-01 3.80E-01 2.84E-03 8.08E-01 3.42E-03 9.72E-02 1.96E-01 2.55E-01 2.752E+00
9.750E-06 1.43E-01 1.20E-01 3.76E-01 3.68E-01 4.61E-01 3.52E-03 8.79E-01 3.80E-03 1.18E-01 1.95E-01 2.55E-01 2.922E+00
9.500E-06 1.42E-01 1.19E-01 3.73E-01 3.69E-01 5.55E-01 4.17E-03 9.54E-01 4.23E-03 1.39E-01 1.95E-01 2.55E-01 3.110E+00
9.250E-06 1.41E-01 1.19E-01 3.71E-01 3.70E-01 6.26E-01 4.66E-03 1.03E+00 4.65E-03 1.55E-01 1.94E-01 2.54E-01 3.270E+00
9.080E-06 1.40E-01 1.18E-01 3.67E-01 3.68E-01 6.70E-01 5.00E-03 1.07E+00 4.87E-03 1.58E-01 1.94E-01 2.54E-01 3.354E+00
