 # Optical depth (Siebenmorgen 2023, A&A 670A,115; SC 2023 doi: 10.48550/arXiv.2311.03310)
 # wel(cm) sa_aC    ss_aC    sa_Si    ss_Si    sa_vgr   ss_vgr   sa_vsi   ss_vsi   s_pahS+B sa_Dark  ss_Dark sigt 
 # ------------------------------------------------------------------------------------------------------------- 
1.000E+00 2.40E-07 1.32E-16 3.94E-07 7.08E-17 3.43E-09 2.92E-23 5.70E-08 8.65E-23 8.22E-12 6.05E-06 1.31E-12 6.744E-06
9.000E-01 2.81E-07 2.01E-16 4.65E-07 1.08E-16 4.38E-09 4.45E-23 6.78E-08 1.32E-22 1.01E-11 7.05E-06 1.99E-12 7.864E-06
8.000E-01 3.36E-07 3.22E-16 5.61E-07 1.73E-16 5.71E-09 7.12E-23 8.25E-08 2.11E-22 1.28E-11 8.36E-06 3.18E-12 9.346E-06
7.000E-01 4.12E-07 5.50E-16 6.93E-07 2.95E-16 7.66E-09 1.22E-22 1.02E-07 3.60E-22 1.68E-11 1.02E-05 5.42E-12 1.137E-05
6.000E-01 5.21E-07 1.02E-15 8.85E-07 5.46E-16 1.06E-08 2.25E-22 1.31E-07 6.67E-22 2.28E-11 1.27E-05 1.00E-11 1.427E-05
5.500E-01 5.96E-07 1.44E-15 1.02E-06 7.74E-16 1.27E-08 3.19E-22 1.51E-07 9.44E-22 2.72E-11 1.45E-05 1.42E-11 1.624E-05
5.000E-01 6.90E-07 2.11E-15 1.18E-06 1.13E-15 1.54E-08 4.67E-22 1.74E-07 1.38E-21 3.29E-11 1.66E-05 2.08E-11 1.871E-05
4.500E-01 8.13E-07 3.22E-15 1.40E-06 1.73E-15 1.90E-08 7.12E-22 2.08E-07 2.11E-21 4.06E-11 1.95E-05 3.16E-11 2.190E-05
4.000E-01 9.77E-07 5.15E-15 1.69E-06 2.77E-15 2.38E-08 1.14E-21 2.50E-07 3.37E-21 5.14E-11 2.32E-05 5.06E-11 2.612E-05
3.500E-01 1.21E-06 8.78E-15 2.10E-06 4.72E-15 3.05E-08 1.94E-21 3.13E-07 5.75E-21 6.71E-11 2.83E-05 8.61E-11 3.197E-05
3.000E-01 1.54E-06 1.63E-14 2.69E-06 8.74E-15 4.02E-08 3.60E-21 3.97E-07 1.06E-20 9.13E-11 3.57E-05 1.59E-10 4.037E-05
2.500E-01 2.06E-06 3.37E-14 3.62E-06 1.81E-14 5.48E-08 7.47E-21 5.33E-07 2.21E-20 1.32E-10 4.71E-05 3.30E-10 5.336E-05
2.098E-01 2.74E-06 6.79E-14 4.81E-06 3.66E-14 7.29E-08 1.51E-20 7.09E-07 4.45E-20 1.87E-10 6.16E-05 6.63E-10 6.993E-05
1.500E-01 4.77E-06 2.60E-13 8.33E-06 1.40E-13 1.39E-07 5.76E-20 1.21E-06 1.70E-19 3.65E-10 1.04E-04 2.53E-09 1.181E-04
1.382E-01 5.47E-06 3.60E-13 9.52E-06 1.94E-13 1.64E-07 8.00E-20 1.39E-06 2.36E-19 4.30E-10 1.18E-04 3.50E-09 1.346E-04
1.320E-01 5.91E-06 4.33E-13 1.03E-05 2.33E-13 1.80E-07 9.61E-20 1.50E-06 2.83E-19 4.72E-10 1.27E-04 4.20E-09 1.447E-04
1.150E-01 7.46E-06 7.51E-13 1.29E-05 4.05E-13 2.35E-07 1.67E-19 1.87E-06 4.91E-19 6.22E-10 1.58E-04 7.28E-09 1.805E-04
1.000E-01 9.50E-06 1.31E-12 1.62E-05 7.08E-13 3.09E-07 2.92E-19 2.34E-06 8.59E-19 8.22E-10 1.98E-04 1.27E-08 2.262E-04
9.970E-02 9.55E-06 1.33E-12 1.63E-05 7.17E-13 3.11E-07 2.95E-19 2.35E-06 8.69E-19 8.27E-10 1.99E-04 1.29E-08 2.273E-04
8.670E-02 1.20E-05 2.32E-12 2.06E-05 1.25E-12 4.11E-07 5.16E-19 2.95E-06 1.52E-18 1.09E-09 2.47E-04 2.24E-08 2.833E-04
8.500E-02 1.25E-05 2.51E-12 2.12E-05 1.36E-12 4.27E-07 5.59E-19 3.04E-06 1.64E-18 1.14E-09 2.56E-04 2.43E-08 2.930E-04
7.500E-02 1.58E-05 4.15E-12 2.61E-05 2.24E-12 5.43E-07 9.22E-19 3.71E-06 2.71E-18 1.46E-09 3.20E-04 4.00E-08 3.659E-04
6.000E-02 2.32E-05 1.01E-11 3.77E-05 5.50E-12 8.35E-07 2.25E-18 5.39E-06 6.62E-18 2.28E-09 4.55E-04 9.72E-08 5.223E-04
5.500E-02 2.69E-05 1.43E-11 4.22E-05 7.82E-12 9.84E-07 3.19E-18 6.29E-06 9.39E-18 2.72E-09 5.25E-04 1.38E-07 6.020E-04
5.000E-02 3.21E-05 2.10E-11 5.23E-05 1.15E-11 1.17E-06 4.66E-18 7.49E-06 1.37E-17 3.29E-09 6.23E-04 2.02E-07 7.163E-04
4.500E-02 3.95E-05 3.21E-11 6.92E-05 1.77E-11 1.43E-06 7.11E-18 9.15E-06 2.10E-17 4.06E-09 7.61E-04 3.07E-07 8.808E-04
4.000E-02 5.07E-05 5.14E-11 9.25E-05 2.86E-11 1.79E-06 1.14E-17 1.16E-05 3.36E-17 5.14E-09 9.57E-04 4.90E-07 1.114E-03
3.500E-02 6.36E-05 8.78E-11 1.41E-04 4.93E-11 2.29E-06 1.94E-17 1.53E-05 5.74E-17 6.72E-09 1.18E-03 8.35E-07 1.404E-03
3.000E-02 8.98E-05 1.63E-10 2.19E-04 9.17E-11 3.05E-06 3.60E-17 2.15E-05 1.07E-16 9.15E-09 1.62E-03 1.54E-06 1.957E-03
2.750E-02 1.07E-04 2.31E-10 2.76E-04 1.30E-10 3.60E-06 5.10E-17 2.62E-05 1.51E-16 1.09E-08 1.90E-03 2.18E-06 2.313E-03
2.500E-02 1.29E-04 3.40E-10 3.52E-04 1.90E-10 4.29E-06 7.46E-17 3.29E-05 2.21E-16 1.32E-08 2.27E-03 3.19E-06 2.792E-03
2.400E-02 1.42E-04 4.00E-10 3.89E-04 2.24E-10 4.65E-06 8.79E-17 3.59E-05 2.61E-16 1.43E-08 2.44E-03 3.74E-06 3.019E-03
2.000E-02 2.07E-04 8.36E-10 6.06E-04 4.56E-10 6.58E-06 1.83E-16 5.20E-05 5.40E-16 2.06E-08 3.44E-03 7.73E-06 4.324E-03
1.800E-02 2.58E-04 1.28E-09 7.52E-04 6.85E-10 8.08E-06 2.79E-16 6.46E-05 8.23E-16 2.55E-08 4.23E-03 1.18E-05 5.327E-03
1.600E-02 3.43E-04 2.07E-09 9.35E-04 1.07E-09 1.02E-05 4.47E-16 8.24E-05 1.32E-15 3.23E-08 5.34E-03 1.88E-05 6.731E-03
1.500E-02 4.08E-04 2.69E-09 1.05E-03 1.37E-09 1.17E-05 5.79E-16 9.35E-05 1.71E-15 3.68E-08 6.07E-03 2.42E-05 7.657E-03
1.400E-02 4.64E-04 3.55E-09 1.18E-03 1.79E-09 1.35E-05 7.65E-16 1.08E-04 2.25E-15 4.23E-08 6.77E-03 3.18E-05 8.566E-03
1.200E-02 7.09E-04 6.66E-09 1.50E-03 3.20E-09 1.87E-05 1.42E-15 1.48E-04 4.18E-15 5.77E-08 9.16E-03 5.80E-05 1.159E-02
1.000E-02 1.08E-03 1.40E-08 1.98E-03 6.34E-09 2.83E-05 2.97E-15 2.16E-04 8.68E-15 8.36E-08 1.26E-02 1.19E-04 1.605E-02
9.000E-03 1.43E-03 2.16E-08 2.26E-03 9.41E-09 3.64E-05 4.55E-15 2.70E-04 1.32E-14 1.04E-07 1.55E-02 1.80E-04 1.964E-02
8.000E-03 1.90E-03 3.40E-08 2.62E-03 1.49E-08 4.87E-05 7.35E-15 3.46E-04 2.12E-14 1.32E-07 1.85E-02 2.83E-04 2.371E-02
7.500E-03 2.22E-03 4.45E-08 2.90E-03 1.92E-08 5.74E-05 9.57E-15 3.97E-04 2.75E-14 1.51E-07 2.10E-02 3.66E-04 2.698E-02
7.000E-03 2.69E-03 5.82E-08 3.25E-03 2.51E-08 6.89E-05 1.27E-14 4.60E-04 3.62E-14 1.74E-07 2.38E-02 4.76E-04 3.071E-02
6.000E-03 3.86E-03 1.06E-07 4.17E-03 4.58E-08 1.06E-04 2.39E-14 6.40E-04 6.71E-14 2.40E-07 3.11E-02 8.66E-04 4.074E-02
5.000E-03 5.50E-03 2.07E-07 5.93E-03 9.32E-08 1.86E-04 5.07E-14 9.43E-04 1.38E-13 3.54E-07 4.22E-02 1.75E-03 5.653E-02
4.500E-03 6.77E-03 3.00E-07 7.25E-03 1.39E-07 2.63E-04 7.82E-14 1.18E-03 2.10E-13 4.45E-07 5.08E-02 2.62E-03 6.883E-02
4.000E-03 8.06E-03 4.46E-07 9.04E-03 2.08E-07 3.85E-04 1.25E-13 1.50E-03 3.33E-13 5.81E-07 6.16E-02 4.08E-03 8.465E-02
3.500E-03 9.74E-03 7.06E-07 1.12E-02 3.29E-07 5.35E-04 1.99E-13 1.96E-03 5.60E-13 8.01E-07 7.71E-02 6.73E-03 1.072E-01
3.000E-03 1.20E-02 1.17E-06 1.37E-02 5.28E-07 5.65E-04 3.12E-13 2.68E-03 1.02E-12 1.22E-06 9.99E-02 1.17E-02 1.405E-01
2.750E-03 1.32E-02 1.53E-06 1.50E-02 6.81E-07 4.87E-04 4.01E-13 3.22E-03 1.43E-12 1.65E-06 1.14E-01 1.55E-02 1.619E-01
2.500E-03 1.42E-02 2.04E-06 1.65E-02 8.92E-07 3.84E-04 5.52E-13 3.95E-03 2.05E-12 2.74E-06 1.31E-01 2.09E-02 1.871E-01
2.400E-03 1.47E-02 2.33E-06 1.70E-02 1.00E-06 3.44E-04 6.41E-13 4.31E-03 2.38E-12 3.84E-06 1.39E-01 2.34E-02 1.986E-01
2.350E-03 1.51E-02 2.49E-06 1.74E-02 1.06E-06 3.25E-04 6.94E-13 4.51E-03 2.58E-12 4.55E-06 1.43E-01 2.47E-02 2.048E-01
2.320E-03 1.52E-02 2.59E-06 1.76E-02 1.10E-06 3.15E-04 7.29E-13 4.63E-03 2.70E-12 4.90E-06 1.45E-01 2.55E-02 2.085E-01
2.310E-03 1.53E-02 2.63E-06 1.76E-02 1.12E-06 3.11E-04 7.41E-13 4.67E-03 2.74E-12 4.98E-06 1.46E-01 2.58E-02 2.097E-01
2.300E-03 1.54E-02 2.66E-06 1.77E-02 1.13E-06 3.08E-04 7.53E-13 4.71E-03 2.78E-12 5.06E-06 1.47E-01 2.61E-02 2.109E-01
2.250E-03 1.56E-02 2.84E-06 1.81E-02 1.20E-06 2.91E-04 8.21E-13 4.95E-03 3.02E-12 5.27E-06 1.51E-01 2.76E-02 2.175E-01
2.200E-03 1.59E-02 3.04E-06 1.85E-02 1.28E-06 2.75E-04 8.96E-13 5.23E-03 3.27E-12 5.53E-06 1.55E-01 2.90E-02 2.240E-01
2.150E-03 1.62E-02 3.27E-06 1.90E-02 1.36E-06 2.61E-04 9.82E-13 5.49E-03 3.54E-12 6.05E-06 1.59E-01 3.04E-02 2.306E-01
2.120E-03 1.64E-02 3.42E-06 1.93E-02 1.41E-06 2.53E-04 1.04E-12 5.66E-03 3.71E-12 6.30E-06 1.62E-01 3.13E-02 2.346E-01
2.110E-03 1.64E-02 3.46E-06 1.94E-02 1.42E-06 2.50E-04 1.06E-12 5.72E-03 3.77E-12 6.34E-06 1.62E-01 3.16E-02 2.359E-01
2.100E-03 1.65E-02 3.51E-06 1.95E-02 1.44E-06 2.48E-04 1.08E-12 5.79E-03 3.83E-12 6.35E-06 1.63E-01 3.18E-02 2.372E-01
2.080E-03 1.66E-02 3.60E-06 1.96E-02 1.47E-06 2.43E-04 1.12E-12 5.91E-03 3.95E-12 6.31E-06 1.65E-01 3.23E-02 2.394E-01
2.000E-03 1.68E-02 4.06E-06 2.03E-02 1.59E-06 2.25E-04 1.31E-12 6.48E-03 4.49E-12 6.00E-06 1.71E-01 3.46E-02 2.492E-01
1.950E-03 1.71E-02 4.41E-06 2.05E-02 1.64E-06 2.16E-04 1.46E-12 6.86E-03 4.75E-12 6.46E-06 1.74E-01 3.55E-02 2.539E-01
1.900E-03 1.74E-02 4.81E-06 2.07E-02 1.69E-06 2.07E-04 1.62E-12 7.15E-03 4.97E-12 7.81E-06 1.76E-01 3.62E-02 2.574E-01
1.850E-03 1.78E-02 5.26E-06 2.05E-02 1.71E-06 1.99E-04 1.80E-12 7.31E-03 5.11E-12 1.01E-05 1.76E-01 3.66E-02 2.586E-01
1.830E-03 1.80E-02 5.44E-06 2.04E-02 1.71E-06 1.97E-04 1.88E-12 7.33E-03 5.13E-12 1.09E-05 1.76E-01 3.67E-02 2.585E-01
1.820E-03 1.80E-02 5.53E-06 2.03E-02 1.71E-06 1.95E-04 1.93E-12 7.33E-03 5.14E-12 1.11E-05 1.76E-01 3.68E-02 2.582E-01
1.810E-03 1.81E-02 5.63E-06 2.02E-02 1.70E-06 1.94E-04 1.97E-12 7.31E-03 5.16E-12 1.13E-05 1.75E-01 3.69E-02 2.579E-01
1.800E-03 1.82E-02 5.74E-06 2.01E-02 1.70E-06 1.93E-04 2.02E-12 7.30E-03 5.17E-12 1.14E-05 1.75E-01 3.70E-02 2.576E-01
1.750E-03 1.86E-02 6.28E-06 1.92E-02 1.66E-06 1.87E-04 2.26E-12 7.11E-03 5.19E-12 1.16E-05 1.72E-01 3.74E-02 2.550E-01
1.700E-03 1.88E-02 6.88E-06 1.78E-02 1.59E-06 1.83E-04 2.55E-12 6.76E-03 5.23E-12 1.42E-05 1.69E-01 3.83E-02 2.507E-01
1.670E-03 1.91E-02 7.32E-06 1.67E-02 1.54E-06 1.80E-04 2.74E-12 6.51E-03 5.29E-12 1.68E-05 1.67E-01 3.92E-02 2.486E-01
1.650E-03 1.93E-02 7.64E-06 1.58E-02 1.52E-06 1.79E-04 2.88E-12 6.31E-03 5.35E-12 1.77E-05 1.66E-01 3.99E-02 2.473E-01
1.640E-03 1.95E-02 7.79E-06 1.54E-02 1.51E-06 1.79E-04 2.95E-12 6.21E-03 5.39E-12 1.77E-05 1.65E-01 4.02E-02 2.464E-01
1.630E-03 1.96E-02 7.95E-06 1.49E-02 1.50E-06 1.78E-04 3.02E-12 6.11E-03 5.43E-12 1.73E-05 1.64E-01 4.06E-02 2.456E-01
1.610E-03 1.98E-02 8.26E-06 1.39E-02 1.50E-06 1.77E-04 3.18E-12 5.90E-03 5.56E-12 1.62E-05 1.63E-01 4.16E-02 2.442E-01
1.600E-03 1.99E-02 8.43E-06 1.33E-02 1.50E-06 1.77E-04 3.26E-12 5.79E-03 5.64E-12 1.57E-05 1.62E-01 4.21E-02 2.436E-01
1.590E-03 2.00E-02 8.61E-06 1.28E-02 1.51E-06 1.76E-04 3.35E-12 5.69E-03 5.72E-12 1.53E-05 1.62E-01 4.27E-02 2.430E-01
1.580E-03 2.01E-02 8.78E-06 1.22E-02 1.53E-06 1.76E-04 3.43E-12 5.59E-03 5.82E-12 1.50E-05 1.61E-01 4.33E-02 2.425E-01
1.570E-03 2.01E-02 8.95E-06 1.17E-02 1.56E-06 1.76E-04 3.52E-12 5.48E-03 5.93E-12 1.48E-05 1.61E-01 4.40E-02 2.420E-01
1.560E-03 2.02E-02 9.16E-06 1.12E-02 1.60E-06 1.76E-04 3.62E-12 5.38E-03 6.05E-12 1.45E-05 1.60E-01 4.47E-02 2.419E-01
1.540E-03 2.05E-02 9.54E-06 1.02E-02 1.72E-06 1.75E-04 3.81E-12 5.18E-03 6.33E-12 1.41E-05 1.60E-01 4.62E-02 2.419E-01
1.520E-03 2.07E-02 9.91E-06 9.51E-03 1.89E-06 1.75E-04 4.02E-12 4.99E-03 6.69E-12 1.49E-05 1.59E-01 4.79E-02 2.421E-01
1.510E-03 2.08E-02 1.01E-05 9.24E-03 1.99E-06 1.75E-04 4.13E-12 4.90E-03 6.88E-12 1.54E-05 1.58E-01 4.89E-02 2.424E-01
1.500E-03 2.08E-02 1.03E-05 9.03E-03 2.09E-06 1.75E-04 4.24E-12 4.82E-03 7.10E-12 1.55E-05 1.58E-01 4.99E-02 2.429E-01
1.450E-03 2.12E-02 1.15E-05 8.61E-03 2.72E-06 1.76E-04 4.87E-12 4.43E-03 8.58E-12 1.97E-05 1.59E-01 5.68E-02 2.499E-01
1.440E-03 2.13E-02 1.18E-05 8.61E-03 2.85E-06 1.77E-04 5.01E-12 4.37E-03 8.97E-12 2.18E-05 1.59E-01 5.83E-02 2.520E-01
1.430E-03 2.14E-02 1.20E-05 8.60E-03 2.99E-06 1.77E-04 5.15E-12 4.35E-03 9.44E-12 2.36E-05 1.60E-01 6.02E-02 2.550E-01
1.420E-03 2.15E-02 1.23E-05 8.59E-03 3.13E-06 1.77E-04 5.30E-12 4.34E-03 9.93E-12 2.45E-05 1.61E-01 6.21E-02 2.580E-01
1.400E-03 2.17E-02 1.29E-05 8.60E-03 3.43E-06 1.78E-04 5.62E-12 4.37E-03 1.10E-11 2.68E-05 1.65E-01 6.61E-02 2.655E-01
1.380E-03 2.19E-02 1.35E-05 8.60E-03 3.76E-06 1.80E-04 5.95E-12 4.49E-03 1.23E-11 3.39E-05 1.69E-01 7.01E-02 2.740E-01
1.370E-03 2.20E-02 1.38E-05 8.62E-03 3.94E-06 1.80E-04 6.13E-12 4.62E-03 1.30E-11 4.04E-05 1.71E-01 7.21E-02 2.788E-01
1.360E-03 2.21E-02 1.42E-05 8.63E-03 4.12E-06 1.81E-04 6.32E-12 4.75E-03 1.38E-11 4.68E-05 1.74E-01 7.40E-02 2.838E-01
1.350E-03 2.23E-02 1.45E-05 8.66E-03 4.32E-06 1.82E-04 6.51E-12 4.89E-03 1.45E-11 5.01E-05 1.77E-01 7.58E-02 2.888E-01
1.340E-03 2.25E-02 1.49E-05 8.69E-03 4.53E-06 1.83E-04 6.71E-12 5.06E-03 1.53E-11 5.43E-05 1.80E-01 7.74E-02 2.936E-01
1.330E-03 2.26E-02 1.53E-05 8.74E-03 4.76E-06 1.84E-04 6.92E-12 5.24E-03 1.61E-11 6.30E-05 1.82E-01 7.89E-02 2.982E-01
1.320E-03 2.27E-02 1.56E-05 8.80E-03 4.99E-06 1.85E-04 7.13E-12 5.42E-03 1.69E-11 7.78E-05 1.85E-01 8.04E-02 3.029E-01
1.310E-03 2.29E-02 1.60E-05 8.88E-03 5.24E-06 1.86E-04 7.35E-12 5.61E-03 1.78E-11 1.02E-04 1.88E-01 8.17E-02 3.074E-01
1.290E-03 2.30E-02 1.67E-05 9.09E-03 5.80E-06 1.88E-04 7.83E-12 6.02E-03 1.96E-11 2.11E-04 1.93E-01 8.44E-02 3.163E-01
1.280E-03 2.30E-02 1.71E-05 9.21E-03 6.10E-06 1.89E-04 8.08E-12 6.28E-03 2.05E-11 3.09E-04 1.96E-01 8.57E-02 3.209E-01
1.270E-03 2.31E-02 1.75E-05 9.27E-03 6.42E-06 1.90E-04 8.34E-12 6.53E-03 2.16E-11 3.74E-04 1.99E-01 8.69E-02 3.256E-01
1.260E-03 2.32E-02 1.80E-05 9.40E-03 6.81E-06 1.92E-04 8.61E-12 6.80E-03 2.26E-11 3.22E-04 2.02E-01 8.79E-02 3.299E-01
1.250E-03 2.33E-02 1.85E-05 9.59E-03 7.22E-06 1.93E-04 8.89E-12 7.07E-03 2.36E-11 2.38E-04 2.05E-01 8.88E-02 3.339E-01
1.220E-03 2.38E-02 2.01E-05 1.09E-02 8.93E-06 1.97E-04 9.81E-12 7.93E-03 2.71E-11 1.86E-04 2.13E-01 9.14E-02 3.477E-01
1.210E-03 2.39E-02 2.06E-05 1.19E-02 9.61E-06 1.98E-04 1.01E-11 8.27E-03 2.83E-11 2.14E-04 2.16E-01 9.20E-02 3.524E-01
1.200E-03 2.40E-02 2.12E-05 1.31E-02 1.03E-05 2.00E-04 1.05E-11 8.63E-03 2.97E-11 2.36E-04 2.19E-01 9.26E-02 3.575E-01
1.190E-03 2.42E-02 2.18E-05 1.45E-02 1.09E-05 2.01E-04 1.09E-11 9.01E-03 3.11E-11 2.36E-04 2.22E-01 9.32E-02 3.629E-01
1.180E-03 2.43E-02 2.24E-05 1.59E-02 1.14E-05 2.03E-04 1.12E-11 9.39E-03 3.23E-11 2.35E-04 2.24E-01 9.34E-02 3.674E-01
1.170E-03 2.45E-02 2.30E-05 1.71E-02 1.18E-05 2.05E-04 1.17E-11 9.79E-03 3.37E-11 2.61E-04 2.26E-01 9.36E-02 3.720E-01
1.160E-03 2.47E-02 2.37E-05 1.83E-02 1.21E-05 2.07E-04 1.21E-11 1.02E-02 3.51E-11 3.36E-04 2.29E-01 9.38E-02 3.761E-01
1.150E-03 2.48E-02 2.42E-05 1.92E-02 1.25E-05 2.91E-04 1.20E-11 1.05E-02 3.65E-11 4.90E-04 2.31E-01 9.39E-02 3.799E-01
1.140E-03 2.48E-02 2.48E-05 2.01E-02 1.27E-05 2.16E-04 1.28E-11 1.10E-02 3.81E-11 7.38E-04 2.33E-01 9.41E-02 3.837E-01
1.130E-03 2.49E-02 2.55E-05 2.09E-02 1.30E-05 2.16E-04 1.33E-11 1.14E-02 3.99E-11 9.00E-04 2.35E-01 9.43E-02 3.876E-01
1.120E-03 2.50E-02 2.62E-05 2.16E-02 1.33E-05 2.17E-04 1.38E-11 1.19E-02 4.16E-11 7.25E-04 2.37E-01 9.44E-02 3.909E-01
1.110E-03 2.51E-02 2.70E-05 2.23E-02 1.36E-05 2.19E-04 1.43E-11 1.24E-02 4.34E-11 4.61E-04 2.39E-01 9.43E-02 3.939E-01
1.090E-03 2.53E-02 2.86E-05 2.36E-02 1.42E-05 2.24E-04 1.54E-11 1.34E-02 4.72E-11 1.91E-04 2.43E-01 9.42E-02 3.999E-01
1.050E-03 2.58E-02 3.26E-05 2.61E-02 1.53E-05 2.34E-04 1.79E-11 1.63E-02 5.61E-11 6.32E-05 2.51E-01 9.21E-02 4.112E-01
1.000E-03 2.68E-02 3.85E-05 2.85E-02 1.63E-05 2.50E-04 2.18E-11 1.88E-02 6.00E-11 3.17E-05 2.50E-01 8.51E-02 4.095E-01
9.800E-04 2.72E-02 4.13E-05 2.90E-02 1.62E-05 2.57E-04 2.36E-11 1.97E-02 6.18E-11 2.74E-05 2.49E-01 8.26E-02 4.082E-01
9.600E-04 2.76E-02 4.43E-05 2.89E-02 1.58E-05 2.64E-04 2.57E-11 2.06E-02 6.22E-11 2.53E-05 2.47E-01 7.89E-02 4.035E-01
9.500E-04 2.79E-02 4.58E-05 2.86E-02 1.55E-05 2.68E-04 2.68E-11 2.08E-02 6.09E-11 2.50E-05 2.45E-01 7.62E-02 3.988E-01
9.400E-04 2.81E-02 4.73E-05 2.80E-02 1.52E-05 2.72E-04 2.79E-11 2.08E-02 5.83E-11 2.50E-05 2.41E-01 7.31E-02 3.916E-01
9.200E-04 2.85E-02 5.05E-05 2.67E-02 1.46E-05 2.81E-04 3.05E-11 1.94E-02 4.85E-11 2.67E-05 2.30E-01 6.63E-02 3.714E-01
8.900E-04 2.92E-02 5.64E-05 2.36E-02 1.36E-05 2.96E-04 3.48E-11 1.53E-02 3.11E-11 3.91E-05 2.09E-01 5.81E-02 3.359E-01
8.700E-04 2.94E-02 6.03E-05 2.14E-02 1.34E-05 3.06E-04 3.81E-11 1.27E-02 2.31E-11 8.79E-05 1.96E-01 5.56E-02 3.161E-01
8.600E-04 2.97E-02 6.27E-05 2.03E-02 1.34E-05 3.12E-04 3.99E-11 1.17E-02 2.04E-11 1.33E-04 1.92E-01 5.54E-02 3.091E-01
8.500E-04 2.99E-02 6.50E-05 1.91E-02 1.33E-05 3.18E-04 4.18E-11 1.08E-02 1.82E-11 9.47E-05 1.87E-01 5.51E-02 3.021E-01
8.400E-04 3.02E-02 6.78E-05 1.79E-02 1.33E-05 3.23E-04 4.38E-11 9.84E-03 1.59E-11 6.78E-05 1.82E-01 5.49E-02 2.950E-01
8.200E-04 3.05E-02 7.24E-05 1.49E-02 1.37E-05 3.36E-04 4.82E-11 7.59E-03 1.14E-11 6.90E-05 1.69E-01 5.49E-02 2.771E-01
8.000E-04 3.09E-02 7.85E-05 1.20E-02 1.51E-05 3.50E-04 5.32E-11 5.19E-03 8.80E-12 1.01E-04 1.55E-01 5.86E-02 2.624E-01
7.900E-04 3.12E-02 8.18E-05 1.09E-02 1.63E-05 3.56E-04 5.60E-11 4.36E-03 9.48E-12 1.26E-04 1.51E-01 6.28E-02 2.613E-01
7.800E-04 3.13E-02 8.47E-05 1.00E-02 1.76E-05 3.64E-04 5.89E-11 3.55E-03 1.07E-11 1.51E-04 1.47E-01 6.75E-02 2.602E-01
7.700E-04 3.14E-02 8.79E-05 9.23E-03 1.91E-05 3.71E-04 6.20E-11 2.92E-03 1.28E-11 1.62E-04 1.44E-01 7.31E-02 2.613E-01
7.600E-04 3.15E-02 9.15E-05 8.56E-03 2.07E-05 3.78E-04 6.53E-11 2.48E-03 1.56E-11 1.51E-04 1.42E-01 7.93E-02 2.648E-01
7.500E-04 3.15E-02 9.53E-05 7.97E-03 2.24E-05 3.86E-04 6.88E-11 2.08E-03 1.90E-11 1.25E-04 1.41E-01 8.61E-02 2.692E-01
7.300E-04 3.19E-02 1.04E-04 7.06E-03 2.65E-05 4.03E-04 7.67E-11 1.74E-03 2.70E-11 7.71E-05 1.42E-01 9.94E-02 2.830E-01
7.200E-04 3.20E-02 1.09E-04 6.77E-03 2.88E-05 4.12E-04 8.10E-11 1.69E-03 3.13E-11 6.41E-05 1.43E-01 1.05E-01 2.894E-01
7.100E-04 3.21E-02 1.14E-04 6.59E-03 3.12E-05 4.22E-04 8.56E-11 1.64E-03 3.60E-11 6.27E-05 1.44E-01 1.11E-01 2.965E-01
7.000E-04 3.24E-02 1.19E-04 6.41E-03 3.36E-05 4.31E-04 9.06E-11 1.62E-03 4.07E-11 8.74E-05 1.46E-01 1.17E-01 3.039E-01
6.900E-04 3.26E-02 1.24E-04 6.16E-03 3.61E-05 4.41E-04 9.59E-11 1.61E-03 4.59E-11 5.07E-05 1.47E-01 1.22E-01 3.098E-01
6.800E-04 3.21E-02 1.29E-04 5.84E-03 3.89E-05 4.52E-04 1.02E-10 1.61E-03 5.11E-11 3.91E-05 1.47E-01 1.28E-01 3.148E-01
6.600E-04 3.23E-02 1.45E-04 5.26E-03 4.52E-05 4.74E-04 1.14E-10 1.61E-03 6.28E-11 3.72E-05 1.50E-01 1.40E-01 3.300E-01
6.400E-04 3.32E-02 1.64E-04 4.56E-03 5.27E-05 4.98E-04 1.29E-10 1.61E-03 7.61E-11 5.73E-05 1.54E-01 1.51E-01 3.452E-01
6.300E-04 3.39E-02 1.73E-04 4.25E-03 5.72E-05 5.04E-04 1.38E-10 1.60E-03 8.35E-11 9.05E-05 1.56E-01 1.55E-01 3.519E-01
6.200E-04 3.41E-02 1.81E-04 4.18E-03 6.22E-05 5.25E-04 1.47E-10 1.59E-03 9.15E-11 1.24E-04 1.57E-01 1.61E-01 3.580E-01
6.100E-04 3.44E-02 1.92E-04 4.16E-03 6.70E-05 5.39E-04 1.57E-10 1.58E-03 1.00E-10 8.90E-05 1.58E-01 1.66E-01 3.649E-01
5.900E-04 3.58E-02 2.15E-04 3.42E-03 7.80E-05 5.69E-04 1.79E-10 1.56E-03 1.20E-10 3.87E-05 1.62E-01 1.75E-01 3.785E-01
5.500E-04 3.46E-02 2.59E-04 2.53E-03 1.10E-04 6.38E-04 2.36E-10 1.54E-03 1.72E-10 3.18E-05 1.61E-01 2.00E-01 4.002E-01
5.300E-04 3.49E-02 2.98E-04 2.26E-03 1.31E-04 6.78E-04 2.73E-10 1.54E-03 2.06E-10 5.18E-05 1.63E-01 2.13E-01 4.158E-01
5.200E-04 3.50E-02 3.19E-04 2.13E-03 1.43E-04 6.99E-04 2.95E-10 1.54E-03 2.26E-10 8.34E-05 1.64E-01 2.19E-01 4.233E-01
5.100E-04 3.53E-02 3.44E-04 1.99E-03 1.56E-04 7.22E-04 3.18E-10 1.55E-03 2.47E-10 1.16E-04 1.66E-01 2.25E-01 4.312E-01
5.000E-04 3.57E-02 3.69E-04 1.84E-03 1.73E-04 7.45E-04 3.44E-10 1.56E-03 2.72E-10 8.28E-05 1.68E-01 2.31E-01 4.388E-01
4.800E-04 3.62E-02 4.27E-04 1.63E-03 2.08E-04 7.94E-04 4.04E-10 1.59E-03 3.28E-10 3.69E-05 1.70E-01 2.43E-01 4.537E-01
4.500E-04 3.74E-02 5.34E-04 1.37E-03 2.77E-04 8.80E-04 5.22E-10 1.64E-03 4.38E-10 2.72E-05 1.75E-01 2.58E-01 4.751E-01
4.000E-04 3.90E-02 8.17E-04 1.01E-03 4.61E-04 1.06E-03 8.30E-10 1.77E-03 7.32E-10 2.99E-05 1.82E-01 2.84E-01 5.100E-01
3.800E-04 3.98E-02 9.87E-04 8.93E-04 5.74E-04 1.15E-03 1.02E-09 1.82E-03 9.11E-10 3.35E-05 1.85E-01 2.93E-01 5.232E-01
3.600E-04 4.08E-02 1.21E-03 7.85E-04 7.21E-04 1.25E-03 1.26E-09 1.88E-03 1.15E-09 4.13E-05 1.88E-01 3.01E-01 5.355E-01
3.400E-04 4.28E-02 1.48E-03 6.91E-04 9.16E-04 1.37E-03 1.58E-09 1.95E-03 1.46E-09 8.94E-05 1.92E-01 3.06E-01 5.472E-01
3.300E-04 4.28E-02 1.64E-03 6.47E-04 1.04E-03 1.43E-03 1.77E-09 1.99E-03 1.65E-09 2.44E-04 1.92E-01 3.10E-01 5.522E-01
3.200E-04 4.30E-02 1.84E-03 6.03E-04 1.18E-03 1.50E-03 2.00E-09 2.02E-03 1.87E-09 9.16E-05 1.93E-01 3.14E-01 5.574E-01
3.150E-04 4.34E-02 1.95E-03 5.84E-04 1.26E-03 1.54E-03 2.13E-09 2.03E-03 2.00E-09 6.83E-05 1.94E-01 3.15E-01 5.602E-01
3.100E-04 4.38E-02 2.07E-03 5.64E-04 1.35E-03 1.58E-03 2.27E-09 2.05E-03 2.13E-09 5.91E-05 1.95E-01 3.17E-01 5.629E-01
3.080E-04 4.40E-02 2.12E-03 5.56E-04 1.38E-03 1.60E-03 2.32E-09 2.06E-03 2.19E-09 5.72E-05 1.95E-01 3.17E-01 5.640E-01
3.050E-04 4.41E-02 2.20E-03 5.44E-04 1.44E-03 1.62E-03 2.42E-09 2.07E-03 2.28E-09 5.53E-05 1.96E-01 3.18E-01 5.656E-01
3.000E-04 4.44E-02 2.34E-03 5.27E-04 1.54E-03 1.67E-03 2.58E-09 2.09E-03 2.44E-09 5.39E-05 1.96E-01 3.19E-01 5.682E-01
2.900E-04 4.54E-02 2.65E-03 4.91E-04 1.77E-03 1.76E-03 2.94E-09 2.14E-03 2.81E-09 5.43E-05 1.98E-01 3.21E-01 5.736E-01
2.800E-04 4.57E-02 3.01E-03 4.59E-04 2.05E-03 1.86E-03 3.38E-09 2.18E-03 3.25E-09 5.67E-05 1.99E-01 3.25E-01 5.786E-01
2.600E-04 4.71E-02 3.98E-03 3.97E-04 2.78E-03 2.08E-03 4.52E-09 2.29E-03 4.39E-09 6.46E-05 2.01E-01 3.30E-01 5.903E-01
2.500E-04 4.82E-02 4.63E-03 3.70E-04 3.26E-03 2.21E-03 5.27E-09 2.35E-03 5.16E-09 7.00E-05 2.03E-01 3.33E-01 5.971E-01
2.200E-04 5.29E-02 7.55E-03 2.98E-04 5.46E-03 2.69E-03 8.70E-09 2.58E-03 8.66E-09 9.26E-05 2.09E-01 3.42E-01 6.224E-01
2.159E-04 5.35E-02 8.09E-03 2.89E-04 5.89E-03 2.77E-03 9.37E-09 2.61E-03 9.35E-09 9.67E-05 2.09E-01 3.44E-01 6.262E-01
2.000E-04 5.68E-02 1.08E-02 2.61E-04 8.01E-03 3.11E-03 1.26E-08 2.77E-03 1.27E-08 1.16E-04 2.12E-01 3.49E-01 6.435E-01
1.662E-04 6.60E-02 2.13E-02 2.09E-04 1.66E-02 4.14E-03 2.61E-08 3.21E-03 2.68E-08 1.86E-04 2.18E-01 3.58E-01 6.880E-01
1.650E-04 6.64E-02 2.18E-02 2.06E-04 1.70E-02 4.18E-03 2.68E-08 3.23E-03 2.76E-08 1.90E-04 2.19E-01 3.58E-01 6.899E-01
1.250E-04 8.83E-02 5.55E-02 1.90E-04 4.74E-02 6.43E-03 7.96E-08 4.09E-03 8.40E-08 4.06E-04 2.28E-01 3.62E-01 7.927E-01
1.235E-04 8.97E-02 5.76E-02 1.88E-04 4.94E-02 6.56E-03 8.34E-08 4.14E-03 8.82E-08 4.20E-04 2.28E-01 3.62E-01 7.987E-01
1.130E-04 1.00E-01 7.51E-02 1.96E-04 6.67E-02 7.53E-03 1.18E-07 4.50E-03 1.26E-07 5.36E-04 2.32E-01 3.61E-01 8.478E-01
1.000E-04 1.20E-01 1.06E-01 2.21E-04 9.88E-02 9.19E-03 1.90E-07 5.04E-03 2.05E-07 7.44E-04 2.37E-01 3.57E-01 9.335E-01
9.500E-05 1.30E-01 1.21E-01 2.25E-04 1.16E-01 9.99E-03 2.32E-07 5.29E-03 2.52E-07 8.52E-04 2.39E-01 3.55E-01 9.761E-01
9.300E-05 1.34E-01 1.27E-01 2.29E-04 1.24E-01 1.03E-02 2.52E-07 5.40E-03 2.74E-07 9.00E-04 2.40E-01 3.53E-01 9.948E-01
9.200E-05 1.36E-01 1.30E-01 2.32E-04 1.28E-01 1.05E-02 2.63E-07 5.46E-03 2.86E-07 9.26E-04 2.40E-01 3.53E-01 1.005E+00
9.100E-05 1.38E-01 1.34E-01 2.38E-04 1.33E-01 1.07E-02 2.75E-07 5.51E-03 2.99E-07 9.52E-04 2.40E-01 3.52E-01 1.015E+00
9.000E-05 1.40E-01 1.37E-01 2.41E-04 1.38E-01 1.09E-02 2.87E-07 5.57E-03 3.13E-07 9.80E-04 2.41E-01 3.52E-01 1.025E+00
8.900E-05 1.42E-01 1.40E-01 2.46E-04 1.42E-01 1.11E-02 2.99E-07 5.63E-03 3.27E-07 1.01E-03 2.41E-01 3.51E-01 1.035E+00
8.800E-05 1.44E-01 1.44E-01 2.48E-04 1.48E-01 1.13E-02 3.13E-07 5.69E-03 3.42E-07 1.04E-03 2.41E-01 3.51E-01 1.046E+00
8.700E-05 1.46E-01 1.48E-01 2.56E-04 1.53E-01 1.15E-02 3.27E-07 5.75E-03 3.58E-07 1.07E-03 2.42E-01 3.50E-01 1.057E+00
8.600E-05 1.49E-01 1.52E-01 2.59E-04 1.58E-01 1.17E-02 3.42E-07 5.81E-03 3.75E-07 1.10E-03 2.42E-01 3.49E-01 1.069E+00
8.500E-05 1.51E-01 1.56E-01 2.64E-04 1.64E-01 1.19E-02 3.58E-07 5.88E-03 3.93E-07 1.13E-03 2.42E-01 3.49E-01 1.081E+00
8.400E-05 1.53E-01 1.60E-01 2.67E-04 1.70E-01 1.22E-02 3.75E-07 5.95E-03 4.12E-07 1.17E-03 2.43E-01 3.48E-01 1.093E+00
8.330E-05 1.55E-01 1.63E-01 2.72E-04 1.75E-01 1.23E-02 3.87E-07 5.99E-03 4.26E-07 1.19E-03 2.43E-01 3.47E-01 1.102E+00
8.200E-05 1.58E-01 1.68E-01 2.77E-04 1.84E-01 1.26E-02 4.11E-07 6.08E-03 4.54E-07 1.24E-03 2.43E-01 3.46E-01 1.120E+00
8.100E-05 1.61E-01 1.72E-01 2.84E-04 1.90E-01 1.29E-02 4.31E-07 6.15E-03 4.77E-07 1.28E-03 2.44E-01 3.46E-01 1.133E+00
8.000E-05 1.63E-01 1.77E-01 2.88E-04 1.98E-01 1.31E-02 4.53E-07 6.23E-03 5.01E-07 1.32E-03 2.44E-01 3.45E-01 1.148E+00
7.900E-05 1.66E-01 1.81E-01 2.93E-04 2.05E-01 1.34E-02 4.75E-07 6.30E-03 5.27E-07 1.36E-03 2.45E-01 3.44E-01 1.163E+00
7.800E-05 1.69E-01 1.86E-01 3.02E-04 2.13E-01 1.36E-02 4.99E-07 6.37E-03 5.55E-07 1.40E-03 2.45E-01 3.43E-01 1.178E+00
7.700E-05 1.72E-01 1.90E-01 3.09E-04 2.22E-01 1.39E-02 5.25E-07 6.45E-03 5.84E-07 1.45E-03 2.45E-01 3.42E-01 1.194E+00
7.600E-05 1.76E-01 1.95E-01 3.21E-04 2.30E-01 1.42E-02 5.52E-07 6.53E-03 6.16E-07 1.50E-03 2.46E-01 3.41E-01 1.210E+00
7.500E-05 1.79E-01 1.99E-01 3.30E-04 2.39E-01 1.45E-02 5.81E-07 6.61E-03 6.49E-07 1.55E-03 2.46E-01 3.40E-01 1.227E+00
7.400E-05 1.82E-01 2.04E-01 3.44E-04 2.49E-01 1.48E-02 6.12E-07 6.70E-03 6.85E-07 1.60E-03 2.47E-01 3.38E-01 1.244E+00
7.300E-05 1.86E-01 2.08E-01 3.60E-04 2.58E-01 1.51E-02 6.45E-07 6.78E-03 7.24E-07 1.65E-03 2.47E-01 3.37E-01 1.262E+00
7.140E-05 1.92E-01 2.16E-01 3.71E-04 2.75E-01 1.56E-02 7.03E-07 6.92E-03 7.91E-07 1.74E-03 2.48E-01 3.35E-01 1.291E+00
7.100E-05 1.94E-01 2.17E-01 3.73E-04 2.79E-01 1.57E-02 7.18E-07 6.96E-03 8.09E-07 1.77E-03 2.49E-01 3.34E-01 1.298E+00
7.000E-05 1.98E-01 2.22E-01 3.85E-04 2.90E-01 1.61E-02 7.59E-07 7.05E-03 8.57E-07 1.83E-03 2.49E-01 3.33E-01 1.318E+00
6.900E-05 2.02E-01 2.26E-01 3.97E-04 3.02E-01 1.64E-02 8.02E-07 7.15E-03 9.08E-07 1.89E-03 2.50E-01 3.32E-01 1.337E+00
6.800E-05 2.06E-01 2.31E-01 4.15E-04 3.14E-01 1.68E-02 8.49E-07 7.25E-03 9.62E-07 1.96E-03 2.50E-01 3.30E-01 1.358E+00
6.700E-05 2.10E-01 2.36E-01 4.31E-04 3.26E-01 1.72E-02 8.99E-07 7.35E-03 1.02E-06 2.03E-03 2.51E-01 3.29E-01 1.378E+00
6.600E-05 2.14E-01 2.40E-01 4.51E-04 3.39E-01 1.75E-02 9.53E-07 7.46E-03 1.09E-06 2.11E-03 2.51E-01 3.28E-01 1.400E+00
6.500E-05 2.19E-01 2.45E-01 4.60E-04 3.53E-01 1.79E-02 1.01E-06 7.57E-03 1.15E-06 2.18E-03 2.51E-01 3.26E-01 1.422E+00
6.400E-05 2.24E-01 2.49E-01 4.72E-04 3.66E-01 1.84E-02 1.07E-06 7.68E-03 1.23E-06 2.27E-03 2.52E-01 3.24E-01 1.444E+00
6.300E-05 2.29E-01 2.54E-01 4.86E-04 3.81E-01 1.88E-02 1.14E-06 7.79E-03 1.31E-06 2.35E-03 2.52E-01 3.23E-01 1.468E+00
6.250E-05 2.31E-01 2.56E-01 4.89E-04 3.88E-01 1.90E-02 1.18E-06 7.85E-03 1.35E-06 2.40E-03 2.53E-01 3.22E-01 1.479E+00
6.200E-05 2.34E-01 2.58E-01 5.03E-04 3.96E-01 1.93E-02 1.22E-06 7.91E-03 1.40E-06 2.44E-03 2.53E-01 3.21E-01 1.492E+00
6.100E-05 2.39E-01 2.62E-01 5.26E-04 4.11E-01 1.97E-02 1.30E-06 8.04E-03 1.49E-06 2.54E-03 2.53E-01 3.19E-01 1.516E+00
6.000E-05 2.45E-01 2.66E-01 5.50E-04 4.27E-01 2.02E-02 1.38E-06 8.16E-03 1.59E-06 2.64E-03 2.54E-01 3.17E-01 1.541E+00
5.900E-05 2.51E-01 2.70E-01 5.72E-04 4.44E-01 2.07E-02 1.48E-06 8.29E-03 1.71E-06 2.75E-03 2.54E-01 3.16E-01 1.567E+00
5.800E-05 2.57E-01 2.74E-01 5.98E-04 4.61E-01 2.12E-02 1.58E-06 8.43E-03 1.83E-06 2.87E-03 2.55E-01 3.14E-01 1.593E+00
5.700E-05 2.63E-01 2.77E-01 6.29E-04 4.79E-01 2.18E-02 1.69E-06 8.57E-03 1.96E-06 2.99E-03 2.55E-01 3.11E-01 1.620E+00
5.600E-05 2.69E-01 2.80E-01 6.62E-04 4.97E-01 2.23E-02 1.82E-06 8.72E-03 2.11E-06 3.12E-03 2.56E-01 3.09E-01 1.647E+00
5.500E-05 2.76E-01 2.83E-01 6.91E-04 5.17E-01 2.29E-02 1.95E-06 8.87E-03 2.26E-06 3.26E-03 2.56E-01 3.07E-01 1.675E+00
5.477E-05 2.78E-01 2.84E-01 6.95E-04 5.21E-01 2.31E-02 1.98E-06 8.90E-03 2.30E-06 4.59E-03 2.56E-01 3.07E-01 1.683E+00
5.400E-05 2.83E-01 2.85E-01 7.19E-04 5.37E-01 2.36E-02 2.10E-06 9.02E-03 2.44E-06 4.77E-03 2.56E-01 3.05E-01 1.705E+00
5.300E-05 2.90E-01 2.87E-01 7.53E-04 5.58E-01 2.43E-02 2.26E-06 9.18E-03 2.63E-06 5.02E-03 2.57E-01 3.03E-01 1.734E+00
5.200E-05 2.97E-01 2.89E-01 8.01E-04 5.80E-01 2.51E-02 2.44E-06 9.35E-03 2.84E-06 5.30E-03 2.57E-01 3.01E-01 1.765E+00
5.100E-05 3.03E-01 2.91E-01 8.46E-04 6.03E-01 2.58E-02 2.64E-06 9.52E-03 3.08E-06 5.60E-03 2.57E-01 2.99E-01 1.795E+00
5.000E-05 3.10E-01 2.92E-01 8.94E-04 6.27E-01 2.66E-02 2.86E-06 9.70E-03 3.34E-06 5.93E-03 2.58E-01 2.97E-01 1.827E+00
4.900E-05 3.17E-01 2.93E-01 9.41E-04 6.52E-01 2.75E-02 3.11E-06 9.89E-03 3.62E-06 6.29E-03 2.58E-01 2.95E-01 1.859E+00
4.880E-05 3.19E-01 2.93E-01 9.51E-04 6.57E-01 2.76E-02 3.16E-06 9.93E-03 3.68E-06 6.37E-03 2.58E-01 2.94E-01 1.865E+00
4.800E-05 3.24E-01 2.94E-01 9.94E-04 6.77E-01 2.85E-02 3.38E-06 1.01E-02 3.94E-06 6.69E-03 2.58E-01 2.93E-01 1.892E+00
4.760E-05 3.27E-01 2.94E-01 1.02E-03 6.88E-01 2.89E-02 3.50E-06 1.02E-02 4.08E-06 6.86E-03 2.58E-01 2.92E-01 1.905E+00
4.700E-05 3.31E-01 2.94E-01 1.06E-03 7.04E-01 2.96E-02 3.68E-06 1.03E-02 4.29E-06 7.13E-03 2.58E-01 2.91E-01 1.925E+00
4.650E-05 3.34E-01 2.95E-01 1.08E-03 7.17E-01 3.02E-02 3.85E-06 1.04E-02 4.48E-06 7.37E-03 2.58E-01 2.90E-01 1.942E+00
4.600E-05 3.37E-01 2.95E-01 1.13E-03 7.30E-01 3.07E-02 4.02E-06 1.05E-02 4.69E-06 7.62E-03 2.58E-01 2.89E-01 1.959E+00
4.550E-05 3.41E-01 2.95E-01 1.17E-03 7.44E-01 3.13E-02 4.21E-06 1.06E-02 4.90E-06 7.88E-03 2.58E-01 2.88E-01 1.977E+00
4.500E-05 3.44E-01 2.95E-01 1.23E-03 7.58E-01 3.20E-02 4.40E-06 1.07E-02 5.13E-06 8.17E-03 2.58E-01 2.87E-01 1.994E+00
4.440E-05 3.48E-01 2.95E-01 1.29E-03 7.75E-01 3.27E-02 4.65E-06 1.09E-02 5.41E-06 8.53E-03 2.58E-01 2.86E-01 2.015E+00
4.350E-05 3.54E-01 2.95E-01 1.41E-03 8.01E-01 3.40E-02 5.06E-06 1.11E-02 5.89E-06 9.12E-03 2.57E-01 2.84E-01 2.048E+00
4.170E-05 3.65E-01 2.95E-01 1.72E-03 8.55E-01 3.69E-02 6.02E-06 1.15E-02 7.01E-06 1.05E-02 2.57E-01 2.81E-01 2.114E+00
4.000E-05 3.75E-01 2.95E-01 2.27E-03 9.08E-01 3.99E-02 7.15E-06 1.20E-02 8.32E-06 1.22E-02 2.56E-01 2.79E-01 2.180E+00
3.850E-05 3.84E-01 2.94E-01 3.01E-03 9.56E-01 4.27E-02 8.38E-06 1.24E-02 9.74E-06 1.41E-02 2.56E-01 2.77E-01 2.239E+00
3.656E-05 3.94E-01 2.93E-01 4.42E-03 1.02E+00 4.67E-02 1.05E-05 1.29E-02 1.21E-05 1.74E-02 2.54E-01 2.74E-01 2.317E+00
3.570E-05 3.99E-01 2.93E-01 5.16E-03 1.05E+00 4.87E-02 1.16E-05 1.32E-02 1.34E-05 1.93E-02 2.54E-01 2.73E-01 2.352E+00
3.330E-05 4.10E-01 2.92E-01 7.73E-03 1.12E+00 5.54E-02 1.58E-05 1.40E-02 1.79E-05 2.68E-02 2.52E-01 2.71E-01 2.450E+00
3.130E-05 4.19E-01 2.90E-01 1.02E-02 1.18E+00 6.36E-02 2.14E-05 1.48E-02 2.33E-05 3.75E-02 2.51E-01 2.69E-01 2.534E+00
3.000E-05 4.23E-01 2.90E-01 1.23E-02 1.21E+00 7.10E-02 2.65E-05 1.53E-02 2.79E-05 4.89E-02 2.49E-01 2.68E-01 2.591E+00
2.940E-05 4.25E-01 2.89E-01 1.32E-02 1.23E+00 7.48E-02 2.94E-05 1.55E-02 3.05E-05 5.62E-02 2.49E-01 2.68E-01 2.618E+00
2.780E-05 4.30E-01 2.88E-01 1.62E-02 1.26E+00 8.76E-02 4.03E-05 1.62E-02 3.89E-05 8.67E-02 2.47E-01 2.67E-01 2.698E+00
2.630E-05 4.33E-01 2.86E-01 1.92E-02 1.28E+00 1.07E-01 5.73E-05 1.68E-02 4.98E-05 1.47E-01 2.46E-01 2.66E-01 2.804E+00
2.500E-05 4.34E-01 2.86E-01 2.27E-02 1.30E+00 1.34E-01 8.35E-05 1.74E-02 6.25E-05 2.66E-01 2.44E-01 2.66E-01 2.965E+00
2.380E-05 4.36E-01 2.86E-01 2.71E-02 1.30E+00 1.84E-01 1.28E-04 1.75E-02 7.85E-05 4.96E-01 2.43E-01 2.66E-01 3.257E+00
2.270E-05 4.37E-01 2.85E-01 3.31E-02 1.30E+00 2.66E-01 1.87E-04 1.81E-02 9.85E-05 6.85E-01 2.42E-01 2.66E-01 3.535E+00
2.170E-05 4.37E-01 2.84E-01 4.11E-02 1.31E+00 3.60E-01 2.43E-04 2.04E-02 1.23E-04 5.10E-01 2.40E-01 2.66E-01 3.469E+00
2.080E-05 4.36E-01 2.84E-01 5.59E-02 1.32E+00 3.73E-01 2.25E-04 2.55E-02 1.53E-04 3.01E-01 2.39E-01 2.66E-01 3.302E+00
2.000E-05 4.35E-01 2.83E-01 1.96E-01 1.21E+00 3.23E-01 1.76E-04 3.24E-02 1.88E-04 1.88E-01 2.38E-01 2.66E-01 3.173E+00
1.920E-05 4.34E-01 2.84E-01 3.66E-01 1.06E+00 2.51E-01 1.21E-04 4.46E-02 2.33E-04 1.24E-01 2.36E-01 2.67E-01 3.072E+00
1.850E-05 4.35E-01 2.88E-01 4.67E-01 9.80E-01 1.97E-01 8.56E-05 5.97E-02 2.86E-04 9.12E-02 2.34E-01 2.67E-01 3.019E+00
1.790E-05 4.36E-01 2.90E-01 5.83E-01 8.70E-01 1.60E-01 6.55E-05 7.62E-02 3.42E-04 7.26E-02 2.33E-01 2.68E-01 2.988E+00
1.720E-05 4.37E-01 2.92E-01 6.63E-01 7.95E-01 1.28E-01 5.20E-05 1.06E-01 4.29E-04 5.81E-02 2.31E-01 2.69E-01 2.978E+00
1.670E-05 4.38E-01 2.94E-01 6.99E-01 7.62E-01 1.10E-01 4.74E-05 1.33E-01 5.07E-04 5.10E-02 2.30E-01 2.69E-01 2.986E+00
1.610E-05 4.39E-01 2.97E-01 7.30E-01 7.34E-01 9.25E-02 4.82E-05 1.81E-01 6.26E-04 4.51E-02 2.28E-01 2.70E-01 3.018E+00
1.560E-05 4.40E-01 2.99E-01 7.50E-01 7.16E-01 8.13E-02 5.43E-05 2.37E-01 7.49E-04 4.19E-02 2.26E-01 2.71E-01 3.063E+00
1.520E-05 4.41E-01 3.00E-01 7.62E-01 7.04E-01 7.37E-02 6.32E-05 2.96E-01 8.61E-04 4.03E-02 2.25E-01 2.72E-01 3.115E+00
1.470E-05 4.42E-01 3.02E-01 7.72E-01 6.91E-01 6.56E-02 7.98E-05 3.82E-01 1.02E-03 3.95E-02 2.23E-01 2.72E-01 3.190E+00
1.430E-05 4.42E-01 3.02E-01 7.78E-01 6.82E-01 6.15E-02 9.98E-05 4.55E-01 1.14E-03 3.97E-02 2.22E-01 2.72E-01 3.256E+00
1.390E-05 4.42E-01 3.03E-01 7.80E-01 6.74E-01 5.98E-02 1.27E-04 5.12E-01 1.26E-03 4.08E-02 2.22E-01 2.72E-01 3.306E+00
1.350E-05 4.41E-01 3.03E-01 7.82E-01 6.66E-01 5.97E-02 1.62E-04 5.65E-01 1.41E-03 4.29E-02 2.21E-01 2.72E-01 3.354E+00
1.320E-05 4.40E-01 3.03E-01 7.82E-01 6.60E-01 6.08E-02 1.97E-04 6.08E-01 1.55E-03 4.53E-02 2.21E-01 2.72E-01 3.393E+00
1.280E-05 4.40E-01 3.04E-01 7.81E-01 6.53E-01 6.47E-02 2.59E-04 6.68E-01 1.76E-03 4.98E-02 2.20E-01 2.71E-01 3.454E+00
1.250E-05 4.39E-01 3.05E-01 7.79E-01 6.51E-01 7.03E-02 3.19E-04 7.18E-01 1.96E-03 5.43E-02 2.20E-01 2.72E-01 3.510E+00
1.220E-05 4.38E-01 3.05E-01 7.78E-01 6.51E-01 7.84E-02 3.95E-04 7.73E-01 2.18E-03 6.03E-02 2.19E-01 2.72E-01 3.577E+00
1.190E-05 4.37E-01 3.05E-01 7.79E-01 6.56E-01 8.94E-02 4.91E-04 8.34E-01 2.44E-03 6.81E-02 2.18E-01 2.72E-01 3.662E+00
1.160E-05 4.35E-01 3.05E-01 7.80E-01 6.61E-01 1.02E-01 6.11E-04 9.02E-01 2.75E-03 7.82E-02 2.18E-01 2.72E-01 3.757E+00
1.140E-05 4.33E-01 3.05E-01 7.81E-01 6.62E-01 1.12E-01 7.19E-04 9.53E-01 2.99E-03 8.68E-02 2.17E-01 2.72E-01 3.826E+00
1.110E-05 4.30E-01 3.04E-01 7.81E-01 6.64E-01 1.29E-01 9.39E-04 1.04E+00 3.42E-03 1.03E-01 2.16E-01 2.72E-01 3.942E+00
1.080E-05 4.27E-01 3.04E-01 7.81E-01 6.65E-01 1.73E-01 1.25E-03 1.14E+00 3.94E-03 1.25E-01 2.15E-01 2.73E-01 4.108E+00
1.050E-05 4.24E-01 3.03E-01 7.81E-01 6.68E-01 2.31E-01 1.62E-03 1.26E+00 4.61E-03 1.55E-01 2.14E-01 2.73E-01 4.319E+00
1.030E-05 4.22E-01 3.02E-01 7.80E-01 6.69E-01 2.76E-01 1.86E-03 1.38E+00 5.13E-03 1.81E-01 2.13E-01 2.73E-01 4.505E+00
1.000E-05 4.18E-01 3.01E-01 7.79E-01 6.71E-01 3.38E-01 2.27E-03 1.55E+00 5.89E-03 2.29E-01 2.12E-01 2.74E-01 4.781E+00
9.750E-06 4.14E-01 3.00E-01 7.77E-01 6.73E-01 4.10E-01 2.82E-03 1.69E+00 6.56E-03 2.77E-01 2.12E-01 2.73E-01 5.033E+00
9.500E-06 4.10E-01 2.99E-01 7.75E-01 6.75E-01 4.94E-01 3.33E-03 1.83E+00 7.29E-03 3.27E-01 2.11E-01 2.73E-01 5.307E+00
9.250E-06 4.06E-01 2.97E-01 7.73E-01 6.77E-01 5.58E-01 3.72E-03 1.98E+00 8.01E-03 3.64E-01 2.11E-01 2.73E-01 5.549E+00
9.080E-06 4.03E-01 2.96E-01 7.67E-01 6.76E-01 5.97E-01 4.00E-03 2.06E+00 8.39E-03 3.72E-01 2.11E-01 2.72E-01 5.670E+00
